PC=000001B8 [00500137] X02=00500000 X00=00000000 X05=00000000 lui     sp,5242880
PC=000001BC [00C000EF] X01=000001C0 X00=00000000 X12=00000000 jal     ra,12
PC=000001C8 [FE010113] X02=004FFFE0 X02=00500000 X00=00000000 addi    sp,sp,-32
PC=000001CC [00812E23] X28=00000000 X02=004FFFE0 X08=00000000 sw      s0/fp,28(sp)
PC=000001D0 [02010413] X08=00500000 X02=004FFFE0 X00=00000000 addi    s0/fp,sp,32
PC=000001D4 [FFF00793] X15=FFFFFFFF X00=00000000 X31=00000000 addi    a5,zero,-1
PC=000001D8 [FEF407A3] X15=FFFFFFFF X08=00500000 X15=FFFFFFFF sb      a5,-17(s0/fp)
PC=000001DC [FFF00793] X15=FFFFFFFF X00=00000000 X31=00000000 addi    a5,zero,-1
PC=000001E0 [FEF41623] X12=00000000 X08=00500000 X15=FFFFFFFF sh      a5,-20(s0/fp)
PC=000001E4 [FEF44783] X15=000000FF X08=00500000 X15=FFFFFFFF lbu     a5,-17(s0/fp)
PC=000001E8 [FEF41623] X12=00000000 X08=00500000 X15=000000FF sh      a5,-20(s0/fp)
PC=000001EC [FE041623] X12=00000000 X08=00500000 X00=00000000 sh      zero,-20(s0/fp)
PC=000001F0 [FFF00793] X15=FFFFFFFF X00=00000000 X31=00000000 addi    a5,zero,-1
PC=000001F4 [FEF41623] X12=00000000 X08=00500000 X15=FFFFFFFF sh      a5,-20(s0/fp)
PC=000001F8 [FFF00793] X15=FFFFFFFF X00=00000000 X31=00000000 addi    a5,zero,-1
PC=000001FC [FEF42423] X08=00500000 X08=00500000 X15=FFFFFFFF sw      a5,-24(s0/fp)
PC=00000200 [FEC45783] X15=0000FFFF X08=00500000 X12=00000000 lhu     a5,-20(s0/fp)
PC=00000204 [FEF42423] X08=00500000 X08=00500000 X15=0000FFFF sw      a5,-24(s0/fp)
PC=00000208 [FE042423] X08=00500000 X08=00500000 X00=00000000 sw      zero,-24(s0/fp)
PC=0000020C [FFF00793] X15=FFFFFFFF X00=00000000 X31=00000000 addi    a5,zero,-1
PC=00000210 [FEF42423] X08=00500000 X08=00500000 X15=FFFFFFFF sw      a5,-24(s0/fp)
PC=00000214 [FFF00713] X14=FFFFFFFF X00=00000000 X31=00000000 addi    a4,zero,-1
PC=00000218 [FFF00793] X15=FFFFFFFF X00=00000000 X31=00000000 addi    a5,zero,-1
PC=0000021C [FEE42023] X00=00000000 X08=00500000 X14=FFFFFFFF sw      a4,-32(s0/fp)
PC=00000220 [FEF42223] X04=00000000 X08=00500000 X15=FFFFFFFF sw      a5,-28(s0/fp)
PC=00000224 [FE842783] X15=FFFFFFFF X08=00500000 X08=00500000 lw      a5,-24(s0/fp)
PC=00000228 [FEF42023] X00=00000000 X08=00500000 X15=FFFFFFFF sw      a5,-32(s0/fp)
PC=0000022C [FE042223] X04=00000000 X08=00500000 X00=00000000 sw      zero,-28(s0/fp)
PC=00000230 [00000793] X15=00000000 X00=00000000 X00=00000000 addi    a5,zero,0
PC=00000234 [00000813] X16=00000000 X00=00000000 X00=00000000 addi    a6,zero,0
PC=00000238 [FEF42023] X00=00000000 X08=00500000 X15=00000000 sw      a5,-32(s0/fp)
PC=0000023C [FF042223] X04=00000000 X08=00500000 X16=00000000 sw      a6,-28(s0/fp)
PC=00000240 [00000793] X15=00000000 X00=00000000 X00=00000000 addi    a5,zero,0
PC=00000244 [00078513] X10=00000000 X15=00000000 X00=00000000 addi    a0,a5,0
PC=00000248 [01C12403] X08=00000000 X02=004FFFE0 X28=00000000 lw      s0/fp,28(sp)
PC=0000024C [02010113] X02=00500000 X02=004FFFE0 X00=00000000 addi    sp,sp,32
PC=00000250 [00008067] X00=00000000 X01=000001C0 X00=00000000 jalr    zero,ra,0
PC=000001C0 [200002B7] X05=20000000 X00=00000000 X00=00000000 lui     t0,536870912
PC=000001C4 [00100073] X00=00000000 X00=00000000 X01=000001C0 ebreak  