PC=000001B8 [00500137] X02=00500000 X00=00000000 X05=00000000 lui     sp,5242880
PC=000001BC [00C000EF] X01=000001C0 X00=00000000 X12=00000000 jal     ra,12
PC=000001C8 [FE010113] X02=004FFFE0 X02=00500000 X00=00000000 addi    sp,sp,-32
PC=000001CC [00812E23] X28=00000000 X02=004FFFE0 X08=00000000 sw      s0/fp,28(sp)
PC=000001D0 [02010413] X08=00500000 X02=004FFFE0 X00=00000000 addi    s0/fp,sp,32
PC=000001D4 [0FF00793] X15=000000FF X00=00000000 X31=00000000 addi    a5,zero,255
PC=000001D8 [FEF41723] X14=00000000 X08=00500000 X15=000000FF sh      a5,-18(s0/fp)
PC=000001DC [F0000793] X15=FFFFFF00 X00=00000000 X00=00000000 addi    a5,zero,-256
PC=000001E0 [FEF41623] X12=00000000 X08=00500000 X15=FFFFFF00 sh      a5,-20(s0/fp)
PC=000001E4 [FEE45703] X14=000000FF X08=00500000 X14=00000000 lhu     a4,-18(s0/fp)
PC=000001E8 [FEC45783] X15=0000FF00 X08=00500000 X12=00000000 lhu     a5,-20(s0/fp)
PC=000001EC [00F707B3] X15=0000FFFF X14=000000FF X15=0000FF00 add     a5,a4,a5
PC=000001F0 [01079793] X15=FFFF0000 X15=0000FFFF X16=00000000 slli    a5,a5,16
PC=000001F4 [0107D793] X15=0000FFFF X15=FFFF0000 X16=00000000 srli    a5,a5,16
PC=000001F8 [FEF41523] X10=00000000 X08=00500000 X15=0000FFFF sh      a5,-22(s0/fp)
PC=000001FC [FE041523] X10=00000000 X08=00500000 X00=00000000 sh      zero,-22(s0/fp)
PC=00000200 [FEC00793] X15=FFFFFFEC X00=00000000 X12=00000000 addi    a5,zero,-20
PC=00000204 [FEF41723] X14=000000FF X08=00500000 X15=FFFFFFEC sh      a5,-18(s0/fp)
PC=00000208 [FE200793] X15=FFFFFFE2 X00=00000000 X02=004FFFE0 addi    a5,zero,-30
PC=0000020C [FEF41623] X12=00000000 X08=00500000 X15=FFFFFFE2 sh      a5,-20(s0/fp)
PC=00000210 [FEE45703] X14=0000FFEC X08=00500000 X14=000000FF lhu     a4,-18(s0/fp)
PC=00000214 [FEC45783] X15=0000FFE2 X08=00500000 X12=00000000 lhu     a5,-20(s0/fp)
PC=00000218 [00F707B3] X15=0001FFCE X14=0000FFEC X15=0000FFE2 add     a5,a4,a5
PC=0000021C [01079793] X15=FFCE0000 X15=0001FFCE X16=00000000 slli    a5,a5,16
PC=00000220 [0107D793] X15=0000FFCE X15=FFCE0000 X16=00000000 srli    a5,a5,16
PC=00000224 [FEF41523] X10=00000000 X08=00500000 X15=0000FFCE sh      a5,-22(s0/fp)
PC=00000228 [FE041523] X10=00000000 X08=00500000 X00=00000000 sh      zero,-22(s0/fp)
PC=0000022C [FFE00793] X15=FFFFFFFE X00=00000000 X30=00000000 addi    a5,zero,-2
PC=00000230 [FEF41723] X14=0000FFEC X08=00500000 X15=FFFFFFFE sh      a5,-18(s0/fp)
PC=00000234 [00200793] X15=00000002 X00=00000000 X02=004FFFE0 addi    a5,zero,2
PC=00000238 [FEF41623] X12=00000000 X08=00500000 X15=00000002 sh      a5,-20(s0/fp)
PC=0000023C [FEE45703] X14=0000FFFE X08=00500000 X14=0000FFEC lhu     a4,-18(s0/fp)
PC=00000240 [FEC45783] X15=00000002 X08=00500000 X12=00000000 lhu     a5,-20(s0/fp)
PC=00000244 [00F707B3] X15=00010000 X14=0000FFFE X15=00000002 add     a5,a4,a5
PC=00000248 [01079793] X15=00000000 X15=00010000 X16=00000000 slli    a5,a5,16
PC=0000024C [0107D793] X15=00000000 X15=00000000 X16=00000000 srli    a5,a5,16
PC=00000250 [FEF41523] X10=00000000 X08=00500000 X15=00000000 sh      a5,-22(s0/fp)
PC=00000254 [FE041523] X10=00000000 X08=00500000 X00=00000000 sh      zero,-22(s0/fp)
PC=00000258 [00A00793] X15=0000000A X00=00000000 X10=00000000 addi    a5,zero,10
PC=0000025C [FEF41723] X14=0000FFFE X08=00500000 X15=0000000A sh      a5,-18(s0/fp)
PC=00000260 [FFB00793] X15=FFFFFFFB X00=00000000 X27=00000000 addi    a5,zero,-5
PC=00000264 [FEF41623] X12=00000000 X08=00500000 X15=FFFFFFFB sh      a5,-20(s0/fp)
PC=00000268 [FEE45703] X14=0000000A X08=00500000 X14=0000FFFE lhu     a4,-18(s0/fp)
PC=0000026C [FEC45783] X15=0000FFFB X08=00500000 X12=00000000 lhu     a5,-20(s0/fp)
PC=00000270 [00F707B3] X15=00010005 X14=0000000A X15=0000FFFB add     a5,a4,a5
PC=00000274 [01079793] X15=00050000 X15=00010005 X16=00000000 slli    a5,a5,16
PC=00000278 [0107D793] X15=00000005 X15=00050000 X16=00000000 srli    a5,a5,16
PC=0000027C [FEF41523] X10=00000000 X08=00500000 X15=00000005 sh      a5,-22(s0/fp)
PC=00000280 [FE041523] X10=00000000 X08=00500000 X00=00000000 sh      zero,-22(s0/fp)
PC=00000284 [00500793] X15=00000005 X00=00000000 X05=00000000 addi    a5,zero,5
PC=00000288 [FEF41723] X14=0000000A X08=00500000 X15=00000005 sh      a5,-18(s0/fp)
PC=0000028C [FF600793] X15=FFFFFFF6 X00=00000000 X22=00000000 addi    a5,zero,-10
PC=00000290 [FEF41623] X12=00000000 X08=00500000 X15=FFFFFFF6 sh      a5,-20(s0/fp)
PC=00000294 [FEE45703] X14=00000005 X08=00500000 X14=0000000A lhu     a4,-18(s0/fp)
PC=00000298 [FEC45783] X15=0000FFF6 X08=00500000 X12=00000000 lhu     a5,-20(s0/fp)
PC=0000029C [00F707B3] X15=0000FFFB X14=00000005 X15=0000FFF6 add     a5,a4,a5
PC=000002A0 [01079793] X15=FFFB0000 X15=0000FFFB X16=00000000 slli    a5,a5,16
PC=000002A4 [0107D793] X15=0000FFFB X15=FFFB0000 X16=00000000 srli    a5,a5,16
PC=000002A8 [FEF41523] X10=00000000 X08=00500000 X15=0000FFFB sh      a5,-22(s0/fp)
PC=000002AC [FE041523] X10=00000000 X08=00500000 X00=00000000 sh      zero,-22(s0/fp)
PC=000002B0 [000017B7] X15=00001000 X00=00000000 X00=00000000 lui     a5,4096
PC=000002B4 [F0F78793] X15=00000F0F X15=00001000 X15=00001000 addi    a5,a5,-241
PC=000002B8 [FEF41723] X14=00000005 X08=00500000 X15=00000F0F sh      a5,-18(s0/fp)
PC=000002BC [FFFFF7B7] X15=FFFFF000 X31=00000000 X31=00000000 lui     a5,4294963200
PC=000002C0 [0F078793] X15=FFFFF0F0 X15=FFFFF000 X16=00000000 addi    a5,a5,240
PC=000002C4 [FEF41623] X12=00000000 X08=00500000 X15=FFFFF0F0 sh      a5,-20(s0/fp)
PC=000002C8 [FEE45703] X14=00000F0F X08=00500000 X14=00000005 lhu     a4,-18(s0/fp)
PC=000002CC [FEC45783] X15=0000F0F0 X08=00500000 X12=00000000 lhu     a5,-20(s0/fp)
PC=000002D0 [00F707B3] X15=0000FFFF X14=00000F0F X15=0000F0F0 add     a5,a4,a5
PC=000002D4 [01079793] X15=FFFF0000 X15=0000FFFF X16=00000000 slli    a5,a5,16
PC=000002D8 [0107D793] X15=0000FFFF X15=FFFF0000 X16=00000000 srli    a5,a5,16
PC=000002DC [FEF41523] X10=00000000 X08=00500000 X15=0000FFFF sh      a5,-22(s0/fp)
PC=000002E0 [FE041523] X10=00000000 X08=00500000 X00=00000000 sh      zero,-22(s0/fp)
PC=000002E4 [FFFFB7B7] X15=FFFFB000 X31=00000000 X31=00000000 lui     a5,4294946816
PC=000002E8 [AAA78793] X15=FFFFAAAA X15=FFFFB000 X10=00000000 addi    a5,a5,-1366
PC=000002EC [FEF41723] X14=00000F0F X08=00500000 X15=FFFFAAAA sh      a5,-18(s0/fp)
PC=000002F0 [000057B7] X15=00005000 X00=00000000 X00=00000000 lui     a5,20480
PC=000002F4 [55578793] X15=00005555 X15=00005000 X21=00000000 addi    a5,a5,1365
PC=000002F8 [FEF41623] X12=00000000 X08=00500000 X15=00005555 sh      a5,-20(s0/fp)
PC=000002FC [FEE45703] X14=0000AAAA X08=00500000 X14=00000F0F lhu     a4,-18(s0/fp)
PC=00000300 [FEC45783] X15=00005555 X08=00500000 X12=00000000 lhu     a5,-20(s0/fp)
PC=00000304 [00F707B3] X15=0000FFFF X14=0000AAAA X15=00005555 add     a5,a4,a5
PC=00000308 [01079793] X15=FFFF0000 X15=0000FFFF X16=00000000 slli    a5,a5,16
PC=0000030C [0107D793] X15=0000FFFF X15=FFFF0000 X16=00000000 srli    a5,a5,16
PC=00000310 [FEF41523] X10=00000000 X08=00500000 X15=0000FFFF sh      a5,-22(s0/fp)
PC=00000314 [FE041523] X10=00000000 X08=00500000 X00=00000000 sh      zero,-22(s0/fp)
PC=00000318 [FE041423] X08=00500000 X08=00500000 X00=00000000 sh      zero,-24(s0/fp)
PC=0000031C [FE845783] X15=00000000 X08=00500000 X08=00500000 lhu     a5,-24(s0/fp)
PC=00000320 [00178793] X15=00000001 X15=00000000 X01=000001C0 addi    a5,a5,1
PC=00000324 [01079793] X15=00010000 X15=00000001 X16=00000000 slli    a5,a5,16
PC=00000328 [0107D793] X15=00000001 X15=00010000 X16=00000000 srli    a5,a5,16
PC=0000032C [FEF41423] X08=00500000 X08=00500000 X15=00000001 sh      a5,-24(s0/fp)
PC=00000330 [FE845783] X15=00000001 X08=00500000 X08=00500000 lhu     a5,-24(s0/fp)
PC=00000334 [00278793] X15=00000003 X15=00000001 X02=004FFFE0 addi    a5,a5,2
PC=00000338 [01079793] X15=00030000 X15=00000003 X16=00000000 slli    a5,a5,16
PC=0000033C [0107D793] X15=00000003 X15=00030000 X16=00000000 srli    a5,a5,16
PC=00000340 [FEF41423] X08=00500000 X08=00500000 X15=00000003 sh      a5,-24(s0/fp)
PC=00000344 [FE845783] X15=00000003 X08=00500000 X08=00500000 lhu     a5,-24(s0/fp)
PC=00000348 [00378793] X15=00000006 X15=00000003 X03=00000000 addi    a5,a5,3
PC=0000034C [01079793] X15=00060000 X15=00000006 X16=00000000 slli    a5,a5,16
PC=00000350 [0107D793] X15=00000006 X15=00060000 X16=00000000 srli    a5,a5,16
PC=00000354 [FEF41423] X08=00500000 X08=00500000 X15=00000006 sh      a5,-24(s0/fp)
PC=00000358 [FE845783] X15=00000006 X08=00500000 X08=00500000 lhu     a5,-24(s0/fp)
PC=0000035C [00478793] X15=0000000A X15=00000006 X04=00000000 addi    a5,a5,4
PC=00000360 [01079793] X15=000A0000 X15=0000000A X16=00000000 slli    a5,a5,16
PC=00000364 [0107D793] X15=0000000A X15=000A0000 X16=00000000 srli    a5,a5,16
PC=00000368 [FEF41423] X08=00500000 X08=00500000 X15=0000000A sh      a5,-24(s0/fp)
PC=0000036C [FE845783] X15=0000000A X08=00500000 X08=00500000 lhu     a5,-24(s0/fp)
PC=00000370 [00578793] X15=0000000F X15=0000000A X05=00000000 addi    a5,a5,5
PC=00000374 [01079793] X15=000F0000 X15=0000000F X16=00000000 slli    a5,a5,16
PC=00000378 [0107D793] X15=0000000F X15=000F0000 X16=00000000 srli    a5,a5,16
PC=0000037C [FEF41423] X08=00500000 X08=00500000 X15=0000000F sh      a5,-24(s0/fp)
PC=00000380 [FE041423] X08=00500000 X08=00500000 X00=00000000 sh      zero,-24(s0/fp)
PC=00000384 [0FF00793] X15=000000FF X00=00000000 X31=00000000 addi    a5,zero,255
PC=00000388 [FEF41323] X06=00000000 X08=00500000 X15=000000FF sh      a5,-26(s0/fp)
PC=0000038C [F0000793] X15=FFFFFF00 X00=00000000 X00=00000000 addi    a5,zero,-256
PC=00000390 [FEF41223] X04=00000000 X08=00500000 X15=FFFFFF00 sh      a5,-28(s0/fp)
PC=00000394 [FE645703] X14=000000FF X08=00500000 X06=00000000 lhu     a4,-26(s0/fp)
PC=00000398 [FE445783] X15=0000FF00 X08=00500000 X04=00000000 lhu     a5,-28(s0/fp)
PC=0000039C [00F707B3] X15=0000FFFF X14=000000FF X15=0000FF00 add     a5,a4,a5
PC=000003A0 [FEF41123] X02=004FFFE0 X08=00500000 X15=0000FFFF sh      a5,-30(s0/fp)
PC=000003A4 [FE041123] X02=004FFFE0 X08=00500000 X00=00000000 sh      zero,-30(s0/fp)
PC=000003A8 [FEC00793] X15=FFFFFFEC X00=00000000 X12=00000000 addi    a5,zero,-20
PC=000003AC [FEF41323] X06=00000000 X08=00500000 X15=FFFFFFEC sh      a5,-26(s0/fp)
PC=000003B0 [FE200793] X15=FFFFFFE2 X00=00000000 X02=004FFFE0 addi    a5,zero,-30
PC=000003B4 [FEF41223] X04=00000000 X08=00500000 X15=FFFFFFE2 sh      a5,-28(s0/fp)
PC=000003B8 [FE645703] X14=0000FFEC X08=00500000 X06=00000000 lhu     a4,-26(s0/fp)
PC=000003BC [FE445783] X15=0000FFE2 X08=00500000 X04=00000000 lhu     a5,-28(s0/fp)
PC=000003C0 [00F707B3] X15=0001FFCE X14=0000FFEC X15=0000FFE2 add     a5,a4,a5
PC=000003C4 [FEF41123] X02=004FFFE0 X08=00500000 X15=0001FFCE sh      a5,-30(s0/fp)
PC=000003C8 [FE041123] X02=004FFFE0 X08=00500000 X00=00000000 sh      zero,-30(s0/fp)
PC=000003CC [FFE00793] X15=FFFFFFFE X00=00000000 X30=00000000 addi    a5,zero,-2
PC=000003D0 [FEF41323] X06=00000000 X08=00500000 X15=FFFFFFFE sh      a5,-26(s0/fp)
PC=000003D4 [00200793] X15=00000002 X00=00000000 X02=004FFFE0 addi    a5,zero,2
PC=000003D8 [FEF41223] X04=00000000 X08=00500000 X15=00000002 sh      a5,-28(s0/fp)
PC=000003DC [FE645703] X14=0000FFFE X08=00500000 X06=00000000 lhu     a4,-26(s0/fp)
PC=000003E0 [FE445783] X15=00000002 X08=00500000 X04=00000000 lhu     a5,-28(s0/fp)
PC=000003E4 [00F707B3] X15=00010000 X14=0000FFFE X15=00000002 add     a5,a4,a5
PC=000003E8 [FEF41123] X02=004FFFE0 X08=00500000 X15=00010000 sh      a5,-30(s0/fp)
PC=000003EC [FE041123] X02=004FFFE0 X08=00500000 X00=00000000 sh      zero,-30(s0/fp)
PC=000003F0 [00A00793] X15=0000000A X00=00000000 X10=00000000 addi    a5,zero,10
PC=000003F4 [FEF41323] X06=00000000 X08=00500000 X15=0000000A sh      a5,-26(s0/fp)
PC=000003F8 [FFB00793] X15=FFFFFFFB X00=00000000 X27=00000000 addi    a5,zero,-5
PC=000003FC [FEF41223] X04=00000000 X08=00500000 X15=FFFFFFFB sh      a5,-28(s0/fp)
PC=00000400 [FE645703] X14=0000000A X08=00500000 X06=00000000 lhu     a4,-26(s0/fp)
PC=00000404 [FE445783] X15=0000FFFB X08=00500000 X04=00000000 lhu     a5,-28(s0/fp)
PC=00000408 [00F707B3] X15=00010005 X14=0000000A X15=0000FFFB add     a5,a4,a5
PC=0000040C [FEF41123] X02=004FFFE0 X08=00500000 X15=00010005 sh      a5,-30(s0/fp)
PC=00000410 [FE041123] X02=004FFFE0 X08=00500000 X00=00000000 sh      zero,-30(s0/fp)
PC=00000414 [00500793] X15=00000005 X00=00000000 X05=00000000 addi    a5,zero,5
PC=00000418 [FEF41323] X06=00000000 X08=00500000 X15=00000005 sh      a5,-26(s0/fp)
PC=0000041C [FF600793] X15=FFFFFFF6 X00=00000000 X22=00000000 addi    a5,zero,-10
PC=00000420 [FEF41223] X04=00000000 X08=00500000 X15=FFFFFFF6 sh      a5,-28(s0/fp)
PC=00000424 [FE645703] X14=00000005 X08=00500000 X06=00000000 lhu     a4,-26(s0/fp)
PC=00000428 [FE445783] X15=0000FFF6 X08=00500000 X04=00000000 lhu     a5,-28(s0/fp)
PC=0000042C [00F707B3] X15=0000FFFB X14=00000005 X15=0000FFF6 add     a5,a4,a5
PC=00000430 [FEF41123] X02=004FFFE0 X08=00500000 X15=0000FFFB sh      a5,-30(s0/fp)
PC=00000434 [FE041123] X02=004FFFE0 X08=00500000 X00=00000000 sh      zero,-30(s0/fp)
PC=00000438 [000017B7] X15=00001000 X00=00000000 X00=00000000 lui     a5,4096
PC=0000043C [F0F78793] X15=00000F0F X15=00001000 X15=00001000 addi    a5,a5,-241
PC=00000440 [FEF41323] X06=00000000 X08=00500000 X15=00000F0F sh      a5,-26(s0/fp)
PC=00000444 [FFFFF7B7] X15=FFFFF000 X31=00000000 X31=00000000 lui     a5,4294963200
PC=00000448 [0F078793] X15=FFFFF0F0 X15=FFFFF000 X16=00000000 addi    a5,a5,240
PC=0000044C [FEF41223] X04=00000000 X08=00500000 X15=FFFFF0F0 sh      a5,-28(s0/fp)
PC=00000450 [FE645703] X14=00000F0F X08=00500000 X06=00000000 lhu     a4,-26(s0/fp)
PC=00000454 [FE445783] X15=0000F0F0 X08=00500000 X04=00000000 lhu     a5,-28(s0/fp)
PC=00000458 [00F707B3] X15=0000FFFF X14=00000F0F X15=0000F0F0 add     a5,a4,a5
PC=0000045C [FEF41123] X02=004FFFE0 X08=00500000 X15=0000FFFF sh      a5,-30(s0/fp)
PC=00000460 [FE041123] X02=004FFFE0 X08=00500000 X00=00000000 sh      zero,-30(s0/fp)
PC=00000464 [FFFFB7B7] X15=FFFFB000 X31=00000000 X31=00000000 lui     a5,4294946816
PC=00000468 [AAA78793] X15=FFFFAAAA X15=FFFFB000 X10=00000000 addi    a5,a5,-1366
PC=0000046C [FEF41323] X06=00000000 X08=00500000 X15=FFFFAAAA sh      a5,-26(s0/fp)
PC=00000470 [000057B7] X15=00005000 X00=00000000 X00=00000000 lui     a5,20480
PC=00000474 [55578793] X15=00005555 X15=00005000 X21=00000000 addi    a5,a5,1365
PC=00000478 [FEF41223] X04=00000000 X08=00500000 X15=00005555 sh      a5,-28(s0/fp)
PC=0000047C [FE645703] X14=0000AAAA X08=00500000 X06=00000000 lhu     a4,-26(s0/fp)
PC=00000480 [FE445783] X15=00005555 X08=00500000 X04=00000000 lhu     a5,-28(s0/fp)
PC=00000484 [00F707B3] X15=0000FFFF X14=0000AAAA X15=00005555 add     a5,a4,a5
PC=00000488 [FEF41123] X02=004FFFE0 X08=00500000 X15=0000FFFF sh      a5,-30(s0/fp)
PC=0000048C [FE041123] X02=004FFFE0 X08=00500000 X00=00000000 sh      zero,-30(s0/fp)
PC=00000490 [FE041023] X00=00000000 X08=00500000 X00=00000000 sh      zero,-32(s0/fp)
PC=00000494 [FE045783] X15=00000000 X08=00500000 X00=00000000 lhu     a5,-32(s0/fp)
PC=00000498 [00178793] X15=00000001 X15=00000000 X01=000001C0 addi    a5,a5,1
PC=0000049C [FEF41023] X00=00000000 X08=00500000 X15=00000001 sh      a5,-32(s0/fp)
PC=000004A0 [FE045783] X15=00000001 X08=00500000 X00=00000000 lhu     a5,-32(s0/fp)
PC=000004A4 [00278793] X15=00000003 X15=00000001 X02=004FFFE0 addi    a5,a5,2
PC=000004A8 [FEF41023] X00=00000000 X08=00500000 X15=00000003 sh      a5,-32(s0/fp)
PC=000004AC [FE045783] X15=00000003 X08=00500000 X00=00000000 lhu     a5,-32(s0/fp)
PC=000004B0 [00378793] X15=00000006 X15=00000003 X03=00000000 addi    a5,a5,3
PC=000004B4 [FEF41023] X00=00000000 X08=00500000 X15=00000006 sh      a5,-32(s0/fp)
PC=000004B8 [FE045783] X15=00000006 X08=00500000 X00=00000000 lhu     a5,-32(s0/fp)
PC=000004BC [00478793] X15=0000000A X15=00000006 X04=00000000 addi    a5,a5,4
PC=000004C0 [FEF41023] X00=00000000 X08=00500000 X15=0000000A sh      a5,-32(s0/fp)
PC=000004C4 [FE045783] X15=0000000A X08=00500000 X00=00000000 lhu     a5,-32(s0/fp)
PC=000004C8 [00578793] X15=0000000F X15=0000000A X05=00000000 addi    a5,a5,5
PC=000004CC [FEF41023] X00=00000000 X08=00500000 X15=0000000F sh      a5,-32(s0/fp)
PC=000004D0 [FE041023] X00=00000000 X08=00500000 X00=00000000 sh      zero,-32(s0/fp)
PC=000004D4 [00F00793] X15=0000000F X00=00000000 X15=0000000F addi    a5,zero,15
PC=000004D8 [FEF41423] X08=00500000 X08=00500000 X15=0000000F sh      a5,-24(s0/fp)
PC=000004DC [FE845783] X15=0000000F X08=00500000 X08=00500000 lhu     a5,-24(s0/fp)
PC=000004E0 [FFF78793] X15=0000000E X15=0000000F X31=00000000 addi    a5,a5,-1
PC=000004E4 [01079793] X15=000E0000 X15=0000000E X16=00000000 slli    a5,a5,16
PC=000004E8 [0107D793] X15=0000000E X15=000E0000 X16=00000000 srli    a5,a5,16
PC=000004EC [FEF41423] X08=00500000 X08=00500000 X15=0000000E sh      a5,-24(s0/fp)
PC=000004F0 [FE845783] X15=0000000E X08=00500000 X08=00500000 lhu     a5,-24(s0/fp)
PC=000004F4 [FFE78793] X15=0000000C X15=0000000E X30=00000000 addi    a5,a5,-2
PC=000004F8 [01079793] X15=000C0000 X15=0000000C X16=00000000 slli    a5,a5,16
PC=000004FC [0107D793] X15=0000000C X15=000C0000 X16=00000000 srli    a5,a5,16
PC=00000500 [FEF41423] X08=00500000 X08=00500000 X15=0000000C sh      a5,-24(s0/fp)
PC=00000504 [FE845783] X15=0000000C X08=00500000 X08=00500000 lhu     a5,-24(s0/fp)
PC=00000508 [FFD78793] X15=00000009 X15=0000000C X29=00000000 addi    a5,a5,-3
PC=0000050C [01079793] X15=00090000 X15=00000009 X16=00000000 slli    a5,a5,16
PC=00000510 [0107D793] X15=00000009 X15=00090000 X16=00000000 srli    a5,a5,16
PC=00000514 [FEF41423] X08=00500000 X08=00500000 X15=00000009 sh      a5,-24(s0/fp)
PC=00000518 [FE845783] X15=00000009 X08=00500000 X08=00500000 lhu     a5,-24(s0/fp)
PC=0000051C [FFC78793] X15=00000005 X15=00000009 X28=00000000 addi    a5,a5,-4
PC=00000520 [01079793] X15=00050000 X15=00000005 X16=00000000 slli    a5,a5,16
PC=00000524 [0107D793] X15=00000005 X15=00050000 X16=00000000 srli    a5,a5,16
PC=00000528 [FEF41423] X08=00500000 X08=00500000 X15=00000005 sh      a5,-24(s0/fp)
PC=0000052C [FE845783] X15=00000005 X08=00500000 X08=00500000 lhu     a5,-24(s0/fp)
PC=00000530 [FFB78793] X15=00000000 X15=00000005 X27=00000000 addi    a5,a5,-5
PC=00000534 [01079793] X15=00000000 X15=00000000 X16=00000000 slli    a5,a5,16
PC=00000538 [0107D793] X15=00000000 X15=00000000 X16=00000000 srli    a5,a5,16
PC=0000053C [FEF41423] X08=00500000 X08=00500000 X15=00000000 sh      a5,-24(s0/fp)
PC=00000540 [FE041423] X08=00500000 X08=00500000 X00=00000000 sh      zero,-24(s0/fp)
PC=00000544 [00F00793] X15=0000000F X00=00000000 X15=00000000 addi    a5,zero,15
PC=00000548 [FEF41023] X00=00000000 X08=00500000 X15=0000000F sh      a5,-32(s0/fp)
PC=0000054C [FE045783] X15=0000000F X08=00500000 X00=00000000 lhu     a5,-32(s0/fp)
PC=00000550 [FFF78793] X15=0000000E X15=0000000F X31=00000000 addi    a5,a5,-1
PC=00000554 [FEF41023] X00=00000000 X08=00500000 X15=0000000E sh      a5,-32(s0/fp)
PC=00000558 [FE045783] X15=0000000E X08=00500000 X00=00000000 lhu     a5,-32(s0/fp)
PC=0000055C [FFE78793] X15=0000000C X15=0000000E X30=00000000 addi    a5,a5,-2
PC=00000560 [FEF41023] X00=00000000 X08=00500000 X15=0000000C sh      a5,-32(s0/fp)
PC=00000564 [FE045783] X15=0000000C X08=00500000 X00=00000000 lhu     a5,-32(s0/fp)
PC=00000568 [FFD78793] X15=00000009 X15=0000000C X29=00000000 addi    a5,a5,-3
PC=0000056C [FEF41023] X00=00000000 X08=00500000 X15=00000009 sh      a5,-32(s0/fp)
PC=00000570 [FE045783] X15=00000009 X08=00500000 X00=00000000 lhu     a5,-32(s0/fp)
PC=00000574 [FFC78793] X15=00000005 X15=00000009 X28=00000000 addi    a5,a5,-4
PC=00000578 [FEF41023] X00=00000000 X08=00500000 X15=00000005 sh      a5,-32(s0/fp)
PC=0000057C [FE045783] X15=00000005 X08=00500000 X00=00000000 lhu     a5,-32(s0/fp)
PC=00000580 [FFB78793] X15=00000000 X15=00000005 X27=00000000 addi    a5,a5,-5
PC=00000584 [FEF41023] X00=00000000 X08=00500000 X15=00000000 sh      a5,-32(s0/fp)
PC=00000588 [FE041023] X00=00000000 X08=00500000 X00=00000000 sh      zero,-32(s0/fp)
PC=0000058C [00000793] X15=00000000 X00=00000000 X00=00000000 addi    a5,zero,0
PC=00000590 [00078513] X10=00000000 X15=00000000 X00=00000000 addi    a0,a5,0
PC=00000594 [01C12403] X08=00000000 X02=004FFFE0 X28=00000000 lw      s0/fp,28(sp)
PC=00000598 [02010113] X02=00500000 X02=004FFFE0 X00=00000000 addi    sp,sp,32
PC=0000059C [00008067] X00=00000000 X01=000001C0 X00=00000000 jalr    zero,ra,0
PC=000001C0 [200002B7] X05=20000000 X00=00000000 X00=00000000 lui     t0,536870912
PC=000001C4 [00100073] X00=00000000 X00=00000000 X01=000001C0 ebreak  