PC=000001B8 [00500137] X02=00500000 X00=00000000 X05=00000000 lui     sp,5242880
PC=000001BC [00C000EF] X01=000001C0 X00=00000000 X12=00000000 jal     ra,12
PC=000001C8 [FD010113] X02=004FFFD0 X02=00500000 X16=00000000 addi    sp,sp,-48
PC=000001CC [02812623] X12=00000000 X02=004FFFD0 X08=00000000 sw      s0/fp,44(sp)
PC=000001D0 [03010413] X08=00500000 X02=004FFFD0 X16=00000000 addi    s0/fp,sp,48
PC=000001D4 [000107B7] X15=00010000 X02=004FFFD0 X00=00000000 lui     a5,65536
PC=000001D8 [FFF78793] X15=0000FFFF X15=00010000 X31=00000000 addi    a5,a5,-1
PC=000001DC [FEF42623] X12=00000000 X08=00500000 X15=0000FFFF sw      a5,-20(s0/fp)
PC=000001E0 [FFFF07B7] X15=FFFF0000 X30=00000000 X31=00000000 lui     a5,4294901760
PC=000001E4 [FEF42423] X08=00500000 X08=00500000 X15=FFFF0000 sw      a5,-24(s0/fp)
PC=000001E8 [FEC42703] X14=0000FFFF X08=00500000 X12=00000000 lw      a4,-20(s0/fp)
PC=000001EC [FE842783] X15=FFFF0000 X08=00500000 X08=00500000 lw      a5,-24(s0/fp)
PC=000001F0 [40F707B3] X15=0001FFFF X14=0000FFFF X15=FFFF0000 sub     a5,a4,a5
PC=000001F4 [FEF42223] X04=00000000 X08=00500000 X15=0001FFFF sw      a5,-28(s0/fp)
PC=000001F8 [FE042223] X04=00000000 X08=00500000 X00=00000000 sw      zero,-28(s0/fp)
PC=000001FC [FEC00793] X15=FFFFFFEC X00=00000000 X12=00000000 addi    a5,zero,-20
PC=00000200 [FEF42623] X12=00000000 X08=00500000 X15=FFFFFFEC sw      a5,-20(s0/fp)
PC=00000204 [FE200793] X15=FFFFFFE2 X00=00000000 X02=004FFFD0 addi    a5,zero,-30
PC=00000208 [FEF42423] X08=00500000 X08=00500000 X15=FFFFFFE2 sw      a5,-24(s0/fp)
PC=0000020C [FEC42703] X14=FFFFFFEC X08=00500000 X12=00000000 lw      a4,-20(s0/fp)
PC=00000210 [FE842783] X15=FFFFFFE2 X08=00500000 X08=00500000 lw      a5,-24(s0/fp)
PC=00000214 [40F707B3] X15=0000000A X14=FFFFFFEC X15=FFFFFFE2 sub     a5,a4,a5
PC=00000218 [FEF42223] X04=00000000 X08=00500000 X15=0000000A sw      a5,-28(s0/fp)
PC=0000021C [FE042223] X04=00000000 X08=00500000 X00=00000000 sw      zero,-28(s0/fp)
PC=00000220 [FFE00793] X15=FFFFFFFE X00=00000000 X30=00000000 addi    a5,zero,-2
PC=00000224 [FEF42623] X12=00000000 X08=00500000 X15=FFFFFFFE sw      a5,-20(s0/fp)
PC=00000228 [00200793] X15=00000002 X00=00000000 X02=004FFFD0 addi    a5,zero,2
PC=0000022C [FEF42423] X08=00500000 X08=00500000 X15=00000002 sw      a5,-24(s0/fp)
PC=00000230 [FEC42703] X14=FFFFFFFE X08=00500000 X12=00000000 lw      a4,-20(s0/fp)
PC=00000234 [FE842783] X15=00000002 X08=00500000 X08=00500000 lw      a5,-24(s0/fp)
PC=00000238 [40F707B3] X15=FFFFFFFC X14=FFFFFFFE X15=00000002 sub     a5,a4,a5
PC=0000023C [FEF42223] X04=00000000 X08=00500000 X15=FFFFFFFC sw      a5,-28(s0/fp)
PC=00000240 [FE042223] X04=00000000 X08=00500000 X00=00000000 sw      zero,-28(s0/fp)
PC=00000244 [00A00793] X15=0000000A X00=00000000 X10=00000000 addi    a5,zero,10
PC=00000248 [FEF42623] X12=00000000 X08=00500000 X15=0000000A sw      a5,-20(s0/fp)
PC=0000024C [FFB00793] X15=FFFFFFFB X00=00000000 X27=00000000 addi    a5,zero,-5
PC=00000250 [FEF42423] X08=00500000 X08=00500000 X15=FFFFFFFB sw      a5,-24(s0/fp)
PC=00000254 [FEC42703] X14=0000000A X08=00500000 X12=00000000 lw      a4,-20(s0/fp)
PC=00000258 [FE842783] X15=FFFFFFFB X08=00500000 X08=00500000 lw      a5,-24(s0/fp)
PC=0000025C [40F707B3] X15=0000000F X14=0000000A X15=FFFFFFFB sub     a5,a4,a5
PC=00000260 [FEF42223] X04=00000000 X08=00500000 X15=0000000F sw      a5,-28(s0/fp)
PC=00000264 [FE042223] X04=00000000 X08=00500000 X00=00000000 sw      zero,-28(s0/fp)
PC=00000268 [00500793] X15=00000005 X00=00000000 X05=00000000 addi    a5,zero,5
PC=0000026C [FEF42623] X12=00000000 X08=00500000 X15=00000005 sw      a5,-20(s0/fp)
PC=00000270 [FF600793] X15=FFFFFFF6 X00=00000000 X22=00000000 addi    a5,zero,-10
PC=00000274 [FEF42423] X08=00500000 X08=00500000 X15=FFFFFFF6 sw      a5,-24(s0/fp)
PC=00000278 [FEC42703] X14=00000005 X08=00500000 X12=00000000 lw      a4,-20(s0/fp)
PC=0000027C [FE842783] X15=FFFFFFF6 X08=00500000 X08=00500000 lw      a5,-24(s0/fp)
PC=00000280 [40F707B3] X15=0000000F X14=00000005 X15=FFFFFFF6 sub     a5,a4,a5
PC=00000284 [FEF42223] X04=00000000 X08=00500000 X15=0000000F sw      a5,-28(s0/fp)
PC=00000288 [FE042223] X04=00000000 X08=00500000 X00=00000000 sw      zero,-28(s0/fp)
PC=0000028C [0F0F17B7] X15=0F0F1000 X30=00000000 X16=00000000 lui     a5,252645376
PC=00000290 [F0F78793] X15=0F0F0F0F X15=0F0F1000 X15=0F0F1000 addi    a5,a5,-241
PC=00000294 [FEF42623] X12=00000000 X08=00500000 X15=0F0F0F0F sw      a5,-20(s0/fp)
PC=00000298 [F0F0F7B7] X15=F0F0F000 X01=000001C0 X15=0F0F0F0F lui     a5,4042321920
PC=0000029C [0F078793] X15=F0F0F0F0 X15=F0F0F000 X16=00000000 addi    a5,a5,240
PC=000002A0 [FEF42423] X08=00500000 X08=00500000 X15=F0F0F0F0 sw      a5,-24(s0/fp)
PC=000002A4 [FEC42703] X14=0F0F0F0F X08=00500000 X12=00000000 lw      a4,-20(s0/fp)
PC=000002A8 [FE842783] X15=F0F0F0F0 X08=00500000 X08=00500000 lw      a5,-24(s0/fp)
PC=000002AC [40F707B3] X15=1E1E1E1F X14=0F0F0F0F X15=F0F0F0F0 sub     a5,a4,a5
PC=000002B0 [FEF42223] X04=00000000 X08=00500000 X15=1E1E1E1F sw      a5,-28(s0/fp)
PC=000002B4 [FE042223] X04=00000000 X08=00500000 X00=00000000 sw      zero,-28(s0/fp)
PC=000002B8 [AAAAB7B7] X15=AAAAB000 X21=00000000 X10=00000000 lui     a5,2863312896
PC=000002BC [AAA78793] X15=AAAAAAAA X15=AAAAB000 X10=00000000 addi    a5,a5,-1366
PC=000002C0 [FEF42623] X12=00000000 X08=00500000 X15=AAAAAAAA sw      a5,-20(s0/fp)
PC=000002C4 [555557B7] X15=55555000 X10=00000000 X21=00000000 lui     a5,1431654400
PC=000002C8 [55578793] X15=55555555 X15=55555000 X21=00000000 addi    a5,a5,1365
PC=000002CC [FEF42423] X08=00500000 X08=00500000 X15=55555555 sw      a5,-24(s0/fp)
PC=000002D0 [FEC42703] X14=AAAAAAAA X08=00500000 X12=00000000 lw      a4,-20(s0/fp)
PC=000002D4 [FE842783] X15=55555555 X08=00500000 X08=00500000 lw      a5,-24(s0/fp)
PC=000002D8 [40F707B3] X15=55555555 X14=AAAAAAAA X15=55555555 sub     a5,a4,a5
PC=000002DC [FEF42223] X04=00000000 X08=00500000 X15=55555555 sw      a5,-28(s0/fp)
PC=000002E0 [FE042223] X04=00000000 X08=00500000 X00=00000000 sw      zero,-28(s0/fp)
PC=000002E4 [00F00793] X15=0000000F X00=00000000 X15=55555555 addi    a5,zero,15
PC=000002E8 [FEF42023] X00=00000000 X08=00500000 X15=0000000F sw      a5,-32(s0/fp)
PC=000002EC [FE042783] X15=0000000F X08=00500000 X00=00000000 lw      a5,-32(s0/fp)
PC=000002F0 [FFF78793] X15=0000000E X15=0000000F X31=00000000 addi    a5,a5,-1
PC=000002F4 [FEF42023] X00=00000000 X08=00500000 X15=0000000E sw      a5,-32(s0/fp)
PC=000002F8 [FE042783] X15=0000000E X08=00500000 X00=00000000 lw      a5,-32(s0/fp)
PC=000002FC [FFE78793] X15=0000000C X15=0000000E X30=00000000 addi    a5,a5,-2
PC=00000300 [FEF42023] X00=00000000 X08=00500000 X15=0000000C sw      a5,-32(s0/fp)
PC=00000304 [FE042783] X15=0000000C X08=00500000 X00=00000000 lw      a5,-32(s0/fp)
PC=00000308 [FFD78793] X15=00000009 X15=0000000C X29=00000000 addi    a5,a5,-3
PC=0000030C [FEF42023] X00=00000000 X08=00500000 X15=00000009 sw      a5,-32(s0/fp)
PC=00000310 [FE042783] X15=00000009 X08=00500000 X00=00000000 lw      a5,-32(s0/fp)
PC=00000314 [FFC78793] X15=00000005 X15=00000009 X28=00000000 addi    a5,a5,-4
PC=00000318 [FEF42023] X00=00000000 X08=00500000 X15=00000005 sw      a5,-32(s0/fp)
PC=0000031C [FE042783] X15=00000005 X08=00500000 X00=00000000 lw      a5,-32(s0/fp)
PC=00000320 [FFB78793] X15=00000000 X15=00000005 X27=00000000 addi    a5,a5,-5
PC=00000324 [FEF42023] X00=00000000 X08=00500000 X15=00000000 sw      a5,-32(s0/fp)
PC=00000328 [FE042023] X00=00000000 X08=00500000 X00=00000000 sw      zero,-32(s0/fp)
PC=0000032C [000107B7] X15=00010000 X02=004FFFD0 X00=00000000 lui     a5,65536
PC=00000330 [FFF78793] X15=0000FFFF X15=00010000 X31=00000000 addi    a5,a5,-1
PC=00000334 [FCF42E23] X28=00000000 X08=00500000 X15=0000FFFF sw      a5,-36(s0/fp)
PC=00000338 [FFFF07B7] X15=FFFF0000 X30=00000000 X31=00000000 lui     a5,4294901760
PC=0000033C [FCF42C23] X24=00000000 X08=00500000 X15=FFFF0000 sw      a5,-40(s0/fp)
PC=00000340 [FDC42703] X14=0000FFFF X08=00500000 X28=00000000 lw      a4,-36(s0/fp)
PC=00000344 [FD842783] X15=FFFF0000 X08=00500000 X24=00000000 lw      a5,-40(s0/fp)
PC=00000348 [40F707B3] X15=0001FFFF X14=0000FFFF X15=FFFF0000 sub     a5,a4,a5
PC=0000034C [FCF42A23] X20=00000000 X08=00500000 X15=0001FFFF sw      a5,-44(s0/fp)
PC=00000350 [FC042A23] X20=00000000 X08=00500000 X00=00000000 sw      zero,-44(s0/fp)
PC=00000354 [FEC00793] X15=FFFFFFEC X00=00000000 X12=00000000 addi    a5,zero,-20
PC=00000358 [FCF42E23] X28=00000000 X08=00500000 X15=FFFFFFEC sw      a5,-36(s0/fp)
PC=0000035C [FE200793] X15=FFFFFFE2 X00=00000000 X02=004FFFD0 addi    a5,zero,-30
PC=00000360 [FCF42C23] X24=00000000 X08=00500000 X15=FFFFFFE2 sw      a5,-40(s0/fp)
PC=00000364 [FDC42703] X14=FFFFFFEC X08=00500000 X28=00000000 lw      a4,-36(s0/fp)
PC=00000368 [FD842783] X15=FFFFFFE2 X08=00500000 X24=00000000 lw      a5,-40(s0/fp)
PC=0000036C [40F707B3] X15=0000000A X14=FFFFFFEC X15=FFFFFFE2 sub     a5,a4,a5
PC=00000370 [FCF42A23] X20=00000000 X08=00500000 X15=0000000A sw      a5,-44(s0/fp)
PC=00000374 [FC042A23] X20=00000000 X08=00500000 X00=00000000 sw      zero,-44(s0/fp)
PC=00000378 [FFE00793] X15=FFFFFFFE X00=00000000 X30=00000000 addi    a5,zero,-2
PC=0000037C [FCF42E23] X28=00000000 X08=00500000 X15=FFFFFFFE sw      a5,-36(s0/fp)
PC=00000380 [00200793] X15=00000002 X00=00000000 X02=004FFFD0 addi    a5,zero,2
PC=00000384 [FCF42C23] X24=00000000 X08=00500000 X15=00000002 sw      a5,-40(s0/fp)
PC=00000388 [FDC42703] X14=FFFFFFFE X08=00500000 X28=00000000 lw      a4,-36(s0/fp)
PC=0000038C [FD842783] X15=00000002 X08=00500000 X24=00000000 lw      a5,-40(s0/fp)
PC=00000390 [40F707B3] X15=FFFFFFFC X14=FFFFFFFE X15=00000002 sub     a5,a4,a5
PC=00000394 [FCF42A23] X20=00000000 X08=00500000 X15=FFFFFFFC sw      a5,-44(s0/fp)
PC=00000398 [FC042A23] X20=00000000 X08=00500000 X00=00000000 sw      zero,-44(s0/fp)
PC=0000039C [00A00793] X15=0000000A X00=00000000 X10=00000000 addi    a5,zero,10
PC=000003A0 [FCF42E23] X28=00000000 X08=00500000 X15=0000000A sw      a5,-36(s0/fp)
PC=000003A4 [FFB00793] X15=FFFFFFFB X00=00000000 X27=00000000 addi    a5,zero,-5
PC=000003A8 [FCF42C23] X24=00000000 X08=00500000 X15=FFFFFFFB sw      a5,-40(s0/fp)
PC=000003AC [FDC42703] X14=0000000A X08=00500000 X28=00000000 lw      a4,-36(s0/fp)
PC=000003B0 [FD842783] X15=FFFFFFFB X08=00500000 X24=00000000 lw      a5,-40(s0/fp)
PC=000003B4 [40F707B3] X15=0000000F X14=0000000A X15=FFFFFFFB sub     a5,a4,a5
PC=000003B8 [FCF42A23] X20=00000000 X08=00500000 X15=0000000F sw      a5,-44(s0/fp)
PC=000003BC [FC042A23] X20=00000000 X08=00500000 X00=00000000 sw      zero,-44(s0/fp)
PC=000003C0 [00500793] X15=00000005 X00=00000000 X05=00000000 addi    a5,zero,5
PC=000003C4 [FCF42E23] X28=00000000 X08=00500000 X15=00000005 sw      a5,-36(s0/fp)
PC=000003C8 [FF600793] X15=FFFFFFF6 X00=00000000 X22=00000000 addi    a5,zero,-10
PC=000003CC [FCF42C23] X24=00000000 X08=00500000 X15=FFFFFFF6 sw      a5,-40(s0/fp)
PC=000003D0 [FDC42703] X14=00000005 X08=00500000 X28=00000000 lw      a4,-36(s0/fp)
PC=000003D4 [FD842783] X15=FFFFFFF6 X08=00500000 X24=00000000 lw      a5,-40(s0/fp)
PC=000003D8 [40F707B3] X15=0000000F X14=00000005 X15=FFFFFFF6 sub     a5,a4,a5
PC=000003DC [FCF42A23] X20=00000000 X08=00500000 X15=0000000F sw      a5,-44(s0/fp)
PC=000003E0 [FC042A23] X20=00000000 X08=00500000 X00=00000000 sw      zero,-44(s0/fp)
PC=000003E4 [0F0F17B7] X15=0F0F1000 X30=00000000 X16=00000000 lui     a5,252645376
PC=000003E8 [F0F78793] X15=0F0F0F0F X15=0F0F1000 X15=0F0F1000 addi    a5,a5,-241
PC=000003EC [FCF42E23] X28=00000000 X08=00500000 X15=0F0F0F0F sw      a5,-36(s0/fp)
PC=000003F0 [F0F0F7B7] X15=F0F0F000 X01=000001C0 X15=0F0F0F0F lui     a5,4042321920
PC=000003F4 [0F078793] X15=F0F0F0F0 X15=F0F0F000 X16=00000000 addi    a5,a5,240
PC=000003F8 [FCF42C23] X24=00000000 X08=00500000 X15=F0F0F0F0 sw      a5,-40(s0/fp)
PC=000003FC [FDC42703] X14=0F0F0F0F X08=00500000 X28=00000000 lw      a4,-36(s0/fp)
PC=00000400 [FD842783] X15=F0F0F0F0 X08=00500000 X24=00000000 lw      a5,-40(s0/fp)
PC=00000404 [40F707B3] X15=1E1E1E1F X14=0F0F0F0F X15=F0F0F0F0 sub     a5,a4,a5
PC=00000408 [FCF42A23] X20=00000000 X08=00500000 X15=1E1E1E1F sw      a5,-44(s0/fp)
PC=0000040C [FC042A23] X20=00000000 X08=00500000 X00=00000000 sw      zero,-44(s0/fp)
PC=00000410 [AAAAB7B7] X15=AAAAB000 X21=00000000 X10=00000000 lui     a5,2863312896
PC=00000414 [AAA78793] X15=AAAAAAAA X15=AAAAB000 X10=00000000 addi    a5,a5,-1366
PC=00000418 [FCF42E23] X28=00000000 X08=00500000 X15=AAAAAAAA sw      a5,-36(s0/fp)
PC=0000041C [555557B7] X15=55555000 X10=00000000 X21=00000000 lui     a5,1431654400
PC=00000420 [55578793] X15=55555555 X15=55555000 X21=00000000 addi    a5,a5,1365
PC=00000424 [FCF42C23] X24=00000000 X08=00500000 X15=55555555 sw      a5,-40(s0/fp)
PC=00000428 [FDC42703] X14=AAAAAAAA X08=00500000 X28=00000000 lw      a4,-36(s0/fp)
PC=0000042C [FD842783] X15=55555555 X08=00500000 X24=00000000 lw      a5,-40(s0/fp)
PC=00000430 [40F707B3] X15=55555555 X14=AAAAAAAA X15=55555555 sub     a5,a4,a5
PC=00000434 [FCF42A23] X20=00000000 X08=00500000 X15=55555555 sw      a5,-44(s0/fp)
PC=00000438 [FC042A23] X20=00000000 X08=00500000 X00=00000000 sw      zero,-44(s0/fp)
PC=0000043C [00F00793] X15=0000000F X00=00000000 X15=55555555 addi    a5,zero,15
PC=00000440 [FCF42823] X16=00000000 X08=00500000 X15=0000000F sw      a5,-48(s0/fp)
PC=00000444 [FD042783] X15=0000000F X08=00500000 X16=00000000 lw      a5,-48(s0/fp)
PC=00000448 [FFF78793] X15=0000000E X15=0000000F X31=00000000 addi    a5,a5,-1
PC=0000044C [FCF42823] X16=00000000 X08=00500000 X15=0000000E sw      a5,-48(s0/fp)
PC=00000450 [FD042783] X15=0000000E X08=00500000 X16=00000000 lw      a5,-48(s0/fp)
PC=00000454 [FFE78793] X15=0000000C X15=0000000E X30=00000000 addi    a5,a5,-2
PC=00000458 [FCF42823] X16=00000000 X08=00500000 X15=0000000C sw      a5,-48(s0/fp)
PC=0000045C [FD042783] X15=0000000C X08=00500000 X16=00000000 lw      a5,-48(s0/fp)
PC=00000460 [FFD78793] X15=00000009 X15=0000000C X29=00000000 addi    a5,a5,-3
PC=00000464 [FCF42823] X16=00000000 X08=00500000 X15=00000009 sw      a5,-48(s0/fp)
PC=00000468 [FD042783] X15=00000009 X08=00500000 X16=00000000 lw      a5,-48(s0/fp)
PC=0000046C [FFC78793] X15=00000005 X15=00000009 X28=00000000 addi    a5,a5,-4
PC=00000470 [FCF42823] X16=00000000 X08=00500000 X15=00000005 sw      a5,-48(s0/fp)
PC=00000474 [FD042783] X15=00000005 X08=00500000 X16=00000000 lw      a5,-48(s0/fp)
PC=00000478 [FFB78793] X15=00000000 X15=00000005 X27=00000000 addi    a5,a5,-5
PC=0000047C [FCF42823] X16=00000000 X08=00500000 X15=00000000 sw      a5,-48(s0/fp)
PC=00000480 [FC042823] X16=00000000 X08=00500000 X00=00000000 sw      zero,-48(s0/fp)
PC=00000484 [FE042023] X00=00000000 X08=00500000 X00=00000000 sw      zero,-32(s0/fp)
PC=00000488 [FE042783] X15=00000000 X08=00500000 X00=00000000 lw      a5,-32(s0/fp)
PC=0000048C [00178793] X15=00000001 X15=00000000 X01=000001C0 addi    a5,a5,1
PC=00000490 [FEF42023] X00=00000000 X08=00500000 X15=00000001 sw      a5,-32(s0/fp)
PC=00000494 [FE042783] X15=00000001 X08=00500000 X00=00000000 lw      a5,-32(s0/fp)
PC=00000498 [00278793] X15=00000003 X15=00000001 X02=004FFFD0 addi    a5,a5,2
PC=0000049C [FEF42023] X00=00000000 X08=00500000 X15=00000003 sw      a5,-32(s0/fp)
PC=000004A0 [FE042783] X15=00000003 X08=00500000 X00=00000000 lw      a5,-32(s0/fp)
PC=000004A4 [00378793] X15=00000006 X15=00000003 X03=00000000 addi    a5,a5,3
PC=000004A8 [FEF42023] X00=00000000 X08=00500000 X15=00000006 sw      a5,-32(s0/fp)
PC=000004AC [FE042783] X15=00000006 X08=00500000 X00=00000000 lw      a5,-32(s0/fp)
PC=000004B0 [00478793] X15=0000000A X15=00000006 X04=00000000 addi    a5,a5,4
PC=000004B4 [FEF42023] X00=00000000 X08=00500000 X15=0000000A sw      a5,-32(s0/fp)
PC=000004B8 [FE042783] X15=0000000A X08=00500000 X00=00000000 lw      a5,-32(s0/fp)
PC=000004BC [00578793] X15=0000000F X15=0000000A X05=00000000 addi    a5,a5,5
PC=000004C0 [FEF42023] X00=00000000 X08=00500000 X15=0000000F sw      a5,-32(s0/fp)
PC=000004C4 [FE042023] X00=00000000 X08=00500000 X00=00000000 sw      zero,-32(s0/fp)
PC=000004C8 [FC042823] X16=00000000 X08=00500000 X00=00000000 sw      zero,-48(s0/fp)
PC=000004CC [FD042783] X15=00000000 X08=00500000 X16=00000000 lw      a5,-48(s0/fp)
PC=000004D0 [00178793] X15=00000001 X15=00000000 X01=000001C0 addi    a5,a5,1
PC=000004D4 [FCF42823] X16=00000000 X08=00500000 X15=00000001 sw      a5,-48(s0/fp)
PC=000004D8 [FD042783] X15=00000001 X08=00500000 X16=00000000 lw      a5,-48(s0/fp)
PC=000004DC [00278793] X15=00000003 X15=00000001 X02=004FFFD0 addi    a5,a5,2
PC=000004E0 [FCF42823] X16=00000000 X08=00500000 X15=00000003 sw      a5,-48(s0/fp)
PC=000004E4 [FD042783] X15=00000003 X08=00500000 X16=00000000 lw      a5,-48(s0/fp)
PC=000004E8 [00378793] X15=00000006 X15=00000003 X03=00000000 addi    a5,a5,3
PC=000004EC [FCF42823] X16=00000000 X08=00500000 X15=00000006 sw      a5,-48(s0/fp)
PC=000004F0 [FD042783] X15=00000006 X08=00500000 X16=00000000 lw      a5,-48(s0/fp)
PC=000004F4 [00478793] X15=0000000A X15=00000006 X04=00000000 addi    a5,a5,4
PC=000004F8 [FCF42823] X16=00000000 X08=00500000 X15=0000000A sw      a5,-48(s0/fp)
PC=000004FC [FD042783] X15=0000000A X08=00500000 X16=00000000 lw      a5,-48(s0/fp)
PC=00000500 [00578793] X15=0000000F X15=0000000A X05=00000000 addi    a5,a5,5
PC=00000504 [FCF42823] X16=00000000 X08=00500000 X15=0000000F sw      a5,-48(s0/fp)
PC=00000508 [FC042823] X16=00000000 X08=00500000 X00=00000000 sw      zero,-48(s0/fp)
PC=0000050C [00000793] X15=00000000 X00=00000000 X00=00000000 addi    a5,zero,0
PC=00000510 [00078513] X10=00000000 X15=00000000 X00=00000000 addi    a0,a5,0
PC=00000514 [02C12403] X08=00000000 X02=004FFFD0 X12=00000000 lw      s0/fp,44(sp)
PC=00000518 [03010113] X02=00500000 X02=004FFFD0 X16=00000000 addi    sp,sp,48
PC=0000051C [00008067] X00=00000000 X01=000001C0 X00=00000000 jalr    zero,ra,0
PC=000001C0 [200002B7] X05=20000000 X00=00000000 X00=00000000 lui     t0,536870912
PC=000001C4 [00100073] X00=00000000 X00=00000000 X01=000001C0 ebreak  