PC=000001B8 [00500137] X02=00500000 X00=00000000 X05=00000000 lui     sp,5242880
PC=000001BC [00C000EF] X01=000001C0 X00=00000000 X12=00000000 jal     ra,12
PC=000001C8 [EE010113] X02=004FFEE0 X02=00500000 X00=00000000 addi    sp,sp,-288
PC=000001CC [10812E23] X28=00000000 X02=004FFEE0 X08=00000000 sw      s0/fp,284(sp)
PC=000001D0 [11212C23] X24=00000000 X02=004FFEE0 X18=00000000 sw      s2,280(sp)
PC=000001D4 [11312A23] X20=00000000 X02=004FFEE0 X19=00000000 sw      s3,276(sp)
PC=000001D8 [11412823] X16=00000000 X02=004FFEE0 X20=00000000 sw      s4,272(sp)
PC=000001DC [11512623] X12=00000000 X02=004FFEE0 X21=00000000 sw      s5,268(sp)
PC=000001E0 [11612423] X08=00000000 X02=004FFEE0 X22=00000000 sw      s6,264(sp)
PC=000001E4 [11712223] X04=00000000 X02=004FFEE0 X23=00000000 sw      s7,260(sp)
PC=000001E8 [11812023] X00=00000000 X02=004FFEE0 X24=00000000 sw      s8,256(sp)
PC=000001EC [0F912E23] X28=00000000 X02=004FFEE0 X25=00000000 sw      s9,252(sp)
PC=000001F0 [0FA12C23] X24=00000000 X02=004FFEE0 X26=00000000 sw      s10,248(sp)
PC=000001F4 [0FB12A23] X20=00000000 X02=004FFEE0 X27=00000000 sw      s11,244(sp)
PC=000001F8 [12010413] X08=00500000 X02=004FFEE0 X00=00000000 addi    s0/fp,sp,288
PC=000001FC [00200793] X15=00000002 X00=00000000 X02=004FFEE0 addi    a5,zero,2
PC=00000200 [FCF42623] X12=00000000 X08=00500000 X15=00000002 sw      a5,-52(s0/fp)
PC=00000204 [00400793] X15=00000004 X00=00000000 X04=00000000 addi    a5,zero,4
PC=00000208 [FCF42423] X08=00500000 X08=00500000 X15=00000004 sw      a5,-56(s0/fp)
PC=0000020C [FCC42783] X15=00000002 X08=00500000 X12=00000000 lw      a5,-52(s0/fp)
PC=00000210 [00078513] X10=00000002 X15=00000002 X00=00000000 addi    a0,a5,0
PC=00000214 [00000593] X11=00000000 X00=00000000 X00=00000000 addi    a1,zero,0
PC=00000218 [FC842783] X15=00000004 X08=00500000 X08=00500000 lw      a5,-56(s0/fp)
PC=0000021C [00078613] X12=00000004 X15=00000004 X00=00000000 addi    a2,a5,0
PC=00000220 [00000693] X13=00000000 X00=00000000 X00=00000000 addi    a3,zero,0
PC=00000224 [02C58733] X14=00000000 X11=00000000 X12=00000004 mul     a4,a1,a2
PC=00000228 [02A687B3] X15=00000000 X13=00000000 X10=00000002 mul     a5,a3,a0
PC=0000022C [00F70733] X14=00000000 X14=00000000 X15=00000000 add     a4,a4,a5
PC=00000230 [02C507B3] X15=00000008 X10=00000002 X12=00000004 mul     a5,a0,a2
PC=00000234 [02C538B3] X17=00000008 X10=00000002 X12=00000004 mulhu   a7,a0,a2
PC=00000238 [00078813] X16=00000008 X15=00000008 X00=00000000 addi    a6,a5,0
PC=0000023C [011707B3] X15=00000008 X14=00000000 X17=00000008 add     a5,a4,a7
PC=00000240 [00078893] X17=00000008 X15=00000008 X00=00000000 addi    a7,a5,0
PC=00000244 [FD042023] X00=00000000 X08=00500000 X16=00000008 sw      a6,-64(s0/fp)
PC=00000248 [FD142223] X04=00000000 X08=00500000 X17=00000008 sw      a7,-60(s0/fp)
PC=0000024C [FD042023] X00=00000000 X08=00500000 X16=00000008 sw      a6,-64(s0/fp)
PC=00000250 [FD142223] X04=00000000 X08=00500000 X17=00000008 sw      a7,-60(s0/fp)
PC=00000254 [00000613] X12=00000000 X00=00000000 X00=00000000 addi    a2,zero,0
PC=00000258 [00000693] X13=00000000 X00=00000000 X00=00000000 addi    a3,zero,0
PC=0000025C [FCC42023] X00=00000000 X08=00500000 X12=00000000 sw      a2,-64(s0/fp)
PC=00000260 [FCD42223] X04=00000000 X08=00500000 X13=00000000 sw      a3,-60(s0/fp)
PC=00000264 [FFF00793] X15=FFFFFFFF X00=00000000 X31=00000000 addi    a5,zero,-1
PC=00000268 [FCF42623] X12=00000000 X08=00500000 X15=FFFFFFFF sw      a5,-52(s0/fp)
PC=0000026C [FFF00793] X15=FFFFFFFF X00=00000000 X31=00000000 addi    a5,zero,-1
PC=00000270 [FCF42423] X08=00500000 X08=00500000 X15=FFFFFFFF sw      a5,-56(s0/fp)
PC=00000274 [FCC42783] X15=FFFFFFFF X08=00500000 X12=00000000 lw      a5,-52(s0/fp)
PC=00000278 [00078E13] X28=FFFFFFFF X15=FFFFFFFF X00=00000000 addi    t3,a5,0
PC=0000027C [00000E93] X29=00000000 X00=00000000 X00=00000000 addi    t4,zero,0
PC=00000280 [FC842783] X15=FFFFFFFF X08=00500000 X08=00500000 lw      a5,-56(s0/fp)
PC=00000284 [00078313] X06=FFFFFFFF X15=FFFFFFFF X00=00000000 addi    t1,a5,0
PC=00000288 [00000393] X07=00000000 X00=00000000 X00=00000000 addi    t2,zero,0
PC=0000028C [026E8733] X14=00000000 X29=00000000 X06=FFFFFFFF mul     a4,t4,t1
PC=00000290 [03C387B3] X15=00000000 X07=00000000 X28=FFFFFFFF mul     a5,t2,t3
PC=00000294 [00F70733] X14=00000000 X14=00000000 X15=00000000 add     a4,a4,a5
PC=00000298 [026E07B3] X15=00000001 X28=FFFFFFFF X06=FFFFFFFF mul     a5,t3,t1
PC=0000029C [026E3FB3] X31=FFFFFFFE X28=FFFFFFFF X06=FFFFFFFF mulhu   t6,t3,t1
PC=000002A0 [00078F13] X30=00000001 X15=00000001 X00=00000000 addi    t5,a5,0
PC=000002A4 [01F707B3] X15=FFFFFFFE X14=00000000 X31=FFFFFFFE add     a5,a4,t6
PC=000002A8 [00078F93] X31=FFFFFFFE X15=FFFFFFFE X00=00000000 addi    t6,a5,0
PC=000002AC [FDE42023] X00=00000000 X08=00500000 X30=00000001 sw      t5,-64(s0/fp)
PC=000002B0 [FDF42223] X04=00000000 X08=00500000 X31=FFFFFFFE sw      t6,-60(s0/fp)
PC=000002B4 [FDE42023] X00=00000000 X08=00500000 X30=00000001 sw      t5,-64(s0/fp)
PC=000002B8 [FDF42223] X04=00000000 X08=00500000 X31=FFFFFFFE sw      t6,-60(s0/fp)
PC=000002BC [FCC42023] X00=00000000 X08=00500000 X12=00000000 sw      a2,-64(s0/fp)
PC=000002C0 [FCD42223] X04=00000000 X08=00500000 X13=00000000 sw      a3,-60(s0/fp)
PC=000002C4 [FFF00793] X15=FFFFFFFF X00=00000000 X31=FFFFFFFE addi    a5,zero,-1
PC=000002C8 [FCF42623] X12=00000000 X08=00500000 X15=FFFFFFFF sw      a5,-52(s0/fp)
PC=000002CC [00100793] X15=00000001 X00=00000000 X01=000001C0 addi    a5,zero,1
PC=000002D0 [FCF42423] X08=00500000 X08=00500000 X15=00000001 sw      a5,-56(s0/fp)
PC=000002D4 [FCC42783] X15=FFFFFFFF X08=00500000 X12=00000000 lw      a5,-52(s0/fp)
PC=000002D8 [00078A13] X20=FFFFFFFF X15=FFFFFFFF X00=00000000 addi    s4,a5,0
PC=000002DC [00000A93] X21=00000000 X00=00000000 X00=00000000 addi    s5,zero,0
PC=000002E0 [FC842783] X15=00000001 X08=00500000 X08=00500000 lw      a5,-56(s0/fp)
PC=000002E4 [00078913] X18=00000001 X15=00000001 X00=00000000 addi    s2,a5,0
PC=000002E8 [00000993] X19=00000000 X00=00000000 X00=00000000 addi    s3,zero,0
PC=000002EC [032A8733] X14=00000000 X21=00000000 X18=00000001 mul     a4,s5,s2
PC=000002F0 [034987B3] X15=00000000 X19=00000000 X20=FFFFFFFF mul     a5,s3,s4
PC=000002F4 [00F70733] X14=00000000 X14=00000000 X15=00000000 add     a4,a4,a5
PC=000002F8 [032A07B3] X15=FFFFFFFF X20=FFFFFFFF X18=00000001 mul     a5,s4,s2
PC=000002FC [032A3BB3] X23=FFFFFFFF X20=FFFFFFFF X18=00000001 mulhu   s7,s4,s2
PC=00000300 [00078B13] X22=FFFFFFFF X15=FFFFFFFF X00=00000000 addi    s6,a5,0
PC=00000304 [017707B3] X15=FFFFFFFF X14=00000000 X23=FFFFFFFF add     a5,a4,s7
PC=00000308 [00078B93] X23=FFFFFFFF X15=FFFFFFFF X00=00000000 addi    s7,a5,0
PC=0000030C [FD642023] X00=00000000 X08=00500000 X22=FFFFFFFF sw      s6,-64(s0/fp)
PC=00000310 [FD742223] X04=00000000 X08=00500000 X23=FFFFFFFF sw      s7,-60(s0/fp)
PC=00000314 [FD642023] X00=00000000 X08=00500000 X22=FFFFFFFF sw      s6,-64(s0/fp)
PC=00000318 [FD742223] X04=00000000 X08=00500000 X23=FFFFFFFF sw      s7,-60(s0/fp)
PC=0000031C [FCC42023] X00=00000000 X08=00500000 X12=00000000 sw      a2,-64(s0/fp)
PC=00000320 [FCD42223] X04=00000000 X08=00500000 X13=00000000 sw      a3,-60(s0/fp)
PC=00000324 [FFF00793] X15=FFFFFFFF X00=00000000 X31=FFFFFFFE addi    a5,zero,-1
PC=00000328 [FCF42623] X12=00000000 X08=00500000 X15=FFFFFFFF sw      a5,-52(s0/fp)
PC=0000032C [00A00793] X15=0000000A X00=00000000 X10=00000002 addi    a5,zero,10
PC=00000330 [FCF42423] X08=00500000 X08=00500000 X15=0000000A sw      a5,-56(s0/fp)
PC=00000334 [FCC42783] X15=FFFFFFFF X08=00500000 X12=00000000 lw      a5,-52(s0/fp)
PC=00000338 [00078D13] X26=FFFFFFFF X15=FFFFFFFF X00=00000000 addi    s10,a5,0
PC=0000033C [00000D93] X27=00000000 X00=00000000 X00=00000000 addi    s11,zero,0
PC=00000340 [FC842783] X15=0000000A X08=00500000 X08=00500000 lw      a5,-56(s0/fp)
PC=00000344 [00078C13] X24=0000000A X15=0000000A X00=00000000 addi    s8,a5,0
PC=00000348 [00000C93] X25=00000000 X00=00000000 X00=00000000 addi    s9,zero,0
PC=0000034C [038D8733] X14=00000000 X27=00000000 X24=0000000A mul     a4,s11,s8
PC=00000350 [03AC87B3] X15=00000000 X25=00000000 X26=FFFFFFFF mul     a5,s9,s10
PC=00000354 [00F70733] X14=00000000 X14=00000000 X15=00000000 add     a4,a4,a5
PC=00000358 [038D07B3] X15=FFFFFFF6 X26=FFFFFFFF X24=0000000A mul     a5,s10,s8
PC=0000035C [038D35B3] X11=9FFFFFFF X26=FFFFFFFF X24=0000000A mulhu   a1,s10,s8
PC=00000360 [FAB42E23] X28=FFFFFFFF X08=00500000 X11=9FFFFFFF sw      a1,-68(s0/fp)
PC=00000364 [FAF42C23] X24=0000000A X08=00500000 X15=FFFFFFF6 sw      a5,-72(s0/fp)
PC=00000368 [FBC42783] X15=9FFFFFFF X08=00500000 X28=FFFFFFFF lw      a5,-68(s0/fp)
PC=0000036C [00F707B3] X15=9FFFFFFF X14=00000000 X15=9FFFFFFF add     a5,a4,a5
PC=00000370 [FAF42E23] X28=FFFFFFFF X08=00500000 X15=9FFFFFFF sw      a5,-68(s0/fp)
PC=00000374 [FB842783] X15=FFFFFFF6 X08=00500000 X24=0000000A lw      a5,-72(s0/fp)
PC=00000378 [FBC42803] X16=9FFFFFFF X08=00500000 X28=FFFFFFFF lw      a6,-68(s0/fp)
PC=0000037C [FCF42023] X00=00000000 X08=00500000 X15=FFFFFFF6 sw      a5,-64(s0/fp)
PC=00000380 [FD042223] X04=00000000 X08=00500000 X16=9FFFFFFF sw      a6,-60(s0/fp)
PC=00000384 [FCF42023] X00=00000000 X08=00500000 X15=FFFFFFF6 sw      a5,-64(s0/fp)
PC=00000388 [FD042223] X04=00000000 X08=00500000 X16=9FFFFFFF sw      a6,-60(s0/fp)
PC=0000038C [FCC42023] X00=00000000 X08=00500000 X12=00000000 sw      a2,-64(s0/fp)
PC=00000390 [FCD42223] X04=00000000 X08=00500000 X13=00000000 sw      a3,-60(s0/fp)
PC=00000394 [FFE00793] X15=FFFFFFFE X00=00000000 X30=00000001 addi    a5,zero,-2
PC=00000398 [FCF42623] X12=00000000 X08=00500000 X15=FFFFFFFE sw      a5,-52(s0/fp)
PC=0000039C [FFC00793] X15=FFFFFFFC X00=00000000 X28=FFFFFFFF addi    a5,zero,-4
PC=000003A0 [FCF42423] X08=00500000 X08=00500000 X15=FFFFFFFC sw      a5,-56(s0/fp)
PC=000003A4 [FCC42783] X15=FFFFFFFE X08=00500000 X12=00000000 lw      a5,-52(s0/fp)
PC=000003A8 [F6F42423] X08=00500000 X08=00500000 X15=FFFFFFFE sw      a5,-152(s0/fp)
PC=000003AC [F6042623] X12=00000000 X08=00500000 X00=00000000 sw      zero,-148(s0/fp)
PC=000003B0 [FC842783] X15=FFFFFFFC X08=00500000 X08=00500000 lw      a5,-56(s0/fp)
PC=000003B4 [F6F42023] X00=00000000 X08=00500000 X15=FFFFFFFC sw      a5,-160(s0/fp)
PC=000003B8 [F6042223] X04=00000000 X08=00500000 X00=00000000 sw      zero,-156(s0/fp)
PC=000003BC [F6842783] X15=FFFFFFFE X08=00500000 X08=00500000 lw      a5,-152(s0/fp)
PC=000003C0 [F6C42803] X16=00000000 X08=00500000 X12=00000000 lw      a6,-148(s0/fp)
PC=000003C4 [00080713] X14=00000000 X16=00000000 X00=00000000 addi    a4,a6,0
PC=000003C8 [F6042503] X10=FFFFFFFC X08=00500000 X00=00000000 lw      a0,-160(s0/fp)
PC=000003CC [F6442583] X11=00000000 X08=00500000 X04=00000000 lw      a1,-156(s0/fp)
PC=000003D0 [00050893] X17=FFFFFFFC X10=FFFFFFFC X00=00000000 addi    a7,a0,0
PC=000003D4 [03170733] X14=00000000 X14=00000000 X17=FFFFFFFC mul     a4,a4,a7
PC=000003D8 [00058313] X06=00000000 X11=00000000 X00=00000000 addi    t1,a1,0
PC=000003DC [00080893] X17=00000000 X16=00000000 X00=00000000 addi    a7,a6,0
PC=000003E0 [00078813] X16=FFFFFFFE X15=FFFFFFFE X00=00000000 addi    a6,a5,0
PC=000003E4 [00080793] X15=FFFFFFFE X16=FFFFFFFE X00=00000000 addi    a5,a6,0
PC=000003E8 [02F307B3] X15=00000000 X06=00000000 X15=FFFFFFFE mul     a5,t1,a5
PC=000003EC [00F70733] X14=00000000 X14=00000000 X15=00000000 add     a4,a4,a5
PC=000003F0 [00080793] X15=FFFFFFFE X16=FFFFFFFE X00=00000000 addi    a5,a6,0
PC=000003F4 [00050313] X06=FFFFFFFC X10=FFFFFFFC X00=00000000 addi    t1,a0,0
PC=000003F8 [026787B3] X15=00000008 X15=FFFFFFFE X06=FFFFFFFC mul     a5,a5,t1
PC=000003FC [00050593] X11=FFFFFFFC X10=FFFFFFFC X00=00000000 addi    a1,a0,0
PC=00000400 [02B835B3] X11=FFFFFFFA X16=FFFFFFFE X11=FFFFFFFC mulhu   a1,a6,a1
PC=00000404 [FAB42A23] X20=FFFFFFFF X08=00500000 X11=FFFFFFFA sw      a1,-76(s0/fp)
PC=00000408 [FAF42823] X16=FFFFFFFE X08=00500000 X15=00000008 sw      a5,-80(s0/fp)
PC=0000040C [FB442783] X15=FFFFFFFA X08=00500000 X20=FFFFFFFF lw      a5,-76(s0/fp)
PC=00000410 [00F707B3] X15=FFFFFFFA X14=00000000 X15=FFFFFFFA add     a5,a4,a5
PC=00000414 [FAF42A23] X20=FFFFFFFF X08=00500000 X15=FFFFFFFA sw      a5,-76(s0/fp)
PC=00000418 [FB042783] X15=00000008 X08=00500000 X16=FFFFFFFE lw      a5,-80(s0/fp)
PC=0000041C [FB442803] X16=FFFFFFFA X08=00500000 X20=FFFFFFFF lw      a6,-76(s0/fp)
PC=00000420 [FCF42023] X00=00000000 X08=00500000 X15=00000008 sw      a5,-64(s0/fp)
PC=00000424 [FD042223] X04=00000000 X08=00500000 X16=FFFFFFFA sw      a6,-60(s0/fp)
PC=00000428 [FCF42023] X00=00000000 X08=00500000 X15=00000008 sw      a5,-64(s0/fp)
PC=0000042C [FD042223] X04=00000000 X08=00500000 X16=FFFFFFFA sw      a6,-60(s0/fp)
PC=00000430 [FCC42023] X00=00000000 X08=00500000 X12=00000000 sw      a2,-64(s0/fp)
PC=00000434 [FCD42223] X04=00000000 X08=00500000 X13=00000000 sw      a3,-60(s0/fp)
PC=00000438 [00A00793] X15=0000000A X00=00000000 X10=FFFFFFFC addi    a5,zero,10
PC=0000043C [FCF42623] X12=00000000 X08=00500000 X15=0000000A sw      a5,-52(s0/fp)
PC=00000440 [00B00793] X15=0000000B X00=00000000 X11=FFFFFFFA addi    a5,zero,11
PC=00000444 [FCF42423] X08=00500000 X08=00500000 X15=0000000B sw      a5,-56(s0/fp)
PC=00000448 [FCC42783] X15=0000000A X08=00500000 X12=00000000 lw      a5,-52(s0/fp)
PC=0000044C [F4F42C23] X24=0000000A X08=00500000 X15=0000000A sw      a5,-168(s0/fp)
PC=00000450 [F4042E23] X28=FFFFFFFF X08=00500000 X00=00000000 sw      zero,-164(s0/fp)
PC=00000454 [FC842783] X15=0000000B X08=00500000 X08=00500000 lw      a5,-56(s0/fp)
PC=00000458 [F4F42823] X16=FFFFFFFA X08=00500000 X15=0000000B sw      a5,-176(s0/fp)
PC=0000045C [F4042A23] X20=FFFFFFFF X08=00500000 X00=00000000 sw      zero,-172(s0/fp)
PC=00000460 [F5842783] X15=0000000A X08=00500000 X24=0000000A lw      a5,-168(s0/fp)
PC=00000464 [F5C42803] X16=00000000 X08=00500000 X28=FFFFFFFF lw      a6,-164(s0/fp)
PC=00000468 [00080713] X14=00000000 X16=00000000 X00=00000000 addi    a4,a6,0
PC=0000046C [F5042503] X10=0000000B X08=00500000 X16=00000000 lw      a0,-176(s0/fp)
PC=00000470 [F5442583] X11=00000000 X08=00500000 X20=FFFFFFFF lw      a1,-172(s0/fp)
PC=00000474 [00050893] X17=0000000B X10=0000000B X00=00000000 addi    a7,a0,0
PC=00000478 [03170733] X14=00000000 X14=00000000 X17=0000000B mul     a4,a4,a7
PC=0000047C [00058313] X06=00000000 X11=00000000 X00=00000000 addi    t1,a1,0
PC=00000480 [00080893] X17=00000000 X16=00000000 X00=00000000 addi    a7,a6,0
PC=00000484 [00078813] X16=0000000A X15=0000000A X00=00000000 addi    a6,a5,0
PC=00000488 [00080793] X15=0000000A X16=0000000A X00=00000000 addi    a5,a6,0
PC=0000048C [02F307B3] X15=00000000 X06=00000000 X15=0000000A mul     a5,t1,a5
PC=00000490 [00F70733] X14=00000000 X14=00000000 X15=00000000 add     a4,a4,a5
PC=00000494 [00080793] X15=0000000A X16=0000000A X00=00000000 addi    a5,a6,0
PC=00000498 [00050313] X06=0000000B X10=0000000B X00=00000000 addi    t1,a0,0
PC=0000049C [026787B3] X15=0000006E X15=0000000A X06=0000000B mul     a5,a5,t1
PC=000004A0 [00050593] X11=0000000B X10=0000000B X00=00000000 addi    a1,a0,0
PC=000004A4 [02B835B3] X11=0000006E X16=0000000A X11=0000000B mulhu   a1,a6,a1
PC=000004A8 [FAB42623] X12=00000000 X08=00500000 X11=0000006E sw      a1,-84(s0/fp)
PC=000004AC [FAF42423] X08=00500000 X08=00500000 X15=0000006E sw      a5,-88(s0/fp)
PC=000004B0 [FAC42783] X15=0000006E X08=00500000 X12=00000000 lw      a5,-84(s0/fp)
PC=000004B4 [00F707B3] X15=0000006E X14=00000000 X15=0000006E add     a5,a4,a5
PC=000004B8 [FAF42623] X12=00000000 X08=00500000 X15=0000006E sw      a5,-84(s0/fp)
PC=000004BC [FA842783] X15=0000006E X08=00500000 X08=00500000 lw      a5,-88(s0/fp)
PC=000004C0 [FAC42803] X16=0000006E X08=00500000 X12=00000000 lw      a6,-84(s0/fp)
PC=000004C4 [FCF42023] X00=00000000 X08=00500000 X15=0000006E sw      a5,-64(s0/fp)
PC=000004C8 [FD042223] X04=00000000 X08=00500000 X16=0000006E sw      a6,-60(s0/fp)
PC=000004CC [FCF42023] X00=00000000 X08=00500000 X15=0000006E sw      a5,-64(s0/fp)
PC=000004D0 [FD042223] X04=00000000 X08=00500000 X16=0000006E sw      a6,-60(s0/fp)
PC=000004D4 [FCC42023] X00=00000000 X08=00500000 X12=00000000 sw      a2,-64(s0/fp)
PC=000004D8 [FCD42223] X04=00000000 X08=00500000 X13=00000000 sw      a3,-60(s0/fp)
PC=000004DC [FF600793] X15=FFFFFFF6 X00=00000000 X22=FFFFFFFF addi    a5,zero,-10
PC=000004E0 [FCF42623] X12=00000000 X08=00500000 X15=FFFFFFF6 sw      a5,-52(s0/fp)
PC=000004E4 [00B00793] X15=0000000B X00=00000000 X11=0000006E addi    a5,zero,11
PC=000004E8 [FCF42423] X08=00500000 X08=00500000 X15=0000000B sw      a5,-56(s0/fp)
PC=000004EC [FCC42783] X15=FFFFFFF6 X08=00500000 X12=00000000 lw      a5,-52(s0/fp)
PC=000004F0 [F4F42423] X08=00500000 X08=00500000 X15=FFFFFFF6 sw      a5,-184(s0/fp)
PC=000004F4 [F4042623] X12=00000000 X08=00500000 X00=00000000 sw      zero,-180(s0/fp)
PC=000004F8 [FC842783] X15=0000000B X08=00500000 X08=00500000 lw      a5,-56(s0/fp)
PC=000004FC [F4F42023] X00=00000000 X08=00500000 X15=0000000B sw      a5,-192(s0/fp)
PC=00000500 [F4042223] X04=00000000 X08=00500000 X00=00000000 sw      zero,-188(s0/fp)
PC=00000504 [F4842783] X15=FFFFFFF6 X08=00500000 X08=00500000 lw      a5,-184(s0/fp)
PC=00000508 [F4C42803] X16=00000000 X08=00500000 X12=00000000 lw      a6,-180(s0/fp)
PC=0000050C [00080713] X14=00000000 X16=00000000 X00=00000000 addi    a4,a6,0
PC=00000510 [F4042503] X10=0000000B X08=00500000 X00=00000000 lw      a0,-192(s0/fp)
PC=00000514 [F4442583] X11=00000000 X08=00500000 X04=00000000 lw      a1,-188(s0/fp)
PC=00000518 [00050893] X17=0000000B X10=0000000B X00=00000000 addi    a7,a0,0
PC=0000051C [03170733] X14=00000000 X14=00000000 X17=0000000B mul     a4,a4,a7
PC=00000520 [00058313] X06=00000000 X11=00000000 X00=00000000 addi    t1,a1,0
PC=00000524 [00080893] X17=00000000 X16=00000000 X00=00000000 addi    a7,a6,0
PC=00000528 [00078813] X16=FFFFFFF6 X15=FFFFFFF6 X00=00000000 addi    a6,a5,0
PC=0000052C [00080793] X15=FFFFFFF6 X16=FFFFFFF6 X00=00000000 addi    a5,a6,0
PC=00000530 [02F307B3] X15=00000000 X06=00000000 X15=FFFFFFF6 mul     a5,t1,a5
PC=00000534 [00F70733] X14=00000000 X14=00000000 X15=00000000 add     a4,a4,a5
PC=00000538 [00080793] X15=FFFFFFF6 X16=FFFFFFF6 X00=00000000 addi    a5,a6,0
PC=0000053C [00050313] X06=0000000B X10=0000000B X00=00000000 addi    t1,a0,0
PC=00000540 [026787B3] X15=FFFFFF92 X15=FFFFFFF6 X06=0000000B mul     a5,a5,t1
PC=00000544 [00050593] X11=0000000B X10=0000000B X00=00000000 addi    a1,a0,0
PC=00000548 [02B835B3] X11=AFFFFFF9 X16=FFFFFFF6 X11=0000000B mulhu   a1,a6,a1
PC=0000054C [FAB42223] X04=00000000 X08=00500000 X11=AFFFFFF9 sw      a1,-92(s0/fp)
PC=00000550 [FAF42023] X00=00000000 X08=00500000 X15=FFFFFF92 sw      a5,-96(s0/fp)
PC=00000554 [FA442783] X15=AFFFFFF9 X08=00500000 X04=00000000 lw      a5,-92(s0/fp)
PC=00000558 [00F707B3] X15=AFFFFFF9 X14=00000000 X15=AFFFFFF9 add     a5,a4,a5
PC=0000055C [FAF42223] X04=00000000 X08=00500000 X15=AFFFFFF9 sw      a5,-92(s0/fp)
PC=00000560 [FA042783] X15=FFFFFF92 X08=00500000 X00=00000000 lw      a5,-96(s0/fp)
PC=00000564 [FA442803] X16=AFFFFFF9 X08=00500000 X04=00000000 lw      a6,-92(s0/fp)
PC=00000568 [FCF42023] X00=00000000 X08=00500000 X15=FFFFFF92 sw      a5,-64(s0/fp)
PC=0000056C [FD042223] X04=00000000 X08=00500000 X16=AFFFFFF9 sw      a6,-60(s0/fp)
PC=00000570 [FCF42023] X00=00000000 X08=00500000 X15=FFFFFF92 sw      a5,-64(s0/fp)
PC=00000574 [FD042223] X04=00000000 X08=00500000 X16=AFFFFFF9 sw      a6,-60(s0/fp)
PC=00000578 [FCC42023] X00=00000000 X08=00500000 X12=00000000 sw      a2,-64(s0/fp)
PC=0000057C [FCD42223] X04=00000000 X08=00500000 X13=00000000 sw      a3,-60(s0/fp)
PC=00000580 [0000F7B7] X15=0000F000 X01=000001C0 X00=00000000 lui     a5,61440
PC=00000584 [FCF42623] X12=00000000 X08=00500000 X15=0000F000 sw      a5,-52(s0/fp)
PC=00000588 [0000F7B7] X15=0000F000 X01=000001C0 X00=00000000 lui     a5,61440
PC=0000058C [00178793] X15=0000F001 X15=0000F000 X01=000001C0 addi    a5,a5,1
PC=00000590 [FCF42423] X08=00500000 X08=00500000 X15=0000F001 sw      a5,-56(s0/fp)
PC=00000594 [FCC42783] X15=0000F000 X08=00500000 X12=00000000 lw      a5,-52(s0/fp)
PC=00000598 [F2F42C23] X24=0000000A X08=00500000 X15=0000F000 sw      a5,-200(s0/fp)
PC=0000059C [F2042E23] X28=FFFFFFFF X08=00500000 X00=00000000 sw      zero,-196(s0/fp)
PC=000005A0 [FC842783] X15=0000F001 X08=00500000 X08=00500000 lw      a5,-56(s0/fp)
PC=000005A4 [F2F42823] X16=AFFFFFF9 X08=00500000 X15=0000F001 sw      a5,-208(s0/fp)
PC=000005A8 [F2042A23] X20=FFFFFFFF X08=00500000 X00=00000000 sw      zero,-204(s0/fp)
PC=000005AC [F3842783] X15=0000F000 X08=00500000 X24=0000000A lw      a5,-200(s0/fp)
PC=000005B0 [F3C42803] X16=00000000 X08=00500000 X28=FFFFFFFF lw      a6,-196(s0/fp)
PC=000005B4 [00080713] X14=00000000 X16=00000000 X00=00000000 addi    a4,a6,0
PC=000005B8 [F3042503] X10=0000F001 X08=00500000 X16=00000000 lw      a0,-208(s0/fp)
PC=000005BC [F3442583] X11=00000000 X08=00500000 X20=FFFFFFFF lw      a1,-204(s0/fp)
PC=000005C0 [00050893] X17=0000F001 X10=0000F001 X00=00000000 addi    a7,a0,0
PC=000005C4 [03170733] X14=00000000 X14=00000000 X17=0000F001 mul     a4,a4,a7
PC=000005C8 [00058313] X06=00000000 X11=00000000 X00=00000000 addi    t1,a1,0
PC=000005CC [00080893] X17=00000000 X16=00000000 X00=00000000 addi    a7,a6,0
PC=000005D0 [00078813] X16=0000F000 X15=0000F000 X00=00000000 addi    a6,a5,0
PC=000005D4 [00080793] X15=0000F000 X16=0000F000 X00=00000000 addi    a5,a6,0
PC=000005D8 [02F307B3] X15=00000000 X06=00000000 X15=0000F000 mul     a5,t1,a5
PC=000005DC [00F70733] X14=00000000 X14=00000000 X15=00000000 add     a4,a4,a5
PC=000005E0 [00080793] X15=0000F000 X16=0000F000 X00=00000000 addi    a5,a6,0
PC=000005E4 [00050313] X06=0000F001 X10=0000F001 X00=00000000 addi    t1,a0,0
PC=000005E8 [026787B3] X15=E100F000 X15=0000F000 X06=0000F001 mul     a5,a5,t1
PC=000005EC [00050593] X11=0000F001 X10=0000F001 X00=00000000 addi    a1,a0,0
PC=000005F0 [02B835B3] X11=E100F000 X16=0000F000 X11=0000F001 mulhu   a1,a6,a1
PC=000005F4 [F8B42E23] X28=FFFFFFFF X08=00500000 X11=E100F000 sw      a1,-100(s0/fp)
PC=000005F8 [F8F42C23] X24=0000000A X08=00500000 X15=E100F000 sw      a5,-104(s0/fp)
PC=000005FC [F9C42783] X15=E100F000 X08=00500000 X28=FFFFFFFF lw      a5,-100(s0/fp)
PC=00000600 [00F707B3] X15=E100F000 X14=00000000 X15=E100F000 add     a5,a4,a5
PC=00000604 [F8F42E23] X28=FFFFFFFF X08=00500000 X15=E100F000 sw      a5,-100(s0/fp)
PC=00000608 [F9842783] X15=E100F000 X08=00500000 X24=0000000A lw      a5,-104(s0/fp)
PC=0000060C [F9C42803] X16=E100F000 X08=00500000 X28=FFFFFFFF lw      a6,-100(s0/fp)
PC=00000610 [FCF42023] X00=00000000 X08=00500000 X15=E100F000 sw      a5,-64(s0/fp)
PC=00000614 [FD042223] X04=00000000 X08=00500000 X16=E100F000 sw      a6,-60(s0/fp)
PC=00000618 [FCF42023] X00=00000000 X08=00500000 X15=E100F000 sw      a5,-64(s0/fp)
PC=0000061C [FD042223] X04=00000000 X08=00500000 X16=E100F000 sw      a6,-60(s0/fp)
PC=00000620 [FCC42023] X00=00000000 X08=00500000 X12=00000000 sw      a2,-64(s0/fp)
PC=00000624 [FCD42223] X04=00000000 X08=00500000 X13=00000000 sw      a3,-60(s0/fp)
PC=00000628 [555557B7] X15=55555000 X10=0000F001 X21=00000000 lui     a5,1431654400
PC=0000062C [55578793] X15=55555555 X15=55555000 X21=00000000 addi    a5,a5,1365
PC=00000630 [FCF42623] X12=00000000 X08=00500000 X15=55555555 sw      a5,-52(s0/fp)
PC=00000634 [333337B7] X15=33333000 X06=0000F001 X19=00000000 lui     a5,858992640
PC=00000638 [33378793] X15=33333333 X15=33333000 X19=00000000 addi    a5,a5,819
PC=0000063C [FCF42423] X08=00500000 X08=00500000 X15=33333333 sw      a5,-56(s0/fp)
PC=00000640 [FCC42783] X15=55555555 X08=00500000 X12=00000000 lw      a5,-52(s0/fp)
PC=00000644 [F2F42423] X08=00500000 X08=00500000 X15=55555555 sw      a5,-216(s0/fp)
PC=00000648 [F2042623] X12=00000000 X08=00500000 X00=00000000 sw      zero,-212(s0/fp)
PC=0000064C [FC842783] X15=33333333 X08=00500000 X08=00500000 lw      a5,-56(s0/fp)
PC=00000650 [F2F42023] X00=00000000 X08=00500000 X15=33333333 sw      a5,-224(s0/fp)
PC=00000654 [F2042223] X04=00000000 X08=00500000 X00=00000000 sw      zero,-220(s0/fp)
PC=00000658 [F2842783] X15=55555555 X08=00500000 X08=00500000 lw      a5,-216(s0/fp)
PC=0000065C [F2C42803] X16=00000000 X08=00500000 X12=00000000 lw      a6,-212(s0/fp)
PC=00000660 [00080713] X14=00000000 X16=00000000 X00=00000000 addi    a4,a6,0
PC=00000664 [F2042503] X10=33333333 X08=00500000 X00=00000000 lw      a0,-224(s0/fp)
PC=00000668 [F2442583] X11=00000000 X08=00500000 X04=00000000 lw      a1,-220(s0/fp)
PC=0000066C [00050893] X17=33333333 X10=33333333 X00=00000000 addi    a7,a0,0
PC=00000670 [03170733] X14=00000000 X14=00000000 X17=33333333 mul     a4,a4,a7
PC=00000674 [00058313] X06=00000000 X11=00000000 X00=00000000 addi    t1,a1,0
PC=00000678 [00080893] X17=00000000 X16=00000000 X00=00000000 addi    a7,a6,0
PC=0000067C [00078813] X16=55555555 X15=55555555 X00=00000000 addi    a6,a5,0
PC=00000680 [00080793] X15=55555555 X16=55555555 X00=00000000 addi    a5,a6,0
PC=00000684 [02F307B3] X15=00000000 X06=00000000 X15=55555555 mul     a5,t1,a5
PC=00000688 [00F70733] X14=00000000 X14=00000000 X15=00000000 add     a4,a4,a5
PC=0000068C [00080793] X15=55555555 X16=55555555 X00=00000000 addi    a5,a6,0
PC=00000690 [00050313] X06=33333333 X10=33333333 X00=00000000 addi    t1,a0,0
PC=00000694 [026787B3] X15=EEEEEEEF X15=55555555 X06=33333333 mul     a5,a5,t1
PC=00000698 [00050593] X11=33333333 X10=33333333 X00=00000000 addi    a1,a0,0
PC=0000069C [02B835B3] X11=11111110 X16=55555555 X11=33333333 mulhu   a1,a6,a1
PC=000006A0 [F8B42A23] X20=FFFFFFFF X08=00500000 X11=11111110 sw      a1,-108(s0/fp)
PC=000006A4 [F8F42823] X16=55555555 X08=00500000 X15=EEEEEEEF sw      a5,-112(s0/fp)
PC=000006A8 [F9442783] X15=11111110 X08=00500000 X20=FFFFFFFF lw      a5,-108(s0/fp)
PC=000006AC [00F707B3] X15=11111110 X14=00000000 X15=11111110 add     a5,a4,a5
PC=000006B0 [F8F42A23] X20=FFFFFFFF X08=00500000 X15=11111110 sw      a5,-108(s0/fp)
PC=000006B4 [F9042783] X15=EEEEEEEF X08=00500000 X16=55555555 lw      a5,-112(s0/fp)
PC=000006B8 [F9442803] X16=11111110 X08=00500000 X20=FFFFFFFF lw      a6,-108(s0/fp)
PC=000006BC [FCF42023] X00=00000000 X08=00500000 X15=EEEEEEEF sw      a5,-64(s0/fp)
PC=000006C0 [FD042223] X04=00000000 X08=00500000 X16=11111110 sw      a6,-60(s0/fp)
PC=000006C4 [FCF42023] X00=00000000 X08=00500000 X15=EEEEEEEF sw      a5,-64(s0/fp)
PC=000006C8 [FD042223] X04=00000000 X08=00500000 X16=11111110 sw      a6,-60(s0/fp)
PC=000006CC [FCC42023] X00=00000000 X08=00500000 X12=00000000 sw      a2,-64(s0/fp)
PC=000006D0 [FCD42223] X04=00000000 X08=00500000 X13=00000000 sw      a3,-60(s0/fp)
PC=000006D4 [000057B7] X15=00005000 X00=00000000 X00=00000000 lui     a5,20480
PC=000006D8 [35378793] X15=00005353 X15=00005000 X19=00000000 addi    a5,a5,851
PC=000006DC [FCF42623] X12=00000000 X08=00500000 X15=00005353 sw      a5,-52(s0/fp)
PC=000006E0 [000087B7] X15=00008000 X01=000001C0 X00=00000000 lui     a5,32768
PC=000006E4 [FCF42423] X08=00500000 X08=00500000 X15=00008000 sw      a5,-56(s0/fp)
PC=000006E8 [FCC42783] X15=00005353 X08=00500000 X12=00000000 lw      a5,-52(s0/fp)
PC=000006EC [F0F42C23] X24=0000000A X08=00500000 X15=00005353 sw      a5,-232(s0/fp)
PC=000006F0 [F0042E23] X28=FFFFFFFF X08=00500000 X00=00000000 sw      zero,-228(s0/fp)
PC=000006F4 [FC842783] X15=00008000 X08=00500000 X08=00500000 lw      a5,-56(s0/fp)
PC=000006F8 [F0F42823] X16=11111110 X08=00500000 X15=00008000 sw      a5,-240(s0/fp)
PC=000006FC [F0042A23] X20=FFFFFFFF X08=00500000 X00=00000000 sw      zero,-236(s0/fp)
PC=00000700 [F1842783] X15=00005353 X08=00500000 X24=0000000A lw      a5,-232(s0/fp)
PC=00000704 [F1C42803] X16=00000000 X08=00500000 X28=FFFFFFFF lw      a6,-228(s0/fp)
PC=00000708 [00080713] X14=00000000 X16=00000000 X00=00000000 addi    a4,a6,0
PC=0000070C [F1042503] X10=00008000 X08=00500000 X16=00000000 lw      a0,-240(s0/fp)
PC=00000710 [F1442583] X11=00000000 X08=00500000 X20=FFFFFFFF lw      a1,-236(s0/fp)
PC=00000714 [00050893] X17=00008000 X10=00008000 X00=00000000 addi    a7,a0,0
PC=00000718 [03170733] X14=00000000 X14=00000000 X17=00008000 mul     a4,a4,a7
PC=0000071C [00058313] X06=00000000 X11=00000000 X00=00000000 addi    t1,a1,0
PC=00000720 [00080893] X17=00000000 X16=00000000 X00=00000000 addi    a7,a6,0
PC=00000724 [00078813] X16=00005353 X15=00005353 X00=00000000 addi    a6,a5,0
PC=00000728 [00080793] X15=00005353 X16=00005353 X00=00000000 addi    a5,a6,0
PC=0000072C [02F307B3] X15=00000000 X06=00000000 X15=00005353 mul     a5,t1,a5
PC=00000730 [00F707B3] X15=00000000 X14=00000000 X15=00000000 add     a5,a4,a5
PC=00000734 [00080713] X14=00005353 X16=00005353 X00=00000000 addi    a4,a6,0
PC=00000738 [00050313] X06=00008000 X10=00008000 X00=00000000 addi    t1,a0,0
PC=0000073C [02670733] X14=29A98000 X14=00005353 X06=00008000 mul     a4,a4,t1
PC=00000740 [00050593] X11=00008000 X10=00008000 X00=00000000 addi    a1,a0,0
PC=00000744 [02B835B3] X11=29A98000 X16=00005353 X11=00008000 mulhu   a1,a6,a1
PC=00000748 [F8B42623] X12=00000000 X08=00500000 X11=29A98000 sw      a1,-116(s0/fp)
PC=0000074C [F8E42423] X08=00500000 X08=00500000 X14=29A98000 sw      a4,-120(s0/fp)
PC=00000750 [F8C42703] X14=29A98000 X08=00500000 X12=00000000 lw      a4,-116(s0/fp)
PC=00000754 [00E787B3] X15=29A98000 X15=00000000 X14=29A98000 add     a5,a5,a4
PC=00000758 [F8F42623] X12=00000000 X08=00500000 X15=29A98000 sw      a5,-116(s0/fp)
PC=0000075C [F8842783] X15=29A98000 X08=00500000 X08=00500000 lw      a5,-120(s0/fp)
PC=00000760 [F8C42803] X16=29A98000 X08=00500000 X12=00000000 lw      a6,-116(s0/fp)
PC=00000764 [FCF42023] X00=00000000 X08=00500000 X15=29A98000 sw      a5,-64(s0/fp)
PC=00000768 [FD042223] X04=00000000 X08=00500000 X16=29A98000 sw      a6,-60(s0/fp)
PC=0000076C [FCF42023] X00=00000000 X08=00500000 X15=29A98000 sw      a5,-64(s0/fp)
PC=00000770 [FD042223] X04=00000000 X08=00500000 X16=29A98000 sw      a6,-60(s0/fp)
PC=00000774 [FCC42023] X00=00000000 X08=00500000 X12=00000000 sw      a2,-64(s0/fp)
PC=00000778 [FCD42223] X04=00000000 X08=00500000 X13=00000000 sw      a3,-60(s0/fp)
PC=0000077C [FFFFF7B7] X15=FFFFF000 X31=FFFFFFFE X31=FFFFFFFE lui     a5,4294963200
PC=00000780 [FCF42623] X12=00000000 X08=00500000 X15=FFFFF000 sw      a5,-52(s0/fp)
PC=00000784 [FFFFF7B7] X15=FFFFF000 X31=FFFFFFFE X31=FFFFFFFE lui     a5,4294963200
PC=00000788 [00178793] X15=FFFFF001 X15=FFFFF000 X01=000001C0 addi    a5,a5,1
PC=0000078C [FCF42423] X08=00500000 X08=00500000 X15=FFFFF001 sw      a5,-56(s0/fp)
PC=00000790 [FCC42783] X15=FFFFF000 X08=00500000 X12=00000000 lw      a5,-52(s0/fp)
PC=00000794 [F0F42423] X08=00500000 X08=00500000 X15=FFFFF000 sw      a5,-248(s0/fp)
PC=00000798 [F0042623] X12=00000000 X08=00500000 X00=00000000 sw      zero,-244(s0/fp)
PC=0000079C [FC842783] X15=FFFFF001 X08=00500000 X08=00500000 lw      a5,-56(s0/fp)
PC=000007A0 [F0F42023] X00=00000000 X08=00500000 X15=FFFFF001 sw      a5,-256(s0/fp)
PC=000007A4 [F0042223] X04=00000000 X08=00500000 X00=00000000 sw      zero,-252(s0/fp)
PC=000007A8 [F0842783] X15=FFFFF000 X08=00500000 X08=00500000 lw      a5,-248(s0/fp)
PC=000007AC [F0C42803] X16=00000000 X08=00500000 X12=00000000 lw      a6,-244(s0/fp)
PC=000007B0 [00080713] X14=00000000 X16=00000000 X00=00000000 addi    a4,a6,0
PC=000007B4 [F0042503] X10=FFFFF001 X08=00500000 X00=00000000 lw      a0,-256(s0/fp)
PC=000007B8 [F0442583] X11=00000000 X08=00500000 X04=00000000 lw      a1,-252(s0/fp)
PC=000007BC [00050893] X17=FFFFF001 X10=FFFFF001 X00=00000000 addi    a7,a0,0
PC=000007C0 [03170733] X14=00000000 X14=00000000 X17=FFFFF001 mul     a4,a4,a7
PC=000007C4 [00058313] X06=00000000 X11=00000000 X00=00000000 addi    t1,a1,0
PC=000007C8 [00080893] X17=00000000 X16=00000000 X00=00000000 addi    a7,a6,0
PC=000007CC [00078813] X16=FFFFF000 X15=FFFFF000 X00=00000000 addi    a6,a5,0
PC=000007D0 [00080793] X15=FFFFF000 X16=FFFFF000 X00=00000000 addi    a5,a6,0
PC=000007D4 [02F307B3] X15=00000000 X06=00000000 X15=FFFFF000 mul     a5,t1,a5
PC=000007D8 [00F707B3] X15=00000000 X14=00000000 X15=00000000 add     a5,a4,a5
PC=000007DC [00080713] X14=FFFFF000 X16=FFFFF000 X00=00000000 addi    a4,a6,0
PC=000007E0 [00050313] X06=FFFFF001 X10=FFFFF001 X00=00000000 addi    t1,a0,0
PC=000007E4 [02670733] X14=00FFF000 X14=FFFFF000 X06=FFFFF001 mul     a4,a4,t1
PC=000007E8 [00050593] X11=FFFFF001 X10=FFFFF001 X00=00000000 addi    a1,a0,0
PC=000007EC [02B835B3] X11=FFFFE001 X16=FFFFF000 X11=FFFFF001 mulhu   a1,a6,a1
PC=000007F0 [F8B42223] X04=00000000 X08=00500000 X11=FFFFE001 sw      a1,-124(s0/fp)
PC=000007F4 [F8E42023] X00=00000000 X08=00500000 X14=00FFF000 sw      a4,-128(s0/fp)
PC=000007F8 [F8442703] X14=FFFFE001 X08=00500000 X04=00000000 lw      a4,-124(s0/fp)
PC=000007FC [00E787B3] X15=FFFFE001 X15=00000000 X14=FFFFE001 add     a5,a5,a4
PC=00000800 [F8F42223] X04=00000000 X08=00500000 X15=FFFFE001 sw      a5,-124(s0/fp)
PC=00000804 [F8042783] X15=00FFF000 X08=00500000 X00=00000000 lw      a5,-128(s0/fp)
PC=00000808 [F8442803] X16=FFFFE001 X08=00500000 X04=00000000 lw      a6,-124(s0/fp)
PC=0000080C [FCF42023] X00=00000000 X08=00500000 X15=00FFF000 sw      a5,-64(s0/fp)
PC=00000810 [FD042223] X04=00000000 X08=00500000 X16=FFFFE001 sw      a6,-60(s0/fp)
PC=00000814 [FCF42023] X00=00000000 X08=00500000 X15=00FFF000 sw      a5,-64(s0/fp)
PC=00000818 [FD042223] X04=00000000 X08=00500000 X16=FFFFE001 sw      a6,-60(s0/fp)
PC=0000081C [FCC42023] X00=00000000 X08=00500000 X12=00000000 sw      a2,-64(s0/fp)
PC=00000820 [FCD42223] X04=00000000 X08=00500000 X13=00000000 sw      a3,-60(s0/fp)
PC=00000824 [000057B7] X15=00005000 X00=00000000 X00=00000000 lui     a5,20480
PC=00000828 [55578793] X15=00005555 X15=00005000 X21=00000000 addi    a5,a5,1365
PC=0000082C [FCF42623] X12=00000000 X08=00500000 X15=00005555 sw      a5,-52(s0/fp)
PC=00000830 [333307B7] X15=33330000 X06=FFFFF001 X19=00000000 lui     a5,858980352
PC=00000834 [FCF42423] X08=00500000 X08=00500000 X15=33330000 sw      a5,-56(s0/fp)
PC=00000838 [FCC42783] X15=00005555 X08=00500000 X12=00000000 lw      a5,-52(s0/fp)
PC=0000083C [EEF42C23] X24=0000000A X08=00500000 X15=00005555 sw      a5,-264(s0/fp)
PC=00000840 [EE042E23] X28=FFFFFFFF X08=00500000 X00=00000000 sw      zero,-260(s0/fp)
PC=00000844 [FC842783] X15=33330000 X08=00500000 X08=00500000 lw      a5,-56(s0/fp)
PC=00000848 [EEF42823] X16=FFFFE001 X08=00500000 X15=33330000 sw      a5,-272(s0/fp)
PC=0000084C [EE042A23] X20=FFFFFFFF X08=00500000 X00=00000000 sw      zero,-268(s0/fp)
PC=00000850 [EF842783] X15=00005555 X08=00500000 X24=0000000A lw      a5,-264(s0/fp)
PC=00000854 [EFC42803] X16=00000000 X08=00500000 X28=FFFFFFFF lw      a6,-260(s0/fp)
PC=00000858 [00080713] X14=00000000 X16=00000000 X00=00000000 addi    a4,a6,0
PC=0000085C [EF042503] X10=33330000 X08=00500000 X16=00000000 lw      a0,-272(s0/fp)
PC=00000860 [EF442583] X11=00000000 X08=00500000 X20=FFFFFFFF lw      a1,-268(s0/fp)
PC=00000864 [00050893] X17=33330000 X10=33330000 X00=00000000 addi    a7,a0,0
PC=00000868 [03170733] X14=00000000 X14=00000000 X17=33330000 mul     a4,a4,a7
PC=0000086C [00058313] X06=00000000 X11=00000000 X00=00000000 addi    t1,a1,0
PC=00000870 [00080893] X17=00000000 X16=00000000 X00=00000000 addi    a7,a6,0
PC=00000874 [00078813] X16=00005555 X15=00005555 X00=00000000 addi    a6,a5,0
PC=00000878 [00080793] X15=00005555 X16=00005555 X00=00000000 addi    a5,a6,0
PC=0000087C [02F307B3] X15=00000000 X06=00000000 X15=00005555 mul     a5,t1,a5
PC=00000880 [00F707B3] X15=00000000 X14=00000000 X15=00000000 add     a5,a4,a5
PC=00000884 [00080713] X14=00005555 X16=00005555 X00=00000000 addi    a4,a6,0
PC=00000888 [00050313] X06=33330000 X10=33330000 X00=00000000 addi    t1,a0,0
PC=0000088C [02670733] X14=EEEF0000 X14=00005555 X06=33330000 mul     a4,a4,t1
PC=00000890 [00050593] X11=33330000 X10=33330000 X00=00000000 addi    a1,a0,0
PC=00000894 [02B835B3] X11=1110EEEF X16=00005555 X11=33330000 mulhu   a1,a6,a1
PC=00000898 [F6B42E23] X28=FFFFFFFF X08=00500000 X11=1110EEEF sw      a1,-132(s0/fp)
PC=0000089C [F6E42C23] X24=0000000A X08=00500000 X14=EEEF0000 sw      a4,-136(s0/fp)
PC=000008A0 [F7C42703] X14=1110EEEF X08=00500000 X28=FFFFFFFF lw      a4,-132(s0/fp)
PC=000008A4 [00E787B3] X15=1110EEEF X15=00000000 X14=1110EEEF add     a5,a5,a4
PC=000008A8 [F6F42E23] X28=FFFFFFFF X08=00500000 X15=1110EEEF sw      a5,-132(s0/fp)
PC=000008AC [F7842783] X15=EEEF0000 X08=00500000 X24=0000000A lw      a5,-136(s0/fp)
PC=000008B0 [F7C42803] X16=1110EEEF X08=00500000 X28=FFFFFFFF lw      a6,-132(s0/fp)
PC=000008B4 [FCF42023] X00=00000000 X08=00500000 X15=EEEF0000 sw      a5,-64(s0/fp)
PC=000008B8 [FD042223] X04=00000000 X08=00500000 X16=1110EEEF sw      a6,-60(s0/fp)
PC=000008BC [FCF42023] X00=00000000 X08=00500000 X15=EEEF0000 sw      a5,-64(s0/fp)
PC=000008C0 [FD042223] X04=00000000 X08=00500000 X16=1110EEEF sw      a6,-60(s0/fp)
PC=000008C4 [FCC42023] X00=00000000 X08=00500000 X12=00000000 sw      a2,-64(s0/fp)
PC=000008C8 [FCD42223] X04=00000000 X08=00500000 X13=00000000 sw      a3,-60(s0/fp)
PC=000008CC [535357B7] X15=53535000 X06=33330000 X21=00000000 lui     a5,1397968896
PC=000008D0 [35378793] X15=53535353 X15=53535000 X19=00000000 addi    a5,a5,851
PC=000008D4 [FCF42623] X12=00000000 X08=00500000 X15=53535353 sw      a5,-52(s0/fp)
PC=000008D8 [800087B7] X15=80008000 X01=000001C0 X00=00000000 lui     a5,2147516416
PC=000008DC [FCF42423] X08=00500000 X08=00500000 X15=80008000 sw      a5,-56(s0/fp)
PC=000008E0 [FCC42783] X15=53535353 X08=00500000 X12=00000000 lw      a5,-52(s0/fp)
PC=000008E4 [EEF42423] X08=00500000 X08=00500000 X15=53535353 sw      a5,-280(s0/fp)
PC=000008E8 [EE042623] X12=00000000 X08=00500000 X00=00000000 sw      zero,-276(s0/fp)
PC=000008EC [FC842783] X15=80008000 X08=00500000 X08=00500000 lw      a5,-56(s0/fp)
PC=000008F0 [EEF42023] X00=00000000 X08=00500000 X15=80008000 sw      a5,-288(s0/fp)
PC=000008F4 [EE042223] X04=00000000 X08=00500000 X00=00000000 sw      zero,-284(s0/fp)
PC=000008F8 [EE842783] X15=53535353 X08=00500000 X08=00500000 lw      a5,-280(s0/fp)
PC=000008FC [EEC42803] X16=00000000 X08=00500000 X12=00000000 lw      a6,-276(s0/fp)
PC=00000900 [00080713] X14=00000000 X16=00000000 X00=00000000 addi    a4,a6,0
PC=00000904 [EE042503] X10=80008000 X08=00500000 X00=00000000 lw      a0,-288(s0/fp)
PC=00000908 [EE442583] X11=00000000 X08=00500000 X04=00000000 lw      a1,-284(s0/fp)
PC=0000090C [00050893] X17=80008000 X10=80008000 X00=00000000 addi    a7,a0,0
PC=00000910 [03170733] X14=00000000 X14=00000000 X17=80008000 mul     a4,a4,a7
PC=00000914 [00058313] X06=00000000 X11=00000000 X00=00000000 addi    t1,a1,0
PC=00000918 [00080893] X17=00000000 X16=00000000 X00=00000000 addi    a7,a6,0
PC=0000091C [00078813] X16=53535353 X15=53535353 X00=00000000 addi    a6,a5,0
PC=00000920 [00080793] X15=53535353 X16=53535353 X00=00000000 addi    a5,a6,0
PC=00000924 [02F307B3] X15=00000000 X06=00000000 X15=53535353 mul     a5,t1,a5
PC=00000928 [00F707B3] X15=00000000 X14=00000000 X15=00000000 add     a5,a4,a5
PC=0000092C [00080713] X14=53535353 X16=53535353 X00=00000000 addi    a4,a6,0
PC=00000930 [00050313] X06=80008000 X10=80008000 X00=00000000 addi    t1,a0,0
PC=00000934 [02670733] X14=29A98000 X14=53535353 X06=80008000 mul     a4,a4,t1
PC=00000938 [00050593] X11=80008000 X10=80008000 X00=00000000 addi    a1,a0,0
PC=0000093C [02B835B3] X11=29A9D353 X16=53535353 X11=80008000 mulhu   a1,a6,a1
PC=00000940 [F6B42A23] X20=FFFFFFFF X08=00500000 X11=29A9D353 sw      a1,-140(s0/fp)
PC=00000944 [F6E42823] X16=53535353 X08=00500000 X14=29A98000 sw      a4,-144(s0/fp)
PC=00000948 [F7442703] X14=29A9D353 X08=00500000 X20=FFFFFFFF lw      a4,-140(s0/fp)
PC=0000094C [00E787B3] X15=29A9D353 X15=00000000 X14=29A9D353 add     a5,a5,a4
PC=00000950 [F6F42A23] X20=FFFFFFFF X08=00500000 X15=29A9D353 sw      a5,-140(s0/fp)
PC=00000954 [F7042783] X15=29A98000 X08=00500000 X16=53535353 lw      a5,-144(s0/fp)
PC=00000958 [F7442803] X16=29A9D353 X08=00500000 X20=FFFFFFFF lw      a6,-140(s0/fp)
PC=0000095C [FCF42023] X00=00000000 X08=00500000 X15=29A98000 sw      a5,-64(s0/fp)
PC=00000960 [FD042223] X04=00000000 X08=00500000 X16=29A9D353 sw      a6,-60(s0/fp)
PC=00000964 [FCF42023] X00=00000000 X08=00500000 X15=29A98000 sw      a5,-64(s0/fp)
PC=00000968 [FD042223] X04=00000000 X08=00500000 X16=29A9D353 sw      a6,-60(s0/fp)
PC=0000096C [FCC42023] X00=00000000 X08=00500000 X12=00000000 sw      a2,-64(s0/fp)
PC=00000970 [FCD42223] X04=00000000 X08=00500000 X13=00000000 sw      a3,-60(s0/fp)
PC=00000974 [00000793] X15=00000000 X00=00000000 X00=00000000 addi    a5,zero,0
PC=00000978 [00078513] X10=00000000 X15=00000000 X00=00000000 addi    a0,a5,0
PC=0000097C [11C12403] X08=00000000 X02=004FFEE0 X28=FFFFFFFF lw      s0/fp,284(sp)
PC=00000980 [11812903] X18=00000000 X02=004FFEE0 X24=0000000A lw      s2,280(sp)
PC=00000984 [11412983] X19=00000000 X02=004FFEE0 X20=FFFFFFFF lw      s3,276(sp)
PC=00000988 [11012A03] X20=00000000 X02=004FFEE0 X16=29A9D353 lw      s4,272(sp)
PC=0000098C [10C12A83] X21=00000000 X02=004FFEE0 X12=00000000 lw      s5,268(sp)
PC=00000990 [10812B03] X22=00000000 X02=004FFEE0 X08=00000000 lw      s6,264(sp)
PC=00000994 [10412B83] X23=00000000 X02=004FFEE0 X04=00000000 lw      s7,260(sp)
PC=00000998 [10012C03] X24=00000000 X02=004FFEE0 X00=00000000 lw      s8,256(sp)
PC=0000099C [0FC12C83] X25=00000000 X02=004FFEE0 X28=FFFFFFFF lw      s9,252(sp)
PC=000009A0 [0F812D03] X26=00000000 X02=004FFEE0 X24=00000000 lw      s10,248(sp)
PC=000009A4 [0F412D83] X27=00000000 X02=004FFEE0 X20=00000000 lw      s11,244(sp)
PC=000009A8 [12010113] X02=00500000 X02=004FFEE0 X00=00000000 addi    sp,sp,288
PC=000009AC [00008067] X00=00000000 X01=000001C0 X00=00000000 jalr    zero,ra,0
PC=000001C0 [200002B7] X05=20000000 X00=00000000 X00=00000000 lui     t0,536870912
PC=000001C4 [00100073] X00=00000000 X00=00000000 X01=000001C0 ebreak  