PC=000001B8 [00500137] X02=00500000 X00=00000000 X05=00000000 lui     sp,5242880
PC=000001BC [00C000EF] X01=000001C0 X00=00000000 X12=00000000 jal     ra,12
PC=000001C8 [F9010113] X02=004FFF90 X02=00500000 X16=00000000 addi    sp,sp,-112
PC=000001CC [06812623] X12=00000000 X02=004FFF90 X08=00000000 sw      s0/fp,108(sp)
PC=000001D0 [07010413] X08=00500000 X02=004FFF90 X16=00000000 addi    s0/fp,sp,112
PC=000001D4 [00100313] X06=00000001 X00=00000000 X01=000001C0 addi    t1,zero,1
PC=000001D8 [FE6407A3] X15=00000000 X08=00500000 X06=00000001 sb      t1,-17(s0/fp)
PC=000001DC [00200313] X06=00000002 X00=00000000 X02=004FFF90 addi    t1,zero,2
PC=000001E0 [FE640723] X14=00000000 X08=00500000 X06=00000002 sb      t1,-18(s0/fp)
PC=000001E4 [00300313] X06=00000003 X00=00000000 X03=00000000 addi    t1,zero,3
PC=000001E8 [FE6406A3] X13=00000000 X08=00500000 X06=00000003 sb      t1,-19(s0/fp)
PC=000001EC [00400313] X06=00000004 X00=00000000 X04=00000000 addi    t1,zero,4
PC=000001F0 [FE640623] X12=00000000 X08=00500000 X06=00000004 sb      t1,-20(s0/fp)
PC=000001F4 [00500313] X06=00000005 X00=00000000 X05=00000000 addi    t1,zero,5
PC=000001F8 [FE6405A3] X11=00000000 X08=00500000 X06=00000005 sb      t1,-21(s0/fp)
PC=000001FC [FEF44E03] X28=00000001 X08=00500000 X15=00000000 lbu     t3,-17(s0/fp)
PC=00000200 [FEE44303] X06=00000002 X08=00500000 X14=00000000 lbu     t1,-18(s0/fp)
PC=00000204 [026E0333] X06=00000002 X28=00000001 X06=00000002 mul     t1,t3,t1
PC=00000208 [0FF37E13] X28=00000002 X06=00000002 X31=00000000 andi    t3,t1,255
PC=0000020C [FED44303] X06=00000003 X08=00500000 X13=00000000 lbu     t1,-19(s0/fp)
PC=00000210 [026E0333] X06=00000006 X28=00000002 X06=00000003 mul     t1,t3,t1
PC=00000214 [0FF37E13] X28=00000006 X06=00000006 X31=00000000 andi    t3,t1,255
PC=00000218 [FEC44303] X06=00000004 X08=00500000 X12=00000000 lbu     t1,-20(s0/fp)
PC=0000021C [026E0333] X06=00000018 X28=00000006 X06=00000004 mul     t1,t3,t1
PC=00000220 [0FF37E13] X28=00000018 X06=00000018 X31=00000000 andi    t3,t1,255
PC=00000224 [FEB44303] X06=00000005 X08=00500000 X11=00000000 lbu     t1,-21(s0/fp)
PC=00000228 [026E0333] X06=00000078 X28=00000018 X06=00000005 mul     t1,t3,t1
PC=0000022C [FE640523] X10=00000000 X08=00500000 X06=00000078 sb      t1,-22(s0/fp)
PC=00000230 [FE040523] X10=00000000 X08=00500000 X00=00000000 sb      zero,-22(s0/fp)
PC=00000234 [00100313] X06=00000001 X00=00000000 X01=000001C0 addi    t1,zero,1
PC=00000238 [FE641423] X08=00500000 X08=00500000 X06=00000001 sh      t1,-24(s0/fp)
PC=0000023C [00200313] X06=00000002 X00=00000000 X02=004FFF90 addi    t1,zero,2
PC=00000240 [FE641323] X06=00000002 X08=00500000 X06=00000002 sh      t1,-26(s0/fp)
PC=00000244 [00300313] X06=00000003 X00=00000000 X03=00000000 addi    t1,zero,3
PC=00000248 [FE641223] X04=00000000 X08=00500000 X06=00000003 sh      t1,-28(s0/fp)
PC=0000024C [00400313] X06=00000004 X00=00000000 X04=00000000 addi    t1,zero,4
PC=00000250 [FE641123] X02=004FFF90 X08=00500000 X06=00000004 sh      t1,-30(s0/fp)
PC=00000254 [00500313] X06=00000005 X00=00000000 X05=00000000 addi    t1,zero,5
PC=00000258 [FE641023] X00=00000000 X08=00500000 X06=00000005 sh      t1,-32(s0/fp)
PC=0000025C [FE845E03] X28=00000001 X08=00500000 X08=00500000 lhu     t3,-24(s0/fp)
PC=00000260 [FE645303] X06=00000002 X08=00500000 X06=00000005 lhu     t1,-26(s0/fp)
PC=00000264 [026E0333] X06=00000002 X28=00000001 X06=00000002 mul     t1,t3,t1
PC=00000268 [01031E13] X28=00020000 X06=00000002 X16=00000000 slli    t3,t1,16
PC=0000026C [010E5E13] X28=00000002 X28=00020000 X16=00000000 srli    t3,t3,16
PC=00000270 [FE445303] X06=00000003 X08=00500000 X04=00000000 lhu     t1,-28(s0/fp)
PC=00000274 [026E0333] X06=00000006 X28=00000002 X06=00000003 mul     t1,t3,t1
PC=00000278 [01031E13] X28=00060000 X06=00000006 X16=00000000 slli    t3,t1,16
PC=0000027C [010E5E13] X28=00000006 X28=00060000 X16=00000000 srli    t3,t3,16
PC=00000280 [FE245303] X06=00000004 X08=00500000 X02=004FFF90 lhu     t1,-30(s0/fp)
PC=00000284 [026E0333] X06=00000018 X28=00000006 X06=00000004 mul     t1,t3,t1
PC=00000288 [01031E13] X28=00180000 X06=00000018 X16=00000000 slli    t3,t1,16
PC=0000028C [010E5E13] X28=00000018 X28=00180000 X16=00000000 srli    t3,t3,16
PC=00000290 [FE045303] X06=00000005 X08=00500000 X00=00000000 lhu     t1,-32(s0/fp)
PC=00000294 [026E0333] X06=00000078 X28=00000018 X06=00000005 mul     t1,t3,t1
PC=00000298 [FC641F23] X30=00000000 X08=00500000 X06=00000078 sh      t1,-34(s0/fp)
PC=0000029C [FC041F23] X30=00000000 X08=00500000 X00=00000000 sh      zero,-34(s0/fp)
PC=000002A0 [00100313] X06=00000001 X00=00000000 X01=000001C0 addi    t1,zero,1
PC=000002A4 [FC642C23] X24=00000000 X08=00500000 X06=00000001 sw      t1,-40(s0/fp)
PC=000002A8 [00200313] X06=00000002 X00=00000000 X02=004FFF90 addi    t1,zero,2
PC=000002AC [FC642A23] X20=00000000 X08=00500000 X06=00000002 sw      t1,-44(s0/fp)
PC=000002B0 [00300313] X06=00000003 X00=00000000 X03=00000000 addi    t1,zero,3
PC=000002B4 [FC642823] X16=00000000 X08=00500000 X06=00000003 sw      t1,-48(s0/fp)
PC=000002B8 [00400313] X06=00000004 X00=00000000 X04=00000000 addi    t1,zero,4
PC=000002BC [FC642623] X12=00000000 X08=00500000 X06=00000004 sw      t1,-52(s0/fp)
PC=000002C0 [00500313] X06=00000005 X00=00000000 X05=00000000 addi    t1,zero,5
PC=000002C4 [FC642423] X08=00500000 X08=00500000 X06=00000005 sw      t1,-56(s0/fp)
PC=000002C8 [FD842E03] X28=00000001 X08=00500000 X24=00000000 lw      t3,-40(s0/fp)
PC=000002CC [FD442303] X06=00000002 X08=00500000 X20=00000000 lw      t1,-44(s0/fp)
PC=000002D0 [026E0E33] X28=00000002 X28=00000001 X06=00000002 mul     t3,t3,t1
PC=000002D4 [FD042303] X06=00000003 X08=00500000 X16=00000000 lw      t1,-48(s0/fp)
PC=000002D8 [026E0E33] X28=00000006 X28=00000002 X06=00000003 mul     t3,t3,t1
PC=000002DC [FCC42303] X06=00000004 X08=00500000 X12=00000000 lw      t1,-52(s0/fp)
PC=000002E0 [026E0333] X06=00000018 X28=00000006 X06=00000004 mul     t1,t3,t1
PC=000002E4 [FC842E03] X28=00000005 X08=00500000 X08=00500000 lw      t3,-56(s0/fp)
PC=000002E8 [026E0333] X06=00000078 X28=00000005 X06=00000018 mul     t1,t3,t1
PC=000002EC [FC642223] X04=00000000 X08=00500000 X06=00000078 sw      t1,-60(s0/fp)
PC=000002F0 [FC042223] X04=00000000 X08=00500000 X00=00000000 sw      zero,-60(s0/fp)
PC=000002F4 [00100313] X06=00000001 X00=00000000 X01=000001C0 addi    t1,zero,1
PC=000002F8 [00000393] X07=00000000 X00=00000000 X00=00000000 addi    t2,zero,0
PC=000002FC [FA642C23] X24=00000000 X08=00500000 X06=00000001 sw      t1,-72(s0/fp)
PC=00000300 [FA742E23] X28=00000005 X08=00500000 X07=00000000 sw      t2,-68(s0/fp)
PC=00000304 [00200313] X06=00000002 X00=00000000 X02=004FFF90 addi    t1,zero,2
PC=00000308 [00000393] X07=00000000 X00=00000000 X00=00000000 addi    t2,zero,0
PC=0000030C [FA642823] X16=00000000 X08=00500000 X06=00000002 sw      t1,-80(s0/fp)
PC=00000310 [FA742A23] X20=00000000 X08=00500000 X07=00000000 sw      t2,-76(s0/fp)
PC=00000314 [00300313] X06=00000003 X00=00000000 X03=00000000 addi    t1,zero,3
PC=00000318 [00000393] X07=00000000 X00=00000000 X00=00000000 addi    t2,zero,0
PC=0000031C [FA642423] X08=00500000 X08=00500000 X06=00000003 sw      t1,-88(s0/fp)
PC=00000320 [FA742623] X12=00000000 X08=00500000 X07=00000000 sw      t2,-84(s0/fp)
PC=00000324 [00400313] X06=00000004 X00=00000000 X04=00000000 addi    t1,zero,4
PC=00000328 [00000393] X07=00000000 X00=00000000 X00=00000000 addi    t2,zero,0
PC=0000032C [FA642023] X00=00000000 X08=00500000 X06=00000004 sw      t1,-96(s0/fp)
PC=00000330 [FA742223] X04=00000000 X08=00500000 X07=00000000 sw      t2,-92(s0/fp)
PC=00000334 [00500313] X06=00000005 X00=00000000 X05=00000000 addi    t1,zero,5
PC=00000338 [00000393] X07=00000000 X00=00000000 X00=00000000 addi    t2,zero,0
PC=0000033C [F8642C23] X24=00000000 X08=00500000 X06=00000005 sw      t1,-104(s0/fp)
PC=00000340 [F8742E23] X28=00000005 X08=00500000 X07=00000000 sw      t2,-100(s0/fp)
PC=00000344 [FBC42E03] X28=00000000 X08=00500000 X28=00000005 lw      t3,-68(s0/fp)
PC=00000348 [FB042303] X06=00000002 X08=00500000 X16=00000000 lw      t1,-80(s0/fp)
PC=0000034C [026E0E33] X28=00000000 X28=00000000 X06=00000002 mul     t3,t3,t1
PC=00000350 [FB442E83] X29=00000000 X08=00500000 X20=00000000 lw      t4,-76(s0/fp)
PC=00000354 [FB842303] X06=00000001 X08=00500000 X24=00000000 lw      t1,-72(s0/fp)
PC=00000358 [026E8333] X06=00000000 X29=00000000 X06=00000001 mul     t1,t4,t1
PC=0000035C [006E0EB3] X29=00000000 X28=00000000 X06=00000000 add     t4,t3,t1
PC=00000360 [FB842E03] X28=00000001 X08=00500000 X24=00000000 lw      t3,-72(s0/fp)
PC=00000364 [FB042303] X06=00000002 X08=00500000 X16=00000000 lw      t1,-80(s0/fp)
PC=00000368 [026E0F33] X30=00000002 X28=00000001 X06=00000002 mul     t5,t3,t1
PC=0000036C [026E35B3] X11=00000002 X28=00000001 X06=00000002 mulhu   a1,t3,t1
PC=00000370 [000F0513] X10=00000002 X30=00000002 X00=00000000 addi    a0,t5,0
PC=00000374 [00BE8333] X06=00000002 X29=00000000 X11=00000002 add     t1,t4,a1
PC=00000378 [00030593] X11=00000002 X06=00000002 X00=00000000 addi    a1,t1,0
PC=0000037C [FA842303] X06=00000003 X08=00500000 X08=00500000 lw      t1,-88(s0/fp)
PC=00000380 [02B30E33] X28=00000006 X06=00000003 X11=00000002 mul     t3,t1,a1
PC=00000384 [FAC42303] X06=00000000 X08=00500000 X12=00000000 lw      t1,-84(s0/fp)
PC=00000388 [02A30333] X06=00000000 X06=00000000 X10=00000002 mul     t1,t1,a0
PC=0000038C [006E0E33] X28=00000006 X28=00000006 X06=00000000 add     t3,t3,t1
PC=00000390 [FA842303] X06=00000003 X08=00500000 X08=00500000 lw      t1,-88(s0/fp)
PC=00000394 [02A30EB3] X29=00000006 X06=00000003 X10=00000002 mul     t4,t1,a0
PC=00000398 [02A336B3] X13=00000006 X06=00000003 X10=00000002 mulhu   a3,t1,a0
PC=0000039C [000E8613] X12=00000006 X29=00000006 X00=00000000 addi    a2,t4,0
PC=000003A0 [00DE05B3] X11=0000000C X28=00000006 X13=00000006 add     a1,t3,a3
PC=000003A4 [00058693] X13=0000000C X11=0000000C X00=00000000 addi    a3,a1,0
PC=000003A8 [FA042583] X11=00000004 X08=00500000 X00=00000000 lw      a1,-96(s0/fp)
PC=000003AC [02D58533] X10=00000030 X11=00000004 X13=0000000C mul     a0,a1,a3
PC=000003B0 [FA442583] X11=00000000 X08=00500000 X04=00000000 lw      a1,-92(s0/fp)
PC=000003B4 [02C585B3] X11=00000000 X11=00000000 X12=00000006 mul     a1,a1,a2
PC=000003B8 [00B50533] X10=00000030 X10=00000030 X11=00000000 add     a0,a0,a1
PC=000003BC [FA042583] X11=00000004 X08=00500000 X00=00000000 lw      a1,-96(s0/fp)
PC=000003C0 [02C58333] X06=00000018 X11=00000004 X12=00000006 mul     t1,a1,a2
PC=000003C4 [02C5B7B3] X15=00000018 X11=00000004 X12=00000006 mulhu   a5,a1,a2
PC=000003C8 [00030713] X14=00000018 X06=00000018 X00=00000000 addi    a4,t1,0
PC=000003CC [00F506B3] X13=00000048 X10=00000030 X15=00000018 add     a3,a0,a5
PC=000003D0 [00068793] X15=00000048 X13=00000048 X00=00000000 addi    a5,a3,0
PC=000003D4 [F9C42683] X13=00000000 X08=00500000 X28=00000006 lw      a3,-100(s0/fp)
PC=000003D8 [02E68633] X12=00000000 X13=00000000 X14=00000018 mul     a2,a3,a4
PC=000003DC [F9842683] X13=00000005 X08=00500000 X24=00000000 lw      a3,-104(s0/fp)
PC=000003E0 [02F686B3] X13=00000168 X13=00000005 X15=00000048 mul     a3,a3,a5
PC=000003E4 [00D60633] X12=00000168 X12=00000000 X13=00000168 add     a2,a2,a3
PC=000003E8 [F9842683] X13=00000005 X08=00500000 X24=00000000 lw      a3,-104(s0/fp)
PC=000003EC [02E685B3] X11=00000078 X13=00000005 X14=00000018 mul     a1,a3,a4
PC=000003F0 [02E6B8B3] X17=00000078 X13=00000005 X14=00000018 mulhu   a7,a3,a4
PC=000003F4 [00058813] X16=00000078 X11=00000078 X00=00000000 addi    a6,a1,0
PC=000003F8 [011607B3] X15=000001E0 X12=00000168 X17=00000078 add     a5,a2,a7
PC=000003FC [00078893] X17=000001E0 X15=000001E0 X00=00000000 addi    a7,a5,0
PC=00000400 [F9042823] X16=00000078 X08=00500000 X16=00000078 sw      a6,-112(s0/fp)
PC=00000404 [F9142A23] X20=00000000 X08=00500000 X17=000001E0 sw      a7,-108(s0/fp)
PC=00000408 [F9042823] X16=00000078 X08=00500000 X16=00000078 sw      a6,-112(s0/fp)
PC=0000040C [F9142A23] X20=00000000 X08=00500000 X17=000001E0 sw      a7,-108(s0/fp)
PC=00000410 [00000613] X12=00000000 X00=00000000 X00=00000000 addi    a2,zero,0
PC=00000414 [00000693] X13=00000000 X00=00000000 X00=00000000 addi    a3,zero,0
PC=00000418 [F8C42823] X16=00000078 X08=00500000 X12=00000000 sw      a2,-112(s0/fp)
PC=0000041C [F8D42A23] X20=00000000 X08=00500000 X13=00000000 sw      a3,-108(s0/fp)
PC=00000420 [00500793] X15=00000005 X00=00000000 X05=00000000 addi    a5,zero,5
PC=00000424 [FEF407A3] X15=00000005 X08=00500000 X15=00000005 sb      a5,-17(s0/fp)
PC=00000428 [FEF44783] X15=00000005 X08=00500000 X15=00000005 lbu     a5,-17(s0/fp)
PC=0000042C [01079793] X15=00050000 X15=00000005 X16=00000078 slli    a5,a5,16
PC=00000430 [0107D793] X15=00000005 X15=00050000 X16=00000078 srli    a5,a5,16
PC=00000434 [00078713] X14=00000005 X15=00000005 X00=00000000 addi    a4,a5,0
PC=00000438 [00070793] X15=00000005 X14=00000005 X00=00000000 addi    a5,a4,0
PC=0000043C [00379793] X15=00000028 X15=00000005 X03=00000000 slli    a5,a5,3
PC=00000440 [40E787B3] X15=00000023 X15=00000028 X14=00000005 sub     a5,a5,a4
PC=00000444 [FCF41F23] X30=00000002 X08=00500000 X15=00000023 sh      a5,-34(s0/fp)
PC=00000448 [FC041F23] X30=00000002 X08=00500000 X00=00000000 sh      zero,-34(s0/fp)
PC=0000044C [00500793] X15=00000005 X00=00000000 X05=00000000 addi    a5,zero,5
PC=00000450 [FEF41423] X08=00500000 X08=00500000 X15=00000005 sh      a5,-24(s0/fp)
PC=00000454 [FE845703] X14=00000005 X08=00500000 X08=00500000 lhu     a4,-24(s0/fp)
PC=00000458 [00070793] X15=00000005 X14=00000005 X00=00000000 addi    a5,a4,0
PC=0000045C [00379793] X15=00000028 X15=00000005 X03=00000000 slli    a5,a5,3
PC=00000460 [40E787B3] X15=00000023 X15=00000028 X14=00000005 sub     a5,a5,a4
PC=00000464 [FCF42223] X04=00000000 X08=00500000 X15=00000023 sw      a5,-60(s0/fp)
PC=00000468 [FC042223] X04=00000000 X08=00500000 X00=00000000 sw      zero,-60(s0/fp)
PC=0000046C [00500793] X15=00000005 X00=00000000 X05=00000000 addi    a5,zero,5
PC=00000470 [FCF42C23] X24=00000000 X08=00500000 X15=00000005 sw      a5,-40(s0/fp)
PC=00000474 [FD842703] X14=00000005 X08=00500000 X24=00000000 lw      a4,-40(s0/fp)
PC=00000478 [00070793] X15=00000005 X14=00000005 X00=00000000 addi    a5,a4,0
PC=0000047C [00379793] X15=00000028 X15=00000005 X03=00000000 slli    a5,a5,3
PC=00000480 [40E787B3] X15=00000023 X15=00000028 X14=00000005 sub     a5,a5,a4
PC=00000484 [F8F42823] X16=00000078 X08=00500000 X15=00000023 sw      a5,-112(s0/fp)
PC=00000488 [F8042A23] X20=00000000 X08=00500000 X00=00000000 sw      zero,-108(s0/fp)
PC=0000048C [F8C42823] X16=00000078 X08=00500000 X12=00000000 sw      a2,-112(s0/fp)
PC=00000490 [F8D42A23] X20=00000000 X08=00500000 X13=00000000 sw      a3,-108(s0/fp)
PC=00000494 [01100793] X15=00000011 X00=00000000 X17=000001E0 addi    a5,zero,17
PC=00000498 [FEF407A3] X15=00000011 X08=00500000 X15=00000011 sb      a5,-17(s0/fp)
PC=0000049C [FEF44783] X15=00000011 X08=00500000 X15=00000011 lbu     a5,-17(s0/fp)
PC=000004A0 [01079793] X15=00110000 X15=00000011 X16=00000078 slli    a5,a5,16
PC=000004A4 [0107D793] X15=00000011 X15=00110000 X16=00000078 srli    a5,a5,16
PC=000004A8 [00078713] X14=00000011 X15=00000011 X00=00000000 addi    a4,a5,0
PC=000004AC [00070793] X15=00000011 X14=00000011 X00=00000000 addi    a5,a4,0
PC=000004B0 [00279793] X15=00000044 X15=00000011 X02=004FFF90 slli    a5,a5,2
PC=000004B4 [00E787B3] X15=00000055 X15=00000044 X14=00000011 add     a5,a5,a4
PC=000004B8 [FCF41F23] X30=00000002 X08=00500000 X15=00000055 sh      a5,-34(s0/fp)
PC=000004BC [FC041F23] X30=00000002 X08=00500000 X00=00000000 sh      zero,-34(s0/fp)
PC=000004C0 [01100793] X15=00000011 X00=00000000 X17=000001E0 addi    a5,zero,17
PC=000004C4 [FEF41423] X08=00500000 X08=00500000 X15=00000011 sh      a5,-24(s0/fp)
PC=000004C8 [FE845703] X14=00000011 X08=00500000 X08=00500000 lhu     a4,-24(s0/fp)
PC=000004CC [00070793] X15=00000011 X14=00000011 X00=00000000 addi    a5,a4,0
PC=000004D0 [00279793] X15=00000044 X15=00000011 X02=004FFF90 slli    a5,a5,2
PC=000004D4 [00E787B3] X15=00000055 X15=00000044 X14=00000011 add     a5,a5,a4
PC=000004D8 [FCF42223] X04=00000000 X08=00500000 X15=00000055 sw      a5,-60(s0/fp)
PC=000004DC [FC042223] X04=00000000 X08=00500000 X00=00000000 sw      zero,-60(s0/fp)
PC=000004E0 [01100793] X15=00000011 X00=00000000 X17=000001E0 addi    a5,zero,17
PC=000004E4 [FCF42C23] X24=00000000 X08=00500000 X15=00000011 sw      a5,-40(s0/fp)
PC=000004E8 [FD842703] X14=00000011 X08=00500000 X24=00000000 lw      a4,-40(s0/fp)
PC=000004EC [00070793] X15=00000011 X14=00000011 X00=00000000 addi    a5,a4,0
PC=000004F0 [00279793] X15=00000044 X15=00000011 X02=004FFF90 slli    a5,a5,2
PC=000004F4 [00E787B3] X15=00000055 X15=00000044 X14=00000011 add     a5,a5,a4
PC=000004F8 [F8F42823] X16=00000078 X08=00500000 X15=00000055 sw      a5,-112(s0/fp)
PC=000004FC [F8042A23] X20=00000000 X08=00500000 X00=00000000 sw      zero,-108(s0/fp)
PC=00000500 [F8C42823] X16=00000078 X08=00500000 X12=00000000 sw      a2,-112(s0/fp)
PC=00000504 [F8D42A23] X20=00000000 X08=00500000 X13=00000000 sw      a3,-108(s0/fp)
PC=00000508 [00000793] X15=00000000 X00=00000000 X00=00000000 addi    a5,zero,0
PC=0000050C [00078513] X10=00000000 X15=00000000 X00=00000000 addi    a0,a5,0
PC=00000510 [06C12403] X08=00000000 X02=004FFF90 X12=00000000 lw      s0/fp,108(sp)
PC=00000514 [07010113] X02=00500000 X02=004FFF90 X16=00000078 addi    sp,sp,112
PC=00000518 [00008067] X00=00000000 X01=000001C0 X00=00000000 jalr    zero,ra,0
PC=000001C0 [200002B7] X05=20000000 X00=00000000 X00=00000000 lui     t0,536870912
PC=000001C4 [00100073] X00=00000000 X00=00000000 X01=000001C0 ebreak  