PC=000001B8 [00500137] X02=00500000 X00=00000000 X05=00000000 lui     sp,5242880
PC=000001BC [00C000EF] X01=000001C0 X00=00000000 X12=00000000 jal     ra,12
PC=000001C8 [FD010113] X02=004FFFD0 X02=00500000 X16=00000000 addi    sp,sp,-48
PC=000001CC [02812623] X12=00000000 X02=004FFFD0 X08=00000000 sw      s0/fp,44(sp)
PC=000001D0 [03010413] X08=00500000 X02=004FFFD0 X16=00000000 addi    s0/fp,sp,48
PC=000001D4 [FFF00793] X15=FFFFFFFF X00=00000000 X31=00000000 addi    a5,zero,-1
PC=000001D8 [FEF41723] X14=00000000 X08=00500000 X15=FFFFFFFF sh      a5,-18(s0/fp)
PC=000001DC [FFF00793] X15=FFFFFFFF X00=00000000 X31=00000000 addi    a5,zero,-1
PC=000001E0 [FEF41623] X12=00000000 X08=00500000 X15=FFFFFFFF sh      a5,-20(s0/fp)
PC=000001E4 [FEE45703] X14=0000FFFF X08=00500000 X14=00000000 lhu     a4,-18(s0/fp)
PC=000001E8 [FEC45783] X15=0000FFFF X08=00500000 X12=00000000 lhu     a5,-20(s0/fp)
PC=000001EC [00F767B3] X15=0000FFFF X14=0000FFFF X15=0000FFFF or      a5,a4,a5
PC=000001F0 [FEF41523] X10=00000000 X08=00500000 X15=0000FFFF sh      a5,-22(s0/fp)
PC=000001F4 [FE041523] X10=00000000 X08=00500000 X00=00000000 sh      zero,-22(s0/fp)
PC=000001F8 [FEE45703] X14=0000FFFF X08=00500000 X14=0000FFFF lhu     a4,-18(s0/fp)
PC=000001FC [FEC45783] X15=0000FFFF X08=00500000 X12=00000000 lhu     a5,-20(s0/fp)
PC=00000200 [00F777B3] X15=0000FFFF X14=0000FFFF X15=0000FFFF and     a5,a4,a5
PC=00000204 [FEF41423] X08=00500000 X08=00500000 X15=0000FFFF sh      a5,-24(s0/fp)
PC=00000208 [FE041423] X08=00500000 X08=00500000 X00=00000000 sh      zero,-24(s0/fp)
PC=0000020C [FEE45703] X14=0000FFFF X08=00500000 X14=0000FFFF lhu     a4,-18(s0/fp)
PC=00000210 [FEC45783] X15=0000FFFF X08=00500000 X12=00000000 lhu     a5,-20(s0/fp)
PC=00000214 [00F747B3] X15=00000000 X14=0000FFFF X15=0000FFFF xor     a5,a4,a5
PC=00000218 [FEF41323] X06=00000000 X08=00500000 X15=00000000 sh      a5,-26(s0/fp)
PC=0000021C [FE041323] X06=00000000 X08=00500000 X00=00000000 sh      zero,-26(s0/fp)
PC=00000220 [FEE45703] X14=0000FFFF X08=00500000 X14=0000FFFF lhu     a4,-18(s0/fp)
PC=00000224 [FEC45783] X15=0000FFFF X08=00500000 X12=00000000 lhu     a5,-20(s0/fp)
PC=00000228 [00F767B3] X15=0000FFFF X14=0000FFFF X15=0000FFFF or      a5,a4,a5
PC=0000022C [01079793] X15=FFFF0000 X15=0000FFFF X16=00000000 slli    a5,a5,16
PC=00000230 [0107D793] X15=0000FFFF X15=FFFF0000 X16=00000000 srli    a5,a5,16
PC=00000234 [FFF7C793] X15=FFFF0000 X15=0000FFFF X31=00000000 xori    a5,a5,-1
PC=00000238 [FEF41223] X04=00000000 X08=00500000 X15=FFFF0000 sh      a5,-28(s0/fp)
PC=0000023C [FE041223] X04=00000000 X08=00500000 X00=00000000 sh      zero,-28(s0/fp)
PC=00000240 [FEE45703] X14=0000FFFF X08=00500000 X14=0000FFFF lhu     a4,-18(s0/fp)
PC=00000244 [FEC45783] X15=0000FFFF X08=00500000 X12=00000000 lhu     a5,-20(s0/fp)
PC=00000248 [00F777B3] X15=0000FFFF X14=0000FFFF X15=0000FFFF and     a5,a4,a5
PC=0000024C [01079793] X15=FFFF0000 X15=0000FFFF X16=00000000 slli    a5,a5,16
PC=00000250 [0107D793] X15=0000FFFF X15=FFFF0000 X16=00000000 srli    a5,a5,16
PC=00000254 [FFF7C793] X15=FFFF0000 X15=0000FFFF X31=00000000 xori    a5,a5,-1
PC=00000258 [FEF41123] X02=004FFFD0 X08=00500000 X15=FFFF0000 sh      a5,-30(s0/fp)
PC=0000025C [FE041123] X02=004FFFD0 X08=00500000 X00=00000000 sh      zero,-30(s0/fp)
PC=00000260 [FEE45703] X14=0000FFFF X08=00500000 X14=0000FFFF lhu     a4,-18(s0/fp)
PC=00000264 [FEC45783] X15=0000FFFF X08=00500000 X12=00000000 lhu     a5,-20(s0/fp)
PC=00000268 [00F747B3] X15=00000000 X14=0000FFFF X15=0000FFFF xor     a5,a4,a5
PC=0000026C [01079793] X15=00000000 X15=00000000 X16=00000000 slli    a5,a5,16
PC=00000270 [0107D793] X15=00000000 X15=00000000 X16=00000000 srli    a5,a5,16
PC=00000274 [FFF7C793] X15=FFFFFFFF X15=00000000 X31=00000000 xori    a5,a5,-1
PC=00000278 [FEF41023] X00=00000000 X08=00500000 X15=FFFFFFFF sh      a5,-32(s0/fp)
PC=0000027C [FE041023] X00=00000000 X08=00500000 X00=00000000 sh      zero,-32(s0/fp)
PC=00000280 [FEE45783] X15=0000FFFF X08=00500000 X14=0000FFFF lhu     a5,-18(s0/fp)
PC=00000284 [FFF7C793] X15=FFFF0000 X15=0000FFFF X31=00000000 xori    a5,a5,-1
PC=00000288 [FCF41F23] X30=00000000 X08=00500000 X15=FFFF0000 sh      a5,-34(s0/fp)
PC=0000028C [FC041F23] X30=00000000 X08=00500000 X00=00000000 sh      zero,-34(s0/fp)
PC=00000290 [FEC45783] X15=0000FFFF X08=00500000 X12=00000000 lhu     a5,-20(s0/fp)
PC=00000294 [FFF7C793] X15=FFFF0000 X15=0000FFFF X31=00000000 xori    a5,a5,-1
PC=00000298 [FCF41E23] X28=00000000 X08=00500000 X15=FFFF0000 sh      a5,-36(s0/fp)
PC=0000029C [FC041E23] X28=00000000 X08=00500000 X00=00000000 sh      zero,-36(s0/fp)
PC=000002A0 [000017B7] X15=00001000 X00=00000000 X00=00000000 lui     a5,4096
PC=000002A4 [F0F78793] X15=00000F0F X15=00001000 X15=00001000 addi    a5,a5,-241
PC=000002A8 [FEF41723] X14=0000FFFF X08=00500000 X15=00000F0F sh      a5,-18(s0/fp)
PC=000002AC [FFFFF7B7] X15=FFFFF000 X31=00000000 X31=00000000 lui     a5,4294963200
PC=000002B0 [0F078793] X15=FFFFF0F0 X15=FFFFF000 X16=00000000 addi    a5,a5,240
PC=000002B4 [FEF41623] X12=00000000 X08=00500000 X15=FFFFF0F0 sh      a5,-20(s0/fp)
PC=000002B8 [FEE45703] X14=00000F0F X08=00500000 X14=0000FFFF lhu     a4,-18(s0/fp)
PC=000002BC [FEC45783] X15=0000F0F0 X08=00500000 X12=00000000 lhu     a5,-20(s0/fp)
PC=000002C0 [00F767B3] X15=0000FFFF X14=00000F0F X15=0000F0F0 or      a5,a4,a5
PC=000002C4 [FEF41523] X10=00000000 X08=00500000 X15=0000FFFF sh      a5,-22(s0/fp)
PC=000002C8 [FE041523] X10=00000000 X08=00500000 X00=00000000 sh      zero,-22(s0/fp)
PC=000002CC [FEE45703] X14=00000F0F X08=00500000 X14=00000F0F lhu     a4,-18(s0/fp)
PC=000002D0 [FEC45783] X15=0000F0F0 X08=00500000 X12=00000000 lhu     a5,-20(s0/fp)
PC=000002D4 [00F777B3] X15=00000000 X14=00000F0F X15=0000F0F0 and     a5,a4,a5
PC=000002D8 [FEF41423] X08=00500000 X08=00500000 X15=00000000 sh      a5,-24(s0/fp)
PC=000002DC [FE041423] X08=00500000 X08=00500000 X00=00000000 sh      zero,-24(s0/fp)
PC=000002E0 [FEE45703] X14=00000F0F X08=00500000 X14=00000F0F lhu     a4,-18(s0/fp)
PC=000002E4 [FEC45783] X15=0000F0F0 X08=00500000 X12=00000000 lhu     a5,-20(s0/fp)
PC=000002E8 [00F747B3] X15=0000FFFF X14=00000F0F X15=0000F0F0 xor     a5,a4,a5
PC=000002EC [FEF41323] X06=00000000 X08=00500000 X15=0000FFFF sh      a5,-26(s0/fp)
PC=000002F0 [FE041323] X06=00000000 X08=00500000 X00=00000000 sh      zero,-26(s0/fp)
PC=000002F4 [FEE45703] X14=00000F0F X08=00500000 X14=00000F0F lhu     a4,-18(s0/fp)
PC=000002F8 [FEC45783] X15=0000F0F0 X08=00500000 X12=00000000 lhu     a5,-20(s0/fp)
PC=000002FC [00F767B3] X15=0000FFFF X14=00000F0F X15=0000F0F0 or      a5,a4,a5
PC=00000300 [01079793] X15=FFFF0000 X15=0000FFFF X16=00000000 slli    a5,a5,16
PC=00000304 [0107D793] X15=0000FFFF X15=FFFF0000 X16=00000000 srli    a5,a5,16
PC=00000308 [FFF7C793] X15=FFFF0000 X15=0000FFFF X31=00000000 xori    a5,a5,-1
PC=0000030C [FEF41223] X04=00000000 X08=00500000 X15=FFFF0000 sh      a5,-28(s0/fp)
PC=00000310 [FE041223] X04=00000000 X08=00500000 X00=00000000 sh      zero,-28(s0/fp)
PC=00000314 [FEE45703] X14=00000F0F X08=00500000 X14=00000F0F lhu     a4,-18(s0/fp)
PC=00000318 [FEC45783] X15=0000F0F0 X08=00500000 X12=00000000 lhu     a5,-20(s0/fp)
PC=0000031C [00F777B3] X15=00000000 X14=00000F0F X15=0000F0F0 and     a5,a4,a5
PC=00000320 [01079793] X15=00000000 X15=00000000 X16=00000000 slli    a5,a5,16
PC=00000324 [0107D793] X15=00000000 X15=00000000 X16=00000000 srli    a5,a5,16
PC=00000328 [FFF7C793] X15=FFFFFFFF X15=00000000 X31=00000000 xori    a5,a5,-1
PC=0000032C [FEF41123] X02=004FFFD0 X08=00500000 X15=FFFFFFFF sh      a5,-30(s0/fp)
PC=00000330 [FE041123] X02=004FFFD0 X08=00500000 X00=00000000 sh      zero,-30(s0/fp)
PC=00000334 [FEE45703] X14=00000F0F X08=00500000 X14=00000F0F lhu     a4,-18(s0/fp)
PC=00000338 [FEC45783] X15=0000F0F0 X08=00500000 X12=00000000 lhu     a5,-20(s0/fp)
PC=0000033C [00F747B3] X15=0000FFFF X14=00000F0F X15=0000F0F0 xor     a5,a4,a5
PC=00000340 [01079793] X15=FFFF0000 X15=0000FFFF X16=00000000 slli    a5,a5,16
PC=00000344 [0107D793] X15=0000FFFF X15=FFFF0000 X16=00000000 srli    a5,a5,16
PC=00000348 [FFF7C793] X15=FFFF0000 X15=0000FFFF X31=00000000 xori    a5,a5,-1
PC=0000034C [FEF41023] X00=00000000 X08=00500000 X15=FFFF0000 sh      a5,-32(s0/fp)
PC=00000350 [FE041023] X00=00000000 X08=00500000 X00=00000000 sh      zero,-32(s0/fp)
PC=00000354 [FEE45783] X15=00000F0F X08=00500000 X14=00000F0F lhu     a5,-18(s0/fp)
PC=00000358 [FFF7C793] X15=FFFFF0F0 X15=00000F0F X31=00000000 xori    a5,a5,-1
PC=0000035C [FCF41F23] X30=00000000 X08=00500000 X15=FFFFF0F0 sh      a5,-34(s0/fp)
PC=00000360 [FC041F23] X30=00000000 X08=00500000 X00=00000000 sh      zero,-34(s0/fp)
PC=00000364 [FEC45783] X15=0000F0F0 X08=00500000 X12=00000000 lhu     a5,-20(s0/fp)
PC=00000368 [FFF7C793] X15=FFFF0F0F X15=0000F0F0 X31=00000000 xori    a5,a5,-1
PC=0000036C [FCF41E23] X28=00000000 X08=00500000 X15=FFFF0F0F sh      a5,-36(s0/fp)
PC=00000370 [FC041E23] X28=00000000 X08=00500000 X00=00000000 sh      zero,-36(s0/fp)
PC=00000374 [FFF00793] X15=FFFFFFFF X00=00000000 X31=00000000 addi    a5,zero,-1
PC=00000378 [FEF41723] X14=00000F0F X08=00500000 X15=FFFFFFFF sh      a5,-18(s0/fp)
PC=0000037C [FE041623] X12=00000000 X08=00500000 X00=00000000 sh      zero,-20(s0/fp)
PC=00000380 [FEE45703] X14=0000FFFF X08=00500000 X14=00000F0F lhu     a4,-18(s0/fp)
PC=00000384 [FEC45783] X15=00000000 X08=00500000 X12=00000000 lhu     a5,-20(s0/fp)
PC=00000388 [00F767B3] X15=0000FFFF X14=0000FFFF X15=00000000 or      a5,a4,a5
PC=0000038C [FEF41523] X10=00000000 X08=00500000 X15=0000FFFF sh      a5,-22(s0/fp)
PC=00000390 [FE041523] X10=00000000 X08=00500000 X00=00000000 sh      zero,-22(s0/fp)
PC=00000394 [FEE45703] X14=0000FFFF X08=00500000 X14=0000FFFF lhu     a4,-18(s0/fp)
PC=00000398 [FEC45783] X15=00000000 X08=00500000 X12=00000000 lhu     a5,-20(s0/fp)
PC=0000039C [00F777B3] X15=00000000 X14=0000FFFF X15=00000000 and     a5,a4,a5
PC=000003A0 [FEF41423] X08=00500000 X08=00500000 X15=00000000 sh      a5,-24(s0/fp)
PC=000003A4 [FE041423] X08=00500000 X08=00500000 X00=00000000 sh      zero,-24(s0/fp)
PC=000003A8 [FEE45703] X14=0000FFFF X08=00500000 X14=0000FFFF lhu     a4,-18(s0/fp)
PC=000003AC [FEC45783] X15=00000000 X08=00500000 X12=00000000 lhu     a5,-20(s0/fp)
PC=000003B0 [00F747B3] X15=0000FFFF X14=0000FFFF X15=00000000 xor     a5,a4,a5
PC=000003B4 [FEF41323] X06=00000000 X08=00500000 X15=0000FFFF sh      a5,-26(s0/fp)
PC=000003B8 [FE041323] X06=00000000 X08=00500000 X00=00000000 sh      zero,-26(s0/fp)
PC=000003BC [FEE45703] X14=0000FFFF X08=00500000 X14=0000FFFF lhu     a4,-18(s0/fp)
PC=000003C0 [FEC45783] X15=00000000 X08=00500000 X12=00000000 lhu     a5,-20(s0/fp)
PC=000003C4 [00F767B3] X15=0000FFFF X14=0000FFFF X15=00000000 or      a5,a4,a5
PC=000003C8 [01079793] X15=FFFF0000 X15=0000FFFF X16=00000000 slli    a5,a5,16
PC=000003CC [0107D793] X15=0000FFFF X15=FFFF0000 X16=00000000 srli    a5,a5,16
PC=000003D0 [FFF7C793] X15=FFFF0000 X15=0000FFFF X31=00000000 xori    a5,a5,-1
PC=000003D4 [FEF41223] X04=00000000 X08=00500000 X15=FFFF0000 sh      a5,-28(s0/fp)
PC=000003D8 [FE041223] X04=00000000 X08=00500000 X00=00000000 sh      zero,-28(s0/fp)
PC=000003DC [FEE45703] X14=0000FFFF X08=00500000 X14=0000FFFF lhu     a4,-18(s0/fp)
PC=000003E0 [FEC45783] X15=00000000 X08=00500000 X12=00000000 lhu     a5,-20(s0/fp)
PC=000003E4 [00F777B3] X15=00000000 X14=0000FFFF X15=00000000 and     a5,a4,a5
PC=000003E8 [01079793] X15=00000000 X15=00000000 X16=00000000 slli    a5,a5,16
PC=000003EC [0107D793] X15=00000000 X15=00000000 X16=00000000 srli    a5,a5,16
PC=000003F0 [FFF7C793] X15=FFFFFFFF X15=00000000 X31=00000000 xori    a5,a5,-1
PC=000003F4 [FEF41123] X02=004FFFD0 X08=00500000 X15=FFFFFFFF sh      a5,-30(s0/fp)
PC=000003F8 [FE041123] X02=004FFFD0 X08=00500000 X00=00000000 sh      zero,-30(s0/fp)
PC=000003FC [FEE45703] X14=0000FFFF X08=00500000 X14=0000FFFF lhu     a4,-18(s0/fp)
PC=00000400 [FEC45783] X15=00000000 X08=00500000 X12=00000000 lhu     a5,-20(s0/fp)
PC=00000404 [00F747B3] X15=0000FFFF X14=0000FFFF X15=00000000 xor     a5,a4,a5
PC=00000408 [01079793] X15=FFFF0000 X15=0000FFFF X16=00000000 slli    a5,a5,16
PC=0000040C [0107D793] X15=0000FFFF X15=FFFF0000 X16=00000000 srli    a5,a5,16
PC=00000410 [FFF7C793] X15=FFFF0000 X15=0000FFFF X31=00000000 xori    a5,a5,-1
PC=00000414 [FEF41023] X00=00000000 X08=00500000 X15=FFFF0000 sh      a5,-32(s0/fp)
PC=00000418 [FE041023] X00=00000000 X08=00500000 X00=00000000 sh      zero,-32(s0/fp)
PC=0000041C [FEE45783] X15=0000FFFF X08=00500000 X14=0000FFFF lhu     a5,-18(s0/fp)
PC=00000420 [FFF7C793] X15=FFFF0000 X15=0000FFFF X31=00000000 xori    a5,a5,-1
PC=00000424 [FCF41F23] X30=00000000 X08=00500000 X15=FFFF0000 sh      a5,-34(s0/fp)
PC=00000428 [FC041F23] X30=00000000 X08=00500000 X00=00000000 sh      zero,-34(s0/fp)
PC=0000042C [FEC45783] X15=00000000 X08=00500000 X12=00000000 lhu     a5,-20(s0/fp)
PC=00000430 [FFF7C793] X15=FFFFFFFF X15=00000000 X31=00000000 xori    a5,a5,-1
PC=00000434 [FCF41E23] X28=00000000 X08=00500000 X15=FFFFFFFF sh      a5,-36(s0/fp)
PC=00000438 [FC041E23] X28=00000000 X08=00500000 X00=00000000 sh      zero,-36(s0/fp)
PC=0000043C [000057B7] X15=00005000 X00=00000000 X00=00000000 lui     a5,20480
PC=00000440 [55578793] X15=00005555 X15=00005000 X21=00000000 addi    a5,a5,1365
PC=00000444 [FEF41723] X14=0000FFFF X08=00500000 X15=00005555 sh      a5,-18(s0/fp)
PC=00000448 [FFFFB7B7] X15=FFFFB000 X31=00000000 X31=00000000 lui     a5,4294946816
PC=0000044C [AAA78793] X15=FFFFAAAA X15=FFFFB000 X10=00000000 addi    a5,a5,-1366
PC=00000450 [FEF41623] X12=00000000 X08=00500000 X15=FFFFAAAA sh      a5,-20(s0/fp)
PC=00000454 [FEE45703] X14=00005555 X08=00500000 X14=0000FFFF lhu     a4,-18(s0/fp)
PC=00000458 [FEC45783] X15=0000AAAA X08=00500000 X12=00000000 lhu     a5,-20(s0/fp)
PC=0000045C [00F767B3] X15=0000FFFF X14=00005555 X15=0000AAAA or      a5,a4,a5
PC=00000460 [FEF41523] X10=00000000 X08=00500000 X15=0000FFFF sh      a5,-22(s0/fp)
PC=00000464 [FE041523] X10=00000000 X08=00500000 X00=00000000 sh      zero,-22(s0/fp)
PC=00000468 [FEE45703] X14=00005555 X08=00500000 X14=00005555 lhu     a4,-18(s0/fp)
PC=0000046C [FEC45783] X15=0000AAAA X08=00500000 X12=00000000 lhu     a5,-20(s0/fp)
PC=00000470 [00F777B3] X15=00000000 X14=00005555 X15=0000AAAA and     a5,a4,a5
PC=00000474 [FEF41423] X08=00500000 X08=00500000 X15=00000000 sh      a5,-24(s0/fp)
PC=00000478 [FE041423] X08=00500000 X08=00500000 X00=00000000 sh      zero,-24(s0/fp)
PC=0000047C [FEE45703] X14=00005555 X08=00500000 X14=00005555 lhu     a4,-18(s0/fp)
PC=00000480 [FEC45783] X15=0000AAAA X08=00500000 X12=00000000 lhu     a5,-20(s0/fp)
PC=00000484 [00F747B3] X15=0000FFFF X14=00005555 X15=0000AAAA xor     a5,a4,a5
PC=00000488 [FEF41323] X06=00000000 X08=00500000 X15=0000FFFF sh      a5,-26(s0/fp)
PC=0000048C [FE041323] X06=00000000 X08=00500000 X00=00000000 sh      zero,-26(s0/fp)
PC=00000490 [FEE45703] X14=00005555 X08=00500000 X14=00005555 lhu     a4,-18(s0/fp)
PC=00000494 [FEC45783] X15=0000AAAA X08=00500000 X12=00000000 lhu     a5,-20(s0/fp)
PC=00000498 [00F767B3] X15=0000FFFF X14=00005555 X15=0000AAAA or      a5,a4,a5
PC=0000049C [01079793] X15=FFFF0000 X15=0000FFFF X16=00000000 slli    a5,a5,16
PC=000004A0 [0107D793] X15=0000FFFF X15=FFFF0000 X16=00000000 srli    a5,a5,16
PC=000004A4 [FFF7C793] X15=FFFF0000 X15=0000FFFF X31=00000000 xori    a5,a5,-1
PC=000004A8 [FEF41223] X04=00000000 X08=00500000 X15=FFFF0000 sh      a5,-28(s0/fp)
PC=000004AC [FE041223] X04=00000000 X08=00500000 X00=00000000 sh      zero,-28(s0/fp)
PC=000004B0 [FEE45703] X14=00005555 X08=00500000 X14=00005555 lhu     a4,-18(s0/fp)
PC=000004B4 [FEC45783] X15=0000AAAA X08=00500000 X12=00000000 lhu     a5,-20(s0/fp)
PC=000004B8 [00F777B3] X15=00000000 X14=00005555 X15=0000AAAA and     a5,a4,a5
PC=000004BC [01079793] X15=00000000 X15=00000000 X16=00000000 slli    a5,a5,16
PC=000004C0 [0107D793] X15=00000000 X15=00000000 X16=00000000 srli    a5,a5,16
PC=000004C4 [FFF7C793] X15=FFFFFFFF X15=00000000 X31=00000000 xori    a5,a5,-1
PC=000004C8 [FEF41123] X02=004FFFD0 X08=00500000 X15=FFFFFFFF sh      a5,-30(s0/fp)
PC=000004CC [FE041123] X02=004FFFD0 X08=00500000 X00=00000000 sh      zero,-30(s0/fp)
PC=000004D0 [FEE45703] X14=00005555 X08=00500000 X14=00005555 lhu     a4,-18(s0/fp)
PC=000004D4 [FEC45783] X15=0000AAAA X08=00500000 X12=00000000 lhu     a5,-20(s0/fp)
PC=000004D8 [00F747B3] X15=0000FFFF X14=00005555 X15=0000AAAA xor     a5,a4,a5
PC=000004DC [01079793] X15=FFFF0000 X15=0000FFFF X16=00000000 slli    a5,a5,16
PC=000004E0 [0107D793] X15=0000FFFF X15=FFFF0000 X16=00000000 srli    a5,a5,16
PC=000004E4 [FFF7C793] X15=FFFF0000 X15=0000FFFF X31=00000000 xori    a5,a5,-1
PC=000004E8 [FEF41023] X00=00000000 X08=00500000 X15=FFFF0000 sh      a5,-32(s0/fp)
PC=000004EC [FE041023] X00=00000000 X08=00500000 X00=00000000 sh      zero,-32(s0/fp)
PC=000004F0 [FEE45783] X15=00005555 X08=00500000 X14=00005555 lhu     a5,-18(s0/fp)
PC=000004F4 [FFF7C793] X15=FFFFAAAA X15=00005555 X31=00000000 xori    a5,a5,-1
PC=000004F8 [FCF41F23] X30=00000000 X08=00500000 X15=FFFFAAAA sh      a5,-34(s0/fp)
PC=000004FC [FC041F23] X30=00000000 X08=00500000 X00=00000000 sh      zero,-34(s0/fp)
PC=00000500 [FEC45783] X15=0000AAAA X08=00500000 X12=00000000 lhu     a5,-20(s0/fp)
PC=00000504 [FFF7C793] X15=FFFF5555 X15=0000AAAA X31=00000000 xori    a5,a5,-1
PC=00000508 [FCF41E23] X28=00000000 X08=00500000 X15=FFFF5555 sh      a5,-36(s0/fp)
PC=0000050C [FC041E23] X28=00000000 X08=00500000 X00=00000000 sh      zero,-36(s0/fp)
PC=00000510 [FE041723] X14=00005555 X08=00500000 X00=00000000 sh      zero,-18(s0/fp)
PC=00000514 [FE041623] X12=00000000 X08=00500000 X00=00000000 sh      zero,-20(s0/fp)
PC=00000518 [FEE45703] X14=00000000 X08=00500000 X14=00005555 lhu     a4,-18(s0/fp)
PC=0000051C [FEC45783] X15=00000000 X08=00500000 X12=00000000 lhu     a5,-20(s0/fp)
PC=00000520 [00F767B3] X15=00000000 X14=00000000 X15=00000000 or      a5,a4,a5
PC=00000524 [FEF41523] X10=00000000 X08=00500000 X15=00000000 sh      a5,-22(s0/fp)
PC=00000528 [FE041523] X10=00000000 X08=00500000 X00=00000000 sh      zero,-22(s0/fp)
PC=0000052C [FEE45703] X14=00000000 X08=00500000 X14=00000000 lhu     a4,-18(s0/fp)
PC=00000530 [FEC45783] X15=00000000 X08=00500000 X12=00000000 lhu     a5,-20(s0/fp)
PC=00000534 [00F777B3] X15=00000000 X14=00000000 X15=00000000 and     a5,a4,a5
PC=00000538 [FEF41423] X08=00500000 X08=00500000 X15=00000000 sh      a5,-24(s0/fp)
PC=0000053C [FE041423] X08=00500000 X08=00500000 X00=00000000 sh      zero,-24(s0/fp)
PC=00000540 [FEE45703] X14=00000000 X08=00500000 X14=00000000 lhu     a4,-18(s0/fp)
PC=00000544 [FEC45783] X15=00000000 X08=00500000 X12=00000000 lhu     a5,-20(s0/fp)
PC=00000548 [00F747B3] X15=00000000 X14=00000000 X15=00000000 xor     a5,a4,a5
PC=0000054C [FEF41323] X06=00000000 X08=00500000 X15=00000000 sh      a5,-26(s0/fp)
PC=00000550 [FE041323] X06=00000000 X08=00500000 X00=00000000 sh      zero,-26(s0/fp)
PC=00000554 [FEE45703] X14=00000000 X08=00500000 X14=00000000 lhu     a4,-18(s0/fp)
PC=00000558 [FEC45783] X15=00000000 X08=00500000 X12=00000000 lhu     a5,-20(s0/fp)
PC=0000055C [00F767B3] X15=00000000 X14=00000000 X15=00000000 or      a5,a4,a5
PC=00000560 [01079793] X15=00000000 X15=00000000 X16=00000000 slli    a5,a5,16
PC=00000564 [0107D793] X15=00000000 X15=00000000 X16=00000000 srli    a5,a5,16
PC=00000568 [FFF7C793] X15=FFFFFFFF X15=00000000 X31=00000000 xori    a5,a5,-1
PC=0000056C [FEF41223] X04=00000000 X08=00500000 X15=FFFFFFFF sh      a5,-28(s0/fp)
PC=00000570 [FE041223] X04=00000000 X08=00500000 X00=00000000 sh      zero,-28(s0/fp)
PC=00000574 [FEE45703] X14=00000000 X08=00500000 X14=00000000 lhu     a4,-18(s0/fp)
PC=00000578 [FEC45783] X15=00000000 X08=00500000 X12=00000000 lhu     a5,-20(s0/fp)
PC=0000057C [00F777B3] X15=00000000 X14=00000000 X15=00000000 and     a5,a4,a5
PC=00000580 [01079793] X15=00000000 X15=00000000 X16=00000000 slli    a5,a5,16
PC=00000584 [0107D793] X15=00000000 X15=00000000 X16=00000000 srli    a5,a5,16
PC=00000588 [FFF7C793] X15=FFFFFFFF X15=00000000 X31=00000000 xori    a5,a5,-1
PC=0000058C [FEF41123] X02=004FFFD0 X08=00500000 X15=FFFFFFFF sh      a5,-30(s0/fp)
PC=00000590 [FE041123] X02=004FFFD0 X08=00500000 X00=00000000 sh      zero,-30(s0/fp)
PC=00000594 [FEE45703] X14=00000000 X08=00500000 X14=00000000 lhu     a4,-18(s0/fp)
PC=00000598 [FEC45783] X15=00000000 X08=00500000 X12=00000000 lhu     a5,-20(s0/fp)
PC=0000059C [00F747B3] X15=00000000 X14=00000000 X15=00000000 xor     a5,a4,a5
PC=000005A0 [01079793] X15=00000000 X15=00000000 X16=00000000 slli    a5,a5,16
PC=000005A4 [0107D793] X15=00000000 X15=00000000 X16=00000000 srli    a5,a5,16
PC=000005A8 [FFF7C793] X15=FFFFFFFF X15=00000000 X31=00000000 xori    a5,a5,-1
PC=000005AC [FEF41023] X00=00000000 X08=00500000 X15=FFFFFFFF sh      a5,-32(s0/fp)
PC=000005B0 [FE041023] X00=00000000 X08=00500000 X00=00000000 sh      zero,-32(s0/fp)
PC=000005B4 [FEE45783] X15=00000000 X08=00500000 X14=00000000 lhu     a5,-18(s0/fp)
PC=000005B8 [FFF7C793] X15=FFFFFFFF X15=00000000 X31=00000000 xori    a5,a5,-1
PC=000005BC [FCF41F23] X30=00000000 X08=00500000 X15=FFFFFFFF sh      a5,-34(s0/fp)
PC=000005C0 [FC041F23] X30=00000000 X08=00500000 X00=00000000 sh      zero,-34(s0/fp)
PC=000005C4 [FEC45783] X15=00000000 X08=00500000 X12=00000000 lhu     a5,-20(s0/fp)
PC=000005C8 [FFF7C793] X15=FFFFFFFF X15=00000000 X31=00000000 xori    a5,a5,-1
PC=000005CC [FCF41E23] X28=00000000 X08=00500000 X15=FFFFFFFF sh      a5,-36(s0/fp)
PC=000005D0 [FC041E23] X28=00000000 X08=00500000 X00=00000000 sh      zero,-36(s0/fp)
PC=000005D4 [00000793] X15=00000000 X00=00000000 X00=00000000 addi    a5,zero,0
PC=000005D8 [00078513] X10=00000000 X15=00000000 X00=00000000 addi    a0,a5,0
PC=000005DC [02C12403] X08=00000000 X02=004FFFD0 X12=00000000 lw      s0/fp,44(sp)
PC=000005E0 [03010113] X02=00500000 X02=004FFFD0 X16=00000000 addi    sp,sp,48
PC=000005E4 [00008067] X00=00000000 X01=000001C0 X00=00000000 jalr    zero,ra,0
PC=000001C0 [200002B7] X05=20000000 X00=00000000 X00=00000000 lui     t0,536870912
PC=000001C4 [00100073] X00=00000000 X00=00000000 X01=000001C0 ebreak  