PC=000001B8 [00500137] X02=00500000 X00=00000000 X05=00000000 lui     sp,5242880
PC=000001BC [00C000EF] X01=000001C0 X00=00000000 X12=00000000 jal     ra,12
PC=000001C8 [FC010113] X02=004FFFC0 X02=00500000 X00=00000000 addi    sp,sp,-64
PC=000001CC [02812E23] X28=00000000 X02=004FFFC0 X08=00000000 sw      s0/fp,60(sp)
PC=000001D0 [04010413] X08=00500000 X02=004FFFC0 X00=00000000 addi    s0/fp,sp,64
PC=000001D4 [FFF00793] X15=FFFFFFFF X00=00000000 X31=00000000 addi    a5,zero,-1
PC=000001D8 [FEF42623] X12=00000000 X08=00500000 X15=FFFFFFFF sw      a5,-20(s0/fp)
PC=000001DC [FFF00793] X15=FFFFFFFF X00=00000000 X31=00000000 addi    a5,zero,-1
PC=000001E0 [FEF42423] X08=00500000 X08=00500000 X15=FFFFFFFF sw      a5,-24(s0/fp)
PC=000001E4 [FEC42703] X14=FFFFFFFF X08=00500000 X12=00000000 lw      a4,-20(s0/fp)
PC=000001E8 [FE842783] X15=FFFFFFFF X08=00500000 X08=00500000 lw      a5,-24(s0/fp)
PC=000001EC [00F767B3] X15=FFFFFFFF X14=FFFFFFFF X15=FFFFFFFF or      a5,a4,a5
PC=000001F0 [FEF42223] X04=00000000 X08=00500000 X15=FFFFFFFF sw      a5,-28(s0/fp)
PC=000001F4 [FE042223] X04=00000000 X08=00500000 X00=00000000 sw      zero,-28(s0/fp)
PC=000001F8 [FEC42703] X14=FFFFFFFF X08=00500000 X12=00000000 lw      a4,-20(s0/fp)
PC=000001FC [FE842783] X15=FFFFFFFF X08=00500000 X08=00500000 lw      a5,-24(s0/fp)
PC=00000200 [00F777B3] X15=FFFFFFFF X14=FFFFFFFF X15=FFFFFFFF and     a5,a4,a5
PC=00000204 [FEF42023] X00=00000000 X08=00500000 X15=FFFFFFFF sw      a5,-32(s0/fp)
PC=00000208 [FE042023] X00=00000000 X08=00500000 X00=00000000 sw      zero,-32(s0/fp)
PC=0000020C [FEC42703] X14=FFFFFFFF X08=00500000 X12=00000000 lw      a4,-20(s0/fp)
PC=00000210 [FE842783] X15=FFFFFFFF X08=00500000 X08=00500000 lw      a5,-24(s0/fp)
PC=00000214 [00F747B3] X15=00000000 X14=FFFFFFFF X15=FFFFFFFF xor     a5,a4,a5
PC=00000218 [FCF42E23] X28=00000000 X08=00500000 X15=00000000 sw      a5,-36(s0/fp)
PC=0000021C [FC042E23] X28=00000000 X08=00500000 X00=00000000 sw      zero,-36(s0/fp)
PC=00000220 [FEC42703] X14=FFFFFFFF X08=00500000 X12=00000000 lw      a4,-20(s0/fp)
PC=00000224 [FE842783] X15=FFFFFFFF X08=00500000 X08=00500000 lw      a5,-24(s0/fp)
PC=00000228 [00F767B3] X15=FFFFFFFF X14=FFFFFFFF X15=FFFFFFFF or      a5,a4,a5
PC=0000022C [FFF7C793] X15=00000000 X15=FFFFFFFF X31=00000000 xori    a5,a5,-1
PC=00000230 [FCF42C23] X24=00000000 X08=00500000 X15=00000000 sw      a5,-40(s0/fp)
PC=00000234 [FC042C23] X24=00000000 X08=00500000 X00=00000000 sw      zero,-40(s0/fp)
PC=00000238 [FEC42703] X14=FFFFFFFF X08=00500000 X12=00000000 lw      a4,-20(s0/fp)
PC=0000023C [FE842783] X15=FFFFFFFF X08=00500000 X08=00500000 lw      a5,-24(s0/fp)
PC=00000240 [00F777B3] X15=FFFFFFFF X14=FFFFFFFF X15=FFFFFFFF and     a5,a4,a5
PC=00000244 [FFF7C793] X15=00000000 X15=FFFFFFFF X31=00000000 xori    a5,a5,-1
PC=00000248 [FCF42A23] X20=00000000 X08=00500000 X15=00000000 sw      a5,-44(s0/fp)
PC=0000024C [FC042A23] X20=00000000 X08=00500000 X00=00000000 sw      zero,-44(s0/fp)
PC=00000250 [FEC42703] X14=FFFFFFFF X08=00500000 X12=00000000 lw      a4,-20(s0/fp)
PC=00000254 [FE842783] X15=FFFFFFFF X08=00500000 X08=00500000 lw      a5,-24(s0/fp)
PC=00000258 [00F747B3] X15=00000000 X14=FFFFFFFF X15=FFFFFFFF xor     a5,a4,a5
PC=0000025C [FFF7C793] X15=FFFFFFFF X15=00000000 X31=00000000 xori    a5,a5,-1
PC=00000260 [FCF42823] X16=00000000 X08=00500000 X15=FFFFFFFF sw      a5,-48(s0/fp)
PC=00000264 [FC042823] X16=00000000 X08=00500000 X00=00000000 sw      zero,-48(s0/fp)
PC=00000268 [FEC42783] X15=FFFFFFFF X08=00500000 X12=00000000 lw      a5,-20(s0/fp)
PC=0000026C [FFF7C793] X15=00000000 X15=FFFFFFFF X31=00000000 xori    a5,a5,-1
PC=00000270 [FCF42623] X12=00000000 X08=00500000 X15=00000000 sw      a5,-52(s0/fp)
PC=00000274 [FC042623] X12=00000000 X08=00500000 X00=00000000 sw      zero,-52(s0/fp)
PC=00000278 [FE842783] X15=FFFFFFFF X08=00500000 X08=00500000 lw      a5,-24(s0/fp)
PC=0000027C [FFF7C793] X15=00000000 X15=FFFFFFFF X31=00000000 xori    a5,a5,-1
PC=00000280 [FCF42423] X08=00500000 X08=00500000 X15=00000000 sw      a5,-56(s0/fp)
PC=00000284 [FC042423] X08=00500000 X08=00500000 X00=00000000 sw      zero,-56(s0/fp)
PC=00000288 [0F0F17B7] X15=0F0F1000 X30=00000000 X16=00000000 lui     a5,252645376
PC=0000028C [F0F78793] X15=0F0F0F0F X15=0F0F1000 X15=0F0F1000 addi    a5,a5,-241
PC=00000290 [FEF42623] X12=00000000 X08=00500000 X15=0F0F0F0F sw      a5,-20(s0/fp)
PC=00000294 [F0F0F7B7] X15=F0F0F000 X01=000001C0 X15=0F0F0F0F lui     a5,4042321920
PC=00000298 [0F078793] X15=F0F0F0F0 X15=F0F0F000 X16=00000000 addi    a5,a5,240
PC=0000029C [FEF42423] X08=00500000 X08=00500000 X15=F0F0F0F0 sw      a5,-24(s0/fp)
PC=000002A0 [FEC42703] X14=0F0F0F0F X08=00500000 X12=00000000 lw      a4,-20(s0/fp)
PC=000002A4 [FE842783] X15=F0F0F0F0 X08=00500000 X08=00500000 lw      a5,-24(s0/fp)
PC=000002A8 [00F767B3] X15=FFFFFFFF X14=0F0F0F0F X15=F0F0F0F0 or      a5,a4,a5
PC=000002AC [FEF42223] X04=00000000 X08=00500000 X15=FFFFFFFF sw      a5,-28(s0/fp)
PC=000002B0 [FE042223] X04=00000000 X08=00500000 X00=00000000 sw      zero,-28(s0/fp)
PC=000002B4 [FEC42703] X14=0F0F0F0F X08=00500000 X12=00000000 lw      a4,-20(s0/fp)
PC=000002B8 [FE842783] X15=F0F0F0F0 X08=00500000 X08=00500000 lw      a5,-24(s0/fp)
PC=000002BC [00F777B3] X15=00000000 X14=0F0F0F0F X15=F0F0F0F0 and     a5,a4,a5
PC=000002C0 [FEF42023] X00=00000000 X08=00500000 X15=00000000 sw      a5,-32(s0/fp)
PC=000002C4 [FE042023] X00=00000000 X08=00500000 X00=00000000 sw      zero,-32(s0/fp)
PC=000002C8 [FEC42703] X14=0F0F0F0F X08=00500000 X12=00000000 lw      a4,-20(s0/fp)
PC=000002CC [FE842783] X15=F0F0F0F0 X08=00500000 X08=00500000 lw      a5,-24(s0/fp)
PC=000002D0 [00F747B3] X15=FFFFFFFF X14=0F0F0F0F X15=F0F0F0F0 xor     a5,a4,a5
PC=000002D4 [FCF42E23] X28=00000000 X08=00500000 X15=FFFFFFFF sw      a5,-36(s0/fp)
PC=000002D8 [FC042E23] X28=00000000 X08=00500000 X00=00000000 sw      zero,-36(s0/fp)
PC=000002DC [FEC42703] X14=0F0F0F0F X08=00500000 X12=00000000 lw      a4,-20(s0/fp)
PC=000002E0 [FE842783] X15=F0F0F0F0 X08=00500000 X08=00500000 lw      a5,-24(s0/fp)
PC=000002E4 [00F767B3] X15=FFFFFFFF X14=0F0F0F0F X15=F0F0F0F0 or      a5,a4,a5
PC=000002E8 [FFF7C793] X15=00000000 X15=FFFFFFFF X31=00000000 xori    a5,a5,-1
PC=000002EC [FCF42C23] X24=00000000 X08=00500000 X15=00000000 sw      a5,-40(s0/fp)
PC=000002F0 [FC042C23] X24=00000000 X08=00500000 X00=00000000 sw      zero,-40(s0/fp)
PC=000002F4 [FEC42703] X14=0F0F0F0F X08=00500000 X12=00000000 lw      a4,-20(s0/fp)
PC=000002F8 [FE842783] X15=F0F0F0F0 X08=00500000 X08=00500000 lw      a5,-24(s0/fp)
PC=000002FC [00F777B3] X15=00000000 X14=0F0F0F0F X15=F0F0F0F0 and     a5,a4,a5
PC=00000300 [FFF7C793] X15=FFFFFFFF X15=00000000 X31=00000000 xori    a5,a5,-1
PC=00000304 [FCF42A23] X20=00000000 X08=00500000 X15=FFFFFFFF sw      a5,-44(s0/fp)
PC=00000308 [FC042A23] X20=00000000 X08=00500000 X00=00000000 sw      zero,-44(s0/fp)
PC=0000030C [FEC42703] X14=0F0F0F0F X08=00500000 X12=00000000 lw      a4,-20(s0/fp)
PC=00000310 [FE842783] X15=F0F0F0F0 X08=00500000 X08=00500000 lw      a5,-24(s0/fp)
PC=00000314 [00F747B3] X15=FFFFFFFF X14=0F0F0F0F X15=F0F0F0F0 xor     a5,a4,a5
PC=00000318 [FFF7C793] X15=00000000 X15=FFFFFFFF X31=00000000 xori    a5,a5,-1
PC=0000031C [FCF42823] X16=00000000 X08=00500000 X15=00000000 sw      a5,-48(s0/fp)
PC=00000320 [FC042823] X16=00000000 X08=00500000 X00=00000000 sw      zero,-48(s0/fp)
PC=00000324 [FEC42783] X15=0F0F0F0F X08=00500000 X12=00000000 lw      a5,-20(s0/fp)
PC=00000328 [FFF7C793] X15=F0F0F0F0 X15=0F0F0F0F X31=00000000 xori    a5,a5,-1
PC=0000032C [FCF42623] X12=00000000 X08=00500000 X15=F0F0F0F0 sw      a5,-52(s0/fp)
PC=00000330 [FC042623] X12=00000000 X08=00500000 X00=00000000 sw      zero,-52(s0/fp)
PC=00000334 [FE842783] X15=F0F0F0F0 X08=00500000 X08=00500000 lw      a5,-24(s0/fp)
PC=00000338 [FFF7C793] X15=0F0F0F0F X15=F0F0F0F0 X31=00000000 xori    a5,a5,-1
PC=0000033C [FCF42423] X08=00500000 X08=00500000 X15=0F0F0F0F sw      a5,-56(s0/fp)
PC=00000340 [FC042423] X08=00500000 X08=00500000 X00=00000000 sw      zero,-56(s0/fp)
PC=00000344 [FFF00793] X15=FFFFFFFF X00=00000000 X31=00000000 addi    a5,zero,-1
PC=00000348 [FEF42623] X12=00000000 X08=00500000 X15=FFFFFFFF sw      a5,-20(s0/fp)
PC=0000034C [FE042423] X08=00500000 X08=00500000 X00=00000000 sw      zero,-24(s0/fp)
PC=00000350 [FEC42703] X14=FFFFFFFF X08=00500000 X12=00000000 lw      a4,-20(s0/fp)
PC=00000354 [FE842783] X15=00000000 X08=00500000 X08=00500000 lw      a5,-24(s0/fp)
PC=00000358 [00F767B3] X15=FFFFFFFF X14=FFFFFFFF X15=00000000 or      a5,a4,a5
PC=0000035C [FEF42223] X04=00000000 X08=00500000 X15=FFFFFFFF sw      a5,-28(s0/fp)
PC=00000360 [FE042223] X04=00000000 X08=00500000 X00=00000000 sw      zero,-28(s0/fp)
PC=00000364 [FEC42703] X14=FFFFFFFF X08=00500000 X12=00000000 lw      a4,-20(s0/fp)
PC=00000368 [FE842783] X15=00000000 X08=00500000 X08=00500000 lw      a5,-24(s0/fp)
PC=0000036C [00F777B3] X15=00000000 X14=FFFFFFFF X15=00000000 and     a5,a4,a5
PC=00000370 [FEF42023] X00=00000000 X08=00500000 X15=00000000 sw      a5,-32(s0/fp)
PC=00000374 [FE042023] X00=00000000 X08=00500000 X00=00000000 sw      zero,-32(s0/fp)
PC=00000378 [FEC42703] X14=FFFFFFFF X08=00500000 X12=00000000 lw      a4,-20(s0/fp)
PC=0000037C [FE842783] X15=00000000 X08=00500000 X08=00500000 lw      a5,-24(s0/fp)
PC=00000380 [00F747B3] X15=FFFFFFFF X14=FFFFFFFF X15=00000000 xor     a5,a4,a5
PC=00000384 [FCF42E23] X28=00000000 X08=00500000 X15=FFFFFFFF sw      a5,-36(s0/fp)
PC=00000388 [FC042E23] X28=00000000 X08=00500000 X00=00000000 sw      zero,-36(s0/fp)
PC=0000038C [FEC42703] X14=FFFFFFFF X08=00500000 X12=00000000 lw      a4,-20(s0/fp)
PC=00000390 [FE842783] X15=00000000 X08=00500000 X08=00500000 lw      a5,-24(s0/fp)
PC=00000394 [00F767B3] X15=FFFFFFFF X14=FFFFFFFF X15=00000000 or      a5,a4,a5
PC=00000398 [FFF7C793] X15=00000000 X15=FFFFFFFF X31=00000000 xori    a5,a5,-1
PC=0000039C [FCF42C23] X24=00000000 X08=00500000 X15=00000000 sw      a5,-40(s0/fp)
PC=000003A0 [FC042C23] X24=00000000 X08=00500000 X00=00000000 sw      zero,-40(s0/fp)
PC=000003A4 [FEC42703] X14=FFFFFFFF X08=00500000 X12=00000000 lw      a4,-20(s0/fp)
PC=000003A8 [FE842783] X15=00000000 X08=00500000 X08=00500000 lw      a5,-24(s0/fp)
PC=000003AC [00F777B3] X15=00000000 X14=FFFFFFFF X15=00000000 and     a5,a4,a5
PC=000003B0 [FFF7C793] X15=FFFFFFFF X15=00000000 X31=00000000 xori    a5,a5,-1
PC=000003B4 [FCF42A23] X20=00000000 X08=00500000 X15=FFFFFFFF sw      a5,-44(s0/fp)
PC=000003B8 [FC042A23] X20=00000000 X08=00500000 X00=00000000 sw      zero,-44(s0/fp)
PC=000003BC [FEC42703] X14=FFFFFFFF X08=00500000 X12=00000000 lw      a4,-20(s0/fp)
PC=000003C0 [FE842783] X15=00000000 X08=00500000 X08=00500000 lw      a5,-24(s0/fp)
PC=000003C4 [00F747B3] X15=FFFFFFFF X14=FFFFFFFF X15=00000000 xor     a5,a4,a5
PC=000003C8 [FFF7C793] X15=00000000 X15=FFFFFFFF X31=00000000 xori    a5,a5,-1
PC=000003CC [FCF42823] X16=00000000 X08=00500000 X15=00000000 sw      a5,-48(s0/fp)
PC=000003D0 [FC042823] X16=00000000 X08=00500000 X00=00000000 sw      zero,-48(s0/fp)
PC=000003D4 [FEC42783] X15=FFFFFFFF X08=00500000 X12=00000000 lw      a5,-20(s0/fp)
PC=000003D8 [FFF7C793] X15=00000000 X15=FFFFFFFF X31=00000000 xori    a5,a5,-1
PC=000003DC [FCF42623] X12=00000000 X08=00500000 X15=00000000 sw      a5,-52(s0/fp)
PC=000003E0 [FC042623] X12=00000000 X08=00500000 X00=00000000 sw      zero,-52(s0/fp)
PC=000003E4 [FE842783] X15=00000000 X08=00500000 X08=00500000 lw      a5,-24(s0/fp)
PC=000003E8 [FFF7C793] X15=FFFFFFFF X15=00000000 X31=00000000 xori    a5,a5,-1
PC=000003EC [FCF42423] X08=00500000 X08=00500000 X15=FFFFFFFF sw      a5,-56(s0/fp)
PC=000003F0 [FC042423] X08=00500000 X08=00500000 X00=00000000 sw      zero,-56(s0/fp)
PC=000003F4 [555557B7] X15=55555000 X10=00000000 X21=00000000 lui     a5,1431654400
PC=000003F8 [55578793] X15=55555555 X15=55555000 X21=00000000 addi    a5,a5,1365
PC=000003FC [FEF42623] X12=00000000 X08=00500000 X15=55555555 sw      a5,-20(s0/fp)
PC=00000400 [AAAAB7B7] X15=AAAAB000 X21=00000000 X10=00000000 lui     a5,2863312896
PC=00000404 [AAA78793] X15=AAAAAAAA X15=AAAAB000 X10=00000000 addi    a5,a5,-1366
PC=00000408 [FEF42423] X08=00500000 X08=00500000 X15=AAAAAAAA sw      a5,-24(s0/fp)
PC=0000040C [FEC42703] X14=55555555 X08=00500000 X12=00000000 lw      a4,-20(s0/fp)
PC=00000410 [FE842783] X15=AAAAAAAA X08=00500000 X08=00500000 lw      a5,-24(s0/fp)
PC=00000414 [00F767B3] X15=FFFFFFFF X14=55555555 X15=AAAAAAAA or      a5,a4,a5
PC=00000418 [FEF42223] X04=00000000 X08=00500000 X15=FFFFFFFF sw      a5,-28(s0/fp)
PC=0000041C [FE042223] X04=00000000 X08=00500000 X00=00000000 sw      zero,-28(s0/fp)
PC=00000420 [FEC42703] X14=55555555 X08=00500000 X12=00000000 lw      a4,-20(s0/fp)
PC=00000424 [FE842783] X15=AAAAAAAA X08=00500000 X08=00500000 lw      a5,-24(s0/fp)
PC=00000428 [00F777B3] X15=00000000 X14=55555555 X15=AAAAAAAA and     a5,a4,a5
PC=0000042C [FEF42023] X00=00000000 X08=00500000 X15=00000000 sw      a5,-32(s0/fp)
PC=00000430 [FE042023] X00=00000000 X08=00500000 X00=00000000 sw      zero,-32(s0/fp)
PC=00000434 [FEC42703] X14=55555555 X08=00500000 X12=00000000 lw      a4,-20(s0/fp)
PC=00000438 [FE842783] X15=AAAAAAAA X08=00500000 X08=00500000 lw      a5,-24(s0/fp)
PC=0000043C [00F747B3] X15=FFFFFFFF X14=55555555 X15=AAAAAAAA xor     a5,a4,a5
PC=00000440 [FCF42E23] X28=00000000 X08=00500000 X15=FFFFFFFF sw      a5,-36(s0/fp)
PC=00000444 [FC042E23] X28=00000000 X08=00500000 X00=00000000 sw      zero,-36(s0/fp)
PC=00000448 [FEC42703] X14=55555555 X08=00500000 X12=00000000 lw      a4,-20(s0/fp)
PC=0000044C [FE842783] X15=AAAAAAAA X08=00500000 X08=00500000 lw      a5,-24(s0/fp)
PC=00000450 [00F767B3] X15=FFFFFFFF X14=55555555 X15=AAAAAAAA or      a5,a4,a5
PC=00000454 [FFF7C793] X15=00000000 X15=FFFFFFFF X31=00000000 xori    a5,a5,-1
PC=00000458 [FCF42C23] X24=00000000 X08=00500000 X15=00000000 sw      a5,-40(s0/fp)
PC=0000045C [FC042C23] X24=00000000 X08=00500000 X00=00000000 sw      zero,-40(s0/fp)
PC=00000460 [FEC42703] X14=55555555 X08=00500000 X12=00000000 lw      a4,-20(s0/fp)
PC=00000464 [FE842783] X15=AAAAAAAA X08=00500000 X08=00500000 lw      a5,-24(s0/fp)
PC=00000468 [00F777B3] X15=00000000 X14=55555555 X15=AAAAAAAA and     a5,a4,a5
PC=0000046C [FFF7C793] X15=FFFFFFFF X15=00000000 X31=00000000 xori    a5,a5,-1
PC=00000470 [FCF42A23] X20=00000000 X08=00500000 X15=FFFFFFFF sw      a5,-44(s0/fp)
PC=00000474 [FC042A23] X20=00000000 X08=00500000 X00=00000000 sw      zero,-44(s0/fp)
PC=00000478 [FEC42703] X14=55555555 X08=00500000 X12=00000000 lw      a4,-20(s0/fp)
PC=0000047C [FE842783] X15=AAAAAAAA X08=00500000 X08=00500000 lw      a5,-24(s0/fp)
PC=00000480 [00F747B3] X15=FFFFFFFF X14=55555555 X15=AAAAAAAA xor     a5,a4,a5
PC=00000484 [FFF7C793] X15=00000000 X15=FFFFFFFF X31=00000000 xori    a5,a5,-1
PC=00000488 [FCF42823] X16=00000000 X08=00500000 X15=00000000 sw      a5,-48(s0/fp)
PC=0000048C [FC042823] X16=00000000 X08=00500000 X00=00000000 sw      zero,-48(s0/fp)
PC=00000490 [FEC42783] X15=55555555 X08=00500000 X12=00000000 lw      a5,-20(s0/fp)
PC=00000494 [FFF7C793] X15=AAAAAAAA X15=55555555 X31=00000000 xori    a5,a5,-1
PC=00000498 [FCF42623] X12=00000000 X08=00500000 X15=AAAAAAAA sw      a5,-52(s0/fp)
PC=0000049C [FC042623] X12=00000000 X08=00500000 X00=00000000 sw      zero,-52(s0/fp)
PC=000004A0 [FE842783] X15=AAAAAAAA X08=00500000 X08=00500000 lw      a5,-24(s0/fp)
PC=000004A4 [FFF7C793] X15=55555555 X15=AAAAAAAA X31=00000000 xori    a5,a5,-1
PC=000004A8 [FCF42423] X08=00500000 X08=00500000 X15=55555555 sw      a5,-56(s0/fp)
PC=000004AC [FC042423] X08=00500000 X08=00500000 X00=00000000 sw      zero,-56(s0/fp)
PC=000004B0 [FE042623] X12=00000000 X08=00500000 X00=00000000 sw      zero,-20(s0/fp)
PC=000004B4 [FE042423] X08=00500000 X08=00500000 X00=00000000 sw      zero,-24(s0/fp)
PC=000004B8 [FEC42703] X14=00000000 X08=00500000 X12=00000000 lw      a4,-20(s0/fp)
PC=000004BC [FE842783] X15=00000000 X08=00500000 X08=00500000 lw      a5,-24(s0/fp)
PC=000004C0 [00F767B3] X15=00000000 X14=00000000 X15=00000000 or      a5,a4,a5
PC=000004C4 [FEF42223] X04=00000000 X08=00500000 X15=00000000 sw      a5,-28(s0/fp)
PC=000004C8 [FE042223] X04=00000000 X08=00500000 X00=00000000 sw      zero,-28(s0/fp)
PC=000004CC [FEC42703] X14=00000000 X08=00500000 X12=00000000 lw      a4,-20(s0/fp)
PC=000004D0 [FE842783] X15=00000000 X08=00500000 X08=00500000 lw      a5,-24(s0/fp)
PC=000004D4 [00F777B3] X15=00000000 X14=00000000 X15=00000000 and     a5,a4,a5
PC=000004D8 [FEF42023] X00=00000000 X08=00500000 X15=00000000 sw      a5,-32(s0/fp)
PC=000004DC [FE042023] X00=00000000 X08=00500000 X00=00000000 sw      zero,-32(s0/fp)
PC=000004E0 [FEC42703] X14=00000000 X08=00500000 X12=00000000 lw      a4,-20(s0/fp)
PC=000004E4 [FE842783] X15=00000000 X08=00500000 X08=00500000 lw      a5,-24(s0/fp)
PC=000004E8 [00F747B3] X15=00000000 X14=00000000 X15=00000000 xor     a5,a4,a5
PC=000004EC [FCF42E23] X28=00000000 X08=00500000 X15=00000000 sw      a5,-36(s0/fp)
PC=000004F0 [FC042E23] X28=00000000 X08=00500000 X00=00000000 sw      zero,-36(s0/fp)
PC=000004F4 [FEC42703] X14=00000000 X08=00500000 X12=00000000 lw      a4,-20(s0/fp)
PC=000004F8 [FE842783] X15=00000000 X08=00500000 X08=00500000 lw      a5,-24(s0/fp)
PC=000004FC [00F767B3] X15=00000000 X14=00000000 X15=00000000 or      a5,a4,a5
PC=00000500 [FFF7C793] X15=FFFFFFFF X15=00000000 X31=00000000 xori    a5,a5,-1
PC=00000504 [FCF42C23] X24=00000000 X08=00500000 X15=FFFFFFFF sw      a5,-40(s0/fp)
PC=00000508 [FC042C23] X24=00000000 X08=00500000 X00=00000000 sw      zero,-40(s0/fp)
PC=0000050C [FEC42703] X14=00000000 X08=00500000 X12=00000000 lw      a4,-20(s0/fp)
PC=00000510 [FE842783] X15=00000000 X08=00500000 X08=00500000 lw      a5,-24(s0/fp)
PC=00000514 [00F777B3] X15=00000000 X14=00000000 X15=00000000 and     a5,a4,a5
PC=00000518 [FFF7C793] X15=FFFFFFFF X15=00000000 X31=00000000 xori    a5,a5,-1
PC=0000051C [FCF42A23] X20=00000000 X08=00500000 X15=FFFFFFFF sw      a5,-44(s0/fp)
PC=00000520 [FC042A23] X20=00000000 X08=00500000 X00=00000000 sw      zero,-44(s0/fp)
PC=00000524 [FEC42703] X14=00000000 X08=00500000 X12=00000000 lw      a4,-20(s0/fp)
PC=00000528 [FE842783] X15=00000000 X08=00500000 X08=00500000 lw      a5,-24(s0/fp)
PC=0000052C [00F747B3] X15=00000000 X14=00000000 X15=00000000 xor     a5,a4,a5
PC=00000530 [FFF7C793] X15=FFFFFFFF X15=00000000 X31=00000000 xori    a5,a5,-1
PC=00000534 [FCF42823] X16=00000000 X08=00500000 X15=FFFFFFFF sw      a5,-48(s0/fp)
PC=00000538 [FC042823] X16=00000000 X08=00500000 X00=00000000 sw      zero,-48(s0/fp)
PC=0000053C [FEC42783] X15=00000000 X08=00500000 X12=00000000 lw      a5,-20(s0/fp)
PC=00000540 [FFF7C793] X15=FFFFFFFF X15=00000000 X31=00000000 xori    a5,a5,-1
PC=00000544 [FCF42623] X12=00000000 X08=00500000 X15=FFFFFFFF sw      a5,-52(s0/fp)
PC=00000548 [FC042623] X12=00000000 X08=00500000 X00=00000000 sw      zero,-52(s0/fp)
PC=0000054C [FE842783] X15=00000000 X08=00500000 X08=00500000 lw      a5,-24(s0/fp)
PC=00000550 [FFF7C793] X15=FFFFFFFF X15=00000000 X31=00000000 xori    a5,a5,-1
PC=00000554 [FCF42423] X08=00500000 X08=00500000 X15=FFFFFFFF sw      a5,-56(s0/fp)
PC=00000558 [FC042423] X08=00500000 X08=00500000 X00=00000000 sw      zero,-56(s0/fp)
PC=0000055C [00000793] X15=00000000 X00=00000000 X00=00000000 addi    a5,zero,0
PC=00000560 [00078513] X10=00000000 X15=00000000 X00=00000000 addi    a0,a5,0
PC=00000564 [03C12403] X08=00000000 X02=004FFFC0 X28=00000000 lw      s0/fp,60(sp)
PC=00000568 [04010113] X02=00500000 X02=004FFFC0 X00=00000000 addi    sp,sp,64
PC=0000056C [00008067] X00=00000000 X01=000001C0 X00=00000000 jalr    zero,ra,0
PC=000001C0 [200002B7] X05=20000000 X00=00000000 X00=00000000 lui     t0,536870912
PC=000001C4 [00100073] X00=00000000 X00=00000000 X01=000001C0 ebreak  