PC=000001B8 [00500137] X02=00500000 X00=00000000 X05=00000000 lui     sp,5242880
PC=000001BC [00C000EF] X01=000001C0 X00=00000000 X12=00000000 jal     ra,12
PC=000001C8 [E9010113] X02=004FFE90 X02=00500000 X16=00000000 addi    sp,sp,-368
PC=000001CC [16812623] X12=00000000 X02=004FFE90 X08=00000000 sw      s0/fp,364(sp)
PC=000001D0 [17212423] X08=00000000 X02=004FFE90 X18=00000000 sw      s2,360(sp)
PC=000001D4 [17312223] X04=00000000 X02=004FFE90 X19=00000000 sw      s3,356(sp)
PC=000001D8 [17412023] X00=00000000 X02=004FFE90 X20=00000000 sw      s4,352(sp)
PC=000001DC [15512E23] X28=00000000 X02=004FFE90 X21=00000000 sw      s5,348(sp)
PC=000001E0 [15612C23] X24=00000000 X02=004FFE90 X22=00000000 sw      s6,344(sp)
PC=000001E4 [15712A23] X20=00000000 X02=004FFE90 X23=00000000 sw      s7,340(sp)
PC=000001E8 [15812823] X16=00000000 X02=004FFE90 X24=00000000 sw      s8,336(sp)
PC=000001EC [15912623] X12=00000000 X02=004FFE90 X25=00000000 sw      s9,332(sp)
PC=000001F0 [15A12423] X08=00000000 X02=004FFE90 X26=00000000 sw      s10,328(sp)
PC=000001F4 [15B12223] X04=00000000 X02=004FFE90 X27=00000000 sw      s11,324(sp)
PC=000001F8 [17010413] X08=00500000 X02=004FFE90 X16=00000000 addi    s0/fp,sp,368
PC=000001FC [FFF00713] X14=FFFFFFFF X00=00000000 X31=00000000 addi    a4,zero,-1
PC=00000200 [FFF00793] X15=FFFFFFFF X00=00000000 X31=00000000 addi    a5,zero,-1
PC=00000204 [FCE42423] X08=00500000 X08=00500000 X14=FFFFFFFF sw      a4,-56(s0/fp)
PC=00000208 [FCF42623] X12=00000000 X08=00500000 X15=FFFFFFFF sw      a5,-52(s0/fp)
PC=0000020C [FFF00713] X14=FFFFFFFF X00=00000000 X31=00000000 addi    a4,zero,-1
PC=00000210 [FFF00793] X15=FFFFFFFF X00=00000000 X31=00000000 addi    a5,zero,-1
PC=00000214 [FCE42023] X00=00000000 X08=00500000 X14=FFFFFFFF sw      a4,-64(s0/fp)
PC=00000218 [FCF42223] X04=00000000 X08=00500000 X15=FFFFFFFF sw      a5,-60(s0/fp)
PC=0000021C [FC842703] X14=FFFFFFFF X08=00500000 X08=00500000 lw      a4,-56(s0/fp)
PC=00000220 [FC042783] X15=FFFFFFFF X08=00500000 X00=00000000 lw      a5,-64(s0/fp)
PC=00000224 [00F76633] X12=FFFFFFFF X14=FFFFFFFF X15=FFFFFFFF or      a2,a4,a5
PC=00000228 [FCC42703] X14=FFFFFFFF X08=00500000 X12=FFFFFFFF lw      a4,-52(s0/fp)
PC=0000022C [FC442783] X15=FFFFFFFF X08=00500000 X04=00000000 lw      a5,-60(s0/fp)
PC=00000230 [00F766B3] X13=FFFFFFFF X14=FFFFFFFF X15=FFFFFFFF or      a3,a4,a5
PC=00000234 [FAC42C23] X24=00000000 X08=00500000 X12=FFFFFFFF sw      a2,-72(s0/fp)
PC=00000238 [FAD42E23] X28=00000000 X08=00500000 X13=FFFFFFFF sw      a3,-68(s0/fp)
PC=0000023C [00000613] X12=00000000 X00=00000000 X00=00000000 addi    a2,zero,0
PC=00000240 [00000693] X13=00000000 X00=00000000 X00=00000000 addi    a3,zero,0
PC=00000244 [FAC42C23] X24=00000000 X08=00500000 X12=00000000 sw      a2,-72(s0/fp)
PC=00000248 [FAD42E23] X28=00000000 X08=00500000 X13=00000000 sw      a3,-68(s0/fp)
PC=0000024C [FC842703] X14=FFFFFFFF X08=00500000 X08=00500000 lw      a4,-56(s0/fp)
PC=00000250 [FC042783] X15=FFFFFFFF X08=00500000 X00=00000000 lw      a5,-64(s0/fp)
PC=00000254 [00F77833] X16=FFFFFFFF X14=FFFFFFFF X15=FFFFFFFF and     a6,a4,a5
PC=00000258 [FCC42703] X14=FFFFFFFF X08=00500000 X12=00000000 lw      a4,-52(s0/fp)
PC=0000025C [FC442783] X15=FFFFFFFF X08=00500000 X04=00000000 lw      a5,-60(s0/fp)
PC=00000260 [00F778B3] X17=FFFFFFFF X14=FFFFFFFF X15=FFFFFFFF and     a7,a4,a5
PC=00000264 [FB042823] X16=FFFFFFFF X08=00500000 X16=FFFFFFFF sw      a6,-80(s0/fp)
PC=00000268 [FB142A23] X20=00000000 X08=00500000 X17=FFFFFFFF sw      a7,-76(s0/fp)
PC=0000026C [FAC42823] X16=FFFFFFFF X08=00500000 X12=00000000 sw      a2,-80(s0/fp)
PC=00000270 [FAD42A23] X20=00000000 X08=00500000 X13=00000000 sw      a3,-76(s0/fp)
PC=00000274 [FC842703] X14=FFFFFFFF X08=00500000 X08=00500000 lw      a4,-56(s0/fp)
PC=00000278 [FC042783] X15=FFFFFFFF X08=00500000 X00=00000000 lw      a5,-64(s0/fp)
PC=0000027C [00F74E33] X28=00000000 X14=FFFFFFFF X15=FFFFFFFF xor     t3,a4,a5
PC=00000280 [FCC42703] X14=FFFFFFFF X08=00500000 X12=00000000 lw      a4,-52(s0/fp)
PC=00000284 [FC442783] X15=FFFFFFFF X08=00500000 X04=00000000 lw      a5,-60(s0/fp)
PC=00000288 [00F74EB3] X29=00000000 X14=FFFFFFFF X15=FFFFFFFF xor     t4,a4,a5
PC=0000028C [FBC42423] X08=00500000 X08=00500000 X28=00000000 sw      t3,-88(s0/fp)
PC=00000290 [FBD42623] X12=00000000 X08=00500000 X29=00000000 sw      t4,-84(s0/fp)
PC=00000294 [FAC42423] X08=00500000 X08=00500000 X12=00000000 sw      a2,-88(s0/fp)
PC=00000298 [FAD42623] X12=00000000 X08=00500000 X13=00000000 sw      a3,-84(s0/fp)
PC=0000029C [FC842703] X14=FFFFFFFF X08=00500000 X08=00500000 lw      a4,-56(s0/fp)
PC=000002A0 [FC042783] X15=FFFFFFFF X08=00500000 X00=00000000 lw      a5,-64(s0/fp)
PC=000002A4 [00F76533] X10=FFFFFFFF X14=FFFFFFFF X15=FFFFFFFF or      a0,a4,a5
PC=000002A8 [FCC42703] X14=FFFFFFFF X08=00500000 X12=00000000 lw      a4,-52(s0/fp)
PC=000002AC [FC442783] X15=FFFFFFFF X08=00500000 X04=00000000 lw      a5,-60(s0/fp)
PC=000002B0 [00F765B3] X11=FFFFFFFF X14=FFFFFFFF X15=FFFFFFFF or      a1,a4,a5
PC=000002B4 [FFF54793] X15=00000000 X10=FFFFFFFF X31=00000000 xori    a5,a0,-1
PC=000002B8 [FAF42023] X00=00000000 X08=00500000 X15=00000000 sw      a5,-96(s0/fp)
PC=000002BC [FFF5C793] X15=00000000 X11=FFFFFFFF X31=00000000 xori    a5,a1,-1
PC=000002C0 [FAF42223] X04=00000000 X08=00500000 X15=00000000 sw      a5,-92(s0/fp)
PC=000002C4 [FAC42023] X00=00000000 X08=00500000 X12=00000000 sw      a2,-96(s0/fp)
PC=000002C8 [FAD42223] X04=00000000 X08=00500000 X13=00000000 sw      a3,-92(s0/fp)
PC=000002CC [FC842703] X14=FFFFFFFF X08=00500000 X08=00500000 lw      a4,-56(s0/fp)
PC=000002D0 [FC042783] X15=FFFFFFFF X08=00500000 X00=00000000 lw      a5,-64(s0/fp)
PC=000002D4 [00F77333] X06=FFFFFFFF X14=FFFFFFFF X15=FFFFFFFF and     t1,a4,a5
PC=000002D8 [FCC42703] X14=FFFFFFFF X08=00500000 X12=00000000 lw      a4,-52(s0/fp)
PC=000002DC [FC442783] X15=FFFFFFFF X08=00500000 X04=00000000 lw      a5,-60(s0/fp)
PC=000002E0 [00F773B3] X07=FFFFFFFF X14=FFFFFFFF X15=FFFFFFFF and     t2,a4,a5
PC=000002E4 [FFF34793] X15=00000000 X06=FFFFFFFF X31=00000000 xori    a5,t1,-1
PC=000002E8 [F8F42C23] X24=00000000 X08=00500000 X15=00000000 sw      a5,-104(s0/fp)
PC=000002EC [FFF3C793] X15=00000000 X07=FFFFFFFF X31=00000000 xori    a5,t2,-1
PC=000002F0 [F8F42E23] X28=00000000 X08=00500000 X15=00000000 sw      a5,-100(s0/fp)
PC=000002F4 [F8C42C23] X24=00000000 X08=00500000 X12=00000000 sw      a2,-104(s0/fp)
PC=000002F8 [F8D42E23] X28=00000000 X08=00500000 X13=00000000 sw      a3,-100(s0/fp)
PC=000002FC [FC842703] X14=FFFFFFFF X08=00500000 X08=00500000 lw      a4,-56(s0/fp)
PC=00000300 [FC042783] X15=FFFFFFFF X08=00500000 X00=00000000 lw      a5,-64(s0/fp)
PC=00000304 [00F74F33] X30=00000000 X14=FFFFFFFF X15=FFFFFFFF xor     t5,a4,a5
PC=00000308 [FCC42703] X14=FFFFFFFF X08=00500000 X12=00000000 lw      a4,-52(s0/fp)
PC=0000030C [FC442783] X15=FFFFFFFF X08=00500000 X04=00000000 lw      a5,-60(s0/fp)
PC=00000310 [00F74FB3] X31=00000000 X14=FFFFFFFF X15=FFFFFFFF xor     t6,a4,a5
PC=00000314 [FFFF4793] X15=FFFFFFFF X30=00000000 X31=00000000 xori    a5,t5,-1
PC=00000318 [F8F42823] X16=FFFFFFFF X08=00500000 X15=FFFFFFFF sw      a5,-112(s0/fp)
PC=0000031C [FFFFC793] X15=FFFFFFFF X31=00000000 X31=00000000 xori    a5,t6,-1
PC=00000320 [F8F42A23] X20=00000000 X08=00500000 X15=FFFFFFFF sw      a5,-108(s0/fp)
PC=00000324 [F8C42823] X16=FFFFFFFF X08=00500000 X12=00000000 sw      a2,-112(s0/fp)
PC=00000328 [F8D42A23] X20=00000000 X08=00500000 X13=00000000 sw      a3,-108(s0/fp)
PC=0000032C [FC842783] X15=FFFFFFFF X08=00500000 X08=00500000 lw      a5,-56(s0/fp)
PC=00000330 [FFF7CB13] X22=00000000 X15=FFFFFFFF X31=00000000 xori    s6,a5,-1
PC=00000334 [FCC42783] X15=FFFFFFFF X08=00500000 X12=00000000 lw      a5,-52(s0/fp)
PC=00000338 [FFF7CB93] X23=00000000 X15=FFFFFFFF X31=00000000 xori    s7,a5,-1
PC=0000033C [F9642423] X08=00500000 X08=00500000 X22=00000000 sw      s6,-120(s0/fp)
PC=00000340 [F9742623] X12=00000000 X08=00500000 X23=00000000 sw      s7,-116(s0/fp)
PC=00000344 [F8C42423] X08=00500000 X08=00500000 X12=00000000 sw      a2,-120(s0/fp)
PC=00000348 [F8D42623] X12=00000000 X08=00500000 X13=00000000 sw      a3,-116(s0/fp)
PC=0000034C [FC042783] X15=FFFFFFFF X08=00500000 X00=00000000 lw      a5,-64(s0/fp)
PC=00000350 [FFF7CD13] X26=00000000 X15=FFFFFFFF X31=00000000 xori    s10,a5,-1
PC=00000354 [FC442783] X15=FFFFFFFF X08=00500000 X04=00000000 lw      a5,-60(s0/fp)
PC=00000358 [FFF7CD93] X27=00000000 X15=FFFFFFFF X31=00000000 xori    s11,a5,-1
PC=0000035C [F9A42023] X00=00000000 X08=00500000 X26=00000000 sw      s10,-128(s0/fp)
PC=00000360 [F9B42223] X04=00000000 X08=00500000 X27=00000000 sw      s11,-124(s0/fp)
PC=00000364 [F8C42023] X00=00000000 X08=00500000 X12=00000000 sw      a2,-128(s0/fp)
PC=00000368 [F8D42223] X04=00000000 X08=00500000 X13=00000000 sw      a3,-124(s0/fp)
PC=0000036C [00000797] X15=0000036C X00=00000000 X00=00000000 auipc   a5,0
PC=00000370 [7FC78793] X15=00000B68 X15=0000036C X28=00000000 addi    a5,a5,2044
PC=00000374 [0007A703] X14=00000000 X15=00000B68 X00=00000000 lw      a4,0(a5)
PC=00000378 [0047A783] X15=00000000 X15=00000B68 X04=00000000 lw      a5,4(a5)
PC=0000037C [FCE42423] X08=00500000 X08=00500000 X14=00000000 sw      a4,-56(s0/fp)
PC=00000380 [FCF42623] X12=00000000 X08=00500000 X15=00000000 sw      a5,-52(s0/fp)
PC=00000384 [00000797] X15=00000384 X00=00000000 X00=00000000 auipc   a5,0
PC=00000388 [7EC78793] X15=00000B70 X15=00000384 X12=00000000 addi    a5,a5,2028
PC=0000038C [0007A703] X14=00000000 X15=00000B70 X00=00000000 lw      a4,0(a5)
PC=00000390 [0047A783] X15=00000000 X15=00000B70 X04=00000000 lw      a5,4(a5)
PC=00000394 [FCE42023] X00=00000000 X08=00500000 X14=00000000 sw      a4,-64(s0/fp)
PC=00000398 [FCF42223] X04=00000000 X08=00500000 X15=00000000 sw      a5,-60(s0/fp)
PC=0000039C [FC842703] X14=00000000 X08=00500000 X08=00500000 lw      a4,-56(s0/fp)
PC=000003A0 [FC042783] X15=00000000 X08=00500000 X00=00000000 lw      a5,-64(s0/fp)
PC=000003A4 [00F767B3] X15=00000000 X14=00000000 X15=00000000 or      a5,a4,a5
PC=000003A8 [F2F42823] X16=FFFFFFFF X08=00500000 X15=00000000 sw      a5,-208(s0/fp)
PC=000003AC [FCC42703] X14=00000000 X08=00500000 X12=00000000 lw      a4,-52(s0/fp)
PC=000003B0 [FC442783] X15=00000000 X08=00500000 X04=00000000 lw      a5,-60(s0/fp)
PC=000003B4 [00F767B3] X15=00000000 X14=00000000 X15=00000000 or      a5,a4,a5
PC=000003B8 [F2F42A23] X20=00000000 X08=00500000 X15=00000000 sw      a5,-204(s0/fp)
PC=000003BC [F3042783] X15=00000000 X08=00500000 X16=FFFFFFFF lw      a5,-208(s0/fp)
PC=000003C0 [F3442803] X16=00000000 X08=00500000 X20=00000000 lw      a6,-204(s0/fp)
PC=000003C4 [FAF42C23] X24=00000000 X08=00500000 X15=00000000 sw      a5,-72(s0/fp)
PC=000003C8 [FB042E23] X28=00000000 X08=00500000 X16=00000000 sw      a6,-68(s0/fp)
PC=000003CC [FAC42C23] X24=00000000 X08=00500000 X12=00000000 sw      a2,-72(s0/fp)
PC=000003D0 [FAD42E23] X28=00000000 X08=00500000 X13=00000000 sw      a3,-68(s0/fp)
PC=000003D4 [FC842703] X14=00000000 X08=00500000 X08=00500000 lw      a4,-56(s0/fp)
PC=000003D8 [FC042783] X15=00000000 X08=00500000 X00=00000000 lw      a5,-64(s0/fp)
PC=000003DC [00F777B3] X15=00000000 X14=00000000 X15=00000000 and     a5,a4,a5
PC=000003E0 [F2F42423] X08=00500000 X08=00500000 X15=00000000 sw      a5,-216(s0/fp)
PC=000003E4 [FCC42703] X14=00000000 X08=00500000 X12=00000000 lw      a4,-52(s0/fp)
PC=000003E8 [FC442783] X15=00000000 X08=00500000 X04=00000000 lw      a5,-60(s0/fp)
PC=000003EC [00F777B3] X15=00000000 X14=00000000 X15=00000000 and     a5,a4,a5
PC=000003F0 [F2F42623] X12=00000000 X08=00500000 X15=00000000 sw      a5,-212(s0/fp)
PC=000003F4 [F2842783] X15=00000000 X08=00500000 X08=00500000 lw      a5,-216(s0/fp)
PC=000003F8 [F2C42803] X16=00000000 X08=00500000 X12=00000000 lw      a6,-212(s0/fp)
PC=000003FC [FAF42823] X16=00000000 X08=00500000 X15=00000000 sw      a5,-80(s0/fp)
PC=00000400 [FB042A23] X20=00000000 X08=00500000 X16=00000000 sw      a6,-76(s0/fp)
PC=00000404 [FAC42823] X16=00000000 X08=00500000 X12=00000000 sw      a2,-80(s0/fp)
PC=00000408 [FAD42A23] X20=00000000 X08=00500000 X13=00000000 sw      a3,-76(s0/fp)
PC=0000040C [FC842703] X14=00000000 X08=00500000 X08=00500000 lw      a4,-56(s0/fp)
PC=00000410 [FC042783] X15=00000000 X08=00500000 X00=00000000 lw      a5,-64(s0/fp)
PC=00000414 [00F747B3] X15=00000000 X14=00000000 X15=00000000 xor     a5,a4,a5
PC=00000418 [F2F42023] X00=00000000 X08=00500000 X15=00000000 sw      a5,-224(s0/fp)
PC=0000041C [FCC42703] X14=00000000 X08=00500000 X12=00000000 lw      a4,-52(s0/fp)
PC=00000420 [FC442783] X15=00000000 X08=00500000 X04=00000000 lw      a5,-60(s0/fp)
PC=00000424 [00F747B3] X15=00000000 X14=00000000 X15=00000000 xor     a5,a4,a5
PC=00000428 [F2F42223] X04=00000000 X08=00500000 X15=00000000 sw      a5,-220(s0/fp)
PC=0000042C [F2042783] X15=00000000 X08=00500000 X00=00000000 lw      a5,-224(s0/fp)
PC=00000430 [F2442803] X16=00000000 X08=00500000 X04=00000000 lw      a6,-220(s0/fp)
PC=00000434 [FAF42423] X08=00500000 X08=00500000 X15=00000000 sw      a5,-88(s0/fp)
PC=00000438 [FB042623] X12=00000000 X08=00500000 X16=00000000 sw      a6,-84(s0/fp)
PC=0000043C [FAC42423] X08=00500000 X08=00500000 X12=00000000 sw      a2,-88(s0/fp)
PC=00000440 [FAD42623] X12=00000000 X08=00500000 X13=00000000 sw      a3,-84(s0/fp)
PC=00000444 [FC842703] X14=00000000 X08=00500000 X08=00500000 lw      a4,-56(s0/fp)
PC=00000448 [FC042783] X15=00000000 X08=00500000 X00=00000000 lw      a5,-64(s0/fp)
PC=0000044C [00F76933] X18=00000000 X14=00000000 X15=00000000 or      s2,a4,a5
PC=00000450 [FCC42703] X14=00000000 X08=00500000 X12=00000000 lw      a4,-52(s0/fp)
PC=00000454 [FC442783] X15=00000000 X08=00500000 X04=00000000 lw      a5,-60(s0/fp)
PC=00000458 [00F769B3] X19=00000000 X14=00000000 X15=00000000 or      s3,a4,a5
PC=0000045C [FFF94793] X15=FFFFFFFF X18=00000000 X31=00000000 xori    a5,s2,-1
PC=00000460 [FAF42023] X00=00000000 X08=00500000 X15=FFFFFFFF sw      a5,-96(s0/fp)
PC=00000464 [FFF9C793] X15=FFFFFFFF X19=00000000 X31=00000000 xori    a5,s3,-1
PC=00000468 [FAF42223] X04=00000000 X08=00500000 X15=FFFFFFFF sw      a5,-92(s0/fp)
PC=0000046C [FAC42023] X00=00000000 X08=00500000 X12=00000000 sw      a2,-96(s0/fp)
PC=00000470 [FAD42223] X04=00000000 X08=00500000 X13=00000000 sw      a3,-92(s0/fp)
PC=00000474 [FC842703] X14=00000000 X08=00500000 X08=00500000 lw      a4,-56(s0/fp)
PC=00000478 [FC042783] X15=00000000 X08=00500000 X00=00000000 lw      a5,-64(s0/fp)
PC=0000047C [00F77A33] X20=00000000 X14=00000000 X15=00000000 and     s4,a4,a5
PC=00000480 [FCC42703] X14=00000000 X08=00500000 X12=00000000 lw      a4,-52(s0/fp)
PC=00000484 [FC442783] X15=00000000 X08=00500000 X04=00000000 lw      a5,-60(s0/fp)
PC=00000488 [00F77AB3] X21=00000000 X14=00000000 X15=00000000 and     s5,a4,a5
PC=0000048C [FFFA4793] X15=FFFFFFFF X20=00000000 X31=00000000 xori    a5,s4,-1
PC=00000490 [F8F42C23] X24=00000000 X08=00500000 X15=FFFFFFFF sw      a5,-104(s0/fp)
PC=00000494 [FFFAC793] X15=FFFFFFFF X21=00000000 X31=00000000 xori    a5,s5,-1
PC=00000498 [F8F42E23] X28=00000000 X08=00500000 X15=FFFFFFFF sw      a5,-100(s0/fp)
PC=0000049C [F8C42C23] X24=00000000 X08=00500000 X12=00000000 sw      a2,-104(s0/fp)
PC=000004A0 [F8D42E23] X28=00000000 X08=00500000 X13=00000000 sw      a3,-100(s0/fp)
PC=000004A4 [FC842703] X14=00000000 X08=00500000 X08=00500000 lw      a4,-56(s0/fp)
PC=000004A8 [FC042783] X15=00000000 X08=00500000 X00=00000000 lw      a5,-64(s0/fp)
PC=000004AC [00F74C33] X24=00000000 X14=00000000 X15=00000000 xor     s8,a4,a5
PC=000004B0 [FCC42703] X14=00000000 X08=00500000 X12=00000000 lw      a4,-52(s0/fp)
PC=000004B4 [FC442783] X15=00000000 X08=00500000 X04=00000000 lw      a5,-60(s0/fp)
PC=000004B8 [00F74CB3] X25=00000000 X14=00000000 X15=00000000 xor     s9,a4,a5
PC=000004BC [FFFC4793] X15=FFFFFFFF X24=00000000 X31=00000000 xori    a5,s8,-1
PC=000004C0 [F8F42823] X16=00000000 X08=00500000 X15=FFFFFFFF sw      a5,-112(s0/fp)
PC=000004C4 [FFFCC793] X15=FFFFFFFF X25=00000000 X31=00000000 xori    a5,s9,-1
PC=000004C8 [F8F42A23] X20=00000000 X08=00500000 X15=FFFFFFFF sw      a5,-108(s0/fp)
PC=000004CC [F8C42823] X16=00000000 X08=00500000 X12=00000000 sw      a2,-112(s0/fp)
PC=000004D0 [F8D42A23] X20=00000000 X08=00500000 X13=00000000 sw      a3,-108(s0/fp)
PC=000004D4 [FC842783] X15=00000000 X08=00500000 X08=00500000 lw      a5,-56(s0/fp)
PC=000004D8 [FFF7C793] X15=FFFFFFFF X15=00000000 X31=00000000 xori    a5,a5,-1
PC=000004DC [F0F42C23] X24=00000000 X08=00500000 X15=FFFFFFFF sw      a5,-232(s0/fp)
PC=000004E0 [FCC42783] X15=00000000 X08=00500000 X12=00000000 lw      a5,-52(s0/fp)
PC=000004E4 [FFF7C793] X15=FFFFFFFF X15=00000000 X31=00000000 xori    a5,a5,-1
PC=000004E8 [F0F42E23] X28=00000000 X08=00500000 X15=FFFFFFFF sw      a5,-228(s0/fp)
PC=000004EC [F1842783] X15=FFFFFFFF X08=00500000 X24=00000000 lw      a5,-232(s0/fp)
PC=000004F0 [F1C42803] X16=FFFFFFFF X08=00500000 X28=00000000 lw      a6,-228(s0/fp)
PC=000004F4 [F8F42423] X08=00500000 X08=00500000 X15=FFFFFFFF sw      a5,-120(s0/fp)
PC=000004F8 [F9042623] X12=00000000 X08=00500000 X16=FFFFFFFF sw      a6,-116(s0/fp)
PC=000004FC [F8C42423] X08=00500000 X08=00500000 X12=00000000 sw      a2,-120(s0/fp)
PC=00000500 [F8D42623] X12=00000000 X08=00500000 X13=00000000 sw      a3,-116(s0/fp)
PC=00000504 [FC042783] X15=00000000 X08=00500000 X00=00000000 lw      a5,-64(s0/fp)
PC=00000508 [FFF7C793] X15=FFFFFFFF X15=00000000 X31=00000000 xori    a5,a5,-1
PC=0000050C [F0F42823] X16=FFFFFFFF X08=00500000 X15=FFFFFFFF sw      a5,-240(s0/fp)
PC=00000510 [FC442783] X15=00000000 X08=00500000 X04=00000000 lw      a5,-60(s0/fp)
PC=00000514 [FFF7C793] X15=FFFFFFFF X15=00000000 X31=00000000 xori    a5,a5,-1
PC=00000518 [F0F42A23] X20=00000000 X08=00500000 X15=FFFFFFFF sw      a5,-236(s0/fp)
PC=0000051C [F1042783] X15=FFFFFFFF X08=00500000 X16=FFFFFFFF lw      a5,-240(s0/fp)
PC=00000520 [F1442803] X16=FFFFFFFF X08=00500000 X20=00000000 lw      a6,-236(s0/fp)
PC=00000524 [F8F42023] X00=00000000 X08=00500000 X15=FFFFFFFF sw      a5,-128(s0/fp)
PC=00000528 [F9042223] X04=00000000 X08=00500000 X16=FFFFFFFF sw      a6,-124(s0/fp)
PC=0000052C [F8C42023] X00=00000000 X08=00500000 X12=00000000 sw      a2,-128(s0/fp)
PC=00000530 [F8D42223] X04=00000000 X08=00500000 X13=00000000 sw      a3,-124(s0/fp)
PC=00000534 [FFF00713] X14=FFFFFFFF X00=00000000 X31=00000000 addi    a4,zero,-1
PC=00000538 [FFF00793] X15=FFFFFFFF X00=00000000 X31=00000000 addi    a5,zero,-1
PC=0000053C [FCE42423] X08=00500000 X08=00500000 X14=FFFFFFFF sw      a4,-56(s0/fp)
PC=00000540 [FCF42623] X12=00000000 X08=00500000 X15=FFFFFFFF sw      a5,-52(s0/fp)
PC=00000544 [FCC42023] X00=00000000 X08=00500000 X12=00000000 sw      a2,-64(s0/fp)
PC=00000548 [FCD42223] X04=00000000 X08=00500000 X13=00000000 sw      a3,-60(s0/fp)
PC=0000054C [FC842703] X14=FFFFFFFF X08=00500000 X08=00500000 lw      a4,-56(s0/fp)
PC=00000550 [FC042783] X15=00000000 X08=00500000 X00=00000000 lw      a5,-64(s0/fp)
PC=00000554 [00F767B3] X15=FFFFFFFF X14=FFFFFFFF X15=00000000 or      a5,a4,a5
PC=00000558 [F0F42423] X08=00500000 X08=00500000 X15=FFFFFFFF sw      a5,-248(s0/fp)
PC=0000055C [FCC42703] X14=FFFFFFFF X08=00500000 X12=00000000 lw      a4,-52(s0/fp)
PC=00000560 [FC442783] X15=00000000 X08=00500000 X04=00000000 lw      a5,-60(s0/fp)
PC=00000564 [00F767B3] X15=FFFFFFFF X14=FFFFFFFF X15=00000000 or      a5,a4,a5
PC=00000568 [F0F42623] X12=00000000 X08=00500000 X15=FFFFFFFF sw      a5,-244(s0/fp)
PC=0000056C [F0842783] X15=FFFFFFFF X08=00500000 X08=00500000 lw      a5,-248(s0/fp)
PC=00000570 [F0C42803] X16=FFFFFFFF X08=00500000 X12=00000000 lw      a6,-244(s0/fp)
PC=00000574 [FAF42C23] X24=00000000 X08=00500000 X15=FFFFFFFF sw      a5,-72(s0/fp)
PC=00000578 [FB042E23] X28=00000000 X08=00500000 X16=FFFFFFFF sw      a6,-68(s0/fp)
PC=0000057C [FAC42C23] X24=00000000 X08=00500000 X12=00000000 sw      a2,-72(s0/fp)
PC=00000580 [FAD42E23] X28=00000000 X08=00500000 X13=00000000 sw      a3,-68(s0/fp)
PC=00000584 [FC842703] X14=FFFFFFFF X08=00500000 X08=00500000 lw      a4,-56(s0/fp)
PC=00000588 [FC042783] X15=00000000 X08=00500000 X00=00000000 lw      a5,-64(s0/fp)
PC=0000058C [00F777B3] X15=00000000 X14=FFFFFFFF X15=00000000 and     a5,a4,a5
PC=00000590 [F0F42023] X00=00000000 X08=00500000 X15=00000000 sw      a5,-256(s0/fp)
PC=00000594 [FCC42703] X14=FFFFFFFF X08=00500000 X12=00000000 lw      a4,-52(s0/fp)
PC=00000598 [FC442783] X15=00000000 X08=00500000 X04=00000000 lw      a5,-60(s0/fp)
PC=0000059C [00F777B3] X15=00000000 X14=FFFFFFFF X15=00000000 and     a5,a4,a5
PC=000005A0 [F0F42223] X04=00000000 X08=00500000 X15=00000000 sw      a5,-252(s0/fp)
PC=000005A4 [F0042783] X15=00000000 X08=00500000 X00=00000000 lw      a5,-256(s0/fp)
PC=000005A8 [F0442803] X16=00000000 X08=00500000 X04=00000000 lw      a6,-252(s0/fp)
PC=000005AC [FAF42823] X16=00000000 X08=00500000 X15=00000000 sw      a5,-80(s0/fp)
PC=000005B0 [FB042A23] X20=00000000 X08=00500000 X16=00000000 sw      a6,-76(s0/fp)
PC=000005B4 [FAC42823] X16=00000000 X08=00500000 X12=00000000 sw      a2,-80(s0/fp)
PC=000005B8 [FAD42A23] X20=00000000 X08=00500000 X13=00000000 sw      a3,-76(s0/fp)
PC=000005BC [FC842703] X14=FFFFFFFF X08=00500000 X08=00500000 lw      a4,-56(s0/fp)
PC=000005C0 [FC042783] X15=00000000 X08=00500000 X00=00000000 lw      a5,-64(s0/fp)
PC=000005C4 [00F747B3] X15=FFFFFFFF X14=FFFFFFFF X15=00000000 xor     a5,a4,a5
PC=000005C8 [EEF42C23] X24=00000000 X08=00500000 X15=FFFFFFFF sw      a5,-264(s0/fp)
PC=000005CC [FCC42703] X14=FFFFFFFF X08=00500000 X12=00000000 lw      a4,-52(s0/fp)
PC=000005D0 [FC442783] X15=00000000 X08=00500000 X04=00000000 lw      a5,-60(s0/fp)
PC=000005D4 [00F747B3] X15=FFFFFFFF X14=FFFFFFFF X15=00000000 xor     a5,a4,a5
PC=000005D8 [EEF42E23] X28=00000000 X08=00500000 X15=FFFFFFFF sw      a5,-260(s0/fp)
PC=000005DC [EF842783] X15=FFFFFFFF X08=00500000 X24=00000000 lw      a5,-264(s0/fp)
PC=000005E0 [EFC42803] X16=FFFFFFFF X08=00500000 X28=00000000 lw      a6,-260(s0/fp)
PC=000005E4 [FAF42423] X08=00500000 X08=00500000 X15=FFFFFFFF sw      a5,-88(s0/fp)
PC=000005E8 [FB042623] X12=00000000 X08=00500000 X16=FFFFFFFF sw      a6,-84(s0/fp)
PC=000005EC [FAC42423] X08=00500000 X08=00500000 X12=00000000 sw      a2,-88(s0/fp)
PC=000005F0 [FAD42623] X12=00000000 X08=00500000 X13=00000000 sw      a3,-84(s0/fp)
PC=000005F4 [FC842703] X14=FFFFFFFF X08=00500000 X08=00500000 lw      a4,-56(s0/fp)
PC=000005F8 [FC042783] X15=00000000 X08=00500000 X00=00000000 lw      a5,-64(s0/fp)
PC=000005FC [00F767B3] X15=FFFFFFFF X14=FFFFFFFF X15=00000000 or      a5,a4,a5
PC=00000600 [F6F42C23] X24=00000000 X08=00500000 X15=FFFFFFFF sw      a5,-136(s0/fp)
PC=00000604 [FCC42703] X14=FFFFFFFF X08=00500000 X12=00000000 lw      a4,-52(s0/fp)
PC=00000608 [FC442783] X15=00000000 X08=00500000 X04=00000000 lw      a5,-60(s0/fp)
PC=0000060C [00F767B3] X15=FFFFFFFF X14=FFFFFFFF X15=00000000 or      a5,a4,a5
PC=00000610 [F6F42E23] X28=00000000 X08=00500000 X15=FFFFFFFF sw      a5,-132(s0/fp)
PC=00000614 [F7842503] X10=FFFFFFFF X08=00500000 X24=00000000 lw      a0,-136(s0/fp)
PC=00000618 [F7C42583] X11=FFFFFFFF X08=00500000 X28=00000000 lw      a1,-132(s0/fp)
PC=0000061C [00050793] X15=FFFFFFFF X10=FFFFFFFF X00=00000000 addi    a5,a0,0
PC=00000620 [FFF7C793] X15=00000000 X15=FFFFFFFF X31=00000000 xori    a5,a5,-1
PC=00000624 [FAF42023] X00=00000000 X08=00500000 X15=00000000 sw      a5,-96(s0/fp)
PC=00000628 [00058793] X15=FFFFFFFF X11=FFFFFFFF X00=00000000 addi    a5,a1,0
PC=0000062C [FFF7C793] X15=00000000 X15=FFFFFFFF X31=00000000 xori    a5,a5,-1
PC=00000630 [FAF42223] X04=00000000 X08=00500000 X15=00000000 sw      a5,-92(s0/fp)
PC=00000634 [FAC42023] X00=00000000 X08=00500000 X12=00000000 sw      a2,-96(s0/fp)
PC=00000638 [FAD42223] X04=00000000 X08=00500000 X13=00000000 sw      a3,-92(s0/fp)
PC=0000063C [FC842703] X14=FFFFFFFF X08=00500000 X08=00500000 lw      a4,-56(s0/fp)
PC=00000640 [FC042783] X15=00000000 X08=00500000 X00=00000000 lw      a5,-64(s0/fp)
PC=00000644 [00F777B3] X15=00000000 X14=FFFFFFFF X15=00000000 and     a5,a4,a5
PC=00000648 [F6F42823] X16=FFFFFFFF X08=00500000 X15=00000000 sw      a5,-144(s0/fp)
PC=0000064C [FCC42703] X14=FFFFFFFF X08=00500000 X12=00000000 lw      a4,-52(s0/fp)
PC=00000650 [FC442783] X15=00000000 X08=00500000 X04=00000000 lw      a5,-60(s0/fp)
PC=00000654 [00F777B3] X15=00000000 X14=FFFFFFFF X15=00000000 and     a5,a4,a5
PC=00000658 [F6F42A23] X20=00000000 X08=00500000 X15=00000000 sw      a5,-140(s0/fp)
PC=0000065C [F7042503] X10=00000000 X08=00500000 X16=FFFFFFFF lw      a0,-144(s0/fp)
PC=00000660 [F7442583] X11=00000000 X08=00500000 X20=00000000 lw      a1,-140(s0/fp)
PC=00000664 [00050793] X15=00000000 X10=00000000 X00=00000000 addi    a5,a0,0
PC=00000668 [FFF7C793] X15=FFFFFFFF X15=00000000 X31=00000000 xori    a5,a5,-1
PC=0000066C [F8F42C23] X24=00000000 X08=00500000 X15=FFFFFFFF sw      a5,-104(s0/fp)
PC=00000670 [00058793] X15=00000000 X11=00000000 X00=00000000 addi    a5,a1,0
PC=00000674 [FFF7C793] X15=FFFFFFFF X15=00000000 X31=00000000 xori    a5,a5,-1
PC=00000678 [F8F42E23] X28=00000000 X08=00500000 X15=FFFFFFFF sw      a5,-100(s0/fp)
PC=0000067C [F8C42C23] X24=00000000 X08=00500000 X12=00000000 sw      a2,-104(s0/fp)
PC=00000680 [F8D42E23] X28=00000000 X08=00500000 X13=00000000 sw      a3,-100(s0/fp)
PC=00000684 [FC842703] X14=FFFFFFFF X08=00500000 X08=00500000 lw      a4,-56(s0/fp)
PC=00000688 [FC042783] X15=00000000 X08=00500000 X00=00000000 lw      a5,-64(s0/fp)
PC=0000068C [00F747B3] X15=FFFFFFFF X14=FFFFFFFF X15=00000000 xor     a5,a4,a5
PC=00000690 [F6F42423] X08=00500000 X08=00500000 X15=FFFFFFFF sw      a5,-152(s0/fp)
PC=00000694 [FCC42703] X14=FFFFFFFF X08=00500000 X12=00000000 lw      a4,-52(s0/fp)
PC=00000698 [FC442783] X15=00000000 X08=00500000 X04=00000000 lw      a5,-60(s0/fp)
PC=0000069C [00F747B3] X15=FFFFFFFF X14=FFFFFFFF X15=00000000 xor     a5,a4,a5
PC=000006A0 [F6F42623] X12=00000000 X08=00500000 X15=FFFFFFFF sw      a5,-148(s0/fp)
PC=000006A4 [F6842503] X10=FFFFFFFF X08=00500000 X08=00500000 lw      a0,-152(s0/fp)
PC=000006A8 [F6C42583] X11=FFFFFFFF X08=00500000 X12=00000000 lw      a1,-148(s0/fp)
PC=000006AC [00050793] X15=FFFFFFFF X10=FFFFFFFF X00=00000000 addi    a5,a0,0
PC=000006B0 [FFF7C793] X15=00000000 X15=FFFFFFFF X31=00000000 xori    a5,a5,-1
PC=000006B4 [F8F42823] X16=FFFFFFFF X08=00500000 X15=00000000 sw      a5,-112(s0/fp)
PC=000006B8 [00058793] X15=FFFFFFFF X11=FFFFFFFF X00=00000000 addi    a5,a1,0
PC=000006BC [FFF7C793] X15=00000000 X15=FFFFFFFF X31=00000000 xori    a5,a5,-1
PC=000006C0 [F8F42A23] X20=00000000 X08=00500000 X15=00000000 sw      a5,-108(s0/fp)
PC=000006C4 [F8C42823] X16=FFFFFFFF X08=00500000 X12=00000000 sw      a2,-112(s0/fp)
PC=000006C8 [F8D42A23] X20=00000000 X08=00500000 X13=00000000 sw      a3,-108(s0/fp)
PC=000006CC [FC842783] X15=FFFFFFFF X08=00500000 X08=00500000 lw      a5,-56(s0/fp)
PC=000006D0 [FFF7C793] X15=00000000 X15=FFFFFFFF X31=00000000 xori    a5,a5,-1
PC=000006D4 [EEF42823] X16=FFFFFFFF X08=00500000 X15=00000000 sw      a5,-272(s0/fp)
PC=000006D8 [FCC42783] X15=FFFFFFFF X08=00500000 X12=00000000 lw      a5,-52(s0/fp)
PC=000006DC [FFF7C793] X15=00000000 X15=FFFFFFFF X31=00000000 xori    a5,a5,-1
PC=000006E0 [EEF42A23] X20=00000000 X08=00500000 X15=00000000 sw      a5,-268(s0/fp)
PC=000006E4 [EF042783] X15=00000000 X08=00500000 X16=FFFFFFFF lw      a5,-272(s0/fp)
PC=000006E8 [EF442803] X16=00000000 X08=00500000 X20=00000000 lw      a6,-268(s0/fp)
PC=000006EC [F8F42423] X08=00500000 X08=00500000 X15=00000000 sw      a5,-120(s0/fp)
PC=000006F0 [F9042623] X12=00000000 X08=00500000 X16=00000000 sw      a6,-116(s0/fp)
PC=000006F4 [F8C42423] X08=00500000 X08=00500000 X12=00000000 sw      a2,-120(s0/fp)
PC=000006F8 [F8D42623] X12=00000000 X08=00500000 X13=00000000 sw      a3,-116(s0/fp)
PC=000006FC [FC042783] X15=00000000 X08=00500000 X00=00000000 lw      a5,-64(s0/fp)
PC=00000700 [FFF7C793] X15=FFFFFFFF X15=00000000 X31=00000000 xori    a5,a5,-1
PC=00000704 [EEF42423] X08=00500000 X08=00500000 X15=FFFFFFFF sw      a5,-280(s0/fp)
PC=00000708 [FC442783] X15=00000000 X08=00500000 X04=00000000 lw      a5,-60(s0/fp)
PC=0000070C [FFF7C793] X15=FFFFFFFF X15=00000000 X31=00000000 xori    a5,a5,-1
PC=00000710 [EEF42623] X12=00000000 X08=00500000 X15=FFFFFFFF sw      a5,-276(s0/fp)
PC=00000714 [EE842783] X15=FFFFFFFF X08=00500000 X08=00500000 lw      a5,-280(s0/fp)
PC=00000718 [EEC42803] X16=FFFFFFFF X08=00500000 X12=00000000 lw      a6,-276(s0/fp)
PC=0000071C [F8F42023] X00=00000000 X08=00500000 X15=FFFFFFFF sw      a5,-128(s0/fp)
PC=00000720 [F9042223] X04=00000000 X08=00500000 X16=FFFFFFFF sw      a6,-124(s0/fp)
PC=00000724 [F8C42023] X00=00000000 X08=00500000 X12=00000000 sw      a2,-128(s0/fp)
PC=00000728 [F8D42223] X04=00000000 X08=00500000 X13=00000000 sw      a3,-124(s0/fp)
PC=0000072C [00000797] X15=0000072C X00=00000000 X00=00000000 auipc   a5,0
PC=00000730 [44C78793] X15=00000B78 X15=0000072C X12=00000000 addi    a5,a5,1100
PC=00000734 [0007A703] X14=00000000 X15=00000B78 X00=00000000 lw      a4,0(a5)
PC=00000738 [0047A783] X15=00000000 X15=00000B78 X04=00000000 lw      a5,4(a5)
PC=0000073C [FCE42423] X08=00500000 X08=00500000 X14=00000000 sw      a4,-56(s0/fp)
PC=00000740 [FCF42623] X12=00000000 X08=00500000 X15=00000000 sw      a5,-52(s0/fp)
PC=00000744 [00000797] X15=00000744 X00=00000000 X00=00000000 auipc   a5,0
PC=00000748 [43C78793] X15=00000B80 X15=00000744 X28=00000000 addi    a5,a5,1084
PC=0000074C [0007A703] X14=00000000 X15=00000B80 X00=00000000 lw      a4,0(a5)
PC=00000750 [0047A783] X15=00000000 X15=00000B80 X04=00000000 lw      a5,4(a5)
PC=00000754 [FCE42023] X00=00000000 X08=00500000 X14=00000000 sw      a4,-64(s0/fp)
PC=00000758 [FCF42223] X04=00000000 X08=00500000 X15=00000000 sw      a5,-60(s0/fp)
PC=0000075C [FC842703] X14=00000000 X08=00500000 X08=00500000 lw      a4,-56(s0/fp)
PC=00000760 [FC042783] X15=00000000 X08=00500000 X00=00000000 lw      a5,-64(s0/fp)
PC=00000764 [00F767B3] X15=00000000 X14=00000000 X15=00000000 or      a5,a4,a5
PC=00000768 [EEF42023] X00=00000000 X08=00500000 X15=00000000 sw      a5,-288(s0/fp)
PC=0000076C [FCC42703] X14=00000000 X08=00500000 X12=00000000 lw      a4,-52(s0/fp)
PC=00000770 [FC442783] X15=00000000 X08=00500000 X04=00000000 lw      a5,-60(s0/fp)
PC=00000774 [00F767B3] X15=00000000 X14=00000000 X15=00000000 or      a5,a4,a5
PC=00000778 [EEF42223] X04=00000000 X08=00500000 X15=00000000 sw      a5,-284(s0/fp)
PC=0000077C [EE042783] X15=00000000 X08=00500000 X00=00000000 lw      a5,-288(s0/fp)
PC=00000780 [EE442803] X16=00000000 X08=00500000 X04=00000000 lw      a6,-284(s0/fp)
PC=00000784 [FAF42C23] X24=00000000 X08=00500000 X15=00000000 sw      a5,-72(s0/fp)
PC=00000788 [FB042E23] X28=00000000 X08=00500000 X16=00000000 sw      a6,-68(s0/fp)
PC=0000078C [FAC42C23] X24=00000000 X08=00500000 X12=00000000 sw      a2,-72(s0/fp)
PC=00000790 [FAD42E23] X28=00000000 X08=00500000 X13=00000000 sw      a3,-68(s0/fp)
PC=00000794 [FC842703] X14=00000000 X08=00500000 X08=00500000 lw      a4,-56(s0/fp)
PC=00000798 [FC042783] X15=00000000 X08=00500000 X00=00000000 lw      a5,-64(s0/fp)
PC=0000079C [00F777B3] X15=00000000 X14=00000000 X15=00000000 and     a5,a4,a5
PC=000007A0 [ECF42C23] X24=00000000 X08=00500000 X15=00000000 sw      a5,-296(s0/fp)
PC=000007A4 [FCC42703] X14=00000000 X08=00500000 X12=00000000 lw      a4,-52(s0/fp)
PC=000007A8 [FC442783] X15=00000000 X08=00500000 X04=00000000 lw      a5,-60(s0/fp)
PC=000007AC [00F777B3] X15=00000000 X14=00000000 X15=00000000 and     a5,a4,a5
PC=000007B0 [ECF42E23] X28=00000000 X08=00500000 X15=00000000 sw      a5,-292(s0/fp)
PC=000007B4 [ED842783] X15=00000000 X08=00500000 X24=00000000 lw      a5,-296(s0/fp)
PC=000007B8 [EDC42803] X16=00000000 X08=00500000 X28=00000000 lw      a6,-292(s0/fp)
PC=000007BC [FAF42823] X16=00000000 X08=00500000 X15=00000000 sw      a5,-80(s0/fp)
PC=000007C0 [FB042A23] X20=00000000 X08=00500000 X16=00000000 sw      a6,-76(s0/fp)
PC=000007C4 [FAC42823] X16=00000000 X08=00500000 X12=00000000 sw      a2,-80(s0/fp)
PC=000007C8 [FAD42A23] X20=00000000 X08=00500000 X13=00000000 sw      a3,-76(s0/fp)
PC=000007CC [FC842703] X14=00000000 X08=00500000 X08=00500000 lw      a4,-56(s0/fp)
PC=000007D0 [FC042783] X15=00000000 X08=00500000 X00=00000000 lw      a5,-64(s0/fp)
PC=000007D4 [00F747B3] X15=00000000 X14=00000000 X15=00000000 xor     a5,a4,a5
PC=000007D8 [ECF42823] X16=00000000 X08=00500000 X15=00000000 sw      a5,-304(s0/fp)
PC=000007DC [FCC42703] X14=00000000 X08=00500000 X12=00000000 lw      a4,-52(s0/fp)
PC=000007E0 [FC442783] X15=00000000 X08=00500000 X04=00000000 lw      a5,-60(s0/fp)
PC=000007E4 [00F747B3] X15=00000000 X14=00000000 X15=00000000 xor     a5,a4,a5
PC=000007E8 [ECF42A23] X20=00000000 X08=00500000 X15=00000000 sw      a5,-300(s0/fp)
PC=000007EC [ED042783] X15=00000000 X08=00500000 X16=00000000 lw      a5,-304(s0/fp)
PC=000007F0 [ED442803] X16=00000000 X08=00500000 X20=00000000 lw      a6,-300(s0/fp)
PC=000007F4 [FAF42423] X08=00500000 X08=00500000 X15=00000000 sw      a5,-88(s0/fp)
PC=000007F8 [FB042623] X12=00000000 X08=00500000 X16=00000000 sw      a6,-84(s0/fp)
PC=000007FC [FAC42423] X08=00500000 X08=00500000 X12=00000000 sw      a2,-88(s0/fp)
PC=00000800 [FAD42623] X12=00000000 X08=00500000 X13=00000000 sw      a3,-84(s0/fp)
PC=00000804 [FC842703] X14=00000000 X08=00500000 X08=00500000 lw      a4,-56(s0/fp)
PC=00000808 [FC042783] X15=00000000 X08=00500000 X00=00000000 lw      a5,-64(s0/fp)
PC=0000080C [00F767B3] X15=00000000 X14=00000000 X15=00000000 or      a5,a4,a5
PC=00000810 [F6F42023] X00=00000000 X08=00500000 X15=00000000 sw      a5,-160(s0/fp)
PC=00000814 [FCC42703] X14=00000000 X08=00500000 X12=00000000 lw      a4,-52(s0/fp)
PC=00000818 [FC442783] X15=00000000 X08=00500000 X04=00000000 lw      a5,-60(s0/fp)
PC=0000081C [00F767B3] X15=00000000 X14=00000000 X15=00000000 or      a5,a4,a5
PC=00000820 [F6F42223] X04=00000000 X08=00500000 X15=00000000 sw      a5,-156(s0/fp)
PC=00000824 [F6042503] X10=00000000 X08=00500000 X00=00000000 lw      a0,-160(s0/fp)
PC=00000828 [F6442583] X11=00000000 X08=00500000 X04=00000000 lw      a1,-156(s0/fp)
PC=0000082C [00050793] X15=00000000 X10=00000000 X00=00000000 addi    a5,a0,0
PC=00000830 [FFF7C793] X15=FFFFFFFF X15=00000000 X31=00000000 xori    a5,a5,-1
PC=00000834 [FAF42023] X00=00000000 X08=00500000 X15=FFFFFFFF sw      a5,-96(s0/fp)
PC=00000838 [00058793] X15=00000000 X11=00000000 X00=00000000 addi    a5,a1,0
PC=0000083C [FFF7C793] X15=FFFFFFFF X15=00000000 X31=00000000 xori    a5,a5,-1
PC=00000840 [FAF42223] X04=00000000 X08=00500000 X15=FFFFFFFF sw      a5,-92(s0/fp)
PC=00000844 [FAC42023] X00=00000000 X08=00500000 X12=00000000 sw      a2,-96(s0/fp)
PC=00000848 [FAD42223] X04=00000000 X08=00500000 X13=00000000 sw      a3,-92(s0/fp)
PC=0000084C [FC842703] X14=00000000 X08=00500000 X08=00500000 lw      a4,-56(s0/fp)
PC=00000850 [FC042783] X15=00000000 X08=00500000 X00=00000000 lw      a5,-64(s0/fp)
PC=00000854 [00F777B3] X15=00000000 X14=00000000 X15=00000000 and     a5,a4,a5
PC=00000858 [F4F42C23] X24=00000000 X08=00500000 X15=00000000 sw      a5,-168(s0/fp)
PC=0000085C [FCC42703] X14=00000000 X08=00500000 X12=00000000 lw      a4,-52(s0/fp)
PC=00000860 [FC442783] X15=00000000 X08=00500000 X04=00000000 lw      a5,-60(s0/fp)
PC=00000864 [00F777B3] X15=00000000 X14=00000000 X15=00000000 and     a5,a4,a5
PC=00000868 [F4F42E23] X28=00000000 X08=00500000 X15=00000000 sw      a5,-164(s0/fp)
PC=0000086C [F5842503] X10=00000000 X08=00500000 X24=00000000 lw      a0,-168(s0/fp)
PC=00000870 [F5C42583] X11=00000000 X08=00500000 X28=00000000 lw      a1,-164(s0/fp)
PC=00000874 [00050793] X15=00000000 X10=00000000 X00=00000000 addi    a5,a0,0
PC=00000878 [FFF7C793] X15=FFFFFFFF X15=00000000 X31=00000000 xori    a5,a5,-1
PC=0000087C [F8F42C23] X24=00000000 X08=00500000 X15=FFFFFFFF sw      a5,-104(s0/fp)
PC=00000880 [00058793] X15=00000000 X11=00000000 X00=00000000 addi    a5,a1,0
PC=00000884 [FFF7C793] X15=FFFFFFFF X15=00000000 X31=00000000 xori    a5,a5,-1
PC=00000888 [F8F42E23] X28=00000000 X08=00500000 X15=FFFFFFFF sw      a5,-100(s0/fp)
PC=0000088C [F8C42C23] X24=00000000 X08=00500000 X12=00000000 sw      a2,-104(s0/fp)
PC=00000890 [F8D42E23] X28=00000000 X08=00500000 X13=00000000 sw      a3,-100(s0/fp)
PC=00000894 [FC842703] X14=00000000 X08=00500000 X08=00500000 lw      a4,-56(s0/fp)
PC=00000898 [FC042783] X15=00000000 X08=00500000 X00=00000000 lw      a5,-64(s0/fp)
PC=0000089C [00F747B3] X15=00000000 X14=00000000 X15=00000000 xor     a5,a4,a5
PC=000008A0 [F4F42823] X16=00000000 X08=00500000 X15=00000000 sw      a5,-176(s0/fp)
PC=000008A4 [FCC42703] X14=00000000 X08=00500000 X12=00000000 lw      a4,-52(s0/fp)
PC=000008A8 [FC442783] X15=00000000 X08=00500000 X04=00000000 lw      a5,-60(s0/fp)
PC=000008AC [00F747B3] X15=00000000 X14=00000000 X15=00000000 xor     a5,a4,a5
PC=000008B0 [F4F42A23] X20=00000000 X08=00500000 X15=00000000 sw      a5,-172(s0/fp)
PC=000008B4 [F5042503] X10=00000000 X08=00500000 X16=00000000 lw      a0,-176(s0/fp)
PC=000008B8 [F5442583] X11=00000000 X08=00500000 X20=00000000 lw      a1,-172(s0/fp)
PC=000008BC [00050793] X15=00000000 X10=00000000 X00=00000000 addi    a5,a0,0
PC=000008C0 [FFF7C793] X15=FFFFFFFF X15=00000000 X31=00000000 xori    a5,a5,-1
PC=000008C4 [F8F42823] X16=00000000 X08=00500000 X15=FFFFFFFF sw      a5,-112(s0/fp)
PC=000008C8 [00058793] X15=00000000 X11=00000000 X00=00000000 addi    a5,a1,0
PC=000008CC [FFF7C793] X15=FFFFFFFF X15=00000000 X31=00000000 xori    a5,a5,-1
PC=000008D0 [F8F42A23] X20=00000000 X08=00500000 X15=FFFFFFFF sw      a5,-108(s0/fp)
PC=000008D4 [F8C42823] X16=00000000 X08=00500000 X12=00000000 sw      a2,-112(s0/fp)
PC=000008D8 [F8D42A23] X20=00000000 X08=00500000 X13=00000000 sw      a3,-108(s0/fp)
PC=000008DC [FC842783] X15=00000000 X08=00500000 X08=00500000 lw      a5,-56(s0/fp)
PC=000008E0 [FFF7C793] X15=FFFFFFFF X15=00000000 X31=00000000 xori    a5,a5,-1
PC=000008E4 [ECF42423] X08=00500000 X08=00500000 X15=FFFFFFFF sw      a5,-312(s0/fp)
PC=000008E8 [FCC42783] X15=00000000 X08=00500000 X12=00000000 lw      a5,-52(s0/fp)
PC=000008EC [FFF7C793] X15=FFFFFFFF X15=00000000 X31=00000000 xori    a5,a5,-1
PC=000008F0 [ECF42623] X12=00000000 X08=00500000 X15=FFFFFFFF sw      a5,-308(s0/fp)
PC=000008F4 [EC842783] X15=FFFFFFFF X08=00500000 X08=00500000 lw      a5,-312(s0/fp)
PC=000008F8 [ECC42803] X16=FFFFFFFF X08=00500000 X12=00000000 lw      a6,-308(s0/fp)
PC=000008FC [F8F42423] X08=00500000 X08=00500000 X15=FFFFFFFF sw      a5,-120(s0/fp)
PC=00000900 [F9042623] X12=00000000 X08=00500000 X16=FFFFFFFF sw      a6,-116(s0/fp)
PC=00000904 [F8C42423] X08=00500000 X08=00500000 X12=00000000 sw      a2,-120(s0/fp)
PC=00000908 [F8D42623] X12=00000000 X08=00500000 X13=00000000 sw      a3,-116(s0/fp)
PC=0000090C [FC042783] X15=00000000 X08=00500000 X00=00000000 lw      a5,-64(s0/fp)
PC=00000910 [FFF7C793] X15=FFFFFFFF X15=00000000 X31=00000000 xori    a5,a5,-1
PC=00000914 [ECF42023] X00=00000000 X08=00500000 X15=FFFFFFFF sw      a5,-320(s0/fp)
PC=00000918 [FC442783] X15=00000000 X08=00500000 X04=00000000 lw      a5,-60(s0/fp)
PC=0000091C [FFF7C793] X15=FFFFFFFF X15=00000000 X31=00000000 xori    a5,a5,-1
PC=00000920 [ECF42223] X04=00000000 X08=00500000 X15=FFFFFFFF sw      a5,-316(s0/fp)
PC=00000924 [EC042783] X15=FFFFFFFF X08=00500000 X00=00000000 lw      a5,-320(s0/fp)
PC=00000928 [EC442803] X16=FFFFFFFF X08=00500000 X04=00000000 lw      a6,-316(s0/fp)
PC=0000092C [F8F42023] X00=00000000 X08=00500000 X15=FFFFFFFF sw      a5,-128(s0/fp)
PC=00000930 [F9042223] X04=00000000 X08=00500000 X16=FFFFFFFF sw      a6,-124(s0/fp)
PC=00000934 [F8C42023] X00=00000000 X08=00500000 X12=00000000 sw      a2,-128(s0/fp)
PC=00000938 [F8D42223] X04=00000000 X08=00500000 X13=00000000 sw      a3,-124(s0/fp)
PC=0000093C [FCC42423] X08=00500000 X08=00500000 X12=00000000 sw      a2,-56(s0/fp)
PC=00000940 [FCD42623] X12=00000000 X08=00500000 X13=00000000 sw      a3,-52(s0/fp)
PC=00000944 [FCC42023] X00=00000000 X08=00500000 X12=00000000 sw      a2,-64(s0/fp)
PC=00000948 [FCD42223] X04=00000000 X08=00500000 X13=00000000 sw      a3,-60(s0/fp)
PC=0000094C [FC842703] X14=00000000 X08=00500000 X08=00500000 lw      a4,-56(s0/fp)
PC=00000950 [FC042783] X15=00000000 X08=00500000 X00=00000000 lw      a5,-64(s0/fp)
PC=00000954 [00F767B3] X15=00000000 X14=00000000 X15=00000000 or      a5,a4,a5
PC=00000958 [EAF42C23] X24=00000000 X08=00500000 X15=00000000 sw      a5,-328(s0/fp)
PC=0000095C [FCC42703] X14=00000000 X08=00500000 X12=00000000 lw      a4,-52(s0/fp)
PC=00000960 [FC442783] X15=00000000 X08=00500000 X04=00000000 lw      a5,-60(s0/fp)
PC=00000964 [00F767B3] X15=00000000 X14=00000000 X15=00000000 or      a5,a4,a5
PC=00000968 [EAF42E23] X28=00000000 X08=00500000 X15=00000000 sw      a5,-324(s0/fp)
PC=0000096C [EB842783] X15=00000000 X08=00500000 X24=00000000 lw      a5,-328(s0/fp)
PC=00000970 [EBC42803] X16=00000000 X08=00500000 X28=00000000 lw      a6,-324(s0/fp)
PC=00000974 [FAF42C23] X24=00000000 X08=00500000 X15=00000000 sw      a5,-72(s0/fp)
PC=00000978 [FB042E23] X28=00000000 X08=00500000 X16=00000000 sw      a6,-68(s0/fp)
PC=0000097C [FAC42C23] X24=00000000 X08=00500000 X12=00000000 sw      a2,-72(s0/fp)
PC=00000980 [FAD42E23] X28=00000000 X08=00500000 X13=00000000 sw      a3,-68(s0/fp)
PC=00000984 [FC842703] X14=00000000 X08=00500000 X08=00500000 lw      a4,-56(s0/fp)
PC=00000988 [FC042783] X15=00000000 X08=00500000 X00=00000000 lw      a5,-64(s0/fp)
PC=0000098C [00F777B3] X15=00000000 X14=00000000 X15=00000000 and     a5,a4,a5
PC=00000990 [EAF42823] X16=00000000 X08=00500000 X15=00000000 sw      a5,-336(s0/fp)
PC=00000994 [FCC42703] X14=00000000 X08=00500000 X12=00000000 lw      a4,-52(s0/fp)
PC=00000998 [FC442783] X15=00000000 X08=00500000 X04=00000000 lw      a5,-60(s0/fp)
PC=0000099C [00F777B3] X15=00000000 X14=00000000 X15=00000000 and     a5,a4,a5
PC=000009A0 [EAF42A23] X20=00000000 X08=00500000 X15=00000000 sw      a5,-332(s0/fp)
PC=000009A4 [EB042783] X15=00000000 X08=00500000 X16=00000000 lw      a5,-336(s0/fp)
PC=000009A8 [EB442803] X16=00000000 X08=00500000 X20=00000000 lw      a6,-332(s0/fp)
PC=000009AC [FAF42823] X16=00000000 X08=00500000 X15=00000000 sw      a5,-80(s0/fp)
PC=000009B0 [FB042A23] X20=00000000 X08=00500000 X16=00000000 sw      a6,-76(s0/fp)
PC=000009B4 [FAC42823] X16=00000000 X08=00500000 X12=00000000 sw      a2,-80(s0/fp)
PC=000009B8 [FAD42A23] X20=00000000 X08=00500000 X13=00000000 sw      a3,-76(s0/fp)
PC=000009BC [FC842703] X14=00000000 X08=00500000 X08=00500000 lw      a4,-56(s0/fp)
PC=000009C0 [FC042783] X15=00000000 X08=00500000 X00=00000000 lw      a5,-64(s0/fp)
PC=000009C4 [00F747B3] X15=00000000 X14=00000000 X15=00000000 xor     a5,a4,a5
PC=000009C8 [EAF42423] X08=00500000 X08=00500000 X15=00000000 sw      a5,-344(s0/fp)
PC=000009CC [FCC42703] X14=00000000 X08=00500000 X12=00000000 lw      a4,-52(s0/fp)
PC=000009D0 [FC442783] X15=00000000 X08=00500000 X04=00000000 lw      a5,-60(s0/fp)
PC=000009D4 [00F747B3] X15=00000000 X14=00000000 X15=00000000 xor     a5,a4,a5
PC=000009D8 [EAF42623] X12=00000000 X08=00500000 X15=00000000 sw      a5,-340(s0/fp)
PC=000009DC [EA842783] X15=00000000 X08=00500000 X08=00500000 lw      a5,-344(s0/fp)
PC=000009E0 [EAC42803] X16=00000000 X08=00500000 X12=00000000 lw      a6,-340(s0/fp)
PC=000009E4 [FAF42423] X08=00500000 X08=00500000 X15=00000000 sw      a5,-88(s0/fp)
PC=000009E8 [FB042623] X12=00000000 X08=00500000 X16=00000000 sw      a6,-84(s0/fp)
PC=000009EC [FAC42423] X08=00500000 X08=00500000 X12=00000000 sw      a2,-88(s0/fp)
PC=000009F0 [FAD42623] X12=00000000 X08=00500000 X13=00000000 sw      a3,-84(s0/fp)
PC=000009F4 [FC842703] X14=00000000 X08=00500000 X08=00500000 lw      a4,-56(s0/fp)
PC=000009F8 [FC042783] X15=00000000 X08=00500000 X00=00000000 lw      a5,-64(s0/fp)
PC=000009FC [00F767B3] X15=00000000 X14=00000000 X15=00000000 or      a5,a4,a5
PC=00000A00 [F4F42423] X08=00500000 X08=00500000 X15=00000000 sw      a5,-184(s0/fp)
PC=00000A04 [FCC42703] X14=00000000 X08=00500000 X12=00000000 lw      a4,-52(s0/fp)
PC=00000A08 [FC442783] X15=00000000 X08=00500000 X04=00000000 lw      a5,-60(s0/fp)
PC=00000A0C [00F767B3] X15=00000000 X14=00000000 X15=00000000 or      a5,a4,a5
PC=00000A10 [F4F42623] X12=00000000 X08=00500000 X15=00000000 sw      a5,-180(s0/fp)
PC=00000A14 [F4842503] X10=00000000 X08=00500000 X08=00500000 lw      a0,-184(s0/fp)
PC=00000A18 [F4C42583] X11=00000000 X08=00500000 X12=00000000 lw      a1,-180(s0/fp)
PC=00000A1C [00050793] X15=00000000 X10=00000000 X00=00000000 addi    a5,a0,0
PC=00000A20 [FFF7C793] X15=FFFFFFFF X15=00000000 X31=00000000 xori    a5,a5,-1
PC=00000A24 [FAF42023] X00=00000000 X08=00500000 X15=FFFFFFFF sw      a5,-96(s0/fp)
PC=00000A28 [00058793] X15=00000000 X11=00000000 X00=00000000 addi    a5,a1,0
PC=00000A2C [FFF7C793] X15=FFFFFFFF X15=00000000 X31=00000000 xori    a5,a5,-1
PC=00000A30 [FAF42223] X04=00000000 X08=00500000 X15=FFFFFFFF sw      a5,-92(s0/fp)
PC=00000A34 [FAC42023] X00=00000000 X08=00500000 X12=00000000 sw      a2,-96(s0/fp)
PC=00000A38 [FAD42223] X04=00000000 X08=00500000 X13=00000000 sw      a3,-92(s0/fp)
PC=00000A3C [FC842703] X14=00000000 X08=00500000 X08=00500000 lw      a4,-56(s0/fp)
PC=00000A40 [FC042783] X15=00000000 X08=00500000 X00=00000000 lw      a5,-64(s0/fp)
PC=00000A44 [00F777B3] X15=00000000 X14=00000000 X15=00000000 and     a5,a4,a5
PC=00000A48 [F4F42023] X00=00000000 X08=00500000 X15=00000000 sw      a5,-192(s0/fp)
PC=00000A4C [FCC42703] X14=00000000 X08=00500000 X12=00000000 lw      a4,-52(s0/fp)
PC=00000A50 [FC442783] X15=00000000 X08=00500000 X04=00000000 lw      a5,-60(s0/fp)
PC=00000A54 [00F777B3] X15=00000000 X14=00000000 X15=00000000 and     a5,a4,a5
PC=00000A58 [F4F42223] X04=00000000 X08=00500000 X15=00000000 sw      a5,-188(s0/fp)
PC=00000A5C [F4042503] X10=00000000 X08=00500000 X00=00000000 lw      a0,-192(s0/fp)
PC=00000A60 [F4442583] X11=00000000 X08=00500000 X04=00000000 lw      a1,-188(s0/fp)
PC=00000A64 [00050793] X15=00000000 X10=00000000 X00=00000000 addi    a5,a0,0
PC=00000A68 [FFF7C793] X15=FFFFFFFF X15=00000000 X31=00000000 xori    a5,a5,-1
PC=00000A6C [F8F42C23] X24=00000000 X08=00500000 X15=FFFFFFFF sw      a5,-104(s0/fp)
PC=00000A70 [00058793] X15=00000000 X11=00000000 X00=00000000 addi    a5,a1,0
PC=00000A74 [FFF7C793] X15=FFFFFFFF X15=00000000 X31=00000000 xori    a5,a5,-1
PC=00000A78 [F8F42E23] X28=00000000 X08=00500000 X15=FFFFFFFF sw      a5,-100(s0/fp)
PC=00000A7C [F8C42C23] X24=00000000 X08=00500000 X12=00000000 sw      a2,-104(s0/fp)
PC=00000A80 [F8D42E23] X28=00000000 X08=00500000 X13=00000000 sw      a3,-100(s0/fp)
PC=00000A84 [FC842703] X14=00000000 X08=00500000 X08=00500000 lw      a4,-56(s0/fp)
PC=00000A88 [FC042783] X15=00000000 X08=00500000 X00=00000000 lw      a5,-64(s0/fp)
PC=00000A8C [00F747B3] X15=00000000 X14=00000000 X15=00000000 xor     a5,a4,a5
PC=00000A90 [F2F42C23] X24=00000000 X08=00500000 X15=00000000 sw      a5,-200(s0/fp)
PC=00000A94 [FCC42703] X14=00000000 X08=00500000 X12=00000000 lw      a4,-52(s0/fp)
PC=00000A98 [FC442783] X15=00000000 X08=00500000 X04=00000000 lw      a5,-60(s0/fp)
PC=00000A9C [00F747B3] X15=00000000 X14=00000000 X15=00000000 xor     a5,a4,a5
PC=00000AA0 [F2F42E23] X28=00000000 X08=00500000 X15=00000000 sw      a5,-196(s0/fp)
PC=00000AA4 [F3842503] X10=00000000 X08=00500000 X24=00000000 lw      a0,-200(s0/fp)
PC=00000AA8 [F3C42583] X11=00000000 X08=00500000 X28=00000000 lw      a1,-196(s0/fp)
PC=00000AAC [00050793] X15=00000000 X10=00000000 X00=00000000 addi    a5,a0,0
PC=00000AB0 [FFF7C793] X15=FFFFFFFF X15=00000000 X31=00000000 xori    a5,a5,-1
PC=00000AB4 [F8F42823] X16=00000000 X08=00500000 X15=FFFFFFFF sw      a5,-112(s0/fp)
PC=00000AB8 [00058793] X15=00000000 X11=00000000 X00=00000000 addi    a5,a1,0
PC=00000ABC [FFF7C793] X15=FFFFFFFF X15=00000000 X31=00000000 xori    a5,a5,-1
PC=00000AC0 [F8F42A23] X20=00000000 X08=00500000 X15=FFFFFFFF sw      a5,-108(s0/fp)
PC=00000AC4 [F8C42823] X16=00000000 X08=00500000 X12=00000000 sw      a2,-112(s0/fp)
PC=00000AC8 [F8D42A23] X20=00000000 X08=00500000 X13=00000000 sw      a3,-108(s0/fp)
PC=00000ACC [FC842783] X15=00000000 X08=00500000 X08=00500000 lw      a5,-56(s0/fp)
PC=00000AD0 [FFF7C793] X15=FFFFFFFF X15=00000000 X31=00000000 xori    a5,a5,-1
PC=00000AD4 [EAF42023] X00=00000000 X08=00500000 X15=FFFFFFFF sw      a5,-352(s0/fp)
PC=00000AD8 [FCC42783] X15=00000000 X08=00500000 X12=00000000 lw      a5,-52(s0/fp)
PC=00000ADC [FFF7C793] X15=FFFFFFFF X15=00000000 X31=00000000 xori    a5,a5,-1
PC=00000AE0 [EAF42223] X04=00000000 X08=00500000 X15=FFFFFFFF sw      a5,-348(s0/fp)
PC=00000AE4 [EA042783] X15=FFFFFFFF X08=00500000 X00=00000000 lw      a5,-352(s0/fp)
PC=00000AE8 [EA442803] X16=FFFFFFFF X08=00500000 X04=00000000 lw      a6,-348(s0/fp)
PC=00000AEC [F8F42423] X08=00500000 X08=00500000 X15=FFFFFFFF sw      a5,-120(s0/fp)
PC=00000AF0 [F9042623] X12=00000000 X08=00500000 X16=FFFFFFFF sw      a6,-116(s0/fp)
PC=00000AF4 [F8C42423] X08=00500000 X08=00500000 X12=00000000 sw      a2,-120(s0/fp)
PC=00000AF8 [F8D42623] X12=00000000 X08=00500000 X13=00000000 sw      a3,-116(s0/fp)
PC=00000AFC [FC042783] X15=00000000 X08=00500000 X00=00000000 lw      a5,-64(s0/fp)
PC=00000B00 [FFF7C793] X15=FFFFFFFF X15=00000000 X31=00000000 xori    a5,a5,-1
PC=00000B04 [E8F42C23] X24=00000000 X08=00500000 X15=FFFFFFFF sw      a5,-360(s0/fp)
PC=00000B08 [FC442783] X15=00000000 X08=00500000 X04=00000000 lw      a5,-60(s0/fp)
PC=00000B0C [FFF7C793] X15=FFFFFFFF X15=00000000 X31=00000000 xori    a5,a5,-1
PC=00000B10 [E8F42E23] X28=00000000 X08=00500000 X15=FFFFFFFF sw      a5,-356(s0/fp)
PC=00000B14 [E9842783] X15=FFFFFFFF X08=00500000 X24=00000000 lw      a5,-360(s0/fp)
PC=00000B18 [E9C42803] X16=FFFFFFFF X08=00500000 X28=00000000 lw      a6,-356(s0/fp)
PC=00000B1C [F8F42023] X00=00000000 X08=00500000 X15=FFFFFFFF sw      a5,-128(s0/fp)
PC=00000B20 [F9042223] X04=00000000 X08=00500000 X16=FFFFFFFF sw      a6,-124(s0/fp)
PC=00000B24 [F8C42023] X00=00000000 X08=00500000 X12=00000000 sw      a2,-128(s0/fp)
PC=00000B28 [F8D42223] X04=00000000 X08=00500000 X13=00000000 sw      a3,-124(s0/fp)
PC=00000B2C [00000793] X15=00000000 X00=00000000 X00=00000000 addi    a5,zero,0
PC=00000B30 [00078513] X10=00000000 X15=00000000 X00=00000000 addi    a0,a5,0
PC=00000B34 [16C12403] X08=00000000 X02=004FFE90 X12=00000000 lw      s0/fp,364(sp)
PC=00000B38 [16812903] X18=00000000 X02=004FFE90 X08=00000000 lw      s2,360(sp)
PC=00000B3C [16412983] X19=00000000 X02=004FFE90 X04=00000000 lw      s3,356(sp)
PC=00000B40 [16012A03] X20=00000000 X02=004FFE90 X00=00000000 lw      s4,352(sp)
PC=00000B44 [15C12A83] X21=00000000 X02=004FFE90 X28=00000000 lw      s5,348(sp)
PC=00000B48 [15812B03] X22=00000000 X02=004FFE90 X24=00000000 lw      s6,344(sp)
PC=00000B4C [15412B83] X23=00000000 X02=004FFE90 X20=00000000 lw      s7,340(sp)
PC=00000B50 [15012C03] X24=00000000 X02=004FFE90 X16=FFFFFFFF lw      s8,336(sp)
PC=00000B54 [14C12C83] X25=00000000 X02=004FFE90 X12=00000000 lw      s9,332(sp)
PC=00000B58 [14812D03] X26=00000000 X02=004FFE90 X08=00000000 lw      s10,328(sp)
PC=00000B5C [14412D83] X27=00000000 X02=004FFE90 X04=00000000 lw      s11,324(sp)
PC=00000B60 [17010113] X02=00500000 X02=004FFE90 X16=FFFFFFFF addi    sp,sp,368
PC=00000B64 [00008067] X00=00000000 X01=000001C0 X00=00000000 jalr    zero,ra,0
PC=000001C0 [200002B7] X05=20000000 X00=00000000 X00=00000000 lui     t0,536870912
PC=000001C4 [00100073] X00=00000000 X00=00000000 X01=000001C0 ebreak  