PC=000001B8 [00500137] X02=00500000 X00=00000000 X05=00000000 lui     sp,5242880
PC=000001BC [00C000EF] X01=000001C0 X00=00000000 X12=00000000 jal     ra,12
PC=000001C8 [FE010113] X02=004FFFE0 X02=00500000 X00=00000000 addi    sp,sp,-32
PC=000001CC [00812E23] X28=00000000 X02=004FFFE0 X08=00000000 sw      s0/fp,28(sp)
PC=000001D0 [02010413] X08=00500000 X02=004FFFE0 X00=00000000 addi    s0/fp,sp,32
PC=000001D4 [00000F17] X30=000001D4 X00=00000000 X00=00000000 auipc   t5,0
PC=000001D8 [19CF0F13] X30=00000370 X30=000001D4 X28=00000000 addi    t5,t5,412
PC=000001DC [004F2F83] X31=00000000 X30=00000370 X04=00000000 lw      t6,4(t5)
PC=000001E0 [000F2F03] X30=00000000 X30=00000370 X00=00000000 lw      t5,0(t5)
PC=000001E4 [FFE42423] X08=00500000 X08=00500000 X30=00000000 sw      t5,-24(s0/fp)
PC=000001E8 [FFF42623] X12=00000000 X08=00500000 X31=00000000 sw      t6,-20(s0/fp)
PC=000001EC [FE842F83] X31=00000000 X08=00500000 X08=00500000 lw      t6,-24(s0/fp)
PC=000001F0 [F0F0FF37] X30=F0F0F000 X01=000001C0 X15=00000000 lui     t5,4042321920
PC=000001F4 [0F0F0F13] X30=F0F0F0F0 X30=F0F0F000 X16=00000000 addi    t5,t5,240
PC=000001F8 [01EFEE33] X28=F0F0F0F0 X31=00000000 X30=F0F0F0F0 or      t3,t6,t5
PC=000001FC [FEC42F83] X31=00000000 X08=00500000 X12=00000000 lw      t6,-20(s0/fp)
PC=00000200 [F0F0FF37] X30=F0F0F000 X01=000001C0 X15=00000000 lui     t5,4042321920
PC=00000204 [0F0F0F13] X30=F0F0F0F0 X30=F0F0F000 X16=00000000 addi    t5,t5,240
PC=00000208 [01EFEEB3] X29=F0F0F0F0 X31=00000000 X30=F0F0F0F0 or      t4,t6,t5
PC=0000020C [FFC42023] X00=00000000 X08=00500000 X28=F0F0F0F0 sw      t3,-32(s0/fp)
PC=00000210 [FFD42223] X04=00000000 X08=00500000 X29=F0F0F0F0 sw      t4,-28(s0/fp)
PC=00000214 [00000F13] X30=00000000 X00=00000000 X00=00000000 addi    t5,zero,0
PC=00000218 [00000F93] X31=00000000 X00=00000000 X00=00000000 addi    t6,zero,0
PC=0000021C [FFE42023] X00=00000000 X08=00500000 X30=00000000 sw      t5,-32(s0/fp)
PC=00000220 [FFF42223] X04=00000000 X08=00500000 X31=00000000 sw      t6,-28(s0/fp)
PC=00000224 [FE842E83] X29=00000000 X08=00500000 X08=00500000 lw      t4,-24(s0/fp)
PC=00000228 [F0F0FE37] X28=F0F0F000 X01=000001C0 X15=00000000 lui     t3,4042321920
PC=0000022C [0F0E0E13] X28=F0F0F0F0 X28=F0F0F000 X16=00000000 addi    t3,t3,240
PC=00000230 [01CEF333] X06=00000000 X29=00000000 X28=F0F0F0F0 and     t1,t4,t3
PC=00000234 [FEC42E83] X29=00000000 X08=00500000 X12=00000000 lw      t4,-20(s0/fp)
PC=00000238 [F0F0FE37] X28=F0F0F000 X01=000001C0 X15=00000000 lui     t3,4042321920
PC=0000023C [0F0E0E13] X28=F0F0F0F0 X28=F0F0F000 X16=00000000 addi    t3,t3,240
PC=00000240 [01CEF3B3] X07=00000000 X29=00000000 X28=F0F0F0F0 and     t2,t4,t3
PC=00000244 [FE642023] X00=00000000 X08=00500000 X06=00000000 sw      t1,-32(s0/fp)
PC=00000248 [FE742223] X04=00000000 X08=00500000 X07=00000000 sw      t2,-28(s0/fp)
PC=0000024C [000F0E93] X29=00000000 X30=00000000 X00=00000000 addi    t4,t5,0
PC=00000250 [000F8F13] X30=00000000 X31=00000000 X00=00000000 addi    t5,t6,0
PC=00000254 [FFD42023] X00=00000000 X08=00500000 X29=00000000 sw      t4,-32(s0/fp)
PC=00000258 [FFE42223] X04=00000000 X08=00500000 X30=00000000 sw      t5,-28(s0/fp)
PC=0000025C [FE842E03] X28=00000000 X08=00500000 X08=00500000 lw      t3,-24(s0/fp)
PC=00000260 [F0F0F337] X06=F0F0F000 X01=000001C0 X15=00000000 lui     t1,4042321920
PC=00000264 [0F030313] X06=F0F0F0F0 X06=F0F0F000 X16=00000000 addi    t1,t1,240
PC=00000268 [006E4833] X16=F0F0F0F0 X28=00000000 X06=F0F0F0F0 xor     a6,t3,t1
PC=0000026C [FEC42E03] X28=00000000 X08=00500000 X12=00000000 lw      t3,-20(s0/fp)
PC=00000270 [F0F0F337] X06=F0F0F000 X01=000001C0 X15=00000000 lui     t1,4042321920
PC=00000274 [0F030313] X06=F0F0F0F0 X06=F0F0F000 X16=F0F0F0F0 addi    t1,t1,240
PC=00000278 [006E48B3] X17=F0F0F0F0 X28=00000000 X06=F0F0F0F0 xor     a7,t3,t1
PC=0000027C [FF042023] X00=00000000 X08=00500000 X16=F0F0F0F0 sw      a6,-32(s0/fp)
PC=00000280 [FF142223] X04=00000000 X08=00500000 X17=F0F0F0F0 sw      a7,-28(s0/fp)
PC=00000284 [000E8313] X06=00000000 X29=00000000 X00=00000000 addi    t1,t4,0
PC=00000288 [000F0393] X07=00000000 X30=00000000 X00=00000000 addi    t2,t5,0
PC=0000028C [FE642023] X00=00000000 X08=00500000 X06=00000000 sw      t1,-32(s0/fp)
PC=00000290 [FE742223] X04=00000000 X08=00500000 X07=00000000 sw      t2,-28(s0/fp)
PC=00000294 [FE842883] X17=00000000 X08=00500000 X08=00500000 lw      a7,-24(s0/fp)
PC=00000298 [F0F0F837] X16=F0F0F000 X01=000001C0 X15=00000000 lui     a6,4042321920
PC=0000029C [0F080813] X16=F0F0F0F0 X16=F0F0F000 X16=F0F0F000 addi    a6,a6,240
PC=000002A0 [0108E633] X12=F0F0F0F0 X17=00000000 X16=F0F0F0F0 or      a2,a7,a6
PC=000002A4 [FEC42883] X17=00000000 X08=00500000 X12=F0F0F0F0 lw      a7,-20(s0/fp)
PC=000002A8 [F0F0F837] X16=F0F0F000 X01=000001C0 X15=00000000 lui     a6,4042321920
PC=000002AC [0F080813] X16=F0F0F0F0 X16=F0F0F000 X16=F0F0F000 addi    a6,a6,240
PC=000002B0 [0108E6B3] X13=F0F0F0F0 X17=00000000 X16=F0F0F0F0 or      a3,a7,a6
PC=000002B4 [FFF64813] X16=0F0F0F0F X12=F0F0F0F0 X31=00000000 xori    a6,a2,-1
PC=000002B8 [FF042023] X00=00000000 X08=00500000 X16=0F0F0F0F sw      a6,-32(s0/fp)
PC=000002BC [FFF6C693] X13=0F0F0F0F X13=F0F0F0F0 X31=00000000 xori    a3,a3,-1
PC=000002C0 [FED42223] X04=00000000 X08=00500000 X13=0F0F0F0F sw      a3,-28(s0/fp)
PC=000002C4 [00030813] X16=00000000 X06=00000000 X00=00000000 addi    a6,t1,0
PC=000002C8 [00038893] X17=00000000 X07=00000000 X00=00000000 addi    a7,t2,0
PC=000002CC [FF042023] X00=00000000 X08=00500000 X16=00000000 sw      a6,-32(s0/fp)
PC=000002D0 [FF142223] X04=00000000 X08=00500000 X17=00000000 sw      a7,-28(s0/fp)
PC=000002D4 [FE842603] X12=00000000 X08=00500000 X08=00500000 lw      a2,-24(s0/fp)
PC=000002D8 [F0F0F6B7] X13=F0F0F000 X01=000001C0 X15=00000000 lui     a3,4042321920
PC=000002DC [0F068693] X13=F0F0F0F0 X13=F0F0F000 X16=00000000 addi    a3,a3,240
PC=000002E0 [00D67733] X14=00000000 X12=00000000 X13=F0F0F0F0 and     a4,a2,a3
PC=000002E4 [FEC42603] X12=00000000 X08=00500000 X12=00000000 lw      a2,-20(s0/fp)
PC=000002E8 [F0F0F6B7] X13=F0F0F000 X01=000001C0 X15=00000000 lui     a3,4042321920
PC=000002EC [0F068693] X13=F0F0F0F0 X13=F0F0F000 X16=00000000 addi    a3,a3,240
PC=000002F0 [00D677B3] X15=00000000 X12=00000000 X13=F0F0F0F0 and     a5,a2,a3
PC=000002F4 [FFF74693] X13=FFFFFFFF X14=00000000 X31=00000000 xori    a3,a4,-1
PC=000002F8 [FED42023] X00=00000000 X08=00500000 X13=FFFFFFFF sw      a3,-32(s0/fp)
PC=000002FC [FFF7C793] X15=FFFFFFFF X15=00000000 X31=00000000 xori    a5,a5,-1
PC=00000300 [FEF42223] X04=00000000 X08=00500000 X15=FFFFFFFF sw      a5,-28(s0/fp)
PC=00000304 [FF042023] X00=00000000 X08=00500000 X16=00000000 sw      a6,-32(s0/fp)
PC=00000308 [FF142223] X04=00000000 X08=00500000 X17=00000000 sw      a7,-28(s0/fp)
PC=0000030C [FE842703] X14=00000000 X08=00500000 X08=00500000 lw      a4,-24(s0/fp)
PC=00000310 [0F0F17B7] X15=0F0F1000 X30=00000000 X16=00000000 lui     a5,252645376
PC=00000314 [F0F78793] X15=0F0F0F0F X15=0F0F1000 X15=0F0F1000 addi    a5,a5,-241
PC=00000318 [00F74533] X10=0F0F0F0F X14=00000000 X15=0F0F0F0F xor     a0,a4,a5
PC=0000031C [FEC42703] X14=00000000 X08=00500000 X12=00000000 lw      a4,-20(s0/fp)
PC=00000320 [0F0F17B7] X15=0F0F1000 X30=00000000 X16=00000000 lui     a5,252645376
PC=00000324 [F0F78793] X15=0F0F0F0F X15=0F0F1000 X15=0F0F1000 addi    a5,a5,-241
PC=00000328 [00F745B3] X11=0F0F0F0F X14=00000000 X15=0F0F0F0F xor     a1,a4,a5
PC=0000032C [FEA42023] X00=00000000 X08=00500000 X10=0F0F0F0F sw      a0,-32(s0/fp)
PC=00000330 [FEB42223] X04=00000000 X08=00500000 X11=0F0F0F0F sw      a1,-28(s0/fp)
PC=00000334 [FF042023] X00=00000000 X08=00500000 X16=00000000 sw      a6,-32(s0/fp)
PC=00000338 [FF142223] X04=00000000 X08=00500000 X17=00000000 sw      a7,-28(s0/fp)
PC=0000033C [00000797] X15=0000033C X00=00000000 X00=00000000 auipc   a5,0
PC=00000340 [03C78793] X15=00000378 X15=0000033C X28=00000000 addi    a5,a5,60
PC=00000344 [0007A703] X14=00000000 X15=00000378 X00=00000000 lw      a4,0(a5)
PC=00000348 [0047A783] X15=00000000 X15=00000378 X04=00000000 lw      a5,4(a5)
PC=0000034C [FEE42023] X00=00000000 X08=00500000 X14=00000000 sw      a4,-32(s0/fp)
PC=00000350 [FEF42223] X04=00000000 X08=00500000 X15=00000000 sw      a5,-28(s0/fp)
PC=00000354 [FF042023] X00=00000000 X08=00500000 X16=00000000 sw      a6,-32(s0/fp)
PC=00000358 [FF142223] X04=00000000 X08=00500000 X17=00000000 sw      a7,-28(s0/fp)
PC=0000035C [00000793] X15=00000000 X00=00000000 X00=00000000 addi    a5,zero,0
PC=00000360 [00078513] X10=00000000 X15=00000000 X00=00000000 addi    a0,a5,0
PC=00000364 [01C12403] X08=00000000 X02=004FFFE0 X28=00000000 lw      s0/fp,28(sp)
PC=00000368 [02010113] X02=00500000 X02=004FFFE0 X00=00000000 addi    sp,sp,32
PC=0000036C [00008067] X00=00000000 X01=000001C0 X00=00000000 jalr    zero,ra,0
PC=000001C0 [200002B7] X05=20000000 X00=00000000 X00=00000000 lui     t0,536870912
PC=000001C4 [00100073] X00=00000000 X00=00000000 X01=000001C0 ebreak  