PC=000001B8 [00500137] X02=00500000 X00=00000000 X05=00000000 lui     sp,5242880
PC=000001BC [00C000EF] X01=000001C0 X00=00000000 X12=00000000 jal     ra,12
PC=000001C8 [FE010113] X02=004FFFE0 X02=00500000 X00=00000000 addi    sp,sp,-32
PC=000001CC [00812E23] X28=00000000 X02=004FFFE0 X08=00000000 sw      s0/fp,28(sp)
PC=000001D0 [02010413] X08=00500000 X02=004FFFE0 X00=00000000 addi    s0/fp,sp,32
PC=000001D4 [FE000793] X15=FFFFFFE0 X00=00000000 X00=00000000 addi    a5,zero,-32
PC=000001D8 [FEF42623] X12=00000000 X08=00500000 X15=FFFFFFE0 sw      a5,-20(s0/fp)
PC=000001DC [FCE00793] X15=FFFFFFCE X00=00000000 X14=00000000 addi    a5,zero,-50
PC=000001E0 [FEF42423] X08=00500000 X08=00500000 X15=FFFFFFCE sw      a5,-24(s0/fp)
PC=000001E4 [FE042223] X04=00000000 X08=00500000 X00=00000000 sw      zero,-28(s0/fp)
PC=000001E8 [FEC42783] X15=FFFFFFE0 X08=00500000 X12=00000000 lw      a5,-20(s0/fp)
PC=000001EC [FCE7A793] X15=00000000 X15=FFFFFFE0 X14=00000000 slti    a5,-50(a5)
PC=000001F0 [0FF7F793] X15=00000000 X15=00000000 X31=00000000 andi    a5,a5,255
PC=000001F4 [FEF42223] X04=00000000 X08=00500000 X15=00000000 sw      a5,-28(s0/fp)
PC=000001F8 [FE042223] X04=00000000 X08=00500000 X00=00000000 sw      zero,-28(s0/fp)
PC=000001FC [FFB00793] X15=FFFFFFFB X00=00000000 X27=00000000 addi    a5,zero,-5
PC=00000200 [FEF42423] X08=00500000 X08=00500000 X15=FFFFFFFB sw      a5,-24(s0/fp)
PC=00000204 [FEC42783] X15=FFFFFFE0 X08=00500000 X12=00000000 lw      a5,-20(s0/fp)
PC=00000208 [FFB7A793] X15=00000001 X15=FFFFFFE0 X27=00000000 slti    a5,-5(a5)
PC=0000020C [0FF7F793] X15=00000001 X15=00000001 X31=00000000 andi    a5,a5,255
PC=00000210 [FEF42223] X04=00000000 X08=00500000 X15=00000001 sw      a5,-28(s0/fp)
PC=00000214 [FE042223] X04=00000000 X08=00500000 X00=00000000 sw      zero,-28(s0/fp)
PC=00000218 [0C800793] X15=000000C8 X00=00000000 X08=00500000 addi    a5,zero,200
PC=0000021C [FEF42623] X12=00000000 X08=00500000 X15=000000C8 sw      a5,-20(s0/fp)
PC=00000220 [0FA00793] X15=000000FA X00=00000000 X26=00000000 addi    a5,zero,250
PC=00000224 [FEF42423] X08=00500000 X08=00500000 X15=000000FA sw      a5,-24(s0/fp)
PC=00000228 [FEC42783] X15=000000C8 X08=00500000 X12=00000000 lw      a5,-20(s0/fp)
PC=0000022C [0FA7A793] X15=00000001 X15=000000C8 X26=00000000 slti    a5,250(a5)
PC=00000230 [0FF7F793] X15=00000001 X15=00000001 X31=00000000 andi    a5,a5,255
PC=00000234 [FEF42223] X04=00000000 X08=00500000 X15=00000001 sw      a5,-28(s0/fp)
PC=00000238 [FE042223] X04=00000000 X08=00500000 X00=00000000 sw      zero,-28(s0/fp)
PC=0000023C [0D200793] X15=000000D2 X00=00000000 X18=00000000 addi    a5,zero,210
PC=00000240 [FEF42423] X08=00500000 X08=00500000 X15=000000D2 sw      a5,-24(s0/fp)
PC=00000244 [FEC42783] X15=000000C8 X08=00500000 X12=00000000 lw      a5,-20(s0/fp)
PC=00000248 [0D27A793] X15=00000001 X15=000000C8 X18=00000000 slti    a5,210(a5)
PC=0000024C [0FF7F793] X15=00000001 X15=00000001 X31=00000000 andi    a5,a5,255
PC=00000250 [FEF42223] X04=00000000 X08=00500000 X15=00000001 sw      a5,-28(s0/fp)
PC=00000254 [FE042223] X04=00000000 X08=00500000 X00=00000000 sw      zero,-28(s0/fp)
PC=00000258 [00000793] X15=00000000 X00=00000000 X00=00000000 addi    a5,zero,0
PC=0000025C [00078513] X10=00000000 X15=00000000 X00=00000000 addi    a0,a5,0
PC=00000260 [01C12403] X08=00000000 X02=004FFFE0 X28=00000000 lw      s0/fp,28(sp)
PC=00000264 [02010113] X02=00500000 X02=004FFFE0 X00=00000000 addi    sp,sp,32
PC=00000268 [00008067] X00=00000000 X01=000001C0 X00=00000000 jalr    zero,ra,0
PC=000001C0 [200002B7] X05=20000000 X00=00000000 X00=00000000 lui     t0,536870912
PC=000001C4 [00100073] X00=00000000 X00=00000000 X01=000001C0 ebreak  