PC=000001B8 [00500137] X02=00500000 X00=00000000 X05=00000000 lui     sp,5242880
PC=000001BC [00C000EF] X01=000001C0 X00=00000000 X12=00000000 jal     ra,12
PC=000001C8 [FE010113] X02=004FFFE0 X02=00500000 X00=00000000 addi    sp,sp,-32
PC=000001CC [00812E23] X28=00000000 X02=004FFFE0 X08=00000000 sw      s0/fp,28(sp)
PC=000001D0 [02010413] X08=00500000 X02=004FFFE0 X00=00000000 addi    s0/fp,sp,32
PC=000001D4 [FE042623] X12=00000000 X08=00500000 X00=00000000 sw      zero,-20(s0/fp)
PC=000001D8 [FEC42783] X15=00000000 X08=00500000 X12=00000000 lw      a5,-20(s0/fp)
PC=000001DC [01F7E793] X15=0000001F X15=00000000 X31=00000000 ori     a5,a5,31
PC=000001E0 [FEF42423] X08=00500000 X08=00500000 X15=0000001F sw      a5,-24(s0/fp)
PC=000001E4 [FE042423] X08=00500000 X08=00500000 X00=00000000 sw      zero,-24(s0/fp)
PC=000001E8 [FEC42783] X15=00000000 X08=00500000 X12=00000000 lw      a5,-20(s0/fp)
PC=000001EC [00F7E793] X15=0000000F X15=00000000 X15=00000000 ori     a5,a5,15
PC=000001F0 [FEF42423] X08=00500000 X08=00500000 X15=0000000F sw      a5,-24(s0/fp)
PC=000001F4 [FE042423] X08=00500000 X08=00500000 X00=00000000 sw      zero,-24(s0/fp)
PC=000001F8 [FEC42783] X15=00000000 X08=00500000 X12=00000000 lw      a5,-20(s0/fp)
PC=000001FC [0117E793] X15=00000011 X15=00000000 X17=00000000 ori     a5,a5,17
PC=00000200 [FEF42423] X08=00500000 X08=00500000 X15=00000011 sw      a5,-24(s0/fp)
PC=00000204 [FE042423] X08=00500000 X08=00500000 X00=00000000 sw      zero,-24(s0/fp)
PC=00000208 [FEC42783] X15=00000000 X08=00500000 X12=00000000 lw      a5,-20(s0/fp)
PC=0000020C [1017E793] X15=00000101 X15=00000000 X01=000001C0 ori     a5,a5,257
PC=00000210 [FFF7C793] X15=FFFFFEFE X15=00000101 X31=00000000 xori    a5,a5,-1
PC=00000214 [FEF42423] X08=00500000 X08=00500000 X15=FFFFFEFE sw      a5,-24(s0/fp)
PC=00000218 [FE042423] X08=00500000 X08=00500000 X00=00000000 sw      zero,-24(s0/fp)
PC=0000021C [FEC42783] X15=00000000 X08=00500000 X12=00000000 lw      a5,-20(s0/fp)
PC=00000220 [1117E793] X15=00000111 X15=00000000 X17=00000000 ori     a5,a5,273
PC=00000224 [FFF7C793] X15=FFFFFEEE X15=00000111 X31=00000000 xori    a5,a5,-1
PC=00000228 [FEF42423] X08=00500000 X08=00500000 X15=FFFFFEEE sw      a5,-24(s0/fp)
PC=0000022C [FE042423] X08=00500000 X08=00500000 X00=00000000 sw      zero,-24(s0/fp)
PC=00000230 [FEC42703] X14=00000000 X08=00500000 X12=00000000 lw      a4,-20(s0/fp)
PC=00000234 [000017B7] X15=00001000 X00=00000000 X00=00000000 lui     a5,4096
PC=00000238 [FFF78793] X15=00000FFF X15=00001000 X31=00000000 addi    a5,a5,-1
PC=0000023C [00F767B3] X15=00000FFF X14=00000000 X15=00000FFF or      a5,a4,a5
PC=00000240 [FFF7C793] X15=FFFFF000 X15=00000FFF X31=00000000 xori    a5,a5,-1
PC=00000244 [FEF42423] X08=00500000 X08=00500000 X15=FFFFF000 sw      a5,-24(s0/fp)
PC=00000248 [FE042423] X08=00500000 X08=00500000 X00=00000000 sw      zero,-24(s0/fp)
PC=0000024C [00000793] X15=00000000 X00=00000000 X00=00000000 addi    a5,zero,0
PC=00000250 [00078513] X10=00000000 X15=00000000 X00=00000000 addi    a0,a5,0
PC=00000254 [01C12403] X08=00000000 X02=004FFFE0 X28=00000000 lw      s0/fp,28(sp)
PC=00000258 [02010113] X02=00500000 X02=004FFFE0 X00=00000000 addi    sp,sp,32
PC=0000025C [00008067] X00=00000000 X01=000001C0 X00=00000000 jalr    zero,ra,0
PC=000001C0 [200002B7] X05=20000000 X00=00000000 X00=00000000 lui     t0,536870912
PC=000001C4 [00100073] X00=00000000 X00=00000000 X01=000001C0 ebreak  