PC=000001B8 [00500137] X02=00500000 X00=00000000 X05=00000000 lui     sp,5242880
PC=000001BC [00C000EF] X01=000001C0 X00=00000000 X12=00000000 jal     ra,12
PC=000001C8 [F5010113] X02=004FFF50 X02=00500000 X16=00000000 addi    sp,sp,-176
PC=000001CC [0A812623] X12=00000000 X02=004FFF50 X08=00000000 sw      s0/fp,172(sp)
PC=000001D0 [0B212423] X08=00000000 X02=004FFF50 X18=00000000 sw      s2,168(sp)
PC=000001D4 [0B312223] X04=00000000 X02=004FFF50 X19=00000000 sw      s3,164(sp)
PC=000001D8 [0B412023] X00=00000000 X02=004FFF50 X20=00000000 sw      s4,160(sp)
PC=000001DC [09512E23] X28=00000000 X02=004FFF50 X21=00000000 sw      s5,156(sp)
PC=000001E0 [09612C23] X24=00000000 X02=004FFF50 X22=00000000 sw      s6,152(sp)
PC=000001E4 [09712A23] X20=00000000 X02=004FFF50 X23=00000000 sw      s7,148(sp)
PC=000001E8 [09812823] X16=00000000 X02=004FFF50 X24=00000000 sw      s8,144(sp)
PC=000001EC [09912623] X12=00000000 X02=004FFF50 X25=00000000 sw      s9,140(sp)
PC=000001F0 [09A12423] X08=00000000 X02=004FFF50 X26=00000000 sw      s10,136(sp)
PC=000001F4 [09B12223] X04=00000000 X02=004FFF50 X27=00000000 sw      s11,132(sp)
PC=000001F8 [0B010413] X08=00500000 X02=004FFF50 X16=00000000 addi    s0/fp,sp,176
PC=000001FC [FFF00713] X14=FFFFFFFF X00=00000000 X31=00000000 addi    a4,zero,-1
PC=00000200 [FFF00793] X15=FFFFFFFF X00=00000000 X31=00000000 addi    a5,zero,-1
PC=00000204 [FCE42423] X08=00500000 X08=00500000 X14=FFFFFFFF sw      a4,-56(s0/fp)
PC=00000208 [FCF42623] X12=00000000 X08=00500000 X15=FFFFFFFF sw      a5,-52(s0/fp)
PC=0000020C [FCC42783] X15=FFFFFFFF X08=00500000 X12=00000000 lw      a5,-52(s0/fp)
PC=00000210 [01F79713] X14=80000000 X15=FFFFFFFF X31=00000000 slli    a4,a5,31
PC=00000214 [FC842783] X15=FFFFFFFF X08=00500000 X08=00500000 lw      a5,-56(s0/fp)
PC=00000218 [0017D613] X12=7FFFFFFF X15=FFFFFFFF X01=000001C0 srli    a2,a5,1
PC=0000021C [00C76633] X12=FFFFFFFF X14=80000000 X12=7FFFFFFF or      a2,a4,a2
PC=00000220 [FCC42783] X15=FFFFFFFF X08=00500000 X12=FFFFFFFF lw      a5,-52(s0/fp)
PC=00000224 [0017D693] X13=7FFFFFFF X15=FFFFFFFF X01=000001C0 srli    a3,a5,1
PC=00000228 [FCC42423] X08=00500000 X08=00500000 X12=FFFFFFFF sw      a2,-56(s0/fp)
PC=0000022C [FCD42623] X12=FFFFFFFF X08=00500000 X13=7FFFFFFF sw      a3,-52(s0/fp)
PC=00000230 [00000613] X12=00000000 X00=00000000 X00=00000000 addi    a2,zero,0
PC=00000234 [00000693] X13=00000000 X00=00000000 X00=00000000 addi    a3,zero,0
PC=00000238 [FCC42423] X08=00500000 X08=00500000 X12=00000000 sw      a2,-56(s0/fp)
PC=0000023C [FCD42623] X12=00000000 X08=00500000 X13=00000000 sw      a3,-52(s0/fp)
PC=00000240 [FCC42423] X08=00500000 X08=00500000 X12=00000000 sw      a2,-56(s0/fp)
PC=00000244 [FCD42623] X12=00000000 X08=00500000 X13=00000000 sw      a3,-52(s0/fp)
PC=00000248 [FCC42783] X15=00000000 X08=00500000 X12=00000000 lw      a5,-52(s0/fp)
PC=0000024C [01F79713] X14=00000000 X15=00000000 X31=00000000 slli    a4,a5,31
PC=00000250 [FC842783] X15=00000000 X08=00500000 X08=00500000 lw      a5,-56(s0/fp)
PC=00000254 [0017D513] X10=00000000 X15=00000000 X01=000001C0 srli    a0,a5,1
PC=00000258 [00A76533] X10=00000000 X14=00000000 X10=00000000 or      a0,a4,a0
PC=0000025C [FCC42783] X15=00000000 X08=00500000 X12=00000000 lw      a5,-52(s0/fp)
PC=00000260 [0017D593] X11=00000000 X15=00000000 X01=000001C0 srli    a1,a5,1
PC=00000264 [FCA42423] X08=00500000 X08=00500000 X10=00000000 sw      a0,-56(s0/fp)
PC=00000268 [FCB42623] X12=00000000 X08=00500000 X11=00000000 sw      a1,-52(s0/fp)
PC=0000026C [FCC42423] X08=00500000 X08=00500000 X12=00000000 sw      a2,-56(s0/fp)
PC=00000270 [FCD42623] X12=00000000 X08=00500000 X13=00000000 sw      a3,-52(s0/fp)
PC=00000274 [00100713] X14=00000001 X00=00000000 X01=000001C0 addi    a4,zero,1
PC=00000278 [00000793] X15=00000000 X00=00000000 X00=00000000 addi    a5,zero,0
PC=0000027C [FCE42423] X08=00500000 X08=00500000 X14=00000001 sw      a4,-56(s0/fp)
PC=00000280 [FCF42623] X12=00000000 X08=00500000 X15=00000000 sw      a5,-52(s0/fp)
PC=00000284 [FCC42783] X15=00000000 X08=00500000 X12=00000000 lw      a5,-52(s0/fp)
PC=00000288 [01F79713] X14=00000000 X15=00000000 X31=00000000 slli    a4,a5,31
PC=0000028C [FC842783] X15=00000001 X08=00500000 X08=00500000 lw      a5,-56(s0/fp)
PC=00000290 [0017D813] X16=00000000 X15=00000001 X01=000001C0 srli    a6,a5,1
PC=00000294 [01076833] X16=00000000 X14=00000000 X16=00000000 or      a6,a4,a6
PC=00000298 [FCC42783] X15=00000000 X08=00500000 X12=00000000 lw      a5,-52(s0/fp)
PC=0000029C [0017D893] X17=00000000 X15=00000000 X01=000001C0 srli    a7,a5,1
PC=000002A0 [FD042423] X08=00500000 X08=00500000 X16=00000000 sw      a6,-56(s0/fp)
PC=000002A4 [FD142623] X12=00000000 X08=00500000 X17=00000000 sw      a7,-52(s0/fp)
PC=000002A8 [FCC42423] X08=00500000 X08=00500000 X12=00000000 sw      a2,-56(s0/fp)
PC=000002AC [FCD42623] X12=00000000 X08=00500000 X13=00000000 sw      a3,-52(s0/fp)
PC=000002B0 [00000713] X14=00000000 X00=00000000 X00=00000000 addi    a4,zero,0
PC=000002B4 [800007B7] X15=80000000 X00=00000000 X00=00000000 lui     a5,2147483648
PC=000002B8 [FCE42423] X08=00500000 X08=00500000 X14=00000000 sw      a4,-56(s0/fp)
PC=000002BC [FCF42623] X12=00000000 X08=00500000 X15=80000000 sw      a5,-52(s0/fp)
PC=000002C0 [FCC42783] X15=80000000 X08=00500000 X12=00000000 lw      a5,-52(s0/fp)
PC=000002C4 [01F79713] X14=00000000 X15=80000000 X31=00000000 slli    a4,a5,31
PC=000002C8 [FC842783] X15=00000000 X08=00500000 X08=00500000 lw      a5,-56(s0/fp)
PC=000002CC [0017D313] X06=00000000 X15=00000000 X01=000001C0 srli    t1,a5,1
PC=000002D0 [00676333] X06=00000000 X14=00000000 X06=00000000 or      t1,a4,t1
PC=000002D4 [FCC42783] X15=80000000 X08=00500000 X12=00000000 lw      a5,-52(s0/fp)
PC=000002D8 [0017D393] X07=40000000 X15=80000000 X01=000001C0 srli    t2,a5,1
PC=000002DC [FC642423] X08=00500000 X08=00500000 X06=00000000 sw      t1,-56(s0/fp)
PC=000002E0 [FC742623] X12=00000000 X08=00500000 X07=40000000 sw      t2,-52(s0/fp)
PC=000002E4 [FCC42423] X08=00500000 X08=00500000 X12=00000000 sw      a2,-56(s0/fp)
PC=000002E8 [FCD42623] X12=00000000 X08=00500000 X13=00000000 sw      a3,-52(s0/fp)
PC=000002EC [00000797] X15=000002EC X00=00000000 X00=00000000 auipc   a5,0
PC=000002F0 [62C78793] X15=00000918 X15=000002EC X12=00000000 addi    a5,a5,1580
PC=000002F4 [0007A703] X14=00000000 X15=00000918 X00=00000000 lw      a4,0(a5)
PC=000002F8 [0047A783] X15=00000000 X15=00000918 X04=00000000 lw      a5,4(a5)
PC=000002FC [FCE42423] X08=00500000 X08=00500000 X14=00000000 sw      a4,-56(s0/fp)
PC=00000300 [FCF42623] X12=00000000 X08=00500000 X15=00000000 sw      a5,-52(s0/fp)
PC=00000304 [FCC42783] X15=00000000 X08=00500000 X12=00000000 lw      a5,-52(s0/fp)
PC=00000308 [01F79713] X14=00000000 X15=00000000 X31=00000000 slli    a4,a5,31
PC=0000030C [FC842783] X15=00000000 X08=00500000 X08=00500000 lw      a5,-56(s0/fp)
PC=00000310 [0017DE13] X28=00000000 X15=00000000 X01=000001C0 srli    t3,a5,1
PC=00000314 [01C76E33] X28=00000000 X14=00000000 X28=00000000 or      t3,a4,t3
PC=00000318 [FCC42783] X15=00000000 X08=00500000 X12=00000000 lw      a5,-52(s0/fp)
PC=0000031C [0017DE93] X29=00000000 X15=00000000 X01=000001C0 srli    t4,a5,1
PC=00000320 [FDC42423] X08=00500000 X08=00500000 X28=00000000 sw      t3,-56(s0/fp)
PC=00000324 [FDD42623] X12=00000000 X08=00500000 X29=00000000 sw      t4,-52(s0/fp)
PC=00000328 [FCC42423] X08=00500000 X08=00500000 X12=00000000 sw      a2,-56(s0/fp)
PC=0000032C [FCD42623] X12=00000000 X08=00500000 X13=00000000 sw      a3,-52(s0/fp)
PC=00000330 [C0000737] X14=C0000000 X00=00000000 X00=00000000 lui     a4,3221225472
PC=00000334 [00300793] X15=00000003 X00=00000000 X03=00000000 addi    a5,zero,3
PC=00000338 [FCE42423] X08=00500000 X08=00500000 X14=C0000000 sw      a4,-56(s0/fp)
PC=0000033C [FCF42623] X12=00000000 X08=00500000 X15=00000003 sw      a5,-52(s0/fp)
PC=00000340 [FCC42783] X15=00000003 X08=00500000 X12=00000000 lw      a5,-52(s0/fp)
PC=00000344 [01E79713] X14=C0000000 X15=00000003 X30=00000000 slli    a4,a5,30
PC=00000348 [FC842783] X15=C0000000 X08=00500000 X08=00500000 lw      a5,-56(s0/fp)
PC=0000034C [0027DF13] X30=30000000 X15=C0000000 X02=004FFF50 srli    t5,a5,2
PC=00000350 [01E76F33] X30=F0000000 X14=C0000000 X30=30000000 or      t5,a4,t5
PC=00000354 [FCC42783] X15=00000003 X08=00500000 X12=00000000 lw      a5,-52(s0/fp)
PC=00000358 [0027DF93] X31=00000000 X15=00000003 X02=004FFF50 srli    t6,a5,2
PC=0000035C [FDE42423] X08=00500000 X08=00500000 X30=F0000000 sw      t5,-56(s0/fp)
PC=00000360 [FDF42623] X12=00000000 X08=00500000 X31=00000000 sw      t6,-52(s0/fp)
PC=00000364 [FCC42423] X08=00500000 X08=00500000 X12=00000000 sw      a2,-56(s0/fp)
PC=00000368 [FCD42623] X12=00000000 X08=00500000 X13=00000000 sw      a3,-52(s0/fp)
PC=0000036C [FFF00713] X14=FFFFFFFF X00=00000000 X31=00000000 addi    a4,zero,-1
PC=00000370 [FFF00793] X15=FFFFFFFF X00=00000000 X31=00000000 addi    a5,zero,-1
PC=00000374 [FCE42023] X00=00000000 X08=00500000 X14=FFFFFFFF sw      a4,-64(s0/fp)
PC=00000378 [FCF42223] X04=00000000 X08=00500000 X15=FFFFFFFF sw      a5,-60(s0/fp)
PC=0000037C [FC442783] X15=FFFFFFFF X08=00500000 X04=00000000 lw      a5,-60(s0/fp)
PC=00000380 [01F79713] X14=80000000 X15=FFFFFFFF X31=00000000 slli    a4,a5,31
PC=00000384 [FC042783] X15=FFFFFFFF X08=00500000 X00=00000000 lw      a5,-64(s0/fp)
PC=00000388 [0017D913] X18=7FFFFFFF X15=FFFFFFFF X01=000001C0 srli    s2,a5,1
PC=0000038C [01276933] X18=FFFFFFFF X14=80000000 X18=7FFFFFFF or      s2,a4,s2
PC=00000390 [FC442783] X15=FFFFFFFF X08=00500000 X04=00000000 lw      a5,-60(s0/fp)
PC=00000394 [4017D993] X19=FFFFFFFF X15=FFFFFFFF X01=000001C0 srai    s3,a5,1
PC=00000398 [FD242023] X00=00000000 X08=00500000 X18=FFFFFFFF sw      s2,-64(s0/fp)
PC=0000039C [FD342223] X04=00000000 X08=00500000 X19=FFFFFFFF sw      s3,-60(s0/fp)
PC=000003A0 [FCC42023] X00=00000000 X08=00500000 X12=00000000 sw      a2,-64(s0/fp)
PC=000003A4 [FCD42223] X04=00000000 X08=00500000 X13=00000000 sw      a3,-60(s0/fp)
PC=000003A8 [FCC42023] X00=00000000 X08=00500000 X12=00000000 sw      a2,-64(s0/fp)
PC=000003AC [FCD42223] X04=00000000 X08=00500000 X13=00000000 sw      a3,-60(s0/fp)
PC=000003B0 [FC442783] X15=00000000 X08=00500000 X04=00000000 lw      a5,-60(s0/fp)
PC=000003B4 [01F79713] X14=00000000 X15=00000000 X31=00000000 slli    a4,a5,31
PC=000003B8 [FC042783] X15=00000000 X08=00500000 X00=00000000 lw      a5,-64(s0/fp)
PC=000003BC [0017DA13] X20=00000000 X15=00000000 X01=000001C0 srli    s4,a5,1
PC=000003C0 [01476A33] X20=00000000 X14=00000000 X20=00000000 or      s4,a4,s4
PC=000003C4 [FC442783] X15=00000000 X08=00500000 X04=00000000 lw      a5,-60(s0/fp)
PC=000003C8 [4017DA93] X21=00000000 X15=00000000 X01=000001C0 srai    s5,a5,1
PC=000003CC [FD442023] X00=00000000 X08=00500000 X20=00000000 sw      s4,-64(s0/fp)
PC=000003D0 [FD542223] X04=00000000 X08=00500000 X21=00000000 sw      s5,-60(s0/fp)
PC=000003D4 [FCC42023] X00=00000000 X08=00500000 X12=00000000 sw      a2,-64(s0/fp)
PC=000003D8 [FCD42223] X04=00000000 X08=00500000 X13=00000000 sw      a3,-60(s0/fp)
PC=000003DC [00100713] X14=00000001 X00=00000000 X01=000001C0 addi    a4,zero,1
PC=000003E0 [00000793] X15=00000000 X00=00000000 X00=00000000 addi    a5,zero,0
PC=000003E4 [FCE42023] X00=00000000 X08=00500000 X14=00000001 sw      a4,-64(s0/fp)
PC=000003E8 [FCF42223] X04=00000000 X08=00500000 X15=00000000 sw      a5,-60(s0/fp)
PC=000003EC [FC442783] X15=00000000 X08=00500000 X04=00000000 lw      a5,-60(s0/fp)
PC=000003F0 [01F79713] X14=00000000 X15=00000000 X31=00000000 slli    a4,a5,31
PC=000003F4 [FC042783] X15=00000001 X08=00500000 X00=00000000 lw      a5,-64(s0/fp)
PC=000003F8 [0017DB13] X22=00000000 X15=00000001 X01=000001C0 srli    s6,a5,1
PC=000003FC [01676B33] X22=00000000 X14=00000000 X22=00000000 or      s6,a4,s6
PC=00000400 [FC442783] X15=00000000 X08=00500000 X04=00000000 lw      a5,-60(s0/fp)
PC=00000404 [4017DB93] X23=00000000 X15=00000000 X01=000001C0 srai    s7,a5,1
PC=00000408 [FD642023] X00=00000000 X08=00500000 X22=00000000 sw      s6,-64(s0/fp)
PC=0000040C [FD742223] X04=00000000 X08=00500000 X23=00000000 sw      s7,-60(s0/fp)
PC=00000410 [FCC42023] X00=00000000 X08=00500000 X12=00000000 sw      a2,-64(s0/fp)
PC=00000414 [FCD42223] X04=00000000 X08=00500000 X13=00000000 sw      a3,-60(s0/fp)
PC=00000418 [00000713] X14=00000000 X00=00000000 X00=00000000 addi    a4,zero,0
PC=0000041C [800007B7] X15=80000000 X00=00000000 X00=00000000 lui     a5,2147483648
PC=00000420 [FCE42023] X00=00000000 X08=00500000 X14=00000000 sw      a4,-64(s0/fp)
PC=00000424 [FCF42223] X04=00000000 X08=00500000 X15=80000000 sw      a5,-60(s0/fp)
PC=00000428 [FC442783] X15=80000000 X08=00500000 X04=00000000 lw      a5,-60(s0/fp)
PC=0000042C [01F79713] X14=00000000 X15=80000000 X31=00000000 slli    a4,a5,31
PC=00000430 [FC042783] X15=00000000 X08=00500000 X00=00000000 lw      a5,-64(s0/fp)
PC=00000434 [0017DC13] X24=00000000 X15=00000000 X01=000001C0 srli    s8,a5,1
PC=00000438 [01876C33] X24=00000000 X14=00000000 X24=00000000 or      s8,a4,s8
PC=0000043C [FC442783] X15=80000000 X08=00500000 X04=00000000 lw      a5,-60(s0/fp)
PC=00000440 [4017DC93] X25=C0000000 X15=80000000 X01=000001C0 srai    s9,a5,1
PC=00000444 [FD842023] X00=00000000 X08=00500000 X24=00000000 sw      s8,-64(s0/fp)
PC=00000448 [FD942223] X04=00000000 X08=00500000 X25=C0000000 sw      s9,-60(s0/fp)
PC=0000044C [FCC42023] X00=00000000 X08=00500000 X12=00000000 sw      a2,-64(s0/fp)
PC=00000450 [FCD42223] X04=00000000 X08=00500000 X13=00000000 sw      a3,-60(s0/fp)
PC=00000454 [00000797] X15=00000454 X00=00000000 X00=00000000 auipc   a5,0
PC=00000458 [4C478793] X15=00000918 X15=00000454 X04=00000000 addi    a5,a5,1220
PC=0000045C [0007A703] X14=00000000 X15=00000918 X00=00000000 lw      a4,0(a5)
PC=00000460 [0047A783] X15=00000000 X15=00000918 X04=00000000 lw      a5,4(a5)
PC=00000464 [FCE42023] X00=00000000 X08=00500000 X14=00000000 sw      a4,-64(s0/fp)
PC=00000468 [FCF42223] X04=00000000 X08=00500000 X15=00000000 sw      a5,-60(s0/fp)
PC=0000046C [FC442783] X15=00000000 X08=00500000 X04=00000000 lw      a5,-60(s0/fp)
PC=00000470 [01F79713] X14=00000000 X15=00000000 X31=00000000 slli    a4,a5,31
PC=00000474 [FC042783] X15=00000000 X08=00500000 X00=00000000 lw      a5,-64(s0/fp)
PC=00000478 [0017DD13] X26=00000000 X15=00000000 X01=000001C0 srli    s10,a5,1
PC=0000047C [01A76D33] X26=00000000 X14=00000000 X26=00000000 or      s10,a4,s10
PC=00000480 [FC442783] X15=00000000 X08=00500000 X04=00000000 lw      a5,-60(s0/fp)
PC=00000484 [4017DD93] X27=00000000 X15=00000000 X01=000001C0 srai    s11,a5,1
PC=00000488 [FDA42023] X00=00000000 X08=00500000 X26=00000000 sw      s10,-64(s0/fp)
PC=0000048C [FDB42223] X04=00000000 X08=00500000 X27=00000000 sw      s11,-60(s0/fp)
PC=00000490 [FCC42023] X00=00000000 X08=00500000 X12=00000000 sw      a2,-64(s0/fp)
PC=00000494 [FCD42223] X04=00000000 X08=00500000 X13=00000000 sw      a3,-60(s0/fp)
PC=00000498 [C0000737] X14=C0000000 X00=00000000 X00=00000000 lui     a4,3221225472
PC=0000049C [00300793] X15=00000003 X00=00000000 X03=00000000 addi    a5,zero,3
PC=000004A0 [FCE42023] X00=00000000 X08=00500000 X14=C0000000 sw      a4,-64(s0/fp)
PC=000004A4 [FCF42223] X04=00000000 X08=00500000 X15=00000003 sw      a5,-60(s0/fp)
PC=000004A8 [FC442783] X15=00000003 X08=00500000 X04=00000000 lw      a5,-60(s0/fp)
PC=000004AC [01E79713] X14=C0000000 X15=00000003 X30=F0000000 slli    a4,a5,30
PC=000004B0 [FC042783] X15=C0000000 X08=00500000 X00=00000000 lw      a5,-64(s0/fp)
PC=000004B4 [0027D793] X15=30000000 X15=C0000000 X02=004FFF50 srli    a5,a5,2
PC=000004B8 [FAF42C23] X24=00000000 X08=00500000 X15=30000000 sw      a5,-72(s0/fp)
PC=000004BC [FB842783] X15=30000000 X08=00500000 X24=00000000 lw      a5,-72(s0/fp)
PC=000004C0 [00F767B3] X15=F0000000 X14=C0000000 X15=30000000 or      a5,a4,a5
PC=000004C4 [FAF42C23] X24=00000000 X08=00500000 X15=F0000000 sw      a5,-72(s0/fp)
PC=000004C8 [FC442783] X15=00000003 X08=00500000 X04=00000000 lw      a5,-60(s0/fp)
PC=000004CC [4027D793] X15=00000000 X15=00000003 X02=004FFF50 srai    a5,a5,2
PC=000004D0 [FAF42E23] X28=00000000 X08=00500000 X15=00000000 sw      a5,-68(s0/fp)
PC=000004D4 [FB842783] X15=F0000000 X08=00500000 X24=00000000 lw      a5,-72(s0/fp)
PC=000004D8 [FBC42803] X16=00000000 X08=00500000 X28=00000000 lw      a6,-68(s0/fp)
PC=000004DC [FCF42023] X00=00000000 X08=00500000 X15=F0000000 sw      a5,-64(s0/fp)
PC=000004E0 [FD042223] X04=00000000 X08=00500000 X16=00000000 sw      a6,-60(s0/fp)
PC=000004E4 [FCC42023] X00=00000000 X08=00500000 X12=00000000 sw      a2,-64(s0/fp)
PC=000004E8 [FCD42223] X04=00000000 X08=00500000 X13=00000000 sw      a3,-60(s0/fp)
PC=000004EC [FFF00713] X14=FFFFFFFF X00=00000000 X31=00000000 addi    a4,zero,-1
PC=000004F0 [FFF00793] X15=FFFFFFFF X00=00000000 X31=00000000 addi    a5,zero,-1
PC=000004F4 [FCE42423] X08=00500000 X08=00500000 X14=FFFFFFFF sw      a4,-56(s0/fp)
PC=000004F8 [FCF42623] X12=00000000 X08=00500000 X15=FFFFFFFF sw      a5,-52(s0/fp)
PC=000004FC [FC842783] X15=FFFFFFFF X08=00500000 X08=00500000 lw      a5,-56(s0/fp)
PC=00000500 [01F7D793] X15=00000001 X15=FFFFFFFF X31=00000000 srli    a5,a5,31
PC=00000504 [FCC42703] X14=FFFFFFFF X08=00500000 X12=00000000 lw      a4,-52(s0/fp)
PC=00000508 [00171713] X14=FFFFFFFE X14=FFFFFFFF X01=000001C0 slli    a4,a4,1
PC=0000050C [FAE42A23] X20=00000000 X08=00500000 X14=FFFFFFFE sw      a4,-76(s0/fp)
PC=00000510 [FB442703] X14=FFFFFFFE X08=00500000 X20=00000000 lw      a4,-76(s0/fp)
PC=00000514 [00E7E7B3] X15=FFFFFFFF X15=00000001 X14=FFFFFFFE or      a5,a5,a4
PC=00000518 [FAF42A23] X20=00000000 X08=00500000 X15=FFFFFFFF sw      a5,-76(s0/fp)
PC=0000051C [FC842783] X15=FFFFFFFF X08=00500000 X08=00500000 lw      a5,-56(s0/fp)
PC=00000520 [00179793] X15=FFFFFFFE X15=FFFFFFFF X01=000001C0 slli    a5,a5,1
PC=00000524 [FAF42823] X16=00000000 X08=00500000 X15=FFFFFFFE sw      a5,-80(s0/fp)
PC=00000528 [FB042783] X15=FFFFFFFE X08=00500000 X16=00000000 lw      a5,-80(s0/fp)
PC=0000052C [FB442803] X16=FFFFFFFF X08=00500000 X20=00000000 lw      a6,-76(s0/fp)
PC=00000530 [FCF42423] X08=00500000 X08=00500000 X15=FFFFFFFE sw      a5,-56(s0/fp)
PC=00000534 [FD042623] X12=00000000 X08=00500000 X16=FFFFFFFF sw      a6,-52(s0/fp)
PC=00000538 [FCC42423] X08=00500000 X08=00500000 X12=00000000 sw      a2,-56(s0/fp)
PC=0000053C [FCD42623] X12=00000000 X08=00500000 X13=00000000 sw      a3,-52(s0/fp)
PC=00000540 [FCC42423] X08=00500000 X08=00500000 X12=00000000 sw      a2,-56(s0/fp)
PC=00000544 [FCD42623] X12=00000000 X08=00500000 X13=00000000 sw      a3,-52(s0/fp)
PC=00000548 [FC842783] X15=00000000 X08=00500000 X08=00500000 lw      a5,-56(s0/fp)
PC=0000054C [01F7D793] X15=00000000 X15=00000000 X31=00000000 srli    a5,a5,31
PC=00000550 [FCC42703] X14=00000000 X08=00500000 X12=00000000 lw      a4,-52(s0/fp)
PC=00000554 [00171713] X14=00000000 X14=00000000 X01=000001C0 slli    a4,a4,1
PC=00000558 [FAE42623] X12=00000000 X08=00500000 X14=00000000 sw      a4,-84(s0/fp)
PC=0000055C [FAC42703] X14=00000000 X08=00500000 X12=00000000 lw      a4,-84(s0/fp)
PC=00000560 [00E7E7B3] X15=00000000 X15=00000000 X14=00000000 or      a5,a5,a4
PC=00000564 [FAF42623] X12=00000000 X08=00500000 X15=00000000 sw      a5,-84(s0/fp)
PC=00000568 [FC842783] X15=00000000 X08=00500000 X08=00500000 lw      a5,-56(s0/fp)
PC=0000056C [00179793] X15=00000000 X15=00000000 X01=000001C0 slli    a5,a5,1
PC=00000570 [FAF42423] X08=00500000 X08=00500000 X15=00000000 sw      a5,-88(s0/fp)
PC=00000574 [FA842783] X15=00000000 X08=00500000 X08=00500000 lw      a5,-88(s0/fp)
PC=00000578 [FAC42803] X16=00000000 X08=00500000 X12=00000000 lw      a6,-84(s0/fp)
PC=0000057C [FCF42423] X08=00500000 X08=00500000 X15=00000000 sw      a5,-56(s0/fp)
PC=00000580 [FD042623] X12=00000000 X08=00500000 X16=00000000 sw      a6,-52(s0/fp)
PC=00000584 [FCC42423] X08=00500000 X08=00500000 X12=00000000 sw      a2,-56(s0/fp)
PC=00000588 [FCD42623] X12=00000000 X08=00500000 X13=00000000 sw      a3,-52(s0/fp)
PC=0000058C [00100713] X14=00000001 X00=00000000 X01=000001C0 addi    a4,zero,1
PC=00000590 [00000793] X15=00000000 X00=00000000 X00=00000000 addi    a5,zero,0
PC=00000594 [FCE42423] X08=00500000 X08=00500000 X14=00000001 sw      a4,-56(s0/fp)
PC=00000598 [FCF42623] X12=00000000 X08=00500000 X15=00000000 sw      a5,-52(s0/fp)
PC=0000059C [FC842783] X15=00000001 X08=00500000 X08=00500000 lw      a5,-56(s0/fp)
PC=000005A0 [01F7D793] X15=00000000 X15=00000001 X31=00000000 srli    a5,a5,31
PC=000005A4 [FCC42703] X14=00000000 X08=00500000 X12=00000000 lw      a4,-52(s0/fp)
PC=000005A8 [00171713] X14=00000000 X14=00000000 X01=000001C0 slli    a4,a4,1
PC=000005AC [FAE42223] X04=00000000 X08=00500000 X14=00000000 sw      a4,-92(s0/fp)
PC=000005B0 [FA442703] X14=00000000 X08=00500000 X04=00000000 lw      a4,-92(s0/fp)
PC=000005B4 [00E7E7B3] X15=00000000 X15=00000000 X14=00000000 or      a5,a5,a4
PC=000005B8 [FAF42223] X04=00000000 X08=00500000 X15=00000000 sw      a5,-92(s0/fp)
PC=000005BC [FC842783] X15=00000001 X08=00500000 X08=00500000 lw      a5,-56(s0/fp)
PC=000005C0 [00179793] X15=00000002 X15=00000001 X01=000001C0 slli    a5,a5,1
PC=000005C4 [FAF42023] X00=00000000 X08=00500000 X15=00000002 sw      a5,-96(s0/fp)
PC=000005C8 [FA042783] X15=00000002 X08=00500000 X00=00000000 lw      a5,-96(s0/fp)
PC=000005CC [FA442803] X16=00000000 X08=00500000 X04=00000000 lw      a6,-92(s0/fp)
PC=000005D0 [FCF42423] X08=00500000 X08=00500000 X15=00000002 sw      a5,-56(s0/fp)
PC=000005D4 [FD042623] X12=00000000 X08=00500000 X16=00000000 sw      a6,-52(s0/fp)
PC=000005D8 [FCC42423] X08=00500000 X08=00500000 X12=00000000 sw      a2,-56(s0/fp)
PC=000005DC [FCD42623] X12=00000000 X08=00500000 X13=00000000 sw      a3,-52(s0/fp)
PC=000005E0 [00000713] X14=00000000 X00=00000000 X00=00000000 addi    a4,zero,0
PC=000005E4 [800007B7] X15=80000000 X00=00000000 X00=00000000 lui     a5,2147483648
PC=000005E8 [FCE42423] X08=00500000 X08=00500000 X14=00000000 sw      a4,-56(s0/fp)
PC=000005EC [FCF42623] X12=00000000 X08=00500000 X15=80000000 sw      a5,-52(s0/fp)
PC=000005F0 [FC842783] X15=00000000 X08=00500000 X08=00500000 lw      a5,-56(s0/fp)
PC=000005F4 [01F7D793] X15=00000000 X15=00000000 X31=00000000 srli    a5,a5,31
PC=000005F8 [FCC42703] X14=80000000 X08=00500000 X12=00000000 lw      a4,-52(s0/fp)
PC=000005FC [00171713] X14=00000000 X14=80000000 X01=000001C0 slli    a4,a4,1
PC=00000600 [F8E42E23] X28=00000000 X08=00500000 X14=00000000 sw      a4,-100(s0/fp)
PC=00000604 [F9C42703] X14=00000000 X08=00500000 X28=00000000 lw      a4,-100(s0/fp)
PC=00000608 [00E7E7B3] X15=00000000 X15=00000000 X14=00000000 or      a5,a5,a4
PC=0000060C [F8F42E23] X28=00000000 X08=00500000 X15=00000000 sw      a5,-100(s0/fp)
PC=00000610 [FC842783] X15=00000000 X08=00500000 X08=00500000 lw      a5,-56(s0/fp)
PC=00000614 [00179793] X15=00000000 X15=00000000 X01=000001C0 slli    a5,a5,1
PC=00000618 [F8F42C23] X24=00000000 X08=00500000 X15=00000000 sw      a5,-104(s0/fp)
PC=0000061C [F9842783] X15=00000000 X08=00500000 X24=00000000 lw      a5,-104(s0/fp)
PC=00000620 [F9C42803] X16=00000000 X08=00500000 X28=00000000 lw      a6,-100(s0/fp)
PC=00000624 [FCF42423] X08=00500000 X08=00500000 X15=00000000 sw      a5,-56(s0/fp)
PC=00000628 [FD042623] X12=00000000 X08=00500000 X16=00000000 sw      a6,-52(s0/fp)
PC=0000062C [FCC42423] X08=00500000 X08=00500000 X12=00000000 sw      a2,-56(s0/fp)
PC=00000630 [FCD42623] X12=00000000 X08=00500000 X13=00000000 sw      a3,-52(s0/fp)
PC=00000634 [00000797] X15=00000634 X00=00000000 X00=00000000 auipc   a5,0
PC=00000638 [2E478793] X15=00000918 X15=00000634 X04=00000000 addi    a5,a5,740
PC=0000063C [0007A703] X14=00000000 X15=00000918 X00=00000000 lw      a4,0(a5)
PC=00000640 [0047A783] X15=00000000 X15=00000918 X04=00000000 lw      a5,4(a5)
PC=00000644 [FCE42423] X08=00500000 X08=00500000 X14=00000000 sw      a4,-56(s0/fp)
PC=00000648 [FCF42623] X12=00000000 X08=00500000 X15=00000000 sw      a5,-52(s0/fp)
PC=0000064C [FC842783] X15=00000000 X08=00500000 X08=00500000 lw      a5,-56(s0/fp)
PC=00000650 [01F7D793] X15=00000000 X15=00000000 X31=00000000 srli    a5,a5,31
PC=00000654 [FCC42703] X14=00000000 X08=00500000 X12=00000000 lw      a4,-52(s0/fp)
PC=00000658 [00171713] X14=00000000 X14=00000000 X01=000001C0 slli    a4,a4,1
PC=0000065C [F8E42A23] X20=00000000 X08=00500000 X14=00000000 sw      a4,-108(s0/fp)
PC=00000660 [F9442703] X14=00000000 X08=00500000 X20=00000000 lw      a4,-108(s0/fp)
PC=00000664 [00E7E7B3] X15=00000000 X15=00000000 X14=00000000 or      a5,a5,a4
PC=00000668 [F8F42A23] X20=00000000 X08=00500000 X15=00000000 sw      a5,-108(s0/fp)
PC=0000066C [FC842783] X15=00000000 X08=00500000 X08=00500000 lw      a5,-56(s0/fp)
PC=00000670 [00179793] X15=00000000 X15=00000000 X01=000001C0 slli    a5,a5,1
PC=00000674 [F8F42823] X16=00000000 X08=00500000 X15=00000000 sw      a5,-112(s0/fp)
PC=00000678 [F9042783] X15=00000000 X08=00500000 X16=00000000 lw      a5,-112(s0/fp)
PC=0000067C [F9442803] X16=00000000 X08=00500000 X20=00000000 lw      a6,-108(s0/fp)
PC=00000680 [FCF42423] X08=00500000 X08=00500000 X15=00000000 sw      a5,-56(s0/fp)
PC=00000684 [FD042623] X12=00000000 X08=00500000 X16=00000000 sw      a6,-52(s0/fp)
PC=00000688 [FCC42423] X08=00500000 X08=00500000 X12=00000000 sw      a2,-56(s0/fp)
PC=0000068C [FCD42623] X12=00000000 X08=00500000 X13=00000000 sw      a3,-52(s0/fp)
PC=00000690 [C0000737] X14=C0000000 X00=00000000 X00=00000000 lui     a4,3221225472
PC=00000694 [00300793] X15=00000003 X00=00000000 X03=00000000 addi    a5,zero,3
PC=00000698 [FCE42423] X08=00500000 X08=00500000 X14=C0000000 sw      a4,-56(s0/fp)
PC=0000069C [FCF42623] X12=00000000 X08=00500000 X15=00000003 sw      a5,-52(s0/fp)
PC=000006A0 [FC842783] X15=C0000000 X08=00500000 X08=00500000 lw      a5,-56(s0/fp)
PC=000006A4 [01E7D793] X15=00000003 X15=C0000000 X30=F0000000 srli    a5,a5,30
PC=000006A8 [FCC42703] X14=00000003 X08=00500000 X12=00000000 lw      a4,-52(s0/fp)
PC=000006AC [00271713] X14=0000000C X14=00000003 X02=004FFF50 slli    a4,a4,2
PC=000006B0 [F8E42623] X12=00000000 X08=00500000 X14=0000000C sw      a4,-116(s0/fp)
PC=000006B4 [F8C42703] X14=0000000C X08=00500000 X12=00000000 lw      a4,-116(s0/fp)
PC=000006B8 [00E7E7B3] X15=0000000F X15=00000003 X14=0000000C or      a5,a5,a4
PC=000006BC [F8F42623] X12=00000000 X08=00500000 X15=0000000F sw      a5,-116(s0/fp)
PC=000006C0 [FC842783] X15=C0000000 X08=00500000 X08=00500000 lw      a5,-56(s0/fp)
PC=000006C4 [00279793] X15=00000000 X15=C0000000 X02=004FFF50 slli    a5,a5,2
PC=000006C8 [F8F42423] X08=00500000 X08=00500000 X15=00000000 sw      a5,-120(s0/fp)
PC=000006CC [F8842783] X15=00000000 X08=00500000 X08=00500000 lw      a5,-120(s0/fp)
PC=000006D0 [F8C42803] X16=0000000F X08=00500000 X12=00000000 lw      a6,-116(s0/fp)
PC=000006D4 [FCF42423] X08=00500000 X08=00500000 X15=00000000 sw      a5,-56(s0/fp)
PC=000006D8 [FD042623] X12=00000000 X08=00500000 X16=0000000F sw      a6,-52(s0/fp)
PC=000006DC [FCC42423] X08=00500000 X08=00500000 X12=00000000 sw      a2,-56(s0/fp)
PC=000006E0 [FCD42623] X12=00000000 X08=00500000 X13=00000000 sw      a3,-52(s0/fp)
PC=000006E4 [FFF00713] X14=FFFFFFFF X00=00000000 X31=00000000 addi    a4,zero,-1
PC=000006E8 [FFF00793] X15=FFFFFFFF X00=00000000 X31=00000000 addi    a5,zero,-1
PC=000006EC [FCE42023] X00=00000000 X08=00500000 X14=FFFFFFFF sw      a4,-64(s0/fp)
PC=000006F0 [FCF42223] X04=00000000 X08=00500000 X15=FFFFFFFF sw      a5,-60(s0/fp)
PC=000006F4 [FC042783] X15=FFFFFFFF X08=00500000 X00=00000000 lw      a5,-64(s0/fp)
PC=000006F8 [01F7D793] X15=00000001 X15=FFFFFFFF X31=00000000 srli    a5,a5,31
PC=000006FC [FC442703] X14=FFFFFFFF X08=00500000 X04=00000000 lw      a4,-60(s0/fp)
PC=00000700 [00171713] X14=FFFFFFFE X14=FFFFFFFF X01=000001C0 slli    a4,a4,1
PC=00000704 [F8E42223] X04=00000000 X08=00500000 X14=FFFFFFFE sw      a4,-124(s0/fp)
PC=00000708 [F8442703] X14=FFFFFFFE X08=00500000 X04=00000000 lw      a4,-124(s0/fp)
PC=0000070C [00E7E7B3] X15=FFFFFFFF X15=00000001 X14=FFFFFFFE or      a5,a5,a4
PC=00000710 [F8F42223] X04=00000000 X08=00500000 X15=FFFFFFFF sw      a5,-124(s0/fp)
PC=00000714 [FC042783] X15=FFFFFFFF X08=00500000 X00=00000000 lw      a5,-64(s0/fp)
PC=00000718 [00179793] X15=FFFFFFFE X15=FFFFFFFF X01=000001C0 slli    a5,a5,1
PC=0000071C [F8F42023] X00=00000000 X08=00500000 X15=FFFFFFFE sw      a5,-128(s0/fp)
PC=00000720 [F8042783] X15=FFFFFFFE X08=00500000 X00=00000000 lw      a5,-128(s0/fp)
PC=00000724 [F8442803] X16=FFFFFFFF X08=00500000 X04=00000000 lw      a6,-124(s0/fp)
PC=00000728 [FCF42023] X00=00000000 X08=00500000 X15=FFFFFFFE sw      a5,-64(s0/fp)
PC=0000072C [FD042223] X04=00000000 X08=00500000 X16=FFFFFFFF sw      a6,-60(s0/fp)
PC=00000730 [FCC42023] X00=00000000 X08=00500000 X12=00000000 sw      a2,-64(s0/fp)
PC=00000734 [FCD42223] X04=00000000 X08=00500000 X13=00000000 sw      a3,-60(s0/fp)
PC=00000738 [FCC42023] X00=00000000 X08=00500000 X12=00000000 sw      a2,-64(s0/fp)
PC=0000073C [FCD42223] X04=00000000 X08=00500000 X13=00000000 sw      a3,-60(s0/fp)
PC=00000740 [FC042783] X15=00000000 X08=00500000 X00=00000000 lw      a5,-64(s0/fp)
PC=00000744 [01F7D793] X15=00000000 X15=00000000 X31=00000000 srli    a5,a5,31
PC=00000748 [FC442703] X14=00000000 X08=00500000 X04=00000000 lw      a4,-60(s0/fp)
PC=0000074C [00171713] X14=00000000 X14=00000000 X01=000001C0 slli    a4,a4,1
PC=00000750 [F6E42E23] X28=00000000 X08=00500000 X14=00000000 sw      a4,-132(s0/fp)
PC=00000754 [F7C42703] X14=00000000 X08=00500000 X28=00000000 lw      a4,-132(s0/fp)
PC=00000758 [00E7E7B3] X15=00000000 X15=00000000 X14=00000000 or      a5,a5,a4
PC=0000075C [F6F42E23] X28=00000000 X08=00500000 X15=00000000 sw      a5,-132(s0/fp)
PC=00000760 [FC042783] X15=00000000 X08=00500000 X00=00000000 lw      a5,-64(s0/fp)
PC=00000764 [00179793] X15=00000000 X15=00000000 X01=000001C0 slli    a5,a5,1
PC=00000768 [F6F42C23] X24=00000000 X08=00500000 X15=00000000 sw      a5,-136(s0/fp)
PC=0000076C [F7842783] X15=00000000 X08=00500000 X24=00000000 lw      a5,-136(s0/fp)
PC=00000770 [F7C42803] X16=00000000 X08=00500000 X28=00000000 lw      a6,-132(s0/fp)
PC=00000774 [FCF42023] X00=00000000 X08=00500000 X15=00000000 sw      a5,-64(s0/fp)
PC=00000778 [FD042223] X04=00000000 X08=00500000 X16=00000000 sw      a6,-60(s0/fp)
PC=0000077C [FCC42023] X00=00000000 X08=00500000 X12=00000000 sw      a2,-64(s0/fp)
PC=00000780 [FCD42223] X04=00000000 X08=00500000 X13=00000000 sw      a3,-60(s0/fp)
PC=00000784 [00100713] X14=00000001 X00=00000000 X01=000001C0 addi    a4,zero,1
PC=00000788 [00000793] X15=00000000 X00=00000000 X00=00000000 addi    a5,zero,0
PC=0000078C [FCE42023] X00=00000000 X08=00500000 X14=00000001 sw      a4,-64(s0/fp)
PC=00000790 [FCF42223] X04=00000000 X08=00500000 X15=00000000 sw      a5,-60(s0/fp)
PC=00000794 [FC042783] X15=00000001 X08=00500000 X00=00000000 lw      a5,-64(s0/fp)
PC=00000798 [01F7D793] X15=00000000 X15=00000001 X31=00000000 srli    a5,a5,31
PC=0000079C [FC442703] X14=00000000 X08=00500000 X04=00000000 lw      a4,-60(s0/fp)
PC=000007A0 [00171713] X14=00000000 X14=00000000 X01=000001C0 slli    a4,a4,1
PC=000007A4 [F6E42A23] X20=00000000 X08=00500000 X14=00000000 sw      a4,-140(s0/fp)
PC=000007A8 [F7442703] X14=00000000 X08=00500000 X20=00000000 lw      a4,-140(s0/fp)
PC=000007AC [00E7E7B3] X15=00000000 X15=00000000 X14=00000000 or      a5,a5,a4
PC=000007B0 [F6F42A23] X20=00000000 X08=00500000 X15=00000000 sw      a5,-140(s0/fp)
PC=000007B4 [FC042783] X15=00000001 X08=00500000 X00=00000000 lw      a5,-64(s0/fp)
PC=000007B8 [00179793] X15=00000002 X15=00000001 X01=000001C0 slli    a5,a5,1
PC=000007BC [F6F42823] X16=00000000 X08=00500000 X15=00000002 sw      a5,-144(s0/fp)
PC=000007C0 [F7042783] X15=00000002 X08=00500000 X16=00000000 lw      a5,-144(s0/fp)
PC=000007C4 [F7442803] X16=00000000 X08=00500000 X20=00000000 lw      a6,-140(s0/fp)
PC=000007C8 [FCF42023] X00=00000000 X08=00500000 X15=00000002 sw      a5,-64(s0/fp)
PC=000007CC [FD042223] X04=00000000 X08=00500000 X16=00000000 sw      a6,-60(s0/fp)
PC=000007D0 [FCC42023] X00=00000000 X08=00500000 X12=00000000 sw      a2,-64(s0/fp)
PC=000007D4 [FCD42223] X04=00000000 X08=00500000 X13=00000000 sw      a3,-60(s0/fp)
PC=000007D8 [00000713] X14=00000000 X00=00000000 X00=00000000 addi    a4,zero,0
PC=000007DC [800007B7] X15=80000000 X00=00000000 X00=00000000 lui     a5,2147483648
PC=000007E0 [FCE42023] X00=00000000 X08=00500000 X14=00000000 sw      a4,-64(s0/fp)
PC=000007E4 [FCF42223] X04=00000000 X08=00500000 X15=80000000 sw      a5,-60(s0/fp)
PC=000007E8 [FC042783] X15=00000000 X08=00500000 X00=00000000 lw      a5,-64(s0/fp)
PC=000007EC [01F7D793] X15=00000000 X15=00000000 X31=00000000 srli    a5,a5,31
PC=000007F0 [FC442703] X14=80000000 X08=00500000 X04=00000000 lw      a4,-60(s0/fp)
PC=000007F4 [00171713] X14=00000000 X14=80000000 X01=000001C0 slli    a4,a4,1
PC=000007F8 [F6E42623] X12=00000000 X08=00500000 X14=00000000 sw      a4,-148(s0/fp)
PC=000007FC [F6C42703] X14=00000000 X08=00500000 X12=00000000 lw      a4,-148(s0/fp)
PC=00000800 [00E7E7B3] X15=00000000 X15=00000000 X14=00000000 or      a5,a5,a4
PC=00000804 [F6F42623] X12=00000000 X08=00500000 X15=00000000 sw      a5,-148(s0/fp)
PC=00000808 [FC042783] X15=00000000 X08=00500000 X00=00000000 lw      a5,-64(s0/fp)
PC=0000080C [00179793] X15=00000000 X15=00000000 X01=000001C0 slli    a5,a5,1
PC=00000810 [F6F42423] X08=00500000 X08=00500000 X15=00000000 sw      a5,-152(s0/fp)
PC=00000814 [F6842783] X15=00000000 X08=00500000 X08=00500000 lw      a5,-152(s0/fp)
PC=00000818 [F6C42803] X16=00000000 X08=00500000 X12=00000000 lw      a6,-148(s0/fp)
PC=0000081C [FCF42023] X00=00000000 X08=00500000 X15=00000000 sw      a5,-64(s0/fp)
PC=00000820 [FD042223] X04=00000000 X08=00500000 X16=00000000 sw      a6,-60(s0/fp)
PC=00000824 [FCC42023] X00=00000000 X08=00500000 X12=00000000 sw      a2,-64(s0/fp)
PC=00000828 [FCD42223] X04=00000000 X08=00500000 X13=00000000 sw      a3,-60(s0/fp)
PC=0000082C [00000797] X15=0000082C X00=00000000 X00=00000000 auipc   a5,0
PC=00000830 [0EC78793] X15=00000918 X15=0000082C X12=00000000 addi    a5,a5,236
PC=00000834 [0007A703] X14=00000000 X15=00000918 X00=00000000 lw      a4,0(a5)
PC=00000838 [0047A783] X15=00000000 X15=00000918 X04=00000000 lw      a5,4(a5)
PC=0000083C [FCE42023] X00=00000000 X08=00500000 X14=00000000 sw      a4,-64(s0/fp)
PC=00000840 [FCF42223] X04=00000000 X08=00500000 X15=00000000 sw      a5,-60(s0/fp)
PC=00000844 [FC042783] X15=00000000 X08=00500000 X00=00000000 lw      a5,-64(s0/fp)
PC=00000848 [01F7D793] X15=00000000 X15=00000000 X31=00000000 srli    a5,a5,31
PC=0000084C [FC442703] X14=00000000 X08=00500000 X04=00000000 lw      a4,-60(s0/fp)
PC=00000850 [00171713] X14=00000000 X14=00000000 X01=000001C0 slli    a4,a4,1
PC=00000854 [F6E42223] X04=00000000 X08=00500000 X14=00000000 sw      a4,-156(s0/fp)
PC=00000858 [F6442703] X14=00000000 X08=00500000 X04=00000000 lw      a4,-156(s0/fp)
PC=0000085C [00E7E7B3] X15=00000000 X15=00000000 X14=00000000 or      a5,a5,a4
PC=00000860 [F6F42223] X04=00000000 X08=00500000 X15=00000000 sw      a5,-156(s0/fp)
PC=00000864 [FC042783] X15=00000000 X08=00500000 X00=00000000 lw      a5,-64(s0/fp)
PC=00000868 [00179793] X15=00000000 X15=00000000 X01=000001C0 slli    a5,a5,1
PC=0000086C [F6F42023] X00=00000000 X08=00500000 X15=00000000 sw      a5,-160(s0/fp)
PC=00000870 [F6042783] X15=00000000 X08=00500000 X00=00000000 lw      a5,-160(s0/fp)
PC=00000874 [F6442803] X16=00000000 X08=00500000 X04=00000000 lw      a6,-156(s0/fp)
PC=00000878 [FCF42023] X00=00000000 X08=00500000 X15=00000000 sw      a5,-64(s0/fp)
PC=0000087C [FD042223] X04=00000000 X08=00500000 X16=00000000 sw      a6,-60(s0/fp)
PC=00000880 [FCC42023] X00=00000000 X08=00500000 X12=00000000 sw      a2,-64(s0/fp)
PC=00000884 [FCD42223] X04=00000000 X08=00500000 X13=00000000 sw      a3,-60(s0/fp)
PC=00000888 [C0000737] X14=C0000000 X00=00000000 X00=00000000 lui     a4,3221225472
PC=0000088C [00300793] X15=00000003 X00=00000000 X03=00000000 addi    a5,zero,3
PC=00000890 [FCE42023] X00=00000000 X08=00500000 X14=C0000000 sw      a4,-64(s0/fp)
PC=00000894 [FCF42223] X04=00000000 X08=00500000 X15=00000003 sw      a5,-60(s0/fp)
PC=00000898 [FC042783] X15=C0000000 X08=00500000 X00=00000000 lw      a5,-64(s0/fp)
PC=0000089C [01E7D793] X15=00000003 X15=C0000000 X30=F0000000 srli    a5,a5,30
PC=000008A0 [FC442703] X14=00000003 X08=00500000 X04=00000000 lw      a4,-60(s0/fp)
PC=000008A4 [00271713] X14=0000000C X14=00000003 X02=004FFF50 slli    a4,a4,2
PC=000008A8 [F4E42E23] X28=00000000 X08=00500000 X14=0000000C sw      a4,-164(s0/fp)
PC=000008AC [F5C42703] X14=0000000C X08=00500000 X28=00000000 lw      a4,-164(s0/fp)
PC=000008B0 [00E7E7B3] X15=0000000F X15=00000003 X14=0000000C or      a5,a5,a4
PC=000008B4 [F4F42E23] X28=00000000 X08=00500000 X15=0000000F sw      a5,-164(s0/fp)
PC=000008B8 [FC042783] X15=C0000000 X08=00500000 X00=00000000 lw      a5,-64(s0/fp)
PC=000008BC [00279793] X15=00000000 X15=C0000000 X02=004FFF50 slli    a5,a5,2
PC=000008C0 [F4F42C23] X24=00000000 X08=00500000 X15=00000000 sw      a5,-168(s0/fp)
PC=000008C4 [F5842783] X15=00000000 X08=00500000 X24=00000000 lw      a5,-168(s0/fp)
PC=000008C8 [F5C42803] X16=0000000F X08=00500000 X28=00000000 lw      a6,-164(s0/fp)
PC=000008CC [FCF42023] X00=00000000 X08=00500000 X15=00000000 sw      a5,-64(s0/fp)
PC=000008D0 [FD042223] X04=00000000 X08=00500000 X16=0000000F sw      a6,-60(s0/fp)
PC=000008D4 [FCC42023] X00=00000000 X08=00500000 X12=00000000 sw      a2,-64(s0/fp)
PC=000008D8 [FCD42223] X04=00000000 X08=00500000 X13=00000000 sw      a3,-60(s0/fp)
PC=000008DC [00000793] X15=00000000 X00=00000000 X00=00000000 addi    a5,zero,0
PC=000008E0 [00078513] X10=00000000 X15=00000000 X00=00000000 addi    a0,a5,0
PC=000008E4 [0AC12403] X08=00000000 X02=004FFF50 X12=00000000 lw      s0/fp,172(sp)
PC=000008E8 [0A812903] X18=00000000 X02=004FFF50 X08=00000000 lw      s2,168(sp)
PC=000008EC [0A412983] X19=00000000 X02=004FFF50 X04=00000000 lw      s3,164(sp)
PC=000008F0 [0A012A03] X20=00000000 X02=004FFF50 X00=00000000 lw      s4,160(sp)
PC=000008F4 [09C12A83] X21=00000000 X02=004FFF50 X28=00000000 lw      s5,156(sp)
PC=000008F8 [09812B03] X22=00000000 X02=004FFF50 X24=00000000 lw      s6,152(sp)
PC=000008FC [09412B83] X23=00000000 X02=004FFF50 X20=00000000 lw      s7,148(sp)
PC=00000900 [09012C03] X24=00000000 X02=004FFF50 X16=0000000F lw      s8,144(sp)
PC=00000904 [08C12C83] X25=00000000 X02=004FFF50 X12=00000000 lw      s9,140(sp)
PC=00000908 [08812D03] X26=00000000 X02=004FFF50 X08=00000000 lw      s10,136(sp)
PC=0000090C [08412D83] X27=00000000 X02=004FFF50 X04=00000000 lw      s11,132(sp)
PC=00000910 [0B010113] X02=00500000 X02=004FFF50 X16=0000000F addi    sp,sp,176
PC=00000914 [00008067] X00=00000000 X01=000001C0 X00=00000000 jalr    zero,ra,0
PC=000001C0 [200002B7] X05=20000000 X00=00000000 X00=00000000 lui     t0,536870912
PC=000001C4 [00100073] X00=00000000 X00=00000000 X01=000001C0 ebreak  