PC=000001B8 [00500137] X02=00500000 X00=00000000 X05=00000000 lui     sp,5242880
PC=000001BC [00C000EF] X01=000001C0 X00=00000000 X12=00000000 jal     ra,12
PC=000001C8 [F6010113] X02=004FFF60 X02=00500000 X00=00000000 addi    sp,sp,-160
PC=000001CC [08812E23] X28=00000000 X02=004FFF60 X08=00000000 sw      s0/fp,156(sp)
PC=000001D0 [09212C23] X24=00000000 X02=004FFF60 X18=00000000 sw      s2,152(sp)
PC=000001D4 [09312A23] X20=00000000 X02=004FFF60 X19=00000000 sw      s3,148(sp)
PC=000001D8 [09412823] X16=00000000 X02=004FFF60 X20=00000000 sw      s4,144(sp)
PC=000001DC [09512623] X12=00000000 X02=004FFF60 X21=00000000 sw      s5,140(sp)
PC=000001E0 [09612423] X08=00000000 X02=004FFF60 X22=00000000 sw      s6,136(sp)
PC=000001E4 [09712223] X04=00000000 X02=004FFF60 X23=00000000 sw      s7,132(sp)
PC=000001E8 [09812023] X00=00000000 X02=004FFF60 X24=00000000 sw      s8,128(sp)
PC=000001EC [07912E23] X28=00000000 X02=004FFF60 X25=00000000 sw      s9,124(sp)
PC=000001F0 [07A12C23] X24=00000000 X02=004FFF60 X26=00000000 sw      s10,120(sp)
PC=000001F4 [07B12A23] X20=00000000 X02=004FFF60 X27=00000000 sw      s11,116(sp)
PC=000001F8 [0A010413] X08=00500000 X02=004FFF60 X00=00000000 addi    s0/fp,sp,160
PC=000001FC [00000797] X15=000001FC X00=00000000 X00=00000000 auipc   a5,0
PC=00000200 [2EC78793] X15=000004E8 X15=000001FC X12=00000000 addi    a5,a5,748
PC=00000204 [0007A703] X14=00000000 X15=000004E8 X00=00000000 lw      a4,0(a5)
PC=00000208 [0047A783] X15=00000000 X15=000004E8 X04=00000000 lw      a5,4(a5)
PC=0000020C [FCE42423] X08=00500000 X08=00500000 X14=00000000 sw      a4,-56(s0/fp)
PC=00000210 [FCF42623] X12=00000000 X08=00500000 X15=00000000 sw      a5,-52(s0/fp)
PC=00000214 [FCC42783] X15=00000000 X08=00500000 X12=00000000 lw      a5,-52(s0/fp)
PC=00000218 [0187DA13] X20=00000000 X15=00000000 X24=00000000 srli    s4,a5,24
PC=0000021C [00000A93] X21=00000000 X00=00000000 X00=00000000 addi    s5,zero,0
PC=00000220 [FCC42783] X15=00000000 X08=00500000 X12=00000000 lw      a5,-52(s0/fp)
PC=00000224 [0087D813] X16=00000000 X15=00000000 X08=00500000 srli    a6,a5,8
PC=00000228 [00000893] X17=00000000 X00=00000000 X00=00000000 addi    a7,zero,0
PC=0000022C [000107B7] X15=00010000 X02=004FFF60 X00=00000000 lui     a5,65536
PC=00000230 [F0078793] X15=0000FF00 X15=00010000 X00=00000000 addi    a5,a5,-256
PC=00000234 [00F87633] X12=00000000 X16=00000000 X15=0000FF00 and     a2,a6,a5
PC=00000238 [0008F693] X13=00000000 X17=00000000 X00=00000000 andi    a3,a7,0
PC=0000023C [00CA67B3] X15=00000000 X20=00000000 X12=00000000 or      a5,s4,a2
PC=00000240 [FAF42423] X08=00500000 X08=00500000 X15=00000000 sw      a5,-88(s0/fp)
PC=00000244 [00DAE7B3] X15=00000000 X21=00000000 X13=00000000 or      a5,s5,a3
PC=00000248 [FAF42623] X12=00000000 X08=00500000 X15=00000000 sw      a5,-84(s0/fp)
PC=0000024C [FCC42783] X15=00000000 X08=00500000 X12=00000000 lw      a5,-52(s0/fp)
PC=00000250 [00879713] X14=00000000 X15=00000000 X08=00500000 slli    a4,a5,8
PC=00000254 [FC842783] X15=00000000 X08=00500000 X08=00500000 lw      a5,-56(s0/fp)
PC=00000258 [0187D513] X10=00000000 X15=00000000 X24=00000000 srli    a0,a5,24
PC=0000025C [00A76533] X10=00000000 X14=00000000 X10=00000000 or      a0,a4,a0
PC=00000260 [FCC42783] X15=00000000 X08=00500000 X12=00000000 lw      a5,-52(s0/fp)
PC=00000264 [0187D593] X11=00000000 X15=00000000 X24=00000000 srli    a1,a5,24
PC=00000268 [00FF07B7] X15=00FF0000 X30=00000000 X15=00000000 lui     a5,16711680
PC=0000026C [00F57933] X18=00000000 X10=00000000 X15=00FF0000 and     s2,a0,a5
PC=00000270 [0005F993] X19=00000000 X11=00000000 X00=00000000 andi    s3,a1,0
PC=00000274 [FA842783] X15=00000000 X08=00500000 X08=00500000 lw      a5,-88(s0/fp)
PC=00000278 [FAC42803] X16=00000000 X08=00500000 X12=00000000 lw      a6,-84(s0/fp)
PC=0000027C [00078713] X14=00000000 X15=00000000 X00=00000000 addi    a4,a5,0
PC=00000280 [01276733] X14=00000000 X14=00000000 X18=00000000 or      a4,a4,s2
PC=00000284 [FAE42023] X00=00000000 X08=00500000 X14=00000000 sw      a4,-96(s0/fp)
PC=00000288 [00080793] X15=00000000 X16=00000000 X00=00000000 addi    a5,a6,0
PC=0000028C [0137E7B3] X15=00000000 X15=00000000 X19=00000000 or      a5,a5,s3
PC=00000290 [FAF42223] X04=00000000 X08=00500000 X15=00000000 sw      a5,-92(s0/fp)
PC=00000294 [FCC42783] X15=00000000 X08=00500000 X12=00000000 lw      a5,-52(s0/fp)
PC=00000298 [01879713] X14=00000000 X15=00000000 X24=00000000 slli    a4,a5,24
PC=0000029C [FC842783] X15=00000000 X08=00500000 X08=00500000 lw      a5,-56(s0/fp)
PC=000002A0 [0087DF13] X30=00000000 X15=00000000 X08=00500000 srli    t5,a5,8
PC=000002A4 [01E76F33] X30=00000000 X14=00000000 X30=00000000 or      t5,a4,t5
PC=000002A8 [FCC42783] X15=00000000 X08=00500000 X12=00000000 lw      a5,-52(s0/fp)
PC=000002AC [0087DF93] X31=00000000 X15=00000000 X08=00500000 srli    t6,a5,8
PC=000002B0 [FF0007B7] X15=FF000000 X00=00000000 X16=00000000 lui     a5,4278190080
PC=000002B4 [00FF77B3] X15=00000000 X30=00000000 X15=FF000000 and     a5,t5,a5
PC=000002B8 [F8F42C23] X24=00000000 X08=00500000 X15=00000000 sw      a5,-104(s0/fp)
PC=000002BC [000FF793] X15=00000000 X31=00000000 X00=00000000 andi    a5,t6,0
PC=000002C0 [F8F42E23] X28=00000000 X08=00500000 X15=00000000 sw      a5,-100(s0/fp)
PC=000002C4 [FA042683] X13=00000000 X08=00500000 X00=00000000 lw      a3,-96(s0/fp)
PC=000002C8 [FA442703] X14=00000000 X08=00500000 X04=00000000 lw      a4,-92(s0/fp)
PC=000002CC [00068613] X12=00000000 X13=00000000 X00=00000000 addi    a2,a3,0
PC=000002D0 [F9842783] X15=00000000 X08=00500000 X24=00000000 lw      a5,-104(s0/fp)
PC=000002D4 [F9C42803] X16=00000000 X08=00500000 X28=00000000 lw      a6,-100(s0/fp)
PC=000002D8 [00078593] X11=00000000 X15=00000000 X00=00000000 addi    a1,a5,0
PC=000002DC [00B66633] X12=00000000 X12=00000000 X11=00000000 or      a2,a2,a1
PC=000002E0 [F8C42823] X16=00000000 X08=00500000 X12=00000000 sw      a2,-112(s0/fp)
PC=000002E4 [00080793] X15=00000000 X16=00000000 X00=00000000 addi    a5,a6,0
PC=000002E8 [00F767B3] X15=00000000 X14=00000000 X15=00000000 or      a5,a4,a5
PC=000002EC [F8F42A23] X20=00000000 X08=00500000 X15=00000000 sw      a5,-108(s0/fp)
PC=000002F0 [FC842783] X15=00000000 X08=00500000 X08=00500000 lw      a5,-56(s0/fp)
PC=000002F4 [0187D793] X15=00000000 X15=00000000 X24=00000000 srli    a5,a5,24
PC=000002F8 [FCC42703] X14=00000000 X08=00500000 X12=00000000 lw      a4,-52(s0/fp)
PC=000002FC [00871E93] X29=00000000 X14=00000000 X08=00500000 slli    t4,a4,8
PC=00000300 [01D7EEB3] X29=00000000 X15=00000000 X29=00000000 or      t4,a5,t4
PC=00000304 [FC842783] X15=00000000 X08=00500000 X08=00500000 lw      a5,-56(s0/fp)
PC=00000308 [00879E13] X28=00000000 X15=00000000 X08=00500000 slli    t3,a5,8
PC=0000030C [000E7793] X15=00000000 X28=00000000 X00=00000000 andi    a5,t3,0
PC=00000310 [F8F42423] X08=00500000 X08=00500000 X15=00000000 sw      a5,-120(s0/fp)
PC=00000314 [0FFEF793] X15=00000000 X29=00000000 X31=00000000 andi    a5,t4,255
PC=00000318 [F8F42623] X12=00000000 X08=00500000 X15=00000000 sw      a5,-116(s0/fp)
PC=0000031C [F9042683] X13=00000000 X08=00500000 X16=00000000 lw      a3,-112(s0/fp)
PC=00000320 [F9442703] X14=00000000 X08=00500000 X20=00000000 lw      a4,-108(s0/fp)
PC=00000324 [00068613] X12=00000000 X13=00000000 X00=00000000 addi    a2,a3,0
PC=00000328 [F8842783] X15=00000000 X08=00500000 X08=00500000 lw      a5,-120(s0/fp)
PC=0000032C [F8C42803] X16=00000000 X08=00500000 X12=00000000 lw      a6,-116(s0/fp)
PC=00000330 [00078593] X11=00000000 X15=00000000 X00=00000000 addi    a1,a5,0
PC=00000334 [00B66633] X12=00000000 X12=00000000 X11=00000000 or      a2,a2,a1
PC=00000338 [F8C42023] X00=00000000 X08=00500000 X12=00000000 sw      a2,-128(s0/fp)
PC=0000033C [00080793] X15=00000000 X16=00000000 X00=00000000 addi    a5,a6,0
PC=00000340 [00F767B3] X15=00000000 X14=00000000 X15=00000000 or      a5,a4,a5
PC=00000344 [F8F42223] X04=00000000 X08=00500000 X15=00000000 sw      a5,-124(s0/fp)
PC=00000348 [FC842783] X15=00000000 X08=00500000 X08=00500000 lw      a5,-56(s0/fp)
PC=0000034C [0087D793] X15=00000000 X15=00000000 X08=00500000 srli    a5,a5,8
PC=00000350 [FCC42703] X14=00000000 X08=00500000 X12=00000000 lw      a4,-52(s0/fp)
PC=00000354 [01871393] X07=00000000 X14=00000000 X24=00000000 slli    t2,a4,24
PC=00000358 [0077E3B3] X07=00000000 X15=00000000 X07=00000000 or      t2,a5,t2
PC=0000035C [FC842783] X15=00000000 X08=00500000 X08=00500000 lw      a5,-56(s0/fp)
PC=00000360 [01879313] X06=00000000 X15=00000000 X24=00000000 slli    t1,a5,24
PC=00000364 [00037793] X15=00000000 X06=00000000 X00=00000000 andi    a5,t1,0
PC=00000368 [F6F42C23] X24=00000000 X08=00500000 X15=00000000 sw      a5,-136(s0/fp)
PC=0000036C [000107B7] X15=00010000 X02=004FFF60 X00=00000000 lui     a5,65536
PC=00000370 [F0078793] X15=0000FF00 X15=00010000 X00=00000000 addi    a5,a5,-256
PC=00000374 [00F3F7B3] X15=00000000 X07=00000000 X15=0000FF00 and     a5,t2,a5
PC=00000378 [F6F42E23] X28=00000000 X08=00500000 X15=00000000 sw      a5,-132(s0/fp)
PC=0000037C [F8042683] X13=00000000 X08=00500000 X00=00000000 lw      a3,-128(s0/fp)
PC=00000380 [F8442703] X14=00000000 X08=00500000 X04=00000000 lw      a4,-124(s0/fp)
PC=00000384 [00068613] X12=00000000 X13=00000000 X00=00000000 addi    a2,a3,0
PC=00000388 [F7842783] X15=00000000 X08=00500000 X24=00000000 lw      a5,-136(s0/fp)
PC=0000038C [F7C42803] X16=00000000 X08=00500000 X28=00000000 lw      a6,-132(s0/fp)
PC=00000390 [00078593] X11=00000000 X15=00000000 X00=00000000 addi    a1,a5,0
PC=00000394 [00B66D33] X26=00000000 X12=00000000 X11=00000000 or      s10,a2,a1
PC=00000398 [00080793] X15=00000000 X16=00000000 X00=00000000 addi    a5,a6,0
PC=0000039C [00F76DB3] X27=00000000 X14=00000000 X15=00000000 or      s11,a4,a5
PC=000003A0 [FC842783] X15=00000000 X08=00500000 X08=00500000 lw      a5,-56(s0/fp)
PC=000003A4 [00879793] X15=00000000 X15=00000000 X08=00500000 slli    a5,a5,8
PC=000003A8 [F6F42A23] X20=00000000 X08=00500000 X15=00000000 sw      a5,-140(s0/fp)
PC=000003AC [F6042823] X16=00000000 X08=00500000 X00=00000000 sw      zero,-144(s0/fp)
PC=000003B0 [F7042683] X13=00000000 X08=00500000 X16=00000000 lw      a3,-144(s0/fp)
PC=000003B4 [F7442703] X14=00000000 X08=00500000 X20=00000000 lw      a4,-140(s0/fp)
PC=000003B8 [00068793] X15=00000000 X13=00000000 X00=00000000 addi    a5,a3,0
PC=000003BC [0007FC13] X24=00000000 X15=00000000 X00=00000000 andi    s8,a5,0
PC=000003C0 [00FF07B7] X15=00FF0000 X30=00000000 X15=00000000 lui     a5,16711680
PC=000003C4 [00F77CB3] X25=00000000 X14=00000000 X15=00FF0000 and     s9,a4,a5
PC=000003C8 [018D6B33] X22=00000000 X26=00000000 X24=00000000 or      s6,s10,s8
PC=000003CC [019DEBB3] X23=00000000 X27=00000000 X25=00000000 or      s7,s11,s9
PC=000003D0 [FC842783] X15=00000000 X08=00500000 X08=00500000 lw      a5,-56(s0/fp)
PC=000003D4 [01879793] X15=00000000 X15=00000000 X24=00000000 slli    a5,a5,24
PC=000003D8 [F6F42623] X12=00000000 X08=00500000 X15=00000000 sw      a5,-148(s0/fp)
PC=000003DC [F6042423] X08=00500000 X08=00500000 X00=00000000 sw      zero,-152(s0/fp)
PC=000003E0 [F6842683] X13=00000000 X08=00500000 X08=00500000 lw      a3,-152(s0/fp)
PC=000003E4 [F6C42703] X14=00000000 X08=00500000 X12=00000000 lw      a4,-148(s0/fp)
PC=000003E8 [00068793] X15=00000000 X13=00000000 X00=00000000 addi    a5,a3,0
PC=000003EC [00FB67B3] X15=00000000 X22=00000000 X15=00000000 or      a5,s6,a5
PC=000003F0 [FCF42023] X00=00000000 X08=00500000 X15=00000000 sw      a5,-64(s0/fp)
PC=000003F4 [00070793] X15=00000000 X14=00000000 X00=00000000 addi    a5,a4,0
PC=000003F8 [00FBE7B3] X15=00000000 X23=00000000 X15=00000000 or      a5,s7,a5
PC=000003FC [FCF42223] X04=00000000 X08=00500000 X15=00000000 sw      a5,-60(s0/fp)
PC=00000400 [00000793] X15=00000000 X00=00000000 X00=00000000 addi    a5,zero,0
PC=00000404 [00000813] X16=00000000 X00=00000000 X00=00000000 addi    a6,zero,0
PC=00000408 [FCF42023] X00=00000000 X08=00500000 X15=00000000 sw      a5,-64(s0/fp)
PC=0000040C [FD042223] X04=00000000 X08=00500000 X16=00000000 sw      a6,-60(s0/fp)
PC=00000410 [AABBD7B7] X15=AABBD000 X23=00000000 X11=00000000 lui     a5,2864435200
PC=00000414 [CDD78793] X15=AABBCCDD X15=AABBD000 X29=00000000 addi    a5,a5,-803
PC=00000418 [FAF42E23] X28=00000000 X08=00500000 X15=AABBCCDD sw      a5,-68(s0/fp)
PC=0000041C [FBC42783] X15=AABBCCDD X08=00500000 X28=00000000 lw      a5,-68(s0/fp)
PC=00000420 [01879713] X14=DD000000 X15=AABBCCDD X24=00000000 slli    a4,a5,24
PC=00000424 [FBC42783] X15=AABBCCDD X08=00500000 X28=00000000 lw      a5,-68(s0/fp)
PC=00000428 [00879693] X13=BBCCDD00 X15=AABBCCDD X08=00500000 slli    a3,a5,8
PC=0000042C [00FF07B7] X15=00FF0000 X30=00000000 X15=AABBCCDD lui     a5,16711680
PC=00000430 [00F6F7B3] X15=00CC0000 X13=BBCCDD00 X15=00FF0000 and     a5,a3,a5
PC=00000434 [00F76733] X14=DDCC0000 X14=DD000000 X15=00CC0000 or      a4,a4,a5
PC=00000438 [FBC42783] X15=AABBCCDD X08=00500000 X28=00000000 lw      a5,-68(s0/fp)
PC=0000043C [0087D693] X13=00AABBCC X15=AABBCCDD X08=00500000 srli    a3,a5,8
PC=00000440 [000107B7] X15=00010000 X02=004FFF60 X00=00000000 lui     a5,65536
PC=00000444 [F0078793] X15=0000FF00 X15=00010000 X00=00000000 addi    a5,a5,-256
PC=00000448 [00F6F7B3] X15=0000BB00 X13=00AABBCC X15=0000FF00 and     a5,a3,a5
PC=0000044C [00F76733] X14=DDCCBB00 X14=DDCC0000 X15=0000BB00 or      a4,a4,a5
PC=00000450 [FBC42783] X15=AABBCCDD X08=00500000 X28=00000000 lw      a5,-68(s0/fp)
PC=00000454 [0187D793] X15=000000AA X15=AABBCCDD X24=00000000 srli    a5,a5,24
PC=00000458 [00F767B3] X15=DDCCBBAA X14=DDCCBB00 X15=000000AA or      a5,a4,a5
PC=0000045C [FAF42C23] X24=00000000 X08=00500000 X15=DDCCBBAA sw      a5,-72(s0/fp)
PC=00000460 [FA042C23] X24=00000000 X08=00500000 X00=00000000 sw      zero,-72(s0/fp)
PC=00000464 [FFFFB7B7] X15=FFFFB000 X31=00000000 X31=00000000 lui     a5,4294946816
PC=00000468 [ABB78793] X15=FFFFAABB X15=FFFFB000 X27=00000000 addi    a5,a5,-1349
PC=0000046C [FAF41B23] X22=00000000 X08=00500000 X15=FFFFAABB sh      a5,-74(s0/fp)
PC=00000470 [FB645783] X15=0000AABB X08=00500000 X22=00000000 lhu     a5,-74(s0/fp)
PC=00000474 [00879793] X15=00AABB00 X15=0000AABB X08=00500000 slli    a5,a5,8
PC=00000478 [01079713] X14=BB000000 X15=00AABB00 X16=00000000 slli    a4,a5,16
PC=0000047C [41075713] X14=FFFFBB00 X14=BB000000 X16=00000000 srai    a4,a4,16
PC=00000480 [FB645783] X15=0000AABB X08=00500000 X22=00000000 lhu     a5,-74(s0/fp)
PC=00000484 [0087D793] X15=000000AA X15=0000AABB X08=00500000 srli    a5,a5,8
PC=00000488 [01079793] X15=00AA0000 X15=000000AA X16=00000000 slli    a5,a5,16
PC=0000048C [0107D793] X15=000000AA X15=00AA0000 X16=00000000 srli    a5,a5,16
PC=00000490 [01079793] X15=00AA0000 X15=000000AA X16=00000000 slli    a5,a5,16
PC=00000494 [4107D793] X15=000000AA X15=00AA0000 X16=00000000 srai    a5,a5,16
PC=00000498 [00F767B3] X15=FFFFBBAA X14=FFFFBB00 X15=000000AA or      a5,a4,a5
PC=0000049C [01079793] X15=BBAA0000 X15=FFFFBBAA X16=00000000 slli    a5,a5,16
PC=000004A0 [4107D793] X15=FFFFBBAA X15=BBAA0000 X16=00000000 srai    a5,a5,16
PC=000004A4 [FAF41A23] X20=00000000 X08=00500000 X15=FFFFBBAA sh      a5,-76(s0/fp)
PC=000004A8 [FA041A23] X20=00000000 X08=00500000 X00=00000000 sh      zero,-76(s0/fp)
PC=000004AC [00000793] X15=00000000 X00=00000000 X00=00000000 addi    a5,zero,0
PC=000004B0 [00078513] X10=00000000 X15=00000000 X00=00000000 addi    a0,a5,0
PC=000004B4 [09C12403] X08=00000000 X02=004FFF60 X28=00000000 lw      s0/fp,156(sp)
PC=000004B8 [09812903] X18=00000000 X02=004FFF60 X24=00000000 lw      s2,152(sp)
PC=000004BC [09412983] X19=00000000 X02=004FFF60 X20=00000000 lw      s3,148(sp)
PC=000004C0 [09012A03] X20=00000000 X02=004FFF60 X16=00000000 lw      s4,144(sp)
PC=000004C4 [08C12A83] X21=00000000 X02=004FFF60 X12=00000000 lw      s5,140(sp)
PC=000004C8 [08812B03] X22=00000000 X02=004FFF60 X08=00000000 lw      s6,136(sp)
PC=000004CC [08412B83] X23=00000000 X02=004FFF60 X04=00000000 lw      s7,132(sp)
PC=000004D0 [08012C03] X24=00000000 X02=004FFF60 X00=00000000 lw      s8,128(sp)
PC=000004D4 [07C12C83] X25=00000000 X02=004FFF60 X28=00000000 lw      s9,124(sp)
PC=000004D8 [07812D03] X26=00000000 X02=004FFF60 X24=00000000 lw      s10,120(sp)
PC=000004DC [07412D83] X27=00000000 X02=004FFF60 X20=00000000 lw      s11,116(sp)
PC=000004E0 [0A010113] X02=00500000 X02=004FFF60 X00=00000000 addi    sp,sp,160
PC=000004E4 [00008067] X00=00000000 X01=000001C0 X00=00000000 jalr    zero,ra,0
PC=000001C0 [200002B7] X05=20000000 X00=00000000 X00=00000000 lui     t0,536870912
PC=000001C4 [00100073] X00=00000000 X00=00000000 X01=000001C0 ebreak  