PC=000001B8 [00500137] X02=00500000 X00=00000000 X05=00000000 lui     sp,5242880
PC=000001BC [00C000EF] X01=000001C0 X00=00000000 X12=00000000 jal     ra,12
PC=000001C8 [FE010113] X02=004FFFE0 X02=00500000 X00=00000000 addi    sp,sp,-32
PC=000001CC [00812E23] X28=00000000 X02=004FFFE0 X08=00000000 sw      s0/fp,28(sp)
PC=000001D0 [02010413] X08=00500000 X02=004FFFE0 X00=00000000 addi    s0/fp,sp,32
PC=000001D4 [F3800313] X06=FFFFFF38 X00=00000000 X24=00000000 addi    t1,zero,-200
PC=000001D8 [FFF00393] X07=FFFFFFFF X00=00000000 X31=00000000 addi    t2,zero,-1
PC=000001DC [FE642423] X08=00500000 X08=00500000 X06=FFFFFF38 sw      t1,-24(s0/fp)
PC=000001E0 [FE742623] X12=00000000 X08=00500000 X07=FFFFFFFF sw      t2,-20(s0/fp)
PC=000001E4 [00000313] X06=00000000 X00=00000000 X00=00000000 addi    t1,zero,0
PC=000001E8 [00000393] X07=00000000 X00=00000000 X00=00000000 addi    t2,zero,0
PC=000001EC [FE642023] X00=00000000 X08=00500000 X06=00000000 sw      t1,-32(s0/fp)
PC=000001F0 [FE742223] X04=00000000 X08=00500000 X07=00000000 sw      t2,-28(s0/fp)
PC=000001F4 [FE042303] X06=00000000 X08=00500000 X00=00000000 lw      t1,-32(s0/fp)
PC=000001F8 [FE030E13] X28=FFFFFFE0 X06=00000000 X00=00000000 addi    t3,t1,-32
PC=00000214 [000E4C63] X24=00000000 X28=FFFFFFE0 X00=00000000 blt     t3,zero,24
PC=00000214 [FEC42E03] X28=FFFFFFFF X08=00500000 X12=00000000 lw      t3,-20(s0/fp)
PC=00000218 [001E1E93] X29=FFFFFFFE X28=FFFFFFFF X01=000001C0 slli    t4,t3,1
PC=0000021C [01F00E13] X28=0000001F X00=00000000 X31=00000000 addi    t3,zero,31
PC=00000220 [406E0E33] X28=0000001F X28=0000001F X06=00000000 sub     t3,t3,t1
PC=00000224 [01CE9E33] X28=00000000 X29=FFFFFFFE X28=0000001F sll     t3,t4,t3
PC=00000228 [FE842E83] X29=FFFFFF38 X08=00500000 X08=00500000 lw      t4,-24(s0/fp)
PC=0000022C [006ED833] X16=FFFFFF38 X29=FFFFFF38 X06=00000000 srl     a6,t4,t1
PC=00000230 [010E6833] X16=FFFFFF38 X28=00000000 X16=FFFFFF38 or      a6,t3,a6
PC=00000234 [FEC42E03] X28=FFFFFFFF X08=00500000 X12=00000000 lw      t3,-20(s0/fp)
PC=00000238 [406E58B3] X17=FFFFFFFF X28=FFFFFFFF X06=00000000 sra     a7,t3,t1
PC=0000023C [FF042423] X08=00500000 X08=00500000 X16=FFFFFF38 sw      a6,-24(s0/fp)
PC=00000240 [FF142623] X12=00000000 X08=00500000 X17=FFFFFFFF sw      a7,-20(s0/fp)
PC=00000244 [00100813] X16=00000001 X00=00000000 X01=000001C0 addi    a6,zero,1
PC=00000248 [00000893] X17=00000000 X00=00000000 X00=00000000 addi    a7,zero,0
PC=0000024C [FF042023] X00=00000000 X08=00500000 X16=00000001 sw      a6,-32(s0/fp)
PC=00000250 [FF142223] X04=00000000 X08=00500000 X17=00000000 sw      a7,-28(s0/fp)
PC=00000254 [FE042803] X16=00000001 X08=00500000 X00=00000000 lw      a6,-32(s0/fp)
PC=00000258 [FE080893] X17=FFFFFFE1 X16=00000001 X00=00000000 addi    a7,a6,-32
PC=00000274 [0008CC63] X24=00000000 X17=FFFFFFE1 X00=00000000 blt     a7,zero,24
PC=00000274 [FEC42883] X17=FFFFFFFF X08=00500000 X12=00000000 lw      a7,-20(s0/fp)
PC=00000278 [00189313] X06=FFFFFFFE X17=FFFFFFFF X01=000001C0 slli    t1,a7,1
PC=0000027C [01F00893] X17=0000001F X00=00000000 X31=00000000 addi    a7,zero,31
PC=00000280 [410888B3] X17=0000001E X17=0000001F X16=00000001 sub     a7,a7,a6
PC=00000284 [011318B3] X17=80000000 X06=FFFFFFFE X17=0000001E sll     a7,t1,a7
PC=00000288 [FE842303] X06=FFFFFF38 X08=00500000 X08=00500000 lw      t1,-24(s0/fp)
PC=0000028C [01035533] X10=7FFFFF9C X06=FFFFFF38 X16=00000001 srl     a0,t1,a6
PC=00000290 [00A8E533] X10=FFFFFF9C X17=80000000 X10=7FFFFF9C or      a0,a7,a0
PC=00000294 [FEC42883] X17=FFFFFFFF X08=00500000 X12=00000000 lw      a7,-20(s0/fp)
PC=00000298 [4108D5B3] X11=FFFFFFFF X17=FFFFFFFF X16=00000001 sra     a1,a7,a6
PC=0000029C [FEA42423] X08=00500000 X08=00500000 X10=FFFFFF9C sw      a0,-24(s0/fp)
PC=000002A0 [FEB42623] X12=00000000 X08=00500000 X11=FFFFFFFF sw      a1,-20(s0/fp)
PC=000002A4 [00200513] X10=00000002 X00=00000000 X02=004FFFE0 addi    a0,zero,2
PC=000002A8 [00000593] X11=00000000 X00=00000000 X00=00000000 addi    a1,zero,0
PC=000002AC [FEA42023] X00=00000000 X08=00500000 X10=00000002 sw      a0,-32(s0/fp)
PC=000002B0 [FEB42223] X04=00000000 X08=00500000 X11=00000000 sw      a1,-28(s0/fp)
PC=000002B4 [FE042583] X11=00000002 X08=00500000 X00=00000000 lw      a1,-32(s0/fp)
PC=000002B8 [FE058513] X10=FFFFFFE2 X11=00000002 X00=00000000 addi    a0,a1,-32
PC=000002D4 [00054C63] X24=00000000 X10=FFFFFFE2 X00=00000000 blt     a0,zero,24
PC=000002D4 [FEC42503] X10=FFFFFFFF X08=00500000 X12=00000000 lw      a0,-20(s0/fp)
PC=000002D8 [00151813] X16=FFFFFFFE X10=FFFFFFFF X01=000001C0 slli    a6,a0,1
PC=000002DC [01F00513] X10=0000001F X00=00000000 X31=00000000 addi    a0,zero,31
PC=000002E0 [40B50533] X10=0000001D X10=0000001F X11=00000002 sub     a0,a0,a1
PC=000002E4 [00A81533] X10=C0000000 X16=FFFFFFFE X10=0000001D sll     a0,a6,a0
PC=000002E8 [FE842803] X16=FFFFFF9C X08=00500000 X08=00500000 lw      a6,-24(s0/fp)
PC=000002EC [00B85633] X12=3FFFFFE7 X16=FFFFFF9C X11=00000002 srl     a2,a6,a1
PC=000002F0 [00C56633] X12=FFFFFFE7 X10=C0000000 X12=3FFFFFE7 or      a2,a0,a2
PC=000002F4 [FEC42503] X10=FFFFFFFF X08=00500000 X12=FFFFFFE7 lw      a0,-20(s0/fp)
PC=000002F8 [40B556B3] X13=FFFFFFFF X10=FFFFFFFF X11=00000002 sra     a3,a0,a1
PC=000002FC [FEC42423] X08=00500000 X08=00500000 X12=FFFFFFE7 sw      a2,-24(s0/fp)
PC=00000300 [FED42623] X12=FFFFFFE7 X08=00500000 X13=FFFFFFFF sw      a3,-20(s0/fp)
PC=00000304 [FE042683] X13=00000002 X08=00500000 X00=00000000 lw      a3,-32(s0/fp)
PC=00000308 [FE068613] X12=FFFFFFE2 X13=00000002 X00=00000000 addi    a2,a3,-32
PC=00000324 [00064C63] X24=00000000 X12=FFFFFFE2 X00=00000000 blt     a2,zero,24
PC=00000324 [FEC42603] X12=FFFFFFFF X08=00500000 X12=FFFFFFE2 lw      a2,-20(s0/fp)
PC=00000328 [00161593] X11=FFFFFFFE X12=FFFFFFFF X01=000001C0 slli    a1,a2,1
PC=0000032C [01F00613] X12=0000001F X00=00000000 X31=00000000 addi    a2,zero,31
PC=00000330 [40D60633] X12=0000001D X12=0000001F X13=00000002 sub     a2,a2,a3
PC=00000334 [00C59633] X12=C0000000 X11=FFFFFFFE X12=0000001D sll     a2,a1,a2
PC=00000338 [FE842583] X11=FFFFFFE7 X08=00500000 X08=00500000 lw      a1,-24(s0/fp)
PC=0000033C [00D5D733] X14=3FFFFFF9 X11=FFFFFFE7 X13=00000002 srl     a4,a1,a3
PC=00000340 [00E66733] X14=FFFFFFF9 X12=C0000000 X14=3FFFFFF9 or      a4,a2,a4
PC=00000344 [FEC42603] X12=FFFFFFFF X08=00500000 X12=C0000000 lw      a2,-20(s0/fp)
PC=00000348 [40D657B3] X15=FFFFFFFF X12=FFFFFFFF X13=00000002 sra     a5,a2,a3
PC=0000034C [FEE42423] X08=00500000 X08=00500000 X14=FFFFFFF9 sw      a4,-24(s0/fp)
PC=00000350 [FEF42623] X12=FFFFFFFF X08=00500000 X15=FFFFFFFF sw      a5,-20(s0/fp)
PC=00000354 [00000793] X15=00000000 X00=00000000 X00=00000000 addi    a5,zero,0
PC=00000358 [00078513] X10=00000000 X15=00000000 X00=00000000 addi    a0,a5,0
PC=0000035C [01C12403] X08=00000000 X02=004FFFE0 X28=FFFFFFFF lw      s0/fp,28(sp)
PC=00000360 [02010113] X02=00500000 X02=004FFFE0 X00=00000000 addi    sp,sp,32
PC=00000364 [00008067] X00=00000000 X01=000001C0 X00=00000000 jalr    zero,ra,0
PC=000001C0 [200002B7] X05=20000000 X00=00000000 X00=00000000 lui     t0,536870912
PC=000001C4 [00100073] X00=00000000 X00=00000000 X01=000001C0 ebreak  