PC=000001B8 [00500137] X02=00500000 X00=00000000 X05=00000000 lui     sp,5242880
PC=000001BC [00C000EF] X01=000001C0 X00=00000000 X12=00000000 jal     ra,12
PC=000001C8 [FD010113] X02=004FFFD0 X02=00500000 X16=00000000 addi    sp,sp,-48
PC=000001CC [02812623] X12=00000000 X02=004FFFD0 X08=00000000 sw      s0/fp,44(sp)
PC=000001D0 [03010413] X08=00500000 X02=004FFFD0 X16=00000000 addi    s0/fp,sp,48
PC=000001D4 [FE0406A3] X13=00000000 X08=00500000 X00=00000000 sb      zero,-19(s0/fp)
PC=000001D8 [FE0407A3] X15=00000000 X08=00500000 X00=00000000 sb      zero,-17(s0/fp)
PC=000001DC [FE040623] X12=00000000 X08=00500000 X00=00000000 sb      zero,-20(s0/fp)
PC=000001E0 [FE040723] X14=00000000 X08=00500000 X00=00000000 sb      zero,-18(s0/fp)
PC=000001E4 [00000793] X15=00000000 X00=00000000 X00=00000000 addi    a5,zero,0
PC=000001E8 [00000813] X16=00000000 X00=00000000 X00=00000000 addi    a6,zero,0
PC=000001EC [FEF42023] X00=00000000 X08=00500000 X15=00000000 sw      a5,-32(s0/fp)
PC=000001F0 [FF042223] X04=00000000 X08=00500000 X16=00000000 sw      a6,-28(s0/fp)
PC=000001F4 [FFF00713] X14=FFFFFFFF X00=00000000 X31=00000000 addi    a4,zero,-1
PC=000001F8 [FFF00793] X15=FFFFFFFF X00=00000000 X31=00000000 addi    a5,zero,-1
PC=000001FC [FCE42C23] X24=00000000 X08=00500000 X14=FFFFFFFF sw      a4,-40(s0/fp)
PC=00000200 [FCF42E23] X28=00000000 X08=00500000 X15=FFFFFFFF sw      a5,-36(s0/fp)
PC=00000204 [FE442703] X14=00000000 X08=00500000 X04=00000000 lw      a4,-28(s0/fp)
PC=00000208 [FDC42783] X15=FFFFFFFF X08=00500000 X28=00000000 lw      a5,-36(s0/fp)
PC=00000210 [00E7EE63] X28=00000000 X15=FFFFFFFF X14=00000000 bltu    a5,a4,28
PC=00000210 [FE442703] X14=00000000 X08=00500000 X04=00000000 lw      a4,-28(s0/fp)
PC=00000214 [FDC42783] X15=FFFFFFFF X08=00500000 X28=00000000 lw      a5,-36(s0/fp)
PC=00000238 [02F71063] X00=00000000 X14=00000000 X15=FFFFFFFF bne     a4,a5,32
PC=00000238 [FEF44783] X15=00000000 X08=00500000 X15=FFFFFFFF lbu     a5,-17(s0/fp)
PC=0000023C [00178793] X15=00000001 X15=00000000 X01=000001C0 addi    a5,a5,1
PC=00000240 [FEF407A3] X15=00000001 X08=00500000 X15=00000001 sb      a5,-17(s0/fp)
PC=00000244 [FDC42703] X14=FFFFFFFF X08=00500000 X28=00000000 lw      a4,-36(s0/fp)
PC=00000248 [FE442783] X15=00000000 X08=00500000 X04=00000000 lw      a5,-28(s0/fp)
PC=00000268 [00E7EE63] X28=00000000 X15=00000000 X14=FFFFFFFF bltu    a5,a4,28
PC=00000268 [FED44783] X15=00000000 X08=00500000 X13=00000000 lbu     a5,-19(s0/fp)
PC=0000026C [00178793] X15=00000001 X15=00000000 X01=000001C0 addi    a5,a5,1
PC=00000270 [FEF406A3] X13=00000000 X08=00500000 X15=00000001 sb      a5,-19(s0/fp)
PC=00000274 [0100006F] X00=00000000 X00=00000000 X16=00000000 jal     zero,16
PC=00000284 [FE042703] X14=00000000 X08=00500000 X00=00000000 lw      a4,-32(s0/fp)
PC=00000288 [FD842783] X15=FFFFFFFF X08=00500000 X24=00000000 lw      a5,-40(s0/fp)
PC=000002AC [02F71063] X00=00000000 X14=00000000 X15=FFFFFFFF bne     a4,a5,32
PC=000002AC [FEF44783] X15=00000001 X08=00500000 X15=FFFFFFFF lbu     a5,-17(s0/fp)
PC=000002B0 [00178793] X15=00000002 X15=00000001 X01=000001C0 addi    a5,a5,1
PC=000002B4 [FEF407A3] X15=00000002 X08=00500000 X15=00000002 sb      a5,-17(s0/fp)
PC=000002B8 [FDC42703] X14=FFFFFFFF X08=00500000 X28=00000000 lw      a4,-36(s0/fp)
PC=000002BC [FE442783] X15=00000000 X08=00500000 X04=00000000 lw      a5,-28(s0/fp)
PC=000002EC [02E7E663] X12=00000000 X15=00000000 X14=FFFFFFFF bltu    a5,a4,44
PC=000002EC [FEF44783] X15=00000002 X08=00500000 X15=00000000 lbu     a5,-17(s0/fp)
PC=000002F0 [00178793] X15=00000003 X15=00000002 X01=000001C0 addi    a5,a5,1
PC=000002F4 [FEF407A3] X15=00000003 X08=00500000 X15=00000003 sb      a5,-17(s0/fp)
PC=000002F8 [FE442703] X14=00000000 X08=00500000 X04=00000000 lw      a4,-28(s0/fp)
PC=000002FC [FDC42783] X15=FFFFFFFF X08=00500000 X28=00000000 lw      a5,-36(s0/fp)
PC=00000304 [02E7E663] X12=00000000 X15=FFFFFFFF X14=00000000 bltu    a5,a4,44
PC=00000304 [FE442703] X14=00000000 X08=00500000 X04=00000000 lw      a4,-28(s0/fp)
PC=00000308 [FDC42783] X15=FFFFFFFF X08=00500000 X28=00000000 lw      a5,-36(s0/fp)
PC=0000031C [00F71863] X16=00000000 X14=00000000 X15=FFFFFFFF bne     a4,a5,16
PC=0000031C [FED44783] X15=00000001 X08=00500000 X13=00000000 lbu     a5,-19(s0/fp)
PC=00000320 [00178793] X15=00000002 X15=00000001 X01=000001C0 addi    a5,a5,1
PC=00000324 [FEF406A3] X13=00000000 X08=00500000 X15=00000002 sb      a5,-19(s0/fp)
PC=00000328 [0100006F] X00=00000000 X00=00000000 X16=00000000 jal     zero,16
PC=00000338 [FE0406A3] X13=00000000 X08=00500000 X00=00000000 sb      zero,-19(s0/fp)
PC=0000033C [FE0407A3] X15=00000002 X08=00500000 X00=00000000 sb      zero,-17(s0/fp)
PC=00000340 [FE040623] X12=00000000 X08=00500000 X00=00000000 sb      zero,-20(s0/fp)
PC=00000344 [FE040723] X14=00000000 X08=00500000 X00=00000000 sb      zero,-18(s0/fp)
PC=00000348 [FFF00713] X14=FFFFFFFF X00=00000000 X31=00000000 addi    a4,zero,-1
PC=0000034C [FFF00793] X15=FFFFFFFF X00=00000000 X31=00000000 addi    a5,zero,-1
PC=00000350 [FEE42023] X00=00000000 X08=00500000 X14=FFFFFFFF sw      a4,-32(s0/fp)
PC=00000354 [FEF42223] X04=00000000 X08=00500000 X15=FFFFFFFF sw      a5,-28(s0/fp)
PC=00000358 [FFE00713] X14=FFFFFFFE X00=00000000 X30=00000000 addi    a4,zero,-2
PC=0000035C [FFF00793] X15=FFFFFFFF X00=00000000 X31=00000000 addi    a5,zero,-1
PC=00000360 [FCE42C23] X24=00000000 X08=00500000 X14=FFFFFFFE sw      a4,-40(s0/fp)
PC=00000364 [FCF42E23] X28=00000000 X08=00500000 X15=FFFFFFFF sw      a5,-36(s0/fp)
PC=00000368 [FE442703] X14=FFFFFFFF X08=00500000 X04=00000000 lw      a4,-28(s0/fp)
PC=0000036C [FDC42783] X15=FFFFFFFF X08=00500000 X28=00000000 lw      a5,-36(s0/fp)
PC=00000374 [00E7EE63] X28=00000000 X15=FFFFFFFF X14=FFFFFFFF bltu    a5,a4,28
PC=00000374 [FE442703] X14=FFFFFFFF X08=00500000 X04=00000000 lw      a4,-28(s0/fp)
PC=00000378 [FDC42783] X15=FFFFFFFF X08=00500000 X28=00000000 lw      a5,-36(s0/fp)
PC=00000380 [02F71063] X00=00000000 X14=FFFFFFFF X15=FFFFFFFF bne     a4,a5,32
PC=00000380 [FE042703] X14=FFFFFFFF X08=00500000 X00=00000000 lw      a4,-32(s0/fp)
PC=00000384 [FD842783] X15=FFFFFFFE X08=00500000 X24=00000000 lw      a5,-40(s0/fp)
PC=0000038C [00E7FA63] X20=00000000 X15=FFFFFFFE X14=FFFFFFFF bgeu    a5,a4,20
PC=0000038C [FED44783] X15=00000000 X08=00500000 X13=00000000 lbu     a5,-19(s0/fp)
PC=00000390 [00178793] X15=00000001 X15=00000000 X01=000001C0 addi    a5,a5,1
PC=00000394 [FEF406A3] X13=00000000 X08=00500000 X15=00000001 sb      a5,-19(s0/fp)
PC=00000398 [0100006F] X00=00000000 X00=00000000 X16=00000000 jal     zero,16
PC=000003A8 [FDC42703] X14=FFFFFFFF X08=00500000 X28=00000000 lw      a4,-36(s0/fp)
PC=000003AC [FE442783] X15=FFFFFFFF X08=00500000 X04=00000000 lw      a5,-28(s0/fp)
PC=000003B4 [00E7EE63] X28=00000000 X15=FFFFFFFF X14=FFFFFFFF bltu    a5,a4,28
PC=000003B4 [FDC42703] X14=FFFFFFFF X08=00500000 X28=00000000 lw      a4,-36(s0/fp)
PC=000003B8 [FE442783] X15=FFFFFFFF X08=00500000 X04=00000000 lw      a5,-28(s0/fp)
PC=000003C0 [02F71063] X00=00000000 X14=FFFFFFFF X15=FFFFFFFF bne     a4,a5,32
PC=000003C0 [FD842703] X14=FFFFFFFE X08=00500000 X24=00000000 lw      a4,-40(s0/fp)
PC=000003C4 [FE042783] X15=FFFFFFFF X08=00500000 X00=00000000 lw      a5,-32(s0/fp)
PC=000003DC [00E7FA63] X20=00000000 X15=FFFFFFFF X14=FFFFFFFE bgeu    a5,a4,20
PC=000003DC [FEF44783] X15=00000000 X08=00500000 X15=FFFFFFFF lbu     a5,-17(s0/fp)
PC=000003E0 [00178793] X15=00000001 X15=00000000 X01=000001C0 addi    a5,a5,1
PC=000003E4 [FEF407A3] X15=00000001 X08=00500000 X15=00000001 sb      a5,-17(s0/fp)
PC=000003E8 [FE042703] X14=FFFFFFFF X08=00500000 X00=00000000 lw      a4,-32(s0/fp)
PC=000003EC [FD842783] X15=FFFFFFFE X08=00500000 X24=00000000 lw      a5,-40(s0/fp)
PC=00000410 [02F71063] X00=00000000 X14=FFFFFFFF X15=FFFFFFFE bne     a4,a5,32
PC=00000410 [FEF44783] X15=00000001 X08=00500000 X15=FFFFFFFE lbu     a5,-17(s0/fp)
PC=00000414 [00178793] X15=00000002 X15=00000001 X01=000001C0 addi    a5,a5,1
PC=00000418 [FEF407A3] X15=00000002 X08=00500000 X15=00000002 sb      a5,-17(s0/fp)
PC=0000041C [FDC42703] X14=FFFFFFFF X08=00500000 X28=00000000 lw      a4,-36(s0/fp)
PC=00000420 [FE442783] X15=FFFFFFFF X08=00500000 X04=00000000 lw      a5,-28(s0/fp)
PC=00000428 [02E7E663] X12=00000000 X15=FFFFFFFF X14=FFFFFFFF bltu    a5,a4,44
PC=00000428 [FDC42703] X14=FFFFFFFF X08=00500000 X28=00000000 lw      a4,-36(s0/fp)
PC=0000042C [FE442783] X15=FFFFFFFF X08=00500000 X04=00000000 lw      a5,-28(s0/fp)
PC=00000434 [00F71863] X16=00000000 X14=FFFFFFFF X15=FFFFFFFF bne     a4,a5,16
PC=00000434 [FD842703] X14=FFFFFFFE X08=00500000 X24=00000000 lw      a4,-40(s0/fp)
PC=00000438 [FE042783] X15=FFFFFFFF X08=00500000 X00=00000000 lw      a5,-32(s0/fp)
PC=00000440 [00E7EA63] X20=00000000 X15=FFFFFFFF X14=FFFFFFFE bltu    a5,a4,20
PC=00000440 [FED44783] X15=00000001 X08=00500000 X13=00000000 lbu     a5,-19(s0/fp)
PC=00000444 [00178793] X15=00000002 X15=00000001 X01=000001C0 addi    a5,a5,1
PC=00000448 [FEF406A3] X13=00000000 X08=00500000 X15=00000002 sb      a5,-19(s0/fp)
PC=0000044C [0100006F] X00=00000000 X00=00000000 X16=00000000 jal     zero,16
PC=0000045C [FE442703] X14=FFFFFFFF X08=00500000 X04=00000000 lw      a4,-28(s0/fp)
PC=00000460 [FDC42783] X15=FFFFFFFF X08=00500000 X28=00000000 lw      a5,-36(s0/fp)
PC=00000468 [02E7E663] X12=00000000 X15=FFFFFFFF X14=FFFFFFFF bltu    a5,a4,44
PC=00000468 [FE442703] X14=FFFFFFFF X08=00500000 X04=00000000 lw      a4,-28(s0/fp)
PC=0000046C [FDC42783] X15=FFFFFFFF X08=00500000 X28=00000000 lw      a5,-36(s0/fp)
PC=00000474 [00F71863] X16=00000000 X14=FFFFFFFF X15=FFFFFFFF bne     a4,a5,16
PC=00000474 [FE042703] X14=FFFFFFFF X08=00500000 X00=00000000 lw      a4,-32(s0/fp)
PC=00000478 [FD842783] X15=FFFFFFFE X08=00500000 X24=00000000 lw      a5,-40(s0/fp)
PC=00000490 [00E7EA63] X20=00000000 X15=FFFFFFFE X14=FFFFFFFF bltu    a5,a4,20
PC=00000490 [FEF44783] X15=00000002 X08=00500000 X15=FFFFFFFE lbu     a5,-17(s0/fp)
PC=00000494 [00178793] X15=00000003 X15=00000002 X01=000001C0 addi    a5,a5,1
PC=00000498 [FEF407A3] X15=00000003 X08=00500000 X15=00000003 sb      a5,-17(s0/fp)
PC=0000049C [FE0406A3] X13=00000000 X08=00500000 X00=00000000 sb      zero,-19(s0/fp)
PC=000004A0 [FE0407A3] X15=00000003 X08=00500000 X00=00000000 sb      zero,-17(s0/fp)
PC=000004A4 [FE040623] X12=00000000 X08=00500000 X00=00000000 sb      zero,-20(s0/fp)
PC=000004A8 [FE040723] X14=FFFFFFFF X08=00500000 X00=00000000 sb      zero,-18(s0/fp)
PC=000004AC [00100713] X14=00000001 X00=00000000 X01=000001C0 addi    a4,zero,1
PC=000004B0 [00000793] X15=00000000 X00=00000000 X00=00000000 addi    a5,zero,0
PC=000004B4 [FEE42023] X00=00000000 X08=00500000 X14=00000001 sw      a4,-32(s0/fp)
PC=000004B8 [FEF42223] X04=00000000 X08=00500000 X15=00000000 sw      a5,-28(s0/fp)
PC=000004BC [00200713] X14=00000002 X00=00000000 X02=004FFFD0 addi    a4,zero,2
PC=000004C0 [00000793] X15=00000000 X00=00000000 X00=00000000 addi    a5,zero,0
PC=000004C4 [FCE42C23] X24=00000000 X08=00500000 X14=00000002 sw      a4,-40(s0/fp)
PC=000004C8 [FCF42E23] X28=00000000 X08=00500000 X15=00000000 sw      a5,-36(s0/fp)
PC=000004CC [FE442703] X14=00000000 X08=00500000 X04=00000000 lw      a4,-28(s0/fp)
PC=000004D0 [FDC42783] X15=00000000 X08=00500000 X28=00000000 lw      a5,-36(s0/fp)
PC=000004D8 [00E7EE63] X28=00000000 X15=00000000 X14=00000000 bltu    a5,a4,28
PC=000004D8 [FE442703] X14=00000000 X08=00500000 X04=00000000 lw      a4,-28(s0/fp)
PC=000004DC [FDC42783] X15=00000000 X08=00500000 X28=00000000 lw      a5,-36(s0/fp)
PC=000004E4 [02F71063] X00=00000000 X14=00000000 X15=00000000 bne     a4,a5,32
PC=000004E4 [FE042703] X14=00000001 X08=00500000 X00=00000000 lw      a4,-32(s0/fp)
PC=000004E8 [FD842783] X15=00000002 X08=00500000 X24=00000000 lw      a5,-40(s0/fp)
PC=00000500 [00E7FA63] X20=00000000 X15=00000002 X14=00000001 bgeu    a5,a4,20
PC=00000500 [FEF44783] X15=00000000 X08=00500000 X15=00000002 lbu     a5,-17(s0/fp)
PC=00000504 [00178793] X15=00000001 X15=00000000 X01=000001C0 addi    a5,a5,1
PC=00000508 [FEF407A3] X15=00000001 X08=00500000 X15=00000001 sb      a5,-17(s0/fp)
PC=0000050C [FDC42703] X14=00000000 X08=00500000 X28=00000000 lw      a4,-36(s0/fp)
PC=00000510 [FE442783] X15=00000000 X08=00500000 X04=00000000 lw      a5,-28(s0/fp)
PC=00000518 [00E7EE63] X28=00000000 X15=00000000 X14=00000000 bltu    a5,a4,28
PC=00000518 [FDC42703] X14=00000000 X08=00500000 X28=00000000 lw      a4,-36(s0/fp)
PC=0000051C [FE442783] X15=00000000 X08=00500000 X04=00000000 lw      a5,-28(s0/fp)
PC=00000524 [02F71063] X00=00000000 X14=00000000 X15=00000000 bne     a4,a5,32
PC=00000524 [FD842703] X14=00000002 X08=00500000 X24=00000000 lw      a4,-40(s0/fp)
PC=00000528 [FE042783] X15=00000001 X08=00500000 X00=00000000 lw      a5,-32(s0/fp)
PC=00000530 [00E7FA63] X20=00000000 X15=00000001 X14=00000002 bgeu    a5,a4,20
PC=00000530 [FED44783] X15=00000000 X08=00500000 X13=00000000 lbu     a5,-19(s0/fp)
PC=00000534 [00178793] X15=00000001 X15=00000000 X01=000001C0 addi    a5,a5,1
PC=00000538 [FEF406A3] X13=00000000 X08=00500000 X15=00000001 sb      a5,-19(s0/fp)
PC=0000053C [0100006F] X00=00000000 X00=00000000 X16=00000000 jal     zero,16
PC=0000054C [FE042703] X14=00000001 X08=00500000 X00=00000000 lw      a4,-32(s0/fp)
PC=00000550 [FD842783] X15=00000002 X08=00500000 X24=00000000 lw      a5,-40(s0/fp)
PC=00000574 [02F71063] X00=00000000 X14=00000001 X15=00000002 bne     a4,a5,32
PC=00000574 [FEF44783] X15=00000001 X08=00500000 X15=00000002 lbu     a5,-17(s0/fp)
PC=00000578 [00178793] X15=00000002 X15=00000001 X01=000001C0 addi    a5,a5,1
PC=0000057C [FEF407A3] X15=00000002 X08=00500000 X15=00000002 sb      a5,-17(s0/fp)
PC=00000580 [FDC42703] X14=00000000 X08=00500000 X28=00000000 lw      a4,-36(s0/fp)
PC=00000584 [FE442783] X15=00000000 X08=00500000 X04=00000000 lw      a5,-28(s0/fp)
PC=0000058C [02E7E663] X12=00000000 X15=00000000 X14=00000000 bltu    a5,a4,44
PC=0000058C [FDC42703] X14=00000000 X08=00500000 X28=00000000 lw      a4,-36(s0/fp)
PC=00000590 [FE442783] X15=00000000 X08=00500000 X04=00000000 lw      a5,-28(s0/fp)
PC=00000598 [00F71863] X16=00000000 X14=00000000 X15=00000000 bne     a4,a5,16
PC=00000598 [FD842703] X14=00000002 X08=00500000 X24=00000000 lw      a4,-40(s0/fp)
PC=0000059C [FE042783] X15=00000001 X08=00500000 X00=00000000 lw      a5,-32(s0/fp)
PC=000005B4 [00E7EA63] X20=00000000 X15=00000001 X14=00000002 bltu    a5,a4,20
PC=000005B4 [FEF44783] X15=00000002 X08=00500000 X15=00000001 lbu     a5,-17(s0/fp)
PC=000005B8 [00178793] X15=00000003 X15=00000002 X01=000001C0 addi    a5,a5,1
PC=000005BC [FEF407A3] X15=00000003 X08=00500000 X15=00000003 sb      a5,-17(s0/fp)
PC=000005C0 [FE442703] X14=00000000 X08=00500000 X04=00000000 lw      a4,-28(s0/fp)
PC=000005C4 [FDC42783] X15=00000000 X08=00500000 X28=00000000 lw      a5,-36(s0/fp)
PC=000005CC [02E7E663] X12=00000000 X15=00000000 X14=00000000 bltu    a5,a4,44
PC=000005CC [FE442703] X14=00000000 X08=00500000 X04=00000000 lw      a4,-28(s0/fp)
PC=000005D0 [FDC42783] X15=00000000 X08=00500000 X28=00000000 lw      a5,-36(s0/fp)
PC=000005D8 [00F71863] X16=00000000 X14=00000000 X15=00000000 bne     a4,a5,16
PC=000005D8 [FE042703] X14=00000001 X08=00500000 X00=00000000 lw      a4,-32(s0/fp)
PC=000005DC [FD842783] X15=00000002 X08=00500000 X24=00000000 lw      a5,-40(s0/fp)
PC=000005E4 [00E7EA63] X20=00000000 X15=00000002 X14=00000001 bltu    a5,a4,20
PC=000005E4 [FED44783] X15=00000001 X08=00500000 X13=00000000 lbu     a5,-19(s0/fp)
PC=000005E8 [00178793] X15=00000002 X15=00000001 X01=000001C0 addi    a5,a5,1
PC=000005EC [FEF406A3] X13=00000000 X08=00500000 X15=00000002 sb      a5,-19(s0/fp)
PC=000005F0 [0100006F] X00=00000000 X00=00000000 X16=00000000 jal     zero,16
PC=00000600 [FE0406A3] X13=00000000 X08=00500000 X00=00000000 sb      zero,-19(s0/fp)
PC=00000604 [FE0407A3] X15=00000002 X08=00500000 X00=00000000 sb      zero,-17(s0/fp)
PC=00000608 [FE040623] X12=00000000 X08=00500000 X00=00000000 sb      zero,-20(s0/fp)
PC=0000060C [FE040723] X14=00000001 X08=00500000 X00=00000000 sb      zero,-18(s0/fp)
PC=00000610 [00F00713] X14=0000000F X00=00000000 X15=00000002 addi    a4,zero,15
PC=00000614 [00000793] X15=00000000 X00=00000000 X00=00000000 addi    a5,zero,0
PC=00000618 [FEE42023] X00=00000000 X08=00500000 X14=0000000F sw      a4,-32(s0/fp)
PC=0000061C [FEF42223] X04=00000000 X08=00500000 X15=00000000 sw      a5,-28(s0/fp)
PC=00000620 [00F00713] X14=0000000F X00=00000000 X15=00000000 addi    a4,zero,15
PC=00000624 [00000793] X15=00000000 X00=00000000 X00=00000000 addi    a5,zero,0
PC=00000628 [FCE42C23] X24=00000000 X08=00500000 X14=0000000F sw      a4,-40(s0/fp)
PC=0000062C [FCF42E23] X28=00000000 X08=00500000 X15=00000000 sw      a5,-36(s0/fp)
PC=00000630 [FE442703] X14=00000000 X08=00500000 X04=00000000 lw      a4,-28(s0/fp)
PC=00000634 [FDC42783] X15=00000000 X08=00500000 X28=00000000 lw      a5,-36(s0/fp)
PC=0000063C [00E7EE63] X28=00000000 X15=00000000 X14=00000000 bltu    a5,a4,28
PC=0000063C [FE442703] X14=00000000 X08=00500000 X04=00000000 lw      a4,-28(s0/fp)
PC=00000640 [FDC42783] X15=00000000 X08=00500000 X28=00000000 lw      a5,-36(s0/fp)
PC=00000648 [02F71063] X00=00000000 X14=00000000 X15=00000000 bne     a4,a5,32
PC=00000648 [FE042703] X14=0000000F X08=00500000 X00=00000000 lw      a4,-32(s0/fp)
PC=0000064C [FD842783] X15=0000000F X08=00500000 X24=00000000 lw      a5,-40(s0/fp)
PC=00000664 [00E7FA63] X20=00000000 X15=0000000F X14=0000000F bgeu    a5,a4,20
PC=00000664 [FEF44783] X15=00000000 X08=00500000 X15=0000000F lbu     a5,-17(s0/fp)
PC=00000668 [00178793] X15=00000001 X15=00000000 X01=000001C0 addi    a5,a5,1
PC=0000066C [FEF407A3] X15=00000001 X08=00500000 X15=00000001 sb      a5,-17(s0/fp)
PC=00000670 [FDC42703] X14=00000000 X08=00500000 X28=00000000 lw      a4,-36(s0/fp)
PC=00000674 [FE442783] X15=00000000 X08=00500000 X04=00000000 lw      a5,-28(s0/fp)
PC=0000067C [00E7EE63] X28=00000000 X15=00000000 X14=00000000 bltu    a5,a4,28
PC=0000067C [FDC42703] X14=00000000 X08=00500000 X28=00000000 lw      a4,-36(s0/fp)
PC=00000680 [FE442783] X15=00000000 X08=00500000 X04=00000000 lw      a5,-28(s0/fp)
PC=00000688 [02F71063] X00=00000000 X14=00000000 X15=00000000 bne     a4,a5,32
PC=00000688 [FD842703] X14=0000000F X08=00500000 X24=00000000 lw      a4,-40(s0/fp)
PC=0000068C [FE042783] X15=0000000F X08=00500000 X00=00000000 lw      a5,-32(s0/fp)
PC=000006A4 [00E7FA63] X20=00000000 X15=0000000F X14=0000000F bgeu    a5,a4,20
PC=000006A4 [FEF44783] X15=00000001 X08=00500000 X15=0000000F lbu     a5,-17(s0/fp)
PC=000006A8 [00178793] X15=00000002 X15=00000001 X01=000001C0 addi    a5,a5,1
PC=000006AC [FEF407A3] X15=00000002 X08=00500000 X15=00000002 sb      a5,-17(s0/fp)
PC=000006B0 [FE042703] X14=0000000F X08=00500000 X00=00000000 lw      a4,-32(s0/fp)
PC=000006B4 [FD842783] X15=0000000F X08=00500000 X24=00000000 lw      a5,-40(s0/fp)
PC=000006BC [02F71063] X00=00000000 X14=0000000F X15=0000000F bne     a4,a5,32
PC=000006BC [FE442703] X14=00000000 X08=00500000 X04=00000000 lw      a4,-28(s0/fp)
PC=000006C0 [FDC42783] X15=00000000 X08=00500000 X28=00000000 lw      a5,-36(s0/fp)
PC=000006C8 [00F71A63] X20=00000000 X14=00000000 X15=00000000 bne     a4,a5,20
PC=000006C8 [FED44783] X15=00000000 X08=00500000 X13=00000000 lbu     a5,-19(s0/fp)
PC=000006CC [00178793] X15=00000001 X15=00000000 X01=000001C0 addi    a5,a5,1
PC=000006D0 [FEF406A3] X13=00000000 X08=00500000 X15=00000001 sb      a5,-19(s0/fp)
PC=000006D4 [0100006F] X00=00000000 X00=00000000 X16=00000000 jal     zero,16
PC=000006E4 [FDC42703] X14=00000000 X08=00500000 X28=00000000 lw      a4,-36(s0/fp)
PC=000006E8 [FE442783] X15=00000000 X08=00500000 X04=00000000 lw      a5,-28(s0/fp)
PC=000006F0 [02E7E663] X12=00000000 X15=00000000 X14=00000000 bltu    a5,a4,44
PC=000006F0 [FDC42703] X14=00000000 X08=00500000 X28=00000000 lw      a4,-36(s0/fp)
PC=000006F4 [FE442783] X15=00000000 X08=00500000 X04=00000000 lw      a5,-28(s0/fp)
PC=000006FC [00F71863] X16=00000000 X14=00000000 X15=00000000 bne     a4,a5,16
PC=000006FC [FD842703] X14=0000000F X08=00500000 X24=00000000 lw      a4,-40(s0/fp)
PC=00000700 [FE042783] X15=0000000F X08=00500000 X00=00000000 lw      a5,-32(s0/fp)
PC=00000708 [00E7EA63] X20=00000000 X15=0000000F X14=0000000F bltu    a5,a4,20
PC=00000708 [FED44783] X15=00000001 X08=00500000 X13=00000000 lbu     a5,-19(s0/fp)
PC=0000070C [00178793] X15=00000002 X15=00000001 X01=000001C0 addi    a5,a5,1
PC=00000710 [FEF406A3] X13=00000000 X08=00500000 X15=00000002 sb      a5,-19(s0/fp)
PC=00000714 [0100006F] X00=00000000 X00=00000000 X16=00000000 jal     zero,16
PC=00000724 [FE442703] X14=00000000 X08=00500000 X04=00000000 lw      a4,-28(s0/fp)
PC=00000728 [FDC42783] X15=00000000 X08=00500000 X28=00000000 lw      a5,-36(s0/fp)
PC=00000730 [02E7E663] X12=00000000 X15=00000000 X14=00000000 bltu    a5,a4,44
PC=00000730 [FE442703] X14=00000000 X08=00500000 X04=00000000 lw      a4,-28(s0/fp)
PC=00000734 [FDC42783] X15=00000000 X08=00500000 X28=00000000 lw      a5,-36(s0/fp)
PC=0000073C [00F71863] X16=00000000 X14=00000000 X15=00000000 bne     a4,a5,16
PC=0000073C [FE042703] X14=0000000F X08=00500000 X00=00000000 lw      a4,-32(s0/fp)
PC=00000740 [FD842783] X15=0000000F X08=00500000 X24=00000000 lw      a5,-40(s0/fp)
PC=00000748 [00E7EA63] X20=00000000 X15=0000000F X14=0000000F bltu    a5,a4,20
PC=00000748 [FED44783] X15=00000002 X08=00500000 X13=00000000 lbu     a5,-19(s0/fp)
PC=0000074C [00178793] X15=00000003 X15=00000002 X01=000001C0 addi    a5,a5,1
PC=00000750 [FEF406A3] X13=00000000 X08=00500000 X15=00000003 sb      a5,-19(s0/fp)
PC=00000754 [0100006F] X00=00000000 X00=00000000 X16=00000000 jal     zero,16
PC=00000764 [FE0406A3] X13=00000000 X08=00500000 X00=00000000 sb      zero,-19(s0/fp)
PC=00000768 [FE0407A3] X15=00000003 X08=00500000 X00=00000000 sb      zero,-17(s0/fp)
PC=0000076C [FE040623] X12=00000000 X08=00500000 X00=00000000 sb      zero,-20(s0/fp)
PC=00000770 [FE040723] X14=0000000F X08=00500000 X00=00000000 sb      zero,-18(s0/fp)
PC=00000774 [00100713] X14=00000001 X00=00000000 X01=000001C0 addi    a4,zero,1
PC=00000778 [00000793] X15=00000000 X00=00000000 X00=00000000 addi    a5,zero,0
PC=0000077C [FEE42023] X00=00000000 X08=00500000 X14=00000001 sw      a4,-32(s0/fp)
PC=00000780 [FEF42223] X04=00000000 X08=00500000 X15=00000000 sw      a5,-28(s0/fp)
PC=00000784 [FFF00713] X14=FFFFFFFF X00=00000000 X31=00000000 addi    a4,zero,-1
PC=00000788 [FFF00793] X15=FFFFFFFF X00=00000000 X31=00000000 addi    a5,zero,-1
PC=0000078C [FCE42C23] X24=00000000 X08=00500000 X14=FFFFFFFF sw      a4,-40(s0/fp)
PC=00000790 [FCF42E23] X28=00000000 X08=00500000 X15=FFFFFFFF sw      a5,-36(s0/fp)
PC=00000794 [FE442703] X14=00000000 X08=00500000 X04=00000000 lw      a4,-28(s0/fp)
PC=00000798 [FDC42783] X15=FFFFFFFF X08=00500000 X28=00000000 lw      a5,-36(s0/fp)
PC=000007A0 [00E7EE63] X28=00000000 X15=FFFFFFFF X14=00000000 bltu    a5,a4,28
PC=000007A0 [FE442703] X14=00000000 X08=00500000 X04=00000000 lw      a4,-28(s0/fp)
PC=000007A4 [FDC42783] X15=FFFFFFFF X08=00500000 X28=00000000 lw      a5,-36(s0/fp)
PC=000007C8 [02F71063] X00=00000000 X14=00000000 X15=FFFFFFFF bne     a4,a5,32
PC=000007C8 [FEF44783] X15=00000000 X08=00500000 X15=FFFFFFFF lbu     a5,-17(s0/fp)
PC=000007CC [00178793] X15=00000001 X15=00000000 X01=000001C0 addi    a5,a5,1
PC=000007D0 [FEF407A3] X15=00000001 X08=00500000 X15=00000001 sb      a5,-17(s0/fp)
PC=000007D4 [FDC42703] X14=FFFFFFFF X08=00500000 X28=00000000 lw      a4,-36(s0/fp)
PC=000007D8 [FE442783] X15=00000000 X08=00500000 X04=00000000 lw      a5,-28(s0/fp)
PC=000007F8 [00E7EE63] X28=00000000 X15=00000000 X14=FFFFFFFF bltu    a5,a4,28
PC=000007F8 [FED44783] X15=00000000 X08=00500000 X13=00000000 lbu     a5,-19(s0/fp)
PC=000007FC [00178793] X15=00000001 X15=00000000 X01=000001C0 addi    a5,a5,1
PC=00000800 [FEF406A3] X13=00000000 X08=00500000 X15=00000001 sb      a5,-19(s0/fp)
PC=00000804 [0100006F] X00=00000000 X00=00000000 X16=00000000 jal     zero,16
PC=00000814 [FE042703] X14=00000001 X08=00500000 X00=00000000 lw      a4,-32(s0/fp)
PC=00000818 [FD842783] X15=FFFFFFFF X08=00500000 X24=00000000 lw      a5,-40(s0/fp)
PC=0000083C [02F71063] X00=00000000 X14=00000001 X15=FFFFFFFF bne     a4,a5,32
PC=0000083C [FEF44783] X15=00000001 X08=00500000 X15=FFFFFFFF lbu     a5,-17(s0/fp)
PC=00000840 [00178793] X15=00000002 X15=00000001 X01=000001C0 addi    a5,a5,1
PC=00000844 [FEF407A3] X15=00000002 X08=00500000 X15=00000002 sb      a5,-17(s0/fp)
PC=00000848 [FDC42703] X14=FFFFFFFF X08=00500000 X28=00000000 lw      a4,-36(s0/fp)
PC=0000084C [FE442783] X15=00000000 X08=00500000 X04=00000000 lw      a5,-28(s0/fp)
PC=0000087C [02E7E663] X12=00000000 X15=00000000 X14=FFFFFFFF bltu    a5,a4,44
PC=0000087C [FEF44783] X15=00000002 X08=00500000 X15=00000000 lbu     a5,-17(s0/fp)
PC=00000880 [00178793] X15=00000003 X15=00000002 X01=000001C0 addi    a5,a5,1
PC=00000884 [FEF407A3] X15=00000003 X08=00500000 X15=00000003 sb      a5,-17(s0/fp)
PC=00000888 [FE442703] X14=00000000 X08=00500000 X04=00000000 lw      a4,-28(s0/fp)
PC=0000088C [FDC42783] X15=FFFFFFFF X08=00500000 X28=00000000 lw      a5,-36(s0/fp)
PC=00000894 [02E7E663] X12=00000000 X15=FFFFFFFF X14=00000000 bltu    a5,a4,44
PC=00000894 [FE442703] X14=00000000 X08=00500000 X04=00000000 lw      a4,-28(s0/fp)
PC=00000898 [FDC42783] X15=FFFFFFFF X08=00500000 X28=00000000 lw      a5,-36(s0/fp)
PC=000008AC [00F71863] X16=00000000 X14=00000000 X15=FFFFFFFF bne     a4,a5,16
PC=000008AC [FED44783] X15=00000001 X08=00500000 X13=00000000 lbu     a5,-19(s0/fp)
PC=000008B0 [00178793] X15=00000002 X15=00000001 X01=000001C0 addi    a5,a5,1
PC=000008B4 [FEF406A3] X13=00000000 X08=00500000 X15=00000002 sb      a5,-19(s0/fp)
PC=000008B8 [0100006F] X00=00000000 X00=00000000 X16=00000000 jal     zero,16
PC=000008C8 [FE0406A3] X13=00000000 X08=00500000 X00=00000000 sb      zero,-19(s0/fp)
PC=000008CC [FE0407A3] X15=00000002 X08=00500000 X00=00000000 sb      zero,-17(s0/fp)
PC=000008D0 [FE040623] X12=00000000 X08=00500000 X00=00000000 sb      zero,-20(s0/fp)
PC=000008D4 [FE040723] X14=00000000 X08=00500000 X00=00000000 sb      zero,-18(s0/fp)
PC=000008D8 [00000793] X15=00000000 X00=00000000 X00=00000000 addi    a5,zero,0
PC=000008DC [00078513] X10=00000000 X15=00000000 X00=00000000 addi    a0,a5,0
PC=000008E0 [02C12403] X08=00000000 X02=004FFFD0 X12=00000000 lw      s0/fp,44(sp)
PC=000008E4 [03010113] X02=00500000 X02=004FFFD0 X16=00000000 addi    sp,sp,48
PC=000008E8 [00008067] X00=00000000 X01=000001C0 X00=00000000 jalr    zero,ra,0
PC=000001C0 [200002B7] X05=20000000 X00=00000000 X00=00000000 lui     t0,536870912
PC=000001C4 [00100073] X00=00000000 X00=00000000 X01=000001C0 ebreak  