PC=000001B8 [00500137] X02=00500000 X00=00000000 X05=00000000 lui     sp,5242880
PC=000001BC [00C000EF] X01=000001C0 X00=00000000 X12=00000000 jal     ra,12
PC=000001C8 [FC010113] X02=004FFFC0 X02=00500000 X00=00000000 addi    sp,sp,-64
PC=000001CC [02812E23] X28=00000000 X02=004FFFC0 X08=00000000 sw      s0/fp,60(sp)
PC=000001D0 [04010413] X08=00500000 X02=004FFFC0 X00=00000000 addi    s0/fp,sp,64
PC=000001D4 [00000793] X15=00000000 X00=00000000 X00=00000000 addi    a5,zero,0
PC=000001D8 [00000813] X16=00000000 X00=00000000 X00=00000000 addi    a6,zero,0
PC=000001DC [FEF42423] X08=00500000 X08=00500000 X15=00000000 sw      a5,-24(s0/fp)
PC=000001E0 [FF042623] X12=00000000 X08=00500000 X16=00000000 sw      a6,-20(s0/fp)
PC=000001E4 [00500793] X15=00000005 X00=00000000 X05=00000000 addi    a5,zero,5
PC=000001E8 [FEF403A3] X07=00000000 X08=00500000 X15=00000005 sb      a5,-25(s0/fp)
PC=000001EC [0340006F] X00=00000000 X00=00000000 X20=00000000 jal     zero,52
PC=00000220 [FE744783] X15=00000005 X08=00500000 X07=00000000 lbu     a5,-25(s0/fp)
PC=00000224 [FFF78713] X14=00000004 X15=00000005 X31=00000000 addi    a4,a5,-1
PC=00000228 [FEE403A3] X07=00000000 X08=00500000 X14=00000004 sb      a4,-25(s0/fp)
PC=000001F0 [FC0792E3] X05=00000000 X15=00000005 X00=00000000 bne     a5,zero,-60
PC=000001F0 [FE842603] X12=00000000 X08=00500000 X08=00500000 lw      a2,-24(s0/fp)
PC=000001F4 [FEC42683] X13=00000000 X08=00500000 X12=00000000 lw      a3,-20(s0/fp)
PC=000001F8 [00100513] X10=00000001 X00=00000000 X01=000001C0 addi    a0,zero,1
PC=000001FC [00000593] X11=00000000 X00=00000000 X00=00000000 addi    a1,zero,0
PC=00000200 [00A60733] X14=00000001 X12=00000000 X10=00000001 add     a4,a2,a0
PC=00000204 [00070813] X16=00000001 X14=00000001 X00=00000000 addi    a6,a4,0
PC=00000208 [00C83833] X16=00000000 X16=00000001 X12=00000000 sltu    a6,a6,a2
PC=0000020C [00B687B3] X15=00000000 X13=00000000 X11=00000000 add     a5,a3,a1
PC=00000210 [00F806B3] X13=00000000 X16=00000000 X15=00000000 add     a3,a6,a5
PC=00000214 [00068793] X15=00000000 X13=00000000 X00=00000000 addi    a5,a3,0
PC=00000218 [FEE42423] X08=00500000 X08=00500000 X14=00000001 sw      a4,-24(s0/fp)
PC=0000021C [FEF42623] X12=00000000 X08=00500000 X15=00000000 sw      a5,-20(s0/fp)
PC=00000220 [FE744783] X15=00000004 X08=00500000 X07=00000000 lbu     a5,-25(s0/fp)
PC=00000224 [FFF78713] X14=00000003 X15=00000004 X31=00000000 addi    a4,a5,-1
PC=00000228 [FEE403A3] X07=00000000 X08=00500000 X14=00000003 sb      a4,-25(s0/fp)
PC=000001F0 [FC0792E3] X05=00000000 X15=00000004 X00=00000000 bne     a5,zero,-60
PC=000001F0 [FE842603] X12=00000001 X08=00500000 X08=00500000 lw      a2,-24(s0/fp)
PC=000001F4 [FEC42683] X13=00000000 X08=00500000 X12=00000001 lw      a3,-20(s0/fp)
PC=000001F8 [00100513] X10=00000001 X00=00000000 X01=000001C0 addi    a0,zero,1
PC=000001FC [00000593] X11=00000000 X00=00000000 X00=00000000 addi    a1,zero,0
PC=00000200 [00A60733] X14=00000002 X12=00000001 X10=00000001 add     a4,a2,a0
PC=00000204 [00070813] X16=00000002 X14=00000002 X00=00000000 addi    a6,a4,0
PC=00000208 [00C83833] X16=00000000 X16=00000002 X12=00000001 sltu    a6,a6,a2
PC=0000020C [00B687B3] X15=00000000 X13=00000000 X11=00000000 add     a5,a3,a1
PC=00000210 [00F806B3] X13=00000000 X16=00000000 X15=00000000 add     a3,a6,a5
PC=00000214 [00068793] X15=00000000 X13=00000000 X00=00000000 addi    a5,a3,0
PC=00000218 [FEE42423] X08=00500000 X08=00500000 X14=00000002 sw      a4,-24(s0/fp)
PC=0000021C [FEF42623] X12=00000001 X08=00500000 X15=00000000 sw      a5,-20(s0/fp)
PC=00000220 [FE744783] X15=00000003 X08=00500000 X07=00000000 lbu     a5,-25(s0/fp)
PC=00000224 [FFF78713] X14=00000002 X15=00000003 X31=00000000 addi    a4,a5,-1
PC=00000228 [FEE403A3] X07=00000000 X08=00500000 X14=00000002 sb      a4,-25(s0/fp)
PC=000001F0 [FC0792E3] X05=00000000 X15=00000003 X00=00000000 bne     a5,zero,-60
PC=000001F0 [FE842603] X12=00000002 X08=00500000 X08=00500000 lw      a2,-24(s0/fp)
PC=000001F4 [FEC42683] X13=00000000 X08=00500000 X12=00000002 lw      a3,-20(s0/fp)
PC=000001F8 [00100513] X10=00000001 X00=00000000 X01=000001C0 addi    a0,zero,1
PC=000001FC [00000593] X11=00000000 X00=00000000 X00=00000000 addi    a1,zero,0
PC=00000200 [00A60733] X14=00000003 X12=00000002 X10=00000001 add     a4,a2,a0
PC=00000204 [00070813] X16=00000003 X14=00000003 X00=00000000 addi    a6,a4,0
PC=00000208 [00C83833] X16=00000000 X16=00000003 X12=00000002 sltu    a6,a6,a2
PC=0000020C [00B687B3] X15=00000000 X13=00000000 X11=00000000 add     a5,a3,a1
PC=00000210 [00F806B3] X13=00000000 X16=00000000 X15=00000000 add     a3,a6,a5
PC=00000214 [00068793] X15=00000000 X13=00000000 X00=00000000 addi    a5,a3,0
PC=00000218 [FEE42423] X08=00500000 X08=00500000 X14=00000003 sw      a4,-24(s0/fp)
PC=0000021C [FEF42623] X12=00000002 X08=00500000 X15=00000000 sw      a5,-20(s0/fp)
PC=00000220 [FE744783] X15=00000002 X08=00500000 X07=00000000 lbu     a5,-25(s0/fp)
PC=00000224 [FFF78713] X14=00000001 X15=00000002 X31=00000000 addi    a4,a5,-1
PC=00000228 [FEE403A3] X07=00000000 X08=00500000 X14=00000001 sb      a4,-25(s0/fp)
PC=000001F0 [FC0792E3] X05=00000000 X15=00000002 X00=00000000 bne     a5,zero,-60
PC=000001F0 [FE842603] X12=00000003 X08=00500000 X08=00500000 lw      a2,-24(s0/fp)
PC=000001F4 [FEC42683] X13=00000000 X08=00500000 X12=00000003 lw      a3,-20(s0/fp)
PC=000001F8 [00100513] X10=00000001 X00=00000000 X01=000001C0 addi    a0,zero,1
PC=000001FC [00000593] X11=00000000 X00=00000000 X00=00000000 addi    a1,zero,0
PC=00000200 [00A60733] X14=00000004 X12=00000003 X10=00000001 add     a4,a2,a0
PC=00000204 [00070813] X16=00000004 X14=00000004 X00=00000000 addi    a6,a4,0
PC=00000208 [00C83833] X16=00000000 X16=00000004 X12=00000003 sltu    a6,a6,a2
PC=0000020C [00B687B3] X15=00000000 X13=00000000 X11=00000000 add     a5,a3,a1
PC=00000210 [00F806B3] X13=00000000 X16=00000000 X15=00000000 add     a3,a6,a5
PC=00000214 [00068793] X15=00000000 X13=00000000 X00=00000000 addi    a5,a3,0
PC=00000218 [FEE42423] X08=00500000 X08=00500000 X14=00000004 sw      a4,-24(s0/fp)
PC=0000021C [FEF42623] X12=00000003 X08=00500000 X15=00000000 sw      a5,-20(s0/fp)
PC=00000220 [FE744783] X15=00000001 X08=00500000 X07=00000000 lbu     a5,-25(s0/fp)
PC=00000224 [FFF78713] X14=00000000 X15=00000001 X31=00000000 addi    a4,a5,-1
PC=00000228 [FEE403A3] X07=00000000 X08=00500000 X14=00000000 sb      a4,-25(s0/fp)
PC=000001F0 [FC0792E3] X05=00000000 X15=00000001 X00=00000000 bne     a5,zero,-60
PC=000001F0 [FE842603] X12=00000004 X08=00500000 X08=00500000 lw      a2,-24(s0/fp)
PC=000001F4 [FEC42683] X13=00000000 X08=00500000 X12=00000004 lw      a3,-20(s0/fp)
PC=000001F8 [00100513] X10=00000001 X00=00000000 X01=000001C0 addi    a0,zero,1
PC=000001FC [00000593] X11=00000000 X00=00000000 X00=00000000 addi    a1,zero,0
PC=00000200 [00A60733] X14=00000005 X12=00000004 X10=00000001 add     a4,a2,a0
PC=00000204 [00070813] X16=00000005 X14=00000005 X00=00000000 addi    a6,a4,0
PC=00000208 [00C83833] X16=00000000 X16=00000005 X12=00000004 sltu    a6,a6,a2
PC=0000020C [00B687B3] X15=00000000 X13=00000000 X11=00000000 add     a5,a3,a1
PC=00000210 [00F806B3] X13=00000000 X16=00000000 X15=00000000 add     a3,a6,a5
PC=00000214 [00068793] X15=00000000 X13=00000000 X00=00000000 addi    a5,a3,0
PC=00000218 [FEE42423] X08=00500000 X08=00500000 X14=00000005 sw      a4,-24(s0/fp)
PC=0000021C [FEF42623] X12=00000004 X08=00500000 X15=00000000 sw      a5,-20(s0/fp)
PC=00000220 [FE744783] X15=00000000 X08=00500000 X07=00000000 lbu     a5,-25(s0/fp)
PC=00000224 [FFF78713] X14=FFFFFFFF X15=00000000 X31=00000000 addi    a4,a5,-1
PC=00000228 [FEE403A3] X07=00000000 X08=00500000 X14=FFFFFFFF sb      a4,-25(s0/fp)
PC=00000230 [FC0792E3] X05=00000000 X15=00000000 X00=00000000 bne     a5,zero,-60
PC=00000230 [FE0403A3] X07=00000000 X08=00500000 X00=00000000 sb      zero,-25(s0/fp)
PC=00000234 [00500793] X15=00000005 X00=00000000 X05=00000000 addi    a5,zero,5
PC=00000238 [FEF40323] X06=00000000 X08=00500000 X15=00000005 sb      a5,-26(s0/fp)
PC=0000023C [0340006F] X00=00000000 X00=00000000 X20=00000000 jal     zero,52
PC=00000270 [FE640783] X15=00000005 X08=00500000 X06=00000000 lb      a5,-26(s0/fp)
PC=00000274 [0FF7F713] X14=00000005 X15=00000005 X31=00000000 andi    a4,a5,255
PC=00000278 [FFF70713] X14=00000004 X14=00000005 X31=00000000 addi    a4,a4,-1
PC=0000027C [0FF77713] X14=00000004 X14=00000004 X31=00000000 andi    a4,a4,255
PC=00000280 [FEE40323] X06=00000000 X08=00500000 X14=00000004 sb      a4,-26(s0/fp)
PC=00000240 [FA079EE3] X29=00000000 X15=00000005 X00=00000000 bne     a5,zero,-68
PC=00000240 [FE842603] X12=00000005 X08=00500000 X08=00500000 lw      a2,-24(s0/fp)
PC=00000244 [FEC42683] X13=00000000 X08=00500000 X12=00000005 lw      a3,-20(s0/fp)
PC=00000248 [00100513] X10=00000001 X00=00000000 X01=000001C0 addi    a0,zero,1
PC=0000024C [00000593] X11=00000000 X00=00000000 X00=00000000 addi    a1,zero,0
PC=00000250 [00A60733] X14=00000006 X12=00000005 X10=00000001 add     a4,a2,a0
PC=00000254 [00070813] X16=00000006 X14=00000006 X00=00000000 addi    a6,a4,0
PC=00000258 [00C83833] X16=00000000 X16=00000006 X12=00000005 sltu    a6,a6,a2
PC=0000025C [00B687B3] X15=00000000 X13=00000000 X11=00000000 add     a5,a3,a1
PC=00000260 [00F806B3] X13=00000000 X16=00000000 X15=00000000 add     a3,a6,a5
PC=00000264 [00068793] X15=00000000 X13=00000000 X00=00000000 addi    a5,a3,0
PC=00000268 [FEE42423] X08=00500000 X08=00500000 X14=00000006 sw      a4,-24(s0/fp)
PC=0000026C [FEF42623] X12=00000005 X08=00500000 X15=00000000 sw      a5,-20(s0/fp)
PC=00000270 [FE640783] X15=00000004 X08=00500000 X06=00000000 lb      a5,-26(s0/fp)
PC=00000274 [0FF7F713] X14=00000004 X15=00000004 X31=00000000 andi    a4,a5,255
PC=00000278 [FFF70713] X14=00000003 X14=00000004 X31=00000000 addi    a4,a4,-1
PC=0000027C [0FF77713] X14=00000003 X14=00000003 X31=00000000 andi    a4,a4,255
PC=00000280 [FEE40323] X06=00000000 X08=00500000 X14=00000003 sb      a4,-26(s0/fp)
PC=00000240 [FA079EE3] X29=00000000 X15=00000004 X00=00000000 bne     a5,zero,-68
PC=00000240 [FE842603] X12=00000006 X08=00500000 X08=00500000 lw      a2,-24(s0/fp)
PC=00000244 [FEC42683] X13=00000000 X08=00500000 X12=00000006 lw      a3,-20(s0/fp)
PC=00000248 [00100513] X10=00000001 X00=00000000 X01=000001C0 addi    a0,zero,1
PC=0000024C [00000593] X11=00000000 X00=00000000 X00=00000000 addi    a1,zero,0
PC=00000250 [00A60733] X14=00000007 X12=00000006 X10=00000001 add     a4,a2,a0
PC=00000254 [00070813] X16=00000007 X14=00000007 X00=00000000 addi    a6,a4,0
PC=00000258 [00C83833] X16=00000000 X16=00000007 X12=00000006 sltu    a6,a6,a2
PC=0000025C [00B687B3] X15=00000000 X13=00000000 X11=00000000 add     a5,a3,a1
PC=00000260 [00F806B3] X13=00000000 X16=00000000 X15=00000000 add     a3,a6,a5
PC=00000264 [00068793] X15=00000000 X13=00000000 X00=00000000 addi    a5,a3,0
PC=00000268 [FEE42423] X08=00500000 X08=00500000 X14=00000007 sw      a4,-24(s0/fp)
PC=0000026C [FEF42623] X12=00000006 X08=00500000 X15=00000000 sw      a5,-20(s0/fp)
PC=00000270 [FE640783] X15=00000003 X08=00500000 X06=00000000 lb      a5,-26(s0/fp)
PC=00000274 [0FF7F713] X14=00000003 X15=00000003 X31=00000000 andi    a4,a5,255
PC=00000278 [FFF70713] X14=00000002 X14=00000003 X31=00000000 addi    a4,a4,-1
PC=0000027C [0FF77713] X14=00000002 X14=00000002 X31=00000000 andi    a4,a4,255
PC=00000280 [FEE40323] X06=00000000 X08=00500000 X14=00000002 sb      a4,-26(s0/fp)
PC=00000240 [FA079EE3] X29=00000000 X15=00000003 X00=00000000 bne     a5,zero,-68
PC=00000240 [FE842603] X12=00000007 X08=00500000 X08=00500000 lw      a2,-24(s0/fp)
PC=00000244 [FEC42683] X13=00000000 X08=00500000 X12=00000007 lw      a3,-20(s0/fp)
PC=00000248 [00100513] X10=00000001 X00=00000000 X01=000001C0 addi    a0,zero,1
PC=0000024C [00000593] X11=00000000 X00=00000000 X00=00000000 addi    a1,zero,0
PC=00000250 [00A60733] X14=00000008 X12=00000007 X10=00000001 add     a4,a2,a0
PC=00000254 [00070813] X16=00000008 X14=00000008 X00=00000000 addi    a6,a4,0
PC=00000258 [00C83833] X16=00000000 X16=00000008 X12=00000007 sltu    a6,a6,a2
PC=0000025C [00B687B3] X15=00000000 X13=00000000 X11=00000000 add     a5,a3,a1
PC=00000260 [00F806B3] X13=00000000 X16=00000000 X15=00000000 add     a3,a6,a5
PC=00000264 [00068793] X15=00000000 X13=00000000 X00=00000000 addi    a5,a3,0
PC=00000268 [FEE42423] X08=00500000 X08=00500000 X14=00000008 sw      a4,-24(s0/fp)
PC=0000026C [FEF42623] X12=00000007 X08=00500000 X15=00000000 sw      a5,-20(s0/fp)
PC=00000270 [FE640783] X15=00000002 X08=00500000 X06=00000000 lb      a5,-26(s0/fp)
PC=00000274 [0FF7F713] X14=00000002 X15=00000002 X31=00000000 andi    a4,a5,255
PC=00000278 [FFF70713] X14=00000001 X14=00000002 X31=00000000 addi    a4,a4,-1
PC=0000027C [0FF77713] X14=00000001 X14=00000001 X31=00000000 andi    a4,a4,255
PC=00000280 [FEE40323] X06=00000000 X08=00500000 X14=00000001 sb      a4,-26(s0/fp)
PC=00000240 [FA079EE3] X29=00000000 X15=00000002 X00=00000000 bne     a5,zero,-68
PC=00000240 [FE842603] X12=00000008 X08=00500000 X08=00500000 lw      a2,-24(s0/fp)
PC=00000244 [FEC42683] X13=00000000 X08=00500000 X12=00000008 lw      a3,-20(s0/fp)
PC=00000248 [00100513] X10=00000001 X00=00000000 X01=000001C0 addi    a0,zero,1
PC=0000024C [00000593] X11=00000000 X00=00000000 X00=00000000 addi    a1,zero,0
PC=00000250 [00A60733] X14=00000009 X12=00000008 X10=00000001 add     a4,a2,a0
PC=00000254 [00070813] X16=00000009 X14=00000009 X00=00000000 addi    a6,a4,0
PC=00000258 [00C83833] X16=00000000 X16=00000009 X12=00000008 sltu    a6,a6,a2
PC=0000025C [00B687B3] X15=00000000 X13=00000000 X11=00000000 add     a5,a3,a1
PC=00000260 [00F806B3] X13=00000000 X16=00000000 X15=00000000 add     a3,a6,a5
PC=00000264 [00068793] X15=00000000 X13=00000000 X00=00000000 addi    a5,a3,0
PC=00000268 [FEE42423] X08=00500000 X08=00500000 X14=00000009 sw      a4,-24(s0/fp)
PC=0000026C [FEF42623] X12=00000008 X08=00500000 X15=00000000 sw      a5,-20(s0/fp)
PC=00000270 [FE640783] X15=00000001 X08=00500000 X06=00000000 lb      a5,-26(s0/fp)
PC=00000274 [0FF7F713] X14=00000001 X15=00000001 X31=00000000 andi    a4,a5,255
PC=00000278 [FFF70713] X14=00000000 X14=00000001 X31=00000000 addi    a4,a4,-1
PC=0000027C [0FF77713] X14=00000000 X14=00000000 X31=00000000 andi    a4,a4,255
PC=00000280 [FEE40323] X06=00000000 X08=00500000 X14=00000000 sb      a4,-26(s0/fp)
PC=00000240 [FA079EE3] X29=00000000 X15=00000001 X00=00000000 bne     a5,zero,-68
PC=00000240 [FE842603] X12=00000009 X08=00500000 X08=00500000 lw      a2,-24(s0/fp)
PC=00000244 [FEC42683] X13=00000000 X08=00500000 X12=00000009 lw      a3,-20(s0/fp)
PC=00000248 [00100513] X10=00000001 X00=00000000 X01=000001C0 addi    a0,zero,1
PC=0000024C [00000593] X11=00000000 X00=00000000 X00=00000000 addi    a1,zero,0
PC=00000250 [00A60733] X14=0000000A X12=00000009 X10=00000001 add     a4,a2,a0
PC=00000254 [00070813] X16=0000000A X14=0000000A X00=00000000 addi    a6,a4,0
PC=00000258 [00C83833] X16=00000000 X16=0000000A X12=00000009 sltu    a6,a6,a2
PC=0000025C [00B687B3] X15=00000000 X13=00000000 X11=00000000 add     a5,a3,a1
PC=00000260 [00F806B3] X13=00000000 X16=00000000 X15=00000000 add     a3,a6,a5
PC=00000264 [00068793] X15=00000000 X13=00000000 X00=00000000 addi    a5,a3,0
PC=00000268 [FEE42423] X08=00500000 X08=00500000 X14=0000000A sw      a4,-24(s0/fp)
PC=0000026C [FEF42623] X12=00000009 X08=00500000 X15=00000000 sw      a5,-20(s0/fp)
PC=00000270 [FE640783] X15=00000000 X08=00500000 X06=00000000 lb      a5,-26(s0/fp)
PC=00000274 [0FF7F713] X14=00000000 X15=00000000 X31=00000000 andi    a4,a5,255
PC=00000278 [FFF70713] X14=FFFFFFFF X14=00000000 X31=00000000 addi    a4,a4,-1
PC=0000027C [0FF77713] X14=000000FF X14=FFFFFFFF X31=00000000 andi    a4,a4,255
PC=00000280 [FEE40323] X06=00000000 X08=00500000 X14=000000FF sb      a4,-26(s0/fp)
PC=00000288 [FA079EE3] X29=00000000 X15=00000000 X00=00000000 bne     a5,zero,-68
PC=00000288 [FE040323] X06=00000000 X08=00500000 X00=00000000 sb      zero,-26(s0/fp)
PC=0000028C [00500793] X15=00000005 X00=00000000 X05=00000000 addi    a5,zero,5
PC=00000290 [FEF41223] X04=00000000 X08=00500000 X15=00000005 sh      a5,-28(s0/fp)
PC=00000294 [0340006F] X00=00000000 X00=00000000 X20=00000000 jal     zero,52
PC=000002C8 [FE445783] X15=00000005 X08=00500000 X04=00000000 lhu     a5,-28(s0/fp)
PC=000002CC [FFF78713] X14=00000004 X15=00000005 X31=00000000 addi    a4,a5,-1
PC=000002D0 [FEE41223] X04=00000000 X08=00500000 X14=00000004 sh      a4,-28(s0/fp)
PC=00000298 [FC0792E3] X05=00000000 X15=00000005 X00=00000000 bne     a5,zero,-60
PC=00000298 [FE842603] X12=0000000A X08=00500000 X08=00500000 lw      a2,-24(s0/fp)
PC=0000029C [FEC42683] X13=00000000 X08=00500000 X12=0000000A lw      a3,-20(s0/fp)
PC=000002A0 [00100513] X10=00000001 X00=00000000 X01=000001C0 addi    a0,zero,1
PC=000002A4 [00000593] X11=00000000 X00=00000000 X00=00000000 addi    a1,zero,0
PC=000002A8 [00A60733] X14=0000000B X12=0000000A X10=00000001 add     a4,a2,a0
PC=000002AC [00070813] X16=0000000B X14=0000000B X00=00000000 addi    a6,a4,0
PC=000002B0 [00C83833] X16=00000000 X16=0000000B X12=0000000A sltu    a6,a6,a2
PC=000002B4 [00B687B3] X15=00000000 X13=00000000 X11=00000000 add     a5,a3,a1
PC=000002B8 [00F806B3] X13=00000000 X16=00000000 X15=00000000 add     a3,a6,a5
PC=000002BC [00068793] X15=00000000 X13=00000000 X00=00000000 addi    a5,a3,0
PC=000002C0 [FEE42423] X08=00500000 X08=00500000 X14=0000000B sw      a4,-24(s0/fp)
PC=000002C4 [FEF42623] X12=0000000A X08=00500000 X15=00000000 sw      a5,-20(s0/fp)
PC=000002C8 [FE445783] X15=00000004 X08=00500000 X04=00000000 lhu     a5,-28(s0/fp)
PC=000002CC [FFF78713] X14=00000003 X15=00000004 X31=00000000 addi    a4,a5,-1
PC=000002D0 [FEE41223] X04=00000000 X08=00500000 X14=00000003 sh      a4,-28(s0/fp)
PC=00000298 [FC0792E3] X05=00000000 X15=00000004 X00=00000000 bne     a5,zero,-60
PC=00000298 [FE842603] X12=0000000B X08=00500000 X08=00500000 lw      a2,-24(s0/fp)
PC=0000029C [FEC42683] X13=00000000 X08=00500000 X12=0000000B lw      a3,-20(s0/fp)
PC=000002A0 [00100513] X10=00000001 X00=00000000 X01=000001C0 addi    a0,zero,1
PC=000002A4 [00000593] X11=00000000 X00=00000000 X00=00000000 addi    a1,zero,0
PC=000002A8 [00A60733] X14=0000000C X12=0000000B X10=00000001 add     a4,a2,a0
PC=000002AC [00070813] X16=0000000C X14=0000000C X00=00000000 addi    a6,a4,0
PC=000002B0 [00C83833] X16=00000000 X16=0000000C X12=0000000B sltu    a6,a6,a2
PC=000002B4 [00B687B3] X15=00000000 X13=00000000 X11=00000000 add     a5,a3,a1
PC=000002B8 [00F806B3] X13=00000000 X16=00000000 X15=00000000 add     a3,a6,a5
PC=000002BC [00068793] X15=00000000 X13=00000000 X00=00000000 addi    a5,a3,0
PC=000002C0 [FEE42423] X08=00500000 X08=00500000 X14=0000000C sw      a4,-24(s0/fp)
PC=000002C4 [FEF42623] X12=0000000B X08=00500000 X15=00000000 sw      a5,-20(s0/fp)
PC=000002C8 [FE445783] X15=00000003 X08=00500000 X04=00000000 lhu     a5,-28(s0/fp)
PC=000002CC [FFF78713] X14=00000002 X15=00000003 X31=00000000 addi    a4,a5,-1
PC=000002D0 [FEE41223] X04=00000000 X08=00500000 X14=00000002 sh      a4,-28(s0/fp)
PC=00000298 [FC0792E3] X05=00000000 X15=00000003 X00=00000000 bne     a5,zero,-60
PC=00000298 [FE842603] X12=0000000C X08=00500000 X08=00500000 lw      a2,-24(s0/fp)
PC=0000029C [FEC42683] X13=00000000 X08=00500000 X12=0000000C lw      a3,-20(s0/fp)
PC=000002A0 [00100513] X10=00000001 X00=00000000 X01=000001C0 addi    a0,zero,1
PC=000002A4 [00000593] X11=00000000 X00=00000000 X00=00000000 addi    a1,zero,0
PC=000002A8 [00A60733] X14=0000000D X12=0000000C X10=00000001 add     a4,a2,a0
PC=000002AC [00070813] X16=0000000D X14=0000000D X00=00000000 addi    a6,a4,0
PC=000002B0 [00C83833] X16=00000000 X16=0000000D X12=0000000C sltu    a6,a6,a2
PC=000002B4 [00B687B3] X15=00000000 X13=00000000 X11=00000000 add     a5,a3,a1
PC=000002B8 [00F806B3] X13=00000000 X16=00000000 X15=00000000 add     a3,a6,a5
PC=000002BC [00068793] X15=00000000 X13=00000000 X00=00000000 addi    a5,a3,0
PC=000002C0 [FEE42423] X08=00500000 X08=00500000 X14=0000000D sw      a4,-24(s0/fp)
PC=000002C4 [FEF42623] X12=0000000C X08=00500000 X15=00000000 sw      a5,-20(s0/fp)
PC=000002C8 [FE445783] X15=00000002 X08=00500000 X04=00000000 lhu     a5,-28(s0/fp)
PC=000002CC [FFF78713] X14=00000001 X15=00000002 X31=00000000 addi    a4,a5,-1
PC=000002D0 [FEE41223] X04=00000000 X08=00500000 X14=00000001 sh      a4,-28(s0/fp)
PC=00000298 [FC0792E3] X05=00000000 X15=00000002 X00=00000000 bne     a5,zero,-60
PC=00000298 [FE842603] X12=0000000D X08=00500000 X08=00500000 lw      a2,-24(s0/fp)
PC=0000029C [FEC42683] X13=00000000 X08=00500000 X12=0000000D lw      a3,-20(s0/fp)
PC=000002A0 [00100513] X10=00000001 X00=00000000 X01=000001C0 addi    a0,zero,1
PC=000002A4 [00000593] X11=00000000 X00=00000000 X00=00000000 addi    a1,zero,0
PC=000002A8 [00A60733] X14=0000000E X12=0000000D X10=00000001 add     a4,a2,a0
PC=000002AC [00070813] X16=0000000E X14=0000000E X00=00000000 addi    a6,a4,0
PC=000002B0 [00C83833] X16=00000000 X16=0000000E X12=0000000D sltu    a6,a6,a2
PC=000002B4 [00B687B3] X15=00000000 X13=00000000 X11=00000000 add     a5,a3,a1
PC=000002B8 [00F806B3] X13=00000000 X16=00000000 X15=00000000 add     a3,a6,a5
PC=000002BC [00068793] X15=00000000 X13=00000000 X00=00000000 addi    a5,a3,0
PC=000002C0 [FEE42423] X08=00500000 X08=00500000 X14=0000000E sw      a4,-24(s0/fp)
PC=000002C4 [FEF42623] X12=0000000D X08=00500000 X15=00000000 sw      a5,-20(s0/fp)
PC=000002C8 [FE445783] X15=00000001 X08=00500000 X04=00000000 lhu     a5,-28(s0/fp)
PC=000002CC [FFF78713] X14=00000000 X15=00000001 X31=00000000 addi    a4,a5,-1
PC=000002D0 [FEE41223] X04=00000000 X08=00500000 X14=00000000 sh      a4,-28(s0/fp)
PC=00000298 [FC0792E3] X05=00000000 X15=00000001 X00=00000000 bne     a5,zero,-60
PC=00000298 [FE842603] X12=0000000E X08=00500000 X08=00500000 lw      a2,-24(s0/fp)
PC=0000029C [FEC42683] X13=00000000 X08=00500000 X12=0000000E lw      a3,-20(s0/fp)
PC=000002A0 [00100513] X10=00000001 X00=00000000 X01=000001C0 addi    a0,zero,1
PC=000002A4 [00000593] X11=00000000 X00=00000000 X00=00000000 addi    a1,zero,0
PC=000002A8 [00A60733] X14=0000000F X12=0000000E X10=00000001 add     a4,a2,a0
PC=000002AC [00070813] X16=0000000F X14=0000000F X00=00000000 addi    a6,a4,0
PC=000002B0 [00C83833] X16=00000000 X16=0000000F X12=0000000E sltu    a6,a6,a2
PC=000002B4 [00B687B3] X15=00000000 X13=00000000 X11=00000000 add     a5,a3,a1
PC=000002B8 [00F806B3] X13=00000000 X16=00000000 X15=00000000 add     a3,a6,a5
PC=000002BC [00068793] X15=00000000 X13=00000000 X00=00000000 addi    a5,a3,0
PC=000002C0 [FEE42423] X08=00500000 X08=00500000 X14=0000000F sw      a4,-24(s0/fp)
PC=000002C4 [FEF42623] X12=0000000E X08=00500000 X15=00000000 sw      a5,-20(s0/fp)
PC=000002C8 [FE445783] X15=00000000 X08=00500000 X04=00000000 lhu     a5,-28(s0/fp)
PC=000002CC [FFF78713] X14=FFFFFFFF X15=00000000 X31=00000000 addi    a4,a5,-1
PC=000002D0 [FEE41223] X04=00000000 X08=00500000 X14=FFFFFFFF sh      a4,-28(s0/fp)
PC=000002D8 [FC0792E3] X05=00000000 X15=00000000 X00=00000000 bne     a5,zero,-60
PC=000002D8 [FE041223] X04=00000000 X08=00500000 X00=00000000 sh      zero,-28(s0/fp)
PC=000002DC [00500793] X15=00000005 X00=00000000 X05=00000000 addi    a5,zero,5
PC=000002E0 [FEF41123] X02=004FFFC0 X08=00500000 X15=00000005 sh      a5,-30(s0/fp)
PC=000002E4 [0340006F] X00=00000000 X00=00000000 X20=00000000 jal     zero,52
PC=00000318 [FE241783] X15=00000005 X08=00500000 X02=004FFFC0 lh      a5,-30(s0/fp)
PC=0000031C [01079713] X14=00050000 X15=00000005 X16=00000000 slli    a4,a5,16
PC=00000320 [01075713] X14=00000005 X14=00050000 X16=00000000 srli    a4,a4,16
PC=00000324 [FFF70713] X14=00000004 X14=00000005 X31=00000000 addi    a4,a4,-1
PC=00000328 [01071713] X14=00040000 X14=00000004 X16=00000000 slli    a4,a4,16
PC=0000032C [01075713] X14=00000004 X14=00040000 X16=00000000 srli    a4,a4,16
PC=00000330 [FEE41123] X02=004FFFC0 X08=00500000 X14=00000004 sh      a4,-30(s0/fp)
PC=000002E8 [FA079AE3] X21=00000000 X15=00000005 X00=00000000 bne     a5,zero,-76
PC=000002E8 [FE842603] X12=0000000F X08=00500000 X08=00500000 lw      a2,-24(s0/fp)
PC=000002EC [FEC42683] X13=00000000 X08=00500000 X12=0000000F lw      a3,-20(s0/fp)
PC=000002F0 [00100513] X10=00000001 X00=00000000 X01=000001C0 addi    a0,zero,1
PC=000002F4 [00000593] X11=00000000 X00=00000000 X00=00000000 addi    a1,zero,0
PC=000002F8 [00A60733] X14=00000010 X12=0000000F X10=00000001 add     a4,a2,a0
PC=000002FC [00070813] X16=00000010 X14=00000010 X00=00000000 addi    a6,a4,0
PC=00000300 [00C83833] X16=00000000 X16=00000010 X12=0000000F sltu    a6,a6,a2
PC=00000304 [00B687B3] X15=00000000 X13=00000000 X11=00000000 add     a5,a3,a1
PC=00000308 [00F806B3] X13=00000000 X16=00000000 X15=00000000 add     a3,a6,a5
PC=0000030C [00068793] X15=00000000 X13=00000000 X00=00000000 addi    a5,a3,0
PC=00000310 [FEE42423] X08=00500000 X08=00500000 X14=00000010 sw      a4,-24(s0/fp)
PC=00000314 [FEF42623] X12=0000000F X08=00500000 X15=00000000 sw      a5,-20(s0/fp)
PC=00000318 [FE241783] X15=00000004 X08=00500000 X02=004FFFC0 lh      a5,-30(s0/fp)
PC=0000031C [01079713] X14=00040000 X15=00000004 X16=00000000 slli    a4,a5,16
PC=00000320 [01075713] X14=00000004 X14=00040000 X16=00000000 srli    a4,a4,16
PC=00000324 [FFF70713] X14=00000003 X14=00000004 X31=00000000 addi    a4,a4,-1
PC=00000328 [01071713] X14=00030000 X14=00000003 X16=00000000 slli    a4,a4,16
PC=0000032C [01075713] X14=00000003 X14=00030000 X16=00000000 srli    a4,a4,16
PC=00000330 [FEE41123] X02=004FFFC0 X08=00500000 X14=00000003 sh      a4,-30(s0/fp)
PC=000002E8 [FA079AE3] X21=00000000 X15=00000004 X00=00000000 bne     a5,zero,-76
PC=000002E8 [FE842603] X12=00000010 X08=00500000 X08=00500000 lw      a2,-24(s0/fp)
PC=000002EC [FEC42683] X13=00000000 X08=00500000 X12=00000010 lw      a3,-20(s0/fp)
PC=000002F0 [00100513] X10=00000001 X00=00000000 X01=000001C0 addi    a0,zero,1
PC=000002F4 [00000593] X11=00000000 X00=00000000 X00=00000000 addi    a1,zero,0
PC=000002F8 [00A60733] X14=00000011 X12=00000010 X10=00000001 add     a4,a2,a0
PC=000002FC [00070813] X16=00000011 X14=00000011 X00=00000000 addi    a6,a4,0
PC=00000300 [00C83833] X16=00000000 X16=00000011 X12=00000010 sltu    a6,a6,a2
PC=00000304 [00B687B3] X15=00000000 X13=00000000 X11=00000000 add     a5,a3,a1
PC=00000308 [00F806B3] X13=00000000 X16=00000000 X15=00000000 add     a3,a6,a5
PC=0000030C [00068793] X15=00000000 X13=00000000 X00=00000000 addi    a5,a3,0
PC=00000310 [FEE42423] X08=00500000 X08=00500000 X14=00000011 sw      a4,-24(s0/fp)
PC=00000314 [FEF42623] X12=00000010 X08=00500000 X15=00000000 sw      a5,-20(s0/fp)
PC=00000318 [FE241783] X15=00000003 X08=00500000 X02=004FFFC0 lh      a5,-30(s0/fp)
PC=0000031C [01079713] X14=00030000 X15=00000003 X16=00000000 slli    a4,a5,16
PC=00000320 [01075713] X14=00000003 X14=00030000 X16=00000000 srli    a4,a4,16
PC=00000324 [FFF70713] X14=00000002 X14=00000003 X31=00000000 addi    a4,a4,-1
PC=00000328 [01071713] X14=00020000 X14=00000002 X16=00000000 slli    a4,a4,16
PC=0000032C [01075713] X14=00000002 X14=00020000 X16=00000000 srli    a4,a4,16
PC=00000330 [FEE41123] X02=004FFFC0 X08=00500000 X14=00000002 sh      a4,-30(s0/fp)
PC=000002E8 [FA079AE3] X21=00000000 X15=00000003 X00=00000000 bne     a5,zero,-76
PC=000002E8 [FE842603] X12=00000011 X08=00500000 X08=00500000 lw      a2,-24(s0/fp)
PC=000002EC [FEC42683] X13=00000000 X08=00500000 X12=00000011 lw      a3,-20(s0/fp)
PC=000002F0 [00100513] X10=00000001 X00=00000000 X01=000001C0 addi    a0,zero,1
PC=000002F4 [00000593] X11=00000000 X00=00000000 X00=00000000 addi    a1,zero,0
PC=000002F8 [00A60733] X14=00000012 X12=00000011 X10=00000001 add     a4,a2,a0
PC=000002FC [00070813] X16=00000012 X14=00000012 X00=00000000 addi    a6,a4,0
PC=00000300 [00C83833] X16=00000000 X16=00000012 X12=00000011 sltu    a6,a6,a2
PC=00000304 [00B687B3] X15=00000000 X13=00000000 X11=00000000 add     a5,a3,a1
PC=00000308 [00F806B3] X13=00000000 X16=00000000 X15=00000000 add     a3,a6,a5
PC=0000030C [00068793] X15=00000000 X13=00000000 X00=00000000 addi    a5,a3,0
PC=00000310 [FEE42423] X08=00500000 X08=00500000 X14=00000012 sw      a4,-24(s0/fp)
PC=00000314 [FEF42623] X12=00000011 X08=00500000 X15=00000000 sw      a5,-20(s0/fp)
PC=00000318 [FE241783] X15=00000002 X08=00500000 X02=004FFFC0 lh      a5,-30(s0/fp)
PC=0000031C [01079713] X14=00020000 X15=00000002 X16=00000000 slli    a4,a5,16
PC=00000320 [01075713] X14=00000002 X14=00020000 X16=00000000 srli    a4,a4,16
PC=00000324 [FFF70713] X14=00000001 X14=00000002 X31=00000000 addi    a4,a4,-1
PC=00000328 [01071713] X14=00010000 X14=00000001 X16=00000000 slli    a4,a4,16
PC=0000032C [01075713] X14=00000001 X14=00010000 X16=00000000 srli    a4,a4,16
PC=00000330 [FEE41123] X02=004FFFC0 X08=00500000 X14=00000001 sh      a4,-30(s0/fp)
PC=000002E8 [FA079AE3] X21=00000000 X15=00000002 X00=00000000 bne     a5,zero,-76
PC=000002E8 [FE842603] X12=00000012 X08=00500000 X08=00500000 lw      a2,-24(s0/fp)
PC=000002EC [FEC42683] X13=00000000 X08=00500000 X12=00000012 lw      a3,-20(s0/fp)
PC=000002F0 [00100513] X10=00000001 X00=00000000 X01=000001C0 addi    a0,zero,1
PC=000002F4 [00000593] X11=00000000 X00=00000000 X00=00000000 addi    a1,zero,0
PC=000002F8 [00A60733] X14=00000013 X12=00000012 X10=00000001 add     a4,a2,a0
PC=000002FC [00070813] X16=00000013 X14=00000013 X00=00000000 addi    a6,a4,0
PC=00000300 [00C83833] X16=00000000 X16=00000013 X12=00000012 sltu    a6,a6,a2
PC=00000304 [00B687B3] X15=00000000 X13=00000000 X11=00000000 add     a5,a3,a1
PC=00000308 [00F806B3] X13=00000000 X16=00000000 X15=00000000 add     a3,a6,a5
PC=0000030C [00068793] X15=00000000 X13=00000000 X00=00000000 addi    a5,a3,0
PC=00000310 [FEE42423] X08=00500000 X08=00500000 X14=00000013 sw      a4,-24(s0/fp)
PC=00000314 [FEF42623] X12=00000012 X08=00500000 X15=00000000 sw      a5,-20(s0/fp)
PC=00000318 [FE241783] X15=00000001 X08=00500000 X02=004FFFC0 lh      a5,-30(s0/fp)
PC=0000031C [01079713] X14=00010000 X15=00000001 X16=00000000 slli    a4,a5,16
PC=00000320 [01075713] X14=00000001 X14=00010000 X16=00000000 srli    a4,a4,16
PC=00000324 [FFF70713] X14=00000000 X14=00000001 X31=00000000 addi    a4,a4,-1
PC=00000328 [01071713] X14=00000000 X14=00000000 X16=00000000 slli    a4,a4,16
PC=0000032C [01075713] X14=00000000 X14=00000000 X16=00000000 srli    a4,a4,16
PC=00000330 [FEE41123] X02=004FFFC0 X08=00500000 X14=00000000 sh      a4,-30(s0/fp)
PC=000002E8 [FA079AE3] X21=00000000 X15=00000001 X00=00000000 bne     a5,zero,-76
PC=000002E8 [FE842603] X12=00000013 X08=00500000 X08=00500000 lw      a2,-24(s0/fp)
PC=000002EC [FEC42683] X13=00000000 X08=00500000 X12=00000013 lw      a3,-20(s0/fp)
PC=000002F0 [00100513] X10=00000001 X00=00000000 X01=000001C0 addi    a0,zero,1
PC=000002F4 [00000593] X11=00000000 X00=00000000 X00=00000000 addi    a1,zero,0
PC=000002F8 [00A60733] X14=00000014 X12=00000013 X10=00000001 add     a4,a2,a0
PC=000002FC [00070813] X16=00000014 X14=00000014 X00=00000000 addi    a6,a4,0
PC=00000300 [00C83833] X16=00000000 X16=00000014 X12=00000013 sltu    a6,a6,a2
PC=00000304 [00B687B3] X15=00000000 X13=00000000 X11=00000000 add     a5,a3,a1
PC=00000308 [00F806B3] X13=00000000 X16=00000000 X15=00000000 add     a3,a6,a5
PC=0000030C [00068793] X15=00000000 X13=00000000 X00=00000000 addi    a5,a3,0
PC=00000310 [FEE42423] X08=00500000 X08=00500000 X14=00000014 sw      a4,-24(s0/fp)
PC=00000314 [FEF42623] X12=00000013 X08=00500000 X15=00000000 sw      a5,-20(s0/fp)
PC=00000318 [FE241783] X15=00000000 X08=00500000 X02=004FFFC0 lh      a5,-30(s0/fp)
PC=0000031C [01079713] X14=00000000 X15=00000000 X16=00000000 slli    a4,a5,16
PC=00000320 [01075713] X14=00000000 X14=00000000 X16=00000000 srli    a4,a4,16
PC=00000324 [FFF70713] X14=FFFFFFFF X14=00000000 X31=00000000 addi    a4,a4,-1
PC=00000328 [01071713] X14=FFFF0000 X14=FFFFFFFF X16=00000000 slli    a4,a4,16
PC=0000032C [01075713] X14=0000FFFF X14=FFFF0000 X16=00000000 srli    a4,a4,16
PC=00000330 [FEE41123] X02=004FFFC0 X08=00500000 X14=0000FFFF sh      a4,-30(s0/fp)
PC=00000338 [FA079AE3] X21=00000000 X15=00000000 X00=00000000 bne     a5,zero,-76
PC=00000338 [FE041123] X02=004FFFC0 X08=00500000 X00=00000000 sh      zero,-30(s0/fp)
PC=0000033C [00500793] X15=00000005 X00=00000000 X05=00000000 addi    a5,zero,5
PC=00000340 [FCF42E23] X28=00000000 X08=00500000 X15=00000005 sw      a5,-36(s0/fp)
PC=00000344 [0340006F] X00=00000000 X00=00000000 X20=00000000 jal     zero,52
PC=00000378 [FDC42783] X15=00000005 X08=00500000 X28=00000000 lw      a5,-36(s0/fp)
PC=0000037C [FFF78713] X14=00000004 X15=00000005 X31=00000000 addi    a4,a5,-1
PC=00000380 [FCE42E23] X28=00000000 X08=00500000 X14=00000004 sw      a4,-36(s0/fp)
PC=00000348 [FC0792E3] X05=00000000 X15=00000005 X00=00000000 bne     a5,zero,-60
PC=00000348 [FE842603] X12=00000014 X08=00500000 X08=00500000 lw      a2,-24(s0/fp)
PC=0000034C [FEC42683] X13=00000000 X08=00500000 X12=00000014 lw      a3,-20(s0/fp)
PC=00000350 [00100513] X10=00000001 X00=00000000 X01=000001C0 addi    a0,zero,1
PC=00000354 [00000593] X11=00000000 X00=00000000 X00=00000000 addi    a1,zero,0
PC=00000358 [00A60733] X14=00000015 X12=00000014 X10=00000001 add     a4,a2,a0
PC=0000035C [00070813] X16=00000015 X14=00000015 X00=00000000 addi    a6,a4,0
PC=00000360 [00C83833] X16=00000000 X16=00000015 X12=00000014 sltu    a6,a6,a2
PC=00000364 [00B687B3] X15=00000000 X13=00000000 X11=00000000 add     a5,a3,a1
PC=00000368 [00F806B3] X13=00000000 X16=00000000 X15=00000000 add     a3,a6,a5
PC=0000036C [00068793] X15=00000000 X13=00000000 X00=00000000 addi    a5,a3,0
PC=00000370 [FEE42423] X08=00500000 X08=00500000 X14=00000015 sw      a4,-24(s0/fp)
PC=00000374 [FEF42623] X12=00000014 X08=00500000 X15=00000000 sw      a5,-20(s0/fp)
PC=00000378 [FDC42783] X15=00000004 X08=00500000 X28=00000000 lw      a5,-36(s0/fp)
PC=0000037C [FFF78713] X14=00000003 X15=00000004 X31=00000000 addi    a4,a5,-1
PC=00000380 [FCE42E23] X28=00000000 X08=00500000 X14=00000003 sw      a4,-36(s0/fp)
PC=00000348 [FC0792E3] X05=00000000 X15=00000004 X00=00000000 bne     a5,zero,-60
PC=00000348 [FE842603] X12=00000015 X08=00500000 X08=00500000 lw      a2,-24(s0/fp)
PC=0000034C [FEC42683] X13=00000000 X08=00500000 X12=00000015 lw      a3,-20(s0/fp)
PC=00000350 [00100513] X10=00000001 X00=00000000 X01=000001C0 addi    a0,zero,1
PC=00000354 [00000593] X11=00000000 X00=00000000 X00=00000000 addi    a1,zero,0
PC=00000358 [00A60733] X14=00000016 X12=00000015 X10=00000001 add     a4,a2,a0
PC=0000035C [00070813] X16=00000016 X14=00000016 X00=00000000 addi    a6,a4,0
PC=00000360 [00C83833] X16=00000000 X16=00000016 X12=00000015 sltu    a6,a6,a2
PC=00000364 [00B687B3] X15=00000000 X13=00000000 X11=00000000 add     a5,a3,a1
PC=00000368 [00F806B3] X13=00000000 X16=00000000 X15=00000000 add     a3,a6,a5
PC=0000036C [00068793] X15=00000000 X13=00000000 X00=00000000 addi    a5,a3,0
PC=00000370 [FEE42423] X08=00500000 X08=00500000 X14=00000016 sw      a4,-24(s0/fp)
PC=00000374 [FEF42623] X12=00000015 X08=00500000 X15=00000000 sw      a5,-20(s0/fp)
PC=00000378 [FDC42783] X15=00000003 X08=00500000 X28=00000000 lw      a5,-36(s0/fp)
PC=0000037C [FFF78713] X14=00000002 X15=00000003 X31=00000000 addi    a4,a5,-1
PC=00000380 [FCE42E23] X28=00000000 X08=00500000 X14=00000002 sw      a4,-36(s0/fp)
PC=00000348 [FC0792E3] X05=00000000 X15=00000003 X00=00000000 bne     a5,zero,-60
PC=00000348 [FE842603] X12=00000016 X08=00500000 X08=00500000 lw      a2,-24(s0/fp)
PC=0000034C [FEC42683] X13=00000000 X08=00500000 X12=00000016 lw      a3,-20(s0/fp)
PC=00000350 [00100513] X10=00000001 X00=00000000 X01=000001C0 addi    a0,zero,1
PC=00000354 [00000593] X11=00000000 X00=00000000 X00=00000000 addi    a1,zero,0
PC=00000358 [00A60733] X14=00000017 X12=00000016 X10=00000001 add     a4,a2,a0
PC=0000035C [00070813] X16=00000017 X14=00000017 X00=00000000 addi    a6,a4,0
PC=00000360 [00C83833] X16=00000000 X16=00000017 X12=00000016 sltu    a6,a6,a2
PC=00000364 [00B687B3] X15=00000000 X13=00000000 X11=00000000 add     a5,a3,a1
PC=00000368 [00F806B3] X13=00000000 X16=00000000 X15=00000000 add     a3,a6,a5
PC=0000036C [00068793] X15=00000000 X13=00000000 X00=00000000 addi    a5,a3,0
PC=00000370 [FEE42423] X08=00500000 X08=00500000 X14=00000017 sw      a4,-24(s0/fp)
PC=00000374 [FEF42623] X12=00000016 X08=00500000 X15=00000000 sw      a5,-20(s0/fp)
PC=00000378 [FDC42783] X15=00000002 X08=00500000 X28=00000000 lw      a5,-36(s0/fp)
PC=0000037C [FFF78713] X14=00000001 X15=00000002 X31=00000000 addi    a4,a5,-1
PC=00000380 [FCE42E23] X28=00000000 X08=00500000 X14=00000001 sw      a4,-36(s0/fp)
PC=00000348 [FC0792E3] X05=00000000 X15=00000002 X00=00000000 bne     a5,zero,-60
PC=00000348 [FE842603] X12=00000017 X08=00500000 X08=00500000 lw      a2,-24(s0/fp)
PC=0000034C [FEC42683] X13=00000000 X08=00500000 X12=00000017 lw      a3,-20(s0/fp)
PC=00000350 [00100513] X10=00000001 X00=00000000 X01=000001C0 addi    a0,zero,1
PC=00000354 [00000593] X11=00000000 X00=00000000 X00=00000000 addi    a1,zero,0
PC=00000358 [00A60733] X14=00000018 X12=00000017 X10=00000001 add     a4,a2,a0
PC=0000035C [00070813] X16=00000018 X14=00000018 X00=00000000 addi    a6,a4,0
PC=00000360 [00C83833] X16=00000000 X16=00000018 X12=00000017 sltu    a6,a6,a2
PC=00000364 [00B687B3] X15=00000000 X13=00000000 X11=00000000 add     a5,a3,a1
PC=00000368 [00F806B3] X13=00000000 X16=00000000 X15=00000000 add     a3,a6,a5
PC=0000036C [00068793] X15=00000000 X13=00000000 X00=00000000 addi    a5,a3,0
PC=00000370 [FEE42423] X08=00500000 X08=00500000 X14=00000018 sw      a4,-24(s0/fp)
PC=00000374 [FEF42623] X12=00000017 X08=00500000 X15=00000000 sw      a5,-20(s0/fp)
PC=00000378 [FDC42783] X15=00000001 X08=00500000 X28=00000000 lw      a5,-36(s0/fp)
PC=0000037C [FFF78713] X14=00000000 X15=00000001 X31=00000000 addi    a4,a5,-1
PC=00000380 [FCE42E23] X28=00000000 X08=00500000 X14=00000000 sw      a4,-36(s0/fp)
PC=00000348 [FC0792E3] X05=00000000 X15=00000001 X00=00000000 bne     a5,zero,-60
PC=00000348 [FE842603] X12=00000018 X08=00500000 X08=00500000 lw      a2,-24(s0/fp)
PC=0000034C [FEC42683] X13=00000000 X08=00500000 X12=00000018 lw      a3,-20(s0/fp)
PC=00000350 [00100513] X10=00000001 X00=00000000 X01=000001C0 addi    a0,zero,1
PC=00000354 [00000593] X11=00000000 X00=00000000 X00=00000000 addi    a1,zero,0
PC=00000358 [00A60733] X14=00000019 X12=00000018 X10=00000001 add     a4,a2,a0
PC=0000035C [00070813] X16=00000019 X14=00000019 X00=00000000 addi    a6,a4,0
PC=00000360 [00C83833] X16=00000000 X16=00000019 X12=00000018 sltu    a6,a6,a2
PC=00000364 [00B687B3] X15=00000000 X13=00000000 X11=00000000 add     a5,a3,a1
PC=00000368 [00F806B3] X13=00000000 X16=00000000 X15=00000000 add     a3,a6,a5
PC=0000036C [00068793] X15=00000000 X13=00000000 X00=00000000 addi    a5,a3,0
PC=00000370 [FEE42423] X08=00500000 X08=00500000 X14=00000019 sw      a4,-24(s0/fp)
PC=00000374 [FEF42623] X12=00000018 X08=00500000 X15=00000000 sw      a5,-20(s0/fp)
PC=00000378 [FDC42783] X15=00000000 X08=00500000 X28=00000000 lw      a5,-36(s0/fp)
PC=0000037C [FFF78713] X14=FFFFFFFF X15=00000000 X31=00000000 addi    a4,a5,-1
PC=00000380 [FCE42E23] X28=00000000 X08=00500000 X14=FFFFFFFF sw      a4,-36(s0/fp)
PC=00000388 [FC0792E3] X05=00000000 X15=00000000 X00=00000000 bne     a5,zero,-60
PC=00000388 [FC042E23] X28=00000000 X08=00500000 X00=00000000 sw      zero,-36(s0/fp)
PC=0000038C [00500793] X15=00000005 X00=00000000 X05=00000000 addi    a5,zero,5
PC=00000390 [FCF42C23] X24=00000000 X08=00500000 X15=00000005 sw      a5,-40(s0/fp)
PC=00000394 [0340006F] X00=00000000 X00=00000000 X20=00000000 jal     zero,52
PC=000003C8 [FD842783] X15=00000005 X08=00500000 X24=00000000 lw      a5,-40(s0/fp)
PC=000003CC [FFF78713] X14=00000004 X15=00000005 X31=00000000 addi    a4,a5,-1
PC=000003D0 [FCE42C23] X24=00000000 X08=00500000 X14=00000004 sw      a4,-40(s0/fp)
PC=00000398 [FC0792E3] X05=00000000 X15=00000005 X00=00000000 bne     a5,zero,-60
PC=00000398 [FE842603] X12=00000019 X08=00500000 X08=00500000 lw      a2,-24(s0/fp)
PC=0000039C [FEC42683] X13=00000000 X08=00500000 X12=00000019 lw      a3,-20(s0/fp)
PC=000003A0 [00100513] X10=00000001 X00=00000000 X01=000001C0 addi    a0,zero,1
PC=000003A4 [00000593] X11=00000000 X00=00000000 X00=00000000 addi    a1,zero,0
PC=000003A8 [00A60733] X14=0000001A X12=00000019 X10=00000001 add     a4,a2,a0
PC=000003AC [00070813] X16=0000001A X14=0000001A X00=00000000 addi    a6,a4,0
PC=000003B0 [00C83833] X16=00000000 X16=0000001A X12=00000019 sltu    a6,a6,a2
PC=000003B4 [00B687B3] X15=00000000 X13=00000000 X11=00000000 add     a5,a3,a1
PC=000003B8 [00F806B3] X13=00000000 X16=00000000 X15=00000000 add     a3,a6,a5
PC=000003BC [00068793] X15=00000000 X13=00000000 X00=00000000 addi    a5,a3,0
PC=000003C0 [FEE42423] X08=00500000 X08=00500000 X14=0000001A sw      a4,-24(s0/fp)
PC=000003C4 [FEF42623] X12=00000019 X08=00500000 X15=00000000 sw      a5,-20(s0/fp)
PC=000003C8 [FD842783] X15=00000004 X08=00500000 X24=00000000 lw      a5,-40(s0/fp)
PC=000003CC [FFF78713] X14=00000003 X15=00000004 X31=00000000 addi    a4,a5,-1
PC=000003D0 [FCE42C23] X24=00000000 X08=00500000 X14=00000003 sw      a4,-40(s0/fp)
PC=00000398 [FC0792E3] X05=00000000 X15=00000004 X00=00000000 bne     a5,zero,-60
PC=00000398 [FE842603] X12=0000001A X08=00500000 X08=00500000 lw      a2,-24(s0/fp)
PC=0000039C [FEC42683] X13=00000000 X08=00500000 X12=0000001A lw      a3,-20(s0/fp)
PC=000003A0 [00100513] X10=00000001 X00=00000000 X01=000001C0 addi    a0,zero,1
PC=000003A4 [00000593] X11=00000000 X00=00000000 X00=00000000 addi    a1,zero,0
PC=000003A8 [00A60733] X14=0000001B X12=0000001A X10=00000001 add     a4,a2,a0
PC=000003AC [00070813] X16=0000001B X14=0000001B X00=00000000 addi    a6,a4,0
PC=000003B0 [00C83833] X16=00000000 X16=0000001B X12=0000001A sltu    a6,a6,a2
PC=000003B4 [00B687B3] X15=00000000 X13=00000000 X11=00000000 add     a5,a3,a1
PC=000003B8 [00F806B3] X13=00000000 X16=00000000 X15=00000000 add     a3,a6,a5
PC=000003BC [00068793] X15=00000000 X13=00000000 X00=00000000 addi    a5,a3,0
PC=000003C0 [FEE42423] X08=00500000 X08=00500000 X14=0000001B sw      a4,-24(s0/fp)
PC=000003C4 [FEF42623] X12=0000001A X08=00500000 X15=00000000 sw      a5,-20(s0/fp)
PC=000003C8 [FD842783] X15=00000003 X08=00500000 X24=00000000 lw      a5,-40(s0/fp)
PC=000003CC [FFF78713] X14=00000002 X15=00000003 X31=00000000 addi    a4,a5,-1
PC=000003D0 [FCE42C23] X24=00000000 X08=00500000 X14=00000002 sw      a4,-40(s0/fp)
PC=00000398 [FC0792E3] X05=00000000 X15=00000003 X00=00000000 bne     a5,zero,-60
PC=00000398 [FE842603] X12=0000001B X08=00500000 X08=00500000 lw      a2,-24(s0/fp)
PC=0000039C [FEC42683] X13=00000000 X08=00500000 X12=0000001B lw      a3,-20(s0/fp)
PC=000003A0 [00100513] X10=00000001 X00=00000000 X01=000001C0 addi    a0,zero,1
PC=000003A4 [00000593] X11=00000000 X00=00000000 X00=00000000 addi    a1,zero,0
PC=000003A8 [00A60733] X14=0000001C X12=0000001B X10=00000001 add     a4,a2,a0
PC=000003AC [00070813] X16=0000001C X14=0000001C X00=00000000 addi    a6,a4,0
PC=000003B0 [00C83833] X16=00000000 X16=0000001C X12=0000001B sltu    a6,a6,a2
PC=000003B4 [00B687B3] X15=00000000 X13=00000000 X11=00000000 add     a5,a3,a1
PC=000003B8 [00F806B3] X13=00000000 X16=00000000 X15=00000000 add     a3,a6,a5
PC=000003BC [00068793] X15=00000000 X13=00000000 X00=00000000 addi    a5,a3,0
PC=000003C0 [FEE42423] X08=00500000 X08=00500000 X14=0000001C sw      a4,-24(s0/fp)
PC=000003C4 [FEF42623] X12=0000001B X08=00500000 X15=00000000 sw      a5,-20(s0/fp)
PC=000003C8 [FD842783] X15=00000002 X08=00500000 X24=00000000 lw      a5,-40(s0/fp)
PC=000003CC [FFF78713] X14=00000001 X15=00000002 X31=00000000 addi    a4,a5,-1
PC=000003D0 [FCE42C23] X24=00000000 X08=00500000 X14=00000001 sw      a4,-40(s0/fp)
PC=00000398 [FC0792E3] X05=00000000 X15=00000002 X00=00000000 bne     a5,zero,-60
PC=00000398 [FE842603] X12=0000001C X08=00500000 X08=00500000 lw      a2,-24(s0/fp)
PC=0000039C [FEC42683] X13=00000000 X08=00500000 X12=0000001C lw      a3,-20(s0/fp)
PC=000003A0 [00100513] X10=00000001 X00=00000000 X01=000001C0 addi    a0,zero,1
PC=000003A4 [00000593] X11=00000000 X00=00000000 X00=00000000 addi    a1,zero,0
PC=000003A8 [00A60733] X14=0000001D X12=0000001C X10=00000001 add     a4,a2,a0
PC=000003AC [00070813] X16=0000001D X14=0000001D X00=00000000 addi    a6,a4,0
PC=000003B0 [00C83833] X16=00000000 X16=0000001D X12=0000001C sltu    a6,a6,a2
PC=000003B4 [00B687B3] X15=00000000 X13=00000000 X11=00000000 add     a5,a3,a1
PC=000003B8 [00F806B3] X13=00000000 X16=00000000 X15=00000000 add     a3,a6,a5
PC=000003BC [00068793] X15=00000000 X13=00000000 X00=00000000 addi    a5,a3,0
PC=000003C0 [FEE42423] X08=00500000 X08=00500000 X14=0000001D sw      a4,-24(s0/fp)
PC=000003C4 [FEF42623] X12=0000001C X08=00500000 X15=00000000 sw      a5,-20(s0/fp)
PC=000003C8 [FD842783] X15=00000001 X08=00500000 X24=00000000 lw      a5,-40(s0/fp)
PC=000003CC [FFF78713] X14=00000000 X15=00000001 X31=00000000 addi    a4,a5,-1
PC=000003D0 [FCE42C23] X24=00000000 X08=00500000 X14=00000000 sw      a4,-40(s0/fp)
PC=00000398 [FC0792E3] X05=00000000 X15=00000001 X00=00000000 bne     a5,zero,-60
PC=00000398 [FE842603] X12=0000001D X08=00500000 X08=00500000 lw      a2,-24(s0/fp)
PC=0000039C [FEC42683] X13=00000000 X08=00500000 X12=0000001D lw      a3,-20(s0/fp)
PC=000003A0 [00100513] X10=00000001 X00=00000000 X01=000001C0 addi    a0,zero,1
PC=000003A4 [00000593] X11=00000000 X00=00000000 X00=00000000 addi    a1,zero,0
PC=000003A8 [00A60733] X14=0000001E X12=0000001D X10=00000001 add     a4,a2,a0
PC=000003AC [00070813] X16=0000001E X14=0000001E X00=00000000 addi    a6,a4,0
PC=000003B0 [00C83833] X16=00000000 X16=0000001E X12=0000001D sltu    a6,a6,a2
PC=000003B4 [00B687B3] X15=00000000 X13=00000000 X11=00000000 add     a5,a3,a1
PC=000003B8 [00F806B3] X13=00000000 X16=00000000 X15=00000000 add     a3,a6,a5
PC=000003BC [00068793] X15=00000000 X13=00000000 X00=00000000 addi    a5,a3,0
PC=000003C0 [FEE42423] X08=00500000 X08=00500000 X14=0000001E sw      a4,-24(s0/fp)
PC=000003C4 [FEF42623] X12=0000001D X08=00500000 X15=00000000 sw      a5,-20(s0/fp)
PC=000003C8 [FD842783] X15=00000000 X08=00500000 X24=00000000 lw      a5,-40(s0/fp)
PC=000003CC [FFF78713] X14=FFFFFFFF X15=00000000 X31=00000000 addi    a4,a5,-1
PC=000003D0 [FCE42C23] X24=00000000 X08=00500000 X14=FFFFFFFF sw      a4,-40(s0/fp)
PC=000003D8 [FC0792E3] X05=00000000 X15=00000000 X00=00000000 bne     a5,zero,-60
PC=000003D8 [FC042C23] X24=00000000 X08=00500000 X00=00000000 sw      zero,-40(s0/fp)
PC=000003DC [00500713] X14=00000005 X00=00000000 X05=00000000 addi    a4,zero,5
PC=000003E0 [00000793] X15=00000000 X00=00000000 X00=00000000 addi    a5,zero,0
PC=000003E4 [FCE42823] X16=00000000 X08=00500000 X14=00000005 sw      a4,-48(s0/fp)
PC=000003E8 [FCF42A23] X20=00000000 X08=00500000 X15=00000000 sw      a5,-44(s0/fp)
PC=000003EC [0340006F] X00=00000000 X00=00000000 X20=00000000 jal     zero,52
PC=00000420 [FD042703] X14=00000005 X08=00500000 X16=00000000 lw      a4,-48(s0/fp)
PC=00000424 [FD442783] X15=00000000 X08=00500000 X20=00000000 lw      a5,-44(s0/fp)
PC=00000428 [FFF00513] X10=FFFFFFFF X00=00000000 X31=00000000 addi    a0,zero,-1
PC=0000042C [FFF00593] X11=FFFFFFFF X00=00000000 X31=00000000 addi    a1,zero,-1
PC=00000430 [00A70633] X12=00000004 X14=00000005 X10=FFFFFFFF add     a2,a4,a0
PC=00000434 [00060813] X16=00000004 X12=00000004 X00=00000000 addi    a6,a2,0
PC=00000438 [00E83833] X16=00000001 X16=00000004 X14=00000005 sltu    a6,a6,a4
PC=0000043C [00B786B3] X13=FFFFFFFF X15=00000000 X11=FFFFFFFF add     a3,a5,a1
PC=00000440 [00D805B3] X11=00000000 X16=00000001 X13=FFFFFFFF add     a1,a6,a3
PC=00000444 [00058693] X13=00000000 X11=00000000 X00=00000000 addi    a3,a1,0
PC=00000448 [FCC42823] X16=00000001 X08=00500000 X12=00000004 sw      a2,-48(s0/fp)
PC=0000044C [FCD42A23] X20=00000000 X08=00500000 X13=00000000 sw      a3,-44(s0/fp)
PC=00000450 [00070693] X13=00000005 X14=00000005 X00=00000000 addi    a3,a4,0
PC=00000454 [00F6E6B3] X13=00000005 X13=00000005 X15=00000000 or      a3,a3,a5
PC=000003F0 [F8069CE3] X25=00000000 X13=00000005 X00=00000000 bne     a3,zero,-104
PC=000003F0 [FE842603] X12=0000001E X08=00500000 X08=00500000 lw      a2,-24(s0/fp)
PC=000003F4 [FEC42683] X13=00000000 X08=00500000 X12=0000001E lw      a3,-20(s0/fp)
PC=000003F8 [00100513] X10=00000001 X00=00000000 X01=000001C0 addi    a0,zero,1
PC=000003FC [00000593] X11=00000000 X00=00000000 X00=00000000 addi    a1,zero,0
PC=00000400 [00A60733] X14=0000001F X12=0000001E X10=00000001 add     a4,a2,a0
PC=00000404 [00070813] X16=0000001F X14=0000001F X00=00000000 addi    a6,a4,0
PC=00000408 [00C83833] X16=00000000 X16=0000001F X12=0000001E sltu    a6,a6,a2
PC=0000040C [00B687B3] X15=00000000 X13=00000000 X11=00000000 add     a5,a3,a1
PC=00000410 [00F806B3] X13=00000000 X16=00000000 X15=00000000 add     a3,a6,a5
PC=00000414 [00068793] X15=00000000 X13=00000000 X00=00000000 addi    a5,a3,0
PC=00000418 [FEE42423] X08=00500000 X08=00500000 X14=0000001F sw      a4,-24(s0/fp)
PC=0000041C [FEF42623] X12=0000001E X08=00500000 X15=00000000 sw      a5,-20(s0/fp)
PC=00000420 [FD042703] X14=00000004 X08=00500000 X16=00000000 lw      a4,-48(s0/fp)
PC=00000424 [FD442783] X15=00000000 X08=00500000 X20=00000000 lw      a5,-44(s0/fp)
PC=00000428 [FFF00513] X10=FFFFFFFF X00=00000000 X31=00000000 addi    a0,zero,-1
PC=0000042C [FFF00593] X11=FFFFFFFF X00=00000000 X31=00000000 addi    a1,zero,-1
PC=00000430 [00A70633] X12=00000003 X14=00000004 X10=FFFFFFFF add     a2,a4,a0
PC=00000434 [00060813] X16=00000003 X12=00000003 X00=00000000 addi    a6,a2,0
PC=00000438 [00E83833] X16=00000001 X16=00000003 X14=00000004 sltu    a6,a6,a4
PC=0000043C [00B786B3] X13=FFFFFFFF X15=00000000 X11=FFFFFFFF add     a3,a5,a1
PC=00000440 [00D805B3] X11=00000000 X16=00000001 X13=FFFFFFFF add     a1,a6,a3
PC=00000444 [00058693] X13=00000000 X11=00000000 X00=00000000 addi    a3,a1,0
PC=00000448 [FCC42823] X16=00000001 X08=00500000 X12=00000003 sw      a2,-48(s0/fp)
PC=0000044C [FCD42A23] X20=00000000 X08=00500000 X13=00000000 sw      a3,-44(s0/fp)
PC=00000450 [00070693] X13=00000004 X14=00000004 X00=00000000 addi    a3,a4,0
PC=00000454 [00F6E6B3] X13=00000004 X13=00000004 X15=00000000 or      a3,a3,a5
PC=000003F0 [F8069CE3] X25=00000000 X13=00000004 X00=00000000 bne     a3,zero,-104
PC=000003F0 [FE842603] X12=0000001F X08=00500000 X08=00500000 lw      a2,-24(s0/fp)
PC=000003F4 [FEC42683] X13=00000000 X08=00500000 X12=0000001F lw      a3,-20(s0/fp)
PC=000003F8 [00100513] X10=00000001 X00=00000000 X01=000001C0 addi    a0,zero,1
PC=000003FC [00000593] X11=00000000 X00=00000000 X00=00000000 addi    a1,zero,0
PC=00000400 [00A60733] X14=00000020 X12=0000001F X10=00000001 add     a4,a2,a0
PC=00000404 [00070813] X16=00000020 X14=00000020 X00=00000000 addi    a6,a4,0
PC=00000408 [00C83833] X16=00000000 X16=00000020 X12=0000001F sltu    a6,a6,a2
PC=0000040C [00B687B3] X15=00000000 X13=00000000 X11=00000000 add     a5,a3,a1
PC=00000410 [00F806B3] X13=00000000 X16=00000000 X15=00000000 add     a3,a6,a5
PC=00000414 [00068793] X15=00000000 X13=00000000 X00=00000000 addi    a5,a3,0
PC=00000418 [FEE42423] X08=00500000 X08=00500000 X14=00000020 sw      a4,-24(s0/fp)
PC=0000041C [FEF42623] X12=0000001F X08=00500000 X15=00000000 sw      a5,-20(s0/fp)
PC=00000420 [FD042703] X14=00000003 X08=00500000 X16=00000000 lw      a4,-48(s0/fp)
PC=00000424 [FD442783] X15=00000000 X08=00500000 X20=00000000 lw      a5,-44(s0/fp)
PC=00000428 [FFF00513] X10=FFFFFFFF X00=00000000 X31=00000000 addi    a0,zero,-1
PC=0000042C [FFF00593] X11=FFFFFFFF X00=00000000 X31=00000000 addi    a1,zero,-1
PC=00000430 [00A70633] X12=00000002 X14=00000003 X10=FFFFFFFF add     a2,a4,a0
PC=00000434 [00060813] X16=00000002 X12=00000002 X00=00000000 addi    a6,a2,0
PC=00000438 [00E83833] X16=00000001 X16=00000002 X14=00000003 sltu    a6,a6,a4
PC=0000043C [00B786B3] X13=FFFFFFFF X15=00000000 X11=FFFFFFFF add     a3,a5,a1
PC=00000440 [00D805B3] X11=00000000 X16=00000001 X13=FFFFFFFF add     a1,a6,a3
PC=00000444 [00058693] X13=00000000 X11=00000000 X00=00000000 addi    a3,a1,0
PC=00000448 [FCC42823] X16=00000001 X08=00500000 X12=00000002 sw      a2,-48(s0/fp)
PC=0000044C [FCD42A23] X20=00000000 X08=00500000 X13=00000000 sw      a3,-44(s0/fp)
PC=00000450 [00070693] X13=00000003 X14=00000003 X00=00000000 addi    a3,a4,0
PC=00000454 [00F6E6B3] X13=00000003 X13=00000003 X15=00000000 or      a3,a3,a5
PC=000003F0 [F8069CE3] X25=00000000 X13=00000003 X00=00000000 bne     a3,zero,-104
PC=000003F0 [FE842603] X12=00000020 X08=00500000 X08=00500000 lw      a2,-24(s0/fp)
PC=000003F4 [FEC42683] X13=00000000 X08=00500000 X12=00000020 lw      a3,-20(s0/fp)
PC=000003F8 [00100513] X10=00000001 X00=00000000 X01=000001C0 addi    a0,zero,1
PC=000003FC [00000593] X11=00000000 X00=00000000 X00=00000000 addi    a1,zero,0
PC=00000400 [00A60733] X14=00000021 X12=00000020 X10=00000001 add     a4,a2,a0
PC=00000404 [00070813] X16=00000021 X14=00000021 X00=00000000 addi    a6,a4,0
PC=00000408 [00C83833] X16=00000000 X16=00000021 X12=00000020 sltu    a6,a6,a2
PC=0000040C [00B687B3] X15=00000000 X13=00000000 X11=00000000 add     a5,a3,a1
PC=00000410 [00F806B3] X13=00000000 X16=00000000 X15=00000000 add     a3,a6,a5
PC=00000414 [00068793] X15=00000000 X13=00000000 X00=00000000 addi    a5,a3,0
PC=00000418 [FEE42423] X08=00500000 X08=00500000 X14=00000021 sw      a4,-24(s0/fp)
PC=0000041C [FEF42623] X12=00000020 X08=00500000 X15=00000000 sw      a5,-20(s0/fp)
PC=00000420 [FD042703] X14=00000002 X08=00500000 X16=00000000 lw      a4,-48(s0/fp)
PC=00000424 [FD442783] X15=00000000 X08=00500000 X20=00000000 lw      a5,-44(s0/fp)
PC=00000428 [FFF00513] X10=FFFFFFFF X00=00000000 X31=00000000 addi    a0,zero,-1
PC=0000042C [FFF00593] X11=FFFFFFFF X00=00000000 X31=00000000 addi    a1,zero,-1
PC=00000430 [00A70633] X12=00000001 X14=00000002 X10=FFFFFFFF add     a2,a4,a0
PC=00000434 [00060813] X16=00000001 X12=00000001 X00=00000000 addi    a6,a2,0
PC=00000438 [00E83833] X16=00000001 X16=00000001 X14=00000002 sltu    a6,a6,a4
PC=0000043C [00B786B3] X13=FFFFFFFF X15=00000000 X11=FFFFFFFF add     a3,a5,a1
PC=00000440 [00D805B3] X11=00000000 X16=00000001 X13=FFFFFFFF add     a1,a6,a3
PC=00000444 [00058693] X13=00000000 X11=00000000 X00=00000000 addi    a3,a1,0
PC=00000448 [FCC42823] X16=00000001 X08=00500000 X12=00000001 sw      a2,-48(s0/fp)
PC=0000044C [FCD42A23] X20=00000000 X08=00500000 X13=00000000 sw      a3,-44(s0/fp)
PC=00000450 [00070693] X13=00000002 X14=00000002 X00=00000000 addi    a3,a4,0
PC=00000454 [00F6E6B3] X13=00000002 X13=00000002 X15=00000000 or      a3,a3,a5
PC=000003F0 [F8069CE3] X25=00000000 X13=00000002 X00=00000000 bne     a3,zero,-104
PC=000003F0 [FE842603] X12=00000021 X08=00500000 X08=00500000 lw      a2,-24(s0/fp)
PC=000003F4 [FEC42683] X13=00000000 X08=00500000 X12=00000021 lw      a3,-20(s0/fp)
PC=000003F8 [00100513] X10=00000001 X00=00000000 X01=000001C0 addi    a0,zero,1
PC=000003FC [00000593] X11=00000000 X00=00000000 X00=00000000 addi    a1,zero,0
PC=00000400 [00A60733] X14=00000022 X12=00000021 X10=00000001 add     a4,a2,a0
PC=00000404 [00070813] X16=00000022 X14=00000022 X00=00000000 addi    a6,a4,0
PC=00000408 [00C83833] X16=00000000 X16=00000022 X12=00000021 sltu    a6,a6,a2
PC=0000040C [00B687B3] X15=00000000 X13=00000000 X11=00000000 add     a5,a3,a1
PC=00000410 [00F806B3] X13=00000000 X16=00000000 X15=00000000 add     a3,a6,a5
PC=00000414 [00068793] X15=00000000 X13=00000000 X00=00000000 addi    a5,a3,0
PC=00000418 [FEE42423] X08=00500000 X08=00500000 X14=00000022 sw      a4,-24(s0/fp)
PC=0000041C [FEF42623] X12=00000021 X08=00500000 X15=00000000 sw      a5,-20(s0/fp)
PC=00000420 [FD042703] X14=00000001 X08=00500000 X16=00000000 lw      a4,-48(s0/fp)
PC=00000424 [FD442783] X15=00000000 X08=00500000 X20=00000000 lw      a5,-44(s0/fp)
PC=00000428 [FFF00513] X10=FFFFFFFF X00=00000000 X31=00000000 addi    a0,zero,-1
PC=0000042C [FFF00593] X11=FFFFFFFF X00=00000000 X31=00000000 addi    a1,zero,-1
PC=00000430 [00A70633] X12=00000000 X14=00000001 X10=FFFFFFFF add     a2,a4,a0
PC=00000434 [00060813] X16=00000000 X12=00000000 X00=00000000 addi    a6,a2,0
PC=00000438 [00E83833] X16=00000001 X16=00000000 X14=00000001 sltu    a6,a6,a4
PC=0000043C [00B786B3] X13=FFFFFFFF X15=00000000 X11=FFFFFFFF add     a3,a5,a1
PC=00000440 [00D805B3] X11=00000000 X16=00000001 X13=FFFFFFFF add     a1,a6,a3
PC=00000444 [00058693] X13=00000000 X11=00000000 X00=00000000 addi    a3,a1,0
PC=00000448 [FCC42823] X16=00000001 X08=00500000 X12=00000000 sw      a2,-48(s0/fp)
PC=0000044C [FCD42A23] X20=00000000 X08=00500000 X13=00000000 sw      a3,-44(s0/fp)
PC=00000450 [00070693] X13=00000001 X14=00000001 X00=00000000 addi    a3,a4,0
PC=00000454 [00F6E6B3] X13=00000001 X13=00000001 X15=00000000 or      a3,a3,a5
PC=000003F0 [F8069CE3] X25=00000000 X13=00000001 X00=00000000 bne     a3,zero,-104
PC=000003F0 [FE842603] X12=00000022 X08=00500000 X08=00500000 lw      a2,-24(s0/fp)
PC=000003F4 [FEC42683] X13=00000000 X08=00500000 X12=00000022 lw      a3,-20(s0/fp)
PC=000003F8 [00100513] X10=00000001 X00=00000000 X01=000001C0 addi    a0,zero,1
PC=000003FC [00000593] X11=00000000 X00=00000000 X00=00000000 addi    a1,zero,0
PC=00000400 [00A60733] X14=00000023 X12=00000022 X10=00000001 add     a4,a2,a0
PC=00000404 [00070813] X16=00000023 X14=00000023 X00=00000000 addi    a6,a4,0
PC=00000408 [00C83833] X16=00000000 X16=00000023 X12=00000022 sltu    a6,a6,a2
PC=0000040C [00B687B3] X15=00000000 X13=00000000 X11=00000000 add     a5,a3,a1
PC=00000410 [00F806B3] X13=00000000 X16=00000000 X15=00000000 add     a3,a6,a5
PC=00000414 [00068793] X15=00000000 X13=00000000 X00=00000000 addi    a5,a3,0
PC=00000418 [FEE42423] X08=00500000 X08=00500000 X14=00000023 sw      a4,-24(s0/fp)
PC=0000041C [FEF42623] X12=00000022 X08=00500000 X15=00000000 sw      a5,-20(s0/fp)
PC=00000420 [FD042703] X14=00000000 X08=00500000 X16=00000000 lw      a4,-48(s0/fp)
PC=00000424 [FD442783] X15=00000000 X08=00500000 X20=00000000 lw      a5,-44(s0/fp)
PC=00000428 [FFF00513] X10=FFFFFFFF X00=00000000 X31=00000000 addi    a0,zero,-1
PC=0000042C [FFF00593] X11=FFFFFFFF X00=00000000 X31=00000000 addi    a1,zero,-1
PC=00000430 [00A70633] X12=FFFFFFFF X14=00000000 X10=FFFFFFFF add     a2,a4,a0
PC=00000434 [00060813] X16=FFFFFFFF X12=FFFFFFFF X00=00000000 addi    a6,a2,0
PC=00000438 [00E83833] X16=00000000 X16=FFFFFFFF X14=00000000 sltu    a6,a6,a4
PC=0000043C [00B786B3] X13=FFFFFFFF X15=00000000 X11=FFFFFFFF add     a3,a5,a1
PC=00000440 [00D805B3] X11=FFFFFFFF X16=00000000 X13=FFFFFFFF add     a1,a6,a3
PC=00000444 [00058693] X13=FFFFFFFF X11=FFFFFFFF X00=00000000 addi    a3,a1,0
PC=00000448 [FCC42823] X16=00000000 X08=00500000 X12=FFFFFFFF sw      a2,-48(s0/fp)
PC=0000044C [FCD42A23] X20=00000000 X08=00500000 X13=FFFFFFFF sw      a3,-44(s0/fp)
PC=00000450 [00070693] X13=00000000 X14=00000000 X00=00000000 addi    a3,a4,0
PC=00000454 [00F6E6B3] X13=00000000 X13=00000000 X15=00000000 or      a3,a3,a5
PC=0000045C [F8069CE3] X25=00000000 X13=00000000 X00=00000000 bne     a3,zero,-104
PC=0000045C [00000793] X15=00000000 X00=00000000 X00=00000000 addi    a5,zero,0
PC=00000460 [00000813] X16=00000000 X00=00000000 X00=00000000 addi    a6,zero,0
PC=00000464 [FCF42823] X16=00000000 X08=00500000 X15=00000000 sw      a5,-48(s0/fp)
PC=00000468 [FD042A23] X20=00000000 X08=00500000 X16=00000000 sw      a6,-44(s0/fp)
PC=0000046C [00500713] X14=00000005 X00=00000000 X05=00000000 addi    a4,zero,5
PC=00000470 [00000793] X15=00000000 X00=00000000 X00=00000000 addi    a5,zero,0
PC=00000474 [FCE42423] X08=00500000 X08=00500000 X14=00000005 sw      a4,-56(s0/fp)
PC=00000478 [FCF42623] X12=FFFFFFFF X08=00500000 X15=00000000 sw      a5,-52(s0/fp)
PC=0000047C [0340006F] X00=00000000 X00=00000000 X20=00000000 jal     zero,52
PC=000004B0 [FC842703] X14=00000005 X08=00500000 X08=00500000 lw      a4,-56(s0/fp)
PC=000004B4 [FCC42783] X15=00000000 X08=00500000 X12=FFFFFFFF lw      a5,-52(s0/fp)
PC=000004B8 [FFF00513] X10=FFFFFFFF X00=00000000 X31=00000000 addi    a0,zero,-1
PC=000004BC [FFF00593] X11=FFFFFFFF X00=00000000 X31=00000000 addi    a1,zero,-1
PC=000004C0 [00A70633] X12=00000004 X14=00000005 X10=FFFFFFFF add     a2,a4,a0
PC=000004C4 [00060813] X16=00000004 X12=00000004 X00=00000000 addi    a6,a2,0
PC=000004C8 [00E83833] X16=00000001 X16=00000004 X14=00000005 sltu    a6,a6,a4
PC=000004CC [00B786B3] X13=FFFFFFFF X15=00000000 X11=FFFFFFFF add     a3,a5,a1
PC=000004D0 [00D805B3] X11=00000000 X16=00000001 X13=FFFFFFFF add     a1,a6,a3
PC=000004D4 [00058693] X13=00000000 X11=00000000 X00=00000000 addi    a3,a1,0
PC=000004D8 [FCC42423] X08=00500000 X08=00500000 X12=00000004 sw      a2,-56(s0/fp)
PC=000004DC [FCD42623] X12=00000004 X08=00500000 X13=00000000 sw      a3,-52(s0/fp)
PC=000004E0 [00070693] X13=00000005 X14=00000005 X00=00000000 addi    a3,a4,0
PC=000004E4 [00F6E6B3] X13=00000005 X13=00000005 X15=00000000 or      a3,a3,a5
PC=00000480 [F8069CE3] X25=00000000 X13=00000005 X00=00000000 bne     a3,zero,-104
PC=00000480 [FE842603] X12=00000023 X08=00500000 X08=00500000 lw      a2,-24(s0/fp)
PC=00000484 [FEC42683] X13=00000000 X08=00500000 X12=00000023 lw      a3,-20(s0/fp)
PC=00000488 [00100513] X10=00000001 X00=00000000 X01=000001C0 addi    a0,zero,1
PC=0000048C [00000593] X11=00000000 X00=00000000 X00=00000000 addi    a1,zero,0
PC=00000490 [00A60733] X14=00000024 X12=00000023 X10=00000001 add     a4,a2,a0
PC=00000494 [00070813] X16=00000024 X14=00000024 X00=00000000 addi    a6,a4,0
PC=00000498 [00C83833] X16=00000000 X16=00000024 X12=00000023 sltu    a6,a6,a2
PC=0000049C [00B687B3] X15=00000000 X13=00000000 X11=00000000 add     a5,a3,a1
PC=000004A0 [00F806B3] X13=00000000 X16=00000000 X15=00000000 add     a3,a6,a5
PC=000004A4 [00068793] X15=00000000 X13=00000000 X00=00000000 addi    a5,a3,0
PC=000004A8 [FEE42423] X08=00500000 X08=00500000 X14=00000024 sw      a4,-24(s0/fp)
PC=000004AC [FEF42623] X12=00000023 X08=00500000 X15=00000000 sw      a5,-20(s0/fp)
PC=000004B0 [FC842703] X14=00000004 X08=00500000 X08=00500000 lw      a4,-56(s0/fp)
PC=000004B4 [FCC42783] X15=00000000 X08=00500000 X12=00000023 lw      a5,-52(s0/fp)
PC=000004B8 [FFF00513] X10=FFFFFFFF X00=00000000 X31=00000000 addi    a0,zero,-1
PC=000004BC [FFF00593] X11=FFFFFFFF X00=00000000 X31=00000000 addi    a1,zero,-1
PC=000004C0 [00A70633] X12=00000003 X14=00000004 X10=FFFFFFFF add     a2,a4,a0
PC=000004C4 [00060813] X16=00000003 X12=00000003 X00=00000000 addi    a6,a2,0
PC=000004C8 [00E83833] X16=00000001 X16=00000003 X14=00000004 sltu    a6,a6,a4
PC=000004CC [00B786B3] X13=FFFFFFFF X15=00000000 X11=FFFFFFFF add     a3,a5,a1
PC=000004D0 [00D805B3] X11=00000000 X16=00000001 X13=FFFFFFFF add     a1,a6,a3
PC=000004D4 [00058693] X13=00000000 X11=00000000 X00=00000000 addi    a3,a1,0
PC=000004D8 [FCC42423] X08=00500000 X08=00500000 X12=00000003 sw      a2,-56(s0/fp)
PC=000004DC [FCD42623] X12=00000003 X08=00500000 X13=00000000 sw      a3,-52(s0/fp)
PC=000004E0 [00070693] X13=00000004 X14=00000004 X00=00000000 addi    a3,a4,0
PC=000004E4 [00F6E6B3] X13=00000004 X13=00000004 X15=00000000 or      a3,a3,a5
PC=00000480 [F8069CE3] X25=00000000 X13=00000004 X00=00000000 bne     a3,zero,-104
PC=00000480 [FE842603] X12=00000024 X08=00500000 X08=00500000 lw      a2,-24(s0/fp)
PC=00000484 [FEC42683] X13=00000000 X08=00500000 X12=00000024 lw      a3,-20(s0/fp)
PC=00000488 [00100513] X10=00000001 X00=00000000 X01=000001C0 addi    a0,zero,1
PC=0000048C [00000593] X11=00000000 X00=00000000 X00=00000000 addi    a1,zero,0
PC=00000490 [00A60733] X14=00000025 X12=00000024 X10=00000001 add     a4,a2,a0
PC=00000494 [00070813] X16=00000025 X14=00000025 X00=00000000 addi    a6,a4,0
PC=00000498 [00C83833] X16=00000000 X16=00000025 X12=00000024 sltu    a6,a6,a2
PC=0000049C [00B687B3] X15=00000000 X13=00000000 X11=00000000 add     a5,a3,a1
PC=000004A0 [00F806B3] X13=00000000 X16=00000000 X15=00000000 add     a3,a6,a5
PC=000004A4 [00068793] X15=00000000 X13=00000000 X00=00000000 addi    a5,a3,0
PC=000004A8 [FEE42423] X08=00500000 X08=00500000 X14=00000025 sw      a4,-24(s0/fp)
PC=000004AC [FEF42623] X12=00000024 X08=00500000 X15=00000000 sw      a5,-20(s0/fp)
PC=000004B0 [FC842703] X14=00000003 X08=00500000 X08=00500000 lw      a4,-56(s0/fp)
PC=000004B4 [FCC42783] X15=00000000 X08=00500000 X12=00000024 lw      a5,-52(s0/fp)
PC=000004B8 [FFF00513] X10=FFFFFFFF X00=00000000 X31=00000000 addi    a0,zero,-1
PC=000004BC [FFF00593] X11=FFFFFFFF X00=00000000 X31=00000000 addi    a1,zero,-1
PC=000004C0 [00A70633] X12=00000002 X14=00000003 X10=FFFFFFFF add     a2,a4,a0
PC=000004C4 [00060813] X16=00000002 X12=00000002 X00=00000000 addi    a6,a2,0
PC=000004C8 [00E83833] X16=00000001 X16=00000002 X14=00000003 sltu    a6,a6,a4
PC=000004CC [00B786B3] X13=FFFFFFFF X15=00000000 X11=FFFFFFFF add     a3,a5,a1
PC=000004D0 [00D805B3] X11=00000000 X16=00000001 X13=FFFFFFFF add     a1,a6,a3
PC=000004D4 [00058693] X13=00000000 X11=00000000 X00=00000000 addi    a3,a1,0
PC=000004D8 [FCC42423] X08=00500000 X08=00500000 X12=00000002 sw      a2,-56(s0/fp)
PC=000004DC [FCD42623] X12=00000002 X08=00500000 X13=00000000 sw      a3,-52(s0/fp)
PC=000004E0 [00070693] X13=00000003 X14=00000003 X00=00000000 addi    a3,a4,0
PC=000004E4 [00F6E6B3] X13=00000003 X13=00000003 X15=00000000 or      a3,a3,a5
PC=00000480 [F8069CE3] X25=00000000 X13=00000003 X00=00000000 bne     a3,zero,-104
PC=00000480 [FE842603] X12=00000025 X08=00500000 X08=00500000 lw      a2,-24(s0/fp)
PC=00000484 [FEC42683] X13=00000000 X08=00500000 X12=00000025 lw      a3,-20(s0/fp)
PC=00000488 [00100513] X10=00000001 X00=00000000 X01=000001C0 addi    a0,zero,1
PC=0000048C [00000593] X11=00000000 X00=00000000 X00=00000000 addi    a1,zero,0
PC=00000490 [00A60733] X14=00000026 X12=00000025 X10=00000001 add     a4,a2,a0
PC=00000494 [00070813] X16=00000026 X14=00000026 X00=00000000 addi    a6,a4,0
PC=00000498 [00C83833] X16=00000000 X16=00000026 X12=00000025 sltu    a6,a6,a2
PC=0000049C [00B687B3] X15=00000000 X13=00000000 X11=00000000 add     a5,a3,a1
PC=000004A0 [00F806B3] X13=00000000 X16=00000000 X15=00000000 add     a3,a6,a5
PC=000004A4 [00068793] X15=00000000 X13=00000000 X00=00000000 addi    a5,a3,0
PC=000004A8 [FEE42423] X08=00500000 X08=00500000 X14=00000026 sw      a4,-24(s0/fp)
PC=000004AC [FEF42623] X12=00000025 X08=00500000 X15=00000000 sw      a5,-20(s0/fp)
PC=000004B0 [FC842703] X14=00000002 X08=00500000 X08=00500000 lw      a4,-56(s0/fp)
PC=000004B4 [FCC42783] X15=00000000 X08=00500000 X12=00000025 lw      a5,-52(s0/fp)
PC=000004B8 [FFF00513] X10=FFFFFFFF X00=00000000 X31=00000000 addi    a0,zero,-1
PC=000004BC [FFF00593] X11=FFFFFFFF X00=00000000 X31=00000000 addi    a1,zero,-1
PC=000004C0 [00A70633] X12=00000001 X14=00000002 X10=FFFFFFFF add     a2,a4,a0
PC=000004C4 [00060813] X16=00000001 X12=00000001 X00=00000000 addi    a6,a2,0
PC=000004C8 [00E83833] X16=00000001 X16=00000001 X14=00000002 sltu    a6,a6,a4
PC=000004CC [00B786B3] X13=FFFFFFFF X15=00000000 X11=FFFFFFFF add     a3,a5,a1
PC=000004D0 [00D805B3] X11=00000000 X16=00000001 X13=FFFFFFFF add     a1,a6,a3
PC=000004D4 [00058693] X13=00000000 X11=00000000 X00=00000000 addi    a3,a1,0
PC=000004D8 [FCC42423] X08=00500000 X08=00500000 X12=00000001 sw      a2,-56(s0/fp)
PC=000004DC [FCD42623] X12=00000001 X08=00500000 X13=00000000 sw      a3,-52(s0/fp)
PC=000004E0 [00070693] X13=00000002 X14=00000002 X00=00000000 addi    a3,a4,0
PC=000004E4 [00F6E6B3] X13=00000002 X13=00000002 X15=00000000 or      a3,a3,a5
PC=00000480 [F8069CE3] X25=00000000 X13=00000002 X00=00000000 bne     a3,zero,-104
PC=00000480 [FE842603] X12=00000026 X08=00500000 X08=00500000 lw      a2,-24(s0/fp)
PC=00000484 [FEC42683] X13=00000000 X08=00500000 X12=00000026 lw      a3,-20(s0/fp)
PC=00000488 [00100513] X10=00000001 X00=00000000 X01=000001C0 addi    a0,zero,1
PC=0000048C [00000593] X11=00000000 X00=00000000 X00=00000000 addi    a1,zero,0
PC=00000490 [00A60733] X14=00000027 X12=00000026 X10=00000001 add     a4,a2,a0
PC=00000494 [00070813] X16=00000027 X14=00000027 X00=00000000 addi    a6,a4,0
PC=00000498 [00C83833] X16=00000000 X16=00000027 X12=00000026 sltu    a6,a6,a2
PC=0000049C [00B687B3] X15=00000000 X13=00000000 X11=00000000 add     a5,a3,a1
PC=000004A0 [00F806B3] X13=00000000 X16=00000000 X15=00000000 add     a3,a6,a5
PC=000004A4 [00068793] X15=00000000 X13=00000000 X00=00000000 addi    a5,a3,0
PC=000004A8 [FEE42423] X08=00500000 X08=00500000 X14=00000027 sw      a4,-24(s0/fp)
PC=000004AC [FEF42623] X12=00000026 X08=00500000 X15=00000000 sw      a5,-20(s0/fp)
PC=000004B0 [FC842703] X14=00000001 X08=00500000 X08=00500000 lw      a4,-56(s0/fp)
PC=000004B4 [FCC42783] X15=00000000 X08=00500000 X12=00000026 lw      a5,-52(s0/fp)
PC=000004B8 [FFF00513] X10=FFFFFFFF X00=00000000 X31=00000000 addi    a0,zero,-1
PC=000004BC [FFF00593] X11=FFFFFFFF X00=00000000 X31=00000000 addi    a1,zero,-1
PC=000004C0 [00A70633] X12=00000000 X14=00000001 X10=FFFFFFFF add     a2,a4,a0
PC=000004C4 [00060813] X16=00000000 X12=00000000 X00=00000000 addi    a6,a2,0
PC=000004C8 [00E83833] X16=00000001 X16=00000000 X14=00000001 sltu    a6,a6,a4
PC=000004CC [00B786B3] X13=FFFFFFFF X15=00000000 X11=FFFFFFFF add     a3,a5,a1
PC=000004D0 [00D805B3] X11=00000000 X16=00000001 X13=FFFFFFFF add     a1,a6,a3
PC=000004D4 [00058693] X13=00000000 X11=00000000 X00=00000000 addi    a3,a1,0
PC=000004D8 [FCC42423] X08=00500000 X08=00500000 X12=00000000 sw      a2,-56(s0/fp)
PC=000004DC [FCD42623] X12=00000000 X08=00500000 X13=00000000 sw      a3,-52(s0/fp)
PC=000004E0 [00070693] X13=00000001 X14=00000001 X00=00000000 addi    a3,a4,0
PC=000004E4 [00F6E6B3] X13=00000001 X13=00000001 X15=00000000 or      a3,a3,a5
PC=00000480 [F8069CE3] X25=00000000 X13=00000001 X00=00000000 bne     a3,zero,-104
PC=00000480 [FE842603] X12=00000027 X08=00500000 X08=00500000 lw      a2,-24(s0/fp)
PC=00000484 [FEC42683] X13=00000000 X08=00500000 X12=00000027 lw      a3,-20(s0/fp)
PC=00000488 [00100513] X10=00000001 X00=00000000 X01=000001C0 addi    a0,zero,1
PC=0000048C [00000593] X11=00000000 X00=00000000 X00=00000000 addi    a1,zero,0
PC=00000490 [00A60733] X14=00000028 X12=00000027 X10=00000001 add     a4,a2,a0
PC=00000494 [00070813] X16=00000028 X14=00000028 X00=00000000 addi    a6,a4,0
PC=00000498 [00C83833] X16=00000000 X16=00000028 X12=00000027 sltu    a6,a6,a2
PC=0000049C [00B687B3] X15=00000000 X13=00000000 X11=00000000 add     a5,a3,a1
PC=000004A0 [00F806B3] X13=00000000 X16=00000000 X15=00000000 add     a3,a6,a5
PC=000004A4 [00068793] X15=00000000 X13=00000000 X00=00000000 addi    a5,a3,0
PC=000004A8 [FEE42423] X08=00500000 X08=00500000 X14=00000028 sw      a4,-24(s0/fp)
PC=000004AC [FEF42623] X12=00000027 X08=00500000 X15=00000000 sw      a5,-20(s0/fp)
PC=000004B0 [FC842703] X14=00000000 X08=00500000 X08=00500000 lw      a4,-56(s0/fp)
PC=000004B4 [FCC42783] X15=00000000 X08=00500000 X12=00000027 lw      a5,-52(s0/fp)
PC=000004B8 [FFF00513] X10=FFFFFFFF X00=00000000 X31=00000000 addi    a0,zero,-1
PC=000004BC [FFF00593] X11=FFFFFFFF X00=00000000 X31=00000000 addi    a1,zero,-1
PC=000004C0 [00A70633] X12=FFFFFFFF X14=00000000 X10=FFFFFFFF add     a2,a4,a0
PC=000004C4 [00060813] X16=FFFFFFFF X12=FFFFFFFF X00=00000000 addi    a6,a2,0
PC=000004C8 [00E83833] X16=00000000 X16=FFFFFFFF X14=00000000 sltu    a6,a6,a4
PC=000004CC [00B786B3] X13=FFFFFFFF X15=00000000 X11=FFFFFFFF add     a3,a5,a1
PC=000004D0 [00D805B3] X11=FFFFFFFF X16=00000000 X13=FFFFFFFF add     a1,a6,a3
PC=000004D4 [00058693] X13=FFFFFFFF X11=FFFFFFFF X00=00000000 addi    a3,a1,0
PC=000004D8 [FCC42423] X08=00500000 X08=00500000 X12=FFFFFFFF sw      a2,-56(s0/fp)
PC=000004DC [FCD42623] X12=FFFFFFFF X08=00500000 X13=FFFFFFFF sw      a3,-52(s0/fp)
PC=000004E0 [00070693] X13=00000000 X14=00000000 X00=00000000 addi    a3,a4,0
PC=000004E4 [00F6E6B3] X13=00000000 X13=00000000 X15=00000000 or      a3,a3,a5
PC=000004EC [F8069CE3] X25=00000000 X13=00000000 X00=00000000 bne     a3,zero,-104
PC=000004EC [00000793] X15=00000000 X00=00000000 X00=00000000 addi    a5,zero,0
PC=000004F0 [00000813] X16=00000000 X00=00000000 X00=00000000 addi    a6,zero,0
PC=000004F4 [FCF42423] X08=00500000 X08=00500000 X15=00000000 sw      a5,-56(s0/fp)
PC=000004F8 [FD042623] X12=FFFFFFFF X08=00500000 X16=00000000 sw      a6,-52(s0/fp)
PC=000004FC [00000793] X15=00000000 X00=00000000 X00=00000000 addi    a5,zero,0
PC=00000500 [00078513] X10=00000000 X15=00000000 X00=00000000 addi    a0,a5,0
PC=00000504 [03C12403] X08=00000000 X02=004FFFC0 X28=00000000 lw      s0/fp,60(sp)
PC=00000508 [04010113] X02=00500000 X02=004FFFC0 X00=00000000 addi    sp,sp,64
PC=0000050C [00008067] X00=00000000 X01=000001C0 X00=00000000 jalr    zero,ra,0
PC=000001C0 [200002B7] X05=20000000 X00=00000000 X00=00000000 lui     t0,536870912
PC=000001C4 [00100073] X00=00000000 X00=00000000 X01=000001C0 ebreak  