PC=000001B8 [00500137] X02=00500000 X00=00000000 X05=00000000 lui     sp,5242880
PC=000001BC [00C000EF] X01=000001C0 X00=00000000 X12=00000000 jal     ra,12
PC=000001C8 [FC010113] X02=004FFFC0 X02=00500000 X00=00000000 addi    sp,sp,-64
PC=000001CC [02812E23] X28=00000000 X02=004FFFC0 X08=00000000 sw      s0/fp,60(sp)
PC=000001D0 [04010413] X08=00500000 X02=004FFFC0 X00=00000000 addi    s0/fp,sp,64
PC=000001D4 [00000793] X15=00000000 X00=00000000 X00=00000000 addi    a5,zero,0
PC=000001D8 [00000813] X16=00000000 X00=00000000 X00=00000000 addi    a6,zero,0
PC=000001DC [FEF42423] X08=00500000 X08=00500000 X15=00000000 sw      a5,-24(s0/fp)
PC=000001E0 [FF042623] X12=00000000 X08=00500000 X16=00000000 sw      a6,-20(s0/fp)
PC=000001E4 [FE0403A3] X07=00000000 X08=00500000 X00=00000000 sb      zero,-25(s0/fp)
PC=000001E8 [0400006F] X00=00000000 X00=00000000 X00=00000000 jal     zero,64
PC=00000228 [FE744703] X14=00000000 X08=00500000 X07=00000000 lbu     a4,-25(s0/fp)
PC=0000022C [00400793] X15=00000004 X00=00000000 X04=00000000 addi    a5,zero,4
PC=000001EC [FAE7FEE3] X29=00000000 X15=00000004 X14=00000000 bgeu    a5,a4,-68
PC=000001EC [FE842603] X12=00000000 X08=00500000 X08=00500000 lw      a2,-24(s0/fp)
PC=000001F0 [FEC42683] X13=00000000 X08=00500000 X12=00000000 lw      a3,-20(s0/fp)
PC=000001F4 [00100513] X10=00000001 X00=00000000 X01=000001C0 addi    a0,zero,1
PC=000001F8 [00000593] X11=00000000 X00=00000000 X00=00000000 addi    a1,zero,0
PC=000001FC [00A60733] X14=00000001 X12=00000000 X10=00000001 add     a4,a2,a0
PC=00000200 [00070813] X16=00000001 X14=00000001 X00=00000000 addi    a6,a4,0
PC=00000204 [00C83833] X16=00000000 X16=00000001 X12=00000000 sltu    a6,a6,a2
PC=00000208 [00B687B3] X15=00000000 X13=00000000 X11=00000000 add     a5,a3,a1
PC=0000020C [00F806B3] X13=00000000 X16=00000000 X15=00000000 add     a3,a6,a5
PC=00000210 [00068793] X15=00000000 X13=00000000 X00=00000000 addi    a5,a3,0
PC=00000214 [FEE42423] X08=00500000 X08=00500000 X14=00000001 sw      a4,-24(s0/fp)
PC=00000218 [FEF42623] X12=00000000 X08=00500000 X15=00000000 sw      a5,-20(s0/fp)
PC=0000021C [FE744783] X15=00000000 X08=00500000 X07=00000000 lbu     a5,-25(s0/fp)
PC=00000220 [00178793] X15=00000001 X15=00000000 X01=000001C0 addi    a5,a5,1
PC=00000224 [FEF403A3] X07=00000000 X08=00500000 X15=00000001 sb      a5,-25(s0/fp)
PC=00000228 [FE744703] X14=00000001 X08=00500000 X07=00000000 lbu     a4,-25(s0/fp)
PC=0000022C [00400793] X15=00000004 X00=00000000 X04=00000000 addi    a5,zero,4
PC=000001EC [FAE7FEE3] X29=00000000 X15=00000004 X14=00000001 bgeu    a5,a4,-68
PC=000001EC [FE842603] X12=00000001 X08=00500000 X08=00500000 lw      a2,-24(s0/fp)
PC=000001F0 [FEC42683] X13=00000000 X08=00500000 X12=00000001 lw      a3,-20(s0/fp)
PC=000001F4 [00100513] X10=00000001 X00=00000000 X01=000001C0 addi    a0,zero,1
PC=000001F8 [00000593] X11=00000000 X00=00000000 X00=00000000 addi    a1,zero,0
PC=000001FC [00A60733] X14=00000002 X12=00000001 X10=00000001 add     a4,a2,a0
PC=00000200 [00070813] X16=00000002 X14=00000002 X00=00000000 addi    a6,a4,0
PC=00000204 [00C83833] X16=00000000 X16=00000002 X12=00000001 sltu    a6,a6,a2
PC=00000208 [00B687B3] X15=00000000 X13=00000000 X11=00000000 add     a5,a3,a1
PC=0000020C [00F806B3] X13=00000000 X16=00000000 X15=00000000 add     a3,a6,a5
PC=00000210 [00068793] X15=00000000 X13=00000000 X00=00000000 addi    a5,a3,0
PC=00000214 [FEE42423] X08=00500000 X08=00500000 X14=00000002 sw      a4,-24(s0/fp)
PC=00000218 [FEF42623] X12=00000001 X08=00500000 X15=00000000 sw      a5,-20(s0/fp)
PC=0000021C [FE744783] X15=00000001 X08=00500000 X07=00000000 lbu     a5,-25(s0/fp)
PC=00000220 [00178793] X15=00000002 X15=00000001 X01=000001C0 addi    a5,a5,1
PC=00000224 [FEF403A3] X07=00000000 X08=00500000 X15=00000002 sb      a5,-25(s0/fp)
PC=00000228 [FE744703] X14=00000002 X08=00500000 X07=00000000 lbu     a4,-25(s0/fp)
PC=0000022C [00400793] X15=00000004 X00=00000000 X04=00000000 addi    a5,zero,4
PC=000001EC [FAE7FEE3] X29=00000000 X15=00000004 X14=00000002 bgeu    a5,a4,-68
PC=000001EC [FE842603] X12=00000002 X08=00500000 X08=00500000 lw      a2,-24(s0/fp)
PC=000001F0 [FEC42683] X13=00000000 X08=00500000 X12=00000002 lw      a3,-20(s0/fp)
PC=000001F4 [00100513] X10=00000001 X00=00000000 X01=000001C0 addi    a0,zero,1
PC=000001F8 [00000593] X11=00000000 X00=00000000 X00=00000000 addi    a1,zero,0
PC=000001FC [00A60733] X14=00000003 X12=00000002 X10=00000001 add     a4,a2,a0
PC=00000200 [00070813] X16=00000003 X14=00000003 X00=00000000 addi    a6,a4,0
PC=00000204 [00C83833] X16=00000000 X16=00000003 X12=00000002 sltu    a6,a6,a2
PC=00000208 [00B687B3] X15=00000000 X13=00000000 X11=00000000 add     a5,a3,a1
PC=0000020C [00F806B3] X13=00000000 X16=00000000 X15=00000000 add     a3,a6,a5
PC=00000210 [00068793] X15=00000000 X13=00000000 X00=00000000 addi    a5,a3,0
PC=00000214 [FEE42423] X08=00500000 X08=00500000 X14=00000003 sw      a4,-24(s0/fp)
PC=00000218 [FEF42623] X12=00000002 X08=00500000 X15=00000000 sw      a5,-20(s0/fp)
PC=0000021C [FE744783] X15=00000002 X08=00500000 X07=00000000 lbu     a5,-25(s0/fp)
PC=00000220 [00178793] X15=00000003 X15=00000002 X01=000001C0 addi    a5,a5,1
PC=00000224 [FEF403A3] X07=00000000 X08=00500000 X15=00000003 sb      a5,-25(s0/fp)
PC=00000228 [FE744703] X14=00000003 X08=00500000 X07=00000000 lbu     a4,-25(s0/fp)
PC=0000022C [00400793] X15=00000004 X00=00000000 X04=00000000 addi    a5,zero,4
PC=000001EC [FAE7FEE3] X29=00000000 X15=00000004 X14=00000003 bgeu    a5,a4,-68
PC=000001EC [FE842603] X12=00000003 X08=00500000 X08=00500000 lw      a2,-24(s0/fp)
PC=000001F0 [FEC42683] X13=00000000 X08=00500000 X12=00000003 lw      a3,-20(s0/fp)
PC=000001F4 [00100513] X10=00000001 X00=00000000 X01=000001C0 addi    a0,zero,1
PC=000001F8 [00000593] X11=00000000 X00=00000000 X00=00000000 addi    a1,zero,0
PC=000001FC [00A60733] X14=00000004 X12=00000003 X10=00000001 add     a4,a2,a0
PC=00000200 [00070813] X16=00000004 X14=00000004 X00=00000000 addi    a6,a4,0
PC=00000204 [00C83833] X16=00000000 X16=00000004 X12=00000003 sltu    a6,a6,a2
PC=00000208 [00B687B3] X15=00000000 X13=00000000 X11=00000000 add     a5,a3,a1
PC=0000020C [00F806B3] X13=00000000 X16=00000000 X15=00000000 add     a3,a6,a5
PC=00000210 [00068793] X15=00000000 X13=00000000 X00=00000000 addi    a5,a3,0
PC=00000214 [FEE42423] X08=00500000 X08=00500000 X14=00000004 sw      a4,-24(s0/fp)
PC=00000218 [FEF42623] X12=00000003 X08=00500000 X15=00000000 sw      a5,-20(s0/fp)
PC=0000021C [FE744783] X15=00000003 X08=00500000 X07=00000000 lbu     a5,-25(s0/fp)
PC=00000220 [00178793] X15=00000004 X15=00000003 X01=000001C0 addi    a5,a5,1
PC=00000224 [FEF403A3] X07=00000000 X08=00500000 X15=00000004 sb      a5,-25(s0/fp)
PC=00000228 [FE744703] X14=00000004 X08=00500000 X07=00000000 lbu     a4,-25(s0/fp)
PC=0000022C [00400793] X15=00000004 X00=00000000 X04=00000000 addi    a5,zero,4
PC=000001EC [FAE7FEE3] X29=00000000 X15=00000004 X14=00000004 bgeu    a5,a4,-68
PC=000001EC [FE842603] X12=00000004 X08=00500000 X08=00500000 lw      a2,-24(s0/fp)
PC=000001F0 [FEC42683] X13=00000000 X08=00500000 X12=00000004 lw      a3,-20(s0/fp)
PC=000001F4 [00100513] X10=00000001 X00=00000000 X01=000001C0 addi    a0,zero,1
PC=000001F8 [00000593] X11=00000000 X00=00000000 X00=00000000 addi    a1,zero,0
PC=000001FC [00A60733] X14=00000005 X12=00000004 X10=00000001 add     a4,a2,a0
PC=00000200 [00070813] X16=00000005 X14=00000005 X00=00000000 addi    a6,a4,0
PC=00000204 [00C83833] X16=00000000 X16=00000005 X12=00000004 sltu    a6,a6,a2
PC=00000208 [00B687B3] X15=00000000 X13=00000000 X11=00000000 add     a5,a3,a1
PC=0000020C [00F806B3] X13=00000000 X16=00000000 X15=00000000 add     a3,a6,a5
PC=00000210 [00068793] X15=00000000 X13=00000000 X00=00000000 addi    a5,a3,0
PC=00000214 [FEE42423] X08=00500000 X08=00500000 X14=00000005 sw      a4,-24(s0/fp)
PC=00000218 [FEF42623] X12=00000004 X08=00500000 X15=00000000 sw      a5,-20(s0/fp)
PC=0000021C [FE744783] X15=00000004 X08=00500000 X07=00000000 lbu     a5,-25(s0/fp)
PC=00000220 [00178793] X15=00000005 X15=00000004 X01=000001C0 addi    a5,a5,1
PC=00000224 [FEF403A3] X07=00000000 X08=00500000 X15=00000005 sb      a5,-25(s0/fp)
PC=00000228 [FE744703] X14=00000005 X08=00500000 X07=00000000 lbu     a4,-25(s0/fp)
PC=0000022C [00400793] X15=00000004 X00=00000000 X04=00000000 addi    a5,zero,4
PC=00000234 [FAE7FEE3] X29=00000000 X15=00000004 X14=00000005 bgeu    a5,a4,-68
PC=00000234 [FE0403A3] X07=00000000 X08=00500000 X00=00000000 sb      zero,-25(s0/fp)
PC=00000238 [FE040323] X06=00000000 X08=00500000 X00=00000000 sb      zero,-26(s0/fp)
PC=0000023C [0480006F] X00=00000000 X00=00000000 X08=00500000 jal     zero,72
PC=00000284 [FE640703] X14=00000000 X08=00500000 X06=00000000 lb      a4,-26(s0/fp)
PC=00000288 [00400793] X15=00000004 X00=00000000 X04=00000000 addi    a5,zero,4
PC=00000240 [FAE7DAE3] X21=00000000 X15=00000004 X14=00000000 bge     a5,a4,-76
PC=00000240 [FE842603] X12=00000005 X08=00500000 X08=00500000 lw      a2,-24(s0/fp)
PC=00000244 [FEC42683] X13=00000000 X08=00500000 X12=00000005 lw      a3,-20(s0/fp)
PC=00000248 [00100513] X10=00000001 X00=00000000 X01=000001C0 addi    a0,zero,1
PC=0000024C [00000593] X11=00000000 X00=00000000 X00=00000000 addi    a1,zero,0
PC=00000250 [00A60733] X14=00000006 X12=00000005 X10=00000001 add     a4,a2,a0
PC=00000254 [00070813] X16=00000006 X14=00000006 X00=00000000 addi    a6,a4,0
PC=00000258 [00C83833] X16=00000000 X16=00000006 X12=00000005 sltu    a6,a6,a2
PC=0000025C [00B687B3] X15=00000000 X13=00000000 X11=00000000 add     a5,a3,a1
PC=00000260 [00F806B3] X13=00000000 X16=00000000 X15=00000000 add     a3,a6,a5
PC=00000264 [00068793] X15=00000000 X13=00000000 X00=00000000 addi    a5,a3,0
PC=00000268 [FEE42423] X08=00500000 X08=00500000 X14=00000006 sw      a4,-24(s0/fp)
PC=0000026C [FEF42623] X12=00000005 X08=00500000 X15=00000000 sw      a5,-20(s0/fp)
PC=00000270 [FE640783] X15=00000000 X08=00500000 X06=00000000 lb      a5,-26(s0/fp)
PC=00000274 [0FF7F793] X15=00000000 X15=00000000 X31=00000000 andi    a5,a5,255
PC=00000278 [00178793] X15=00000001 X15=00000000 X01=000001C0 addi    a5,a5,1
PC=0000027C [0FF7F793] X15=00000001 X15=00000001 X31=00000000 andi    a5,a5,255
PC=00000280 [FEF40323] X06=00000000 X08=00500000 X15=00000001 sb      a5,-26(s0/fp)
PC=00000284 [FE640703] X14=00000001 X08=00500000 X06=00000000 lb      a4,-26(s0/fp)
PC=00000288 [00400793] X15=00000004 X00=00000000 X04=00000000 addi    a5,zero,4
PC=00000240 [FAE7DAE3] X21=00000000 X15=00000004 X14=00000001 bge     a5,a4,-76
PC=00000240 [FE842603] X12=00000006 X08=00500000 X08=00500000 lw      a2,-24(s0/fp)
PC=00000244 [FEC42683] X13=00000000 X08=00500000 X12=00000006 lw      a3,-20(s0/fp)
PC=00000248 [00100513] X10=00000001 X00=00000000 X01=000001C0 addi    a0,zero,1
PC=0000024C [00000593] X11=00000000 X00=00000000 X00=00000000 addi    a1,zero,0
PC=00000250 [00A60733] X14=00000007 X12=00000006 X10=00000001 add     a4,a2,a0
PC=00000254 [00070813] X16=00000007 X14=00000007 X00=00000000 addi    a6,a4,0
PC=00000258 [00C83833] X16=00000000 X16=00000007 X12=00000006 sltu    a6,a6,a2
PC=0000025C [00B687B3] X15=00000000 X13=00000000 X11=00000000 add     a5,a3,a1
PC=00000260 [00F806B3] X13=00000000 X16=00000000 X15=00000000 add     a3,a6,a5
PC=00000264 [00068793] X15=00000000 X13=00000000 X00=00000000 addi    a5,a3,0
PC=00000268 [FEE42423] X08=00500000 X08=00500000 X14=00000007 sw      a4,-24(s0/fp)
PC=0000026C [FEF42623] X12=00000006 X08=00500000 X15=00000000 sw      a5,-20(s0/fp)
PC=00000270 [FE640783] X15=00000001 X08=00500000 X06=00000000 lb      a5,-26(s0/fp)
PC=00000274 [0FF7F793] X15=00000001 X15=00000001 X31=00000000 andi    a5,a5,255
PC=00000278 [00178793] X15=00000002 X15=00000001 X01=000001C0 addi    a5,a5,1
PC=0000027C [0FF7F793] X15=00000002 X15=00000002 X31=00000000 andi    a5,a5,255
PC=00000280 [FEF40323] X06=00000000 X08=00500000 X15=00000002 sb      a5,-26(s0/fp)
PC=00000284 [FE640703] X14=00000002 X08=00500000 X06=00000000 lb      a4,-26(s0/fp)
PC=00000288 [00400793] X15=00000004 X00=00000000 X04=00000000 addi    a5,zero,4
PC=00000240 [FAE7DAE3] X21=00000000 X15=00000004 X14=00000002 bge     a5,a4,-76
PC=00000240 [FE842603] X12=00000007 X08=00500000 X08=00500000 lw      a2,-24(s0/fp)
PC=00000244 [FEC42683] X13=00000000 X08=00500000 X12=00000007 lw      a3,-20(s0/fp)
PC=00000248 [00100513] X10=00000001 X00=00000000 X01=000001C0 addi    a0,zero,1
PC=0000024C [00000593] X11=00000000 X00=00000000 X00=00000000 addi    a1,zero,0
PC=00000250 [00A60733] X14=00000008 X12=00000007 X10=00000001 add     a4,a2,a0
PC=00000254 [00070813] X16=00000008 X14=00000008 X00=00000000 addi    a6,a4,0
PC=00000258 [00C83833] X16=00000000 X16=00000008 X12=00000007 sltu    a6,a6,a2
PC=0000025C [00B687B3] X15=00000000 X13=00000000 X11=00000000 add     a5,a3,a1
PC=00000260 [00F806B3] X13=00000000 X16=00000000 X15=00000000 add     a3,a6,a5
PC=00000264 [00068793] X15=00000000 X13=00000000 X00=00000000 addi    a5,a3,0
PC=00000268 [FEE42423] X08=00500000 X08=00500000 X14=00000008 sw      a4,-24(s0/fp)
PC=0000026C [FEF42623] X12=00000007 X08=00500000 X15=00000000 sw      a5,-20(s0/fp)
PC=00000270 [FE640783] X15=00000002 X08=00500000 X06=00000000 lb      a5,-26(s0/fp)
PC=00000274 [0FF7F793] X15=00000002 X15=00000002 X31=00000000 andi    a5,a5,255
PC=00000278 [00178793] X15=00000003 X15=00000002 X01=000001C0 addi    a5,a5,1
PC=0000027C [0FF7F793] X15=00000003 X15=00000003 X31=00000000 andi    a5,a5,255
PC=00000280 [FEF40323] X06=00000000 X08=00500000 X15=00000003 sb      a5,-26(s0/fp)
PC=00000284 [FE640703] X14=00000003 X08=00500000 X06=00000000 lb      a4,-26(s0/fp)
PC=00000288 [00400793] X15=00000004 X00=00000000 X04=00000000 addi    a5,zero,4
PC=00000240 [FAE7DAE3] X21=00000000 X15=00000004 X14=00000003 bge     a5,a4,-76
PC=00000240 [FE842603] X12=00000008 X08=00500000 X08=00500000 lw      a2,-24(s0/fp)
PC=00000244 [FEC42683] X13=00000000 X08=00500000 X12=00000008 lw      a3,-20(s0/fp)
PC=00000248 [00100513] X10=00000001 X00=00000000 X01=000001C0 addi    a0,zero,1
PC=0000024C [00000593] X11=00000000 X00=00000000 X00=00000000 addi    a1,zero,0
PC=00000250 [00A60733] X14=00000009 X12=00000008 X10=00000001 add     a4,a2,a0
PC=00000254 [00070813] X16=00000009 X14=00000009 X00=00000000 addi    a6,a4,0
PC=00000258 [00C83833] X16=00000000 X16=00000009 X12=00000008 sltu    a6,a6,a2
PC=0000025C [00B687B3] X15=00000000 X13=00000000 X11=00000000 add     a5,a3,a1
PC=00000260 [00F806B3] X13=00000000 X16=00000000 X15=00000000 add     a3,a6,a5
PC=00000264 [00068793] X15=00000000 X13=00000000 X00=00000000 addi    a5,a3,0
PC=00000268 [FEE42423] X08=00500000 X08=00500000 X14=00000009 sw      a4,-24(s0/fp)
PC=0000026C [FEF42623] X12=00000008 X08=00500000 X15=00000000 sw      a5,-20(s0/fp)
PC=00000270 [FE640783] X15=00000003 X08=00500000 X06=00000000 lb      a5,-26(s0/fp)
PC=00000274 [0FF7F793] X15=00000003 X15=00000003 X31=00000000 andi    a5,a5,255
PC=00000278 [00178793] X15=00000004 X15=00000003 X01=000001C0 addi    a5,a5,1
PC=0000027C [0FF7F793] X15=00000004 X15=00000004 X31=00000000 andi    a5,a5,255
PC=00000280 [FEF40323] X06=00000000 X08=00500000 X15=00000004 sb      a5,-26(s0/fp)
PC=00000284 [FE640703] X14=00000004 X08=00500000 X06=00000000 lb      a4,-26(s0/fp)
PC=00000288 [00400793] X15=00000004 X00=00000000 X04=00000000 addi    a5,zero,4
PC=00000240 [FAE7DAE3] X21=00000000 X15=00000004 X14=00000004 bge     a5,a4,-76
PC=00000240 [FE842603] X12=00000009 X08=00500000 X08=00500000 lw      a2,-24(s0/fp)
PC=00000244 [FEC42683] X13=00000000 X08=00500000 X12=00000009 lw      a3,-20(s0/fp)
PC=00000248 [00100513] X10=00000001 X00=00000000 X01=000001C0 addi    a0,zero,1
PC=0000024C [00000593] X11=00000000 X00=00000000 X00=00000000 addi    a1,zero,0
PC=00000250 [00A60733] X14=0000000A X12=00000009 X10=00000001 add     a4,a2,a0
PC=00000254 [00070813] X16=0000000A X14=0000000A X00=00000000 addi    a6,a4,0
PC=00000258 [00C83833] X16=00000000 X16=0000000A X12=00000009 sltu    a6,a6,a2
PC=0000025C [00B687B3] X15=00000000 X13=00000000 X11=00000000 add     a5,a3,a1
PC=00000260 [00F806B3] X13=00000000 X16=00000000 X15=00000000 add     a3,a6,a5
PC=00000264 [00068793] X15=00000000 X13=00000000 X00=00000000 addi    a5,a3,0
PC=00000268 [FEE42423] X08=00500000 X08=00500000 X14=0000000A sw      a4,-24(s0/fp)
PC=0000026C [FEF42623] X12=00000009 X08=00500000 X15=00000000 sw      a5,-20(s0/fp)
PC=00000270 [FE640783] X15=00000004 X08=00500000 X06=00000000 lb      a5,-26(s0/fp)
PC=00000274 [0FF7F793] X15=00000004 X15=00000004 X31=00000000 andi    a5,a5,255
PC=00000278 [00178793] X15=00000005 X15=00000004 X01=000001C0 addi    a5,a5,1
PC=0000027C [0FF7F793] X15=00000005 X15=00000005 X31=00000000 andi    a5,a5,255
PC=00000280 [FEF40323] X06=00000000 X08=00500000 X15=00000005 sb      a5,-26(s0/fp)
PC=00000284 [FE640703] X14=00000005 X08=00500000 X06=00000000 lb      a4,-26(s0/fp)
PC=00000288 [00400793] X15=00000004 X00=00000000 X04=00000000 addi    a5,zero,4
PC=00000290 [FAE7DAE3] X21=00000000 X15=00000004 X14=00000005 bge     a5,a4,-76
PC=00000290 [FE040323] X06=00000000 X08=00500000 X00=00000000 sb      zero,-26(s0/fp)
PC=00000294 [FE041223] X04=00000000 X08=00500000 X00=00000000 sh      zero,-28(s0/fp)
PC=00000298 [0400006F] X00=00000000 X00=00000000 X00=00000000 jal     zero,64
PC=000002D8 [FE445703] X14=00000000 X08=00500000 X04=00000000 lhu     a4,-28(s0/fp)
PC=000002DC [00400793] X15=00000004 X00=00000000 X04=00000000 addi    a5,zero,4
PC=0000029C [FAE7FEE3] X29=00000000 X15=00000004 X14=00000000 bgeu    a5,a4,-68
PC=0000029C [FE842603] X12=0000000A X08=00500000 X08=00500000 lw      a2,-24(s0/fp)
PC=000002A0 [FEC42683] X13=00000000 X08=00500000 X12=0000000A lw      a3,-20(s0/fp)
PC=000002A4 [00100513] X10=00000001 X00=00000000 X01=000001C0 addi    a0,zero,1
PC=000002A8 [00000593] X11=00000000 X00=00000000 X00=00000000 addi    a1,zero,0
PC=000002AC [00A60733] X14=0000000B X12=0000000A X10=00000001 add     a4,a2,a0
PC=000002B0 [00070813] X16=0000000B X14=0000000B X00=00000000 addi    a6,a4,0
PC=000002B4 [00C83833] X16=00000000 X16=0000000B X12=0000000A sltu    a6,a6,a2
PC=000002B8 [00B687B3] X15=00000000 X13=00000000 X11=00000000 add     a5,a3,a1
PC=000002BC [00F806B3] X13=00000000 X16=00000000 X15=00000000 add     a3,a6,a5
PC=000002C0 [00068793] X15=00000000 X13=00000000 X00=00000000 addi    a5,a3,0
PC=000002C4 [FEE42423] X08=00500000 X08=00500000 X14=0000000B sw      a4,-24(s0/fp)
PC=000002C8 [FEF42623] X12=0000000A X08=00500000 X15=00000000 sw      a5,-20(s0/fp)
PC=000002CC [FE445783] X15=00000000 X08=00500000 X04=00000000 lhu     a5,-28(s0/fp)
PC=000002D0 [00178793] X15=00000001 X15=00000000 X01=000001C0 addi    a5,a5,1
PC=000002D4 [FEF41223] X04=00000000 X08=00500000 X15=00000001 sh      a5,-28(s0/fp)
PC=000002D8 [FE445703] X14=00000001 X08=00500000 X04=00000000 lhu     a4,-28(s0/fp)
PC=000002DC [00400793] X15=00000004 X00=00000000 X04=00000000 addi    a5,zero,4
PC=0000029C [FAE7FEE3] X29=00000000 X15=00000004 X14=00000001 bgeu    a5,a4,-68
PC=0000029C [FE842603] X12=0000000B X08=00500000 X08=00500000 lw      a2,-24(s0/fp)
PC=000002A0 [FEC42683] X13=00000000 X08=00500000 X12=0000000B lw      a3,-20(s0/fp)
PC=000002A4 [00100513] X10=00000001 X00=00000000 X01=000001C0 addi    a0,zero,1
PC=000002A8 [00000593] X11=00000000 X00=00000000 X00=00000000 addi    a1,zero,0
PC=000002AC [00A60733] X14=0000000C X12=0000000B X10=00000001 add     a4,a2,a0
PC=000002B0 [00070813] X16=0000000C X14=0000000C X00=00000000 addi    a6,a4,0
PC=000002B4 [00C83833] X16=00000000 X16=0000000C X12=0000000B sltu    a6,a6,a2
PC=000002B8 [00B687B3] X15=00000000 X13=00000000 X11=00000000 add     a5,a3,a1
PC=000002BC [00F806B3] X13=00000000 X16=00000000 X15=00000000 add     a3,a6,a5
PC=000002C0 [00068793] X15=00000000 X13=00000000 X00=00000000 addi    a5,a3,0
PC=000002C4 [FEE42423] X08=00500000 X08=00500000 X14=0000000C sw      a4,-24(s0/fp)
PC=000002C8 [FEF42623] X12=0000000B X08=00500000 X15=00000000 sw      a5,-20(s0/fp)
PC=000002CC [FE445783] X15=00000001 X08=00500000 X04=00000000 lhu     a5,-28(s0/fp)
PC=000002D0 [00178793] X15=00000002 X15=00000001 X01=000001C0 addi    a5,a5,1
PC=000002D4 [FEF41223] X04=00000000 X08=00500000 X15=00000002 sh      a5,-28(s0/fp)
PC=000002D8 [FE445703] X14=00000002 X08=00500000 X04=00000000 lhu     a4,-28(s0/fp)
PC=000002DC [00400793] X15=00000004 X00=00000000 X04=00000000 addi    a5,zero,4
PC=0000029C [FAE7FEE3] X29=00000000 X15=00000004 X14=00000002 bgeu    a5,a4,-68
PC=0000029C [FE842603] X12=0000000C X08=00500000 X08=00500000 lw      a2,-24(s0/fp)
PC=000002A0 [FEC42683] X13=00000000 X08=00500000 X12=0000000C lw      a3,-20(s0/fp)
PC=000002A4 [00100513] X10=00000001 X00=00000000 X01=000001C0 addi    a0,zero,1
PC=000002A8 [00000593] X11=00000000 X00=00000000 X00=00000000 addi    a1,zero,0
PC=000002AC [00A60733] X14=0000000D X12=0000000C X10=00000001 add     a4,a2,a0
PC=000002B0 [00070813] X16=0000000D X14=0000000D X00=00000000 addi    a6,a4,0
PC=000002B4 [00C83833] X16=00000000 X16=0000000D X12=0000000C sltu    a6,a6,a2
PC=000002B8 [00B687B3] X15=00000000 X13=00000000 X11=00000000 add     a5,a3,a1
PC=000002BC [00F806B3] X13=00000000 X16=00000000 X15=00000000 add     a3,a6,a5
PC=000002C0 [00068793] X15=00000000 X13=00000000 X00=00000000 addi    a5,a3,0
PC=000002C4 [FEE42423] X08=00500000 X08=00500000 X14=0000000D sw      a4,-24(s0/fp)
PC=000002C8 [FEF42623] X12=0000000C X08=00500000 X15=00000000 sw      a5,-20(s0/fp)
PC=000002CC [FE445783] X15=00000002 X08=00500000 X04=00000000 lhu     a5,-28(s0/fp)
PC=000002D0 [00178793] X15=00000003 X15=00000002 X01=000001C0 addi    a5,a5,1
PC=000002D4 [FEF41223] X04=00000000 X08=00500000 X15=00000003 sh      a5,-28(s0/fp)
PC=000002D8 [FE445703] X14=00000003 X08=00500000 X04=00000000 lhu     a4,-28(s0/fp)
PC=000002DC [00400793] X15=00000004 X00=00000000 X04=00000000 addi    a5,zero,4
PC=0000029C [FAE7FEE3] X29=00000000 X15=00000004 X14=00000003 bgeu    a5,a4,-68
PC=0000029C [FE842603] X12=0000000D X08=00500000 X08=00500000 lw      a2,-24(s0/fp)
PC=000002A0 [FEC42683] X13=00000000 X08=00500000 X12=0000000D lw      a3,-20(s0/fp)
PC=000002A4 [00100513] X10=00000001 X00=00000000 X01=000001C0 addi    a0,zero,1
PC=000002A8 [00000593] X11=00000000 X00=00000000 X00=00000000 addi    a1,zero,0
PC=000002AC [00A60733] X14=0000000E X12=0000000D X10=00000001 add     a4,a2,a0
PC=000002B0 [00070813] X16=0000000E X14=0000000E X00=00000000 addi    a6,a4,0
PC=000002B4 [00C83833] X16=00000000 X16=0000000E X12=0000000D sltu    a6,a6,a2
PC=000002B8 [00B687B3] X15=00000000 X13=00000000 X11=00000000 add     a5,a3,a1
PC=000002BC [00F806B3] X13=00000000 X16=00000000 X15=00000000 add     a3,a6,a5
PC=000002C0 [00068793] X15=00000000 X13=00000000 X00=00000000 addi    a5,a3,0
PC=000002C4 [FEE42423] X08=00500000 X08=00500000 X14=0000000E sw      a4,-24(s0/fp)
PC=000002C8 [FEF42623] X12=0000000D X08=00500000 X15=00000000 sw      a5,-20(s0/fp)
PC=000002CC [FE445783] X15=00000003 X08=00500000 X04=00000000 lhu     a5,-28(s0/fp)
PC=000002D0 [00178793] X15=00000004 X15=00000003 X01=000001C0 addi    a5,a5,1
PC=000002D4 [FEF41223] X04=00000000 X08=00500000 X15=00000004 sh      a5,-28(s0/fp)
PC=000002D8 [FE445703] X14=00000004 X08=00500000 X04=00000000 lhu     a4,-28(s0/fp)
PC=000002DC [00400793] X15=00000004 X00=00000000 X04=00000000 addi    a5,zero,4
PC=0000029C [FAE7FEE3] X29=00000000 X15=00000004 X14=00000004 bgeu    a5,a4,-68
PC=0000029C [FE842603] X12=0000000E X08=00500000 X08=00500000 lw      a2,-24(s0/fp)
PC=000002A0 [FEC42683] X13=00000000 X08=00500000 X12=0000000E lw      a3,-20(s0/fp)
PC=000002A4 [00100513] X10=00000001 X00=00000000 X01=000001C0 addi    a0,zero,1
PC=000002A8 [00000593] X11=00000000 X00=00000000 X00=00000000 addi    a1,zero,0
PC=000002AC [00A60733] X14=0000000F X12=0000000E X10=00000001 add     a4,a2,a0
PC=000002B0 [00070813] X16=0000000F X14=0000000F X00=00000000 addi    a6,a4,0
PC=000002B4 [00C83833] X16=00000000 X16=0000000F X12=0000000E sltu    a6,a6,a2
PC=000002B8 [00B687B3] X15=00000000 X13=00000000 X11=00000000 add     a5,a3,a1
PC=000002BC [00F806B3] X13=00000000 X16=00000000 X15=00000000 add     a3,a6,a5
PC=000002C0 [00068793] X15=00000000 X13=00000000 X00=00000000 addi    a5,a3,0
PC=000002C4 [FEE42423] X08=00500000 X08=00500000 X14=0000000F sw      a4,-24(s0/fp)
PC=000002C8 [FEF42623] X12=0000000E X08=00500000 X15=00000000 sw      a5,-20(s0/fp)
PC=000002CC [FE445783] X15=00000004 X08=00500000 X04=00000000 lhu     a5,-28(s0/fp)
PC=000002D0 [00178793] X15=00000005 X15=00000004 X01=000001C0 addi    a5,a5,1
PC=000002D4 [FEF41223] X04=00000000 X08=00500000 X15=00000005 sh      a5,-28(s0/fp)
PC=000002D8 [FE445703] X14=00000005 X08=00500000 X04=00000000 lhu     a4,-28(s0/fp)
PC=000002DC [00400793] X15=00000004 X00=00000000 X04=00000000 addi    a5,zero,4
PC=000002E4 [FAE7FEE3] X29=00000000 X15=00000004 X14=00000005 bgeu    a5,a4,-68
PC=000002E4 [FE041223] X04=00000000 X08=00500000 X00=00000000 sh      zero,-28(s0/fp)
PC=000002E8 [FE041123] X02=004FFFC0 X08=00500000 X00=00000000 sh      zero,-30(s0/fp)
PC=000002EC [0500006F] X00=00000000 X00=00000000 X16=00000000 jal     zero,80
PC=0000033C [FE241703] X14=00000000 X08=00500000 X02=004FFFC0 lh      a4,-30(s0/fp)
PC=00000340 [00400793] X15=00000004 X00=00000000 X04=00000000 addi    a5,zero,4
PC=000002F0 [FAE7D6E3] X13=00000000 X15=00000004 X14=00000000 bge     a5,a4,-84
PC=000002F0 [FE842603] X12=0000000F X08=00500000 X08=00500000 lw      a2,-24(s0/fp)
PC=000002F4 [FEC42683] X13=00000000 X08=00500000 X12=0000000F lw      a3,-20(s0/fp)
PC=000002F8 [00100513] X10=00000001 X00=00000000 X01=000001C0 addi    a0,zero,1
PC=000002FC [00000593] X11=00000000 X00=00000000 X00=00000000 addi    a1,zero,0
PC=00000300 [00A60733] X14=00000010 X12=0000000F X10=00000001 add     a4,a2,a0
PC=00000304 [00070813] X16=00000010 X14=00000010 X00=00000000 addi    a6,a4,0
PC=00000308 [00C83833] X16=00000000 X16=00000010 X12=0000000F sltu    a6,a6,a2
PC=0000030C [00B687B3] X15=00000000 X13=00000000 X11=00000000 add     a5,a3,a1
PC=00000310 [00F806B3] X13=00000000 X16=00000000 X15=00000000 add     a3,a6,a5
PC=00000314 [00068793] X15=00000000 X13=00000000 X00=00000000 addi    a5,a3,0
PC=00000318 [FEE42423] X08=00500000 X08=00500000 X14=00000010 sw      a4,-24(s0/fp)
PC=0000031C [FEF42623] X12=0000000F X08=00500000 X15=00000000 sw      a5,-20(s0/fp)
PC=00000320 [FE241783] X15=00000000 X08=00500000 X02=004FFFC0 lh      a5,-30(s0/fp)
PC=00000324 [01079793] X15=00000000 X15=00000000 X16=00000000 slli    a5,a5,16
PC=00000328 [0107D793] X15=00000000 X15=00000000 X16=00000000 srli    a5,a5,16
PC=0000032C [00178793] X15=00000001 X15=00000000 X01=000001C0 addi    a5,a5,1
PC=00000330 [01079793] X15=00010000 X15=00000001 X16=00000000 slli    a5,a5,16
PC=00000334 [0107D793] X15=00000001 X15=00010000 X16=00000000 srli    a5,a5,16
PC=00000338 [FEF41123] X02=004FFFC0 X08=00500000 X15=00000001 sh      a5,-30(s0/fp)
PC=0000033C [FE241703] X14=00000001 X08=00500000 X02=004FFFC0 lh      a4,-30(s0/fp)
PC=00000340 [00400793] X15=00000004 X00=00000000 X04=00000000 addi    a5,zero,4
PC=000002F0 [FAE7D6E3] X13=00000000 X15=00000004 X14=00000001 bge     a5,a4,-84
PC=000002F0 [FE842603] X12=00000010 X08=00500000 X08=00500000 lw      a2,-24(s0/fp)
PC=000002F4 [FEC42683] X13=00000000 X08=00500000 X12=00000010 lw      a3,-20(s0/fp)
PC=000002F8 [00100513] X10=00000001 X00=00000000 X01=000001C0 addi    a0,zero,1
PC=000002FC [00000593] X11=00000000 X00=00000000 X00=00000000 addi    a1,zero,0
PC=00000300 [00A60733] X14=00000011 X12=00000010 X10=00000001 add     a4,a2,a0
PC=00000304 [00070813] X16=00000011 X14=00000011 X00=00000000 addi    a6,a4,0
PC=00000308 [00C83833] X16=00000000 X16=00000011 X12=00000010 sltu    a6,a6,a2
PC=0000030C [00B687B3] X15=00000000 X13=00000000 X11=00000000 add     a5,a3,a1
PC=00000310 [00F806B3] X13=00000000 X16=00000000 X15=00000000 add     a3,a6,a5
PC=00000314 [00068793] X15=00000000 X13=00000000 X00=00000000 addi    a5,a3,0
PC=00000318 [FEE42423] X08=00500000 X08=00500000 X14=00000011 sw      a4,-24(s0/fp)
PC=0000031C [FEF42623] X12=00000010 X08=00500000 X15=00000000 sw      a5,-20(s0/fp)
PC=00000320 [FE241783] X15=00000001 X08=00500000 X02=004FFFC0 lh      a5,-30(s0/fp)
PC=00000324 [01079793] X15=00010000 X15=00000001 X16=00000000 slli    a5,a5,16
PC=00000328 [0107D793] X15=00000001 X15=00010000 X16=00000000 srli    a5,a5,16
PC=0000032C [00178793] X15=00000002 X15=00000001 X01=000001C0 addi    a5,a5,1
PC=00000330 [01079793] X15=00020000 X15=00000002 X16=00000000 slli    a5,a5,16
PC=00000334 [0107D793] X15=00000002 X15=00020000 X16=00000000 srli    a5,a5,16
PC=00000338 [FEF41123] X02=004FFFC0 X08=00500000 X15=00000002 sh      a5,-30(s0/fp)
PC=0000033C [FE241703] X14=00000002 X08=00500000 X02=004FFFC0 lh      a4,-30(s0/fp)
PC=00000340 [00400793] X15=00000004 X00=00000000 X04=00000000 addi    a5,zero,4
PC=000002F0 [FAE7D6E3] X13=00000000 X15=00000004 X14=00000002 bge     a5,a4,-84
PC=000002F0 [FE842603] X12=00000011 X08=00500000 X08=00500000 lw      a2,-24(s0/fp)
PC=000002F4 [FEC42683] X13=00000000 X08=00500000 X12=00000011 lw      a3,-20(s0/fp)
PC=000002F8 [00100513] X10=00000001 X00=00000000 X01=000001C0 addi    a0,zero,1
PC=000002FC [00000593] X11=00000000 X00=00000000 X00=00000000 addi    a1,zero,0
PC=00000300 [00A60733] X14=00000012 X12=00000011 X10=00000001 add     a4,a2,a0
PC=00000304 [00070813] X16=00000012 X14=00000012 X00=00000000 addi    a6,a4,0
PC=00000308 [00C83833] X16=00000000 X16=00000012 X12=00000011 sltu    a6,a6,a2
PC=0000030C [00B687B3] X15=00000000 X13=00000000 X11=00000000 add     a5,a3,a1
PC=00000310 [00F806B3] X13=00000000 X16=00000000 X15=00000000 add     a3,a6,a5
PC=00000314 [00068793] X15=00000000 X13=00000000 X00=00000000 addi    a5,a3,0
PC=00000318 [FEE42423] X08=00500000 X08=00500000 X14=00000012 sw      a4,-24(s0/fp)
PC=0000031C [FEF42623] X12=00000011 X08=00500000 X15=00000000 sw      a5,-20(s0/fp)
PC=00000320 [FE241783] X15=00000002 X08=00500000 X02=004FFFC0 lh      a5,-30(s0/fp)
PC=00000324 [01079793] X15=00020000 X15=00000002 X16=00000000 slli    a5,a5,16
PC=00000328 [0107D793] X15=00000002 X15=00020000 X16=00000000 srli    a5,a5,16
PC=0000032C [00178793] X15=00000003 X15=00000002 X01=000001C0 addi    a5,a5,1
PC=00000330 [01079793] X15=00030000 X15=00000003 X16=00000000 slli    a5,a5,16
PC=00000334 [0107D793] X15=00000003 X15=00030000 X16=00000000 srli    a5,a5,16
PC=00000338 [FEF41123] X02=004FFFC0 X08=00500000 X15=00000003 sh      a5,-30(s0/fp)
PC=0000033C [FE241703] X14=00000003 X08=00500000 X02=004FFFC0 lh      a4,-30(s0/fp)
PC=00000340 [00400793] X15=00000004 X00=00000000 X04=00000000 addi    a5,zero,4
PC=000002F0 [FAE7D6E3] X13=00000000 X15=00000004 X14=00000003 bge     a5,a4,-84
PC=000002F0 [FE842603] X12=00000012 X08=00500000 X08=00500000 lw      a2,-24(s0/fp)
PC=000002F4 [FEC42683] X13=00000000 X08=00500000 X12=00000012 lw      a3,-20(s0/fp)
PC=000002F8 [00100513] X10=00000001 X00=00000000 X01=000001C0 addi    a0,zero,1
PC=000002FC [00000593] X11=00000000 X00=00000000 X00=00000000 addi    a1,zero,0
PC=00000300 [00A60733] X14=00000013 X12=00000012 X10=00000001 add     a4,a2,a0
PC=00000304 [00070813] X16=00000013 X14=00000013 X00=00000000 addi    a6,a4,0
PC=00000308 [00C83833] X16=00000000 X16=00000013 X12=00000012 sltu    a6,a6,a2
PC=0000030C [00B687B3] X15=00000000 X13=00000000 X11=00000000 add     a5,a3,a1
PC=00000310 [00F806B3] X13=00000000 X16=00000000 X15=00000000 add     a3,a6,a5
PC=00000314 [00068793] X15=00000000 X13=00000000 X00=00000000 addi    a5,a3,0
PC=00000318 [FEE42423] X08=00500000 X08=00500000 X14=00000013 sw      a4,-24(s0/fp)
PC=0000031C [FEF42623] X12=00000012 X08=00500000 X15=00000000 sw      a5,-20(s0/fp)
PC=00000320 [FE241783] X15=00000003 X08=00500000 X02=004FFFC0 lh      a5,-30(s0/fp)
PC=00000324 [01079793] X15=00030000 X15=00000003 X16=00000000 slli    a5,a5,16
PC=00000328 [0107D793] X15=00000003 X15=00030000 X16=00000000 srli    a5,a5,16
PC=0000032C [00178793] X15=00000004 X15=00000003 X01=000001C0 addi    a5,a5,1
PC=00000330 [01079793] X15=00040000 X15=00000004 X16=00000000 slli    a5,a5,16
PC=00000334 [0107D793] X15=00000004 X15=00040000 X16=00000000 srli    a5,a5,16
PC=00000338 [FEF41123] X02=004FFFC0 X08=00500000 X15=00000004 sh      a5,-30(s0/fp)
PC=0000033C [FE241703] X14=00000004 X08=00500000 X02=004FFFC0 lh      a4,-30(s0/fp)
PC=00000340 [00400793] X15=00000004 X00=00000000 X04=00000000 addi    a5,zero,4
PC=000002F0 [FAE7D6E3] X13=00000000 X15=00000004 X14=00000004 bge     a5,a4,-84
PC=000002F0 [FE842603] X12=00000013 X08=00500000 X08=00500000 lw      a2,-24(s0/fp)
PC=000002F4 [FEC42683] X13=00000000 X08=00500000 X12=00000013 lw      a3,-20(s0/fp)
PC=000002F8 [00100513] X10=00000001 X00=00000000 X01=000001C0 addi    a0,zero,1
PC=000002FC [00000593] X11=00000000 X00=00000000 X00=00000000 addi    a1,zero,0
PC=00000300 [00A60733] X14=00000014 X12=00000013 X10=00000001 add     a4,a2,a0
PC=00000304 [00070813] X16=00000014 X14=00000014 X00=00000000 addi    a6,a4,0
PC=00000308 [00C83833] X16=00000000 X16=00000014 X12=00000013 sltu    a6,a6,a2
PC=0000030C [00B687B3] X15=00000000 X13=00000000 X11=00000000 add     a5,a3,a1
PC=00000310 [00F806B3] X13=00000000 X16=00000000 X15=00000000 add     a3,a6,a5
PC=00000314 [00068793] X15=00000000 X13=00000000 X00=00000000 addi    a5,a3,0
PC=00000318 [FEE42423] X08=00500000 X08=00500000 X14=00000014 sw      a4,-24(s0/fp)
PC=0000031C [FEF42623] X12=00000013 X08=00500000 X15=00000000 sw      a5,-20(s0/fp)
PC=00000320 [FE241783] X15=00000004 X08=00500000 X02=004FFFC0 lh      a5,-30(s0/fp)
PC=00000324 [01079793] X15=00040000 X15=00000004 X16=00000000 slli    a5,a5,16
PC=00000328 [0107D793] X15=00000004 X15=00040000 X16=00000000 srli    a5,a5,16
PC=0000032C [00178793] X15=00000005 X15=00000004 X01=000001C0 addi    a5,a5,1
PC=00000330 [01079793] X15=00050000 X15=00000005 X16=00000000 slli    a5,a5,16
PC=00000334 [0107D793] X15=00000005 X15=00050000 X16=00000000 srli    a5,a5,16
PC=00000338 [FEF41123] X02=004FFFC0 X08=00500000 X15=00000005 sh      a5,-30(s0/fp)
PC=0000033C [FE241703] X14=00000005 X08=00500000 X02=004FFFC0 lh      a4,-30(s0/fp)
PC=00000340 [00400793] X15=00000004 X00=00000000 X04=00000000 addi    a5,zero,4
PC=00000348 [FAE7D6E3] X13=00000000 X15=00000004 X14=00000005 bge     a5,a4,-84
PC=00000348 [FE041123] X02=004FFFC0 X08=00500000 X00=00000000 sh      zero,-30(s0/fp)
PC=0000034C [FC042E23] X28=00000000 X08=00500000 X00=00000000 sw      zero,-36(s0/fp)
PC=00000350 [0400006F] X00=00000000 X00=00000000 X00=00000000 jal     zero,64
PC=00000390 [FDC42703] X14=00000000 X08=00500000 X28=00000000 lw      a4,-36(s0/fp)
PC=00000394 [00400793] X15=00000004 X00=00000000 X04=00000000 addi    a5,zero,4
PC=00000354 [FAE7FEE3] X29=00000000 X15=00000004 X14=00000000 bgeu    a5,a4,-68
PC=00000354 [FE842603] X12=00000014 X08=00500000 X08=00500000 lw      a2,-24(s0/fp)
PC=00000358 [FEC42683] X13=00000000 X08=00500000 X12=00000014 lw      a3,-20(s0/fp)
PC=0000035C [00100513] X10=00000001 X00=00000000 X01=000001C0 addi    a0,zero,1
PC=00000360 [00000593] X11=00000000 X00=00000000 X00=00000000 addi    a1,zero,0
PC=00000364 [00A60733] X14=00000015 X12=00000014 X10=00000001 add     a4,a2,a0
PC=00000368 [00070813] X16=00000015 X14=00000015 X00=00000000 addi    a6,a4,0
PC=0000036C [00C83833] X16=00000000 X16=00000015 X12=00000014 sltu    a6,a6,a2
PC=00000370 [00B687B3] X15=00000000 X13=00000000 X11=00000000 add     a5,a3,a1
PC=00000374 [00F806B3] X13=00000000 X16=00000000 X15=00000000 add     a3,a6,a5
PC=00000378 [00068793] X15=00000000 X13=00000000 X00=00000000 addi    a5,a3,0
PC=0000037C [FEE42423] X08=00500000 X08=00500000 X14=00000015 sw      a4,-24(s0/fp)
PC=00000380 [FEF42623] X12=00000014 X08=00500000 X15=00000000 sw      a5,-20(s0/fp)
PC=00000384 [FDC42783] X15=00000000 X08=00500000 X28=00000000 lw      a5,-36(s0/fp)
PC=00000388 [00178793] X15=00000001 X15=00000000 X01=000001C0 addi    a5,a5,1
PC=0000038C [FCF42E23] X28=00000000 X08=00500000 X15=00000001 sw      a5,-36(s0/fp)
PC=00000390 [FDC42703] X14=00000001 X08=00500000 X28=00000000 lw      a4,-36(s0/fp)
PC=00000394 [00400793] X15=00000004 X00=00000000 X04=00000000 addi    a5,zero,4
PC=00000354 [FAE7FEE3] X29=00000000 X15=00000004 X14=00000001 bgeu    a5,a4,-68
PC=00000354 [FE842603] X12=00000015 X08=00500000 X08=00500000 lw      a2,-24(s0/fp)
PC=00000358 [FEC42683] X13=00000000 X08=00500000 X12=00000015 lw      a3,-20(s0/fp)
PC=0000035C [00100513] X10=00000001 X00=00000000 X01=000001C0 addi    a0,zero,1
PC=00000360 [00000593] X11=00000000 X00=00000000 X00=00000000 addi    a1,zero,0
PC=00000364 [00A60733] X14=00000016 X12=00000015 X10=00000001 add     a4,a2,a0
PC=00000368 [00070813] X16=00000016 X14=00000016 X00=00000000 addi    a6,a4,0
PC=0000036C [00C83833] X16=00000000 X16=00000016 X12=00000015 sltu    a6,a6,a2
PC=00000370 [00B687B3] X15=00000000 X13=00000000 X11=00000000 add     a5,a3,a1
PC=00000374 [00F806B3] X13=00000000 X16=00000000 X15=00000000 add     a3,a6,a5
PC=00000378 [00068793] X15=00000000 X13=00000000 X00=00000000 addi    a5,a3,0
PC=0000037C [FEE42423] X08=00500000 X08=00500000 X14=00000016 sw      a4,-24(s0/fp)
PC=00000380 [FEF42623] X12=00000015 X08=00500000 X15=00000000 sw      a5,-20(s0/fp)
PC=00000384 [FDC42783] X15=00000001 X08=00500000 X28=00000000 lw      a5,-36(s0/fp)
PC=00000388 [00178793] X15=00000002 X15=00000001 X01=000001C0 addi    a5,a5,1
PC=0000038C [FCF42E23] X28=00000000 X08=00500000 X15=00000002 sw      a5,-36(s0/fp)
PC=00000390 [FDC42703] X14=00000002 X08=00500000 X28=00000000 lw      a4,-36(s0/fp)
PC=00000394 [00400793] X15=00000004 X00=00000000 X04=00000000 addi    a5,zero,4
PC=00000354 [FAE7FEE3] X29=00000000 X15=00000004 X14=00000002 bgeu    a5,a4,-68
PC=00000354 [FE842603] X12=00000016 X08=00500000 X08=00500000 lw      a2,-24(s0/fp)
PC=00000358 [FEC42683] X13=00000000 X08=00500000 X12=00000016 lw      a3,-20(s0/fp)
PC=0000035C [00100513] X10=00000001 X00=00000000 X01=000001C0 addi    a0,zero,1
PC=00000360 [00000593] X11=00000000 X00=00000000 X00=00000000 addi    a1,zero,0
PC=00000364 [00A60733] X14=00000017 X12=00000016 X10=00000001 add     a4,a2,a0
PC=00000368 [00070813] X16=00000017 X14=00000017 X00=00000000 addi    a6,a4,0
PC=0000036C [00C83833] X16=00000000 X16=00000017 X12=00000016 sltu    a6,a6,a2
PC=00000370 [00B687B3] X15=00000000 X13=00000000 X11=00000000 add     a5,a3,a1
PC=00000374 [00F806B3] X13=00000000 X16=00000000 X15=00000000 add     a3,a6,a5
PC=00000378 [00068793] X15=00000000 X13=00000000 X00=00000000 addi    a5,a3,0
PC=0000037C [FEE42423] X08=00500000 X08=00500000 X14=00000017 sw      a4,-24(s0/fp)
PC=00000380 [FEF42623] X12=00000016 X08=00500000 X15=00000000 sw      a5,-20(s0/fp)
PC=00000384 [FDC42783] X15=00000002 X08=00500000 X28=00000000 lw      a5,-36(s0/fp)
PC=00000388 [00178793] X15=00000003 X15=00000002 X01=000001C0 addi    a5,a5,1
PC=0000038C [FCF42E23] X28=00000000 X08=00500000 X15=00000003 sw      a5,-36(s0/fp)
PC=00000390 [FDC42703] X14=00000003 X08=00500000 X28=00000000 lw      a4,-36(s0/fp)
PC=00000394 [00400793] X15=00000004 X00=00000000 X04=00000000 addi    a5,zero,4
PC=00000354 [FAE7FEE3] X29=00000000 X15=00000004 X14=00000003 bgeu    a5,a4,-68
PC=00000354 [FE842603] X12=00000017 X08=00500000 X08=00500000 lw      a2,-24(s0/fp)
PC=00000358 [FEC42683] X13=00000000 X08=00500000 X12=00000017 lw      a3,-20(s0/fp)
PC=0000035C [00100513] X10=00000001 X00=00000000 X01=000001C0 addi    a0,zero,1
PC=00000360 [00000593] X11=00000000 X00=00000000 X00=00000000 addi    a1,zero,0
PC=00000364 [00A60733] X14=00000018 X12=00000017 X10=00000001 add     a4,a2,a0
PC=00000368 [00070813] X16=00000018 X14=00000018 X00=00000000 addi    a6,a4,0
PC=0000036C [00C83833] X16=00000000 X16=00000018 X12=00000017 sltu    a6,a6,a2
PC=00000370 [00B687B3] X15=00000000 X13=00000000 X11=00000000 add     a5,a3,a1
PC=00000374 [00F806B3] X13=00000000 X16=00000000 X15=00000000 add     a3,a6,a5
PC=00000378 [00068793] X15=00000000 X13=00000000 X00=00000000 addi    a5,a3,0
PC=0000037C [FEE42423] X08=00500000 X08=00500000 X14=00000018 sw      a4,-24(s0/fp)
PC=00000380 [FEF42623] X12=00000017 X08=00500000 X15=00000000 sw      a5,-20(s0/fp)
PC=00000384 [FDC42783] X15=00000003 X08=00500000 X28=00000000 lw      a5,-36(s0/fp)
PC=00000388 [00178793] X15=00000004 X15=00000003 X01=000001C0 addi    a5,a5,1
PC=0000038C [FCF42E23] X28=00000000 X08=00500000 X15=00000004 sw      a5,-36(s0/fp)
PC=00000390 [FDC42703] X14=00000004 X08=00500000 X28=00000000 lw      a4,-36(s0/fp)
PC=00000394 [00400793] X15=00000004 X00=00000000 X04=00000000 addi    a5,zero,4
PC=00000354 [FAE7FEE3] X29=00000000 X15=00000004 X14=00000004 bgeu    a5,a4,-68
PC=00000354 [FE842603] X12=00000018 X08=00500000 X08=00500000 lw      a2,-24(s0/fp)
PC=00000358 [FEC42683] X13=00000000 X08=00500000 X12=00000018 lw      a3,-20(s0/fp)
PC=0000035C [00100513] X10=00000001 X00=00000000 X01=000001C0 addi    a0,zero,1
PC=00000360 [00000593] X11=00000000 X00=00000000 X00=00000000 addi    a1,zero,0
PC=00000364 [00A60733] X14=00000019 X12=00000018 X10=00000001 add     a4,a2,a0
PC=00000368 [00070813] X16=00000019 X14=00000019 X00=00000000 addi    a6,a4,0
PC=0000036C [00C83833] X16=00000000 X16=00000019 X12=00000018 sltu    a6,a6,a2
PC=00000370 [00B687B3] X15=00000000 X13=00000000 X11=00000000 add     a5,a3,a1
PC=00000374 [00F806B3] X13=00000000 X16=00000000 X15=00000000 add     a3,a6,a5
PC=00000378 [00068793] X15=00000000 X13=00000000 X00=00000000 addi    a5,a3,0
PC=0000037C [FEE42423] X08=00500000 X08=00500000 X14=00000019 sw      a4,-24(s0/fp)
PC=00000380 [FEF42623] X12=00000018 X08=00500000 X15=00000000 sw      a5,-20(s0/fp)
PC=00000384 [FDC42783] X15=00000004 X08=00500000 X28=00000000 lw      a5,-36(s0/fp)
PC=00000388 [00178793] X15=00000005 X15=00000004 X01=000001C0 addi    a5,a5,1
PC=0000038C [FCF42E23] X28=00000000 X08=00500000 X15=00000005 sw      a5,-36(s0/fp)
PC=00000390 [FDC42703] X14=00000005 X08=00500000 X28=00000000 lw      a4,-36(s0/fp)
PC=00000394 [00400793] X15=00000004 X00=00000000 X04=00000000 addi    a5,zero,4
PC=0000039C [FAE7FEE3] X29=00000000 X15=00000004 X14=00000005 bgeu    a5,a4,-68
PC=0000039C [FC042E23] X28=00000000 X08=00500000 X00=00000000 sw      zero,-36(s0/fp)
PC=000003A0 [FC042C23] X24=00000000 X08=00500000 X00=00000000 sw      zero,-40(s0/fp)
PC=000003A4 [0400006F] X00=00000000 X00=00000000 X00=00000000 jal     zero,64
PC=000003E4 [FD842703] X14=00000000 X08=00500000 X24=00000000 lw      a4,-40(s0/fp)
PC=000003E8 [00400793] X15=00000004 X00=00000000 X04=00000000 addi    a5,zero,4
PC=000003A8 [FAE7DEE3] X29=00000000 X15=00000004 X14=00000000 bge     a5,a4,-68
PC=000003A8 [FE842603] X12=00000019 X08=00500000 X08=00500000 lw      a2,-24(s0/fp)
PC=000003AC [FEC42683] X13=00000000 X08=00500000 X12=00000019 lw      a3,-20(s0/fp)
PC=000003B0 [00100513] X10=00000001 X00=00000000 X01=000001C0 addi    a0,zero,1
PC=000003B4 [00000593] X11=00000000 X00=00000000 X00=00000000 addi    a1,zero,0
PC=000003B8 [00A60733] X14=0000001A X12=00000019 X10=00000001 add     a4,a2,a0
PC=000003BC [00070813] X16=0000001A X14=0000001A X00=00000000 addi    a6,a4,0
PC=000003C0 [00C83833] X16=00000000 X16=0000001A X12=00000019 sltu    a6,a6,a2
PC=000003C4 [00B687B3] X15=00000000 X13=00000000 X11=00000000 add     a5,a3,a1
PC=000003C8 [00F806B3] X13=00000000 X16=00000000 X15=00000000 add     a3,a6,a5
PC=000003CC [00068793] X15=00000000 X13=00000000 X00=00000000 addi    a5,a3,0
PC=000003D0 [FEE42423] X08=00500000 X08=00500000 X14=0000001A sw      a4,-24(s0/fp)
PC=000003D4 [FEF42623] X12=00000019 X08=00500000 X15=00000000 sw      a5,-20(s0/fp)
PC=000003D8 [FD842783] X15=00000000 X08=00500000 X24=00000000 lw      a5,-40(s0/fp)
PC=000003DC [00178793] X15=00000001 X15=00000000 X01=000001C0 addi    a5,a5,1
PC=000003E0 [FCF42C23] X24=00000000 X08=00500000 X15=00000001 sw      a5,-40(s0/fp)
PC=000003E4 [FD842703] X14=00000001 X08=00500000 X24=00000000 lw      a4,-40(s0/fp)
PC=000003E8 [00400793] X15=00000004 X00=00000000 X04=00000000 addi    a5,zero,4
PC=000003A8 [FAE7DEE3] X29=00000000 X15=00000004 X14=00000001 bge     a5,a4,-68
PC=000003A8 [FE842603] X12=0000001A X08=00500000 X08=00500000 lw      a2,-24(s0/fp)
PC=000003AC [FEC42683] X13=00000000 X08=00500000 X12=0000001A lw      a3,-20(s0/fp)
PC=000003B0 [00100513] X10=00000001 X00=00000000 X01=000001C0 addi    a0,zero,1
PC=000003B4 [00000593] X11=00000000 X00=00000000 X00=00000000 addi    a1,zero,0
PC=000003B8 [00A60733] X14=0000001B X12=0000001A X10=00000001 add     a4,a2,a0
PC=000003BC [00070813] X16=0000001B X14=0000001B X00=00000000 addi    a6,a4,0
PC=000003C0 [00C83833] X16=00000000 X16=0000001B X12=0000001A sltu    a6,a6,a2
PC=000003C4 [00B687B3] X15=00000000 X13=00000000 X11=00000000 add     a5,a3,a1
PC=000003C8 [00F806B3] X13=00000000 X16=00000000 X15=00000000 add     a3,a6,a5
PC=000003CC [00068793] X15=00000000 X13=00000000 X00=00000000 addi    a5,a3,0
PC=000003D0 [FEE42423] X08=00500000 X08=00500000 X14=0000001B sw      a4,-24(s0/fp)
PC=000003D4 [FEF42623] X12=0000001A X08=00500000 X15=00000000 sw      a5,-20(s0/fp)
PC=000003D8 [FD842783] X15=00000001 X08=00500000 X24=00000000 lw      a5,-40(s0/fp)
PC=000003DC [00178793] X15=00000002 X15=00000001 X01=000001C0 addi    a5,a5,1
PC=000003E0 [FCF42C23] X24=00000000 X08=00500000 X15=00000002 sw      a5,-40(s0/fp)
PC=000003E4 [FD842703] X14=00000002 X08=00500000 X24=00000000 lw      a4,-40(s0/fp)
PC=000003E8 [00400793] X15=00000004 X00=00000000 X04=00000000 addi    a5,zero,4
PC=000003A8 [FAE7DEE3] X29=00000000 X15=00000004 X14=00000002 bge     a5,a4,-68
PC=000003A8 [FE842603] X12=0000001B X08=00500000 X08=00500000 lw      a2,-24(s0/fp)
PC=000003AC [FEC42683] X13=00000000 X08=00500000 X12=0000001B lw      a3,-20(s0/fp)
PC=000003B0 [00100513] X10=00000001 X00=00000000 X01=000001C0 addi    a0,zero,1
PC=000003B4 [00000593] X11=00000000 X00=00000000 X00=00000000 addi    a1,zero,0
PC=000003B8 [00A60733] X14=0000001C X12=0000001B X10=00000001 add     a4,a2,a0
PC=000003BC [00070813] X16=0000001C X14=0000001C X00=00000000 addi    a6,a4,0
PC=000003C0 [00C83833] X16=00000000 X16=0000001C X12=0000001B sltu    a6,a6,a2
PC=000003C4 [00B687B3] X15=00000000 X13=00000000 X11=00000000 add     a5,a3,a1
PC=000003C8 [00F806B3] X13=00000000 X16=00000000 X15=00000000 add     a3,a6,a5
PC=000003CC [00068793] X15=00000000 X13=00000000 X00=00000000 addi    a5,a3,0
PC=000003D0 [FEE42423] X08=00500000 X08=00500000 X14=0000001C sw      a4,-24(s0/fp)
PC=000003D4 [FEF42623] X12=0000001B X08=00500000 X15=00000000 sw      a5,-20(s0/fp)
PC=000003D8 [FD842783] X15=00000002 X08=00500000 X24=00000000 lw      a5,-40(s0/fp)
PC=000003DC [00178793] X15=00000003 X15=00000002 X01=000001C0 addi    a5,a5,1
PC=000003E0 [FCF42C23] X24=00000000 X08=00500000 X15=00000003 sw      a5,-40(s0/fp)
PC=000003E4 [FD842703] X14=00000003 X08=00500000 X24=00000000 lw      a4,-40(s0/fp)
PC=000003E8 [00400793] X15=00000004 X00=00000000 X04=00000000 addi    a5,zero,4
PC=000003A8 [FAE7DEE3] X29=00000000 X15=00000004 X14=00000003 bge     a5,a4,-68
PC=000003A8 [FE842603] X12=0000001C X08=00500000 X08=00500000 lw      a2,-24(s0/fp)
PC=000003AC [FEC42683] X13=00000000 X08=00500000 X12=0000001C lw      a3,-20(s0/fp)
PC=000003B0 [00100513] X10=00000001 X00=00000000 X01=000001C0 addi    a0,zero,1
PC=000003B4 [00000593] X11=00000000 X00=00000000 X00=00000000 addi    a1,zero,0
PC=000003B8 [00A60733] X14=0000001D X12=0000001C X10=00000001 add     a4,a2,a0
PC=000003BC [00070813] X16=0000001D X14=0000001D X00=00000000 addi    a6,a4,0
PC=000003C0 [00C83833] X16=00000000 X16=0000001D X12=0000001C sltu    a6,a6,a2
PC=000003C4 [00B687B3] X15=00000000 X13=00000000 X11=00000000 add     a5,a3,a1
PC=000003C8 [00F806B3] X13=00000000 X16=00000000 X15=00000000 add     a3,a6,a5
PC=000003CC [00068793] X15=00000000 X13=00000000 X00=00000000 addi    a5,a3,0
PC=000003D0 [FEE42423] X08=00500000 X08=00500000 X14=0000001D sw      a4,-24(s0/fp)
PC=000003D4 [FEF42623] X12=0000001C X08=00500000 X15=00000000 sw      a5,-20(s0/fp)
PC=000003D8 [FD842783] X15=00000003 X08=00500000 X24=00000000 lw      a5,-40(s0/fp)
PC=000003DC [00178793] X15=00000004 X15=00000003 X01=000001C0 addi    a5,a5,1
PC=000003E0 [FCF42C23] X24=00000000 X08=00500000 X15=00000004 sw      a5,-40(s0/fp)
PC=000003E4 [FD842703] X14=00000004 X08=00500000 X24=00000000 lw      a4,-40(s0/fp)
PC=000003E8 [00400793] X15=00000004 X00=00000000 X04=00000000 addi    a5,zero,4
PC=000003A8 [FAE7DEE3] X29=00000000 X15=00000004 X14=00000004 bge     a5,a4,-68
PC=000003A8 [FE842603] X12=0000001D X08=00500000 X08=00500000 lw      a2,-24(s0/fp)
PC=000003AC [FEC42683] X13=00000000 X08=00500000 X12=0000001D lw      a3,-20(s0/fp)
PC=000003B0 [00100513] X10=00000001 X00=00000000 X01=000001C0 addi    a0,zero,1
PC=000003B4 [00000593] X11=00000000 X00=00000000 X00=00000000 addi    a1,zero,0
PC=000003B8 [00A60733] X14=0000001E X12=0000001D X10=00000001 add     a4,a2,a0
PC=000003BC [00070813] X16=0000001E X14=0000001E X00=00000000 addi    a6,a4,0
PC=000003C0 [00C83833] X16=00000000 X16=0000001E X12=0000001D sltu    a6,a6,a2
PC=000003C4 [00B687B3] X15=00000000 X13=00000000 X11=00000000 add     a5,a3,a1
PC=000003C8 [00F806B3] X13=00000000 X16=00000000 X15=00000000 add     a3,a6,a5
PC=000003CC [00068793] X15=00000000 X13=00000000 X00=00000000 addi    a5,a3,0
PC=000003D0 [FEE42423] X08=00500000 X08=00500000 X14=0000001E sw      a4,-24(s0/fp)
PC=000003D4 [FEF42623] X12=0000001D X08=00500000 X15=00000000 sw      a5,-20(s0/fp)
PC=000003D8 [FD842783] X15=00000004 X08=00500000 X24=00000000 lw      a5,-40(s0/fp)
PC=000003DC [00178793] X15=00000005 X15=00000004 X01=000001C0 addi    a5,a5,1
PC=000003E0 [FCF42C23] X24=00000000 X08=00500000 X15=00000005 sw      a5,-40(s0/fp)
PC=000003E4 [FD842703] X14=00000005 X08=00500000 X24=00000000 lw      a4,-40(s0/fp)
PC=000003E8 [00400793] X15=00000004 X00=00000000 X04=00000000 addi    a5,zero,4
PC=000003F0 [FAE7DEE3] X29=00000000 X15=00000004 X14=00000005 bge     a5,a4,-68
PC=000003F0 [FC042C23] X24=00000000 X08=00500000 X00=00000000 sw      zero,-40(s0/fp)
PC=000003F4 [00000793] X15=00000000 X00=00000000 X00=00000000 addi    a5,zero,0
PC=000003F8 [00000813] X16=00000000 X00=00000000 X00=00000000 addi    a6,zero,0
PC=000003FC [FCF42823] X16=00000000 X08=00500000 X15=00000000 sw      a5,-48(s0/fp)
PC=00000400 [FD042A23] X20=00000000 X08=00500000 X16=00000000 sw      a6,-44(s0/fp)
PC=00000404 [0640006F] X00=00000000 X00=00000000 X04=00000000 jal     zero,100
PC=00000468 [FD442783] X15=00000000 X08=00500000 X20=00000000 lw      a5,-44(s0/fp)
PC=00000470 [00079C63] X24=00000000 X15=00000000 X00=00000000 bne     a5,zero,24
PC=00000470 [FD442783] X15=00000000 X08=00500000 X20=00000000 lw      a5,-44(s0/fp)
PC=00000478 [F8079AE3] X21=00000000 X15=00000000 X00=00000000 bne     a5,zero,-108
PC=00000478 [FD042703] X14=00000000 X08=00500000 X16=00000000 lw      a4,-48(s0/fp)
PC=0000047C [00400793] X15=00000004 X00=00000000 X04=00000000 addi    a5,zero,4
PC=00000408 [F8E7F4E3] X09=00000000 X15=00000004 X14=00000000 bgeu    a5,a4,-120
PC=00000408 [FE842603] X12=0000001E X08=00500000 X08=00500000 lw      a2,-24(s0/fp)
PC=0000040C [FEC42683] X13=00000000 X08=00500000 X12=0000001E lw      a3,-20(s0/fp)
PC=00000410 [00100513] X10=00000001 X00=00000000 X01=000001C0 addi    a0,zero,1
PC=00000414 [00000593] X11=00000000 X00=00000000 X00=00000000 addi    a1,zero,0
PC=00000418 [00A60733] X14=0000001F X12=0000001E X10=00000001 add     a4,a2,a0
PC=0000041C [00070813] X16=0000001F X14=0000001F X00=00000000 addi    a6,a4,0
PC=00000420 [00C83833] X16=00000000 X16=0000001F X12=0000001E sltu    a6,a6,a2
PC=00000424 [00B687B3] X15=00000000 X13=00000000 X11=00000000 add     a5,a3,a1
PC=00000428 [00F806B3] X13=00000000 X16=00000000 X15=00000000 add     a3,a6,a5
PC=0000042C [00068793] X15=00000000 X13=00000000 X00=00000000 addi    a5,a3,0
PC=00000430 [FEE42423] X08=00500000 X08=00500000 X14=0000001F sw      a4,-24(s0/fp)
PC=00000434 [FEF42623] X12=0000001E X08=00500000 X15=00000000 sw      a5,-20(s0/fp)
PC=00000438 [FD042603] X12=00000000 X08=00500000 X16=00000000 lw      a2,-48(s0/fp)
PC=0000043C [FD442683] X13=00000000 X08=00500000 X20=00000000 lw      a3,-44(s0/fp)
PC=00000440 [00100513] X10=00000001 X00=00000000 X01=000001C0 addi    a0,zero,1
PC=00000444 [00000593] X11=00000000 X00=00000000 X00=00000000 addi    a1,zero,0
PC=00000448 [00A60733] X14=00000001 X12=00000000 X10=00000001 add     a4,a2,a0
PC=0000044C [00070813] X16=00000001 X14=00000001 X00=00000000 addi    a6,a4,0
PC=00000450 [00C83833] X16=00000000 X16=00000001 X12=00000000 sltu    a6,a6,a2
PC=00000454 [00B687B3] X15=00000000 X13=00000000 X11=00000000 add     a5,a3,a1
PC=00000458 [00F806B3] X13=00000000 X16=00000000 X15=00000000 add     a3,a6,a5
PC=0000045C [00068793] X15=00000000 X13=00000000 X00=00000000 addi    a5,a3,0
PC=00000460 [FCE42823] X16=00000000 X08=00500000 X14=00000001 sw      a4,-48(s0/fp)
PC=00000464 [FCF42A23] X20=00000000 X08=00500000 X15=00000000 sw      a5,-44(s0/fp)
PC=00000468 [FD442783] X15=00000000 X08=00500000 X20=00000000 lw      a5,-44(s0/fp)
PC=00000470 [00079C63] X24=00000000 X15=00000000 X00=00000000 bne     a5,zero,24
PC=00000470 [FD442783] X15=00000000 X08=00500000 X20=00000000 lw      a5,-44(s0/fp)
PC=00000478 [F8079AE3] X21=00000000 X15=00000000 X00=00000000 bne     a5,zero,-108
PC=00000478 [FD042703] X14=00000001 X08=00500000 X16=00000000 lw      a4,-48(s0/fp)
PC=0000047C [00400793] X15=00000004 X00=00000000 X04=00000000 addi    a5,zero,4
PC=00000408 [F8E7F4E3] X09=00000000 X15=00000004 X14=00000001 bgeu    a5,a4,-120
PC=00000408 [FE842603] X12=0000001F X08=00500000 X08=00500000 lw      a2,-24(s0/fp)
PC=0000040C [FEC42683] X13=00000000 X08=00500000 X12=0000001F lw      a3,-20(s0/fp)
PC=00000410 [00100513] X10=00000001 X00=00000000 X01=000001C0 addi    a0,zero,1
PC=00000414 [00000593] X11=00000000 X00=00000000 X00=00000000 addi    a1,zero,0
PC=00000418 [00A60733] X14=00000020 X12=0000001F X10=00000001 add     a4,a2,a0
PC=0000041C [00070813] X16=00000020 X14=00000020 X00=00000000 addi    a6,a4,0
PC=00000420 [00C83833] X16=00000000 X16=00000020 X12=0000001F sltu    a6,a6,a2
PC=00000424 [00B687B3] X15=00000000 X13=00000000 X11=00000000 add     a5,a3,a1
PC=00000428 [00F806B3] X13=00000000 X16=00000000 X15=00000000 add     a3,a6,a5
PC=0000042C [00068793] X15=00000000 X13=00000000 X00=00000000 addi    a5,a3,0
PC=00000430 [FEE42423] X08=00500000 X08=00500000 X14=00000020 sw      a4,-24(s0/fp)
PC=00000434 [FEF42623] X12=0000001F X08=00500000 X15=00000000 sw      a5,-20(s0/fp)
PC=00000438 [FD042603] X12=00000001 X08=00500000 X16=00000000 lw      a2,-48(s0/fp)
PC=0000043C [FD442683] X13=00000000 X08=00500000 X20=00000000 lw      a3,-44(s0/fp)
PC=00000440 [00100513] X10=00000001 X00=00000000 X01=000001C0 addi    a0,zero,1
PC=00000444 [00000593] X11=00000000 X00=00000000 X00=00000000 addi    a1,zero,0
PC=00000448 [00A60733] X14=00000002 X12=00000001 X10=00000001 add     a4,a2,a0
PC=0000044C [00070813] X16=00000002 X14=00000002 X00=00000000 addi    a6,a4,0
PC=00000450 [00C83833] X16=00000000 X16=00000002 X12=00000001 sltu    a6,a6,a2
PC=00000454 [00B687B3] X15=00000000 X13=00000000 X11=00000000 add     a5,a3,a1
PC=00000458 [00F806B3] X13=00000000 X16=00000000 X15=00000000 add     a3,a6,a5
PC=0000045C [00068793] X15=00000000 X13=00000000 X00=00000000 addi    a5,a3,0
PC=00000460 [FCE42823] X16=00000000 X08=00500000 X14=00000002 sw      a4,-48(s0/fp)
PC=00000464 [FCF42A23] X20=00000000 X08=00500000 X15=00000000 sw      a5,-44(s0/fp)
PC=00000468 [FD442783] X15=00000000 X08=00500000 X20=00000000 lw      a5,-44(s0/fp)
PC=00000470 [00079C63] X24=00000000 X15=00000000 X00=00000000 bne     a5,zero,24
PC=00000470 [FD442783] X15=00000000 X08=00500000 X20=00000000 lw      a5,-44(s0/fp)
PC=00000478 [F8079AE3] X21=00000000 X15=00000000 X00=00000000 bne     a5,zero,-108
PC=00000478 [FD042703] X14=00000002 X08=00500000 X16=00000000 lw      a4,-48(s0/fp)
PC=0000047C [00400793] X15=00000004 X00=00000000 X04=00000000 addi    a5,zero,4
PC=00000408 [F8E7F4E3] X09=00000000 X15=00000004 X14=00000002 bgeu    a5,a4,-120
PC=00000408 [FE842603] X12=00000020 X08=00500000 X08=00500000 lw      a2,-24(s0/fp)
PC=0000040C [FEC42683] X13=00000000 X08=00500000 X12=00000020 lw      a3,-20(s0/fp)
PC=00000410 [00100513] X10=00000001 X00=00000000 X01=000001C0 addi    a0,zero,1
PC=00000414 [00000593] X11=00000000 X00=00000000 X00=00000000 addi    a1,zero,0
PC=00000418 [00A60733] X14=00000021 X12=00000020 X10=00000001 add     a4,a2,a0
PC=0000041C [00070813] X16=00000021 X14=00000021 X00=00000000 addi    a6,a4,0
PC=00000420 [00C83833] X16=00000000 X16=00000021 X12=00000020 sltu    a6,a6,a2
PC=00000424 [00B687B3] X15=00000000 X13=00000000 X11=00000000 add     a5,a3,a1
PC=00000428 [00F806B3] X13=00000000 X16=00000000 X15=00000000 add     a3,a6,a5
PC=0000042C [00068793] X15=00000000 X13=00000000 X00=00000000 addi    a5,a3,0
PC=00000430 [FEE42423] X08=00500000 X08=00500000 X14=00000021 sw      a4,-24(s0/fp)
PC=00000434 [FEF42623] X12=00000020 X08=00500000 X15=00000000 sw      a5,-20(s0/fp)
PC=00000438 [FD042603] X12=00000002 X08=00500000 X16=00000000 lw      a2,-48(s0/fp)
PC=0000043C [FD442683] X13=00000000 X08=00500000 X20=00000000 lw      a3,-44(s0/fp)
PC=00000440 [00100513] X10=00000001 X00=00000000 X01=000001C0 addi    a0,zero,1
PC=00000444 [00000593] X11=00000000 X00=00000000 X00=00000000 addi    a1,zero,0
PC=00000448 [00A60733] X14=00000003 X12=00000002 X10=00000001 add     a4,a2,a0
PC=0000044C [00070813] X16=00000003 X14=00000003 X00=00000000 addi    a6,a4,0
PC=00000450 [00C83833] X16=00000000 X16=00000003 X12=00000002 sltu    a6,a6,a2
PC=00000454 [00B687B3] X15=00000000 X13=00000000 X11=00000000 add     a5,a3,a1
PC=00000458 [00F806B3] X13=00000000 X16=00000000 X15=00000000 add     a3,a6,a5
PC=0000045C [00068793] X15=00000000 X13=00000000 X00=00000000 addi    a5,a3,0
PC=00000460 [FCE42823] X16=00000000 X08=00500000 X14=00000003 sw      a4,-48(s0/fp)
PC=00000464 [FCF42A23] X20=00000000 X08=00500000 X15=00000000 sw      a5,-44(s0/fp)
PC=00000468 [FD442783] X15=00000000 X08=00500000 X20=00000000 lw      a5,-44(s0/fp)
PC=00000470 [00079C63] X24=00000000 X15=00000000 X00=00000000 bne     a5,zero,24
PC=00000470 [FD442783] X15=00000000 X08=00500000 X20=00000000 lw      a5,-44(s0/fp)
PC=00000478 [F8079AE3] X21=00000000 X15=00000000 X00=00000000 bne     a5,zero,-108
PC=00000478 [FD042703] X14=00000003 X08=00500000 X16=00000000 lw      a4,-48(s0/fp)
PC=0000047C [00400793] X15=00000004 X00=00000000 X04=00000000 addi    a5,zero,4
PC=00000408 [F8E7F4E3] X09=00000000 X15=00000004 X14=00000003 bgeu    a5,a4,-120
PC=00000408 [FE842603] X12=00000021 X08=00500000 X08=00500000 lw      a2,-24(s0/fp)
PC=0000040C [FEC42683] X13=00000000 X08=00500000 X12=00000021 lw      a3,-20(s0/fp)
PC=00000410 [00100513] X10=00000001 X00=00000000 X01=000001C0 addi    a0,zero,1
PC=00000414 [00000593] X11=00000000 X00=00000000 X00=00000000 addi    a1,zero,0
PC=00000418 [00A60733] X14=00000022 X12=00000021 X10=00000001 add     a4,a2,a0
PC=0000041C [00070813] X16=00000022 X14=00000022 X00=00000000 addi    a6,a4,0
PC=00000420 [00C83833] X16=00000000 X16=00000022 X12=00000021 sltu    a6,a6,a2
PC=00000424 [00B687B3] X15=00000000 X13=00000000 X11=00000000 add     a5,a3,a1
PC=00000428 [00F806B3] X13=00000000 X16=00000000 X15=00000000 add     a3,a6,a5
PC=0000042C [00068793] X15=00000000 X13=00000000 X00=00000000 addi    a5,a3,0
PC=00000430 [FEE42423] X08=00500000 X08=00500000 X14=00000022 sw      a4,-24(s0/fp)
PC=00000434 [FEF42623] X12=00000021 X08=00500000 X15=00000000 sw      a5,-20(s0/fp)
PC=00000438 [FD042603] X12=00000003 X08=00500000 X16=00000000 lw      a2,-48(s0/fp)
PC=0000043C [FD442683] X13=00000000 X08=00500000 X20=00000000 lw      a3,-44(s0/fp)
PC=00000440 [00100513] X10=00000001 X00=00000000 X01=000001C0 addi    a0,zero,1
PC=00000444 [00000593] X11=00000000 X00=00000000 X00=00000000 addi    a1,zero,0
PC=00000448 [00A60733] X14=00000004 X12=00000003 X10=00000001 add     a4,a2,a0
PC=0000044C [00070813] X16=00000004 X14=00000004 X00=00000000 addi    a6,a4,0
PC=00000450 [00C83833] X16=00000000 X16=00000004 X12=00000003 sltu    a6,a6,a2
PC=00000454 [00B687B3] X15=00000000 X13=00000000 X11=00000000 add     a5,a3,a1
PC=00000458 [00F806B3] X13=00000000 X16=00000000 X15=00000000 add     a3,a6,a5
PC=0000045C [00068793] X15=00000000 X13=00000000 X00=00000000 addi    a5,a3,0
PC=00000460 [FCE42823] X16=00000000 X08=00500000 X14=00000004 sw      a4,-48(s0/fp)
PC=00000464 [FCF42A23] X20=00000000 X08=00500000 X15=00000000 sw      a5,-44(s0/fp)
PC=00000468 [FD442783] X15=00000000 X08=00500000 X20=00000000 lw      a5,-44(s0/fp)
PC=00000470 [00079C63] X24=00000000 X15=00000000 X00=00000000 bne     a5,zero,24
PC=00000470 [FD442783] X15=00000000 X08=00500000 X20=00000000 lw      a5,-44(s0/fp)
PC=00000478 [F8079AE3] X21=00000000 X15=00000000 X00=00000000 bne     a5,zero,-108
PC=00000478 [FD042703] X14=00000004 X08=00500000 X16=00000000 lw      a4,-48(s0/fp)
PC=0000047C [00400793] X15=00000004 X00=00000000 X04=00000000 addi    a5,zero,4
PC=00000408 [F8E7F4E3] X09=00000000 X15=00000004 X14=00000004 bgeu    a5,a4,-120
PC=00000408 [FE842603] X12=00000022 X08=00500000 X08=00500000 lw      a2,-24(s0/fp)
PC=0000040C [FEC42683] X13=00000000 X08=00500000 X12=00000022 lw      a3,-20(s0/fp)
PC=00000410 [00100513] X10=00000001 X00=00000000 X01=000001C0 addi    a0,zero,1
PC=00000414 [00000593] X11=00000000 X00=00000000 X00=00000000 addi    a1,zero,0
PC=00000418 [00A60733] X14=00000023 X12=00000022 X10=00000001 add     a4,a2,a0
PC=0000041C [00070813] X16=00000023 X14=00000023 X00=00000000 addi    a6,a4,0
PC=00000420 [00C83833] X16=00000000 X16=00000023 X12=00000022 sltu    a6,a6,a2
PC=00000424 [00B687B3] X15=00000000 X13=00000000 X11=00000000 add     a5,a3,a1
PC=00000428 [00F806B3] X13=00000000 X16=00000000 X15=00000000 add     a3,a6,a5
PC=0000042C [00068793] X15=00000000 X13=00000000 X00=00000000 addi    a5,a3,0
PC=00000430 [FEE42423] X08=00500000 X08=00500000 X14=00000023 sw      a4,-24(s0/fp)
PC=00000434 [FEF42623] X12=00000022 X08=00500000 X15=00000000 sw      a5,-20(s0/fp)
PC=00000438 [FD042603] X12=00000004 X08=00500000 X16=00000000 lw      a2,-48(s0/fp)
PC=0000043C [FD442683] X13=00000000 X08=00500000 X20=00000000 lw      a3,-44(s0/fp)
PC=00000440 [00100513] X10=00000001 X00=00000000 X01=000001C0 addi    a0,zero,1
PC=00000444 [00000593] X11=00000000 X00=00000000 X00=00000000 addi    a1,zero,0
PC=00000448 [00A60733] X14=00000005 X12=00000004 X10=00000001 add     a4,a2,a0
PC=0000044C [00070813] X16=00000005 X14=00000005 X00=00000000 addi    a6,a4,0
PC=00000450 [00C83833] X16=00000000 X16=00000005 X12=00000004 sltu    a6,a6,a2
PC=00000454 [00B687B3] X15=00000000 X13=00000000 X11=00000000 add     a5,a3,a1
PC=00000458 [00F806B3] X13=00000000 X16=00000000 X15=00000000 add     a3,a6,a5
PC=0000045C [00068793] X15=00000000 X13=00000000 X00=00000000 addi    a5,a3,0
PC=00000460 [FCE42823] X16=00000000 X08=00500000 X14=00000005 sw      a4,-48(s0/fp)
PC=00000464 [FCF42A23] X20=00000000 X08=00500000 X15=00000000 sw      a5,-44(s0/fp)
PC=00000468 [FD442783] X15=00000000 X08=00500000 X20=00000000 lw      a5,-44(s0/fp)
PC=00000470 [00079C63] X24=00000000 X15=00000000 X00=00000000 bne     a5,zero,24
PC=00000470 [FD442783] X15=00000000 X08=00500000 X20=00000000 lw      a5,-44(s0/fp)
PC=00000478 [F8079AE3] X21=00000000 X15=00000000 X00=00000000 bne     a5,zero,-108
PC=00000478 [FD042703] X14=00000005 X08=00500000 X16=00000000 lw      a4,-48(s0/fp)
PC=0000047C [00400793] X15=00000004 X00=00000000 X04=00000000 addi    a5,zero,4
PC=00000484 [F8E7F4E3] X09=00000000 X15=00000004 X14=00000005 bgeu    a5,a4,-120
PC=00000484 [00000793] X15=00000000 X00=00000000 X00=00000000 addi    a5,zero,0
PC=00000488 [00000813] X16=00000000 X00=00000000 X00=00000000 addi    a6,zero,0
PC=0000048C [FCF42823] X16=00000000 X08=00500000 X15=00000000 sw      a5,-48(s0/fp)
PC=00000490 [FD042A23] X20=00000000 X08=00500000 X16=00000000 sw      a6,-44(s0/fp)
PC=00000494 [FCF42423] X08=00500000 X08=00500000 X15=00000000 sw      a5,-56(s0/fp)
PC=00000498 [FD042623] X12=00000004 X08=00500000 X16=00000000 sw      a6,-52(s0/fp)
PC=0000049C [0640006F] X00=00000000 X00=00000000 X04=00000000 jal     zero,100
PC=00000500 [FCC42783] X15=00000000 X08=00500000 X12=00000004 lw      a5,-52(s0/fp)
PC=00000508 [00F04C63] X24=00000000 X00=00000000 X15=00000000 blt     zero,a5,24
PC=00000508 [FCC42783] X15=00000000 X08=00500000 X12=00000004 lw      a5,-52(s0/fp)
PC=00000510 [F8079AE3] X21=00000000 X15=00000000 X00=00000000 bne     a5,zero,-108
PC=00000510 [FC842703] X14=00000000 X08=00500000 X08=00500000 lw      a4,-56(s0/fp)
PC=00000514 [00400793] X15=00000004 X00=00000000 X04=00000000 addi    a5,zero,4
PC=000004A0 [F8E7F4E3] X09=00000000 X15=00000004 X14=00000000 bgeu    a5,a4,-120
PC=000004A0 [FE842603] X12=00000023 X08=00500000 X08=00500000 lw      a2,-24(s0/fp)
PC=000004A4 [FEC42683] X13=00000000 X08=00500000 X12=00000023 lw      a3,-20(s0/fp)
PC=000004A8 [00100513] X10=00000001 X00=00000000 X01=000001C0 addi    a0,zero,1
PC=000004AC [00000593] X11=00000000 X00=00000000 X00=00000000 addi    a1,zero,0
PC=000004B0 [00A60733] X14=00000024 X12=00000023 X10=00000001 add     a4,a2,a0
PC=000004B4 [00070813] X16=00000024 X14=00000024 X00=00000000 addi    a6,a4,0
PC=000004B8 [00C83833] X16=00000000 X16=00000024 X12=00000023 sltu    a6,a6,a2
PC=000004BC [00B687B3] X15=00000000 X13=00000000 X11=00000000 add     a5,a3,a1
PC=000004C0 [00F806B3] X13=00000000 X16=00000000 X15=00000000 add     a3,a6,a5
PC=000004C4 [00068793] X15=00000000 X13=00000000 X00=00000000 addi    a5,a3,0
PC=000004C8 [FEE42423] X08=00500000 X08=00500000 X14=00000024 sw      a4,-24(s0/fp)
PC=000004CC [FEF42623] X12=00000023 X08=00500000 X15=00000000 sw      a5,-20(s0/fp)
PC=000004D0 [FC842603] X12=00000000 X08=00500000 X08=00500000 lw      a2,-56(s0/fp)
PC=000004D4 [FCC42683] X13=00000000 X08=00500000 X12=00000000 lw      a3,-52(s0/fp)
PC=000004D8 [00100513] X10=00000001 X00=00000000 X01=000001C0 addi    a0,zero,1
PC=000004DC [00000593] X11=00000000 X00=00000000 X00=00000000 addi    a1,zero,0
PC=000004E0 [00A60733] X14=00000001 X12=00000000 X10=00000001 add     a4,a2,a0
PC=000004E4 [00070813] X16=00000001 X14=00000001 X00=00000000 addi    a6,a4,0
PC=000004E8 [00C83833] X16=00000000 X16=00000001 X12=00000000 sltu    a6,a6,a2
PC=000004EC [00B687B3] X15=00000000 X13=00000000 X11=00000000 add     a5,a3,a1
PC=000004F0 [00F806B3] X13=00000000 X16=00000000 X15=00000000 add     a3,a6,a5
PC=000004F4 [00068793] X15=00000000 X13=00000000 X00=00000000 addi    a5,a3,0
PC=000004F8 [FCE42423] X08=00500000 X08=00500000 X14=00000001 sw      a4,-56(s0/fp)
PC=000004FC [FCF42623] X12=00000000 X08=00500000 X15=00000000 sw      a5,-52(s0/fp)
PC=00000500 [FCC42783] X15=00000000 X08=00500000 X12=00000000 lw      a5,-52(s0/fp)
PC=00000508 [00F04C63] X24=00000000 X00=00000000 X15=00000000 blt     zero,a5,24
PC=00000508 [FCC42783] X15=00000000 X08=00500000 X12=00000000 lw      a5,-52(s0/fp)
PC=00000510 [F8079AE3] X21=00000000 X15=00000000 X00=00000000 bne     a5,zero,-108
PC=00000510 [FC842703] X14=00000001 X08=00500000 X08=00500000 lw      a4,-56(s0/fp)
PC=00000514 [00400793] X15=00000004 X00=00000000 X04=00000000 addi    a5,zero,4
PC=000004A0 [F8E7F4E3] X09=00000000 X15=00000004 X14=00000001 bgeu    a5,a4,-120
PC=000004A0 [FE842603] X12=00000024 X08=00500000 X08=00500000 lw      a2,-24(s0/fp)
PC=000004A4 [FEC42683] X13=00000000 X08=00500000 X12=00000024 lw      a3,-20(s0/fp)
PC=000004A8 [00100513] X10=00000001 X00=00000000 X01=000001C0 addi    a0,zero,1
PC=000004AC [00000593] X11=00000000 X00=00000000 X00=00000000 addi    a1,zero,0
PC=000004B0 [00A60733] X14=00000025 X12=00000024 X10=00000001 add     a4,a2,a0
PC=000004B4 [00070813] X16=00000025 X14=00000025 X00=00000000 addi    a6,a4,0
PC=000004B8 [00C83833] X16=00000000 X16=00000025 X12=00000024 sltu    a6,a6,a2
PC=000004BC [00B687B3] X15=00000000 X13=00000000 X11=00000000 add     a5,a3,a1
PC=000004C0 [00F806B3] X13=00000000 X16=00000000 X15=00000000 add     a3,a6,a5
PC=000004C4 [00068793] X15=00000000 X13=00000000 X00=00000000 addi    a5,a3,0
PC=000004C8 [FEE42423] X08=00500000 X08=00500000 X14=00000025 sw      a4,-24(s0/fp)
PC=000004CC [FEF42623] X12=00000024 X08=00500000 X15=00000000 sw      a5,-20(s0/fp)
PC=000004D0 [FC842603] X12=00000001 X08=00500000 X08=00500000 lw      a2,-56(s0/fp)
PC=000004D4 [FCC42683] X13=00000000 X08=00500000 X12=00000001 lw      a3,-52(s0/fp)
PC=000004D8 [00100513] X10=00000001 X00=00000000 X01=000001C0 addi    a0,zero,1
PC=000004DC [00000593] X11=00000000 X00=00000000 X00=00000000 addi    a1,zero,0
PC=000004E0 [00A60733] X14=00000002 X12=00000001 X10=00000001 add     a4,a2,a0
PC=000004E4 [00070813] X16=00000002 X14=00000002 X00=00000000 addi    a6,a4,0
PC=000004E8 [00C83833] X16=00000000 X16=00000002 X12=00000001 sltu    a6,a6,a2
PC=000004EC [00B687B3] X15=00000000 X13=00000000 X11=00000000 add     a5,a3,a1
PC=000004F0 [00F806B3] X13=00000000 X16=00000000 X15=00000000 add     a3,a6,a5
PC=000004F4 [00068793] X15=00000000 X13=00000000 X00=00000000 addi    a5,a3,0
PC=000004F8 [FCE42423] X08=00500000 X08=00500000 X14=00000002 sw      a4,-56(s0/fp)
PC=000004FC [FCF42623] X12=00000001 X08=00500000 X15=00000000 sw      a5,-52(s0/fp)
PC=00000500 [FCC42783] X15=00000000 X08=00500000 X12=00000001 lw      a5,-52(s0/fp)
PC=00000508 [00F04C63] X24=00000000 X00=00000000 X15=00000000 blt     zero,a5,24
PC=00000508 [FCC42783] X15=00000000 X08=00500000 X12=00000001 lw      a5,-52(s0/fp)
PC=00000510 [F8079AE3] X21=00000000 X15=00000000 X00=00000000 bne     a5,zero,-108
PC=00000510 [FC842703] X14=00000002 X08=00500000 X08=00500000 lw      a4,-56(s0/fp)
PC=00000514 [00400793] X15=00000004 X00=00000000 X04=00000000 addi    a5,zero,4
PC=000004A0 [F8E7F4E3] X09=00000000 X15=00000004 X14=00000002 bgeu    a5,a4,-120
PC=000004A0 [FE842603] X12=00000025 X08=00500000 X08=00500000 lw      a2,-24(s0/fp)
PC=000004A4 [FEC42683] X13=00000000 X08=00500000 X12=00000025 lw      a3,-20(s0/fp)
PC=000004A8 [00100513] X10=00000001 X00=00000000 X01=000001C0 addi    a0,zero,1
PC=000004AC [00000593] X11=00000000 X00=00000000 X00=00000000 addi    a1,zero,0
PC=000004B0 [00A60733] X14=00000026 X12=00000025 X10=00000001 add     a4,a2,a0
PC=000004B4 [00070813] X16=00000026 X14=00000026 X00=00000000 addi    a6,a4,0
PC=000004B8 [00C83833] X16=00000000 X16=00000026 X12=00000025 sltu    a6,a6,a2
PC=000004BC [00B687B3] X15=00000000 X13=00000000 X11=00000000 add     a5,a3,a1
PC=000004C0 [00F806B3] X13=00000000 X16=00000000 X15=00000000 add     a3,a6,a5
PC=000004C4 [00068793] X15=00000000 X13=00000000 X00=00000000 addi    a5,a3,0
PC=000004C8 [FEE42423] X08=00500000 X08=00500000 X14=00000026 sw      a4,-24(s0/fp)
PC=000004CC [FEF42623] X12=00000025 X08=00500000 X15=00000000 sw      a5,-20(s0/fp)
PC=000004D0 [FC842603] X12=00000002 X08=00500000 X08=00500000 lw      a2,-56(s0/fp)
PC=000004D4 [FCC42683] X13=00000000 X08=00500000 X12=00000002 lw      a3,-52(s0/fp)
PC=000004D8 [00100513] X10=00000001 X00=00000000 X01=000001C0 addi    a0,zero,1
PC=000004DC [00000593] X11=00000000 X00=00000000 X00=00000000 addi    a1,zero,0
PC=000004E0 [00A60733] X14=00000003 X12=00000002 X10=00000001 add     a4,a2,a0
PC=000004E4 [00070813] X16=00000003 X14=00000003 X00=00000000 addi    a6,a4,0
PC=000004E8 [00C83833] X16=00000000 X16=00000003 X12=00000002 sltu    a6,a6,a2
PC=000004EC [00B687B3] X15=00000000 X13=00000000 X11=00000000 add     a5,a3,a1
PC=000004F0 [00F806B3] X13=00000000 X16=00000000 X15=00000000 add     a3,a6,a5
PC=000004F4 [00068793] X15=00000000 X13=00000000 X00=00000000 addi    a5,a3,0
PC=000004F8 [FCE42423] X08=00500000 X08=00500000 X14=00000003 sw      a4,-56(s0/fp)
PC=000004FC [FCF42623] X12=00000002 X08=00500000 X15=00000000 sw      a5,-52(s0/fp)
PC=00000500 [FCC42783] X15=00000000 X08=00500000 X12=00000002 lw      a5,-52(s0/fp)
PC=00000508 [00F04C63] X24=00000000 X00=00000000 X15=00000000 blt     zero,a5,24
PC=00000508 [FCC42783] X15=00000000 X08=00500000 X12=00000002 lw      a5,-52(s0/fp)
PC=00000510 [F8079AE3] X21=00000000 X15=00000000 X00=00000000 bne     a5,zero,-108
PC=00000510 [FC842703] X14=00000003 X08=00500000 X08=00500000 lw      a4,-56(s0/fp)
PC=00000514 [00400793] X15=00000004 X00=00000000 X04=00000000 addi    a5,zero,4
PC=000004A0 [F8E7F4E3] X09=00000000 X15=00000004 X14=00000003 bgeu    a5,a4,-120
PC=000004A0 [FE842603] X12=00000026 X08=00500000 X08=00500000 lw      a2,-24(s0/fp)
PC=000004A4 [FEC42683] X13=00000000 X08=00500000 X12=00000026 lw      a3,-20(s0/fp)
PC=000004A8 [00100513] X10=00000001 X00=00000000 X01=000001C0 addi    a0,zero,1
PC=000004AC [00000593] X11=00000000 X00=00000000 X00=00000000 addi    a1,zero,0
PC=000004B0 [00A60733] X14=00000027 X12=00000026 X10=00000001 add     a4,a2,a0
PC=000004B4 [00070813] X16=00000027 X14=00000027 X00=00000000 addi    a6,a4,0
PC=000004B8 [00C83833] X16=00000000 X16=00000027 X12=00000026 sltu    a6,a6,a2
PC=000004BC [00B687B3] X15=00000000 X13=00000000 X11=00000000 add     a5,a3,a1
PC=000004C0 [00F806B3] X13=00000000 X16=00000000 X15=00000000 add     a3,a6,a5
PC=000004C4 [00068793] X15=00000000 X13=00000000 X00=00000000 addi    a5,a3,0
PC=000004C8 [FEE42423] X08=00500000 X08=00500000 X14=00000027 sw      a4,-24(s0/fp)
PC=000004CC [FEF42623] X12=00000026 X08=00500000 X15=00000000 sw      a5,-20(s0/fp)
PC=000004D0 [FC842603] X12=00000003 X08=00500000 X08=00500000 lw      a2,-56(s0/fp)
PC=000004D4 [FCC42683] X13=00000000 X08=00500000 X12=00000003 lw      a3,-52(s0/fp)
PC=000004D8 [00100513] X10=00000001 X00=00000000 X01=000001C0 addi    a0,zero,1
PC=000004DC [00000593] X11=00000000 X00=00000000 X00=00000000 addi    a1,zero,0
PC=000004E0 [00A60733] X14=00000004 X12=00000003 X10=00000001 add     a4,a2,a0
PC=000004E4 [00070813] X16=00000004 X14=00000004 X00=00000000 addi    a6,a4,0
PC=000004E8 [00C83833] X16=00000000 X16=00000004 X12=00000003 sltu    a6,a6,a2
PC=000004EC [00B687B3] X15=00000000 X13=00000000 X11=00000000 add     a5,a3,a1
PC=000004F0 [00F806B3] X13=00000000 X16=00000000 X15=00000000 add     a3,a6,a5
PC=000004F4 [00068793] X15=00000000 X13=00000000 X00=00000000 addi    a5,a3,0
PC=000004F8 [FCE42423] X08=00500000 X08=00500000 X14=00000004 sw      a4,-56(s0/fp)
PC=000004FC [FCF42623] X12=00000003 X08=00500000 X15=00000000 sw      a5,-52(s0/fp)
PC=00000500 [FCC42783] X15=00000000 X08=00500000 X12=00000003 lw      a5,-52(s0/fp)
PC=00000508 [00F04C63] X24=00000000 X00=00000000 X15=00000000 blt     zero,a5,24
PC=00000508 [FCC42783] X15=00000000 X08=00500000 X12=00000003 lw      a5,-52(s0/fp)
PC=00000510 [F8079AE3] X21=00000000 X15=00000000 X00=00000000 bne     a5,zero,-108
PC=00000510 [FC842703] X14=00000004 X08=00500000 X08=00500000 lw      a4,-56(s0/fp)
PC=00000514 [00400793] X15=00000004 X00=00000000 X04=00000000 addi    a5,zero,4
PC=000004A0 [F8E7F4E3] X09=00000000 X15=00000004 X14=00000004 bgeu    a5,a4,-120
PC=000004A0 [FE842603] X12=00000027 X08=00500000 X08=00500000 lw      a2,-24(s0/fp)
PC=000004A4 [FEC42683] X13=00000000 X08=00500000 X12=00000027 lw      a3,-20(s0/fp)
PC=000004A8 [00100513] X10=00000001 X00=00000000 X01=000001C0 addi    a0,zero,1
PC=000004AC [00000593] X11=00000000 X00=00000000 X00=00000000 addi    a1,zero,0
PC=000004B0 [00A60733] X14=00000028 X12=00000027 X10=00000001 add     a4,a2,a0
PC=000004B4 [00070813] X16=00000028 X14=00000028 X00=00000000 addi    a6,a4,0
PC=000004B8 [00C83833] X16=00000000 X16=00000028 X12=00000027 sltu    a6,a6,a2
PC=000004BC [00B687B3] X15=00000000 X13=00000000 X11=00000000 add     a5,a3,a1
PC=000004C0 [00F806B3] X13=00000000 X16=00000000 X15=00000000 add     a3,a6,a5
PC=000004C4 [00068793] X15=00000000 X13=00000000 X00=00000000 addi    a5,a3,0
PC=000004C8 [FEE42423] X08=00500000 X08=00500000 X14=00000028 sw      a4,-24(s0/fp)
PC=000004CC [FEF42623] X12=00000027 X08=00500000 X15=00000000 sw      a5,-20(s0/fp)
PC=000004D0 [FC842603] X12=00000004 X08=00500000 X08=00500000 lw      a2,-56(s0/fp)
PC=000004D4 [FCC42683] X13=00000000 X08=00500000 X12=00000004 lw      a3,-52(s0/fp)
PC=000004D8 [00100513] X10=00000001 X00=00000000 X01=000001C0 addi    a0,zero,1
PC=000004DC [00000593] X11=00000000 X00=00000000 X00=00000000 addi    a1,zero,0
PC=000004E0 [00A60733] X14=00000005 X12=00000004 X10=00000001 add     a4,a2,a0
PC=000004E4 [00070813] X16=00000005 X14=00000005 X00=00000000 addi    a6,a4,0
PC=000004E8 [00C83833] X16=00000000 X16=00000005 X12=00000004 sltu    a6,a6,a2
PC=000004EC [00B687B3] X15=00000000 X13=00000000 X11=00000000 add     a5,a3,a1
PC=000004F0 [00F806B3] X13=00000000 X16=00000000 X15=00000000 add     a3,a6,a5
PC=000004F4 [00068793] X15=00000000 X13=00000000 X00=00000000 addi    a5,a3,0
PC=000004F8 [FCE42423] X08=00500000 X08=00500000 X14=00000005 sw      a4,-56(s0/fp)
PC=000004FC [FCF42623] X12=00000004 X08=00500000 X15=00000000 sw      a5,-52(s0/fp)
PC=00000500 [FCC42783] X15=00000000 X08=00500000 X12=00000004 lw      a5,-52(s0/fp)
PC=00000508 [00F04C63] X24=00000000 X00=00000000 X15=00000000 blt     zero,a5,24
PC=00000508 [FCC42783] X15=00000000 X08=00500000 X12=00000004 lw      a5,-52(s0/fp)
PC=00000510 [F8079AE3] X21=00000000 X15=00000000 X00=00000000 bne     a5,zero,-108
PC=00000510 [FC842703] X14=00000005 X08=00500000 X08=00500000 lw      a4,-56(s0/fp)
PC=00000514 [00400793] X15=00000004 X00=00000000 X04=00000000 addi    a5,zero,4
PC=0000051C [F8E7F4E3] X09=00000000 X15=00000004 X14=00000005 bgeu    a5,a4,-120
PC=0000051C [00000793] X15=00000000 X00=00000000 X00=00000000 addi    a5,zero,0
PC=00000520 [00000813] X16=00000000 X00=00000000 X00=00000000 addi    a6,zero,0
PC=00000524 [FCF42423] X08=00500000 X08=00500000 X15=00000000 sw      a5,-56(s0/fp)
PC=00000528 [FD042623] X12=00000004 X08=00500000 X16=00000000 sw      a6,-52(s0/fp)
PC=0000052C [00000793] X15=00000000 X00=00000000 X00=00000000 addi    a5,zero,0
PC=00000530 [00078513] X10=00000000 X15=00000000 X00=00000000 addi    a0,a5,0
PC=00000534 [03C12403] X08=00000000 X02=004FFFC0 X28=00000000 lw      s0/fp,60(sp)
PC=00000538 [04010113] X02=00500000 X02=004FFFC0 X00=00000000 addi    sp,sp,64
PC=0000053C [00008067] X00=00000000 X01=000001C0 X00=00000000 jalr    zero,ra,0
PC=000001C0 [200002B7] X05=20000000 X00=00000000 X00=00000000 lui     t0,536870912
PC=000001C4 [00100073] X00=00000000 X00=00000000 X01=000001C0 ebreak  