PC=000001B8 [00500137] X02=00500000 X00=00000000 X05=00000000 lui     sp,5242880
PC=000001BC [00C000EF] X01=000001C0 X00=00000000 X12=00000000 jal     ra,12
PC=000001C8 [FD010113] X02=004FFFD0 X02=00500000 X16=00000000 addi    sp,sp,-48
PC=000001CC [02812623] X12=00000000 X02=004FFFD0 X08=00000000 sw      s0/fp,44(sp)
PC=000001D0 [03010413] X08=00500000 X02=004FFFD0 X16=00000000 addi    s0/fp,sp,48
PC=000001D4 [02000793] X15=00000020 X00=00000000 X00=00000000 addi    a5,zero,32
PC=000001D8 [FEF407A3] X15=00000020 X08=00500000 X15=00000020 sb      a5,-17(s0/fp)
PC=000001DC [1314B7B7] X15=1314AF00 X09=00000000 X17=00000000 lui     a5,320122624
PC=000001E0 [B4278793] X15=1314AA42 X15=1314AF00 X02=004FFFD0 addi    a5,a5,-1214
PC=000001E4 [FCF42E23] X28=00000000 X08=00500000 X15=1314AA42 sw      a5,-36(s0/fp)
PC=000001E8 [F1B347B7] X15=F1B34000 X06=00000000 X27=00000000 lui     a5,4055056384
PC=000001EC [51778793] X15=F1B34517 X15=F1B34000 X23=00000000 addi    a5,a5,1303
PC=000001F0 [FEF42023] X00=00000000 X08=00500000 X15=F1B34517 sw      a5,-32(s0/fp)
PC=000001F4 [FE042223] X04=00000000 X08=00500000 X00=00000000 sw      zero,-28(s0/fp)
PC=000001F8 [FE042423] X08=00500000 X08=00500000 X00=00000000 sw      zero,-24(s0/fp)
PC=000001FC [0CC0006F] X00=00000000 X00=00000000 X12=00000000 jal     zero,204
PC=000002C8 [FEF44783] X15=00000020 X08=00500000 X15=F1B34517 lbu     a5,-17(s0/fp)
PC=00000200 [F2079AE3] X21=00000000 X15=00000020 X00=00000000 bne     a5,zero,-204
PC=00000200 [FE042783] X15=F1B34517 X08=00500000 X00=00000000 lw      a5,-32(s0/fp)
PC=00000204 [0017F793] X15=00000001 X15=F1B34517 X01=000001C0 andi    a5,a5,1
PC=0000020C [04078C63] X24=00000000 X15=00000001 X00=00000000 beq     a5,zero,88
PC=0000020C [FE442783] X15=00000000 X08=00500000 X04=00000000 lw      a5,-28(s0/fp)
PC=00000210 [00078613] X12=00000000 X15=00000000 X00=00000000 addi    a2,a5,0
PC=00000214 [00000693] X13=00000000 X00=00000000 X00=00000000 addi    a3,zero,0
PC=00000218 [FDC42783] X15=1314AA42 X08=00500000 X28=00000000 lw      a5,-36(s0/fp)
PC=0000021C [00078313] X06=1314AA42 X15=1314AA42 X00=00000000 addi    t1,a5,0
PC=00000220 [00000393] X07=00000000 X00=00000000 X00=00000000 addi    t2,zero,0
PC=00000224 [00660733] X14=1314AA42 X12=00000000 X06=1314AA42 add     a4,a2,t1
PC=00000228 [00070F13] X30=1314AA42 X14=1314AA42 X00=00000000 addi    t5,a4,0
PC=0000022C [00CF3F33] X30=00000000 X30=1314AA42 X12=00000000 sltu    t5,t5,a2
PC=00000230 [007687B3] X15=00000000 X13=00000000 X07=00000000 add     a5,a3,t2
PC=00000234 [00FF0F33] X30=00000000 X30=00000000 X15=00000000 add     t5,t5,a5
PC=00000238 [000F0793] X15=00000000 X30=00000000 X00=00000000 addi    a5,t5,0
PC=00000240 [00079663] X12=00000000 X15=00000000 X00=00000000 bne     a5,zero,12
PC=00000240 [FE042423] X08=00500000 X08=00500000 X00=00000000 sw      zero,-24(s0/fp)
PC=00000244 [00C0006F] X00=00000000 X00=00000000 X12=00000000 jal     zero,12
PC=00000250 [FE442703] X14=00000000 X08=00500000 X04=00000000 lw      a4,-28(s0/fp)
PC=00000254 [FDC42783] X15=1314AA42 X08=00500000 X28=00000000 lw      a5,-36(s0/fp)
PC=00000258 [00F707B3] X15=1314AA42 X14=00000000 X15=1314AA42 add     a5,a4,a5
PC=0000025C [FEF42223] X04=00000000 X08=00500000 X15=1314AA42 sw      a5,-28(s0/fp)
PC=00000260 [FE042783] X15=F1B34517 X08=00500000 X00=00000000 lw      a5,-32(s0/fp)
PC=00000264 [0017D793] X15=78D9A28B X15=F1B34517 X01=000001C0 srli    a5,a5,1
PC=00000268 [FEF42023] X00=00000000 X08=00500000 X15=78D9A28B sw      a5,-32(s0/fp)
PC=0000026C [FE442783] X15=1314AA42 X08=00500000 X04=00000000 lw      a5,-28(s0/fp)
PC=00000270 [0017F793] X15=00000000 X15=1314AA42 X01=000001C0 andi    a5,a5,1
PC=00000288 [00078A63] X20=00000000 X15=00000000 X00=00000000 beq     a5,zero,20
PC=00000288 [FE442783] X15=1314AA42 X08=00500000 X04=00000000 lw      a5,-28(s0/fp)
PC=0000028C [0017D793] X15=098A5521 X15=1314AA42 X01=000001C0 srli    a5,a5,1
PC=00000290 [FEF42223] X04=00000000 X08=00500000 X15=098A5521 sw      a5,-28(s0/fp)
PC=00000294 [FE842783] X15=00000000 X08=00500000 X08=00500000 lw      a5,-24(s0/fp)
PC=00000298 [0017F793] X15=00000000 X15=00000000 X01=000001C0 andi    a5,a5,1
PC=000002B0 [00078A63] X20=00000000 X15=00000000 X00=00000000 beq     a5,zero,20
PC=000002B0 [FE842783] X15=00000000 X08=00500000 X08=00500000 lw      a5,-24(s0/fp)
PC=000002B4 [0017D793] X15=00000000 X15=00000000 X01=000001C0 srli    a5,a5,1
PC=000002B8 [FEF42423] X08=00500000 X08=00500000 X15=00000000 sw      a5,-24(s0/fp)
PC=000002BC [FEF44783] X15=00000020 X08=00500000 X15=00000000 lbu     a5,-17(s0/fp)
PC=000002C0 [FFF78793] X15=0000001F X15=00000020 X31=00000000 addi    a5,a5,-1
PC=000002C4 [FEF407A3] X15=0000001F X08=00500000 X15=0000001F sb      a5,-17(s0/fp)
PC=000002C8 [FEF44783] X15=0000001F X08=00500000 X15=0000001F lbu     a5,-17(s0/fp)
PC=00000200 [F2079AE3] X21=00000000 X15=0000001F X00=00000000 bne     a5,zero,-204
PC=00000200 [FE042783] X15=78D9A28B X08=00500000 X00=00000000 lw      a5,-32(s0/fp)
PC=00000204 [0017F793] X15=00000001 X15=78D9A28B X01=000001C0 andi    a5,a5,1
PC=0000020C [04078C63] X24=00000000 X15=00000001 X00=00000000 beq     a5,zero,88
PC=0000020C [FE442783] X15=098A5521 X08=00500000 X04=00000000 lw      a5,-28(s0/fp)
PC=00000210 [00078613] X12=098A5521 X15=098A5521 X00=00000000 addi    a2,a5,0
PC=00000214 [00000693] X13=00000000 X00=00000000 X00=00000000 addi    a3,zero,0
PC=00000218 [FDC42783] X15=1314AA42 X08=00500000 X28=00000000 lw      a5,-36(s0/fp)
PC=0000021C [00078313] X06=1314AA42 X15=1314AA42 X00=00000000 addi    t1,a5,0
PC=00000220 [00000393] X07=00000000 X00=00000000 X00=00000000 addi    t2,zero,0
PC=00000224 [00660733] X14=1C9EFF63 X12=098A5521 X06=1314AA42 add     a4,a2,t1
PC=00000228 [00070F13] X30=1C9EFF63 X14=1C9EFF63 X00=00000000 addi    t5,a4,0
PC=0000022C [00CF3F33] X30=00000000 X30=1C9EFF63 X12=098A5521 sltu    t5,t5,a2
PC=00000230 [007687B3] X15=00000000 X13=00000000 X07=00000000 add     a5,a3,t2
PC=00000234 [00FF0F33] X30=00000000 X30=00000000 X15=00000000 add     t5,t5,a5
PC=00000238 [000F0793] X15=00000000 X30=00000000 X00=00000000 addi    a5,t5,0
PC=00000240 [00079663] X12=098A5521 X15=00000000 X00=00000000 bne     a5,zero,12
PC=00000240 [FE042423] X08=00500000 X08=00500000 X00=00000000 sw      zero,-24(s0/fp)
PC=00000244 [00C0006F] X00=00000000 X00=00000000 X12=098A5521 jal     zero,12
PC=00000250 [FE442703] X14=098A5521 X08=00500000 X04=00000000 lw      a4,-28(s0/fp)
PC=00000254 [FDC42783] X15=1314AA42 X08=00500000 X28=00000000 lw      a5,-36(s0/fp)
PC=00000258 [00F707B3] X15=1C9EFF63 X14=098A5521 X15=1314AA42 add     a5,a4,a5
PC=0000025C [FEF42223] X04=00000000 X08=00500000 X15=1C9EFF63 sw      a5,-28(s0/fp)
PC=00000260 [FE042783] X15=78D9A28B X08=00500000 X00=00000000 lw      a5,-32(s0/fp)
PC=00000264 [0017D793] X15=3C6CD145 X15=78D9A28B X01=000001C0 srli    a5,a5,1
PC=00000268 [FEF42023] X00=00000000 X08=00500000 X15=3C6CD145 sw      a5,-32(s0/fp)
PC=0000026C [FE442783] X15=1C9EFF63 X08=00500000 X04=00000000 lw      a5,-28(s0/fp)
PC=00000270 [0017F793] X15=00000001 X15=1C9EFF63 X01=000001C0 andi    a5,a5,1
PC=00000278 [00078A63] X20=00000000 X15=00000001 X00=00000000 beq     a5,zero,20
PC=00000278 [FE042703] X14=3C6CD145 X08=00500000 X00=00000000 lw      a4,-32(s0/fp)
PC=0000027C [800007B7] X15=80000000 X00=00000000 X00=00000000 lui     a5,2147483648
PC=00000280 [00F767B3] X15=BC6CD145 X14=3C6CD145 X15=80000000 or      a5,a4,a5
PC=00000284 [FEF42023] X00=00000000 X08=00500000 X15=BC6CD145 sw      a5,-32(s0/fp)
PC=00000288 [FE442783] X15=1C9EFF63 X08=00500000 X04=00000000 lw      a5,-28(s0/fp)
PC=0000028C [0017D793] X15=0E4F7FB1 X15=1C9EFF63 X01=000001C0 srli    a5,a5,1
PC=00000290 [FEF42223] X04=00000000 X08=00500000 X15=0E4F7FB1 sw      a5,-28(s0/fp)
PC=00000294 [FE842783] X15=00000000 X08=00500000 X08=00500000 lw      a5,-24(s0/fp)
PC=00000298 [0017F793] X15=00000000 X15=00000000 X01=000001C0 andi    a5,a5,1
PC=000002B0 [00078A63] X20=00000000 X15=00000000 X00=00000000 beq     a5,zero,20
PC=000002B0 [FE842783] X15=00000000 X08=00500000 X08=00500000 lw      a5,-24(s0/fp)
PC=000002B4 [0017D793] X15=00000000 X15=00000000 X01=000001C0 srli    a5,a5,1
PC=000002B8 [FEF42423] X08=00500000 X08=00500000 X15=00000000 sw      a5,-24(s0/fp)
PC=000002BC [FEF44783] X15=0000001F X08=00500000 X15=00000000 lbu     a5,-17(s0/fp)
PC=000002C0 [FFF78793] X15=0000001E X15=0000001F X31=00000000 addi    a5,a5,-1
PC=000002C4 [FEF407A3] X15=0000001E X08=00500000 X15=0000001E sb      a5,-17(s0/fp)
PC=000002C8 [FEF44783] X15=0000001E X08=00500000 X15=0000001E lbu     a5,-17(s0/fp)
PC=00000200 [F2079AE3] X21=00000000 X15=0000001E X00=00000000 bne     a5,zero,-204
PC=00000200 [FE042783] X15=BC6CD145 X08=00500000 X00=00000000 lw      a5,-32(s0/fp)
PC=00000204 [0017F793] X15=00000001 X15=BC6CD145 X01=000001C0 andi    a5,a5,1
PC=0000020C [04078C63] X24=00000000 X15=00000001 X00=00000000 beq     a5,zero,88
PC=0000020C [FE442783] X15=0E4F7FB1 X08=00500000 X04=00000000 lw      a5,-28(s0/fp)
PC=00000210 [00078613] X12=0E4F7FB1 X15=0E4F7FB1 X00=00000000 addi    a2,a5,0
PC=00000214 [00000693] X13=00000000 X00=00000000 X00=00000000 addi    a3,zero,0
PC=00000218 [FDC42783] X15=1314AA42 X08=00500000 X28=00000000 lw      a5,-36(s0/fp)
PC=0000021C [00078313] X06=1314AA42 X15=1314AA42 X00=00000000 addi    t1,a5,0
PC=00000220 [00000393] X07=00000000 X00=00000000 X00=00000000 addi    t2,zero,0
PC=00000224 [00660733] X14=216429F3 X12=0E4F7FB1 X06=1314AA42 add     a4,a2,t1
PC=00000228 [00070F13] X30=216429F3 X14=216429F3 X00=00000000 addi    t5,a4,0
PC=0000022C [00CF3F33] X30=00000000 X30=216429F3 X12=0E4F7FB1 sltu    t5,t5,a2
PC=00000230 [007687B3] X15=00000000 X13=00000000 X07=00000000 add     a5,a3,t2
PC=00000234 [00FF0F33] X30=00000000 X30=00000000 X15=00000000 add     t5,t5,a5
PC=00000238 [000F0793] X15=00000000 X30=00000000 X00=00000000 addi    a5,t5,0
PC=00000240 [00079663] X12=0E4F7FB1 X15=00000000 X00=00000000 bne     a5,zero,12
PC=00000240 [FE042423] X08=00500000 X08=00500000 X00=00000000 sw      zero,-24(s0/fp)
PC=00000244 [00C0006F] X00=00000000 X00=00000000 X12=0E4F7FB1 jal     zero,12
PC=00000250 [FE442703] X14=0E4F7FB1 X08=00500000 X04=00000000 lw      a4,-28(s0/fp)
PC=00000254 [FDC42783] X15=1314AA42 X08=00500000 X28=00000000 lw      a5,-36(s0/fp)
PC=00000258 [00F707B3] X15=216429F3 X14=0E4F7FB1 X15=1314AA42 add     a5,a4,a5
PC=0000025C [FEF42223] X04=00000000 X08=00500000 X15=216429F3 sw      a5,-28(s0/fp)
PC=00000260 [FE042783] X15=BC6CD145 X08=00500000 X00=00000000 lw      a5,-32(s0/fp)
PC=00000264 [0017D793] X15=5E3668A2 X15=BC6CD145 X01=000001C0 srli    a5,a5,1
PC=00000268 [FEF42023] X00=00000000 X08=00500000 X15=5E3668A2 sw      a5,-32(s0/fp)
PC=0000026C [FE442783] X15=216429F3 X08=00500000 X04=00000000 lw      a5,-28(s0/fp)
PC=00000270 [0017F793] X15=00000001 X15=216429F3 X01=000001C0 andi    a5,a5,1
PC=00000278 [00078A63] X20=00000000 X15=00000001 X00=00000000 beq     a5,zero,20
PC=00000278 [FE042703] X14=5E3668A2 X08=00500000 X00=00000000 lw      a4,-32(s0/fp)
PC=0000027C [800007B7] X15=80000000 X00=00000000 X00=00000000 lui     a5,2147483648
PC=00000280 [00F767B3] X15=DE3668A2 X14=5E3668A2 X15=80000000 or      a5,a4,a5
PC=00000284 [FEF42023] X00=00000000 X08=00500000 X15=DE3668A2 sw      a5,-32(s0/fp)
PC=00000288 [FE442783] X15=216429F3 X08=00500000 X04=00000000 lw      a5,-28(s0/fp)
PC=0000028C [0017D793] X15=10B214F9 X15=216429F3 X01=000001C0 srli    a5,a5,1
PC=00000290 [FEF42223] X04=00000000 X08=00500000 X15=10B214F9 sw      a5,-28(s0/fp)
PC=00000294 [FE842783] X15=00000000 X08=00500000 X08=00500000 lw      a5,-24(s0/fp)
PC=00000298 [0017F793] X15=00000000 X15=00000000 X01=000001C0 andi    a5,a5,1
PC=000002B0 [00078A63] X20=00000000 X15=00000000 X00=00000000 beq     a5,zero,20
PC=000002B0 [FE842783] X15=00000000 X08=00500000 X08=00500000 lw      a5,-24(s0/fp)
PC=000002B4 [0017D793] X15=00000000 X15=00000000 X01=000001C0 srli    a5,a5,1
PC=000002B8 [FEF42423] X08=00500000 X08=00500000 X15=00000000 sw      a5,-24(s0/fp)
PC=000002BC [FEF44783] X15=0000001E X08=00500000 X15=00000000 lbu     a5,-17(s0/fp)
PC=000002C0 [FFF78793] X15=0000001D X15=0000001E X31=00000000 addi    a5,a5,-1
PC=000002C4 [FEF407A3] X15=0000001D X08=00500000 X15=0000001D sb      a5,-17(s0/fp)
PC=000002C8 [FEF44783] X15=0000001D X08=00500000 X15=0000001D lbu     a5,-17(s0/fp)
PC=00000200 [F2079AE3] X21=00000000 X15=0000001D X00=00000000 bne     a5,zero,-204
PC=00000200 [FE042783] X15=DE3668A2 X08=00500000 X00=00000000 lw      a5,-32(s0/fp)
PC=00000204 [0017F793] X15=00000000 X15=DE3668A2 X01=000001C0 andi    a5,a5,1
PC=00000260 [04078C63] X24=00000000 X15=00000000 X00=00000000 beq     a5,zero,88
PC=00000260 [FE042783] X15=DE3668A2 X08=00500000 X00=00000000 lw      a5,-32(s0/fp)
PC=00000264 [0017D793] X15=6F1B3451 X15=DE3668A2 X01=000001C0 srli    a5,a5,1
PC=00000268 [FEF42023] X00=00000000 X08=00500000 X15=6F1B3451 sw      a5,-32(s0/fp)
PC=0000026C [FE442783] X15=10B214F9 X08=00500000 X04=00000000 lw      a5,-28(s0/fp)
PC=00000270 [0017F793] X15=00000001 X15=10B214F9 X01=000001C0 andi    a5,a5,1
PC=00000278 [00078A63] X20=00000000 X15=00000001 X00=00000000 beq     a5,zero,20
PC=00000278 [FE042703] X14=6F1B3451 X08=00500000 X00=00000000 lw      a4,-32(s0/fp)
PC=0000027C [800007B7] X15=80000000 X00=00000000 X00=00000000 lui     a5,2147483648
PC=00000280 [00F767B3] X15=EF1B3451 X14=6F1B3451 X15=80000000 or      a5,a4,a5
PC=00000284 [FEF42023] X00=00000000 X08=00500000 X15=EF1B3451 sw      a5,-32(s0/fp)
PC=00000288 [FE442783] X15=10B214F9 X08=00500000 X04=00000000 lw      a5,-28(s0/fp)
PC=0000028C [0017D793] X15=08590A7C X15=10B214F9 X01=000001C0 srli    a5,a5,1
PC=00000290 [FEF42223] X04=00000000 X08=00500000 X15=08590A7C sw      a5,-28(s0/fp)
PC=00000294 [FE842783] X15=00000000 X08=00500000 X08=00500000 lw      a5,-24(s0/fp)
PC=00000298 [0017F793] X15=00000000 X15=00000000 X01=000001C0 andi    a5,a5,1
PC=000002B0 [00078A63] X20=00000000 X15=00000000 X00=00000000 beq     a5,zero,20
PC=000002B0 [FE842783] X15=00000000 X08=00500000 X08=00500000 lw      a5,-24(s0/fp)
PC=000002B4 [0017D793] X15=00000000 X15=00000000 X01=000001C0 srli    a5,a5,1
PC=000002B8 [FEF42423] X08=00500000 X08=00500000 X15=00000000 sw      a5,-24(s0/fp)
PC=000002BC [FEF44783] X15=0000001D X08=00500000 X15=00000000 lbu     a5,-17(s0/fp)
PC=000002C0 [FFF78793] X15=0000001C X15=0000001D X31=00000000 addi    a5,a5,-1
PC=000002C4 [FEF407A3] X15=0000001C X08=00500000 X15=0000001C sb      a5,-17(s0/fp)
PC=000002C8 [FEF44783] X15=0000001C X08=00500000 X15=0000001C lbu     a5,-17(s0/fp)
PC=00000200 [F2079AE3] X21=00000000 X15=0000001C X00=00000000 bne     a5,zero,-204
PC=00000200 [FE042783] X15=EF1B3451 X08=00500000 X00=00000000 lw      a5,-32(s0/fp)
PC=00000204 [0017F793] X15=00000001 X15=EF1B3451 X01=000001C0 andi    a5,a5,1
PC=0000020C [04078C63] X24=00000000 X15=00000001 X00=00000000 beq     a5,zero,88
PC=0000020C [FE442783] X15=08590A7C X08=00500000 X04=00000000 lw      a5,-28(s0/fp)
PC=00000210 [00078613] X12=08590A7C X15=08590A7C X00=00000000 addi    a2,a5,0
PC=00000214 [00000693] X13=00000000 X00=00000000 X00=00000000 addi    a3,zero,0
PC=00000218 [FDC42783] X15=1314AA42 X08=00500000 X28=00000000 lw      a5,-36(s0/fp)
PC=0000021C [00078313] X06=1314AA42 X15=1314AA42 X00=00000000 addi    t1,a5,0
PC=00000220 [00000393] X07=00000000 X00=00000000 X00=00000000 addi    t2,zero,0
PC=00000224 [00660733] X14=1B6DB4BE X12=08590A7C X06=1314AA42 add     a4,a2,t1
PC=00000228 [00070F13] X30=1B6DB4BE X14=1B6DB4BE X00=00000000 addi    t5,a4,0
PC=0000022C [00CF3F33] X30=00000000 X30=1B6DB4BE X12=08590A7C sltu    t5,t5,a2
PC=00000230 [007687B3] X15=00000000 X13=00000000 X07=00000000 add     a5,a3,t2
PC=00000234 [00FF0F33] X30=00000000 X30=00000000 X15=00000000 add     t5,t5,a5
PC=00000238 [000F0793] X15=00000000 X30=00000000 X00=00000000 addi    a5,t5,0
PC=00000240 [00079663] X12=08590A7C X15=00000000 X00=00000000 bne     a5,zero,12
PC=00000240 [FE042423] X08=00500000 X08=00500000 X00=00000000 sw      zero,-24(s0/fp)
PC=00000244 [00C0006F] X00=00000000 X00=00000000 X12=08590A7C jal     zero,12
PC=00000250 [FE442703] X14=08590A7C X08=00500000 X04=00000000 lw      a4,-28(s0/fp)
PC=00000254 [FDC42783] X15=1314AA42 X08=00500000 X28=00000000 lw      a5,-36(s0/fp)
PC=00000258 [00F707B3] X15=1B6DB4BE X14=08590A7C X15=1314AA42 add     a5,a4,a5
PC=0000025C [FEF42223] X04=00000000 X08=00500000 X15=1B6DB4BE sw      a5,-28(s0/fp)
PC=00000260 [FE042783] X15=EF1B3451 X08=00500000 X00=00000000 lw      a5,-32(s0/fp)
PC=00000264 [0017D793] X15=778D9A28 X15=EF1B3451 X01=000001C0 srli    a5,a5,1
PC=00000268 [FEF42023] X00=00000000 X08=00500000 X15=778D9A28 sw      a5,-32(s0/fp)
PC=0000026C [FE442783] X15=1B6DB4BE X08=00500000 X04=00000000 lw      a5,-28(s0/fp)
PC=00000270 [0017F793] X15=00000000 X15=1B6DB4BE X01=000001C0 andi    a5,a5,1
PC=00000288 [00078A63] X20=00000000 X15=00000000 X00=00000000 beq     a5,zero,20
PC=00000288 [FE442783] X15=1B6DB4BE X08=00500000 X04=00000000 lw      a5,-28(s0/fp)
PC=0000028C [0017D793] X15=0DB6DA5F X15=1B6DB4BE X01=000001C0 srli    a5,a5,1
PC=00000290 [FEF42223] X04=00000000 X08=00500000 X15=0DB6DA5F sw      a5,-28(s0/fp)
PC=00000294 [FE842783] X15=00000000 X08=00500000 X08=00500000 lw      a5,-24(s0/fp)
PC=00000298 [0017F793] X15=00000000 X15=00000000 X01=000001C0 andi    a5,a5,1
PC=000002B0 [00078A63] X20=00000000 X15=00000000 X00=00000000 beq     a5,zero,20
PC=000002B0 [FE842783] X15=00000000 X08=00500000 X08=00500000 lw      a5,-24(s0/fp)
PC=000002B4 [0017D793] X15=00000000 X15=00000000 X01=000001C0 srli    a5,a5,1
PC=000002B8 [FEF42423] X08=00500000 X08=00500000 X15=00000000 sw      a5,-24(s0/fp)
PC=000002BC [FEF44783] X15=0000001C X08=00500000 X15=00000000 lbu     a5,-17(s0/fp)
PC=000002C0 [FFF78793] X15=0000001B X15=0000001C X31=00000000 addi    a5,a5,-1
PC=000002C4 [FEF407A3] X15=0000001B X08=00500000 X15=0000001B sb      a5,-17(s0/fp)
PC=000002C8 [FEF44783] X15=0000001B X08=00500000 X15=0000001B lbu     a5,-17(s0/fp)
PC=00000200 [F2079AE3] X21=00000000 X15=0000001B X00=00000000 bne     a5,zero,-204
PC=00000200 [FE042783] X15=778D9A28 X08=00500000 X00=00000000 lw      a5,-32(s0/fp)
PC=00000204 [0017F793] X15=00000000 X15=778D9A28 X01=000001C0 andi    a5,a5,1
PC=00000260 [04078C63] X24=00000000 X15=00000000 X00=00000000 beq     a5,zero,88
PC=00000260 [FE042783] X15=778D9A28 X08=00500000 X00=00000000 lw      a5,-32(s0/fp)
PC=00000264 [0017D793] X15=3BC6CD14 X15=778D9A28 X01=000001C0 srli    a5,a5,1
PC=00000268 [FEF42023] X00=00000000 X08=00500000 X15=3BC6CD14 sw      a5,-32(s0/fp)
PC=0000026C [FE442783] X15=0DB6DA5F X08=00500000 X04=00000000 lw      a5,-28(s0/fp)
PC=00000270 [0017F793] X15=00000001 X15=0DB6DA5F X01=000001C0 andi    a5,a5,1
PC=00000278 [00078A63] X20=00000000 X15=00000001 X00=00000000 beq     a5,zero,20
PC=00000278 [FE042703] X14=3BC6CD14 X08=00500000 X00=00000000 lw      a4,-32(s0/fp)
PC=0000027C [800007B7] X15=80000000 X00=00000000 X00=00000000 lui     a5,2147483648
PC=00000280 [00F767B3] X15=BBC6CD14 X14=3BC6CD14 X15=80000000 or      a5,a4,a5
PC=00000284 [FEF42023] X00=00000000 X08=00500000 X15=BBC6CD14 sw      a5,-32(s0/fp)
PC=00000288 [FE442783] X15=0DB6DA5F X08=00500000 X04=00000000 lw      a5,-28(s0/fp)
PC=0000028C [0017D793] X15=06DB6D2F X15=0DB6DA5F X01=000001C0 srli    a5,a5,1
PC=00000290 [FEF42223] X04=00000000 X08=00500000 X15=06DB6D2F sw      a5,-28(s0/fp)
PC=00000294 [FE842783] X15=00000000 X08=00500000 X08=00500000 lw      a5,-24(s0/fp)
PC=00000298 [0017F793] X15=00000000 X15=00000000 X01=000001C0 andi    a5,a5,1
PC=000002B0 [00078A63] X20=00000000 X15=00000000 X00=00000000 beq     a5,zero,20
PC=000002B0 [FE842783] X15=00000000 X08=00500000 X08=00500000 lw      a5,-24(s0/fp)
PC=000002B4 [0017D793] X15=00000000 X15=00000000 X01=000001C0 srli    a5,a5,1
PC=000002B8 [FEF42423] X08=00500000 X08=00500000 X15=00000000 sw      a5,-24(s0/fp)
PC=000002BC [FEF44783] X15=0000001B X08=00500000 X15=00000000 lbu     a5,-17(s0/fp)
PC=000002C0 [FFF78793] X15=0000001A X15=0000001B X31=00000000 addi    a5,a5,-1
PC=000002C4 [FEF407A3] X15=0000001A X08=00500000 X15=0000001A sb      a5,-17(s0/fp)
PC=000002C8 [FEF44783] X15=0000001A X08=00500000 X15=0000001A lbu     a5,-17(s0/fp)
PC=00000200 [F2079AE3] X21=00000000 X15=0000001A X00=00000000 bne     a5,zero,-204
PC=00000200 [FE042783] X15=BBC6CD14 X08=00500000 X00=00000000 lw      a5,-32(s0/fp)
PC=00000204 [0017F793] X15=00000000 X15=BBC6CD14 X01=000001C0 andi    a5,a5,1
PC=00000260 [04078C63] X24=00000000 X15=00000000 X00=00000000 beq     a5,zero,88
PC=00000260 [FE042783] X15=BBC6CD14 X08=00500000 X00=00000000 lw      a5,-32(s0/fp)
PC=00000264 [0017D793] X15=5DE3668A X15=BBC6CD14 X01=000001C0 srli    a5,a5,1
PC=00000268 [FEF42023] X00=00000000 X08=00500000 X15=5DE3668A sw      a5,-32(s0/fp)
PC=0000026C [FE442783] X15=06DB6D2F X08=00500000 X04=00000000 lw      a5,-28(s0/fp)
PC=00000270 [0017F793] X15=00000001 X15=06DB6D2F X01=000001C0 andi    a5,a5,1
PC=00000278 [00078A63] X20=00000000 X15=00000001 X00=00000000 beq     a5,zero,20
PC=00000278 [FE042703] X14=5DE3668A X08=00500000 X00=00000000 lw      a4,-32(s0/fp)
PC=0000027C [800007B7] X15=80000000 X00=00000000 X00=00000000 lui     a5,2147483648
PC=00000280 [00F767B3] X15=DDE3668A X14=5DE3668A X15=80000000 or      a5,a4,a5
PC=00000284 [FEF42023] X00=00000000 X08=00500000 X15=DDE3668A sw      a5,-32(s0/fp)
PC=00000288 [FE442783] X15=06DB6D2F X08=00500000 X04=00000000 lw      a5,-28(s0/fp)
PC=0000028C [0017D793] X15=036DB697 X15=06DB6D2F X01=000001C0 srli    a5,a5,1
PC=00000290 [FEF42223] X04=00000000 X08=00500000 X15=036DB697 sw      a5,-28(s0/fp)
PC=00000294 [FE842783] X15=00000000 X08=00500000 X08=00500000 lw      a5,-24(s0/fp)
PC=00000298 [0017F793] X15=00000000 X15=00000000 X01=000001C0 andi    a5,a5,1
PC=000002B0 [00078A63] X20=00000000 X15=00000000 X00=00000000 beq     a5,zero,20
PC=000002B0 [FE842783] X15=00000000 X08=00500000 X08=00500000 lw      a5,-24(s0/fp)
PC=000002B4 [0017D793] X15=00000000 X15=00000000 X01=000001C0 srli    a5,a5,1
PC=000002B8 [FEF42423] X08=00500000 X08=00500000 X15=00000000 sw      a5,-24(s0/fp)
PC=000002BC [FEF44783] X15=0000001A X08=00500000 X15=00000000 lbu     a5,-17(s0/fp)
PC=000002C0 [FFF78793] X15=00000019 X15=0000001A X31=00000000 addi    a5,a5,-1
PC=000002C4 [FEF407A3] X15=00000019 X08=00500000 X15=00000019 sb      a5,-17(s0/fp)
PC=000002C8 [FEF44783] X15=00000019 X08=00500000 X15=00000019 lbu     a5,-17(s0/fp)
PC=00000200 [F2079AE3] X21=00000000 X15=00000019 X00=00000000 bne     a5,zero,-204
PC=00000200 [FE042783] X15=DDE3668A X08=00500000 X00=00000000 lw      a5,-32(s0/fp)
PC=00000204 [0017F793] X15=00000000 X15=DDE3668A X01=000001C0 andi    a5,a5,1
PC=00000260 [04078C63] X24=00000000 X15=00000000 X00=00000000 beq     a5,zero,88
PC=00000260 [FE042783] X15=DDE3668A X08=00500000 X00=00000000 lw      a5,-32(s0/fp)
PC=00000264 [0017D793] X15=6EF1B345 X15=DDE3668A X01=000001C0 srli    a5,a5,1
PC=00000268 [FEF42023] X00=00000000 X08=00500000 X15=6EF1B345 sw      a5,-32(s0/fp)
PC=0000026C [FE442783] X15=036DB697 X08=00500000 X04=00000000 lw      a5,-28(s0/fp)
PC=00000270 [0017F793] X15=00000001 X15=036DB697 X01=000001C0 andi    a5,a5,1
PC=00000278 [00078A63] X20=00000000 X15=00000001 X00=00000000 beq     a5,zero,20
PC=00000278 [FE042703] X14=6EF1B345 X08=00500000 X00=00000000 lw      a4,-32(s0/fp)
PC=0000027C [800007B7] X15=80000000 X00=00000000 X00=00000000 lui     a5,2147483648
PC=00000280 [00F767B3] X15=EEF1B345 X14=6EF1B345 X15=80000000 or      a5,a4,a5
PC=00000284 [FEF42023] X00=00000000 X08=00500000 X15=EEF1B345 sw      a5,-32(s0/fp)
PC=00000288 [FE442783] X15=036DB697 X08=00500000 X04=00000000 lw      a5,-28(s0/fp)
PC=0000028C [0017D793] X15=01B6DB4B X15=036DB697 X01=000001C0 srli    a5,a5,1
PC=00000290 [FEF42223] X04=00000000 X08=00500000 X15=01B6DB4B sw      a5,-28(s0/fp)
PC=00000294 [FE842783] X15=00000000 X08=00500000 X08=00500000 lw      a5,-24(s0/fp)
PC=00000298 [0017F793] X15=00000000 X15=00000000 X01=000001C0 andi    a5,a5,1
PC=000002B0 [00078A63] X20=00000000 X15=00000000 X00=00000000 beq     a5,zero,20
PC=000002B0 [FE842783] X15=00000000 X08=00500000 X08=00500000 lw      a5,-24(s0/fp)
PC=000002B4 [0017D793] X15=00000000 X15=00000000 X01=000001C0 srli    a5,a5,1
PC=000002B8 [FEF42423] X08=00500000 X08=00500000 X15=00000000 sw      a5,-24(s0/fp)
PC=000002BC [FEF44783] X15=00000019 X08=00500000 X15=00000000 lbu     a5,-17(s0/fp)
PC=000002C0 [FFF78793] X15=00000018 X15=00000019 X31=00000000 addi    a5,a5,-1
PC=000002C4 [FEF407A3] X15=00000018 X08=00500000 X15=00000018 sb      a5,-17(s0/fp)
PC=000002C8 [FEF44783] X15=00000018 X08=00500000 X15=00000018 lbu     a5,-17(s0/fp)
PC=00000200 [F2079AE3] X21=00000000 X15=00000018 X00=00000000 bne     a5,zero,-204
PC=00000200 [FE042783] X15=EEF1B345 X08=00500000 X00=00000000 lw      a5,-32(s0/fp)
PC=00000204 [0017F793] X15=00000001 X15=EEF1B345 X01=000001C0 andi    a5,a5,1
PC=0000020C [04078C63] X24=00000000 X15=00000001 X00=00000000 beq     a5,zero,88
PC=0000020C [FE442783] X15=01B6DB4B X08=00500000 X04=00000000 lw      a5,-28(s0/fp)
PC=00000210 [00078613] X12=01B6DB4B X15=01B6DB4B X00=00000000 addi    a2,a5,0
PC=00000214 [00000693] X13=00000000 X00=00000000 X00=00000000 addi    a3,zero,0
PC=00000218 [FDC42783] X15=1314AA42 X08=00500000 X28=00000000 lw      a5,-36(s0/fp)
PC=0000021C [00078313] X06=1314AA42 X15=1314AA42 X00=00000000 addi    t1,a5,0
PC=00000220 [00000393] X07=00000000 X00=00000000 X00=00000000 addi    t2,zero,0
PC=00000224 [00660733] X14=14CB858D X12=01B6DB4B X06=1314AA42 add     a4,a2,t1
PC=00000228 [00070F13] X30=14CB858D X14=14CB858D X00=00000000 addi    t5,a4,0
PC=0000022C [00CF3F33] X30=00000000 X30=14CB858D X12=01B6DB4B sltu    t5,t5,a2
PC=00000230 [007687B3] X15=00000000 X13=00000000 X07=00000000 add     a5,a3,t2
PC=00000234 [00FF0F33] X30=00000000 X30=00000000 X15=00000000 add     t5,t5,a5
PC=00000238 [000F0793] X15=00000000 X30=00000000 X00=00000000 addi    a5,t5,0
PC=00000240 [00079663] X12=01B6DB4B X15=00000000 X00=00000000 bne     a5,zero,12
PC=00000240 [FE042423] X08=00500000 X08=00500000 X00=00000000 sw      zero,-24(s0/fp)
PC=00000244 [00C0006F] X00=00000000 X00=00000000 X12=01B6DB4B jal     zero,12
PC=00000250 [FE442703] X14=01B6DB4B X08=00500000 X04=00000000 lw      a4,-28(s0/fp)
PC=00000254 [FDC42783] X15=1314AA42 X08=00500000 X28=00000000 lw      a5,-36(s0/fp)
PC=00000258 [00F707B3] X15=14CB858D X14=01B6DB4B X15=1314AA42 add     a5,a4,a5
PC=0000025C [FEF42223] X04=00000000 X08=00500000 X15=14CB858D sw      a5,-28(s0/fp)
PC=00000260 [FE042783] X15=EEF1B345 X08=00500000 X00=00000000 lw      a5,-32(s0/fp)
PC=00000264 [0017D793] X15=7778D9A2 X15=EEF1B345 X01=000001C0 srli    a5,a5,1
PC=00000268 [FEF42023] X00=00000000 X08=00500000 X15=7778D9A2 sw      a5,-32(s0/fp)
PC=0000026C [FE442783] X15=14CB858D X08=00500000 X04=00000000 lw      a5,-28(s0/fp)
PC=00000270 [0017F793] X15=00000001 X15=14CB858D X01=000001C0 andi    a5,a5,1
PC=00000278 [00078A63] X20=00000000 X15=00000001 X00=00000000 beq     a5,zero,20
PC=00000278 [FE042703] X14=7778D9A2 X08=00500000 X00=00000000 lw      a4,-32(s0/fp)
PC=0000027C [800007B7] X15=80000000 X00=00000000 X00=00000000 lui     a5,2147483648
PC=00000280 [00F767B3] X15=F778D9A2 X14=7778D9A2 X15=80000000 or      a5,a4,a5
PC=00000284 [FEF42023] X00=00000000 X08=00500000 X15=F778D9A2 sw      a5,-32(s0/fp)
PC=00000288 [FE442783] X15=14CB858D X08=00500000 X04=00000000 lw      a5,-28(s0/fp)
PC=0000028C [0017D793] X15=0A65C2C6 X15=14CB858D X01=000001C0 srli    a5,a5,1
PC=00000290 [FEF42223] X04=00000000 X08=00500000 X15=0A65C2C6 sw      a5,-28(s0/fp)
PC=00000294 [FE842783] X15=00000000 X08=00500000 X08=00500000 lw      a5,-24(s0/fp)
PC=00000298 [0017F793] X15=00000000 X15=00000000 X01=000001C0 andi    a5,a5,1
PC=000002B0 [00078A63] X20=00000000 X15=00000000 X00=00000000 beq     a5,zero,20
PC=000002B0 [FE842783] X15=00000000 X08=00500000 X08=00500000 lw      a5,-24(s0/fp)
PC=000002B4 [0017D793] X15=00000000 X15=00000000 X01=000001C0 srli    a5,a5,1
PC=000002B8 [FEF42423] X08=00500000 X08=00500000 X15=00000000 sw      a5,-24(s0/fp)
PC=000002BC [FEF44783] X15=00000018 X08=00500000 X15=00000000 lbu     a5,-17(s0/fp)
PC=000002C0 [FFF78793] X15=00000017 X15=00000018 X31=00000000 addi    a5,a5,-1
PC=000002C4 [FEF407A3] X15=00000017 X08=00500000 X15=00000017 sb      a5,-17(s0/fp)
PC=000002C8 [FEF44783] X15=00000017 X08=00500000 X15=00000017 lbu     a5,-17(s0/fp)
PC=00000200 [F2079AE3] X21=00000000 X15=00000017 X00=00000000 bne     a5,zero,-204
PC=00000200 [FE042783] X15=F778D9A2 X08=00500000 X00=00000000 lw      a5,-32(s0/fp)
PC=00000204 [0017F793] X15=00000000 X15=F778D9A2 X01=000001C0 andi    a5,a5,1
PC=00000260 [04078C63] X24=00000000 X15=00000000 X00=00000000 beq     a5,zero,88
PC=00000260 [FE042783] X15=F778D9A2 X08=00500000 X00=00000000 lw      a5,-32(s0/fp)
PC=00000264 [0017D793] X15=7BBC6CD1 X15=F778D9A2 X01=000001C0 srli    a5,a5,1
PC=00000268 [FEF42023] X00=00000000 X08=00500000 X15=7BBC6CD1 sw      a5,-32(s0/fp)
PC=0000026C [FE442783] X15=0A65C2C6 X08=00500000 X04=00000000 lw      a5,-28(s0/fp)
PC=00000270 [0017F793] X15=00000000 X15=0A65C2C6 X01=000001C0 andi    a5,a5,1
PC=00000288 [00078A63] X20=00000000 X15=00000000 X00=00000000 beq     a5,zero,20
PC=00000288 [FE442783] X15=0A65C2C6 X08=00500000 X04=00000000 lw      a5,-28(s0/fp)
PC=0000028C [0017D793] X15=0532E163 X15=0A65C2C6 X01=000001C0 srli    a5,a5,1
PC=00000290 [FEF42223] X04=00000000 X08=00500000 X15=0532E163 sw      a5,-28(s0/fp)
PC=00000294 [FE842783] X15=00000000 X08=00500000 X08=00500000 lw      a5,-24(s0/fp)
PC=00000298 [0017F793] X15=00000000 X15=00000000 X01=000001C0 andi    a5,a5,1
PC=000002B0 [00078A63] X20=00000000 X15=00000000 X00=00000000 beq     a5,zero,20
PC=000002B0 [FE842783] X15=00000000 X08=00500000 X08=00500000 lw      a5,-24(s0/fp)
PC=000002B4 [0017D793] X15=00000000 X15=00000000 X01=000001C0 srli    a5,a5,1
PC=000002B8 [FEF42423] X08=00500000 X08=00500000 X15=00000000 sw      a5,-24(s0/fp)
PC=000002BC [FEF44783] X15=00000017 X08=00500000 X15=00000000 lbu     a5,-17(s0/fp)
PC=000002C0 [FFF78793] X15=00000016 X15=00000017 X31=00000000 addi    a5,a5,-1
PC=000002C4 [FEF407A3] X15=00000016 X08=00500000 X15=00000016 sb      a5,-17(s0/fp)
PC=000002C8 [FEF44783] X15=00000016 X08=00500000 X15=00000016 lbu     a5,-17(s0/fp)
PC=00000200 [F2079AE3] X21=00000000 X15=00000016 X00=00000000 bne     a5,zero,-204
PC=00000200 [FE042783] X15=7BBC6CD1 X08=00500000 X00=00000000 lw      a5,-32(s0/fp)
PC=00000204 [0017F793] X15=00000001 X15=7BBC6CD1 X01=000001C0 andi    a5,a5,1
PC=0000020C [04078C63] X24=00000000 X15=00000001 X00=00000000 beq     a5,zero,88
PC=0000020C [FE442783] X15=0532E163 X08=00500000 X04=00000000 lw      a5,-28(s0/fp)
PC=00000210 [00078613] X12=0532E163 X15=0532E163 X00=00000000 addi    a2,a5,0
PC=00000214 [00000693] X13=00000000 X00=00000000 X00=00000000 addi    a3,zero,0
PC=00000218 [FDC42783] X15=1314AA42 X08=00500000 X28=00000000 lw      a5,-36(s0/fp)
PC=0000021C [00078313] X06=1314AA42 X15=1314AA42 X00=00000000 addi    t1,a5,0
PC=00000220 [00000393] X07=00000000 X00=00000000 X00=00000000 addi    t2,zero,0
PC=00000224 [00660733] X14=18478BA5 X12=0532E163 X06=1314AA42 add     a4,a2,t1
PC=00000228 [00070F13] X30=18478BA5 X14=18478BA5 X00=00000000 addi    t5,a4,0
PC=0000022C [00CF3F33] X30=00000000 X30=18478BA5 X12=0532E163 sltu    t5,t5,a2
PC=00000230 [007687B3] X15=00000000 X13=00000000 X07=00000000 add     a5,a3,t2
PC=00000234 [00FF0F33] X30=00000000 X30=00000000 X15=00000000 add     t5,t5,a5
PC=00000238 [000F0793] X15=00000000 X30=00000000 X00=00000000 addi    a5,t5,0
PC=00000240 [00079663] X12=0532E163 X15=00000000 X00=00000000 bne     a5,zero,12
PC=00000240 [FE042423] X08=00500000 X08=00500000 X00=00000000 sw      zero,-24(s0/fp)
PC=00000244 [00C0006F] X00=00000000 X00=00000000 X12=0532E163 jal     zero,12
PC=00000250 [FE442703] X14=0532E163 X08=00500000 X04=00000000 lw      a4,-28(s0/fp)
PC=00000254 [FDC42783] X15=1314AA42 X08=00500000 X28=00000000 lw      a5,-36(s0/fp)
PC=00000258 [00F707B3] X15=18478BA5 X14=0532E163 X15=1314AA42 add     a5,a4,a5
PC=0000025C [FEF42223] X04=00000000 X08=00500000 X15=18478BA5 sw      a5,-28(s0/fp)
PC=00000260 [FE042783] X15=7BBC6CD1 X08=00500000 X00=00000000 lw      a5,-32(s0/fp)
PC=00000264 [0017D793] X15=3DDE3668 X15=7BBC6CD1 X01=000001C0 srli    a5,a5,1
PC=00000268 [FEF42023] X00=00000000 X08=00500000 X15=3DDE3668 sw      a5,-32(s0/fp)
PC=0000026C [FE442783] X15=18478BA5 X08=00500000 X04=00000000 lw      a5,-28(s0/fp)
PC=00000270 [0017F793] X15=00000001 X15=18478BA5 X01=000001C0 andi    a5,a5,1
PC=00000278 [00078A63] X20=00000000 X15=00000001 X00=00000000 beq     a5,zero,20
PC=00000278 [FE042703] X14=3DDE3668 X08=00500000 X00=00000000 lw      a4,-32(s0/fp)
PC=0000027C [800007B7] X15=80000000 X00=00000000 X00=00000000 lui     a5,2147483648
PC=00000280 [00F767B3] X15=BDDE3668 X14=3DDE3668 X15=80000000 or      a5,a4,a5
PC=00000284 [FEF42023] X00=00000000 X08=00500000 X15=BDDE3668 sw      a5,-32(s0/fp)
PC=00000288 [FE442783] X15=18478BA5 X08=00500000 X04=00000000 lw      a5,-28(s0/fp)
PC=0000028C [0017D793] X15=0C23C5D2 X15=18478BA5 X01=000001C0 srli    a5,a5,1
PC=00000290 [FEF42223] X04=00000000 X08=00500000 X15=0C23C5D2 sw      a5,-28(s0/fp)
PC=00000294 [FE842783] X15=00000000 X08=00500000 X08=00500000 lw      a5,-24(s0/fp)
PC=00000298 [0017F793] X15=00000000 X15=00000000 X01=000001C0 andi    a5,a5,1
PC=000002B0 [00078A63] X20=00000000 X15=00000000 X00=00000000 beq     a5,zero,20
PC=000002B0 [FE842783] X15=00000000 X08=00500000 X08=00500000 lw      a5,-24(s0/fp)
PC=000002B4 [0017D793] X15=00000000 X15=00000000 X01=000001C0 srli    a5,a5,1
PC=000002B8 [FEF42423] X08=00500000 X08=00500000 X15=00000000 sw      a5,-24(s0/fp)
PC=000002BC [FEF44783] X15=00000016 X08=00500000 X15=00000000 lbu     a5,-17(s0/fp)
PC=000002C0 [FFF78793] X15=00000015 X15=00000016 X31=00000000 addi    a5,a5,-1
PC=000002C4 [FEF407A3] X15=00000015 X08=00500000 X15=00000015 sb      a5,-17(s0/fp)
PC=000002C8 [FEF44783] X15=00000015 X08=00500000 X15=00000015 lbu     a5,-17(s0/fp)
PC=00000200 [F2079AE3] X21=00000000 X15=00000015 X00=00000000 bne     a5,zero,-204
PC=00000200 [FE042783] X15=BDDE3668 X08=00500000 X00=00000000 lw      a5,-32(s0/fp)
PC=00000204 [0017F793] X15=00000000 X15=BDDE3668 X01=000001C0 andi    a5,a5,1
PC=00000260 [04078C63] X24=00000000 X15=00000000 X00=00000000 beq     a5,zero,88
PC=00000260 [FE042783] X15=BDDE3668 X08=00500000 X00=00000000 lw      a5,-32(s0/fp)
PC=00000264 [0017D793] X15=5EEF1B34 X15=BDDE3668 X01=000001C0 srli    a5,a5,1
PC=00000268 [FEF42023] X00=00000000 X08=00500000 X15=5EEF1B34 sw      a5,-32(s0/fp)
PC=0000026C [FE442783] X15=0C23C5D2 X08=00500000 X04=00000000 lw      a5,-28(s0/fp)
PC=00000270 [0017F793] X15=00000000 X15=0C23C5D2 X01=000001C0 andi    a5,a5,1
PC=00000288 [00078A63] X20=00000000 X15=00000000 X00=00000000 beq     a5,zero,20
PC=00000288 [FE442783] X15=0C23C5D2 X08=00500000 X04=00000000 lw      a5,-28(s0/fp)
PC=0000028C [0017D793] X15=0611E2E9 X15=0C23C5D2 X01=000001C0 srli    a5,a5,1
PC=00000290 [FEF42223] X04=00000000 X08=00500000 X15=0611E2E9 sw      a5,-28(s0/fp)
PC=00000294 [FE842783] X15=00000000 X08=00500000 X08=00500000 lw      a5,-24(s0/fp)
PC=00000298 [0017F793] X15=00000000 X15=00000000 X01=000001C0 andi    a5,a5,1
PC=000002B0 [00078A63] X20=00000000 X15=00000000 X00=00000000 beq     a5,zero,20
PC=000002B0 [FE842783] X15=00000000 X08=00500000 X08=00500000 lw      a5,-24(s0/fp)
PC=000002B4 [0017D793] X15=00000000 X15=00000000 X01=000001C0 srli    a5,a5,1
PC=000002B8 [FEF42423] X08=00500000 X08=00500000 X15=00000000 sw      a5,-24(s0/fp)
PC=000002BC [FEF44783] X15=00000015 X08=00500000 X15=00000000 lbu     a5,-17(s0/fp)
PC=000002C0 [FFF78793] X15=00000014 X15=00000015 X31=00000000 addi    a5,a5,-1
PC=000002C4 [FEF407A3] X15=00000014 X08=00500000 X15=00000014 sb      a5,-17(s0/fp)
PC=000002C8 [FEF44783] X15=00000014 X08=00500000 X15=00000014 lbu     a5,-17(s0/fp)
PC=00000200 [F2079AE3] X21=00000000 X15=00000014 X00=00000000 bne     a5,zero,-204
PC=00000200 [FE042783] X15=5EEF1B34 X08=00500000 X00=00000000 lw      a5,-32(s0/fp)
PC=00000204 [0017F793] X15=00000000 X15=5EEF1B34 X01=000001C0 andi    a5,a5,1
PC=00000260 [04078C63] X24=00000000 X15=00000000 X00=00000000 beq     a5,zero,88
PC=00000260 [FE042783] X15=5EEF1B34 X08=00500000 X00=00000000 lw      a5,-32(s0/fp)
PC=00000264 [0017D793] X15=2F778D9A X15=5EEF1B34 X01=000001C0 srli    a5,a5,1
PC=00000268 [FEF42023] X00=00000000 X08=00500000 X15=2F778D9A sw      a5,-32(s0/fp)
PC=0000026C [FE442783] X15=0611E2E9 X08=00500000 X04=00000000 lw      a5,-28(s0/fp)
PC=00000270 [0017F793] X15=00000001 X15=0611E2E9 X01=000001C0 andi    a5,a5,1
PC=00000278 [00078A63] X20=00000000 X15=00000001 X00=00000000 beq     a5,zero,20
PC=00000278 [FE042703] X14=2F778D9A X08=00500000 X00=00000000 lw      a4,-32(s0/fp)
PC=0000027C [800007B7] X15=80000000 X00=00000000 X00=00000000 lui     a5,2147483648
PC=00000280 [00F767B3] X15=AF778D9A X14=2F778D9A X15=80000000 or      a5,a4,a5
PC=00000284 [FEF42023] X00=00000000 X08=00500000 X15=AF778D9A sw      a5,-32(s0/fp)
PC=00000288 [FE442783] X15=0611E2E9 X08=00500000 X04=00000000 lw      a5,-28(s0/fp)
PC=0000028C [0017D793] X15=0308F174 X15=0611E2E9 X01=000001C0 srli    a5,a5,1
PC=00000290 [FEF42223] X04=00000000 X08=00500000 X15=0308F174 sw      a5,-28(s0/fp)
PC=00000294 [FE842783] X15=00000000 X08=00500000 X08=00500000 lw      a5,-24(s0/fp)
PC=00000298 [0017F793] X15=00000000 X15=00000000 X01=000001C0 andi    a5,a5,1
PC=000002B0 [00078A63] X20=00000000 X15=00000000 X00=00000000 beq     a5,zero,20
PC=000002B0 [FE842783] X15=00000000 X08=00500000 X08=00500000 lw      a5,-24(s0/fp)
PC=000002B4 [0017D793] X15=00000000 X15=00000000 X01=000001C0 srli    a5,a5,1
PC=000002B8 [FEF42423] X08=00500000 X08=00500000 X15=00000000 sw      a5,-24(s0/fp)
PC=000002BC [FEF44783] X15=00000014 X08=00500000 X15=00000000 lbu     a5,-17(s0/fp)
PC=000002C0 [FFF78793] X15=00000013 X15=00000014 X31=00000000 addi    a5,a5,-1
PC=000002C4 [FEF407A3] X15=00000013 X08=00500000 X15=00000013 sb      a5,-17(s0/fp)
PC=000002C8 [FEF44783] X15=00000013 X08=00500000 X15=00000013 lbu     a5,-17(s0/fp)
PC=00000200 [F2079AE3] X21=00000000 X15=00000013 X00=00000000 bne     a5,zero,-204
PC=00000200 [FE042783] X15=AF778D9A X08=00500000 X00=00000000 lw      a5,-32(s0/fp)
PC=00000204 [0017F793] X15=00000000 X15=AF778D9A X01=000001C0 andi    a5,a5,1
PC=00000260 [04078C63] X24=00000000 X15=00000000 X00=00000000 beq     a5,zero,88
PC=00000260 [FE042783] X15=AF778D9A X08=00500000 X00=00000000 lw      a5,-32(s0/fp)
PC=00000264 [0017D793] X15=57BBC6CD X15=AF778D9A X01=000001C0 srli    a5,a5,1
PC=00000268 [FEF42023] X00=00000000 X08=00500000 X15=57BBC6CD sw      a5,-32(s0/fp)
PC=0000026C [FE442783] X15=0308F174 X08=00500000 X04=00000000 lw      a5,-28(s0/fp)
PC=00000270 [0017F793] X15=00000000 X15=0308F174 X01=000001C0 andi    a5,a5,1
PC=00000288 [00078A63] X20=00000000 X15=00000000 X00=00000000 beq     a5,zero,20
PC=00000288 [FE442783] X15=0308F174 X08=00500000 X04=00000000 lw      a5,-28(s0/fp)
PC=0000028C [0017D793] X15=018478BA X15=0308F174 X01=000001C0 srli    a5,a5,1
PC=00000290 [FEF42223] X04=00000000 X08=00500000 X15=018478BA sw      a5,-28(s0/fp)
PC=00000294 [FE842783] X15=00000000 X08=00500000 X08=00500000 lw      a5,-24(s0/fp)
PC=00000298 [0017F793] X15=00000000 X15=00000000 X01=000001C0 andi    a5,a5,1
PC=000002B0 [00078A63] X20=00000000 X15=00000000 X00=00000000 beq     a5,zero,20
PC=000002B0 [FE842783] X15=00000000 X08=00500000 X08=00500000 lw      a5,-24(s0/fp)
PC=000002B4 [0017D793] X15=00000000 X15=00000000 X01=000001C0 srli    a5,a5,1
PC=000002B8 [FEF42423] X08=00500000 X08=00500000 X15=00000000 sw      a5,-24(s0/fp)
PC=000002BC [FEF44783] X15=00000013 X08=00500000 X15=00000000 lbu     a5,-17(s0/fp)
PC=000002C0 [FFF78793] X15=00000012 X15=00000013 X31=00000000 addi    a5,a5,-1
PC=000002C4 [FEF407A3] X15=00000012 X08=00500000 X15=00000012 sb      a5,-17(s0/fp)
PC=000002C8 [FEF44783] X15=00000012 X08=00500000 X15=00000012 lbu     a5,-17(s0/fp)
PC=00000200 [F2079AE3] X21=00000000 X15=00000012 X00=00000000 bne     a5,zero,-204
PC=00000200 [FE042783] X15=57BBC6CD X08=00500000 X00=00000000 lw      a5,-32(s0/fp)
PC=00000204 [0017F793] X15=00000001 X15=57BBC6CD X01=000001C0 andi    a5,a5,1
PC=0000020C [04078C63] X24=00000000 X15=00000001 X00=00000000 beq     a5,zero,88
PC=0000020C [FE442783] X15=018478BA X08=00500000 X04=00000000 lw      a5,-28(s0/fp)
PC=00000210 [00078613] X12=018478BA X15=018478BA X00=00000000 addi    a2,a5,0
PC=00000214 [00000693] X13=00000000 X00=00000000 X00=00000000 addi    a3,zero,0
PC=00000218 [FDC42783] X15=1314AA42 X08=00500000 X28=00000000 lw      a5,-36(s0/fp)
PC=0000021C [00078313] X06=1314AA42 X15=1314AA42 X00=00000000 addi    t1,a5,0
PC=00000220 [00000393] X07=00000000 X00=00000000 X00=00000000 addi    t2,zero,0
PC=00000224 [00660733] X14=149922FC X12=018478BA X06=1314AA42 add     a4,a2,t1
PC=00000228 [00070F13] X30=149922FC X14=149922FC X00=00000000 addi    t5,a4,0
PC=0000022C [00CF3F33] X30=00000000 X30=149922FC X12=018478BA sltu    t5,t5,a2
PC=00000230 [007687B3] X15=00000000 X13=00000000 X07=00000000 add     a5,a3,t2
PC=00000234 [00FF0F33] X30=00000000 X30=00000000 X15=00000000 add     t5,t5,a5
PC=00000238 [000F0793] X15=00000000 X30=00000000 X00=00000000 addi    a5,t5,0
PC=00000240 [00079663] X12=018478BA X15=00000000 X00=00000000 bne     a5,zero,12
PC=00000240 [FE042423] X08=00500000 X08=00500000 X00=00000000 sw      zero,-24(s0/fp)
PC=00000244 [00C0006F] X00=00000000 X00=00000000 X12=018478BA jal     zero,12
PC=00000250 [FE442703] X14=018478BA X08=00500000 X04=00000000 lw      a4,-28(s0/fp)
PC=00000254 [FDC42783] X15=1314AA42 X08=00500000 X28=00000000 lw      a5,-36(s0/fp)
PC=00000258 [00F707B3] X15=149922FC X14=018478BA X15=1314AA42 add     a5,a4,a5
PC=0000025C [FEF42223] X04=00000000 X08=00500000 X15=149922FC sw      a5,-28(s0/fp)
PC=00000260 [FE042783] X15=57BBC6CD X08=00500000 X00=00000000 lw      a5,-32(s0/fp)
PC=00000264 [0017D793] X15=2BDDE366 X15=57BBC6CD X01=000001C0 srli    a5,a5,1
PC=00000268 [FEF42023] X00=00000000 X08=00500000 X15=2BDDE366 sw      a5,-32(s0/fp)
PC=0000026C [FE442783] X15=149922FC X08=00500000 X04=00000000 lw      a5,-28(s0/fp)
PC=00000270 [0017F793] X15=00000000 X15=149922FC X01=000001C0 andi    a5,a5,1
PC=00000288 [00078A63] X20=00000000 X15=00000000 X00=00000000 beq     a5,zero,20
PC=00000288 [FE442783] X15=149922FC X08=00500000 X04=00000000 lw      a5,-28(s0/fp)
PC=0000028C [0017D793] X15=0A4C917E X15=149922FC X01=000001C0 srli    a5,a5,1
PC=00000290 [FEF42223] X04=00000000 X08=00500000 X15=0A4C917E sw      a5,-28(s0/fp)
PC=00000294 [FE842783] X15=00000000 X08=00500000 X08=00500000 lw      a5,-24(s0/fp)
PC=00000298 [0017F793] X15=00000000 X15=00000000 X01=000001C0 andi    a5,a5,1
PC=000002B0 [00078A63] X20=00000000 X15=00000000 X00=00000000 beq     a5,zero,20
PC=000002B0 [FE842783] X15=00000000 X08=00500000 X08=00500000 lw      a5,-24(s0/fp)
PC=000002B4 [0017D793] X15=00000000 X15=00000000 X01=000001C0 srli    a5,a5,1
PC=000002B8 [FEF42423] X08=00500000 X08=00500000 X15=00000000 sw      a5,-24(s0/fp)
PC=000002BC [FEF44783] X15=00000012 X08=00500000 X15=00000000 lbu     a5,-17(s0/fp)
PC=000002C0 [FFF78793] X15=00000011 X15=00000012 X31=00000000 addi    a5,a5,-1
PC=000002C4 [FEF407A3] X15=00000011 X08=00500000 X15=00000011 sb      a5,-17(s0/fp)
PC=000002C8 [FEF44783] X15=00000011 X08=00500000 X15=00000011 lbu     a5,-17(s0/fp)
PC=00000200 [F2079AE3] X21=00000000 X15=00000011 X00=00000000 bne     a5,zero,-204
PC=00000200 [FE042783] X15=2BDDE366 X08=00500000 X00=00000000 lw      a5,-32(s0/fp)
PC=00000204 [0017F793] X15=00000000 X15=2BDDE366 X01=000001C0 andi    a5,a5,1
PC=00000260 [04078C63] X24=00000000 X15=00000000 X00=00000000 beq     a5,zero,88
PC=00000260 [FE042783] X15=2BDDE366 X08=00500000 X00=00000000 lw      a5,-32(s0/fp)
PC=00000264 [0017D793] X15=15EEF1B3 X15=2BDDE366 X01=000001C0 srli    a5,a5,1
PC=00000268 [FEF42023] X00=00000000 X08=00500000 X15=15EEF1B3 sw      a5,-32(s0/fp)
PC=0000026C [FE442783] X15=0A4C917E X08=00500000 X04=00000000 lw      a5,-28(s0/fp)
PC=00000270 [0017F793] X15=00000000 X15=0A4C917E X01=000001C0 andi    a5,a5,1
PC=00000288 [00078A63] X20=00000000 X15=00000000 X00=00000000 beq     a5,zero,20
PC=00000288 [FE442783] X15=0A4C917E X08=00500000 X04=00000000 lw      a5,-28(s0/fp)
PC=0000028C [0017D793] X15=052648BF X15=0A4C917E X01=000001C0 srli    a5,a5,1
PC=00000290 [FEF42223] X04=00000000 X08=00500000 X15=052648BF sw      a5,-28(s0/fp)
PC=00000294 [FE842783] X15=00000000 X08=00500000 X08=00500000 lw      a5,-24(s0/fp)
PC=00000298 [0017F793] X15=00000000 X15=00000000 X01=000001C0 andi    a5,a5,1
PC=000002B0 [00078A63] X20=00000000 X15=00000000 X00=00000000 beq     a5,zero,20
PC=000002B0 [FE842783] X15=00000000 X08=00500000 X08=00500000 lw      a5,-24(s0/fp)
PC=000002B4 [0017D793] X15=00000000 X15=00000000 X01=000001C0 srli    a5,a5,1
PC=000002B8 [FEF42423] X08=00500000 X08=00500000 X15=00000000 sw      a5,-24(s0/fp)
PC=000002BC [FEF44783] X15=00000011 X08=00500000 X15=00000000 lbu     a5,-17(s0/fp)
PC=000002C0 [FFF78793] X15=00000010 X15=00000011 X31=00000000 addi    a5,a5,-1
PC=000002C4 [FEF407A3] X15=00000010 X08=00500000 X15=00000010 sb      a5,-17(s0/fp)
PC=000002C8 [FEF44783] X15=00000010 X08=00500000 X15=00000010 lbu     a5,-17(s0/fp)
PC=00000200 [F2079AE3] X21=00000000 X15=00000010 X00=00000000 bne     a5,zero,-204
PC=00000200 [FE042783] X15=15EEF1B3 X08=00500000 X00=00000000 lw      a5,-32(s0/fp)
PC=00000204 [0017F793] X15=00000001 X15=15EEF1B3 X01=000001C0 andi    a5,a5,1
PC=0000020C [04078C63] X24=00000000 X15=00000001 X00=00000000 beq     a5,zero,88
PC=0000020C [FE442783] X15=052648BF X08=00500000 X04=00000000 lw      a5,-28(s0/fp)
PC=00000210 [00078613] X12=052648BF X15=052648BF X00=00000000 addi    a2,a5,0
PC=00000214 [00000693] X13=00000000 X00=00000000 X00=00000000 addi    a3,zero,0
PC=00000218 [FDC42783] X15=1314AA42 X08=00500000 X28=00000000 lw      a5,-36(s0/fp)
PC=0000021C [00078313] X06=1314AA42 X15=1314AA42 X00=00000000 addi    t1,a5,0
PC=00000220 [00000393] X07=00000000 X00=00000000 X00=00000000 addi    t2,zero,0
PC=00000224 [00660733] X14=183AF301 X12=052648BF X06=1314AA42 add     a4,a2,t1
PC=00000228 [00070F13] X30=183AF301 X14=183AF301 X00=00000000 addi    t5,a4,0
PC=0000022C [00CF3F33] X30=00000000 X30=183AF301 X12=052648BF sltu    t5,t5,a2
PC=00000230 [007687B3] X15=00000000 X13=00000000 X07=00000000 add     a5,a3,t2
PC=00000234 [00FF0F33] X30=00000000 X30=00000000 X15=00000000 add     t5,t5,a5
PC=00000238 [000F0793] X15=00000000 X30=00000000 X00=00000000 addi    a5,t5,0
PC=00000240 [00079663] X12=052648BF X15=00000000 X00=00000000 bne     a5,zero,12
PC=00000240 [FE042423] X08=00500000 X08=00500000 X00=00000000 sw      zero,-24(s0/fp)
PC=00000244 [00C0006F] X00=00000000 X00=00000000 X12=052648BF jal     zero,12
PC=00000250 [FE442703] X14=052648BF X08=00500000 X04=00000000 lw      a4,-28(s0/fp)
PC=00000254 [FDC42783] X15=1314AA42 X08=00500000 X28=00000000 lw      a5,-36(s0/fp)
PC=00000258 [00F707B3] X15=183AF301 X14=052648BF X15=1314AA42 add     a5,a4,a5
PC=0000025C [FEF42223] X04=00000000 X08=00500000 X15=183AF301 sw      a5,-28(s0/fp)
PC=00000260 [FE042783] X15=15EEF1B3 X08=00500000 X00=00000000 lw      a5,-32(s0/fp)
PC=00000264 [0017D793] X15=0AF778D9 X15=15EEF1B3 X01=000001C0 srli    a5,a5,1
PC=00000268 [FEF42023] X00=00000000 X08=00500000 X15=0AF778D9 sw      a5,-32(s0/fp)
PC=0000026C [FE442783] X15=183AF301 X08=00500000 X04=00000000 lw      a5,-28(s0/fp)
PC=00000270 [0017F793] X15=00000001 X15=183AF301 X01=000001C0 andi    a5,a5,1
PC=00000278 [00078A63] X20=00000000 X15=00000001 X00=00000000 beq     a5,zero,20
PC=00000278 [FE042703] X14=0AF778D9 X08=00500000 X00=00000000 lw      a4,-32(s0/fp)
PC=0000027C [800007B7] X15=80000000 X00=00000000 X00=00000000 lui     a5,2147483648
PC=00000280 [00F767B3] X15=8AF778D9 X14=0AF778D9 X15=80000000 or      a5,a4,a5
PC=00000284 [FEF42023] X00=00000000 X08=00500000 X15=8AF778D9 sw      a5,-32(s0/fp)
PC=00000288 [FE442783] X15=183AF301 X08=00500000 X04=00000000 lw      a5,-28(s0/fp)
PC=0000028C [0017D793] X15=0C1D7980 X15=183AF301 X01=000001C0 srli    a5,a5,1
PC=00000290 [FEF42223] X04=00000000 X08=00500000 X15=0C1D7980 sw      a5,-28(s0/fp)
PC=00000294 [FE842783] X15=00000000 X08=00500000 X08=00500000 lw      a5,-24(s0/fp)
PC=00000298 [0017F793] X15=00000000 X15=00000000 X01=000001C0 andi    a5,a5,1
PC=000002B0 [00078A63] X20=00000000 X15=00000000 X00=00000000 beq     a5,zero,20
PC=000002B0 [FE842783] X15=00000000 X08=00500000 X08=00500000 lw      a5,-24(s0/fp)
PC=000002B4 [0017D793] X15=00000000 X15=00000000 X01=000001C0 srli    a5,a5,1
PC=000002B8 [FEF42423] X08=00500000 X08=00500000 X15=00000000 sw      a5,-24(s0/fp)
PC=000002BC [FEF44783] X15=00000010 X08=00500000 X15=00000000 lbu     a5,-17(s0/fp)
PC=000002C0 [FFF78793] X15=0000000F X15=00000010 X31=00000000 addi    a5,a5,-1
PC=000002C4 [FEF407A3] X15=0000000F X08=00500000 X15=0000000F sb      a5,-17(s0/fp)
PC=000002C8 [FEF44783] X15=0000000F X08=00500000 X15=0000000F lbu     a5,-17(s0/fp)
PC=00000200 [F2079AE3] X21=00000000 X15=0000000F X00=00000000 bne     a5,zero,-204
PC=00000200 [FE042783] X15=8AF778D9 X08=00500000 X00=00000000 lw      a5,-32(s0/fp)
PC=00000204 [0017F793] X15=00000001 X15=8AF778D9 X01=000001C0 andi    a5,a5,1
PC=0000020C [04078C63] X24=00000000 X15=00000001 X00=00000000 beq     a5,zero,88
PC=0000020C [FE442783] X15=0C1D7980 X08=00500000 X04=00000000 lw      a5,-28(s0/fp)
PC=00000210 [00078613] X12=0C1D7980 X15=0C1D7980 X00=00000000 addi    a2,a5,0
PC=00000214 [00000693] X13=00000000 X00=00000000 X00=00000000 addi    a3,zero,0
PC=00000218 [FDC42783] X15=1314AA42 X08=00500000 X28=00000000 lw      a5,-36(s0/fp)
PC=0000021C [00078313] X06=1314AA42 X15=1314AA42 X00=00000000 addi    t1,a5,0
PC=00000220 [00000393] X07=00000000 X00=00000000 X00=00000000 addi    t2,zero,0
PC=00000224 [00660733] X14=1F3223C2 X12=0C1D7980 X06=1314AA42 add     a4,a2,t1
PC=00000228 [00070F13] X30=1F3223C2 X14=1F3223C2 X00=00000000 addi    t5,a4,0
PC=0000022C [00CF3F33] X30=00000000 X30=1F3223C2 X12=0C1D7980 sltu    t5,t5,a2
PC=00000230 [007687B3] X15=00000000 X13=00000000 X07=00000000 add     a5,a3,t2
PC=00000234 [00FF0F33] X30=00000000 X30=00000000 X15=00000000 add     t5,t5,a5
PC=00000238 [000F0793] X15=00000000 X30=00000000 X00=00000000 addi    a5,t5,0
PC=00000240 [00079663] X12=0C1D7980 X15=00000000 X00=00000000 bne     a5,zero,12
PC=00000240 [FE042423] X08=00500000 X08=00500000 X00=00000000 sw      zero,-24(s0/fp)
PC=00000244 [00C0006F] X00=00000000 X00=00000000 X12=0C1D7980 jal     zero,12
PC=00000250 [FE442703] X14=0C1D7980 X08=00500000 X04=00000000 lw      a4,-28(s0/fp)
PC=00000254 [FDC42783] X15=1314AA42 X08=00500000 X28=00000000 lw      a5,-36(s0/fp)
PC=00000258 [00F707B3] X15=1F3223C2 X14=0C1D7980 X15=1314AA42 add     a5,a4,a5
PC=0000025C [FEF42223] X04=00000000 X08=00500000 X15=1F3223C2 sw      a5,-28(s0/fp)
PC=00000260 [FE042783] X15=8AF778D9 X08=00500000 X00=00000000 lw      a5,-32(s0/fp)
PC=00000264 [0017D793] X15=457BBC6C X15=8AF778D9 X01=000001C0 srli    a5,a5,1
PC=00000268 [FEF42023] X00=00000000 X08=00500000 X15=457BBC6C sw      a5,-32(s0/fp)
PC=0000026C [FE442783] X15=1F3223C2 X08=00500000 X04=00000000 lw      a5,-28(s0/fp)
PC=00000270 [0017F793] X15=00000000 X15=1F3223C2 X01=000001C0 andi    a5,a5,1
PC=00000288 [00078A63] X20=00000000 X15=00000000 X00=00000000 beq     a5,zero,20
PC=00000288 [FE442783] X15=1F3223C2 X08=00500000 X04=00000000 lw      a5,-28(s0/fp)
PC=0000028C [0017D793] X15=0F9911E1 X15=1F3223C2 X01=000001C0 srli    a5,a5,1
PC=00000290 [FEF42223] X04=00000000 X08=00500000 X15=0F9911E1 sw      a5,-28(s0/fp)
PC=00000294 [FE842783] X15=00000000 X08=00500000 X08=00500000 lw      a5,-24(s0/fp)
PC=00000298 [0017F793] X15=00000000 X15=00000000 X01=000001C0 andi    a5,a5,1
PC=000002B0 [00078A63] X20=00000000 X15=00000000 X00=00000000 beq     a5,zero,20
PC=000002B0 [FE842783] X15=00000000 X08=00500000 X08=00500000 lw      a5,-24(s0/fp)
PC=000002B4 [0017D793] X15=00000000 X15=00000000 X01=000001C0 srli    a5,a5,1
PC=000002B8 [FEF42423] X08=00500000 X08=00500000 X15=00000000 sw      a5,-24(s0/fp)
PC=000002BC [FEF44783] X15=0000000F X08=00500000 X15=00000000 lbu     a5,-17(s0/fp)
PC=000002C0 [FFF78793] X15=0000000E X15=0000000F X31=00000000 addi    a5,a5,-1
PC=000002C4 [FEF407A3] X15=0000000E X08=00500000 X15=0000000E sb      a5,-17(s0/fp)
PC=000002C8 [FEF44783] X15=0000000E X08=00500000 X15=0000000E lbu     a5,-17(s0/fp)
PC=00000200 [F2079AE3] X21=00000000 X15=0000000E X00=00000000 bne     a5,zero,-204
PC=00000200 [FE042783] X15=457BBC6C X08=00500000 X00=00000000 lw      a5,-32(s0/fp)
PC=00000204 [0017F793] X15=00000000 X15=457BBC6C X01=000001C0 andi    a5,a5,1
PC=00000260 [04078C63] X24=00000000 X15=00000000 X00=00000000 beq     a5,zero,88
PC=00000260 [FE042783] X15=457BBC6C X08=00500000 X00=00000000 lw      a5,-32(s0/fp)
PC=00000264 [0017D793] X15=22BDDE36 X15=457BBC6C X01=000001C0 srli    a5,a5,1
PC=00000268 [FEF42023] X00=00000000 X08=00500000 X15=22BDDE36 sw      a5,-32(s0/fp)
PC=0000026C [FE442783] X15=0F9911E1 X08=00500000 X04=00000000 lw      a5,-28(s0/fp)
PC=00000270 [0017F793] X15=00000001 X15=0F9911E1 X01=000001C0 andi    a5,a5,1
PC=00000278 [00078A63] X20=00000000 X15=00000001 X00=00000000 beq     a5,zero,20
PC=00000278 [FE042703] X14=22BDDE36 X08=00500000 X00=00000000 lw      a4,-32(s0/fp)
PC=0000027C [800007B7] X15=80000000 X00=00000000 X00=00000000 lui     a5,2147483648
PC=00000280 [00F767B3] X15=A2BDDE36 X14=22BDDE36 X15=80000000 or      a5,a4,a5
PC=00000284 [FEF42023] X00=00000000 X08=00500000 X15=A2BDDE36 sw      a5,-32(s0/fp)
PC=00000288 [FE442783] X15=0F9911E1 X08=00500000 X04=00000000 lw      a5,-28(s0/fp)
PC=0000028C [0017D793] X15=07CC88F0 X15=0F9911E1 X01=000001C0 srli    a5,a5,1
PC=00000290 [FEF42223] X04=00000000 X08=00500000 X15=07CC88F0 sw      a5,-28(s0/fp)
PC=00000294 [FE842783] X15=00000000 X08=00500000 X08=00500000 lw      a5,-24(s0/fp)
PC=00000298 [0017F793] X15=00000000 X15=00000000 X01=000001C0 andi    a5,a5,1
PC=000002B0 [00078A63] X20=00000000 X15=00000000 X00=00000000 beq     a5,zero,20
PC=000002B0 [FE842783] X15=00000000 X08=00500000 X08=00500000 lw      a5,-24(s0/fp)
PC=000002B4 [0017D793] X15=00000000 X15=00000000 X01=000001C0 srli    a5,a5,1
PC=000002B8 [FEF42423] X08=00500000 X08=00500000 X15=00000000 sw      a5,-24(s0/fp)
PC=000002BC [FEF44783] X15=0000000E X08=00500000 X15=00000000 lbu     a5,-17(s0/fp)
PC=000002C0 [FFF78793] X15=0000000D X15=0000000E X31=00000000 addi    a5,a5,-1
PC=000002C4 [FEF407A3] X15=0000000D X08=00500000 X15=0000000D sb      a5,-17(s0/fp)
PC=000002C8 [FEF44783] X15=0000000D X08=00500000 X15=0000000D lbu     a5,-17(s0/fp)
PC=00000200 [F2079AE3] X21=00000000 X15=0000000D X00=00000000 bne     a5,zero,-204
PC=00000200 [FE042783] X15=A2BDDE36 X08=00500000 X00=00000000 lw      a5,-32(s0/fp)
PC=00000204 [0017F793] X15=00000000 X15=A2BDDE36 X01=000001C0 andi    a5,a5,1
PC=00000260 [04078C63] X24=00000000 X15=00000000 X00=00000000 beq     a5,zero,88
PC=00000260 [FE042783] X15=A2BDDE36 X08=00500000 X00=00000000 lw      a5,-32(s0/fp)
PC=00000264 [0017D793] X15=515EEF1B X15=A2BDDE36 X01=000001C0 srli    a5,a5,1
PC=00000268 [FEF42023] X00=00000000 X08=00500000 X15=515EEF1B sw      a5,-32(s0/fp)
PC=0000026C [FE442783] X15=07CC88F0 X08=00500000 X04=00000000 lw      a5,-28(s0/fp)
PC=00000270 [0017F793] X15=00000000 X15=07CC88F0 X01=000001C0 andi    a5,a5,1
PC=00000288 [00078A63] X20=00000000 X15=00000000 X00=00000000 beq     a5,zero,20
PC=00000288 [FE442783] X15=07CC88F0 X08=00500000 X04=00000000 lw      a5,-28(s0/fp)
PC=0000028C [0017D793] X15=03E64478 X15=07CC88F0 X01=000001C0 srli    a5,a5,1
PC=00000290 [FEF42223] X04=00000000 X08=00500000 X15=03E64478 sw      a5,-28(s0/fp)
PC=00000294 [FE842783] X15=00000000 X08=00500000 X08=00500000 lw      a5,-24(s0/fp)
PC=00000298 [0017F793] X15=00000000 X15=00000000 X01=000001C0 andi    a5,a5,1
PC=000002B0 [00078A63] X20=00000000 X15=00000000 X00=00000000 beq     a5,zero,20
PC=000002B0 [FE842783] X15=00000000 X08=00500000 X08=00500000 lw      a5,-24(s0/fp)
PC=000002B4 [0017D793] X15=00000000 X15=00000000 X01=000001C0 srli    a5,a5,1
PC=000002B8 [FEF42423] X08=00500000 X08=00500000 X15=00000000 sw      a5,-24(s0/fp)
PC=000002BC [FEF44783] X15=0000000D X08=00500000 X15=00000000 lbu     a5,-17(s0/fp)
PC=000002C0 [FFF78793] X15=0000000C X15=0000000D X31=00000000 addi    a5,a5,-1
PC=000002C4 [FEF407A3] X15=0000000C X08=00500000 X15=0000000C sb      a5,-17(s0/fp)
PC=000002C8 [FEF44783] X15=0000000C X08=00500000 X15=0000000C lbu     a5,-17(s0/fp)
PC=00000200 [F2079AE3] X21=00000000 X15=0000000C X00=00000000 bne     a5,zero,-204
PC=00000200 [FE042783] X15=515EEF1B X08=00500000 X00=00000000 lw      a5,-32(s0/fp)
PC=00000204 [0017F793] X15=00000001 X15=515EEF1B X01=000001C0 andi    a5,a5,1
PC=0000020C [04078C63] X24=00000000 X15=00000001 X00=00000000 beq     a5,zero,88
PC=0000020C [FE442783] X15=03E64478 X08=00500000 X04=00000000 lw      a5,-28(s0/fp)
PC=00000210 [00078613] X12=03E64478 X15=03E64478 X00=00000000 addi    a2,a5,0
PC=00000214 [00000693] X13=00000000 X00=00000000 X00=00000000 addi    a3,zero,0
PC=00000218 [FDC42783] X15=1314AA42 X08=00500000 X28=00000000 lw      a5,-36(s0/fp)
PC=0000021C [00078313] X06=1314AA42 X15=1314AA42 X00=00000000 addi    t1,a5,0
PC=00000220 [00000393] X07=00000000 X00=00000000 X00=00000000 addi    t2,zero,0
PC=00000224 [00660733] X14=16FAEEBA X12=03E64478 X06=1314AA42 add     a4,a2,t1
PC=00000228 [00070F13] X30=16FAEEBA X14=16FAEEBA X00=00000000 addi    t5,a4,0
PC=0000022C [00CF3F33] X30=00000000 X30=16FAEEBA X12=03E64478 sltu    t5,t5,a2
PC=00000230 [007687B3] X15=00000000 X13=00000000 X07=00000000 add     a5,a3,t2
PC=00000234 [00FF0F33] X30=00000000 X30=00000000 X15=00000000 add     t5,t5,a5
PC=00000238 [000F0793] X15=00000000 X30=00000000 X00=00000000 addi    a5,t5,0
PC=00000240 [00079663] X12=03E64478 X15=00000000 X00=00000000 bne     a5,zero,12
PC=00000240 [FE042423] X08=00500000 X08=00500000 X00=00000000 sw      zero,-24(s0/fp)
PC=00000244 [00C0006F] X00=00000000 X00=00000000 X12=03E64478 jal     zero,12
PC=00000250 [FE442703] X14=03E64478 X08=00500000 X04=00000000 lw      a4,-28(s0/fp)
PC=00000254 [FDC42783] X15=1314AA42 X08=00500000 X28=00000000 lw      a5,-36(s0/fp)
PC=00000258 [00F707B3] X15=16FAEEBA X14=03E64478 X15=1314AA42 add     a5,a4,a5
PC=0000025C [FEF42223] X04=00000000 X08=00500000 X15=16FAEEBA sw      a5,-28(s0/fp)
PC=00000260 [FE042783] X15=515EEF1B X08=00500000 X00=00000000 lw      a5,-32(s0/fp)
PC=00000264 [0017D793] X15=28AF778D X15=515EEF1B X01=000001C0 srli    a5,a5,1
PC=00000268 [FEF42023] X00=00000000 X08=00500000 X15=28AF778D sw      a5,-32(s0/fp)
PC=0000026C [FE442783] X15=16FAEEBA X08=00500000 X04=00000000 lw      a5,-28(s0/fp)
PC=00000270 [0017F793] X15=00000000 X15=16FAEEBA X01=000001C0 andi    a5,a5,1
PC=00000288 [00078A63] X20=00000000 X15=00000000 X00=00000000 beq     a5,zero,20
PC=00000288 [FE442783] X15=16FAEEBA X08=00500000 X04=00000000 lw      a5,-28(s0/fp)
PC=0000028C [0017D793] X15=0B7D775D X15=16FAEEBA X01=000001C0 srli    a5,a5,1
PC=00000290 [FEF42223] X04=00000000 X08=00500000 X15=0B7D775D sw      a5,-28(s0/fp)
PC=00000294 [FE842783] X15=00000000 X08=00500000 X08=00500000 lw      a5,-24(s0/fp)
PC=00000298 [0017F793] X15=00000000 X15=00000000 X01=000001C0 andi    a5,a5,1
PC=000002B0 [00078A63] X20=00000000 X15=00000000 X00=00000000 beq     a5,zero,20
PC=000002B0 [FE842783] X15=00000000 X08=00500000 X08=00500000 lw      a5,-24(s0/fp)
PC=000002B4 [0017D793] X15=00000000 X15=00000000 X01=000001C0 srli    a5,a5,1
PC=000002B8 [FEF42423] X08=00500000 X08=00500000 X15=00000000 sw      a5,-24(s0/fp)
PC=000002BC [FEF44783] X15=0000000C X08=00500000 X15=00000000 lbu     a5,-17(s0/fp)
PC=000002C0 [FFF78793] X15=0000000B X15=0000000C X31=00000000 addi    a5,a5,-1
PC=000002C4 [FEF407A3] X15=0000000B X08=00500000 X15=0000000B sb      a5,-17(s0/fp)
PC=000002C8 [FEF44783] X15=0000000B X08=00500000 X15=0000000B lbu     a5,-17(s0/fp)
PC=00000200 [F2079AE3] X21=00000000 X15=0000000B X00=00000000 bne     a5,zero,-204
PC=00000200 [FE042783] X15=28AF778D X08=00500000 X00=00000000 lw      a5,-32(s0/fp)
PC=00000204 [0017F793] X15=00000001 X15=28AF778D X01=000001C0 andi    a5,a5,1
PC=0000020C [04078C63] X24=00000000 X15=00000001 X00=00000000 beq     a5,zero,88
PC=0000020C [FE442783] X15=0B7D775D X08=00500000 X04=00000000 lw      a5,-28(s0/fp)
PC=00000210 [00078613] X12=0B7D775D X15=0B7D775D X00=00000000 addi    a2,a5,0
PC=00000214 [00000693] X13=00000000 X00=00000000 X00=00000000 addi    a3,zero,0
PC=00000218 [FDC42783] X15=1314AA42 X08=00500000 X28=00000000 lw      a5,-36(s0/fp)
PC=0000021C [00078313] X06=1314AA42 X15=1314AA42 X00=00000000 addi    t1,a5,0
PC=00000220 [00000393] X07=00000000 X00=00000000 X00=00000000 addi    t2,zero,0
PC=00000224 [00660733] X14=1E92219F X12=0B7D775D X06=1314AA42 add     a4,a2,t1
PC=00000228 [00070F13] X30=1E92219F X14=1E92219F X00=00000000 addi    t5,a4,0
PC=0000022C [00CF3F33] X30=00000000 X30=1E92219F X12=0B7D775D sltu    t5,t5,a2
PC=00000230 [007687B3] X15=00000000 X13=00000000 X07=00000000 add     a5,a3,t2
PC=00000234 [00FF0F33] X30=00000000 X30=00000000 X15=00000000 add     t5,t5,a5
PC=00000238 [000F0793] X15=00000000 X30=00000000 X00=00000000 addi    a5,t5,0
PC=00000240 [00079663] X12=0B7D775D X15=00000000 X00=00000000 bne     a5,zero,12
PC=00000240 [FE042423] X08=00500000 X08=00500000 X00=00000000 sw      zero,-24(s0/fp)
PC=00000244 [00C0006F] X00=00000000 X00=00000000 X12=0B7D775D jal     zero,12
PC=00000250 [FE442703] X14=0B7D775D X08=00500000 X04=00000000 lw      a4,-28(s0/fp)
PC=00000254 [FDC42783] X15=1314AA42 X08=00500000 X28=00000000 lw      a5,-36(s0/fp)
PC=00000258 [00F707B3] X15=1E92219F X14=0B7D775D X15=1314AA42 add     a5,a4,a5
PC=0000025C [FEF42223] X04=00000000 X08=00500000 X15=1E92219F sw      a5,-28(s0/fp)
PC=00000260 [FE042783] X15=28AF778D X08=00500000 X00=00000000 lw      a5,-32(s0/fp)
PC=00000264 [0017D793] X15=1457BBC6 X15=28AF778D X01=000001C0 srli    a5,a5,1
PC=00000268 [FEF42023] X00=00000000 X08=00500000 X15=1457BBC6 sw      a5,-32(s0/fp)
PC=0000026C [FE442783] X15=1E92219F X08=00500000 X04=00000000 lw      a5,-28(s0/fp)
PC=00000270 [0017F793] X15=00000001 X15=1E92219F X01=000001C0 andi    a5,a5,1
PC=00000278 [00078A63] X20=00000000 X15=00000001 X00=00000000 beq     a5,zero,20
PC=00000278 [FE042703] X14=1457BBC6 X08=00500000 X00=00000000 lw      a4,-32(s0/fp)
PC=0000027C [800007B7] X15=80000000 X00=00000000 X00=00000000 lui     a5,2147483648
PC=00000280 [00F767B3] X15=9457BBC6 X14=1457BBC6 X15=80000000 or      a5,a4,a5
PC=00000284 [FEF42023] X00=00000000 X08=00500000 X15=9457BBC6 sw      a5,-32(s0/fp)
PC=00000288 [FE442783] X15=1E92219F X08=00500000 X04=00000000 lw      a5,-28(s0/fp)
PC=0000028C [0017D793] X15=0F4910CF X15=1E92219F X01=000001C0 srli    a5,a5,1
PC=00000290 [FEF42223] X04=00000000 X08=00500000 X15=0F4910CF sw      a5,-28(s0/fp)
PC=00000294 [FE842783] X15=00000000 X08=00500000 X08=00500000 lw      a5,-24(s0/fp)
PC=00000298 [0017F793] X15=00000000 X15=00000000 X01=000001C0 andi    a5,a5,1
PC=000002B0 [00078A63] X20=00000000 X15=00000000 X00=00000000 beq     a5,zero,20
PC=000002B0 [FE842783] X15=00000000 X08=00500000 X08=00500000 lw      a5,-24(s0/fp)
PC=000002B4 [0017D793] X15=00000000 X15=00000000 X01=000001C0 srli    a5,a5,1
PC=000002B8 [FEF42423] X08=00500000 X08=00500000 X15=00000000 sw      a5,-24(s0/fp)
PC=000002BC [FEF44783] X15=0000000B X08=00500000 X15=00000000 lbu     a5,-17(s0/fp)
PC=000002C0 [FFF78793] X15=0000000A X15=0000000B X31=00000000 addi    a5,a5,-1
PC=000002C4 [FEF407A3] X15=0000000A X08=00500000 X15=0000000A sb      a5,-17(s0/fp)
PC=000002C8 [FEF44783] X15=0000000A X08=00500000 X15=0000000A lbu     a5,-17(s0/fp)
PC=00000200 [F2079AE3] X21=00000000 X15=0000000A X00=00000000 bne     a5,zero,-204
PC=00000200 [FE042783] X15=9457BBC6 X08=00500000 X00=00000000 lw      a5,-32(s0/fp)
PC=00000204 [0017F793] X15=00000000 X15=9457BBC6 X01=000001C0 andi    a5,a5,1
PC=00000260 [04078C63] X24=00000000 X15=00000000 X00=00000000 beq     a5,zero,88
PC=00000260 [FE042783] X15=9457BBC6 X08=00500000 X00=00000000 lw      a5,-32(s0/fp)
PC=00000264 [0017D793] X15=4A2BDDE3 X15=9457BBC6 X01=000001C0 srli    a5,a5,1
PC=00000268 [FEF42023] X00=00000000 X08=00500000 X15=4A2BDDE3 sw      a5,-32(s0/fp)
PC=0000026C [FE442783] X15=0F4910CF X08=00500000 X04=00000000 lw      a5,-28(s0/fp)
PC=00000270 [0017F793] X15=00000001 X15=0F4910CF X01=000001C0 andi    a5,a5,1
PC=00000278 [00078A63] X20=00000000 X15=00000001 X00=00000000 beq     a5,zero,20
PC=00000278 [FE042703] X14=4A2BDDE3 X08=00500000 X00=00000000 lw      a4,-32(s0/fp)
PC=0000027C [800007B7] X15=80000000 X00=00000000 X00=00000000 lui     a5,2147483648
PC=00000280 [00F767B3] X15=CA2BDDE3 X14=4A2BDDE3 X15=80000000 or      a5,a4,a5
PC=00000284 [FEF42023] X00=00000000 X08=00500000 X15=CA2BDDE3 sw      a5,-32(s0/fp)
PC=00000288 [FE442783] X15=0F4910CF X08=00500000 X04=00000000 lw      a5,-28(s0/fp)
PC=0000028C [0017D793] X15=07A48867 X15=0F4910CF X01=000001C0 srli    a5,a5,1
PC=00000290 [FEF42223] X04=00000000 X08=00500000 X15=07A48867 sw      a5,-28(s0/fp)
PC=00000294 [FE842783] X15=00000000 X08=00500000 X08=00500000 lw      a5,-24(s0/fp)
PC=00000298 [0017F793] X15=00000000 X15=00000000 X01=000001C0 andi    a5,a5,1
PC=000002B0 [00078A63] X20=00000000 X15=00000000 X00=00000000 beq     a5,zero,20
PC=000002B0 [FE842783] X15=00000000 X08=00500000 X08=00500000 lw      a5,-24(s0/fp)
PC=000002B4 [0017D793] X15=00000000 X15=00000000 X01=000001C0 srli    a5,a5,1
PC=000002B8 [FEF42423] X08=00500000 X08=00500000 X15=00000000 sw      a5,-24(s0/fp)
PC=000002BC [FEF44783] X15=0000000A X08=00500000 X15=00000000 lbu     a5,-17(s0/fp)
PC=000002C0 [FFF78793] X15=00000009 X15=0000000A X31=00000000 addi    a5,a5,-1
PC=000002C4 [FEF407A3] X15=00000009 X08=00500000 X15=00000009 sb      a5,-17(s0/fp)
PC=000002C8 [FEF44783] X15=00000009 X08=00500000 X15=00000009 lbu     a5,-17(s0/fp)
PC=00000200 [F2079AE3] X21=00000000 X15=00000009 X00=00000000 bne     a5,zero,-204
PC=00000200 [FE042783] X15=CA2BDDE3 X08=00500000 X00=00000000 lw      a5,-32(s0/fp)
PC=00000204 [0017F793] X15=00000001 X15=CA2BDDE3 X01=000001C0 andi    a5,a5,1
PC=0000020C [04078C63] X24=00000000 X15=00000001 X00=00000000 beq     a5,zero,88
PC=0000020C [FE442783] X15=07A48867 X08=00500000 X04=00000000 lw      a5,-28(s0/fp)
PC=00000210 [00078613] X12=07A48867 X15=07A48867 X00=00000000 addi    a2,a5,0
PC=00000214 [00000693] X13=00000000 X00=00000000 X00=00000000 addi    a3,zero,0
PC=00000218 [FDC42783] X15=1314AA42 X08=00500000 X28=00000000 lw      a5,-36(s0/fp)
PC=0000021C [00078313] X06=1314AA42 X15=1314AA42 X00=00000000 addi    t1,a5,0
PC=00000220 [00000393] X07=00000000 X00=00000000 X00=00000000 addi    t2,zero,0
PC=00000224 [00660733] X14=1AB932A9 X12=07A48867 X06=1314AA42 add     a4,a2,t1
PC=00000228 [00070F13] X30=1AB932A9 X14=1AB932A9 X00=00000000 addi    t5,a4,0
PC=0000022C [00CF3F33] X30=00000000 X30=1AB932A9 X12=07A48867 sltu    t5,t5,a2
PC=00000230 [007687B3] X15=00000000 X13=00000000 X07=00000000 add     a5,a3,t2
PC=00000234 [00FF0F33] X30=00000000 X30=00000000 X15=00000000 add     t5,t5,a5
PC=00000238 [000F0793] X15=00000000 X30=00000000 X00=00000000 addi    a5,t5,0
PC=00000240 [00079663] X12=07A48867 X15=00000000 X00=00000000 bne     a5,zero,12
PC=00000240 [FE042423] X08=00500000 X08=00500000 X00=00000000 sw      zero,-24(s0/fp)
PC=00000244 [00C0006F] X00=00000000 X00=00000000 X12=07A48867 jal     zero,12
PC=00000250 [FE442703] X14=07A48867 X08=00500000 X04=00000000 lw      a4,-28(s0/fp)
PC=00000254 [FDC42783] X15=1314AA42 X08=00500000 X28=00000000 lw      a5,-36(s0/fp)
PC=00000258 [00F707B3] X15=1AB932A9 X14=07A48867 X15=1314AA42 add     a5,a4,a5
PC=0000025C [FEF42223] X04=00000000 X08=00500000 X15=1AB932A9 sw      a5,-28(s0/fp)
PC=00000260 [FE042783] X15=CA2BDDE3 X08=00500000 X00=00000000 lw      a5,-32(s0/fp)
PC=00000264 [0017D793] X15=6515EEF1 X15=CA2BDDE3 X01=000001C0 srli    a5,a5,1
PC=00000268 [FEF42023] X00=00000000 X08=00500000 X15=6515EEF1 sw      a5,-32(s0/fp)
PC=0000026C [FE442783] X15=1AB932A9 X08=00500000 X04=00000000 lw      a5,-28(s0/fp)
PC=00000270 [0017F793] X15=00000001 X15=1AB932A9 X01=000001C0 andi    a5,a5,1
PC=00000278 [00078A63] X20=00000000 X15=00000001 X00=00000000 beq     a5,zero,20
PC=00000278 [FE042703] X14=6515EEF1 X08=00500000 X00=00000000 lw      a4,-32(s0/fp)
PC=0000027C [800007B7] X15=80000000 X00=00000000 X00=00000000 lui     a5,2147483648
PC=00000280 [00F767B3] X15=E515EEF1 X14=6515EEF1 X15=80000000 or      a5,a4,a5
PC=00000284 [FEF42023] X00=00000000 X08=00500000 X15=E515EEF1 sw      a5,-32(s0/fp)
PC=00000288 [FE442783] X15=1AB932A9 X08=00500000 X04=00000000 lw      a5,-28(s0/fp)
PC=0000028C [0017D793] X15=0D5C9954 X15=1AB932A9 X01=000001C0 srli    a5,a5,1
PC=00000290 [FEF42223] X04=00000000 X08=00500000 X15=0D5C9954 sw      a5,-28(s0/fp)
PC=00000294 [FE842783] X15=00000000 X08=00500000 X08=00500000 lw      a5,-24(s0/fp)
PC=00000298 [0017F793] X15=00000000 X15=00000000 X01=000001C0 andi    a5,a5,1
PC=000002B0 [00078A63] X20=00000000 X15=00000000 X00=00000000 beq     a5,zero,20
PC=000002B0 [FE842783] X15=00000000 X08=00500000 X08=00500000 lw      a5,-24(s0/fp)
PC=000002B4 [0017D793] X15=00000000 X15=00000000 X01=000001C0 srli    a5,a5,1
PC=000002B8 [FEF42423] X08=00500000 X08=00500000 X15=00000000 sw      a5,-24(s0/fp)
PC=000002BC [FEF44783] X15=00000009 X08=00500000 X15=00000000 lbu     a5,-17(s0/fp)
PC=000002C0 [FFF78793] X15=00000008 X15=00000009 X31=00000000 addi    a5,a5,-1
PC=000002C4 [FEF407A3] X15=00000008 X08=00500000 X15=00000008 sb      a5,-17(s0/fp)
PC=000002C8 [FEF44783] X15=00000008 X08=00500000 X15=00000008 lbu     a5,-17(s0/fp)
PC=00000200 [F2079AE3] X21=00000000 X15=00000008 X00=00000000 bne     a5,zero,-204
PC=00000200 [FE042783] X15=E515EEF1 X08=00500000 X00=00000000 lw      a5,-32(s0/fp)
PC=00000204 [0017F793] X15=00000001 X15=E515EEF1 X01=000001C0 andi    a5,a5,1
PC=0000020C [04078C63] X24=00000000 X15=00000001 X00=00000000 beq     a5,zero,88
PC=0000020C [FE442783] X15=0D5C9954 X08=00500000 X04=00000000 lw      a5,-28(s0/fp)
PC=00000210 [00078613] X12=0D5C9954 X15=0D5C9954 X00=00000000 addi    a2,a5,0
PC=00000214 [00000693] X13=00000000 X00=00000000 X00=00000000 addi    a3,zero,0
PC=00000218 [FDC42783] X15=1314AA42 X08=00500000 X28=00000000 lw      a5,-36(s0/fp)
PC=0000021C [00078313] X06=1314AA42 X15=1314AA42 X00=00000000 addi    t1,a5,0
PC=00000220 [00000393] X07=00000000 X00=00000000 X00=00000000 addi    t2,zero,0
PC=00000224 [00660733] X14=20714396 X12=0D5C9954 X06=1314AA42 add     a4,a2,t1
PC=00000228 [00070F13] X30=20714396 X14=20714396 X00=00000000 addi    t5,a4,0
PC=0000022C [00CF3F33] X30=00000000 X30=20714396 X12=0D5C9954 sltu    t5,t5,a2
PC=00000230 [007687B3] X15=00000000 X13=00000000 X07=00000000 add     a5,a3,t2
PC=00000234 [00FF0F33] X30=00000000 X30=00000000 X15=00000000 add     t5,t5,a5
PC=00000238 [000F0793] X15=00000000 X30=00000000 X00=00000000 addi    a5,t5,0
PC=00000240 [00079663] X12=0D5C9954 X15=00000000 X00=00000000 bne     a5,zero,12
PC=00000240 [FE042423] X08=00500000 X08=00500000 X00=00000000 sw      zero,-24(s0/fp)
PC=00000244 [00C0006F] X00=00000000 X00=00000000 X12=0D5C9954 jal     zero,12
PC=00000250 [FE442703] X14=0D5C9954 X08=00500000 X04=00000000 lw      a4,-28(s0/fp)
PC=00000254 [FDC42783] X15=1314AA42 X08=00500000 X28=00000000 lw      a5,-36(s0/fp)
PC=00000258 [00F707B3] X15=20714396 X14=0D5C9954 X15=1314AA42 add     a5,a4,a5
PC=0000025C [FEF42223] X04=00000000 X08=00500000 X15=20714396 sw      a5,-28(s0/fp)
PC=00000260 [FE042783] X15=E515EEF1 X08=00500000 X00=00000000 lw      a5,-32(s0/fp)
PC=00000264 [0017D793] X15=728AF778 X15=E515EEF1 X01=000001C0 srli    a5,a5,1
PC=00000268 [FEF42023] X00=00000000 X08=00500000 X15=728AF778 sw      a5,-32(s0/fp)
PC=0000026C [FE442783] X15=20714396 X08=00500000 X04=00000000 lw      a5,-28(s0/fp)
PC=00000270 [0017F793] X15=00000000 X15=20714396 X01=000001C0 andi    a5,a5,1
PC=00000288 [00078A63] X20=00000000 X15=00000000 X00=00000000 beq     a5,zero,20
PC=00000288 [FE442783] X15=20714396 X08=00500000 X04=00000000 lw      a5,-28(s0/fp)
PC=0000028C [0017D793] X15=1038A1CB X15=20714396 X01=000001C0 srli    a5,a5,1
PC=00000290 [FEF42223] X04=00000000 X08=00500000 X15=1038A1CB sw      a5,-28(s0/fp)
PC=00000294 [FE842783] X15=00000000 X08=00500000 X08=00500000 lw      a5,-24(s0/fp)
PC=00000298 [0017F793] X15=00000000 X15=00000000 X01=000001C0 andi    a5,a5,1
PC=000002B0 [00078A63] X20=00000000 X15=00000000 X00=00000000 beq     a5,zero,20
PC=000002B0 [FE842783] X15=00000000 X08=00500000 X08=00500000 lw      a5,-24(s0/fp)
PC=000002B4 [0017D793] X15=00000000 X15=00000000 X01=000001C0 srli    a5,a5,1
PC=000002B8 [FEF42423] X08=00500000 X08=00500000 X15=00000000 sw      a5,-24(s0/fp)
PC=000002BC [FEF44783] X15=00000008 X08=00500000 X15=00000000 lbu     a5,-17(s0/fp)
PC=000002C0 [FFF78793] X15=00000007 X15=00000008 X31=00000000 addi    a5,a5,-1
PC=000002C4 [FEF407A3] X15=00000007 X08=00500000 X15=00000007 sb      a5,-17(s0/fp)
PC=000002C8 [FEF44783] X15=00000007 X08=00500000 X15=00000007 lbu     a5,-17(s0/fp)
PC=00000200 [F2079AE3] X21=00000000 X15=00000007 X00=00000000 bne     a5,zero,-204
PC=00000200 [FE042783] X15=728AF778 X08=00500000 X00=00000000 lw      a5,-32(s0/fp)
PC=00000204 [0017F793] X15=00000000 X15=728AF778 X01=000001C0 andi    a5,a5,1
PC=00000260 [04078C63] X24=00000000 X15=00000000 X00=00000000 beq     a5,zero,88
PC=00000260 [FE042783] X15=728AF778 X08=00500000 X00=00000000 lw      a5,-32(s0/fp)
PC=00000264 [0017D793] X15=39457BBC X15=728AF778 X01=000001C0 srli    a5,a5,1
PC=00000268 [FEF42023] X00=00000000 X08=00500000 X15=39457BBC sw      a5,-32(s0/fp)
PC=0000026C [FE442783] X15=1038A1CB X08=00500000 X04=00000000 lw      a5,-28(s0/fp)
PC=00000270 [0017F793] X15=00000001 X15=1038A1CB X01=000001C0 andi    a5,a5,1
PC=00000278 [00078A63] X20=00000000 X15=00000001 X00=00000000 beq     a5,zero,20
PC=00000278 [FE042703] X14=39457BBC X08=00500000 X00=00000000 lw      a4,-32(s0/fp)
PC=0000027C [800007B7] X15=80000000 X00=00000000 X00=00000000 lui     a5,2147483648
PC=00000280 [00F767B3] X15=B9457BBC X14=39457BBC X15=80000000 or      a5,a4,a5
PC=00000284 [FEF42023] X00=00000000 X08=00500000 X15=B9457BBC sw      a5,-32(s0/fp)
PC=00000288 [FE442783] X15=1038A1CB X08=00500000 X04=00000000 lw      a5,-28(s0/fp)
PC=0000028C [0017D793] X15=081C50E5 X15=1038A1CB X01=000001C0 srli    a5,a5,1
PC=00000290 [FEF42223] X04=00000000 X08=00500000 X15=081C50E5 sw      a5,-28(s0/fp)
PC=00000294 [FE842783] X15=00000000 X08=00500000 X08=00500000 lw      a5,-24(s0/fp)
PC=00000298 [0017F793] X15=00000000 X15=00000000 X01=000001C0 andi    a5,a5,1
PC=000002B0 [00078A63] X20=00000000 X15=00000000 X00=00000000 beq     a5,zero,20
PC=000002B0 [FE842783] X15=00000000 X08=00500000 X08=00500000 lw      a5,-24(s0/fp)
PC=000002B4 [0017D793] X15=00000000 X15=00000000 X01=000001C0 srli    a5,a5,1
PC=000002B8 [FEF42423] X08=00500000 X08=00500000 X15=00000000 sw      a5,-24(s0/fp)
PC=000002BC [FEF44783] X15=00000007 X08=00500000 X15=00000000 lbu     a5,-17(s0/fp)
PC=000002C0 [FFF78793] X15=00000006 X15=00000007 X31=00000000 addi    a5,a5,-1
PC=000002C4 [FEF407A3] X15=00000006 X08=00500000 X15=00000006 sb      a5,-17(s0/fp)
PC=000002C8 [FEF44783] X15=00000006 X08=00500000 X15=00000006 lbu     a5,-17(s0/fp)
PC=00000200 [F2079AE3] X21=00000000 X15=00000006 X00=00000000 bne     a5,zero,-204
PC=00000200 [FE042783] X15=B9457BBC X08=00500000 X00=00000000 lw      a5,-32(s0/fp)
PC=00000204 [0017F793] X15=00000000 X15=B9457BBC X01=000001C0 andi    a5,a5,1
PC=00000260 [04078C63] X24=00000000 X15=00000000 X00=00000000 beq     a5,zero,88
PC=00000260 [FE042783] X15=B9457BBC X08=00500000 X00=00000000 lw      a5,-32(s0/fp)
PC=00000264 [0017D793] X15=5CA2BDDE X15=B9457BBC X01=000001C0 srli    a5,a5,1
PC=00000268 [FEF42023] X00=00000000 X08=00500000 X15=5CA2BDDE sw      a5,-32(s0/fp)
PC=0000026C [FE442783] X15=081C50E5 X08=00500000 X04=00000000 lw      a5,-28(s0/fp)
PC=00000270 [0017F793] X15=00000001 X15=081C50E5 X01=000001C0 andi    a5,a5,1
PC=00000278 [00078A63] X20=00000000 X15=00000001 X00=00000000 beq     a5,zero,20
PC=00000278 [FE042703] X14=5CA2BDDE X08=00500000 X00=00000000 lw      a4,-32(s0/fp)
PC=0000027C [800007B7] X15=80000000 X00=00000000 X00=00000000 lui     a5,2147483648
PC=00000280 [00F767B3] X15=DCA2BDDE X14=5CA2BDDE X15=80000000 or      a5,a4,a5
PC=00000284 [FEF42023] X00=00000000 X08=00500000 X15=DCA2BDDE sw      a5,-32(s0/fp)
PC=00000288 [FE442783] X15=081C50E5 X08=00500000 X04=00000000 lw      a5,-28(s0/fp)
PC=0000028C [0017D793] X15=040E2872 X15=081C50E5 X01=000001C0 srli    a5,a5,1
PC=00000290 [FEF42223] X04=00000000 X08=00500000 X15=040E2872 sw      a5,-28(s0/fp)
PC=00000294 [FE842783] X15=00000000 X08=00500000 X08=00500000 lw      a5,-24(s0/fp)
PC=00000298 [0017F793] X15=00000000 X15=00000000 X01=000001C0 andi    a5,a5,1
PC=000002B0 [00078A63] X20=00000000 X15=00000000 X00=00000000 beq     a5,zero,20
PC=000002B0 [FE842783] X15=00000000 X08=00500000 X08=00500000 lw      a5,-24(s0/fp)
PC=000002B4 [0017D793] X15=00000000 X15=00000000 X01=000001C0 srli    a5,a5,1
PC=000002B8 [FEF42423] X08=00500000 X08=00500000 X15=00000000 sw      a5,-24(s0/fp)
PC=000002BC [FEF44783] X15=00000006 X08=00500000 X15=00000000 lbu     a5,-17(s0/fp)
PC=000002C0 [FFF78793] X15=00000005 X15=00000006 X31=00000000 addi    a5,a5,-1
PC=000002C4 [FEF407A3] X15=00000005 X08=00500000 X15=00000005 sb      a5,-17(s0/fp)
PC=000002C8 [FEF44783] X15=00000005 X08=00500000 X15=00000005 lbu     a5,-17(s0/fp)
PC=00000200 [F2079AE3] X21=00000000 X15=00000005 X00=00000000 bne     a5,zero,-204
PC=00000200 [FE042783] X15=DCA2BDDE X08=00500000 X00=00000000 lw      a5,-32(s0/fp)
PC=00000204 [0017F793] X15=00000000 X15=DCA2BDDE X01=000001C0 andi    a5,a5,1
PC=00000260 [04078C63] X24=00000000 X15=00000000 X00=00000000 beq     a5,zero,88
PC=00000260 [FE042783] X15=DCA2BDDE X08=00500000 X00=00000000 lw      a5,-32(s0/fp)
PC=00000264 [0017D793] X15=6E515EEF X15=DCA2BDDE X01=000001C0 srli    a5,a5,1
PC=00000268 [FEF42023] X00=00000000 X08=00500000 X15=6E515EEF sw      a5,-32(s0/fp)
PC=0000026C [FE442783] X15=040E2872 X08=00500000 X04=00000000 lw      a5,-28(s0/fp)
PC=00000270 [0017F793] X15=00000000 X15=040E2872 X01=000001C0 andi    a5,a5,1
PC=00000288 [00078A63] X20=00000000 X15=00000000 X00=00000000 beq     a5,zero,20
PC=00000288 [FE442783] X15=040E2872 X08=00500000 X04=00000000 lw      a5,-28(s0/fp)
PC=0000028C [0017D793] X15=02071439 X15=040E2872 X01=000001C0 srli    a5,a5,1
PC=00000290 [FEF42223] X04=00000000 X08=00500000 X15=02071439 sw      a5,-28(s0/fp)
PC=00000294 [FE842783] X15=00000000 X08=00500000 X08=00500000 lw      a5,-24(s0/fp)
PC=00000298 [0017F793] X15=00000000 X15=00000000 X01=000001C0 andi    a5,a5,1
PC=000002B0 [00078A63] X20=00000000 X15=00000000 X00=00000000 beq     a5,zero,20
PC=000002B0 [FE842783] X15=00000000 X08=00500000 X08=00500000 lw      a5,-24(s0/fp)
PC=000002B4 [0017D793] X15=00000000 X15=00000000 X01=000001C0 srli    a5,a5,1
PC=000002B8 [FEF42423] X08=00500000 X08=00500000 X15=00000000 sw      a5,-24(s0/fp)
PC=000002BC [FEF44783] X15=00000005 X08=00500000 X15=00000000 lbu     a5,-17(s0/fp)
PC=000002C0 [FFF78793] X15=00000004 X15=00000005 X31=00000000 addi    a5,a5,-1
PC=000002C4 [FEF407A3] X15=00000004 X08=00500000 X15=00000004 sb      a5,-17(s0/fp)
PC=000002C8 [FEF44783] X15=00000004 X08=00500000 X15=00000004 lbu     a5,-17(s0/fp)
PC=00000200 [F2079AE3] X21=00000000 X15=00000004 X00=00000000 bne     a5,zero,-204
PC=00000200 [FE042783] X15=6E515EEF X08=00500000 X00=00000000 lw      a5,-32(s0/fp)
PC=00000204 [0017F793] X15=00000001 X15=6E515EEF X01=000001C0 andi    a5,a5,1
PC=0000020C [04078C63] X24=00000000 X15=00000001 X00=00000000 beq     a5,zero,88
PC=0000020C [FE442783] X15=02071439 X08=00500000 X04=00000000 lw      a5,-28(s0/fp)
PC=00000210 [00078613] X12=02071439 X15=02071439 X00=00000000 addi    a2,a5,0
PC=00000214 [00000693] X13=00000000 X00=00000000 X00=00000000 addi    a3,zero,0
PC=00000218 [FDC42783] X15=1314AA42 X08=00500000 X28=00000000 lw      a5,-36(s0/fp)
PC=0000021C [00078313] X06=1314AA42 X15=1314AA42 X00=00000000 addi    t1,a5,0
PC=00000220 [00000393] X07=00000000 X00=00000000 X00=00000000 addi    t2,zero,0
PC=00000224 [00660733] X14=151BBE7B X12=02071439 X06=1314AA42 add     a4,a2,t1
PC=00000228 [00070F13] X30=151BBE7B X14=151BBE7B X00=00000000 addi    t5,a4,0
PC=0000022C [00CF3F33] X30=00000000 X30=151BBE7B X12=02071439 sltu    t5,t5,a2
PC=00000230 [007687B3] X15=00000000 X13=00000000 X07=00000000 add     a5,a3,t2
PC=00000234 [00FF0F33] X30=00000000 X30=00000000 X15=00000000 add     t5,t5,a5
PC=00000238 [000F0793] X15=00000000 X30=00000000 X00=00000000 addi    a5,t5,0
PC=00000240 [00079663] X12=02071439 X15=00000000 X00=00000000 bne     a5,zero,12
PC=00000240 [FE042423] X08=00500000 X08=00500000 X00=00000000 sw      zero,-24(s0/fp)
PC=00000244 [00C0006F] X00=00000000 X00=00000000 X12=02071439 jal     zero,12
PC=00000250 [FE442703] X14=02071439 X08=00500000 X04=00000000 lw      a4,-28(s0/fp)
PC=00000254 [FDC42783] X15=1314AA42 X08=00500000 X28=00000000 lw      a5,-36(s0/fp)
PC=00000258 [00F707B3] X15=151BBE7B X14=02071439 X15=1314AA42 add     a5,a4,a5
PC=0000025C [FEF42223] X04=00000000 X08=00500000 X15=151BBE7B sw      a5,-28(s0/fp)
PC=00000260 [FE042783] X15=6E515EEF X08=00500000 X00=00000000 lw      a5,-32(s0/fp)
PC=00000264 [0017D793] X15=3728AF77 X15=6E515EEF X01=000001C0 srli    a5,a5,1
PC=00000268 [FEF42023] X00=00000000 X08=00500000 X15=3728AF77 sw      a5,-32(s0/fp)
PC=0000026C [FE442783] X15=151BBE7B X08=00500000 X04=00000000 lw      a5,-28(s0/fp)
PC=00000270 [0017F793] X15=00000001 X15=151BBE7B X01=000001C0 andi    a5,a5,1
PC=00000278 [00078A63] X20=00000000 X15=00000001 X00=00000000 beq     a5,zero,20
PC=00000278 [FE042703] X14=3728AF77 X08=00500000 X00=00000000 lw      a4,-32(s0/fp)
PC=0000027C [800007B7] X15=80000000 X00=00000000 X00=00000000 lui     a5,2147483648
PC=00000280 [00F767B3] X15=B728AF77 X14=3728AF77 X15=80000000 or      a5,a4,a5
PC=00000284 [FEF42023] X00=00000000 X08=00500000 X15=B728AF77 sw      a5,-32(s0/fp)
PC=00000288 [FE442783] X15=151BBE7B X08=00500000 X04=00000000 lw      a5,-28(s0/fp)
PC=0000028C [0017D793] X15=0A8DDF3D X15=151BBE7B X01=000001C0 srli    a5,a5,1
PC=00000290 [FEF42223] X04=00000000 X08=00500000 X15=0A8DDF3D sw      a5,-28(s0/fp)
PC=00000294 [FE842783] X15=00000000 X08=00500000 X08=00500000 lw      a5,-24(s0/fp)
PC=00000298 [0017F793] X15=00000000 X15=00000000 X01=000001C0 andi    a5,a5,1
PC=000002B0 [00078A63] X20=00000000 X15=00000000 X00=00000000 beq     a5,zero,20
PC=000002B0 [FE842783] X15=00000000 X08=00500000 X08=00500000 lw      a5,-24(s0/fp)
PC=000002B4 [0017D793] X15=00000000 X15=00000000 X01=000001C0 srli    a5,a5,1
PC=000002B8 [FEF42423] X08=00500000 X08=00500000 X15=00000000 sw      a5,-24(s0/fp)
PC=000002BC [FEF44783] X15=00000004 X08=00500000 X15=00000000 lbu     a5,-17(s0/fp)
PC=000002C0 [FFF78793] X15=00000003 X15=00000004 X31=00000000 addi    a5,a5,-1
PC=000002C4 [FEF407A3] X15=00000003 X08=00500000 X15=00000003 sb      a5,-17(s0/fp)
PC=000002C8 [FEF44783] X15=00000003 X08=00500000 X15=00000003 lbu     a5,-17(s0/fp)
PC=00000200 [F2079AE3] X21=00000000 X15=00000003 X00=00000000 bne     a5,zero,-204
PC=00000200 [FE042783] X15=B728AF77 X08=00500000 X00=00000000 lw      a5,-32(s0/fp)
PC=00000204 [0017F793] X15=00000001 X15=B728AF77 X01=000001C0 andi    a5,a5,1
PC=0000020C [04078C63] X24=00000000 X15=00000001 X00=00000000 beq     a5,zero,88
PC=0000020C [FE442783] X15=0A8DDF3D X08=00500000 X04=00000000 lw      a5,-28(s0/fp)
PC=00000210 [00078613] X12=0A8DDF3D X15=0A8DDF3D X00=00000000 addi    a2,a5,0
PC=00000214 [00000693] X13=00000000 X00=00000000 X00=00000000 addi    a3,zero,0
PC=00000218 [FDC42783] X15=1314AA42 X08=00500000 X28=00000000 lw      a5,-36(s0/fp)
PC=0000021C [00078313] X06=1314AA42 X15=1314AA42 X00=00000000 addi    t1,a5,0
PC=00000220 [00000393] X07=00000000 X00=00000000 X00=00000000 addi    t2,zero,0
PC=00000224 [00660733] X14=1DA2897F X12=0A8DDF3D X06=1314AA42 add     a4,a2,t1
PC=00000228 [00070F13] X30=1DA2897F X14=1DA2897F X00=00000000 addi    t5,a4,0
PC=0000022C [00CF3F33] X30=00000000 X30=1DA2897F X12=0A8DDF3D sltu    t5,t5,a2
PC=00000230 [007687B3] X15=00000000 X13=00000000 X07=00000000 add     a5,a3,t2
PC=00000234 [00FF0F33] X30=00000000 X30=00000000 X15=00000000 add     t5,t5,a5
PC=00000238 [000F0793] X15=00000000 X30=00000000 X00=00000000 addi    a5,t5,0
PC=00000240 [00079663] X12=0A8DDF3D X15=00000000 X00=00000000 bne     a5,zero,12
PC=00000240 [FE042423] X08=00500000 X08=00500000 X00=00000000 sw      zero,-24(s0/fp)
PC=00000244 [00C0006F] X00=00000000 X00=00000000 X12=0A8DDF3D jal     zero,12
PC=00000250 [FE442703] X14=0A8DDF3D X08=00500000 X04=00000000 lw      a4,-28(s0/fp)
PC=00000254 [FDC42783] X15=1314AA42 X08=00500000 X28=00000000 lw      a5,-36(s0/fp)
PC=00000258 [00F707B3] X15=1DA2897F X14=0A8DDF3D X15=1314AA42 add     a5,a4,a5
PC=0000025C [FEF42223] X04=00000000 X08=00500000 X15=1DA2897F sw      a5,-28(s0/fp)
PC=00000260 [FE042783] X15=B728AF77 X08=00500000 X00=00000000 lw      a5,-32(s0/fp)
PC=00000264 [0017D793] X15=5B9457BB X15=B728AF77 X01=000001C0 srli    a5,a5,1
PC=00000268 [FEF42023] X00=00000000 X08=00500000 X15=5B9457BB sw      a5,-32(s0/fp)
PC=0000026C [FE442783] X15=1DA2897F X08=00500000 X04=00000000 lw      a5,-28(s0/fp)
PC=00000270 [0017F793] X15=00000001 X15=1DA2897F X01=000001C0 andi    a5,a5,1
PC=00000278 [00078A63] X20=00000000 X15=00000001 X00=00000000 beq     a5,zero,20
PC=00000278 [FE042703] X14=5B9457BB X08=00500000 X00=00000000 lw      a4,-32(s0/fp)
PC=0000027C [800007B7] X15=80000000 X00=00000000 X00=00000000 lui     a5,2147483648
PC=00000280 [00F767B3] X15=DB9457BB X14=5B9457BB X15=80000000 or      a5,a4,a5
PC=00000284 [FEF42023] X00=00000000 X08=00500000 X15=DB9457BB sw      a5,-32(s0/fp)
PC=00000288 [FE442783] X15=1DA2897F X08=00500000 X04=00000000 lw      a5,-28(s0/fp)
PC=0000028C [0017D793] X15=0ED144BF X15=1DA2897F X01=000001C0 srli    a5,a5,1
PC=00000290 [FEF42223] X04=00000000 X08=00500000 X15=0ED144BF sw      a5,-28(s0/fp)
PC=00000294 [FE842783] X15=00000000 X08=00500000 X08=00500000 lw      a5,-24(s0/fp)
PC=00000298 [0017F793] X15=00000000 X15=00000000 X01=000001C0 andi    a5,a5,1
PC=000002B0 [00078A63] X20=00000000 X15=00000000 X00=00000000 beq     a5,zero,20
PC=000002B0 [FE842783] X15=00000000 X08=00500000 X08=00500000 lw      a5,-24(s0/fp)
PC=000002B4 [0017D793] X15=00000000 X15=00000000 X01=000001C0 srli    a5,a5,1
PC=000002B8 [FEF42423] X08=00500000 X08=00500000 X15=00000000 sw      a5,-24(s0/fp)
PC=000002BC [FEF44783] X15=00000003 X08=00500000 X15=00000000 lbu     a5,-17(s0/fp)
PC=000002C0 [FFF78793] X15=00000002 X15=00000003 X31=00000000 addi    a5,a5,-1
PC=000002C4 [FEF407A3] X15=00000002 X08=00500000 X15=00000002 sb      a5,-17(s0/fp)
PC=000002C8 [FEF44783] X15=00000002 X08=00500000 X15=00000002 lbu     a5,-17(s0/fp)
PC=00000200 [F2079AE3] X21=00000000 X15=00000002 X00=00000000 bne     a5,zero,-204
PC=00000200 [FE042783] X15=DB9457BB X08=00500000 X00=00000000 lw      a5,-32(s0/fp)
PC=00000204 [0017F793] X15=00000001 X15=DB9457BB X01=000001C0 andi    a5,a5,1
PC=0000020C [04078C63] X24=00000000 X15=00000001 X00=00000000 beq     a5,zero,88
PC=0000020C [FE442783] X15=0ED144BF X08=00500000 X04=00000000 lw      a5,-28(s0/fp)
PC=00000210 [00078613] X12=0ED144BF X15=0ED144BF X00=00000000 addi    a2,a5,0
PC=00000214 [00000693] X13=00000000 X00=00000000 X00=00000000 addi    a3,zero,0
PC=00000218 [FDC42783] X15=1314AA42 X08=00500000 X28=00000000 lw      a5,-36(s0/fp)
PC=0000021C [00078313] X06=1314AA42 X15=1314AA42 X00=00000000 addi    t1,a5,0
PC=00000220 [00000393] X07=00000000 X00=00000000 X00=00000000 addi    t2,zero,0
PC=00000224 [00660733] X14=21E5EF01 X12=0ED144BF X06=1314AA42 add     a4,a2,t1
PC=00000228 [00070F13] X30=21E5EF01 X14=21E5EF01 X00=00000000 addi    t5,a4,0
PC=0000022C [00CF3F33] X30=00000000 X30=21E5EF01 X12=0ED144BF sltu    t5,t5,a2
PC=00000230 [007687B3] X15=00000000 X13=00000000 X07=00000000 add     a5,a3,t2
PC=00000234 [00FF0F33] X30=00000000 X30=00000000 X15=00000000 add     t5,t5,a5
PC=00000238 [000F0793] X15=00000000 X30=00000000 X00=00000000 addi    a5,t5,0
PC=00000240 [00079663] X12=0ED144BF X15=00000000 X00=00000000 bne     a5,zero,12
PC=00000240 [FE042423] X08=00500000 X08=00500000 X00=00000000 sw      zero,-24(s0/fp)
PC=00000244 [00C0006F] X00=00000000 X00=00000000 X12=0ED144BF jal     zero,12
PC=00000250 [FE442703] X14=0ED144BF X08=00500000 X04=00000000 lw      a4,-28(s0/fp)
PC=00000254 [FDC42783] X15=1314AA42 X08=00500000 X28=00000000 lw      a5,-36(s0/fp)
PC=00000258 [00F707B3] X15=21E5EF01 X14=0ED144BF X15=1314AA42 add     a5,a4,a5
PC=0000025C [FEF42223] X04=00000000 X08=00500000 X15=21E5EF01 sw      a5,-28(s0/fp)
PC=00000260 [FE042783] X15=DB9457BB X08=00500000 X00=00000000 lw      a5,-32(s0/fp)
PC=00000264 [0017D793] X15=6DCA2BDD X15=DB9457BB X01=000001C0 srli    a5,a5,1
PC=00000268 [FEF42023] X00=00000000 X08=00500000 X15=6DCA2BDD sw      a5,-32(s0/fp)
PC=0000026C [FE442783] X15=21E5EF01 X08=00500000 X04=00000000 lw      a5,-28(s0/fp)
PC=00000270 [0017F793] X15=00000001 X15=21E5EF01 X01=000001C0 andi    a5,a5,1
PC=00000278 [00078A63] X20=00000000 X15=00000001 X00=00000000 beq     a5,zero,20
PC=00000278 [FE042703] X14=6DCA2BDD X08=00500000 X00=00000000 lw      a4,-32(s0/fp)
PC=0000027C [800007B7] X15=80000000 X00=00000000 X00=00000000 lui     a5,2147483648
PC=00000280 [00F767B3] X15=EDCA2BDD X14=6DCA2BDD X15=80000000 or      a5,a4,a5
PC=00000284 [FEF42023] X00=00000000 X08=00500000 X15=EDCA2BDD sw      a5,-32(s0/fp)
PC=00000288 [FE442783] X15=21E5EF01 X08=00500000 X04=00000000 lw      a5,-28(s0/fp)
PC=0000028C [0017D793] X15=10F2F780 X15=21E5EF01 X01=000001C0 srli    a5,a5,1
PC=00000290 [FEF42223] X04=00000000 X08=00500000 X15=10F2F780 sw      a5,-28(s0/fp)
PC=00000294 [FE842783] X15=00000000 X08=00500000 X08=00500000 lw      a5,-24(s0/fp)
PC=00000298 [0017F793] X15=00000000 X15=00000000 X01=000001C0 andi    a5,a5,1
PC=000002B0 [00078A63] X20=00000000 X15=00000000 X00=00000000 beq     a5,zero,20
PC=000002B0 [FE842783] X15=00000000 X08=00500000 X08=00500000 lw      a5,-24(s0/fp)
PC=000002B4 [0017D793] X15=00000000 X15=00000000 X01=000001C0 srli    a5,a5,1
PC=000002B8 [FEF42423] X08=00500000 X08=00500000 X15=00000000 sw      a5,-24(s0/fp)
PC=000002BC [FEF44783] X15=00000002 X08=00500000 X15=00000000 lbu     a5,-17(s0/fp)
PC=000002C0 [FFF78793] X15=00000001 X15=00000002 X31=00000000 addi    a5,a5,-1
PC=000002C4 [FEF407A3] X15=00000001 X08=00500000 X15=00000001 sb      a5,-17(s0/fp)
PC=000002C8 [FEF44783] X15=00000001 X08=00500000 X15=00000001 lbu     a5,-17(s0/fp)
PC=00000200 [F2079AE3] X21=00000000 X15=00000001 X00=00000000 bne     a5,zero,-204
PC=00000200 [FE042783] X15=EDCA2BDD X08=00500000 X00=00000000 lw      a5,-32(s0/fp)
PC=00000204 [0017F793] X15=00000001 X15=EDCA2BDD X01=000001C0 andi    a5,a5,1
PC=0000020C [04078C63] X24=00000000 X15=00000001 X00=00000000 beq     a5,zero,88
PC=0000020C [FE442783] X15=10F2F780 X08=00500000 X04=00000000 lw      a5,-28(s0/fp)
PC=00000210 [00078613] X12=10F2F780 X15=10F2F780 X00=00000000 addi    a2,a5,0
PC=00000214 [00000693] X13=00000000 X00=00000000 X00=00000000 addi    a3,zero,0
PC=00000218 [FDC42783] X15=1314AA42 X08=00500000 X28=00000000 lw      a5,-36(s0/fp)
PC=0000021C [00078313] X06=1314AA42 X15=1314AA42 X00=00000000 addi    t1,a5,0
PC=00000220 [00000393] X07=00000000 X00=00000000 X00=00000000 addi    t2,zero,0
PC=00000224 [00660733] X14=2407A1C2 X12=10F2F780 X06=1314AA42 add     a4,a2,t1
PC=00000228 [00070F13] X30=2407A1C2 X14=2407A1C2 X00=00000000 addi    t5,a4,0
PC=0000022C [00CF3F33] X30=00000000 X30=2407A1C2 X12=10F2F780 sltu    t5,t5,a2
PC=00000230 [007687B3] X15=00000000 X13=00000000 X07=00000000 add     a5,a3,t2
PC=00000234 [00FF0F33] X30=00000000 X30=00000000 X15=00000000 add     t5,t5,a5
PC=00000238 [000F0793] X15=00000000 X30=00000000 X00=00000000 addi    a5,t5,0
PC=00000240 [00079663] X12=10F2F780 X15=00000000 X00=00000000 bne     a5,zero,12
PC=00000240 [FE042423] X08=00500000 X08=00500000 X00=00000000 sw      zero,-24(s0/fp)
PC=00000244 [00C0006F] X00=00000000 X00=00000000 X12=10F2F780 jal     zero,12
PC=00000250 [FE442703] X14=10F2F780 X08=00500000 X04=00000000 lw      a4,-28(s0/fp)
PC=00000254 [FDC42783] X15=1314AA42 X08=00500000 X28=00000000 lw      a5,-36(s0/fp)
PC=00000258 [00F707B3] X15=2407A1C2 X14=10F2F780 X15=1314AA42 add     a5,a4,a5
PC=0000025C [FEF42223] X04=00000000 X08=00500000 X15=2407A1C2 sw      a5,-28(s0/fp)
PC=00000260 [FE042783] X15=EDCA2BDD X08=00500000 X00=00000000 lw      a5,-32(s0/fp)
PC=00000264 [0017D793] X15=76E515EE X15=EDCA2BDD X01=000001C0 srli    a5,a5,1
PC=00000268 [FEF42023] X00=00000000 X08=00500000 X15=76E515EE sw      a5,-32(s0/fp)
PC=0000026C [FE442783] X15=2407A1C2 X08=00500000 X04=00000000 lw      a5,-28(s0/fp)
PC=00000270 [0017F793] X15=00000000 X15=2407A1C2 X01=000001C0 andi    a5,a5,1
PC=00000288 [00078A63] X20=00000000 X15=00000000 X00=00000000 beq     a5,zero,20
PC=00000288 [FE442783] X15=2407A1C2 X08=00500000 X04=00000000 lw      a5,-28(s0/fp)
PC=0000028C [0017D793] X15=1203D0E1 X15=2407A1C2 X01=000001C0 srli    a5,a5,1
PC=00000290 [FEF42223] X04=00000000 X08=00500000 X15=1203D0E1 sw      a5,-28(s0/fp)
PC=00000294 [FE842783] X15=00000000 X08=00500000 X08=00500000 lw      a5,-24(s0/fp)
PC=00000298 [0017F793] X15=00000000 X15=00000000 X01=000001C0 andi    a5,a5,1
PC=000002B0 [00078A63] X20=00000000 X15=00000000 X00=00000000 beq     a5,zero,20
PC=000002B0 [FE842783] X15=00000000 X08=00500000 X08=00500000 lw      a5,-24(s0/fp)
PC=000002B4 [0017D793] X15=00000000 X15=00000000 X01=000001C0 srli    a5,a5,1
PC=000002B8 [FEF42423] X08=00500000 X08=00500000 X15=00000000 sw      a5,-24(s0/fp)
PC=000002BC [FEF44783] X15=00000001 X08=00500000 X15=00000000 lbu     a5,-17(s0/fp)
PC=000002C0 [FFF78793] X15=00000000 X15=00000001 X31=00000000 addi    a5,a5,-1
PC=000002C4 [FEF407A3] X15=00000000 X08=00500000 X15=00000000 sb      a5,-17(s0/fp)
PC=000002C8 [FEF44783] X15=00000000 X08=00500000 X15=00000000 lbu     a5,-17(s0/fp)
PC=000002D0 [F2079AE3] X21=00000000 X15=00000000 X00=00000000 bne     a5,zero,-204
PC=000002D0 [00000693] X13=00000000 X00=00000000 X00=00000000 addi    a3,zero,0
PC=000002D4 [00000713] X14=00000000 X00=00000000 X00=00000000 addi    a4,zero,0
PC=000002D8 [FCD42823] X16=00000000 X08=00500000 X13=00000000 sw      a3,-48(s0/fp)
PC=000002DC [FCE42A23] X20=00000000 X08=00500000 X14=00000000 sw      a4,-44(s0/fp)
PC=000002E0 [FE442783] X15=1203D0E1 X08=00500000 X04=00000000 lw      a5,-28(s0/fp)
PC=000002E4 [00078E13] X28=1203D0E1 X15=1203D0E1 X00=00000000 addi    t3,a5,0
PC=000002E8 [00000E93] X29=00000000 X00=00000000 X00=00000000 addi    t4,zero,0
PC=000002EC [000E1593] X11=1203D0E1 X28=1203D0E1 X00=00000000 slli    a1,t3,0
PC=000002F0 [00000513] X10=00000000 X00=00000000 X00=00000000 addi    a0,zero,0
PC=000002F4 [FE042783] X15=76E515EE X08=00500000 X00=00000000 lw      a5,-32(s0/fp)
PC=000002F8 [00078813] X16=76E515EE X15=76E515EE X00=00000000 addi    a6,a5,0
PC=000002FC [00000893] X17=00000000 X00=00000000 X00=00000000 addi    a7,zero,0
PC=00000300 [010567B3] X15=76E515EE X10=00000000 X16=76E515EE or      a5,a0,a6
PC=00000304 [FCF42823] X16=76E515EE X08=00500000 X15=76E515EE sw      a5,-48(s0/fp)
PC=00000308 [0115E7B3] X15=1203D0E1 X11=1203D0E1 X17=00000000 or      a5,a1,a7
PC=0000030C [FCF42A23] X20=00000000 X08=00500000 X15=1203D0E1 sw      a5,-44(s0/fp)
PC=00000310 [FCD42823] X16=76E515EE X08=00500000 X13=00000000 sw      a3,-48(s0/fp)
PC=00000314 [FCE42A23] X20=00000000 X08=00500000 X14=00000000 sw      a4,-44(s0/fp)
PC=00000318 [00000793] X15=00000000 X00=00000000 X00=00000000 addi    a5,zero,0
PC=0000031C [00078513] X10=00000000 X15=00000000 X00=00000000 addi    a0,a5,0
PC=00000320 [02C12403] X08=00000000 X02=004FFFD0 X12=10F2F780 lw      s0/fp,44(sp)
PC=00000324 [03010113] X02=00500000 X02=004FFFD0 X16=76E515EE addi    sp,sp,48
PC=00000328 [00008067] X00=00000000 X01=000001C0 X00=00000000 jalr    zero,ra,0
PC=000001C0 [200002B7] X05=20000000 X00=00000000 X00=00000000 lui     t0,536870912
PC=000001C4 [00100073] X00=00000000 X00=00000000 X01=000001C0 ebreak  