PC=000001B8 [00500137] X02=00500000 X00=00000000 X05=00000000 lui     sp,5242880
PC=000001BC [00C000EF] X01=000001C0 X00=00000000 X12=00000000 jal     ra,12
PC=000001C8 [FC010113] X02=004FFFC0 X02=00500000 X00=00000000 addi    sp,sp,-64
PC=000001CC [02812E23] X28=00000000 X02=004FFFC0 X08=00000000 sw      s0/fp,60(sp)
PC=000001D0 [04010413] X08=00500000 X02=004FFFC0 X00=00000000 addi    s0/fp,sp,64
PC=000001D4 [02000313] X06=00000020 X00=00000000 X00=00000000 addi    t1,zero,32
PC=000001D8 [FE6407A3] X15=00000000 X08=00500000 X06=00000020 sb      t1,-17(s0/fp)
PC=000001DC [82348337] X06=82348000 X09=00000000 X03=00000000 lui     t1,2184478720
PC=000001E0 [24330313] X06=82348243 X06=82348000 X03=00000000 addi    t1,t1,579
PC=000001E4 [FC642E23] X28=00000000 X08=00500000 X06=82348243 sw      t1,-36(s0/fp)
PC=000001E8 [41379337] X06=41379000 X15=00000000 X19=00000000 lui     t1,1094160384
PC=000001EC [97230313] X06=41378972 X06=41379000 X18=00000000 addi    t1,t1,-1678
PC=000001F0 [FE642223] X04=00000000 X08=00500000 X06=41378972 sw      t1,-28(s0/fp)
PC=000001F4 [FE042023] X00=00000000 X08=00500000 X00=00000000 sw      zero,-32(s0/fp)
PC=000001F8 [FE042423] X08=00500000 X08=00500000 X00=00000000 sw      zero,-24(s0/fp)
PC=000001FC [1280006F] X00=00000000 X00=00000000 X08=00500000 jal     zero,296
PC=00000324 [FEF44303] X06=00000020 X08=00500000 X15=00000000 lbu     t1,-17(s0/fp)
PC=00000200 [EC031CE3] X25=00000000 X06=00000020 X00=00000000 bne     t1,zero,-296
PC=00000200 [FE442303] X06=41378972 X08=00500000 X04=00000000 lw      t1,-28(s0/fp)
PC=00000204 [00131313] X06=826F12E4 X06=41378972 X01=000001C0 slli    t1,t1,1
PC=00000208 [00237E13] X28=00000000 X06=826F12E4 X02=004FFFC0 andi    t3,t1,2
PC=0000020C [FE042303] X06=00000000 X08=00500000 X00=00000000 lw      t1,-32(s0/fp)
PC=00000210 [00137313] X06=00000000 X06=00000000 X01=000001C0 andi    t1,t1,1
PC=00000214 [006E6333] X06=00000000 X28=00000000 X06=00000000 or      t1,t3,t1
PC=00000218 [FC642623] X12=00000000 X08=00500000 X06=00000000 sw      t1,-52(s0/fp)
PC=0000021C [FCC42E03] X28=00000000 X08=00500000 X12=00000000 lw      t3,-52(s0/fp)
PC=00000220 [00300313] X06=00000003 X00=00000000 X03=00000000 addi    t1,zero,3
PC=00000228 [066E0463] X08=00500000 X28=00000000 X06=00000003 beq     t3,t1,104
PC=00000228 [FCC42E03] X28=00000000 X08=00500000 X12=00000000 lw      t3,-52(s0/fp)
PC=0000022C [00300313] X06=00000003 X00=00000000 X03=00000000 addi    t1,zero,3
PC=00000234 [07C36063] X00=00000000 X06=00000003 X28=00000000 bltu    t1,t3,96
PC=00000234 [FCC42E03] X28=00000000 X08=00500000 X12=00000000 lw      t3,-52(s0/fp)
PC=00000238 [00200313] X06=00000002 X00=00000000 X02=004FFFC0 addi    t1,zero,2
PC=00000240 [026E0463] X08=00500000 X28=00000000 X06=00000002 beq     t3,t1,40
PC=00000240 [FCC42E03] X28=00000000 X08=00500000 X12=00000000 lw      t3,-52(s0/fp)
PC=00000244 [00200313] X06=00000002 X00=00000000 X02=004FFFC0 addi    t1,zero,2
PC=0000024C [05C36463] X08=00500000 X06=00000002 X28=00000000 bltu    t1,t3,72
PC=0000024C [FCC42303] X06=00000000 X08=00500000 X12=00000000 lw      t1,-52(s0/fp)
PC=0000028C [02030E63] X28=00000000 X06=00000000 X00=00000000 beq     t1,zero,60
PC=0000028C [00000013] X00=00000000 X00=00000000 X00=00000000 addi    zero,zero,0
PC=00000290 [FE442303] X06=41378972 X08=00500000 X04=00000000 lw      t1,-28(s0/fp)
PC=00000294 [00137313] X06=00000000 X06=41378972 X01=000001C0 andi    t1,t1,1
PC=000002A8 [00030863] X16=00000000 X06=00000000 X00=00000000 beq     t1,zero,16
PC=000002A8 [FE042023] X00=00000000 X08=00500000 X00=00000000 sw      zero,-32(s0/fp)
PC=000002AC [FE442303] X06=41378972 X08=00500000 X04=00000000 lw      t1,-28(s0/fp)
PC=000002B0 [00135313] X06=209BC4B9 X06=41378972 X01=000001C0 srli    t1,t1,1
PC=000002B4 [FE642223] X04=00000000 X08=00500000 X06=209BC4B9 sw      t1,-28(s0/fp)
PC=000002B8 [FE842303] X06=00000000 X08=00500000 X08=00500000 lw      t1,-24(s0/fp)
PC=000002BC [00137313] X06=00000000 X06=00000000 X01=000001C0 andi    t1,t1,1
PC=000002D8 [00030C63] X24=00000000 X06=00000000 X00=00000000 beq     t1,zero,24
PC=000002D8 [FE442E03] X28=209BC4B9 X08=00500000 X04=00000000 lw      t3,-28(s0/fp)
PC=000002DC [80000337] X06=80000000 X00=00000000 X00=00000000 lui     t1,2147483648
PC=000002E0 [FFF34313] X06=7FFFFFFF X06=80000000 X31=00000000 xori    t1,t1,-1
PC=000002E4 [006E7333] X06=209BC4B9 X28=209BC4B9 X06=7FFFFFFF and     t1,t3,t1
PC=000002E8 [FE642223] X04=00000000 X08=00500000 X06=209BC4B9 sw      t1,-28(s0/fp)
PC=000002EC [FE842303] X06=00000000 X08=00500000 X08=00500000 lw      t1,-24(s0/fp)
PC=000002F0 [00135313] X06=00000000 X06=00000000 X01=000001C0 srli    t1,t1,1
PC=000002F4 [FE642423] X08=00500000 X08=00500000 X06=00000000 sw      t1,-24(s0/fp)
PC=000002F8 [FE842E03] X28=00000000 X08=00500000 X08=00500000 lw      t3,-24(s0/fp)
PC=000002FC [40000337] X06=40000000 X00=00000000 X00=00000000 lui     t1,1073741824
PC=00000300 [006E7333] X06=00000000 X28=00000000 X06=40000000 and     t1,t3,t1
PC=00000318 [00030A63] X20=00000000 X06=00000000 X00=00000000 beq     t1,zero,20
PC=00000318 [FEF44303] X06=00000020 X08=00500000 X15=00000000 lbu     t1,-17(s0/fp)
PC=0000031C [FFF30313] X06=0000001F X06=00000020 X31=00000000 addi    t1,t1,-1
PC=00000320 [FE6407A3] X15=00000000 X08=00500000 X06=0000001F sb      t1,-17(s0/fp)
PC=00000324 [FEF44303] X06=0000001F X08=00500000 X15=00000000 lbu     t1,-17(s0/fp)
PC=00000200 [EC031CE3] X25=00000000 X06=0000001F X00=00000000 bne     t1,zero,-296
PC=00000200 [FE442303] X06=209BC4B9 X08=00500000 X04=00000000 lw      t1,-28(s0/fp)
PC=00000204 [00131313] X06=41378972 X06=209BC4B9 X01=000001C0 slli    t1,t1,1
PC=00000208 [00237E13] X28=00000002 X06=41378972 X02=004FFFC0 andi    t3,t1,2
PC=0000020C [FE042303] X06=00000000 X08=00500000 X00=00000000 lw      t1,-32(s0/fp)
PC=00000210 [00137313] X06=00000000 X06=00000000 X01=000001C0 andi    t1,t1,1
PC=00000214 [006E6333] X06=00000002 X28=00000002 X06=00000000 or      t1,t3,t1
PC=00000218 [FC642623] X12=00000000 X08=00500000 X06=00000002 sw      t1,-52(s0/fp)
PC=0000021C [FCC42E03] X28=00000002 X08=00500000 X12=00000000 lw      t3,-52(s0/fp)
PC=00000220 [00300313] X06=00000003 X00=00000000 X03=00000000 addi    t1,zero,3
PC=00000228 [066E0463] X08=00500000 X28=00000002 X06=00000003 beq     t3,t1,104
PC=00000228 [FCC42E03] X28=00000002 X08=00500000 X12=00000000 lw      t3,-52(s0/fp)
PC=0000022C [00300313] X06=00000003 X00=00000000 X03=00000000 addi    t1,zero,3
PC=00000234 [07C36063] X00=00000000 X06=00000003 X28=00000002 bltu    t1,t3,96
PC=00000234 [FCC42E03] X28=00000002 X08=00500000 X12=00000000 lw      t3,-52(s0/fp)
PC=00000238 [00200313] X06=00000002 X00=00000000 X02=004FFFC0 addi    t1,zero,2
PC=00000264 [026E0463] X08=00500000 X28=00000002 X06=00000002 beq     t3,t1,40
PC=00000264 [FE842E03] X28=00000000 X08=00500000 X08=00500000 lw      t3,-24(s0/fp)
PC=00000268 [FDC42303] X06=82348243 X08=00500000 X28=00000000 lw      t1,-36(s0/fp)
PC=0000026C [406E0333] X06=7DCB7DBD X28=00000000 X06=82348243 sub     t1,t3,t1
PC=00000270 [FE642423] X08=00500000 X08=00500000 X06=7DCB7DBD sw      t1,-24(s0/fp)
PC=00000274 [01C0006F] X00=00000000 X00=00000000 X28=00000000 jal     zero,28
PC=00000290 [FE442303] X06=209BC4B9 X08=00500000 X04=00000000 lw      t1,-28(s0/fp)
PC=00000294 [00137313] X06=00000001 X06=209BC4B9 X01=000001C0 andi    t1,t1,1
PC=0000029C [00030863] X16=00000000 X06=00000001 X00=00000000 beq     t1,zero,16
PC=0000029C [00100313] X06=00000001 X00=00000000 X01=000001C0 addi    t1,zero,1
PC=000002A0 [FE642023] X00=00000000 X08=00500000 X06=00000001 sw      t1,-32(s0/fp)
PC=000002A4 [0080006F] X00=00000000 X00=00000000 X08=00500000 jal     zero,8
PC=000002AC [FE442303] X06=209BC4B9 X08=00500000 X04=00000000 lw      t1,-28(s0/fp)
PC=000002B0 [00135313] X06=104DE25C X06=209BC4B9 X01=000001C0 srli    t1,t1,1
PC=000002B4 [FE642223] X04=00000000 X08=00500000 X06=104DE25C sw      t1,-28(s0/fp)
PC=000002B8 [FE842303] X06=7DCB7DBD X08=00500000 X08=00500000 lw      t1,-24(s0/fp)
PC=000002BC [00137313] X06=00000001 X06=7DCB7DBD X01=000001C0 andi    t1,t1,1
PC=000002C4 [00030C63] X24=00000000 X06=00000001 X00=00000000 beq     t1,zero,24
PC=000002C4 [FE442E03] X28=104DE25C X08=00500000 X04=00000000 lw      t3,-28(s0/fp)
PC=000002C8 [80000337] X06=80000000 X00=00000000 X00=00000000 lui     t1,2147483648
PC=000002CC [006E6333] X06=904DE25C X28=104DE25C X06=80000000 or      t1,t3,t1
PC=000002D0 [FE642223] X04=00000000 X08=00500000 X06=904DE25C sw      t1,-28(s0/fp)
PC=000002D4 [0180006F] X00=00000000 X00=00000000 X24=00000000 jal     zero,24
PC=000002EC [FE842303] X06=7DCB7DBD X08=00500000 X08=00500000 lw      t1,-24(s0/fp)
PC=000002F0 [00135313] X06=3EE5BEDE X06=7DCB7DBD X01=000001C0 srli    t1,t1,1
PC=000002F4 [FE642423] X08=00500000 X08=00500000 X06=3EE5BEDE sw      t1,-24(s0/fp)
PC=000002F8 [FE842E03] X28=3EE5BEDE X08=00500000 X08=00500000 lw      t3,-24(s0/fp)
PC=000002FC [40000337] X06=40000000 X00=00000000 X00=00000000 lui     t1,1073741824
PC=00000300 [006E7333] X06=00000000 X28=3EE5BEDE X06=40000000 and     t1,t3,t1
PC=00000318 [00030A63] X20=00000000 X06=00000000 X00=00000000 beq     t1,zero,20
PC=00000318 [FEF44303] X06=0000001F X08=00500000 X15=00000000 lbu     t1,-17(s0/fp)
PC=0000031C [FFF30313] X06=0000001E X06=0000001F X31=00000000 addi    t1,t1,-1
PC=00000320 [FE6407A3] X15=00000000 X08=00500000 X06=0000001E sb      t1,-17(s0/fp)
PC=00000324 [FEF44303] X06=0000001E X08=00500000 X15=00000000 lbu     t1,-17(s0/fp)
PC=00000200 [EC031CE3] X25=00000000 X06=0000001E X00=00000000 bne     t1,zero,-296
PC=00000200 [FE442303] X06=904DE25C X08=00500000 X04=00000000 lw      t1,-28(s0/fp)
PC=00000204 [00131313] X06=209BC4B8 X06=904DE25C X01=000001C0 slli    t1,t1,1
PC=00000208 [00237E13] X28=00000000 X06=209BC4B8 X02=004FFFC0 andi    t3,t1,2
PC=0000020C [FE042303] X06=00000001 X08=00500000 X00=00000000 lw      t1,-32(s0/fp)
PC=00000210 [00137313] X06=00000001 X06=00000001 X01=000001C0 andi    t1,t1,1
PC=00000214 [006E6333] X06=00000001 X28=00000000 X06=00000001 or      t1,t3,t1
PC=00000218 [FC642623] X12=00000000 X08=00500000 X06=00000001 sw      t1,-52(s0/fp)
PC=0000021C [FCC42E03] X28=00000001 X08=00500000 X12=00000000 lw      t3,-52(s0/fp)
PC=00000220 [00300313] X06=00000003 X00=00000000 X03=00000000 addi    t1,zero,3
PC=00000228 [066E0463] X08=00500000 X28=00000001 X06=00000003 beq     t3,t1,104
PC=00000228 [FCC42E03] X28=00000001 X08=00500000 X12=00000000 lw      t3,-52(s0/fp)
PC=0000022C [00300313] X06=00000003 X00=00000000 X03=00000000 addi    t1,zero,3
PC=00000234 [07C36063] X00=00000000 X06=00000003 X28=00000001 bltu    t1,t3,96
PC=00000234 [FCC42E03] X28=00000001 X08=00500000 X12=00000000 lw      t3,-52(s0/fp)
PC=00000238 [00200313] X06=00000002 X00=00000000 X02=004FFFC0 addi    t1,zero,2
PC=00000240 [026E0463] X08=00500000 X28=00000001 X06=00000002 beq     t3,t1,40
PC=00000240 [FCC42E03] X28=00000001 X08=00500000 X12=00000000 lw      t3,-52(s0/fp)
PC=00000244 [00200313] X06=00000002 X00=00000000 X02=004FFFC0 addi    t1,zero,2
PC=0000024C [05C36463] X08=00500000 X06=00000002 X28=00000001 bltu    t1,t3,72
PC=0000024C [FCC42303] X06=00000001 X08=00500000 X12=00000000 lw      t1,-52(s0/fp)
PC=00000254 [02030E63] X28=00000001 X06=00000001 X00=00000000 beq     t1,zero,60
PC=00000254 [FCC42E03] X28=00000001 X08=00500000 X12=00000000 lw      t3,-52(s0/fp)
PC=00000258 [00100313] X06=00000001 X00=00000000 X01=000001C0 addi    t1,zero,1
PC=00000278 [006E0E63] X28=00000001 X28=00000001 X06=00000001 beq     t3,t1,28
PC=00000278 [FE842E03] X28=3EE5BEDE X08=00500000 X08=00500000 lw      t3,-24(s0/fp)
PC=0000027C [FDC42303] X06=82348243 X08=00500000 X28=3EE5BEDE lw      t1,-36(s0/fp)
PC=00000280 [006E0333] X06=C11A4121 X28=3EE5BEDE X06=82348243 add     t1,t3,t1
PC=00000284 [FE642423] X08=00500000 X08=00500000 X06=C11A4121 sw      t1,-24(s0/fp)
PC=00000288 [0080006F] X00=00000000 X00=00000000 X08=00500000 jal     zero,8
PC=00000290 [FE442303] X06=904DE25C X08=00500000 X04=00000000 lw      t1,-28(s0/fp)
PC=00000294 [00137313] X06=00000000 X06=904DE25C X01=000001C0 andi    t1,t1,1
PC=000002A8 [00030863] X16=00000000 X06=00000000 X00=00000000 beq     t1,zero,16
PC=000002A8 [FE042023] X00=00000000 X08=00500000 X00=00000000 sw      zero,-32(s0/fp)
PC=000002AC [FE442303] X06=904DE25C X08=00500000 X04=00000000 lw      t1,-28(s0/fp)
PC=000002B0 [00135313] X06=4826F12E X06=904DE25C X01=000001C0 srli    t1,t1,1
PC=000002B4 [FE642223] X04=00000000 X08=00500000 X06=4826F12E sw      t1,-28(s0/fp)
PC=000002B8 [FE842303] X06=C11A4121 X08=00500000 X08=00500000 lw      t1,-24(s0/fp)
PC=000002BC [00137313] X06=00000001 X06=C11A4121 X01=000001C0 andi    t1,t1,1
PC=000002C4 [00030C63] X24=00000000 X06=00000001 X00=00000000 beq     t1,zero,24
PC=000002C4 [FE442E03] X28=4826F12E X08=00500000 X04=00000000 lw      t3,-28(s0/fp)
PC=000002C8 [80000337] X06=80000000 X00=00000000 X00=00000000 lui     t1,2147483648
PC=000002CC [006E6333] X06=C826F12E X28=4826F12E X06=80000000 or      t1,t3,t1
PC=000002D0 [FE642223] X04=00000000 X08=00500000 X06=C826F12E sw      t1,-28(s0/fp)
PC=000002D4 [0180006F] X00=00000000 X00=00000000 X24=00000000 jal     zero,24
PC=000002EC [FE842303] X06=C11A4121 X08=00500000 X08=00500000 lw      t1,-24(s0/fp)
PC=000002F0 [00135313] X06=608D2090 X06=C11A4121 X01=000001C0 srli    t1,t1,1
PC=000002F4 [FE642423] X08=00500000 X08=00500000 X06=608D2090 sw      t1,-24(s0/fp)
PC=000002F8 [FE842E03] X28=608D2090 X08=00500000 X08=00500000 lw      t3,-24(s0/fp)
PC=000002FC [40000337] X06=40000000 X00=00000000 X00=00000000 lui     t1,1073741824
PC=00000300 [006E7333] X06=40000000 X28=608D2090 X06=40000000 and     t1,t3,t1
PC=00000308 [00030A63] X20=00000000 X06=40000000 X00=00000000 beq     t1,zero,20
PC=00000308 [FE842E03] X28=608D2090 X08=00500000 X08=00500000 lw      t3,-24(s0/fp)
PC=0000030C [80000337] X06=80000000 X00=00000000 X00=00000000 lui     t1,2147483648
PC=00000310 [006E6333] X06=E08D2090 X28=608D2090 X06=80000000 or      t1,t3,t1
PC=00000314 [FE642423] X08=00500000 X08=00500000 X06=E08D2090 sw      t1,-24(s0/fp)
PC=00000318 [FEF44303] X06=0000001E X08=00500000 X15=00000000 lbu     t1,-17(s0/fp)
PC=0000031C [FFF30313] X06=0000001D X06=0000001E X31=00000000 addi    t1,t1,-1
PC=00000320 [FE6407A3] X15=00000000 X08=00500000 X06=0000001D sb      t1,-17(s0/fp)
PC=00000324 [FEF44303] X06=0000001D X08=00500000 X15=00000000 lbu     t1,-17(s0/fp)
PC=00000200 [EC031CE3] X25=00000000 X06=0000001D X00=00000000 bne     t1,zero,-296
PC=00000200 [FE442303] X06=C826F12E X08=00500000 X04=00000000 lw      t1,-28(s0/fp)
PC=00000204 [00131313] X06=904DE25C X06=C826F12E X01=000001C0 slli    t1,t1,1
PC=00000208 [00237E13] X28=00000000 X06=904DE25C X02=004FFFC0 andi    t3,t1,2
PC=0000020C [FE042303] X06=00000000 X08=00500000 X00=00000000 lw      t1,-32(s0/fp)
PC=00000210 [00137313] X06=00000000 X06=00000000 X01=000001C0 andi    t1,t1,1
PC=00000214 [006E6333] X06=00000000 X28=00000000 X06=00000000 or      t1,t3,t1
PC=00000218 [FC642623] X12=00000000 X08=00500000 X06=00000000 sw      t1,-52(s0/fp)
PC=0000021C [FCC42E03] X28=00000000 X08=00500000 X12=00000000 lw      t3,-52(s0/fp)
PC=00000220 [00300313] X06=00000003 X00=00000000 X03=00000000 addi    t1,zero,3
PC=00000228 [066E0463] X08=00500000 X28=00000000 X06=00000003 beq     t3,t1,104
PC=00000228 [FCC42E03] X28=00000000 X08=00500000 X12=00000000 lw      t3,-52(s0/fp)
PC=0000022C [00300313] X06=00000003 X00=00000000 X03=00000000 addi    t1,zero,3
PC=00000234 [07C36063] X00=00000000 X06=00000003 X28=00000000 bltu    t1,t3,96
PC=00000234 [FCC42E03] X28=00000000 X08=00500000 X12=00000000 lw      t3,-52(s0/fp)
PC=00000238 [00200313] X06=00000002 X00=00000000 X02=004FFFC0 addi    t1,zero,2
PC=00000240 [026E0463] X08=00500000 X28=00000000 X06=00000002 beq     t3,t1,40
PC=00000240 [FCC42E03] X28=00000000 X08=00500000 X12=00000000 lw      t3,-52(s0/fp)
PC=00000244 [00200313] X06=00000002 X00=00000000 X02=004FFFC0 addi    t1,zero,2
PC=0000024C [05C36463] X08=00500000 X06=00000002 X28=00000000 bltu    t1,t3,72
PC=0000024C [FCC42303] X06=00000000 X08=00500000 X12=00000000 lw      t1,-52(s0/fp)
PC=0000028C [02030E63] X28=00000000 X06=00000000 X00=00000000 beq     t1,zero,60
PC=0000028C [00000013] X00=00000000 X00=00000000 X00=00000000 addi    zero,zero,0
PC=00000290 [FE442303] X06=C826F12E X08=00500000 X04=00000000 lw      t1,-28(s0/fp)
PC=00000294 [00137313] X06=00000000 X06=C826F12E X01=000001C0 andi    t1,t1,1
PC=000002A8 [00030863] X16=00000000 X06=00000000 X00=00000000 beq     t1,zero,16
PC=000002A8 [FE042023] X00=00000000 X08=00500000 X00=00000000 sw      zero,-32(s0/fp)
PC=000002AC [FE442303] X06=C826F12E X08=00500000 X04=00000000 lw      t1,-28(s0/fp)
PC=000002B0 [00135313] X06=64137897 X06=C826F12E X01=000001C0 srli    t1,t1,1
PC=000002B4 [FE642223] X04=00000000 X08=00500000 X06=64137897 sw      t1,-28(s0/fp)
PC=000002B8 [FE842303] X06=E08D2090 X08=00500000 X08=00500000 lw      t1,-24(s0/fp)
PC=000002BC [00137313] X06=00000000 X06=E08D2090 X01=000001C0 andi    t1,t1,1
PC=000002D8 [00030C63] X24=00000000 X06=00000000 X00=00000000 beq     t1,zero,24
PC=000002D8 [FE442E03] X28=64137897 X08=00500000 X04=00000000 lw      t3,-28(s0/fp)
PC=000002DC [80000337] X06=80000000 X00=00000000 X00=00000000 lui     t1,2147483648
PC=000002E0 [FFF34313] X06=7FFFFFFF X06=80000000 X31=00000000 xori    t1,t1,-1
PC=000002E4 [006E7333] X06=64137897 X28=64137897 X06=7FFFFFFF and     t1,t3,t1
PC=000002E8 [FE642223] X04=00000000 X08=00500000 X06=64137897 sw      t1,-28(s0/fp)
PC=000002EC [FE842303] X06=E08D2090 X08=00500000 X08=00500000 lw      t1,-24(s0/fp)
PC=000002F0 [00135313] X06=70469048 X06=E08D2090 X01=000001C0 srli    t1,t1,1
PC=000002F4 [FE642423] X08=00500000 X08=00500000 X06=70469048 sw      t1,-24(s0/fp)
PC=000002F8 [FE842E03] X28=70469048 X08=00500000 X08=00500000 lw      t3,-24(s0/fp)
PC=000002FC [40000337] X06=40000000 X00=00000000 X00=00000000 lui     t1,1073741824
PC=00000300 [006E7333] X06=40000000 X28=70469048 X06=40000000 and     t1,t3,t1
PC=00000308 [00030A63] X20=00000000 X06=40000000 X00=00000000 beq     t1,zero,20
PC=00000308 [FE842E03] X28=70469048 X08=00500000 X08=00500000 lw      t3,-24(s0/fp)
PC=0000030C [80000337] X06=80000000 X00=00000000 X00=00000000 lui     t1,2147483648
PC=00000310 [006E6333] X06=F0469048 X28=70469048 X06=80000000 or      t1,t3,t1
PC=00000314 [FE642423] X08=00500000 X08=00500000 X06=F0469048 sw      t1,-24(s0/fp)
PC=00000318 [FEF44303] X06=0000001D X08=00500000 X15=00000000 lbu     t1,-17(s0/fp)
PC=0000031C [FFF30313] X06=0000001C X06=0000001D X31=00000000 addi    t1,t1,-1
PC=00000320 [FE6407A3] X15=00000000 X08=00500000 X06=0000001C sb      t1,-17(s0/fp)
PC=00000324 [FEF44303] X06=0000001C X08=00500000 X15=00000000 lbu     t1,-17(s0/fp)
PC=00000200 [EC031CE3] X25=00000000 X06=0000001C X00=00000000 bne     t1,zero,-296
PC=00000200 [FE442303] X06=64137897 X08=00500000 X04=00000000 lw      t1,-28(s0/fp)
PC=00000204 [00131313] X06=C826F12E X06=64137897 X01=000001C0 slli    t1,t1,1
PC=00000208 [00237E13] X28=00000002 X06=C826F12E X02=004FFFC0 andi    t3,t1,2
PC=0000020C [FE042303] X06=00000000 X08=00500000 X00=00000000 lw      t1,-32(s0/fp)
PC=00000210 [00137313] X06=00000000 X06=00000000 X01=000001C0 andi    t1,t1,1
PC=00000214 [006E6333] X06=00000002 X28=00000002 X06=00000000 or      t1,t3,t1
PC=00000218 [FC642623] X12=00000000 X08=00500000 X06=00000002 sw      t1,-52(s0/fp)
PC=0000021C [FCC42E03] X28=00000002 X08=00500000 X12=00000000 lw      t3,-52(s0/fp)
PC=00000220 [00300313] X06=00000003 X00=00000000 X03=00000000 addi    t1,zero,3
PC=00000228 [066E0463] X08=00500000 X28=00000002 X06=00000003 beq     t3,t1,104
PC=00000228 [FCC42E03] X28=00000002 X08=00500000 X12=00000000 lw      t3,-52(s0/fp)
PC=0000022C [00300313] X06=00000003 X00=00000000 X03=00000000 addi    t1,zero,3
PC=00000234 [07C36063] X00=00000000 X06=00000003 X28=00000002 bltu    t1,t3,96
PC=00000234 [FCC42E03] X28=00000002 X08=00500000 X12=00000000 lw      t3,-52(s0/fp)
PC=00000238 [00200313] X06=00000002 X00=00000000 X02=004FFFC0 addi    t1,zero,2
PC=00000264 [026E0463] X08=00500000 X28=00000002 X06=00000002 beq     t3,t1,40
PC=00000264 [FE842E03] X28=F0469048 X08=00500000 X08=00500000 lw      t3,-24(s0/fp)
PC=00000268 [FDC42303] X06=82348243 X08=00500000 X28=F0469048 lw      t1,-36(s0/fp)
PC=0000026C [406E0333] X06=6E120E05 X28=F0469048 X06=82348243 sub     t1,t3,t1
PC=00000270 [FE642423] X08=00500000 X08=00500000 X06=6E120E05 sw      t1,-24(s0/fp)
PC=00000274 [01C0006F] X00=00000000 X00=00000000 X28=F0469048 jal     zero,28
PC=00000290 [FE442303] X06=64137897 X08=00500000 X04=00000000 lw      t1,-28(s0/fp)
PC=00000294 [00137313] X06=00000001 X06=64137897 X01=000001C0 andi    t1,t1,1
PC=0000029C [00030863] X16=00000000 X06=00000001 X00=00000000 beq     t1,zero,16
PC=0000029C [00100313] X06=00000001 X00=00000000 X01=000001C0 addi    t1,zero,1
PC=000002A0 [FE642023] X00=00000000 X08=00500000 X06=00000001 sw      t1,-32(s0/fp)
PC=000002A4 [0080006F] X00=00000000 X00=00000000 X08=00500000 jal     zero,8
PC=000002AC [FE442303] X06=64137897 X08=00500000 X04=00000000 lw      t1,-28(s0/fp)
PC=000002B0 [00135313] X06=3209BC4B X06=64137897 X01=000001C0 srli    t1,t1,1
PC=000002B4 [FE642223] X04=00000000 X08=00500000 X06=3209BC4B sw      t1,-28(s0/fp)
PC=000002B8 [FE842303] X06=6E120E05 X08=00500000 X08=00500000 lw      t1,-24(s0/fp)
PC=000002BC [00137313] X06=00000001 X06=6E120E05 X01=000001C0 andi    t1,t1,1
PC=000002C4 [00030C63] X24=00000000 X06=00000001 X00=00000000 beq     t1,zero,24
PC=000002C4 [FE442E03] X28=3209BC4B X08=00500000 X04=00000000 lw      t3,-28(s0/fp)
PC=000002C8 [80000337] X06=80000000 X00=00000000 X00=00000000 lui     t1,2147483648
PC=000002CC [006E6333] X06=B209BC4B X28=3209BC4B X06=80000000 or      t1,t3,t1
PC=000002D0 [FE642223] X04=00000000 X08=00500000 X06=B209BC4B sw      t1,-28(s0/fp)
PC=000002D4 [0180006F] X00=00000000 X00=00000000 X24=00000000 jal     zero,24
PC=000002EC [FE842303] X06=6E120E05 X08=00500000 X08=00500000 lw      t1,-24(s0/fp)
PC=000002F0 [00135313] X06=37090702 X06=6E120E05 X01=000001C0 srli    t1,t1,1
PC=000002F4 [FE642423] X08=00500000 X08=00500000 X06=37090702 sw      t1,-24(s0/fp)
PC=000002F8 [FE842E03] X28=37090702 X08=00500000 X08=00500000 lw      t3,-24(s0/fp)
PC=000002FC [40000337] X06=40000000 X00=00000000 X00=00000000 lui     t1,1073741824
PC=00000300 [006E7333] X06=00000000 X28=37090702 X06=40000000 and     t1,t3,t1
PC=00000318 [00030A63] X20=00000000 X06=00000000 X00=00000000 beq     t1,zero,20
PC=00000318 [FEF44303] X06=0000001C X08=00500000 X15=00000000 lbu     t1,-17(s0/fp)
PC=0000031C [FFF30313] X06=0000001B X06=0000001C X31=00000000 addi    t1,t1,-1
PC=00000320 [FE6407A3] X15=00000000 X08=00500000 X06=0000001B sb      t1,-17(s0/fp)
PC=00000324 [FEF44303] X06=0000001B X08=00500000 X15=00000000 lbu     t1,-17(s0/fp)
PC=00000200 [EC031CE3] X25=00000000 X06=0000001B X00=00000000 bne     t1,zero,-296
PC=00000200 [FE442303] X06=B209BC4B X08=00500000 X04=00000000 lw      t1,-28(s0/fp)
PC=00000204 [00131313] X06=64137896 X06=B209BC4B X01=000001C0 slli    t1,t1,1
PC=00000208 [00237E13] X28=00000002 X06=64137896 X02=004FFFC0 andi    t3,t1,2
PC=0000020C [FE042303] X06=00000001 X08=00500000 X00=00000000 lw      t1,-32(s0/fp)
PC=00000210 [00137313] X06=00000001 X06=00000001 X01=000001C0 andi    t1,t1,1
PC=00000214 [006E6333] X06=00000003 X28=00000002 X06=00000001 or      t1,t3,t1
PC=00000218 [FC642623] X12=00000000 X08=00500000 X06=00000003 sw      t1,-52(s0/fp)
PC=0000021C [FCC42E03] X28=00000003 X08=00500000 X12=00000000 lw      t3,-52(s0/fp)
PC=00000220 [00300313] X06=00000003 X00=00000000 X03=00000000 addi    t1,zero,3
PC=0000028C [066E0463] X08=00500000 X28=00000003 X06=00000003 beq     t3,t1,104
PC=0000028C [00000013] X00=00000000 X00=00000000 X00=00000000 addi    zero,zero,0
PC=00000290 [FE442303] X06=B209BC4B X08=00500000 X04=00000000 lw      t1,-28(s0/fp)
PC=00000294 [00137313] X06=00000001 X06=B209BC4B X01=000001C0 andi    t1,t1,1
PC=0000029C [00030863] X16=00000000 X06=00000001 X00=00000000 beq     t1,zero,16
PC=0000029C [00100313] X06=00000001 X00=00000000 X01=000001C0 addi    t1,zero,1
PC=000002A0 [FE642023] X00=00000000 X08=00500000 X06=00000001 sw      t1,-32(s0/fp)
PC=000002A4 [0080006F] X00=00000000 X00=00000000 X08=00500000 jal     zero,8
PC=000002AC [FE442303] X06=B209BC4B X08=00500000 X04=00000000 lw      t1,-28(s0/fp)
PC=000002B0 [00135313] X06=5904DE25 X06=B209BC4B X01=000001C0 srli    t1,t1,1
PC=000002B4 [FE642223] X04=00000000 X08=00500000 X06=5904DE25 sw      t1,-28(s0/fp)
PC=000002B8 [FE842303] X06=37090702 X08=00500000 X08=00500000 lw      t1,-24(s0/fp)
PC=000002BC [00137313] X06=00000000 X06=37090702 X01=000001C0 andi    t1,t1,1
PC=000002D8 [00030C63] X24=00000000 X06=00000000 X00=00000000 beq     t1,zero,24
PC=000002D8 [FE442E03] X28=5904DE25 X08=00500000 X04=00000000 lw      t3,-28(s0/fp)
PC=000002DC [80000337] X06=80000000 X00=00000000 X00=00000000 lui     t1,2147483648
PC=000002E0 [FFF34313] X06=7FFFFFFF X06=80000000 X31=00000000 xori    t1,t1,-1
PC=000002E4 [006E7333] X06=5904DE25 X28=5904DE25 X06=7FFFFFFF and     t1,t3,t1
PC=000002E8 [FE642223] X04=00000000 X08=00500000 X06=5904DE25 sw      t1,-28(s0/fp)
PC=000002EC [FE842303] X06=37090702 X08=00500000 X08=00500000 lw      t1,-24(s0/fp)
PC=000002F0 [00135313] X06=1B848381 X06=37090702 X01=000001C0 srli    t1,t1,1
PC=000002F4 [FE642423] X08=00500000 X08=00500000 X06=1B848381 sw      t1,-24(s0/fp)
PC=000002F8 [FE842E03] X28=1B848381 X08=00500000 X08=00500000 lw      t3,-24(s0/fp)
PC=000002FC [40000337] X06=40000000 X00=00000000 X00=00000000 lui     t1,1073741824
PC=00000300 [006E7333] X06=00000000 X28=1B848381 X06=40000000 and     t1,t3,t1
PC=00000318 [00030A63] X20=00000000 X06=00000000 X00=00000000 beq     t1,zero,20
PC=00000318 [FEF44303] X06=0000001B X08=00500000 X15=00000000 lbu     t1,-17(s0/fp)
PC=0000031C [FFF30313] X06=0000001A X06=0000001B X31=00000000 addi    t1,t1,-1
PC=00000320 [FE6407A3] X15=00000000 X08=00500000 X06=0000001A sb      t1,-17(s0/fp)
PC=00000324 [FEF44303] X06=0000001A X08=00500000 X15=00000000 lbu     t1,-17(s0/fp)
PC=00000200 [EC031CE3] X25=00000000 X06=0000001A X00=00000000 bne     t1,zero,-296
PC=00000200 [FE442303] X06=5904DE25 X08=00500000 X04=00000000 lw      t1,-28(s0/fp)
PC=00000204 [00131313] X06=B209BC4A X06=5904DE25 X01=000001C0 slli    t1,t1,1
PC=00000208 [00237E13] X28=00000002 X06=B209BC4A X02=004FFFC0 andi    t3,t1,2
PC=0000020C [FE042303] X06=00000001 X08=00500000 X00=00000000 lw      t1,-32(s0/fp)
PC=00000210 [00137313] X06=00000001 X06=00000001 X01=000001C0 andi    t1,t1,1
PC=00000214 [006E6333] X06=00000003 X28=00000002 X06=00000001 or      t1,t3,t1
PC=00000218 [FC642623] X12=00000000 X08=00500000 X06=00000003 sw      t1,-52(s0/fp)
PC=0000021C [FCC42E03] X28=00000003 X08=00500000 X12=00000000 lw      t3,-52(s0/fp)
PC=00000220 [00300313] X06=00000003 X00=00000000 X03=00000000 addi    t1,zero,3
PC=0000028C [066E0463] X08=00500000 X28=00000003 X06=00000003 beq     t3,t1,104
PC=0000028C [00000013] X00=00000000 X00=00000000 X00=00000000 addi    zero,zero,0
PC=00000290 [FE442303] X06=5904DE25 X08=00500000 X04=00000000 lw      t1,-28(s0/fp)
PC=00000294 [00137313] X06=00000001 X06=5904DE25 X01=000001C0 andi    t1,t1,1
PC=0000029C [00030863] X16=00000000 X06=00000001 X00=00000000 beq     t1,zero,16
PC=0000029C [00100313] X06=00000001 X00=00000000 X01=000001C0 addi    t1,zero,1
PC=000002A0 [FE642023] X00=00000000 X08=00500000 X06=00000001 sw      t1,-32(s0/fp)
PC=000002A4 [0080006F] X00=00000000 X00=00000000 X08=00500000 jal     zero,8
PC=000002AC [FE442303] X06=5904DE25 X08=00500000 X04=00000000 lw      t1,-28(s0/fp)
PC=000002B0 [00135313] X06=2C826F12 X06=5904DE25 X01=000001C0 srli    t1,t1,1
PC=000002B4 [FE642223] X04=00000000 X08=00500000 X06=2C826F12 sw      t1,-28(s0/fp)
PC=000002B8 [FE842303] X06=1B848381 X08=00500000 X08=00500000 lw      t1,-24(s0/fp)
PC=000002BC [00137313] X06=00000001 X06=1B848381 X01=000001C0 andi    t1,t1,1
PC=000002C4 [00030C63] X24=00000000 X06=00000001 X00=00000000 beq     t1,zero,24
PC=000002C4 [FE442E03] X28=2C826F12 X08=00500000 X04=00000000 lw      t3,-28(s0/fp)
PC=000002C8 [80000337] X06=80000000 X00=00000000 X00=00000000 lui     t1,2147483648
PC=000002CC [006E6333] X06=AC826F12 X28=2C826F12 X06=80000000 or      t1,t3,t1
PC=000002D0 [FE642223] X04=00000000 X08=00500000 X06=AC826F12 sw      t1,-28(s0/fp)
PC=000002D4 [0180006F] X00=00000000 X00=00000000 X24=00000000 jal     zero,24
PC=000002EC [FE842303] X06=1B848381 X08=00500000 X08=00500000 lw      t1,-24(s0/fp)
PC=000002F0 [00135313] X06=0DC241C0 X06=1B848381 X01=000001C0 srli    t1,t1,1
PC=000002F4 [FE642423] X08=00500000 X08=00500000 X06=0DC241C0 sw      t1,-24(s0/fp)
PC=000002F8 [FE842E03] X28=0DC241C0 X08=00500000 X08=00500000 lw      t3,-24(s0/fp)
PC=000002FC [40000337] X06=40000000 X00=00000000 X00=00000000 lui     t1,1073741824
PC=00000300 [006E7333] X06=00000000 X28=0DC241C0 X06=40000000 and     t1,t3,t1
PC=00000318 [00030A63] X20=00000000 X06=00000000 X00=00000000 beq     t1,zero,20
PC=00000318 [FEF44303] X06=0000001A X08=00500000 X15=00000000 lbu     t1,-17(s0/fp)
PC=0000031C [FFF30313] X06=00000019 X06=0000001A X31=00000000 addi    t1,t1,-1
PC=00000320 [FE6407A3] X15=00000000 X08=00500000 X06=00000019 sb      t1,-17(s0/fp)
PC=00000324 [FEF44303] X06=00000019 X08=00500000 X15=00000000 lbu     t1,-17(s0/fp)
PC=00000200 [EC031CE3] X25=00000000 X06=00000019 X00=00000000 bne     t1,zero,-296
PC=00000200 [FE442303] X06=AC826F12 X08=00500000 X04=00000000 lw      t1,-28(s0/fp)
PC=00000204 [00131313] X06=5904DE24 X06=AC826F12 X01=000001C0 slli    t1,t1,1
PC=00000208 [00237E13] X28=00000000 X06=5904DE24 X02=004FFFC0 andi    t3,t1,2
PC=0000020C [FE042303] X06=00000001 X08=00500000 X00=00000000 lw      t1,-32(s0/fp)
PC=00000210 [00137313] X06=00000001 X06=00000001 X01=000001C0 andi    t1,t1,1
PC=00000214 [006E6333] X06=00000001 X28=00000000 X06=00000001 or      t1,t3,t1
PC=00000218 [FC642623] X12=00000000 X08=00500000 X06=00000001 sw      t1,-52(s0/fp)
PC=0000021C [FCC42E03] X28=00000001 X08=00500000 X12=00000000 lw      t3,-52(s0/fp)
PC=00000220 [00300313] X06=00000003 X00=00000000 X03=00000000 addi    t1,zero,3
PC=00000228 [066E0463] X08=00500000 X28=00000001 X06=00000003 beq     t3,t1,104
PC=00000228 [FCC42E03] X28=00000001 X08=00500000 X12=00000000 lw      t3,-52(s0/fp)
PC=0000022C [00300313] X06=00000003 X00=00000000 X03=00000000 addi    t1,zero,3
PC=00000234 [07C36063] X00=00000000 X06=00000003 X28=00000001 bltu    t1,t3,96
PC=00000234 [FCC42E03] X28=00000001 X08=00500000 X12=00000000 lw      t3,-52(s0/fp)
PC=00000238 [00200313] X06=00000002 X00=00000000 X02=004FFFC0 addi    t1,zero,2
PC=00000240 [026E0463] X08=00500000 X28=00000001 X06=00000002 beq     t3,t1,40
PC=00000240 [FCC42E03] X28=00000001 X08=00500000 X12=00000000 lw      t3,-52(s0/fp)
PC=00000244 [00200313] X06=00000002 X00=00000000 X02=004FFFC0 addi    t1,zero,2
PC=0000024C [05C36463] X08=00500000 X06=00000002 X28=00000001 bltu    t1,t3,72
PC=0000024C [FCC42303] X06=00000001 X08=00500000 X12=00000000 lw      t1,-52(s0/fp)
PC=00000254 [02030E63] X28=00000001 X06=00000001 X00=00000000 beq     t1,zero,60
PC=00000254 [FCC42E03] X28=00000001 X08=00500000 X12=00000000 lw      t3,-52(s0/fp)
PC=00000258 [00100313] X06=00000001 X00=00000000 X01=000001C0 addi    t1,zero,1
PC=00000278 [006E0E63] X28=00000001 X28=00000001 X06=00000001 beq     t3,t1,28
PC=00000278 [FE842E03] X28=0DC241C0 X08=00500000 X08=00500000 lw      t3,-24(s0/fp)
PC=0000027C [FDC42303] X06=82348243 X08=00500000 X28=0DC241C0 lw      t1,-36(s0/fp)
PC=00000280 [006E0333] X06=8FF6C403 X28=0DC241C0 X06=82348243 add     t1,t3,t1
PC=00000284 [FE642423] X08=00500000 X08=00500000 X06=8FF6C403 sw      t1,-24(s0/fp)
PC=00000288 [0080006F] X00=00000000 X00=00000000 X08=00500000 jal     zero,8
PC=00000290 [FE442303] X06=AC826F12 X08=00500000 X04=00000000 lw      t1,-28(s0/fp)
PC=00000294 [00137313] X06=00000000 X06=AC826F12 X01=000001C0 andi    t1,t1,1
PC=000002A8 [00030863] X16=00000000 X06=00000000 X00=00000000 beq     t1,zero,16
PC=000002A8 [FE042023] X00=00000000 X08=00500000 X00=00000000 sw      zero,-32(s0/fp)
PC=000002AC [FE442303] X06=AC826F12 X08=00500000 X04=00000000 lw      t1,-28(s0/fp)
PC=000002B0 [00135313] X06=56413789 X06=AC826F12 X01=000001C0 srli    t1,t1,1
PC=000002B4 [FE642223] X04=00000000 X08=00500000 X06=56413789 sw      t1,-28(s0/fp)
PC=000002B8 [FE842303] X06=8FF6C403 X08=00500000 X08=00500000 lw      t1,-24(s0/fp)
PC=000002BC [00137313] X06=00000001 X06=8FF6C403 X01=000001C0 andi    t1,t1,1
PC=000002C4 [00030C63] X24=00000000 X06=00000001 X00=00000000 beq     t1,zero,24
PC=000002C4 [FE442E03] X28=56413789 X08=00500000 X04=00000000 lw      t3,-28(s0/fp)
PC=000002C8 [80000337] X06=80000000 X00=00000000 X00=00000000 lui     t1,2147483648
PC=000002CC [006E6333] X06=D6413789 X28=56413789 X06=80000000 or      t1,t3,t1
PC=000002D0 [FE642223] X04=00000000 X08=00500000 X06=D6413789 sw      t1,-28(s0/fp)
PC=000002D4 [0180006F] X00=00000000 X00=00000000 X24=00000000 jal     zero,24
PC=000002EC [FE842303] X06=8FF6C403 X08=00500000 X08=00500000 lw      t1,-24(s0/fp)
PC=000002F0 [00135313] X06=47FB6201 X06=8FF6C403 X01=000001C0 srli    t1,t1,1
PC=000002F4 [FE642423] X08=00500000 X08=00500000 X06=47FB6201 sw      t1,-24(s0/fp)
PC=000002F8 [FE842E03] X28=47FB6201 X08=00500000 X08=00500000 lw      t3,-24(s0/fp)
PC=000002FC [40000337] X06=40000000 X00=00000000 X00=00000000 lui     t1,1073741824
PC=00000300 [006E7333] X06=40000000 X28=47FB6201 X06=40000000 and     t1,t3,t1
PC=00000308 [00030A63] X20=00000000 X06=40000000 X00=00000000 beq     t1,zero,20
PC=00000308 [FE842E03] X28=47FB6201 X08=00500000 X08=00500000 lw      t3,-24(s0/fp)
PC=0000030C [80000337] X06=80000000 X00=00000000 X00=00000000 lui     t1,2147483648
PC=00000310 [006E6333] X06=C7FB6201 X28=47FB6201 X06=80000000 or      t1,t3,t1
PC=00000314 [FE642423] X08=00500000 X08=00500000 X06=C7FB6201 sw      t1,-24(s0/fp)
PC=00000318 [FEF44303] X06=00000019 X08=00500000 X15=00000000 lbu     t1,-17(s0/fp)
PC=0000031C [FFF30313] X06=00000018 X06=00000019 X31=00000000 addi    t1,t1,-1
PC=00000320 [FE6407A3] X15=00000000 X08=00500000 X06=00000018 sb      t1,-17(s0/fp)
PC=00000324 [FEF44303] X06=00000018 X08=00500000 X15=00000000 lbu     t1,-17(s0/fp)
PC=00000200 [EC031CE3] X25=00000000 X06=00000018 X00=00000000 bne     t1,zero,-296
PC=00000200 [FE442303] X06=D6413789 X08=00500000 X04=00000000 lw      t1,-28(s0/fp)
PC=00000204 [00131313] X06=AC826F12 X06=D6413789 X01=000001C0 slli    t1,t1,1
PC=00000208 [00237E13] X28=00000002 X06=AC826F12 X02=004FFFC0 andi    t3,t1,2
PC=0000020C [FE042303] X06=00000000 X08=00500000 X00=00000000 lw      t1,-32(s0/fp)
PC=00000210 [00137313] X06=00000000 X06=00000000 X01=000001C0 andi    t1,t1,1
PC=00000214 [006E6333] X06=00000002 X28=00000002 X06=00000000 or      t1,t3,t1
PC=00000218 [FC642623] X12=00000000 X08=00500000 X06=00000002 sw      t1,-52(s0/fp)
PC=0000021C [FCC42E03] X28=00000002 X08=00500000 X12=00000000 lw      t3,-52(s0/fp)
PC=00000220 [00300313] X06=00000003 X00=00000000 X03=00000000 addi    t1,zero,3
PC=00000228 [066E0463] X08=00500000 X28=00000002 X06=00000003 beq     t3,t1,104
PC=00000228 [FCC42E03] X28=00000002 X08=00500000 X12=00000000 lw      t3,-52(s0/fp)
PC=0000022C [00300313] X06=00000003 X00=00000000 X03=00000000 addi    t1,zero,3
PC=00000234 [07C36063] X00=00000000 X06=00000003 X28=00000002 bltu    t1,t3,96
PC=00000234 [FCC42E03] X28=00000002 X08=00500000 X12=00000000 lw      t3,-52(s0/fp)
PC=00000238 [00200313] X06=00000002 X00=00000000 X02=004FFFC0 addi    t1,zero,2
PC=00000264 [026E0463] X08=00500000 X28=00000002 X06=00000002 beq     t3,t1,40
PC=00000264 [FE842E03] X28=C7FB6201 X08=00500000 X08=00500000 lw      t3,-24(s0/fp)
PC=00000268 [FDC42303] X06=82348243 X08=00500000 X28=C7FB6201 lw      t1,-36(s0/fp)
PC=0000026C [406E0333] X06=45C6DFBE X28=C7FB6201 X06=82348243 sub     t1,t3,t1
PC=00000270 [FE642423] X08=00500000 X08=00500000 X06=45C6DFBE sw      t1,-24(s0/fp)
PC=00000274 [01C0006F] X00=00000000 X00=00000000 X28=C7FB6201 jal     zero,28
PC=00000290 [FE442303] X06=D6413789 X08=00500000 X04=00000000 lw      t1,-28(s0/fp)
PC=00000294 [00137313] X06=00000001 X06=D6413789 X01=000001C0 andi    t1,t1,1
PC=0000029C [00030863] X16=00000000 X06=00000001 X00=00000000 beq     t1,zero,16
PC=0000029C [00100313] X06=00000001 X00=00000000 X01=000001C0 addi    t1,zero,1
PC=000002A0 [FE642023] X00=00000000 X08=00500000 X06=00000001 sw      t1,-32(s0/fp)
PC=000002A4 [0080006F] X00=00000000 X00=00000000 X08=00500000 jal     zero,8
PC=000002AC [FE442303] X06=D6413789 X08=00500000 X04=00000000 lw      t1,-28(s0/fp)
PC=000002B0 [00135313] X06=6B209BC4 X06=D6413789 X01=000001C0 srli    t1,t1,1
PC=000002B4 [FE642223] X04=00000000 X08=00500000 X06=6B209BC4 sw      t1,-28(s0/fp)
PC=000002B8 [FE842303] X06=45C6DFBE X08=00500000 X08=00500000 lw      t1,-24(s0/fp)
PC=000002BC [00137313] X06=00000000 X06=45C6DFBE X01=000001C0 andi    t1,t1,1
PC=000002D8 [00030C63] X24=00000000 X06=00000000 X00=00000000 beq     t1,zero,24
PC=000002D8 [FE442E03] X28=6B209BC4 X08=00500000 X04=00000000 lw      t3,-28(s0/fp)
PC=000002DC [80000337] X06=80000000 X00=00000000 X00=00000000 lui     t1,2147483648
PC=000002E0 [FFF34313] X06=7FFFFFFF X06=80000000 X31=00000000 xori    t1,t1,-1
PC=000002E4 [006E7333] X06=6B209BC4 X28=6B209BC4 X06=7FFFFFFF and     t1,t3,t1
PC=000002E8 [FE642223] X04=00000000 X08=00500000 X06=6B209BC4 sw      t1,-28(s0/fp)
PC=000002EC [FE842303] X06=45C6DFBE X08=00500000 X08=00500000 lw      t1,-24(s0/fp)
PC=000002F0 [00135313] X06=22E36FDF X06=45C6DFBE X01=000001C0 srli    t1,t1,1
PC=000002F4 [FE642423] X08=00500000 X08=00500000 X06=22E36FDF sw      t1,-24(s0/fp)
PC=000002F8 [FE842E03] X28=22E36FDF X08=00500000 X08=00500000 lw      t3,-24(s0/fp)
PC=000002FC [40000337] X06=40000000 X00=00000000 X00=00000000 lui     t1,1073741824
PC=00000300 [006E7333] X06=00000000 X28=22E36FDF X06=40000000 and     t1,t3,t1
PC=00000318 [00030A63] X20=00000000 X06=00000000 X00=00000000 beq     t1,zero,20
PC=00000318 [FEF44303] X06=00000018 X08=00500000 X15=00000000 lbu     t1,-17(s0/fp)
PC=0000031C [FFF30313] X06=00000017 X06=00000018 X31=00000000 addi    t1,t1,-1
PC=00000320 [FE6407A3] X15=00000000 X08=00500000 X06=00000017 sb      t1,-17(s0/fp)
PC=00000324 [FEF44303] X06=00000017 X08=00500000 X15=00000000 lbu     t1,-17(s0/fp)
PC=00000200 [EC031CE3] X25=00000000 X06=00000017 X00=00000000 bne     t1,zero,-296
PC=00000200 [FE442303] X06=6B209BC4 X08=00500000 X04=00000000 lw      t1,-28(s0/fp)
PC=00000204 [00131313] X06=D6413788 X06=6B209BC4 X01=000001C0 slli    t1,t1,1
PC=00000208 [00237E13] X28=00000000 X06=D6413788 X02=004FFFC0 andi    t3,t1,2
PC=0000020C [FE042303] X06=00000001 X08=00500000 X00=00000000 lw      t1,-32(s0/fp)
PC=00000210 [00137313] X06=00000001 X06=00000001 X01=000001C0 andi    t1,t1,1
PC=00000214 [006E6333] X06=00000001 X28=00000000 X06=00000001 or      t1,t3,t1
PC=00000218 [FC642623] X12=00000000 X08=00500000 X06=00000001 sw      t1,-52(s0/fp)
PC=0000021C [FCC42E03] X28=00000001 X08=00500000 X12=00000000 lw      t3,-52(s0/fp)
PC=00000220 [00300313] X06=00000003 X00=00000000 X03=00000000 addi    t1,zero,3
PC=00000228 [066E0463] X08=00500000 X28=00000001 X06=00000003 beq     t3,t1,104
PC=00000228 [FCC42E03] X28=00000001 X08=00500000 X12=00000000 lw      t3,-52(s0/fp)
PC=0000022C [00300313] X06=00000003 X00=00000000 X03=00000000 addi    t1,zero,3
PC=00000234 [07C36063] X00=00000000 X06=00000003 X28=00000001 bltu    t1,t3,96
PC=00000234 [FCC42E03] X28=00000001 X08=00500000 X12=00000000 lw      t3,-52(s0/fp)
PC=00000238 [00200313] X06=00000002 X00=00000000 X02=004FFFC0 addi    t1,zero,2
PC=00000240 [026E0463] X08=00500000 X28=00000001 X06=00000002 beq     t3,t1,40
PC=00000240 [FCC42E03] X28=00000001 X08=00500000 X12=00000000 lw      t3,-52(s0/fp)
PC=00000244 [00200313] X06=00000002 X00=00000000 X02=004FFFC0 addi    t1,zero,2
PC=0000024C [05C36463] X08=00500000 X06=00000002 X28=00000001 bltu    t1,t3,72
PC=0000024C [FCC42303] X06=00000001 X08=00500000 X12=00000000 lw      t1,-52(s0/fp)
PC=00000254 [02030E63] X28=00000001 X06=00000001 X00=00000000 beq     t1,zero,60
PC=00000254 [FCC42E03] X28=00000001 X08=00500000 X12=00000000 lw      t3,-52(s0/fp)
PC=00000258 [00100313] X06=00000001 X00=00000000 X01=000001C0 addi    t1,zero,1
PC=00000278 [006E0E63] X28=00000001 X28=00000001 X06=00000001 beq     t3,t1,28
PC=00000278 [FE842E03] X28=22E36FDF X08=00500000 X08=00500000 lw      t3,-24(s0/fp)
PC=0000027C [FDC42303] X06=82348243 X08=00500000 X28=22E36FDF lw      t1,-36(s0/fp)
PC=00000280 [006E0333] X06=A517F222 X28=22E36FDF X06=82348243 add     t1,t3,t1
PC=00000284 [FE642423] X08=00500000 X08=00500000 X06=A517F222 sw      t1,-24(s0/fp)
PC=00000288 [0080006F] X00=00000000 X00=00000000 X08=00500000 jal     zero,8
PC=00000290 [FE442303] X06=6B209BC4 X08=00500000 X04=00000000 lw      t1,-28(s0/fp)
PC=00000294 [00137313] X06=00000000 X06=6B209BC4 X01=000001C0 andi    t1,t1,1
PC=000002A8 [00030863] X16=00000000 X06=00000000 X00=00000000 beq     t1,zero,16
PC=000002A8 [FE042023] X00=00000000 X08=00500000 X00=00000000 sw      zero,-32(s0/fp)
PC=000002AC [FE442303] X06=6B209BC4 X08=00500000 X04=00000000 lw      t1,-28(s0/fp)
PC=000002B0 [00135313] X06=35904DE2 X06=6B209BC4 X01=000001C0 srli    t1,t1,1
PC=000002B4 [FE642223] X04=00000000 X08=00500000 X06=35904DE2 sw      t1,-28(s0/fp)
PC=000002B8 [FE842303] X06=A517F222 X08=00500000 X08=00500000 lw      t1,-24(s0/fp)
PC=000002BC [00137313] X06=00000000 X06=A517F222 X01=000001C0 andi    t1,t1,1
PC=000002D8 [00030C63] X24=00000000 X06=00000000 X00=00000000 beq     t1,zero,24
PC=000002D8 [FE442E03] X28=35904DE2 X08=00500000 X04=00000000 lw      t3,-28(s0/fp)
PC=000002DC [80000337] X06=80000000 X00=00000000 X00=00000000 lui     t1,2147483648
PC=000002E0 [FFF34313] X06=7FFFFFFF X06=80000000 X31=00000000 xori    t1,t1,-1
PC=000002E4 [006E7333] X06=35904DE2 X28=35904DE2 X06=7FFFFFFF and     t1,t3,t1
PC=000002E8 [FE642223] X04=00000000 X08=00500000 X06=35904DE2 sw      t1,-28(s0/fp)
PC=000002EC [FE842303] X06=A517F222 X08=00500000 X08=00500000 lw      t1,-24(s0/fp)
PC=000002F0 [00135313] X06=528BF911 X06=A517F222 X01=000001C0 srli    t1,t1,1
PC=000002F4 [FE642423] X08=00500000 X08=00500000 X06=528BF911 sw      t1,-24(s0/fp)
PC=000002F8 [FE842E03] X28=528BF911 X08=00500000 X08=00500000 lw      t3,-24(s0/fp)
PC=000002FC [40000337] X06=40000000 X00=00000000 X00=00000000 lui     t1,1073741824
PC=00000300 [006E7333] X06=40000000 X28=528BF911 X06=40000000 and     t1,t3,t1
PC=00000308 [00030A63] X20=00000000 X06=40000000 X00=00000000 beq     t1,zero,20
PC=00000308 [FE842E03] X28=528BF911 X08=00500000 X08=00500000 lw      t3,-24(s0/fp)
PC=0000030C [80000337] X06=80000000 X00=00000000 X00=00000000 lui     t1,2147483648
PC=00000310 [006E6333] X06=D28BF911 X28=528BF911 X06=80000000 or      t1,t3,t1
PC=00000314 [FE642423] X08=00500000 X08=00500000 X06=D28BF911 sw      t1,-24(s0/fp)
PC=00000318 [FEF44303] X06=00000017 X08=00500000 X15=00000000 lbu     t1,-17(s0/fp)
PC=0000031C [FFF30313] X06=00000016 X06=00000017 X31=00000000 addi    t1,t1,-1
PC=00000320 [FE6407A3] X15=00000000 X08=00500000 X06=00000016 sb      t1,-17(s0/fp)
PC=00000324 [FEF44303] X06=00000016 X08=00500000 X15=00000000 lbu     t1,-17(s0/fp)
PC=00000200 [EC031CE3] X25=00000000 X06=00000016 X00=00000000 bne     t1,zero,-296
PC=00000200 [FE442303] X06=35904DE2 X08=00500000 X04=00000000 lw      t1,-28(s0/fp)
PC=00000204 [00131313] X06=6B209BC4 X06=35904DE2 X01=000001C0 slli    t1,t1,1
PC=00000208 [00237E13] X28=00000000 X06=6B209BC4 X02=004FFFC0 andi    t3,t1,2
PC=0000020C [FE042303] X06=00000000 X08=00500000 X00=00000000 lw      t1,-32(s0/fp)
PC=00000210 [00137313] X06=00000000 X06=00000000 X01=000001C0 andi    t1,t1,1
PC=00000214 [006E6333] X06=00000000 X28=00000000 X06=00000000 or      t1,t3,t1
PC=00000218 [FC642623] X12=00000000 X08=00500000 X06=00000000 sw      t1,-52(s0/fp)
PC=0000021C [FCC42E03] X28=00000000 X08=00500000 X12=00000000 lw      t3,-52(s0/fp)
PC=00000220 [00300313] X06=00000003 X00=00000000 X03=00000000 addi    t1,zero,3
PC=00000228 [066E0463] X08=00500000 X28=00000000 X06=00000003 beq     t3,t1,104
PC=00000228 [FCC42E03] X28=00000000 X08=00500000 X12=00000000 lw      t3,-52(s0/fp)
PC=0000022C [00300313] X06=00000003 X00=00000000 X03=00000000 addi    t1,zero,3
PC=00000234 [07C36063] X00=00000000 X06=00000003 X28=00000000 bltu    t1,t3,96
PC=00000234 [FCC42E03] X28=00000000 X08=00500000 X12=00000000 lw      t3,-52(s0/fp)
PC=00000238 [00200313] X06=00000002 X00=00000000 X02=004FFFC0 addi    t1,zero,2
PC=00000240 [026E0463] X08=00500000 X28=00000000 X06=00000002 beq     t3,t1,40
PC=00000240 [FCC42E03] X28=00000000 X08=00500000 X12=00000000 lw      t3,-52(s0/fp)
PC=00000244 [00200313] X06=00000002 X00=00000000 X02=004FFFC0 addi    t1,zero,2
PC=0000024C [05C36463] X08=00500000 X06=00000002 X28=00000000 bltu    t1,t3,72
PC=0000024C [FCC42303] X06=00000000 X08=00500000 X12=00000000 lw      t1,-52(s0/fp)
PC=0000028C [02030E63] X28=00000000 X06=00000000 X00=00000000 beq     t1,zero,60
PC=0000028C [00000013] X00=00000000 X00=00000000 X00=00000000 addi    zero,zero,0
PC=00000290 [FE442303] X06=35904DE2 X08=00500000 X04=00000000 lw      t1,-28(s0/fp)
PC=00000294 [00137313] X06=00000000 X06=35904DE2 X01=000001C0 andi    t1,t1,1
PC=000002A8 [00030863] X16=00000000 X06=00000000 X00=00000000 beq     t1,zero,16
PC=000002A8 [FE042023] X00=00000000 X08=00500000 X00=00000000 sw      zero,-32(s0/fp)
PC=000002AC [FE442303] X06=35904DE2 X08=00500000 X04=00000000 lw      t1,-28(s0/fp)
PC=000002B0 [00135313] X06=1AC826F1 X06=35904DE2 X01=000001C0 srli    t1,t1,1
PC=000002B4 [FE642223] X04=00000000 X08=00500000 X06=1AC826F1 sw      t1,-28(s0/fp)
PC=000002B8 [FE842303] X06=D28BF911 X08=00500000 X08=00500000 lw      t1,-24(s0/fp)
PC=000002BC [00137313] X06=00000001 X06=D28BF911 X01=000001C0 andi    t1,t1,1
PC=000002C4 [00030C63] X24=00000000 X06=00000001 X00=00000000 beq     t1,zero,24
PC=000002C4 [FE442E03] X28=1AC826F1 X08=00500000 X04=00000000 lw      t3,-28(s0/fp)
PC=000002C8 [80000337] X06=80000000 X00=00000000 X00=00000000 lui     t1,2147483648
PC=000002CC [006E6333] X06=9AC826F1 X28=1AC826F1 X06=80000000 or      t1,t3,t1
PC=000002D0 [FE642223] X04=00000000 X08=00500000 X06=9AC826F1 sw      t1,-28(s0/fp)
PC=000002D4 [0180006F] X00=00000000 X00=00000000 X24=00000000 jal     zero,24
PC=000002EC [FE842303] X06=D28BF911 X08=00500000 X08=00500000 lw      t1,-24(s0/fp)
PC=000002F0 [00135313] X06=6945FC88 X06=D28BF911 X01=000001C0 srli    t1,t1,1
PC=000002F4 [FE642423] X08=00500000 X08=00500000 X06=6945FC88 sw      t1,-24(s0/fp)
PC=000002F8 [FE842E03] X28=6945FC88 X08=00500000 X08=00500000 lw      t3,-24(s0/fp)
PC=000002FC [40000337] X06=40000000 X00=00000000 X00=00000000 lui     t1,1073741824
PC=00000300 [006E7333] X06=40000000 X28=6945FC88 X06=40000000 and     t1,t3,t1
PC=00000308 [00030A63] X20=00000000 X06=40000000 X00=00000000 beq     t1,zero,20
PC=00000308 [FE842E03] X28=6945FC88 X08=00500000 X08=00500000 lw      t3,-24(s0/fp)
PC=0000030C [80000337] X06=80000000 X00=00000000 X00=00000000 lui     t1,2147483648
PC=00000310 [006E6333] X06=E945FC88 X28=6945FC88 X06=80000000 or      t1,t3,t1
PC=00000314 [FE642423] X08=00500000 X08=00500000 X06=E945FC88 sw      t1,-24(s0/fp)
PC=00000318 [FEF44303] X06=00000016 X08=00500000 X15=00000000 lbu     t1,-17(s0/fp)
PC=0000031C [FFF30313] X06=00000015 X06=00000016 X31=00000000 addi    t1,t1,-1
PC=00000320 [FE6407A3] X15=00000000 X08=00500000 X06=00000015 sb      t1,-17(s0/fp)
PC=00000324 [FEF44303] X06=00000015 X08=00500000 X15=00000000 lbu     t1,-17(s0/fp)
PC=00000200 [EC031CE3] X25=00000000 X06=00000015 X00=00000000 bne     t1,zero,-296
PC=00000200 [FE442303] X06=9AC826F1 X08=00500000 X04=00000000 lw      t1,-28(s0/fp)
PC=00000204 [00131313] X06=35904DE2 X06=9AC826F1 X01=000001C0 slli    t1,t1,1
PC=00000208 [00237E13] X28=00000002 X06=35904DE2 X02=004FFFC0 andi    t3,t1,2
PC=0000020C [FE042303] X06=00000000 X08=00500000 X00=00000000 lw      t1,-32(s0/fp)
PC=00000210 [00137313] X06=00000000 X06=00000000 X01=000001C0 andi    t1,t1,1
PC=00000214 [006E6333] X06=00000002 X28=00000002 X06=00000000 or      t1,t3,t1
PC=00000218 [FC642623] X12=00000000 X08=00500000 X06=00000002 sw      t1,-52(s0/fp)
PC=0000021C [FCC42E03] X28=00000002 X08=00500000 X12=00000000 lw      t3,-52(s0/fp)
PC=00000220 [00300313] X06=00000003 X00=00000000 X03=00000000 addi    t1,zero,3
PC=00000228 [066E0463] X08=00500000 X28=00000002 X06=00000003 beq     t3,t1,104
PC=00000228 [FCC42E03] X28=00000002 X08=00500000 X12=00000000 lw      t3,-52(s0/fp)
PC=0000022C [00300313] X06=00000003 X00=00000000 X03=00000000 addi    t1,zero,3
PC=00000234 [07C36063] X00=00000000 X06=00000003 X28=00000002 bltu    t1,t3,96
PC=00000234 [FCC42E03] X28=00000002 X08=00500000 X12=00000000 lw      t3,-52(s0/fp)
PC=00000238 [00200313] X06=00000002 X00=00000000 X02=004FFFC0 addi    t1,zero,2
PC=00000264 [026E0463] X08=00500000 X28=00000002 X06=00000002 beq     t3,t1,40
PC=00000264 [FE842E03] X28=E945FC88 X08=00500000 X08=00500000 lw      t3,-24(s0/fp)
PC=00000268 [FDC42303] X06=82348243 X08=00500000 X28=E945FC88 lw      t1,-36(s0/fp)
PC=0000026C [406E0333] X06=67117A45 X28=E945FC88 X06=82348243 sub     t1,t3,t1
PC=00000270 [FE642423] X08=00500000 X08=00500000 X06=67117A45 sw      t1,-24(s0/fp)
PC=00000274 [01C0006F] X00=00000000 X00=00000000 X28=E945FC88 jal     zero,28
PC=00000290 [FE442303] X06=9AC826F1 X08=00500000 X04=00000000 lw      t1,-28(s0/fp)
PC=00000294 [00137313] X06=00000001 X06=9AC826F1 X01=000001C0 andi    t1,t1,1
PC=0000029C [00030863] X16=00000000 X06=00000001 X00=00000000 beq     t1,zero,16
PC=0000029C [00100313] X06=00000001 X00=00000000 X01=000001C0 addi    t1,zero,1
PC=000002A0 [FE642023] X00=00000000 X08=00500000 X06=00000001 sw      t1,-32(s0/fp)
PC=000002A4 [0080006F] X00=00000000 X00=00000000 X08=00500000 jal     zero,8
PC=000002AC [FE442303] X06=9AC826F1 X08=00500000 X04=00000000 lw      t1,-28(s0/fp)
PC=000002B0 [00135313] X06=4D641378 X06=9AC826F1 X01=000001C0 srli    t1,t1,1
PC=000002B4 [FE642223] X04=00000000 X08=00500000 X06=4D641378 sw      t1,-28(s0/fp)
PC=000002B8 [FE842303] X06=67117A45 X08=00500000 X08=00500000 lw      t1,-24(s0/fp)
PC=000002BC [00137313] X06=00000001 X06=67117A45 X01=000001C0 andi    t1,t1,1
PC=000002C4 [00030C63] X24=00000000 X06=00000001 X00=00000000 beq     t1,zero,24
PC=000002C4 [FE442E03] X28=4D641378 X08=00500000 X04=00000000 lw      t3,-28(s0/fp)
PC=000002C8 [80000337] X06=80000000 X00=00000000 X00=00000000 lui     t1,2147483648
PC=000002CC [006E6333] X06=CD641378 X28=4D641378 X06=80000000 or      t1,t3,t1
PC=000002D0 [FE642223] X04=00000000 X08=00500000 X06=CD641378 sw      t1,-28(s0/fp)
PC=000002D4 [0180006F] X00=00000000 X00=00000000 X24=00000000 jal     zero,24
PC=000002EC [FE842303] X06=67117A45 X08=00500000 X08=00500000 lw      t1,-24(s0/fp)
PC=000002F0 [00135313] X06=3388BD22 X06=67117A45 X01=000001C0 srli    t1,t1,1
PC=000002F4 [FE642423] X08=00500000 X08=00500000 X06=3388BD22 sw      t1,-24(s0/fp)
PC=000002F8 [FE842E03] X28=3388BD22 X08=00500000 X08=00500000 lw      t3,-24(s0/fp)
PC=000002FC [40000337] X06=40000000 X00=00000000 X00=00000000 lui     t1,1073741824
PC=00000300 [006E7333] X06=00000000 X28=3388BD22 X06=40000000 and     t1,t3,t1
PC=00000318 [00030A63] X20=00000000 X06=00000000 X00=00000000 beq     t1,zero,20
PC=00000318 [FEF44303] X06=00000015 X08=00500000 X15=00000000 lbu     t1,-17(s0/fp)
PC=0000031C [FFF30313] X06=00000014 X06=00000015 X31=00000000 addi    t1,t1,-1
PC=00000320 [FE6407A3] X15=00000000 X08=00500000 X06=00000014 sb      t1,-17(s0/fp)
PC=00000324 [FEF44303] X06=00000014 X08=00500000 X15=00000000 lbu     t1,-17(s0/fp)
PC=00000200 [EC031CE3] X25=00000000 X06=00000014 X00=00000000 bne     t1,zero,-296
PC=00000200 [FE442303] X06=CD641378 X08=00500000 X04=00000000 lw      t1,-28(s0/fp)
PC=00000204 [00131313] X06=9AC826F0 X06=CD641378 X01=000001C0 slli    t1,t1,1
PC=00000208 [00237E13] X28=00000000 X06=9AC826F0 X02=004FFFC0 andi    t3,t1,2
PC=0000020C [FE042303] X06=00000001 X08=00500000 X00=00000000 lw      t1,-32(s0/fp)
PC=00000210 [00137313] X06=00000001 X06=00000001 X01=000001C0 andi    t1,t1,1
PC=00000214 [006E6333] X06=00000001 X28=00000000 X06=00000001 or      t1,t3,t1
PC=00000218 [FC642623] X12=00000000 X08=00500000 X06=00000001 sw      t1,-52(s0/fp)
PC=0000021C [FCC42E03] X28=00000001 X08=00500000 X12=00000000 lw      t3,-52(s0/fp)
PC=00000220 [00300313] X06=00000003 X00=00000000 X03=00000000 addi    t1,zero,3
PC=00000228 [066E0463] X08=00500000 X28=00000001 X06=00000003 beq     t3,t1,104
PC=00000228 [FCC42E03] X28=00000001 X08=00500000 X12=00000000 lw      t3,-52(s0/fp)
PC=0000022C [00300313] X06=00000003 X00=00000000 X03=00000000 addi    t1,zero,3
PC=00000234 [07C36063] X00=00000000 X06=00000003 X28=00000001 bltu    t1,t3,96
PC=00000234 [FCC42E03] X28=00000001 X08=00500000 X12=00000000 lw      t3,-52(s0/fp)
PC=00000238 [00200313] X06=00000002 X00=00000000 X02=004FFFC0 addi    t1,zero,2
PC=00000240 [026E0463] X08=00500000 X28=00000001 X06=00000002 beq     t3,t1,40
PC=00000240 [FCC42E03] X28=00000001 X08=00500000 X12=00000000 lw      t3,-52(s0/fp)
PC=00000244 [00200313] X06=00000002 X00=00000000 X02=004FFFC0 addi    t1,zero,2
PC=0000024C [05C36463] X08=00500000 X06=00000002 X28=00000001 bltu    t1,t3,72
PC=0000024C [FCC42303] X06=00000001 X08=00500000 X12=00000000 lw      t1,-52(s0/fp)
PC=00000254 [02030E63] X28=00000001 X06=00000001 X00=00000000 beq     t1,zero,60
PC=00000254 [FCC42E03] X28=00000001 X08=00500000 X12=00000000 lw      t3,-52(s0/fp)
PC=00000258 [00100313] X06=00000001 X00=00000000 X01=000001C0 addi    t1,zero,1
PC=00000278 [006E0E63] X28=00000001 X28=00000001 X06=00000001 beq     t3,t1,28
PC=00000278 [FE842E03] X28=3388BD22 X08=00500000 X08=00500000 lw      t3,-24(s0/fp)
PC=0000027C [FDC42303] X06=82348243 X08=00500000 X28=3388BD22 lw      t1,-36(s0/fp)
PC=00000280 [006E0333] X06=B5BD3F65 X28=3388BD22 X06=82348243 add     t1,t3,t1
PC=00000284 [FE642423] X08=00500000 X08=00500000 X06=B5BD3F65 sw      t1,-24(s0/fp)
PC=00000288 [0080006F] X00=00000000 X00=00000000 X08=00500000 jal     zero,8
PC=00000290 [FE442303] X06=CD641378 X08=00500000 X04=00000000 lw      t1,-28(s0/fp)
PC=00000294 [00137313] X06=00000000 X06=CD641378 X01=000001C0 andi    t1,t1,1
PC=000002A8 [00030863] X16=00000000 X06=00000000 X00=00000000 beq     t1,zero,16
PC=000002A8 [FE042023] X00=00000000 X08=00500000 X00=00000000 sw      zero,-32(s0/fp)
PC=000002AC [FE442303] X06=CD641378 X08=00500000 X04=00000000 lw      t1,-28(s0/fp)
PC=000002B0 [00135313] X06=66B209BC X06=CD641378 X01=000001C0 srli    t1,t1,1
PC=000002B4 [FE642223] X04=00000000 X08=00500000 X06=66B209BC sw      t1,-28(s0/fp)
PC=000002B8 [FE842303] X06=B5BD3F65 X08=00500000 X08=00500000 lw      t1,-24(s0/fp)
PC=000002BC [00137313] X06=00000001 X06=B5BD3F65 X01=000001C0 andi    t1,t1,1
PC=000002C4 [00030C63] X24=00000000 X06=00000001 X00=00000000 beq     t1,zero,24
PC=000002C4 [FE442E03] X28=66B209BC X08=00500000 X04=00000000 lw      t3,-28(s0/fp)
PC=000002C8 [80000337] X06=80000000 X00=00000000 X00=00000000 lui     t1,2147483648
PC=000002CC [006E6333] X06=E6B209BC X28=66B209BC X06=80000000 or      t1,t3,t1
PC=000002D0 [FE642223] X04=00000000 X08=00500000 X06=E6B209BC sw      t1,-28(s0/fp)
PC=000002D4 [0180006F] X00=00000000 X00=00000000 X24=00000000 jal     zero,24
PC=000002EC [FE842303] X06=B5BD3F65 X08=00500000 X08=00500000 lw      t1,-24(s0/fp)
PC=000002F0 [00135313] X06=5ADE9FB2 X06=B5BD3F65 X01=000001C0 srli    t1,t1,1
PC=000002F4 [FE642423] X08=00500000 X08=00500000 X06=5ADE9FB2 sw      t1,-24(s0/fp)
PC=000002F8 [FE842E03] X28=5ADE9FB2 X08=00500000 X08=00500000 lw      t3,-24(s0/fp)
PC=000002FC [40000337] X06=40000000 X00=00000000 X00=00000000 lui     t1,1073741824
PC=00000300 [006E7333] X06=40000000 X28=5ADE9FB2 X06=40000000 and     t1,t3,t1
PC=00000308 [00030A63] X20=00000000 X06=40000000 X00=00000000 beq     t1,zero,20
PC=00000308 [FE842E03] X28=5ADE9FB2 X08=00500000 X08=00500000 lw      t3,-24(s0/fp)
PC=0000030C [80000337] X06=80000000 X00=00000000 X00=00000000 lui     t1,2147483648
PC=00000310 [006E6333] X06=DADE9FB2 X28=5ADE9FB2 X06=80000000 or      t1,t3,t1
PC=00000314 [FE642423] X08=00500000 X08=00500000 X06=DADE9FB2 sw      t1,-24(s0/fp)
PC=00000318 [FEF44303] X06=00000014 X08=00500000 X15=00000000 lbu     t1,-17(s0/fp)
PC=0000031C [FFF30313] X06=00000013 X06=00000014 X31=00000000 addi    t1,t1,-1
PC=00000320 [FE6407A3] X15=00000000 X08=00500000 X06=00000013 sb      t1,-17(s0/fp)
PC=00000324 [FEF44303] X06=00000013 X08=00500000 X15=00000000 lbu     t1,-17(s0/fp)
PC=00000200 [EC031CE3] X25=00000000 X06=00000013 X00=00000000 bne     t1,zero,-296
PC=00000200 [FE442303] X06=E6B209BC X08=00500000 X04=00000000 lw      t1,-28(s0/fp)
PC=00000204 [00131313] X06=CD641378 X06=E6B209BC X01=000001C0 slli    t1,t1,1
PC=00000208 [00237E13] X28=00000000 X06=CD641378 X02=004FFFC0 andi    t3,t1,2
PC=0000020C [FE042303] X06=00000000 X08=00500000 X00=00000000 lw      t1,-32(s0/fp)
PC=00000210 [00137313] X06=00000000 X06=00000000 X01=000001C0 andi    t1,t1,1
PC=00000214 [006E6333] X06=00000000 X28=00000000 X06=00000000 or      t1,t3,t1
PC=00000218 [FC642623] X12=00000000 X08=00500000 X06=00000000 sw      t1,-52(s0/fp)
PC=0000021C [FCC42E03] X28=00000000 X08=00500000 X12=00000000 lw      t3,-52(s0/fp)
PC=00000220 [00300313] X06=00000003 X00=00000000 X03=00000000 addi    t1,zero,3
PC=00000228 [066E0463] X08=00500000 X28=00000000 X06=00000003 beq     t3,t1,104
PC=00000228 [FCC42E03] X28=00000000 X08=00500000 X12=00000000 lw      t3,-52(s0/fp)
PC=0000022C [00300313] X06=00000003 X00=00000000 X03=00000000 addi    t1,zero,3
PC=00000234 [07C36063] X00=00000000 X06=00000003 X28=00000000 bltu    t1,t3,96
PC=00000234 [FCC42E03] X28=00000000 X08=00500000 X12=00000000 lw      t3,-52(s0/fp)
PC=00000238 [00200313] X06=00000002 X00=00000000 X02=004FFFC0 addi    t1,zero,2
PC=00000240 [026E0463] X08=00500000 X28=00000000 X06=00000002 beq     t3,t1,40
PC=00000240 [FCC42E03] X28=00000000 X08=00500000 X12=00000000 lw      t3,-52(s0/fp)
PC=00000244 [00200313] X06=00000002 X00=00000000 X02=004FFFC0 addi    t1,zero,2
PC=0000024C [05C36463] X08=00500000 X06=00000002 X28=00000000 bltu    t1,t3,72
PC=0000024C [FCC42303] X06=00000000 X08=00500000 X12=00000000 lw      t1,-52(s0/fp)
PC=0000028C [02030E63] X28=00000000 X06=00000000 X00=00000000 beq     t1,zero,60
PC=0000028C [00000013] X00=00000000 X00=00000000 X00=00000000 addi    zero,zero,0
PC=00000290 [FE442303] X06=E6B209BC X08=00500000 X04=00000000 lw      t1,-28(s0/fp)
PC=00000294 [00137313] X06=00000000 X06=E6B209BC X01=000001C0 andi    t1,t1,1
PC=000002A8 [00030863] X16=00000000 X06=00000000 X00=00000000 beq     t1,zero,16
PC=000002A8 [FE042023] X00=00000000 X08=00500000 X00=00000000 sw      zero,-32(s0/fp)
PC=000002AC [FE442303] X06=E6B209BC X08=00500000 X04=00000000 lw      t1,-28(s0/fp)
PC=000002B0 [00135313] X06=735904DE X06=E6B209BC X01=000001C0 srli    t1,t1,1
PC=000002B4 [FE642223] X04=00000000 X08=00500000 X06=735904DE sw      t1,-28(s0/fp)
PC=000002B8 [FE842303] X06=DADE9FB2 X08=00500000 X08=00500000 lw      t1,-24(s0/fp)
PC=000002BC [00137313] X06=00000000 X06=DADE9FB2 X01=000001C0 andi    t1,t1,1
PC=000002D8 [00030C63] X24=00000000 X06=00000000 X00=00000000 beq     t1,zero,24
PC=000002D8 [FE442E03] X28=735904DE X08=00500000 X04=00000000 lw      t3,-28(s0/fp)
PC=000002DC [80000337] X06=80000000 X00=00000000 X00=00000000 lui     t1,2147483648
PC=000002E0 [FFF34313] X06=7FFFFFFF X06=80000000 X31=00000000 xori    t1,t1,-1
PC=000002E4 [006E7333] X06=735904DE X28=735904DE X06=7FFFFFFF and     t1,t3,t1
PC=000002E8 [FE642223] X04=00000000 X08=00500000 X06=735904DE sw      t1,-28(s0/fp)
PC=000002EC [FE842303] X06=DADE9FB2 X08=00500000 X08=00500000 lw      t1,-24(s0/fp)
PC=000002F0 [00135313] X06=6D6F4FD9 X06=DADE9FB2 X01=000001C0 srli    t1,t1,1
PC=000002F4 [FE642423] X08=00500000 X08=00500000 X06=6D6F4FD9 sw      t1,-24(s0/fp)
PC=000002F8 [FE842E03] X28=6D6F4FD9 X08=00500000 X08=00500000 lw      t3,-24(s0/fp)
PC=000002FC [40000337] X06=40000000 X00=00000000 X00=00000000 lui     t1,1073741824
PC=00000300 [006E7333] X06=40000000 X28=6D6F4FD9 X06=40000000 and     t1,t3,t1
PC=00000308 [00030A63] X20=00000000 X06=40000000 X00=00000000 beq     t1,zero,20
PC=00000308 [FE842E03] X28=6D6F4FD9 X08=00500000 X08=00500000 lw      t3,-24(s0/fp)
PC=0000030C [80000337] X06=80000000 X00=00000000 X00=00000000 lui     t1,2147483648
PC=00000310 [006E6333] X06=ED6F4FD9 X28=6D6F4FD9 X06=80000000 or      t1,t3,t1
PC=00000314 [FE642423] X08=00500000 X08=00500000 X06=ED6F4FD9 sw      t1,-24(s0/fp)
PC=00000318 [FEF44303] X06=00000013 X08=00500000 X15=00000000 lbu     t1,-17(s0/fp)
PC=0000031C [FFF30313] X06=00000012 X06=00000013 X31=00000000 addi    t1,t1,-1
PC=00000320 [FE6407A3] X15=00000000 X08=00500000 X06=00000012 sb      t1,-17(s0/fp)
PC=00000324 [FEF44303] X06=00000012 X08=00500000 X15=00000000 lbu     t1,-17(s0/fp)
PC=00000200 [EC031CE3] X25=00000000 X06=00000012 X00=00000000 bne     t1,zero,-296
PC=00000200 [FE442303] X06=735904DE X08=00500000 X04=00000000 lw      t1,-28(s0/fp)
PC=00000204 [00131313] X06=E6B209BC X06=735904DE X01=000001C0 slli    t1,t1,1
PC=00000208 [00237E13] X28=00000000 X06=E6B209BC X02=004FFFC0 andi    t3,t1,2
PC=0000020C [FE042303] X06=00000000 X08=00500000 X00=00000000 lw      t1,-32(s0/fp)
PC=00000210 [00137313] X06=00000000 X06=00000000 X01=000001C0 andi    t1,t1,1
PC=00000214 [006E6333] X06=00000000 X28=00000000 X06=00000000 or      t1,t3,t1
PC=00000218 [FC642623] X12=00000000 X08=00500000 X06=00000000 sw      t1,-52(s0/fp)
PC=0000021C [FCC42E03] X28=00000000 X08=00500000 X12=00000000 lw      t3,-52(s0/fp)
PC=00000220 [00300313] X06=00000003 X00=00000000 X03=00000000 addi    t1,zero,3
PC=00000228 [066E0463] X08=00500000 X28=00000000 X06=00000003 beq     t3,t1,104
PC=00000228 [FCC42E03] X28=00000000 X08=00500000 X12=00000000 lw      t3,-52(s0/fp)
PC=0000022C [00300313] X06=00000003 X00=00000000 X03=00000000 addi    t1,zero,3
PC=00000234 [07C36063] X00=00000000 X06=00000003 X28=00000000 bltu    t1,t3,96
PC=00000234 [FCC42E03] X28=00000000 X08=00500000 X12=00000000 lw      t3,-52(s0/fp)
PC=00000238 [00200313] X06=00000002 X00=00000000 X02=004FFFC0 addi    t1,zero,2
PC=00000240 [026E0463] X08=00500000 X28=00000000 X06=00000002 beq     t3,t1,40
PC=00000240 [FCC42E03] X28=00000000 X08=00500000 X12=00000000 lw      t3,-52(s0/fp)
PC=00000244 [00200313] X06=00000002 X00=00000000 X02=004FFFC0 addi    t1,zero,2
PC=0000024C [05C36463] X08=00500000 X06=00000002 X28=00000000 bltu    t1,t3,72
PC=0000024C [FCC42303] X06=00000000 X08=00500000 X12=00000000 lw      t1,-52(s0/fp)
PC=0000028C [02030E63] X28=00000000 X06=00000000 X00=00000000 beq     t1,zero,60
PC=0000028C [00000013] X00=00000000 X00=00000000 X00=00000000 addi    zero,zero,0
PC=00000290 [FE442303] X06=735904DE X08=00500000 X04=00000000 lw      t1,-28(s0/fp)
PC=00000294 [00137313] X06=00000000 X06=735904DE X01=000001C0 andi    t1,t1,1
PC=000002A8 [00030863] X16=00000000 X06=00000000 X00=00000000 beq     t1,zero,16
PC=000002A8 [FE042023] X00=00000000 X08=00500000 X00=00000000 sw      zero,-32(s0/fp)
PC=000002AC [FE442303] X06=735904DE X08=00500000 X04=00000000 lw      t1,-28(s0/fp)
PC=000002B0 [00135313] X06=39AC826F X06=735904DE X01=000001C0 srli    t1,t1,1
PC=000002B4 [FE642223] X04=00000000 X08=00500000 X06=39AC826F sw      t1,-28(s0/fp)
PC=000002B8 [FE842303] X06=ED6F4FD9 X08=00500000 X08=00500000 lw      t1,-24(s0/fp)
PC=000002BC [00137313] X06=00000001 X06=ED6F4FD9 X01=000001C0 andi    t1,t1,1
PC=000002C4 [00030C63] X24=00000000 X06=00000001 X00=00000000 beq     t1,zero,24
PC=000002C4 [FE442E03] X28=39AC826F X08=00500000 X04=00000000 lw      t3,-28(s0/fp)
PC=000002C8 [80000337] X06=80000000 X00=00000000 X00=00000000 lui     t1,2147483648
PC=000002CC [006E6333] X06=B9AC826F X28=39AC826F X06=80000000 or      t1,t3,t1
PC=000002D0 [FE642223] X04=00000000 X08=00500000 X06=B9AC826F sw      t1,-28(s0/fp)
PC=000002D4 [0180006F] X00=00000000 X00=00000000 X24=00000000 jal     zero,24
PC=000002EC [FE842303] X06=ED6F4FD9 X08=00500000 X08=00500000 lw      t1,-24(s0/fp)
PC=000002F0 [00135313] X06=76B7A7EC X06=ED6F4FD9 X01=000001C0 srli    t1,t1,1
PC=000002F4 [FE642423] X08=00500000 X08=00500000 X06=76B7A7EC sw      t1,-24(s0/fp)
PC=000002F8 [FE842E03] X28=76B7A7EC X08=00500000 X08=00500000 lw      t3,-24(s0/fp)
PC=000002FC [40000337] X06=40000000 X00=00000000 X00=00000000 lui     t1,1073741824
PC=00000300 [006E7333] X06=40000000 X28=76B7A7EC X06=40000000 and     t1,t3,t1
PC=00000308 [00030A63] X20=00000000 X06=40000000 X00=00000000 beq     t1,zero,20
PC=00000308 [FE842E03] X28=76B7A7EC X08=00500000 X08=00500000 lw      t3,-24(s0/fp)
PC=0000030C [80000337] X06=80000000 X00=00000000 X00=00000000 lui     t1,2147483648
PC=00000310 [006E6333] X06=F6B7A7EC X28=76B7A7EC X06=80000000 or      t1,t3,t1
PC=00000314 [FE642423] X08=00500000 X08=00500000 X06=F6B7A7EC sw      t1,-24(s0/fp)
PC=00000318 [FEF44303] X06=00000012 X08=00500000 X15=00000000 lbu     t1,-17(s0/fp)
PC=0000031C [FFF30313] X06=00000011 X06=00000012 X31=00000000 addi    t1,t1,-1
PC=00000320 [FE6407A3] X15=00000000 X08=00500000 X06=00000011 sb      t1,-17(s0/fp)
PC=00000324 [FEF44303] X06=00000011 X08=00500000 X15=00000000 lbu     t1,-17(s0/fp)
PC=00000200 [EC031CE3] X25=00000000 X06=00000011 X00=00000000 bne     t1,zero,-296
PC=00000200 [FE442303] X06=B9AC826F X08=00500000 X04=00000000 lw      t1,-28(s0/fp)
PC=00000204 [00131313] X06=735904DE X06=B9AC826F X01=000001C0 slli    t1,t1,1
PC=00000208 [00237E13] X28=00000002 X06=735904DE X02=004FFFC0 andi    t3,t1,2
PC=0000020C [FE042303] X06=00000000 X08=00500000 X00=00000000 lw      t1,-32(s0/fp)
PC=00000210 [00137313] X06=00000000 X06=00000000 X01=000001C0 andi    t1,t1,1
PC=00000214 [006E6333] X06=00000002 X28=00000002 X06=00000000 or      t1,t3,t1
PC=00000218 [FC642623] X12=00000000 X08=00500000 X06=00000002 sw      t1,-52(s0/fp)
PC=0000021C [FCC42E03] X28=00000002 X08=00500000 X12=00000000 lw      t3,-52(s0/fp)
PC=00000220 [00300313] X06=00000003 X00=00000000 X03=00000000 addi    t1,zero,3
PC=00000228 [066E0463] X08=00500000 X28=00000002 X06=00000003 beq     t3,t1,104
PC=00000228 [FCC42E03] X28=00000002 X08=00500000 X12=00000000 lw      t3,-52(s0/fp)
PC=0000022C [00300313] X06=00000003 X00=00000000 X03=00000000 addi    t1,zero,3
PC=00000234 [07C36063] X00=00000000 X06=00000003 X28=00000002 bltu    t1,t3,96
PC=00000234 [FCC42E03] X28=00000002 X08=00500000 X12=00000000 lw      t3,-52(s0/fp)
PC=00000238 [00200313] X06=00000002 X00=00000000 X02=004FFFC0 addi    t1,zero,2
PC=00000264 [026E0463] X08=00500000 X28=00000002 X06=00000002 beq     t3,t1,40
PC=00000264 [FE842E03] X28=F6B7A7EC X08=00500000 X08=00500000 lw      t3,-24(s0/fp)
PC=00000268 [FDC42303] X06=82348243 X08=00500000 X28=F6B7A7EC lw      t1,-36(s0/fp)
PC=0000026C [406E0333] X06=748325A9 X28=F6B7A7EC X06=82348243 sub     t1,t3,t1
PC=00000270 [FE642423] X08=00500000 X08=00500000 X06=748325A9 sw      t1,-24(s0/fp)
PC=00000274 [01C0006F] X00=00000000 X00=00000000 X28=F6B7A7EC jal     zero,28
PC=00000290 [FE442303] X06=B9AC826F X08=00500000 X04=00000000 lw      t1,-28(s0/fp)
PC=00000294 [00137313] X06=00000001 X06=B9AC826F X01=000001C0 andi    t1,t1,1
PC=0000029C [00030863] X16=00000000 X06=00000001 X00=00000000 beq     t1,zero,16
PC=0000029C [00100313] X06=00000001 X00=00000000 X01=000001C0 addi    t1,zero,1
PC=000002A0 [FE642023] X00=00000000 X08=00500000 X06=00000001 sw      t1,-32(s0/fp)
PC=000002A4 [0080006F] X00=00000000 X00=00000000 X08=00500000 jal     zero,8
PC=000002AC [FE442303] X06=B9AC826F X08=00500000 X04=00000000 lw      t1,-28(s0/fp)
PC=000002B0 [00135313] X06=5CD64137 X06=B9AC826F X01=000001C0 srli    t1,t1,1
PC=000002B4 [FE642223] X04=00000000 X08=00500000 X06=5CD64137 sw      t1,-28(s0/fp)
PC=000002B8 [FE842303] X06=748325A9 X08=00500000 X08=00500000 lw      t1,-24(s0/fp)
PC=000002BC [00137313] X06=00000001 X06=748325A9 X01=000001C0 andi    t1,t1,1
PC=000002C4 [00030C63] X24=00000000 X06=00000001 X00=00000000 beq     t1,zero,24
PC=000002C4 [FE442E03] X28=5CD64137 X08=00500000 X04=00000000 lw      t3,-28(s0/fp)
PC=000002C8 [80000337] X06=80000000 X00=00000000 X00=00000000 lui     t1,2147483648
PC=000002CC [006E6333] X06=DCD64137 X28=5CD64137 X06=80000000 or      t1,t3,t1
PC=000002D0 [FE642223] X04=00000000 X08=00500000 X06=DCD64137 sw      t1,-28(s0/fp)
PC=000002D4 [0180006F] X00=00000000 X00=00000000 X24=00000000 jal     zero,24
PC=000002EC [FE842303] X06=748325A9 X08=00500000 X08=00500000 lw      t1,-24(s0/fp)
PC=000002F0 [00135313] X06=3A4192D4 X06=748325A9 X01=000001C0 srli    t1,t1,1
PC=000002F4 [FE642423] X08=00500000 X08=00500000 X06=3A4192D4 sw      t1,-24(s0/fp)
PC=000002F8 [FE842E03] X28=3A4192D4 X08=00500000 X08=00500000 lw      t3,-24(s0/fp)
PC=000002FC [40000337] X06=40000000 X00=00000000 X00=00000000 lui     t1,1073741824
PC=00000300 [006E7333] X06=00000000 X28=3A4192D4 X06=40000000 and     t1,t3,t1
PC=00000318 [00030A63] X20=00000000 X06=00000000 X00=00000000 beq     t1,zero,20
PC=00000318 [FEF44303] X06=00000011 X08=00500000 X15=00000000 lbu     t1,-17(s0/fp)
PC=0000031C [FFF30313] X06=00000010 X06=00000011 X31=00000000 addi    t1,t1,-1
PC=00000320 [FE6407A3] X15=00000000 X08=00500000 X06=00000010 sb      t1,-17(s0/fp)
PC=00000324 [FEF44303] X06=00000010 X08=00500000 X15=00000000 lbu     t1,-17(s0/fp)
PC=00000200 [EC031CE3] X25=00000000 X06=00000010 X00=00000000 bne     t1,zero,-296
PC=00000200 [FE442303] X06=DCD64137 X08=00500000 X04=00000000 lw      t1,-28(s0/fp)
PC=00000204 [00131313] X06=B9AC826E X06=DCD64137 X01=000001C0 slli    t1,t1,1
PC=00000208 [00237E13] X28=00000002 X06=B9AC826E X02=004FFFC0 andi    t3,t1,2
PC=0000020C [FE042303] X06=00000001 X08=00500000 X00=00000000 lw      t1,-32(s0/fp)
PC=00000210 [00137313] X06=00000001 X06=00000001 X01=000001C0 andi    t1,t1,1
PC=00000214 [006E6333] X06=00000003 X28=00000002 X06=00000001 or      t1,t3,t1
PC=00000218 [FC642623] X12=00000000 X08=00500000 X06=00000003 sw      t1,-52(s0/fp)
PC=0000021C [FCC42E03] X28=00000003 X08=00500000 X12=00000000 lw      t3,-52(s0/fp)
PC=00000220 [00300313] X06=00000003 X00=00000000 X03=00000000 addi    t1,zero,3
PC=0000028C [066E0463] X08=00500000 X28=00000003 X06=00000003 beq     t3,t1,104
PC=0000028C [00000013] X00=00000000 X00=00000000 X00=00000000 addi    zero,zero,0
PC=00000290 [FE442303] X06=DCD64137 X08=00500000 X04=00000000 lw      t1,-28(s0/fp)
PC=00000294 [00137313] X06=00000001 X06=DCD64137 X01=000001C0 andi    t1,t1,1
PC=0000029C [00030863] X16=00000000 X06=00000001 X00=00000000 beq     t1,zero,16
PC=0000029C [00100313] X06=00000001 X00=00000000 X01=000001C0 addi    t1,zero,1
PC=000002A0 [FE642023] X00=00000000 X08=00500000 X06=00000001 sw      t1,-32(s0/fp)
PC=000002A4 [0080006F] X00=00000000 X00=00000000 X08=00500000 jal     zero,8
PC=000002AC [FE442303] X06=DCD64137 X08=00500000 X04=00000000 lw      t1,-28(s0/fp)
PC=000002B0 [00135313] X06=6E6B209B X06=DCD64137 X01=000001C0 srli    t1,t1,1
PC=000002B4 [FE642223] X04=00000000 X08=00500000 X06=6E6B209B sw      t1,-28(s0/fp)
PC=000002B8 [FE842303] X06=3A4192D4 X08=00500000 X08=00500000 lw      t1,-24(s0/fp)
PC=000002BC [00137313] X06=00000000 X06=3A4192D4 X01=000001C0 andi    t1,t1,1
PC=000002D8 [00030C63] X24=00000000 X06=00000000 X00=00000000 beq     t1,zero,24
PC=000002D8 [FE442E03] X28=6E6B209B X08=00500000 X04=00000000 lw      t3,-28(s0/fp)
PC=000002DC [80000337] X06=80000000 X00=00000000 X00=00000000 lui     t1,2147483648
PC=000002E0 [FFF34313] X06=7FFFFFFF X06=80000000 X31=00000000 xori    t1,t1,-1
PC=000002E4 [006E7333] X06=6E6B209B X28=6E6B209B X06=7FFFFFFF and     t1,t3,t1
PC=000002E8 [FE642223] X04=00000000 X08=00500000 X06=6E6B209B sw      t1,-28(s0/fp)
PC=000002EC [FE842303] X06=3A4192D4 X08=00500000 X08=00500000 lw      t1,-24(s0/fp)
PC=000002F0 [00135313] X06=1D20C96A X06=3A4192D4 X01=000001C0 srli    t1,t1,1
PC=000002F4 [FE642423] X08=00500000 X08=00500000 X06=1D20C96A sw      t1,-24(s0/fp)
PC=000002F8 [FE842E03] X28=1D20C96A X08=00500000 X08=00500000 lw      t3,-24(s0/fp)
PC=000002FC [40000337] X06=40000000 X00=00000000 X00=00000000 lui     t1,1073741824
PC=00000300 [006E7333] X06=00000000 X28=1D20C96A X06=40000000 and     t1,t3,t1
PC=00000318 [00030A63] X20=00000000 X06=00000000 X00=00000000 beq     t1,zero,20
PC=00000318 [FEF44303] X06=00000010 X08=00500000 X15=00000000 lbu     t1,-17(s0/fp)
PC=0000031C [FFF30313] X06=0000000F X06=00000010 X31=00000000 addi    t1,t1,-1
PC=00000320 [FE6407A3] X15=00000000 X08=00500000 X06=0000000F sb      t1,-17(s0/fp)
PC=00000324 [FEF44303] X06=0000000F X08=00500000 X15=00000000 lbu     t1,-17(s0/fp)
PC=00000200 [EC031CE3] X25=00000000 X06=0000000F X00=00000000 bne     t1,zero,-296
PC=00000200 [FE442303] X06=6E6B209B X08=00500000 X04=00000000 lw      t1,-28(s0/fp)
PC=00000204 [00131313] X06=DCD64136 X06=6E6B209B X01=000001C0 slli    t1,t1,1
PC=00000208 [00237E13] X28=00000002 X06=DCD64136 X02=004FFFC0 andi    t3,t1,2
PC=0000020C [FE042303] X06=00000001 X08=00500000 X00=00000000 lw      t1,-32(s0/fp)
PC=00000210 [00137313] X06=00000001 X06=00000001 X01=000001C0 andi    t1,t1,1
PC=00000214 [006E6333] X06=00000003 X28=00000002 X06=00000001 or      t1,t3,t1
PC=00000218 [FC642623] X12=00000000 X08=00500000 X06=00000003 sw      t1,-52(s0/fp)
PC=0000021C [FCC42E03] X28=00000003 X08=00500000 X12=00000000 lw      t3,-52(s0/fp)
PC=00000220 [00300313] X06=00000003 X00=00000000 X03=00000000 addi    t1,zero,3
PC=0000028C [066E0463] X08=00500000 X28=00000003 X06=00000003 beq     t3,t1,104
PC=0000028C [00000013] X00=00000000 X00=00000000 X00=00000000 addi    zero,zero,0
PC=00000290 [FE442303] X06=6E6B209B X08=00500000 X04=00000000 lw      t1,-28(s0/fp)
PC=00000294 [00137313] X06=00000001 X06=6E6B209B X01=000001C0 andi    t1,t1,1
PC=0000029C [00030863] X16=00000000 X06=00000001 X00=00000000 beq     t1,zero,16
PC=0000029C [00100313] X06=00000001 X00=00000000 X01=000001C0 addi    t1,zero,1
PC=000002A0 [FE642023] X00=00000000 X08=00500000 X06=00000001 sw      t1,-32(s0/fp)
PC=000002A4 [0080006F] X00=00000000 X00=00000000 X08=00500000 jal     zero,8
PC=000002AC [FE442303] X06=6E6B209B X08=00500000 X04=00000000 lw      t1,-28(s0/fp)
PC=000002B0 [00135313] X06=3735904D X06=6E6B209B X01=000001C0 srli    t1,t1,1
PC=000002B4 [FE642223] X04=00000000 X08=00500000 X06=3735904D sw      t1,-28(s0/fp)
PC=000002B8 [FE842303] X06=1D20C96A X08=00500000 X08=00500000 lw      t1,-24(s0/fp)
PC=000002BC [00137313] X06=00000000 X06=1D20C96A X01=000001C0 andi    t1,t1,1
PC=000002D8 [00030C63] X24=00000000 X06=00000000 X00=00000000 beq     t1,zero,24
PC=000002D8 [FE442E03] X28=3735904D X08=00500000 X04=00000000 lw      t3,-28(s0/fp)
PC=000002DC [80000337] X06=80000000 X00=00000000 X00=00000000 lui     t1,2147483648
PC=000002E0 [FFF34313] X06=7FFFFFFF X06=80000000 X31=00000000 xori    t1,t1,-1
PC=000002E4 [006E7333] X06=3735904D X28=3735904D X06=7FFFFFFF and     t1,t3,t1
PC=000002E8 [FE642223] X04=00000000 X08=00500000 X06=3735904D sw      t1,-28(s0/fp)
PC=000002EC [FE842303] X06=1D20C96A X08=00500000 X08=00500000 lw      t1,-24(s0/fp)
PC=000002F0 [00135313] X06=0E9064B5 X06=1D20C96A X01=000001C0 srli    t1,t1,1
PC=000002F4 [FE642423] X08=00500000 X08=00500000 X06=0E9064B5 sw      t1,-24(s0/fp)
PC=000002F8 [FE842E03] X28=0E9064B5 X08=00500000 X08=00500000 lw      t3,-24(s0/fp)
PC=000002FC [40000337] X06=40000000 X00=00000000 X00=00000000 lui     t1,1073741824
PC=00000300 [006E7333] X06=00000000 X28=0E9064B5 X06=40000000 and     t1,t3,t1
PC=00000318 [00030A63] X20=00000000 X06=00000000 X00=00000000 beq     t1,zero,20
PC=00000318 [FEF44303] X06=0000000F X08=00500000 X15=00000000 lbu     t1,-17(s0/fp)
PC=0000031C [FFF30313] X06=0000000E X06=0000000F X31=00000000 addi    t1,t1,-1
PC=00000320 [FE6407A3] X15=00000000 X08=00500000 X06=0000000E sb      t1,-17(s0/fp)
PC=00000324 [FEF44303] X06=0000000E X08=00500000 X15=00000000 lbu     t1,-17(s0/fp)
PC=00000200 [EC031CE3] X25=00000000 X06=0000000E X00=00000000 bne     t1,zero,-296
PC=00000200 [FE442303] X06=3735904D X08=00500000 X04=00000000 lw      t1,-28(s0/fp)
PC=00000204 [00131313] X06=6E6B209A X06=3735904D X01=000001C0 slli    t1,t1,1
PC=00000208 [00237E13] X28=00000002 X06=6E6B209A X02=004FFFC0 andi    t3,t1,2
PC=0000020C [FE042303] X06=00000001 X08=00500000 X00=00000000 lw      t1,-32(s0/fp)
PC=00000210 [00137313] X06=00000001 X06=00000001 X01=000001C0 andi    t1,t1,1
PC=00000214 [006E6333] X06=00000003 X28=00000002 X06=00000001 or      t1,t3,t1
PC=00000218 [FC642623] X12=00000000 X08=00500000 X06=00000003 sw      t1,-52(s0/fp)
PC=0000021C [FCC42E03] X28=00000003 X08=00500000 X12=00000000 lw      t3,-52(s0/fp)
PC=00000220 [00300313] X06=00000003 X00=00000000 X03=00000000 addi    t1,zero,3
PC=0000028C [066E0463] X08=00500000 X28=00000003 X06=00000003 beq     t3,t1,104
PC=0000028C [00000013] X00=00000000 X00=00000000 X00=00000000 addi    zero,zero,0
PC=00000290 [FE442303] X06=3735904D X08=00500000 X04=00000000 lw      t1,-28(s0/fp)
PC=00000294 [00137313] X06=00000001 X06=3735904D X01=000001C0 andi    t1,t1,1
PC=0000029C [00030863] X16=00000000 X06=00000001 X00=00000000 beq     t1,zero,16
PC=0000029C [00100313] X06=00000001 X00=00000000 X01=000001C0 addi    t1,zero,1
PC=000002A0 [FE642023] X00=00000000 X08=00500000 X06=00000001 sw      t1,-32(s0/fp)
PC=000002A4 [0080006F] X00=00000000 X00=00000000 X08=00500000 jal     zero,8
PC=000002AC [FE442303] X06=3735904D X08=00500000 X04=00000000 lw      t1,-28(s0/fp)
PC=000002B0 [00135313] X06=1B9AC826 X06=3735904D X01=000001C0 srli    t1,t1,1
PC=000002B4 [FE642223] X04=00000000 X08=00500000 X06=1B9AC826 sw      t1,-28(s0/fp)
PC=000002B8 [FE842303] X06=0E9064B5 X08=00500000 X08=00500000 lw      t1,-24(s0/fp)
PC=000002BC [00137313] X06=00000001 X06=0E9064B5 X01=000001C0 andi    t1,t1,1
PC=000002C4 [00030C63] X24=00000000 X06=00000001 X00=00000000 beq     t1,zero,24
PC=000002C4 [FE442E03] X28=1B9AC826 X08=00500000 X04=00000000 lw      t3,-28(s0/fp)
PC=000002C8 [80000337] X06=80000000 X00=00000000 X00=00000000 lui     t1,2147483648
PC=000002CC [006E6333] X06=9B9AC826 X28=1B9AC826 X06=80000000 or      t1,t3,t1
PC=000002D0 [FE642223] X04=00000000 X08=00500000 X06=9B9AC826 sw      t1,-28(s0/fp)
PC=000002D4 [0180006F] X00=00000000 X00=00000000 X24=00000000 jal     zero,24
PC=000002EC [FE842303] X06=0E9064B5 X08=00500000 X08=00500000 lw      t1,-24(s0/fp)
PC=000002F0 [00135313] X06=0748325A X06=0E9064B5 X01=000001C0 srli    t1,t1,1
PC=000002F4 [FE642423] X08=00500000 X08=00500000 X06=0748325A sw      t1,-24(s0/fp)
PC=000002F8 [FE842E03] X28=0748325A X08=00500000 X08=00500000 lw      t3,-24(s0/fp)
PC=000002FC [40000337] X06=40000000 X00=00000000 X00=00000000 lui     t1,1073741824
PC=00000300 [006E7333] X06=00000000 X28=0748325A X06=40000000 and     t1,t3,t1
PC=00000318 [00030A63] X20=00000000 X06=00000000 X00=00000000 beq     t1,zero,20
PC=00000318 [FEF44303] X06=0000000E X08=00500000 X15=00000000 lbu     t1,-17(s0/fp)
PC=0000031C [FFF30313] X06=0000000D X06=0000000E X31=00000000 addi    t1,t1,-1
PC=00000320 [FE6407A3] X15=00000000 X08=00500000 X06=0000000D sb      t1,-17(s0/fp)
PC=00000324 [FEF44303] X06=0000000D X08=00500000 X15=00000000 lbu     t1,-17(s0/fp)
PC=00000200 [EC031CE3] X25=00000000 X06=0000000D X00=00000000 bne     t1,zero,-296
PC=00000200 [FE442303] X06=9B9AC826 X08=00500000 X04=00000000 lw      t1,-28(s0/fp)
PC=00000204 [00131313] X06=3735904C X06=9B9AC826 X01=000001C0 slli    t1,t1,1
PC=00000208 [00237E13] X28=00000000 X06=3735904C X02=004FFFC0 andi    t3,t1,2
PC=0000020C [FE042303] X06=00000001 X08=00500000 X00=00000000 lw      t1,-32(s0/fp)
PC=00000210 [00137313] X06=00000001 X06=00000001 X01=000001C0 andi    t1,t1,1
PC=00000214 [006E6333] X06=00000001 X28=00000000 X06=00000001 or      t1,t3,t1
PC=00000218 [FC642623] X12=00000000 X08=00500000 X06=00000001 sw      t1,-52(s0/fp)
PC=0000021C [FCC42E03] X28=00000001 X08=00500000 X12=00000000 lw      t3,-52(s0/fp)
PC=00000220 [00300313] X06=00000003 X00=00000000 X03=00000000 addi    t1,zero,3
PC=00000228 [066E0463] X08=00500000 X28=00000001 X06=00000003 beq     t3,t1,104
PC=00000228 [FCC42E03] X28=00000001 X08=00500000 X12=00000000 lw      t3,-52(s0/fp)
PC=0000022C [00300313] X06=00000003 X00=00000000 X03=00000000 addi    t1,zero,3
PC=00000234 [07C36063] X00=00000000 X06=00000003 X28=00000001 bltu    t1,t3,96
PC=00000234 [FCC42E03] X28=00000001 X08=00500000 X12=00000000 lw      t3,-52(s0/fp)
PC=00000238 [00200313] X06=00000002 X00=00000000 X02=004FFFC0 addi    t1,zero,2
PC=00000240 [026E0463] X08=00500000 X28=00000001 X06=00000002 beq     t3,t1,40
PC=00000240 [FCC42E03] X28=00000001 X08=00500000 X12=00000000 lw      t3,-52(s0/fp)
PC=00000244 [00200313] X06=00000002 X00=00000000 X02=004FFFC0 addi    t1,zero,2
PC=0000024C [05C36463] X08=00500000 X06=00000002 X28=00000001 bltu    t1,t3,72
PC=0000024C [FCC42303] X06=00000001 X08=00500000 X12=00000000 lw      t1,-52(s0/fp)
PC=00000254 [02030E63] X28=00000001 X06=00000001 X00=00000000 beq     t1,zero,60
PC=00000254 [FCC42E03] X28=00000001 X08=00500000 X12=00000000 lw      t3,-52(s0/fp)
PC=00000258 [00100313] X06=00000001 X00=00000000 X01=000001C0 addi    t1,zero,1
PC=00000278 [006E0E63] X28=00000001 X28=00000001 X06=00000001 beq     t3,t1,28
PC=00000278 [FE842E03] X28=0748325A X08=00500000 X08=00500000 lw      t3,-24(s0/fp)
PC=0000027C [FDC42303] X06=82348243 X08=00500000 X28=0748325A lw      t1,-36(s0/fp)
PC=00000280 [006E0333] X06=897CB49D X28=0748325A X06=82348243 add     t1,t3,t1
PC=00000284 [FE642423] X08=00500000 X08=00500000 X06=897CB49D sw      t1,-24(s0/fp)
PC=00000288 [0080006F] X00=00000000 X00=00000000 X08=00500000 jal     zero,8
PC=00000290 [FE442303] X06=9B9AC826 X08=00500000 X04=00000000 lw      t1,-28(s0/fp)
PC=00000294 [00137313] X06=00000000 X06=9B9AC826 X01=000001C0 andi    t1,t1,1
PC=000002A8 [00030863] X16=00000000 X06=00000000 X00=00000000 beq     t1,zero,16
PC=000002A8 [FE042023] X00=00000000 X08=00500000 X00=00000000 sw      zero,-32(s0/fp)
PC=000002AC [FE442303] X06=9B9AC826 X08=00500000 X04=00000000 lw      t1,-28(s0/fp)
PC=000002B0 [00135313] X06=4DCD6413 X06=9B9AC826 X01=000001C0 srli    t1,t1,1
PC=000002B4 [FE642223] X04=00000000 X08=00500000 X06=4DCD6413 sw      t1,-28(s0/fp)
PC=000002B8 [FE842303] X06=897CB49D X08=00500000 X08=00500000 lw      t1,-24(s0/fp)
PC=000002BC [00137313] X06=00000001 X06=897CB49D X01=000001C0 andi    t1,t1,1
PC=000002C4 [00030C63] X24=00000000 X06=00000001 X00=00000000 beq     t1,zero,24
PC=000002C4 [FE442E03] X28=4DCD6413 X08=00500000 X04=00000000 lw      t3,-28(s0/fp)
PC=000002C8 [80000337] X06=80000000 X00=00000000 X00=00000000 lui     t1,2147483648
PC=000002CC [006E6333] X06=CDCD6413 X28=4DCD6413 X06=80000000 or      t1,t3,t1
PC=000002D0 [FE642223] X04=00000000 X08=00500000 X06=CDCD6413 sw      t1,-28(s0/fp)
PC=000002D4 [0180006F] X00=00000000 X00=00000000 X24=00000000 jal     zero,24
PC=000002EC [FE842303] X06=897CB49D X08=00500000 X08=00500000 lw      t1,-24(s0/fp)
PC=000002F0 [00135313] X06=44BE5A4E X06=897CB49D X01=000001C0 srli    t1,t1,1
PC=000002F4 [FE642423] X08=00500000 X08=00500000 X06=44BE5A4E sw      t1,-24(s0/fp)
PC=000002F8 [FE842E03] X28=44BE5A4E X08=00500000 X08=00500000 lw      t3,-24(s0/fp)
PC=000002FC [40000337] X06=40000000 X00=00000000 X00=00000000 lui     t1,1073741824
PC=00000300 [006E7333] X06=40000000 X28=44BE5A4E X06=40000000 and     t1,t3,t1
PC=00000308 [00030A63] X20=00000000 X06=40000000 X00=00000000 beq     t1,zero,20
PC=00000308 [FE842E03] X28=44BE5A4E X08=00500000 X08=00500000 lw      t3,-24(s0/fp)
PC=0000030C [80000337] X06=80000000 X00=00000000 X00=00000000 lui     t1,2147483648
PC=00000310 [006E6333] X06=C4BE5A4E X28=44BE5A4E X06=80000000 or      t1,t3,t1
PC=00000314 [FE642423] X08=00500000 X08=00500000 X06=C4BE5A4E sw      t1,-24(s0/fp)
PC=00000318 [FEF44303] X06=0000000D X08=00500000 X15=00000000 lbu     t1,-17(s0/fp)
PC=0000031C [FFF30313] X06=0000000C X06=0000000D X31=00000000 addi    t1,t1,-1
PC=00000320 [FE6407A3] X15=00000000 X08=00500000 X06=0000000C sb      t1,-17(s0/fp)
PC=00000324 [FEF44303] X06=0000000C X08=00500000 X15=00000000 lbu     t1,-17(s0/fp)
PC=00000200 [EC031CE3] X25=00000000 X06=0000000C X00=00000000 bne     t1,zero,-296
PC=00000200 [FE442303] X06=CDCD6413 X08=00500000 X04=00000000 lw      t1,-28(s0/fp)
PC=00000204 [00131313] X06=9B9AC826 X06=CDCD6413 X01=000001C0 slli    t1,t1,1
PC=00000208 [00237E13] X28=00000002 X06=9B9AC826 X02=004FFFC0 andi    t3,t1,2
PC=0000020C [FE042303] X06=00000000 X08=00500000 X00=00000000 lw      t1,-32(s0/fp)
PC=00000210 [00137313] X06=00000000 X06=00000000 X01=000001C0 andi    t1,t1,1
PC=00000214 [006E6333] X06=00000002 X28=00000002 X06=00000000 or      t1,t3,t1
PC=00000218 [FC642623] X12=00000000 X08=00500000 X06=00000002 sw      t1,-52(s0/fp)
PC=0000021C [FCC42E03] X28=00000002 X08=00500000 X12=00000000 lw      t3,-52(s0/fp)
PC=00000220 [00300313] X06=00000003 X00=00000000 X03=00000000 addi    t1,zero,3
PC=00000228 [066E0463] X08=00500000 X28=00000002 X06=00000003 beq     t3,t1,104
PC=00000228 [FCC42E03] X28=00000002 X08=00500000 X12=00000000 lw      t3,-52(s0/fp)
PC=0000022C [00300313] X06=00000003 X00=00000000 X03=00000000 addi    t1,zero,3
PC=00000234 [07C36063] X00=00000000 X06=00000003 X28=00000002 bltu    t1,t3,96
PC=00000234 [FCC42E03] X28=00000002 X08=00500000 X12=00000000 lw      t3,-52(s0/fp)
PC=00000238 [00200313] X06=00000002 X00=00000000 X02=004FFFC0 addi    t1,zero,2
PC=00000264 [026E0463] X08=00500000 X28=00000002 X06=00000002 beq     t3,t1,40
PC=00000264 [FE842E03] X28=C4BE5A4E X08=00500000 X08=00500000 lw      t3,-24(s0/fp)
PC=00000268 [FDC42303] X06=82348243 X08=00500000 X28=C4BE5A4E lw      t1,-36(s0/fp)
PC=0000026C [406E0333] X06=4289D80B X28=C4BE5A4E X06=82348243 sub     t1,t3,t1
PC=00000270 [FE642423] X08=00500000 X08=00500000 X06=4289D80B sw      t1,-24(s0/fp)
PC=00000274 [01C0006F] X00=00000000 X00=00000000 X28=C4BE5A4E jal     zero,28
PC=00000290 [FE442303] X06=CDCD6413 X08=00500000 X04=00000000 lw      t1,-28(s0/fp)
PC=00000294 [00137313] X06=00000001 X06=CDCD6413 X01=000001C0 andi    t1,t1,1
PC=0000029C [00030863] X16=00000000 X06=00000001 X00=00000000 beq     t1,zero,16
PC=0000029C [00100313] X06=00000001 X00=00000000 X01=000001C0 addi    t1,zero,1
PC=000002A0 [FE642023] X00=00000000 X08=00500000 X06=00000001 sw      t1,-32(s0/fp)
PC=000002A4 [0080006F] X00=00000000 X00=00000000 X08=00500000 jal     zero,8
PC=000002AC [FE442303] X06=CDCD6413 X08=00500000 X04=00000000 lw      t1,-28(s0/fp)
PC=000002B0 [00135313] X06=66E6B209 X06=CDCD6413 X01=000001C0 srli    t1,t1,1
PC=000002B4 [FE642223] X04=00000000 X08=00500000 X06=66E6B209 sw      t1,-28(s0/fp)
PC=000002B8 [FE842303] X06=4289D80B X08=00500000 X08=00500000 lw      t1,-24(s0/fp)
PC=000002BC [00137313] X06=00000001 X06=4289D80B X01=000001C0 andi    t1,t1,1
PC=000002C4 [00030C63] X24=00000000 X06=00000001 X00=00000000 beq     t1,zero,24
PC=000002C4 [FE442E03] X28=66E6B209 X08=00500000 X04=00000000 lw      t3,-28(s0/fp)
PC=000002C8 [80000337] X06=80000000 X00=00000000 X00=00000000 lui     t1,2147483648
PC=000002CC [006E6333] X06=E6E6B209 X28=66E6B209 X06=80000000 or      t1,t3,t1
PC=000002D0 [FE642223] X04=00000000 X08=00500000 X06=E6E6B209 sw      t1,-28(s0/fp)
PC=000002D4 [0180006F] X00=00000000 X00=00000000 X24=00000000 jal     zero,24
PC=000002EC [FE842303] X06=4289D80B X08=00500000 X08=00500000 lw      t1,-24(s0/fp)
PC=000002F0 [00135313] X06=2144EC05 X06=4289D80B X01=000001C0 srli    t1,t1,1
PC=000002F4 [FE642423] X08=00500000 X08=00500000 X06=2144EC05 sw      t1,-24(s0/fp)
PC=000002F8 [FE842E03] X28=2144EC05 X08=00500000 X08=00500000 lw      t3,-24(s0/fp)
PC=000002FC [40000337] X06=40000000 X00=00000000 X00=00000000 lui     t1,1073741824
PC=00000300 [006E7333] X06=00000000 X28=2144EC05 X06=40000000 and     t1,t3,t1
PC=00000318 [00030A63] X20=00000000 X06=00000000 X00=00000000 beq     t1,zero,20
PC=00000318 [FEF44303] X06=0000000C X08=00500000 X15=00000000 lbu     t1,-17(s0/fp)
PC=0000031C [FFF30313] X06=0000000B X06=0000000C X31=00000000 addi    t1,t1,-1
PC=00000320 [FE6407A3] X15=00000000 X08=00500000 X06=0000000B sb      t1,-17(s0/fp)
PC=00000324 [FEF44303] X06=0000000B X08=00500000 X15=00000000 lbu     t1,-17(s0/fp)
PC=00000200 [EC031CE3] X25=00000000 X06=0000000B X00=00000000 bne     t1,zero,-296
PC=00000200 [FE442303] X06=E6E6B209 X08=00500000 X04=00000000 lw      t1,-28(s0/fp)
PC=00000204 [00131313] X06=CDCD6412 X06=E6E6B209 X01=000001C0 slli    t1,t1,1
PC=00000208 [00237E13] X28=00000002 X06=CDCD6412 X02=004FFFC0 andi    t3,t1,2
PC=0000020C [FE042303] X06=00000001 X08=00500000 X00=00000000 lw      t1,-32(s0/fp)
PC=00000210 [00137313] X06=00000001 X06=00000001 X01=000001C0 andi    t1,t1,1
PC=00000214 [006E6333] X06=00000003 X28=00000002 X06=00000001 or      t1,t3,t1
PC=00000218 [FC642623] X12=00000000 X08=00500000 X06=00000003 sw      t1,-52(s0/fp)
PC=0000021C [FCC42E03] X28=00000003 X08=00500000 X12=00000000 lw      t3,-52(s0/fp)
PC=00000220 [00300313] X06=00000003 X00=00000000 X03=00000000 addi    t1,zero,3
PC=0000028C [066E0463] X08=00500000 X28=00000003 X06=00000003 beq     t3,t1,104
PC=0000028C [00000013] X00=00000000 X00=00000000 X00=00000000 addi    zero,zero,0
PC=00000290 [FE442303] X06=E6E6B209 X08=00500000 X04=00000000 lw      t1,-28(s0/fp)
PC=00000294 [00137313] X06=00000001 X06=E6E6B209 X01=000001C0 andi    t1,t1,1
PC=0000029C [00030863] X16=00000000 X06=00000001 X00=00000000 beq     t1,zero,16
PC=0000029C [00100313] X06=00000001 X00=00000000 X01=000001C0 addi    t1,zero,1
PC=000002A0 [FE642023] X00=00000000 X08=00500000 X06=00000001 sw      t1,-32(s0/fp)
PC=000002A4 [0080006F] X00=00000000 X00=00000000 X08=00500000 jal     zero,8
PC=000002AC [FE442303] X06=E6E6B209 X08=00500000 X04=00000000 lw      t1,-28(s0/fp)
PC=000002B0 [00135313] X06=73735904 X06=E6E6B209 X01=000001C0 srli    t1,t1,1
PC=000002B4 [FE642223] X04=00000000 X08=00500000 X06=73735904 sw      t1,-28(s0/fp)
PC=000002B8 [FE842303] X06=2144EC05 X08=00500000 X08=00500000 lw      t1,-24(s0/fp)
PC=000002BC [00137313] X06=00000001 X06=2144EC05 X01=000001C0 andi    t1,t1,1
PC=000002C4 [00030C63] X24=00000000 X06=00000001 X00=00000000 beq     t1,zero,24
PC=000002C4 [FE442E03] X28=73735904 X08=00500000 X04=00000000 lw      t3,-28(s0/fp)
PC=000002C8 [80000337] X06=80000000 X00=00000000 X00=00000000 lui     t1,2147483648
PC=000002CC [006E6333] X06=F3735904 X28=73735904 X06=80000000 or      t1,t3,t1
PC=000002D0 [FE642223] X04=00000000 X08=00500000 X06=F3735904 sw      t1,-28(s0/fp)
PC=000002D4 [0180006F] X00=00000000 X00=00000000 X24=00000000 jal     zero,24
PC=000002EC [FE842303] X06=2144EC05 X08=00500000 X08=00500000 lw      t1,-24(s0/fp)
PC=000002F0 [00135313] X06=10A27602 X06=2144EC05 X01=000001C0 srli    t1,t1,1
PC=000002F4 [FE642423] X08=00500000 X08=00500000 X06=10A27602 sw      t1,-24(s0/fp)
PC=000002F8 [FE842E03] X28=10A27602 X08=00500000 X08=00500000 lw      t3,-24(s0/fp)
PC=000002FC [40000337] X06=40000000 X00=00000000 X00=00000000 lui     t1,1073741824
PC=00000300 [006E7333] X06=00000000 X28=10A27602 X06=40000000 and     t1,t3,t1
PC=00000318 [00030A63] X20=00000000 X06=00000000 X00=00000000 beq     t1,zero,20
PC=00000318 [FEF44303] X06=0000000B X08=00500000 X15=00000000 lbu     t1,-17(s0/fp)
PC=0000031C [FFF30313] X06=0000000A X06=0000000B X31=00000000 addi    t1,t1,-1
PC=00000320 [FE6407A3] X15=00000000 X08=00500000 X06=0000000A sb      t1,-17(s0/fp)
PC=00000324 [FEF44303] X06=0000000A X08=00500000 X15=00000000 lbu     t1,-17(s0/fp)
PC=00000200 [EC031CE3] X25=00000000 X06=0000000A X00=00000000 bne     t1,zero,-296
PC=00000200 [FE442303] X06=F3735904 X08=00500000 X04=00000000 lw      t1,-28(s0/fp)
PC=00000204 [00131313] X06=E6E6B208 X06=F3735904 X01=000001C0 slli    t1,t1,1
PC=00000208 [00237E13] X28=00000000 X06=E6E6B208 X02=004FFFC0 andi    t3,t1,2
PC=0000020C [FE042303] X06=00000001 X08=00500000 X00=00000000 lw      t1,-32(s0/fp)
PC=00000210 [00137313] X06=00000001 X06=00000001 X01=000001C0 andi    t1,t1,1
PC=00000214 [006E6333] X06=00000001 X28=00000000 X06=00000001 or      t1,t3,t1
PC=00000218 [FC642623] X12=00000000 X08=00500000 X06=00000001 sw      t1,-52(s0/fp)
PC=0000021C [FCC42E03] X28=00000001 X08=00500000 X12=00000000 lw      t3,-52(s0/fp)
PC=00000220 [00300313] X06=00000003 X00=00000000 X03=00000000 addi    t1,zero,3
PC=00000228 [066E0463] X08=00500000 X28=00000001 X06=00000003 beq     t3,t1,104
PC=00000228 [FCC42E03] X28=00000001 X08=00500000 X12=00000000 lw      t3,-52(s0/fp)
PC=0000022C [00300313] X06=00000003 X00=00000000 X03=00000000 addi    t1,zero,3
PC=00000234 [07C36063] X00=00000000 X06=00000003 X28=00000001 bltu    t1,t3,96
PC=00000234 [FCC42E03] X28=00000001 X08=00500000 X12=00000000 lw      t3,-52(s0/fp)
PC=00000238 [00200313] X06=00000002 X00=00000000 X02=004FFFC0 addi    t1,zero,2
PC=00000240 [026E0463] X08=00500000 X28=00000001 X06=00000002 beq     t3,t1,40
PC=00000240 [FCC42E03] X28=00000001 X08=00500000 X12=00000000 lw      t3,-52(s0/fp)
PC=00000244 [00200313] X06=00000002 X00=00000000 X02=004FFFC0 addi    t1,zero,2
PC=0000024C [05C36463] X08=00500000 X06=00000002 X28=00000001 bltu    t1,t3,72
PC=0000024C [FCC42303] X06=00000001 X08=00500000 X12=00000000 lw      t1,-52(s0/fp)
PC=00000254 [02030E63] X28=00000001 X06=00000001 X00=00000000 beq     t1,zero,60
PC=00000254 [FCC42E03] X28=00000001 X08=00500000 X12=00000000 lw      t3,-52(s0/fp)
PC=00000258 [00100313] X06=00000001 X00=00000000 X01=000001C0 addi    t1,zero,1
PC=00000278 [006E0E63] X28=00000001 X28=00000001 X06=00000001 beq     t3,t1,28
PC=00000278 [FE842E03] X28=10A27602 X08=00500000 X08=00500000 lw      t3,-24(s0/fp)
PC=0000027C [FDC42303] X06=82348243 X08=00500000 X28=10A27602 lw      t1,-36(s0/fp)
PC=00000280 [006E0333] X06=92D6F845 X28=10A27602 X06=82348243 add     t1,t3,t1
PC=00000284 [FE642423] X08=00500000 X08=00500000 X06=92D6F845 sw      t1,-24(s0/fp)
PC=00000288 [0080006F] X00=00000000 X00=00000000 X08=00500000 jal     zero,8
PC=00000290 [FE442303] X06=F3735904 X08=00500000 X04=00000000 lw      t1,-28(s0/fp)
PC=00000294 [00137313] X06=00000000 X06=F3735904 X01=000001C0 andi    t1,t1,1
PC=000002A8 [00030863] X16=00000000 X06=00000000 X00=00000000 beq     t1,zero,16
PC=000002A8 [FE042023] X00=00000000 X08=00500000 X00=00000000 sw      zero,-32(s0/fp)
PC=000002AC [FE442303] X06=F3735904 X08=00500000 X04=00000000 lw      t1,-28(s0/fp)
PC=000002B0 [00135313] X06=79B9AC82 X06=F3735904 X01=000001C0 srli    t1,t1,1
PC=000002B4 [FE642223] X04=00000000 X08=00500000 X06=79B9AC82 sw      t1,-28(s0/fp)
PC=000002B8 [FE842303] X06=92D6F845 X08=00500000 X08=00500000 lw      t1,-24(s0/fp)
PC=000002BC [00137313] X06=00000001 X06=92D6F845 X01=000001C0 andi    t1,t1,1
PC=000002C4 [00030C63] X24=00000000 X06=00000001 X00=00000000 beq     t1,zero,24
PC=000002C4 [FE442E03] X28=79B9AC82 X08=00500000 X04=00000000 lw      t3,-28(s0/fp)
PC=000002C8 [80000337] X06=80000000 X00=00000000 X00=00000000 lui     t1,2147483648
PC=000002CC [006E6333] X06=F9B9AC82 X28=79B9AC82 X06=80000000 or      t1,t3,t1
PC=000002D0 [FE642223] X04=00000000 X08=00500000 X06=F9B9AC82 sw      t1,-28(s0/fp)
PC=000002D4 [0180006F] X00=00000000 X00=00000000 X24=00000000 jal     zero,24
PC=000002EC [FE842303] X06=92D6F845 X08=00500000 X08=00500000 lw      t1,-24(s0/fp)
PC=000002F0 [00135313] X06=496B7C22 X06=92D6F845 X01=000001C0 srli    t1,t1,1
PC=000002F4 [FE642423] X08=00500000 X08=00500000 X06=496B7C22 sw      t1,-24(s0/fp)
PC=000002F8 [FE842E03] X28=496B7C22 X08=00500000 X08=00500000 lw      t3,-24(s0/fp)
PC=000002FC [40000337] X06=40000000 X00=00000000 X00=00000000 lui     t1,1073741824
PC=00000300 [006E7333] X06=40000000 X28=496B7C22 X06=40000000 and     t1,t3,t1
PC=00000308 [00030A63] X20=00000000 X06=40000000 X00=00000000 beq     t1,zero,20
PC=00000308 [FE842E03] X28=496B7C22 X08=00500000 X08=00500000 lw      t3,-24(s0/fp)
PC=0000030C [80000337] X06=80000000 X00=00000000 X00=00000000 lui     t1,2147483648
PC=00000310 [006E6333] X06=C96B7C22 X28=496B7C22 X06=80000000 or      t1,t3,t1
PC=00000314 [FE642423] X08=00500000 X08=00500000 X06=C96B7C22 sw      t1,-24(s0/fp)
PC=00000318 [FEF44303] X06=0000000A X08=00500000 X15=00000000 lbu     t1,-17(s0/fp)
PC=0000031C [FFF30313] X06=00000009 X06=0000000A X31=00000000 addi    t1,t1,-1
PC=00000320 [FE6407A3] X15=00000000 X08=00500000 X06=00000009 sb      t1,-17(s0/fp)
PC=00000324 [FEF44303] X06=00000009 X08=00500000 X15=00000000 lbu     t1,-17(s0/fp)
PC=00000200 [EC031CE3] X25=00000000 X06=00000009 X00=00000000 bne     t1,zero,-296
PC=00000200 [FE442303] X06=F9B9AC82 X08=00500000 X04=00000000 lw      t1,-28(s0/fp)
PC=00000204 [00131313] X06=F3735904 X06=F9B9AC82 X01=000001C0 slli    t1,t1,1
PC=00000208 [00237E13] X28=00000000 X06=F3735904 X02=004FFFC0 andi    t3,t1,2
PC=0000020C [FE042303] X06=00000000 X08=00500000 X00=00000000 lw      t1,-32(s0/fp)
PC=00000210 [00137313] X06=00000000 X06=00000000 X01=000001C0 andi    t1,t1,1
PC=00000214 [006E6333] X06=00000000 X28=00000000 X06=00000000 or      t1,t3,t1
PC=00000218 [FC642623] X12=00000000 X08=00500000 X06=00000000 sw      t1,-52(s0/fp)
PC=0000021C [FCC42E03] X28=00000000 X08=00500000 X12=00000000 lw      t3,-52(s0/fp)
PC=00000220 [00300313] X06=00000003 X00=00000000 X03=00000000 addi    t1,zero,3
PC=00000228 [066E0463] X08=00500000 X28=00000000 X06=00000003 beq     t3,t1,104
PC=00000228 [FCC42E03] X28=00000000 X08=00500000 X12=00000000 lw      t3,-52(s0/fp)
PC=0000022C [00300313] X06=00000003 X00=00000000 X03=00000000 addi    t1,zero,3
PC=00000234 [07C36063] X00=00000000 X06=00000003 X28=00000000 bltu    t1,t3,96
PC=00000234 [FCC42E03] X28=00000000 X08=00500000 X12=00000000 lw      t3,-52(s0/fp)
PC=00000238 [00200313] X06=00000002 X00=00000000 X02=004FFFC0 addi    t1,zero,2
PC=00000240 [026E0463] X08=00500000 X28=00000000 X06=00000002 beq     t3,t1,40
PC=00000240 [FCC42E03] X28=00000000 X08=00500000 X12=00000000 lw      t3,-52(s0/fp)
PC=00000244 [00200313] X06=00000002 X00=00000000 X02=004FFFC0 addi    t1,zero,2
PC=0000024C [05C36463] X08=00500000 X06=00000002 X28=00000000 bltu    t1,t3,72
PC=0000024C [FCC42303] X06=00000000 X08=00500000 X12=00000000 lw      t1,-52(s0/fp)
PC=0000028C [02030E63] X28=00000000 X06=00000000 X00=00000000 beq     t1,zero,60
PC=0000028C [00000013] X00=00000000 X00=00000000 X00=00000000 addi    zero,zero,0
PC=00000290 [FE442303] X06=F9B9AC82 X08=00500000 X04=00000000 lw      t1,-28(s0/fp)
PC=00000294 [00137313] X06=00000000 X06=F9B9AC82 X01=000001C0 andi    t1,t1,1
PC=000002A8 [00030863] X16=00000000 X06=00000000 X00=00000000 beq     t1,zero,16
PC=000002A8 [FE042023] X00=00000000 X08=00500000 X00=00000000 sw      zero,-32(s0/fp)
PC=000002AC [FE442303] X06=F9B9AC82 X08=00500000 X04=00000000 lw      t1,-28(s0/fp)
PC=000002B0 [00135313] X06=7CDCD641 X06=F9B9AC82 X01=000001C0 srli    t1,t1,1
PC=000002B4 [FE642223] X04=00000000 X08=00500000 X06=7CDCD641 sw      t1,-28(s0/fp)
PC=000002B8 [FE842303] X06=C96B7C22 X08=00500000 X08=00500000 lw      t1,-24(s0/fp)
PC=000002BC [00137313] X06=00000000 X06=C96B7C22 X01=000001C0 andi    t1,t1,1
PC=000002D8 [00030C63] X24=00000000 X06=00000000 X00=00000000 beq     t1,zero,24
PC=000002D8 [FE442E03] X28=7CDCD641 X08=00500000 X04=00000000 lw      t3,-28(s0/fp)
PC=000002DC [80000337] X06=80000000 X00=00000000 X00=00000000 lui     t1,2147483648
PC=000002E0 [FFF34313] X06=7FFFFFFF X06=80000000 X31=00000000 xori    t1,t1,-1
PC=000002E4 [006E7333] X06=7CDCD641 X28=7CDCD641 X06=7FFFFFFF and     t1,t3,t1
PC=000002E8 [FE642223] X04=00000000 X08=00500000 X06=7CDCD641 sw      t1,-28(s0/fp)
PC=000002EC [FE842303] X06=C96B7C22 X08=00500000 X08=00500000 lw      t1,-24(s0/fp)
PC=000002F0 [00135313] X06=64B5BE11 X06=C96B7C22 X01=000001C0 srli    t1,t1,1
PC=000002F4 [FE642423] X08=00500000 X08=00500000 X06=64B5BE11 sw      t1,-24(s0/fp)
PC=000002F8 [FE842E03] X28=64B5BE11 X08=00500000 X08=00500000 lw      t3,-24(s0/fp)
PC=000002FC [40000337] X06=40000000 X00=00000000 X00=00000000 lui     t1,1073741824
PC=00000300 [006E7333] X06=40000000 X28=64B5BE11 X06=40000000 and     t1,t3,t1
PC=00000308 [00030A63] X20=00000000 X06=40000000 X00=00000000 beq     t1,zero,20
PC=00000308 [FE842E03] X28=64B5BE11 X08=00500000 X08=00500000 lw      t3,-24(s0/fp)
PC=0000030C [80000337] X06=80000000 X00=00000000 X00=00000000 lui     t1,2147483648
PC=00000310 [006E6333] X06=E4B5BE11 X28=64B5BE11 X06=80000000 or      t1,t3,t1
PC=00000314 [FE642423] X08=00500000 X08=00500000 X06=E4B5BE11 sw      t1,-24(s0/fp)
PC=00000318 [FEF44303] X06=00000009 X08=00500000 X15=00000000 lbu     t1,-17(s0/fp)
PC=0000031C [FFF30313] X06=00000008 X06=00000009 X31=00000000 addi    t1,t1,-1
PC=00000320 [FE6407A3] X15=00000000 X08=00500000 X06=00000008 sb      t1,-17(s0/fp)
PC=00000324 [FEF44303] X06=00000008 X08=00500000 X15=00000000 lbu     t1,-17(s0/fp)
PC=00000200 [EC031CE3] X25=00000000 X06=00000008 X00=00000000 bne     t1,zero,-296
PC=00000200 [FE442303] X06=7CDCD641 X08=00500000 X04=00000000 lw      t1,-28(s0/fp)
PC=00000204 [00131313] X06=F9B9AC82 X06=7CDCD641 X01=000001C0 slli    t1,t1,1
PC=00000208 [00237E13] X28=00000002 X06=F9B9AC82 X02=004FFFC0 andi    t3,t1,2
PC=0000020C [FE042303] X06=00000000 X08=00500000 X00=00000000 lw      t1,-32(s0/fp)
PC=00000210 [00137313] X06=00000000 X06=00000000 X01=000001C0 andi    t1,t1,1
PC=00000214 [006E6333] X06=00000002 X28=00000002 X06=00000000 or      t1,t3,t1
PC=00000218 [FC642623] X12=00000000 X08=00500000 X06=00000002 sw      t1,-52(s0/fp)
PC=0000021C [FCC42E03] X28=00000002 X08=00500000 X12=00000000 lw      t3,-52(s0/fp)
PC=00000220 [00300313] X06=00000003 X00=00000000 X03=00000000 addi    t1,zero,3
PC=00000228 [066E0463] X08=00500000 X28=00000002 X06=00000003 beq     t3,t1,104
PC=00000228 [FCC42E03] X28=00000002 X08=00500000 X12=00000000 lw      t3,-52(s0/fp)
PC=0000022C [00300313] X06=00000003 X00=00000000 X03=00000000 addi    t1,zero,3
PC=00000234 [07C36063] X00=00000000 X06=00000003 X28=00000002 bltu    t1,t3,96
PC=00000234 [FCC42E03] X28=00000002 X08=00500000 X12=00000000 lw      t3,-52(s0/fp)
PC=00000238 [00200313] X06=00000002 X00=00000000 X02=004FFFC0 addi    t1,zero,2
PC=00000264 [026E0463] X08=00500000 X28=00000002 X06=00000002 beq     t3,t1,40
PC=00000264 [FE842E03] X28=E4B5BE11 X08=00500000 X08=00500000 lw      t3,-24(s0/fp)
PC=00000268 [FDC42303] X06=82348243 X08=00500000 X28=E4B5BE11 lw      t1,-36(s0/fp)
PC=0000026C [406E0333] X06=62813BCE X28=E4B5BE11 X06=82348243 sub     t1,t3,t1
PC=00000270 [FE642423] X08=00500000 X08=00500000 X06=62813BCE sw      t1,-24(s0/fp)
PC=00000274 [01C0006F] X00=00000000 X00=00000000 X28=E4B5BE11 jal     zero,28
PC=00000290 [FE442303] X06=7CDCD641 X08=00500000 X04=00000000 lw      t1,-28(s0/fp)
PC=00000294 [00137313] X06=00000001 X06=7CDCD641 X01=000001C0 andi    t1,t1,1
PC=0000029C [00030863] X16=00000000 X06=00000001 X00=00000000 beq     t1,zero,16
PC=0000029C [00100313] X06=00000001 X00=00000000 X01=000001C0 addi    t1,zero,1
PC=000002A0 [FE642023] X00=00000000 X08=00500000 X06=00000001 sw      t1,-32(s0/fp)
PC=000002A4 [0080006F] X00=00000000 X00=00000000 X08=00500000 jal     zero,8
PC=000002AC [FE442303] X06=7CDCD641 X08=00500000 X04=00000000 lw      t1,-28(s0/fp)
PC=000002B0 [00135313] X06=3E6E6B20 X06=7CDCD641 X01=000001C0 srli    t1,t1,1
PC=000002B4 [FE642223] X04=00000000 X08=00500000 X06=3E6E6B20 sw      t1,-28(s0/fp)
PC=000002B8 [FE842303] X06=62813BCE X08=00500000 X08=00500000 lw      t1,-24(s0/fp)
PC=000002BC [00137313] X06=00000000 X06=62813BCE X01=000001C0 andi    t1,t1,1
PC=000002D8 [00030C63] X24=00000000 X06=00000000 X00=00000000 beq     t1,zero,24
PC=000002D8 [FE442E03] X28=3E6E6B20 X08=00500000 X04=00000000 lw      t3,-28(s0/fp)
PC=000002DC [80000337] X06=80000000 X00=00000000 X00=00000000 lui     t1,2147483648
PC=000002E0 [FFF34313] X06=7FFFFFFF X06=80000000 X31=00000000 xori    t1,t1,-1
PC=000002E4 [006E7333] X06=3E6E6B20 X28=3E6E6B20 X06=7FFFFFFF and     t1,t3,t1
PC=000002E8 [FE642223] X04=00000000 X08=00500000 X06=3E6E6B20 sw      t1,-28(s0/fp)
PC=000002EC [FE842303] X06=62813BCE X08=00500000 X08=00500000 lw      t1,-24(s0/fp)
PC=000002F0 [00135313] X06=31409DE7 X06=62813BCE X01=000001C0 srli    t1,t1,1
PC=000002F4 [FE642423] X08=00500000 X08=00500000 X06=31409DE7 sw      t1,-24(s0/fp)
PC=000002F8 [FE842E03] X28=31409DE7 X08=00500000 X08=00500000 lw      t3,-24(s0/fp)
PC=000002FC [40000337] X06=40000000 X00=00000000 X00=00000000 lui     t1,1073741824
PC=00000300 [006E7333] X06=00000000 X28=31409DE7 X06=40000000 and     t1,t3,t1
PC=00000318 [00030A63] X20=00000000 X06=00000000 X00=00000000 beq     t1,zero,20
PC=00000318 [FEF44303] X06=00000008 X08=00500000 X15=00000000 lbu     t1,-17(s0/fp)
PC=0000031C [FFF30313] X06=00000007 X06=00000008 X31=00000000 addi    t1,t1,-1
PC=00000320 [FE6407A3] X15=00000000 X08=00500000 X06=00000007 sb      t1,-17(s0/fp)
PC=00000324 [FEF44303] X06=00000007 X08=00500000 X15=00000000 lbu     t1,-17(s0/fp)
PC=00000200 [EC031CE3] X25=00000000 X06=00000007 X00=00000000 bne     t1,zero,-296
PC=00000200 [FE442303] X06=3E6E6B20 X08=00500000 X04=00000000 lw      t1,-28(s0/fp)
PC=00000204 [00131313] X06=7CDCD640 X06=3E6E6B20 X01=000001C0 slli    t1,t1,1
PC=00000208 [00237E13] X28=00000000 X06=7CDCD640 X02=004FFFC0 andi    t3,t1,2
PC=0000020C [FE042303] X06=00000001 X08=00500000 X00=00000000 lw      t1,-32(s0/fp)
PC=00000210 [00137313] X06=00000001 X06=00000001 X01=000001C0 andi    t1,t1,1
PC=00000214 [006E6333] X06=00000001 X28=00000000 X06=00000001 or      t1,t3,t1
PC=00000218 [FC642623] X12=00000000 X08=00500000 X06=00000001 sw      t1,-52(s0/fp)
PC=0000021C [FCC42E03] X28=00000001 X08=00500000 X12=00000000 lw      t3,-52(s0/fp)
PC=00000220 [00300313] X06=00000003 X00=00000000 X03=00000000 addi    t1,zero,3
PC=00000228 [066E0463] X08=00500000 X28=00000001 X06=00000003 beq     t3,t1,104
PC=00000228 [FCC42E03] X28=00000001 X08=00500000 X12=00000000 lw      t3,-52(s0/fp)
PC=0000022C [00300313] X06=00000003 X00=00000000 X03=00000000 addi    t1,zero,3
PC=00000234 [07C36063] X00=00000000 X06=00000003 X28=00000001 bltu    t1,t3,96
PC=00000234 [FCC42E03] X28=00000001 X08=00500000 X12=00000000 lw      t3,-52(s0/fp)
PC=00000238 [00200313] X06=00000002 X00=00000000 X02=004FFFC0 addi    t1,zero,2
PC=00000240 [026E0463] X08=00500000 X28=00000001 X06=00000002 beq     t3,t1,40
PC=00000240 [FCC42E03] X28=00000001 X08=00500000 X12=00000000 lw      t3,-52(s0/fp)
PC=00000244 [00200313] X06=00000002 X00=00000000 X02=004FFFC0 addi    t1,zero,2
PC=0000024C [05C36463] X08=00500000 X06=00000002 X28=00000001 bltu    t1,t3,72
PC=0000024C [FCC42303] X06=00000001 X08=00500000 X12=00000000 lw      t1,-52(s0/fp)
PC=00000254 [02030E63] X28=00000001 X06=00000001 X00=00000000 beq     t1,zero,60
PC=00000254 [FCC42E03] X28=00000001 X08=00500000 X12=00000000 lw      t3,-52(s0/fp)
PC=00000258 [00100313] X06=00000001 X00=00000000 X01=000001C0 addi    t1,zero,1
PC=00000278 [006E0E63] X28=00000001 X28=00000001 X06=00000001 beq     t3,t1,28
PC=00000278 [FE842E03] X28=31409DE7 X08=00500000 X08=00500000 lw      t3,-24(s0/fp)
PC=0000027C [FDC42303] X06=82348243 X08=00500000 X28=31409DE7 lw      t1,-36(s0/fp)
PC=00000280 [006E0333] X06=B375202A X28=31409DE7 X06=82348243 add     t1,t3,t1
PC=00000284 [FE642423] X08=00500000 X08=00500000 X06=B375202A sw      t1,-24(s0/fp)
PC=00000288 [0080006F] X00=00000000 X00=00000000 X08=00500000 jal     zero,8
PC=00000290 [FE442303] X06=3E6E6B20 X08=00500000 X04=00000000 lw      t1,-28(s0/fp)
PC=00000294 [00137313] X06=00000000 X06=3E6E6B20 X01=000001C0 andi    t1,t1,1
PC=000002A8 [00030863] X16=00000000 X06=00000000 X00=00000000 beq     t1,zero,16
PC=000002A8 [FE042023] X00=00000000 X08=00500000 X00=00000000 sw      zero,-32(s0/fp)
PC=000002AC [FE442303] X06=3E6E6B20 X08=00500000 X04=00000000 lw      t1,-28(s0/fp)
PC=000002B0 [00135313] X06=1F373590 X06=3E6E6B20 X01=000001C0 srli    t1,t1,1
PC=000002B4 [FE642223] X04=00000000 X08=00500000 X06=1F373590 sw      t1,-28(s0/fp)
PC=000002B8 [FE842303] X06=B375202A X08=00500000 X08=00500000 lw      t1,-24(s0/fp)
PC=000002BC [00137313] X06=00000000 X06=B375202A X01=000001C0 andi    t1,t1,1
PC=000002D8 [00030C63] X24=00000000 X06=00000000 X00=00000000 beq     t1,zero,24
PC=000002D8 [FE442E03] X28=1F373590 X08=00500000 X04=00000000 lw      t3,-28(s0/fp)
PC=000002DC [80000337] X06=80000000 X00=00000000 X00=00000000 lui     t1,2147483648
PC=000002E0 [FFF34313] X06=7FFFFFFF X06=80000000 X31=00000000 xori    t1,t1,-1
PC=000002E4 [006E7333] X06=1F373590 X28=1F373590 X06=7FFFFFFF and     t1,t3,t1
PC=000002E8 [FE642223] X04=00000000 X08=00500000 X06=1F373590 sw      t1,-28(s0/fp)
PC=000002EC [FE842303] X06=B375202A X08=00500000 X08=00500000 lw      t1,-24(s0/fp)
PC=000002F0 [00135313] X06=59BA9015 X06=B375202A X01=000001C0 srli    t1,t1,1
PC=000002F4 [FE642423] X08=00500000 X08=00500000 X06=59BA9015 sw      t1,-24(s0/fp)
PC=000002F8 [FE842E03] X28=59BA9015 X08=00500000 X08=00500000 lw      t3,-24(s0/fp)
PC=000002FC [40000337] X06=40000000 X00=00000000 X00=00000000 lui     t1,1073741824
PC=00000300 [006E7333] X06=40000000 X28=59BA9015 X06=40000000 and     t1,t3,t1
PC=00000308 [00030A63] X20=00000000 X06=40000000 X00=00000000 beq     t1,zero,20
PC=00000308 [FE842E03] X28=59BA9015 X08=00500000 X08=00500000 lw      t3,-24(s0/fp)
PC=0000030C [80000337] X06=80000000 X00=00000000 X00=00000000 lui     t1,2147483648
PC=00000310 [006E6333] X06=D9BA9015 X28=59BA9015 X06=80000000 or      t1,t3,t1
PC=00000314 [FE642423] X08=00500000 X08=00500000 X06=D9BA9015 sw      t1,-24(s0/fp)
PC=00000318 [FEF44303] X06=00000007 X08=00500000 X15=00000000 lbu     t1,-17(s0/fp)
PC=0000031C [FFF30313] X06=00000006 X06=00000007 X31=00000000 addi    t1,t1,-1
PC=00000320 [FE6407A3] X15=00000000 X08=00500000 X06=00000006 sb      t1,-17(s0/fp)
PC=00000324 [FEF44303] X06=00000006 X08=00500000 X15=00000000 lbu     t1,-17(s0/fp)
PC=00000200 [EC031CE3] X25=00000000 X06=00000006 X00=00000000 bne     t1,zero,-296
PC=00000200 [FE442303] X06=1F373590 X08=00500000 X04=00000000 lw      t1,-28(s0/fp)
PC=00000204 [00131313] X06=3E6E6B20 X06=1F373590 X01=000001C0 slli    t1,t1,1
PC=00000208 [00237E13] X28=00000000 X06=3E6E6B20 X02=004FFFC0 andi    t3,t1,2
PC=0000020C [FE042303] X06=00000000 X08=00500000 X00=00000000 lw      t1,-32(s0/fp)
PC=00000210 [00137313] X06=00000000 X06=00000000 X01=000001C0 andi    t1,t1,1
PC=00000214 [006E6333] X06=00000000 X28=00000000 X06=00000000 or      t1,t3,t1
PC=00000218 [FC642623] X12=00000000 X08=00500000 X06=00000000 sw      t1,-52(s0/fp)
PC=0000021C [FCC42E03] X28=00000000 X08=00500000 X12=00000000 lw      t3,-52(s0/fp)
PC=00000220 [00300313] X06=00000003 X00=00000000 X03=00000000 addi    t1,zero,3
PC=00000228 [066E0463] X08=00500000 X28=00000000 X06=00000003 beq     t3,t1,104
PC=00000228 [FCC42E03] X28=00000000 X08=00500000 X12=00000000 lw      t3,-52(s0/fp)
PC=0000022C [00300313] X06=00000003 X00=00000000 X03=00000000 addi    t1,zero,3
PC=00000234 [07C36063] X00=00000000 X06=00000003 X28=00000000 bltu    t1,t3,96
PC=00000234 [FCC42E03] X28=00000000 X08=00500000 X12=00000000 lw      t3,-52(s0/fp)
PC=00000238 [00200313] X06=00000002 X00=00000000 X02=004FFFC0 addi    t1,zero,2
PC=00000240 [026E0463] X08=00500000 X28=00000000 X06=00000002 beq     t3,t1,40
PC=00000240 [FCC42E03] X28=00000000 X08=00500000 X12=00000000 lw      t3,-52(s0/fp)
PC=00000244 [00200313] X06=00000002 X00=00000000 X02=004FFFC0 addi    t1,zero,2
PC=0000024C [05C36463] X08=00500000 X06=00000002 X28=00000000 bltu    t1,t3,72
PC=0000024C [FCC42303] X06=00000000 X08=00500000 X12=00000000 lw      t1,-52(s0/fp)
PC=0000028C [02030E63] X28=00000000 X06=00000000 X00=00000000 beq     t1,zero,60
PC=0000028C [00000013] X00=00000000 X00=00000000 X00=00000000 addi    zero,zero,0
PC=00000290 [FE442303] X06=1F373590 X08=00500000 X04=00000000 lw      t1,-28(s0/fp)
PC=00000294 [00137313] X06=00000000 X06=1F373590 X01=000001C0 andi    t1,t1,1
PC=000002A8 [00030863] X16=00000000 X06=00000000 X00=00000000 beq     t1,zero,16
PC=000002A8 [FE042023] X00=00000000 X08=00500000 X00=00000000 sw      zero,-32(s0/fp)
PC=000002AC [FE442303] X06=1F373590 X08=00500000 X04=00000000 lw      t1,-28(s0/fp)
PC=000002B0 [00135313] X06=0F9B9AC8 X06=1F373590 X01=000001C0 srli    t1,t1,1
PC=000002B4 [FE642223] X04=00000000 X08=00500000 X06=0F9B9AC8 sw      t1,-28(s0/fp)
PC=000002B8 [FE842303] X06=D9BA9015 X08=00500000 X08=00500000 lw      t1,-24(s0/fp)
PC=000002BC [00137313] X06=00000001 X06=D9BA9015 X01=000001C0 andi    t1,t1,1
PC=000002C4 [00030C63] X24=00000000 X06=00000001 X00=00000000 beq     t1,zero,24
PC=000002C4 [FE442E03] X28=0F9B9AC8 X08=00500000 X04=00000000 lw      t3,-28(s0/fp)
PC=000002C8 [80000337] X06=80000000 X00=00000000 X00=00000000 lui     t1,2147483648
PC=000002CC [006E6333] X06=8F9B9AC8 X28=0F9B9AC8 X06=80000000 or      t1,t3,t1
PC=000002D0 [FE642223] X04=00000000 X08=00500000 X06=8F9B9AC8 sw      t1,-28(s0/fp)
PC=000002D4 [0180006F] X00=00000000 X00=00000000 X24=00000000 jal     zero,24
PC=000002EC [FE842303] X06=D9BA9015 X08=00500000 X08=00500000 lw      t1,-24(s0/fp)
PC=000002F0 [00135313] X06=6CDD480A X06=D9BA9015 X01=000001C0 srli    t1,t1,1
PC=000002F4 [FE642423] X08=00500000 X08=00500000 X06=6CDD480A sw      t1,-24(s0/fp)
PC=000002F8 [FE842E03] X28=6CDD480A X08=00500000 X08=00500000 lw      t3,-24(s0/fp)
PC=000002FC [40000337] X06=40000000 X00=00000000 X00=00000000 lui     t1,1073741824
PC=00000300 [006E7333] X06=40000000 X28=6CDD480A X06=40000000 and     t1,t3,t1
PC=00000308 [00030A63] X20=00000000 X06=40000000 X00=00000000 beq     t1,zero,20
PC=00000308 [FE842E03] X28=6CDD480A X08=00500000 X08=00500000 lw      t3,-24(s0/fp)
PC=0000030C [80000337] X06=80000000 X00=00000000 X00=00000000 lui     t1,2147483648
PC=00000310 [006E6333] X06=ECDD480A X28=6CDD480A X06=80000000 or      t1,t3,t1
PC=00000314 [FE642423] X08=00500000 X08=00500000 X06=ECDD480A sw      t1,-24(s0/fp)
PC=00000318 [FEF44303] X06=00000006 X08=00500000 X15=00000000 lbu     t1,-17(s0/fp)
PC=0000031C [FFF30313] X06=00000005 X06=00000006 X31=00000000 addi    t1,t1,-1
PC=00000320 [FE6407A3] X15=00000000 X08=00500000 X06=00000005 sb      t1,-17(s0/fp)
PC=00000324 [FEF44303] X06=00000005 X08=00500000 X15=00000000 lbu     t1,-17(s0/fp)
PC=00000200 [EC031CE3] X25=00000000 X06=00000005 X00=00000000 bne     t1,zero,-296
PC=00000200 [FE442303] X06=8F9B9AC8 X08=00500000 X04=00000000 lw      t1,-28(s0/fp)
PC=00000204 [00131313] X06=1F373590 X06=8F9B9AC8 X01=000001C0 slli    t1,t1,1
PC=00000208 [00237E13] X28=00000000 X06=1F373590 X02=004FFFC0 andi    t3,t1,2
PC=0000020C [FE042303] X06=00000000 X08=00500000 X00=00000000 lw      t1,-32(s0/fp)
PC=00000210 [00137313] X06=00000000 X06=00000000 X01=000001C0 andi    t1,t1,1
PC=00000214 [006E6333] X06=00000000 X28=00000000 X06=00000000 or      t1,t3,t1
PC=00000218 [FC642623] X12=00000000 X08=00500000 X06=00000000 sw      t1,-52(s0/fp)
PC=0000021C [FCC42E03] X28=00000000 X08=00500000 X12=00000000 lw      t3,-52(s0/fp)
PC=00000220 [00300313] X06=00000003 X00=00000000 X03=00000000 addi    t1,zero,3
PC=00000228 [066E0463] X08=00500000 X28=00000000 X06=00000003 beq     t3,t1,104
PC=00000228 [FCC42E03] X28=00000000 X08=00500000 X12=00000000 lw      t3,-52(s0/fp)
PC=0000022C [00300313] X06=00000003 X00=00000000 X03=00000000 addi    t1,zero,3
PC=00000234 [07C36063] X00=00000000 X06=00000003 X28=00000000 bltu    t1,t3,96
PC=00000234 [FCC42E03] X28=00000000 X08=00500000 X12=00000000 lw      t3,-52(s0/fp)
PC=00000238 [00200313] X06=00000002 X00=00000000 X02=004FFFC0 addi    t1,zero,2
PC=00000240 [026E0463] X08=00500000 X28=00000000 X06=00000002 beq     t3,t1,40
PC=00000240 [FCC42E03] X28=00000000 X08=00500000 X12=00000000 lw      t3,-52(s0/fp)
PC=00000244 [00200313] X06=00000002 X00=00000000 X02=004FFFC0 addi    t1,zero,2
PC=0000024C [05C36463] X08=00500000 X06=00000002 X28=00000000 bltu    t1,t3,72
PC=0000024C [FCC42303] X06=00000000 X08=00500000 X12=00000000 lw      t1,-52(s0/fp)
PC=0000028C [02030E63] X28=00000000 X06=00000000 X00=00000000 beq     t1,zero,60
PC=0000028C [00000013] X00=00000000 X00=00000000 X00=00000000 addi    zero,zero,0
PC=00000290 [FE442303] X06=8F9B9AC8 X08=00500000 X04=00000000 lw      t1,-28(s0/fp)
PC=00000294 [00137313] X06=00000000 X06=8F9B9AC8 X01=000001C0 andi    t1,t1,1
PC=000002A8 [00030863] X16=00000000 X06=00000000 X00=00000000 beq     t1,zero,16
PC=000002A8 [FE042023] X00=00000000 X08=00500000 X00=00000000 sw      zero,-32(s0/fp)
PC=000002AC [FE442303] X06=8F9B9AC8 X08=00500000 X04=00000000 lw      t1,-28(s0/fp)
PC=000002B0 [00135313] X06=47CDCD64 X06=8F9B9AC8 X01=000001C0 srli    t1,t1,1
PC=000002B4 [FE642223] X04=00000000 X08=00500000 X06=47CDCD64 sw      t1,-28(s0/fp)
PC=000002B8 [FE842303] X06=ECDD480A X08=00500000 X08=00500000 lw      t1,-24(s0/fp)
PC=000002BC [00137313] X06=00000000 X06=ECDD480A X01=000001C0 andi    t1,t1,1
PC=000002D8 [00030C63] X24=00000000 X06=00000000 X00=00000000 beq     t1,zero,24
PC=000002D8 [FE442E03] X28=47CDCD64 X08=00500000 X04=00000000 lw      t3,-28(s0/fp)
PC=000002DC [80000337] X06=80000000 X00=00000000 X00=00000000 lui     t1,2147483648
PC=000002E0 [FFF34313] X06=7FFFFFFF X06=80000000 X31=00000000 xori    t1,t1,-1
PC=000002E4 [006E7333] X06=47CDCD64 X28=47CDCD64 X06=7FFFFFFF and     t1,t3,t1
PC=000002E8 [FE642223] X04=00000000 X08=00500000 X06=47CDCD64 sw      t1,-28(s0/fp)
PC=000002EC [FE842303] X06=ECDD480A X08=00500000 X08=00500000 lw      t1,-24(s0/fp)
PC=000002F0 [00135313] X06=766EA405 X06=ECDD480A X01=000001C0 srli    t1,t1,1
PC=000002F4 [FE642423] X08=00500000 X08=00500000 X06=766EA405 sw      t1,-24(s0/fp)
PC=000002F8 [FE842E03] X28=766EA405 X08=00500000 X08=00500000 lw      t3,-24(s0/fp)
PC=000002FC [40000337] X06=40000000 X00=00000000 X00=00000000 lui     t1,1073741824
PC=00000300 [006E7333] X06=40000000 X28=766EA405 X06=40000000 and     t1,t3,t1
PC=00000308 [00030A63] X20=00000000 X06=40000000 X00=00000000 beq     t1,zero,20
PC=00000308 [FE842E03] X28=766EA405 X08=00500000 X08=00500000 lw      t3,-24(s0/fp)
PC=0000030C [80000337] X06=80000000 X00=00000000 X00=00000000 lui     t1,2147483648
PC=00000310 [006E6333] X06=F66EA405 X28=766EA405 X06=80000000 or      t1,t3,t1
PC=00000314 [FE642423] X08=00500000 X08=00500000 X06=F66EA405 sw      t1,-24(s0/fp)
PC=00000318 [FEF44303] X06=00000005 X08=00500000 X15=00000000 lbu     t1,-17(s0/fp)
PC=0000031C [FFF30313] X06=00000004 X06=00000005 X31=00000000 addi    t1,t1,-1
PC=00000320 [FE6407A3] X15=00000000 X08=00500000 X06=00000004 sb      t1,-17(s0/fp)
PC=00000324 [FEF44303] X06=00000004 X08=00500000 X15=00000000 lbu     t1,-17(s0/fp)
PC=00000200 [EC031CE3] X25=00000000 X06=00000004 X00=00000000 bne     t1,zero,-296
PC=00000200 [FE442303] X06=47CDCD64 X08=00500000 X04=00000000 lw      t1,-28(s0/fp)
PC=00000204 [00131313] X06=8F9B9AC8 X06=47CDCD64 X01=000001C0 slli    t1,t1,1
PC=00000208 [00237E13] X28=00000000 X06=8F9B9AC8 X02=004FFFC0 andi    t3,t1,2
PC=0000020C [FE042303] X06=00000000 X08=00500000 X00=00000000 lw      t1,-32(s0/fp)
PC=00000210 [00137313] X06=00000000 X06=00000000 X01=000001C0 andi    t1,t1,1
PC=00000214 [006E6333] X06=00000000 X28=00000000 X06=00000000 or      t1,t3,t1
PC=00000218 [FC642623] X12=00000000 X08=00500000 X06=00000000 sw      t1,-52(s0/fp)
PC=0000021C [FCC42E03] X28=00000000 X08=00500000 X12=00000000 lw      t3,-52(s0/fp)
PC=00000220 [00300313] X06=00000003 X00=00000000 X03=00000000 addi    t1,zero,3
PC=00000228 [066E0463] X08=00500000 X28=00000000 X06=00000003 beq     t3,t1,104
PC=00000228 [FCC42E03] X28=00000000 X08=00500000 X12=00000000 lw      t3,-52(s0/fp)
PC=0000022C [00300313] X06=00000003 X00=00000000 X03=00000000 addi    t1,zero,3
PC=00000234 [07C36063] X00=00000000 X06=00000003 X28=00000000 bltu    t1,t3,96
PC=00000234 [FCC42E03] X28=00000000 X08=00500000 X12=00000000 lw      t3,-52(s0/fp)
PC=00000238 [00200313] X06=00000002 X00=00000000 X02=004FFFC0 addi    t1,zero,2
PC=00000240 [026E0463] X08=00500000 X28=00000000 X06=00000002 beq     t3,t1,40
PC=00000240 [FCC42E03] X28=00000000 X08=00500000 X12=00000000 lw      t3,-52(s0/fp)
PC=00000244 [00200313] X06=00000002 X00=00000000 X02=004FFFC0 addi    t1,zero,2
PC=0000024C [05C36463] X08=00500000 X06=00000002 X28=00000000 bltu    t1,t3,72
PC=0000024C [FCC42303] X06=00000000 X08=00500000 X12=00000000 lw      t1,-52(s0/fp)
PC=0000028C [02030E63] X28=00000000 X06=00000000 X00=00000000 beq     t1,zero,60
PC=0000028C [00000013] X00=00000000 X00=00000000 X00=00000000 addi    zero,zero,0
PC=00000290 [FE442303] X06=47CDCD64 X08=00500000 X04=00000000 lw      t1,-28(s0/fp)
PC=00000294 [00137313] X06=00000000 X06=47CDCD64 X01=000001C0 andi    t1,t1,1
PC=000002A8 [00030863] X16=00000000 X06=00000000 X00=00000000 beq     t1,zero,16
PC=000002A8 [FE042023] X00=00000000 X08=00500000 X00=00000000 sw      zero,-32(s0/fp)
PC=000002AC [FE442303] X06=47CDCD64 X08=00500000 X04=00000000 lw      t1,-28(s0/fp)
PC=000002B0 [00135313] X06=23E6E6B2 X06=47CDCD64 X01=000001C0 srli    t1,t1,1
PC=000002B4 [FE642223] X04=00000000 X08=00500000 X06=23E6E6B2 sw      t1,-28(s0/fp)
PC=000002B8 [FE842303] X06=F66EA405 X08=00500000 X08=00500000 lw      t1,-24(s0/fp)
PC=000002BC [00137313] X06=00000001 X06=F66EA405 X01=000001C0 andi    t1,t1,1
PC=000002C4 [00030C63] X24=00000000 X06=00000001 X00=00000000 beq     t1,zero,24
PC=000002C4 [FE442E03] X28=23E6E6B2 X08=00500000 X04=00000000 lw      t3,-28(s0/fp)
PC=000002C8 [80000337] X06=80000000 X00=00000000 X00=00000000 lui     t1,2147483648
PC=000002CC [006E6333] X06=A3E6E6B2 X28=23E6E6B2 X06=80000000 or      t1,t3,t1
PC=000002D0 [FE642223] X04=00000000 X08=00500000 X06=A3E6E6B2 sw      t1,-28(s0/fp)
PC=000002D4 [0180006F] X00=00000000 X00=00000000 X24=00000000 jal     zero,24
PC=000002EC [FE842303] X06=F66EA405 X08=00500000 X08=00500000 lw      t1,-24(s0/fp)
PC=000002F0 [00135313] X06=7B375202 X06=F66EA405 X01=000001C0 srli    t1,t1,1
PC=000002F4 [FE642423] X08=00500000 X08=00500000 X06=7B375202 sw      t1,-24(s0/fp)
PC=000002F8 [FE842E03] X28=7B375202 X08=00500000 X08=00500000 lw      t3,-24(s0/fp)
PC=000002FC [40000337] X06=40000000 X00=00000000 X00=00000000 lui     t1,1073741824
PC=00000300 [006E7333] X06=40000000 X28=7B375202 X06=40000000 and     t1,t3,t1
PC=00000308 [00030A63] X20=00000000 X06=40000000 X00=00000000 beq     t1,zero,20
PC=00000308 [FE842E03] X28=7B375202 X08=00500000 X08=00500000 lw      t3,-24(s0/fp)
PC=0000030C [80000337] X06=80000000 X00=00000000 X00=00000000 lui     t1,2147483648
PC=00000310 [006E6333] X06=FB375202 X28=7B375202 X06=80000000 or      t1,t3,t1
PC=00000314 [FE642423] X08=00500000 X08=00500000 X06=FB375202 sw      t1,-24(s0/fp)
PC=00000318 [FEF44303] X06=00000004 X08=00500000 X15=00000000 lbu     t1,-17(s0/fp)
PC=0000031C [FFF30313] X06=00000003 X06=00000004 X31=00000000 addi    t1,t1,-1
PC=00000320 [FE6407A3] X15=00000000 X08=00500000 X06=00000003 sb      t1,-17(s0/fp)
PC=00000324 [FEF44303] X06=00000003 X08=00500000 X15=00000000 lbu     t1,-17(s0/fp)
PC=00000200 [EC031CE3] X25=00000000 X06=00000003 X00=00000000 bne     t1,zero,-296
PC=00000200 [FE442303] X06=A3E6E6B2 X08=00500000 X04=00000000 lw      t1,-28(s0/fp)
PC=00000204 [00131313] X06=47CDCD64 X06=A3E6E6B2 X01=000001C0 slli    t1,t1,1
PC=00000208 [00237E13] X28=00000000 X06=47CDCD64 X02=004FFFC0 andi    t3,t1,2
PC=0000020C [FE042303] X06=00000000 X08=00500000 X00=00000000 lw      t1,-32(s0/fp)
PC=00000210 [00137313] X06=00000000 X06=00000000 X01=000001C0 andi    t1,t1,1
PC=00000214 [006E6333] X06=00000000 X28=00000000 X06=00000000 or      t1,t3,t1
PC=00000218 [FC642623] X12=00000000 X08=00500000 X06=00000000 sw      t1,-52(s0/fp)
PC=0000021C [FCC42E03] X28=00000000 X08=00500000 X12=00000000 lw      t3,-52(s0/fp)
PC=00000220 [00300313] X06=00000003 X00=00000000 X03=00000000 addi    t1,zero,3
PC=00000228 [066E0463] X08=00500000 X28=00000000 X06=00000003 beq     t3,t1,104
PC=00000228 [FCC42E03] X28=00000000 X08=00500000 X12=00000000 lw      t3,-52(s0/fp)
PC=0000022C [00300313] X06=00000003 X00=00000000 X03=00000000 addi    t1,zero,3
PC=00000234 [07C36063] X00=00000000 X06=00000003 X28=00000000 bltu    t1,t3,96
PC=00000234 [FCC42E03] X28=00000000 X08=00500000 X12=00000000 lw      t3,-52(s0/fp)
PC=00000238 [00200313] X06=00000002 X00=00000000 X02=004FFFC0 addi    t1,zero,2
PC=00000240 [026E0463] X08=00500000 X28=00000000 X06=00000002 beq     t3,t1,40
PC=00000240 [FCC42E03] X28=00000000 X08=00500000 X12=00000000 lw      t3,-52(s0/fp)
PC=00000244 [00200313] X06=00000002 X00=00000000 X02=004FFFC0 addi    t1,zero,2
PC=0000024C [05C36463] X08=00500000 X06=00000002 X28=00000000 bltu    t1,t3,72
PC=0000024C [FCC42303] X06=00000000 X08=00500000 X12=00000000 lw      t1,-52(s0/fp)
PC=0000028C [02030E63] X28=00000000 X06=00000000 X00=00000000 beq     t1,zero,60
PC=0000028C [00000013] X00=00000000 X00=00000000 X00=00000000 addi    zero,zero,0
PC=00000290 [FE442303] X06=A3E6E6B2 X08=00500000 X04=00000000 lw      t1,-28(s0/fp)
PC=00000294 [00137313] X06=00000000 X06=A3E6E6B2 X01=000001C0 andi    t1,t1,1
PC=000002A8 [00030863] X16=00000000 X06=00000000 X00=00000000 beq     t1,zero,16
PC=000002A8 [FE042023] X00=00000000 X08=00500000 X00=00000000 sw      zero,-32(s0/fp)
PC=000002AC [FE442303] X06=A3E6E6B2 X08=00500000 X04=00000000 lw      t1,-28(s0/fp)
PC=000002B0 [00135313] X06=51F37359 X06=A3E6E6B2 X01=000001C0 srli    t1,t1,1
PC=000002B4 [FE642223] X04=00000000 X08=00500000 X06=51F37359 sw      t1,-28(s0/fp)
PC=000002B8 [FE842303] X06=FB375202 X08=00500000 X08=00500000 lw      t1,-24(s0/fp)
PC=000002BC [00137313] X06=00000000 X06=FB375202 X01=000001C0 andi    t1,t1,1
PC=000002D8 [00030C63] X24=00000000 X06=00000000 X00=00000000 beq     t1,zero,24
PC=000002D8 [FE442E03] X28=51F37359 X08=00500000 X04=00000000 lw      t3,-28(s0/fp)
PC=000002DC [80000337] X06=80000000 X00=00000000 X00=00000000 lui     t1,2147483648
PC=000002E0 [FFF34313] X06=7FFFFFFF X06=80000000 X31=00000000 xori    t1,t1,-1
PC=000002E4 [006E7333] X06=51F37359 X28=51F37359 X06=7FFFFFFF and     t1,t3,t1
PC=000002E8 [FE642223] X04=00000000 X08=00500000 X06=51F37359 sw      t1,-28(s0/fp)
PC=000002EC [FE842303] X06=FB375202 X08=00500000 X08=00500000 lw      t1,-24(s0/fp)
PC=000002F0 [00135313] X06=7D9BA901 X06=FB375202 X01=000001C0 srli    t1,t1,1
PC=000002F4 [FE642423] X08=00500000 X08=00500000 X06=7D9BA901 sw      t1,-24(s0/fp)
PC=000002F8 [FE842E03] X28=7D9BA901 X08=00500000 X08=00500000 lw      t3,-24(s0/fp)
PC=000002FC [40000337] X06=40000000 X00=00000000 X00=00000000 lui     t1,1073741824
PC=00000300 [006E7333] X06=40000000 X28=7D9BA901 X06=40000000 and     t1,t3,t1
PC=00000308 [00030A63] X20=00000000 X06=40000000 X00=00000000 beq     t1,zero,20
PC=00000308 [FE842E03] X28=7D9BA901 X08=00500000 X08=00500000 lw      t3,-24(s0/fp)
PC=0000030C [80000337] X06=80000000 X00=00000000 X00=00000000 lui     t1,2147483648
PC=00000310 [006E6333] X06=FD9BA901 X28=7D9BA901 X06=80000000 or      t1,t3,t1
PC=00000314 [FE642423] X08=00500000 X08=00500000 X06=FD9BA901 sw      t1,-24(s0/fp)
PC=00000318 [FEF44303] X06=00000003 X08=00500000 X15=00000000 lbu     t1,-17(s0/fp)
PC=0000031C [FFF30313] X06=00000002 X06=00000003 X31=00000000 addi    t1,t1,-1
PC=00000320 [FE6407A3] X15=00000000 X08=00500000 X06=00000002 sb      t1,-17(s0/fp)
PC=00000324 [FEF44303] X06=00000002 X08=00500000 X15=00000000 lbu     t1,-17(s0/fp)
PC=00000200 [EC031CE3] X25=00000000 X06=00000002 X00=00000000 bne     t1,zero,-296
PC=00000200 [FE442303] X06=51F37359 X08=00500000 X04=00000000 lw      t1,-28(s0/fp)
PC=00000204 [00131313] X06=A3E6E6B2 X06=51F37359 X01=000001C0 slli    t1,t1,1
PC=00000208 [00237E13] X28=00000002 X06=A3E6E6B2 X02=004FFFC0 andi    t3,t1,2
PC=0000020C [FE042303] X06=00000000 X08=00500000 X00=00000000 lw      t1,-32(s0/fp)
PC=00000210 [00137313] X06=00000000 X06=00000000 X01=000001C0 andi    t1,t1,1
PC=00000214 [006E6333] X06=00000002 X28=00000002 X06=00000000 or      t1,t3,t1
PC=00000218 [FC642623] X12=00000000 X08=00500000 X06=00000002 sw      t1,-52(s0/fp)
PC=0000021C [FCC42E03] X28=00000002 X08=00500000 X12=00000000 lw      t3,-52(s0/fp)
PC=00000220 [00300313] X06=00000003 X00=00000000 X03=00000000 addi    t1,zero,3
PC=00000228 [066E0463] X08=00500000 X28=00000002 X06=00000003 beq     t3,t1,104
PC=00000228 [FCC42E03] X28=00000002 X08=00500000 X12=00000000 lw      t3,-52(s0/fp)
PC=0000022C [00300313] X06=00000003 X00=00000000 X03=00000000 addi    t1,zero,3
PC=00000234 [07C36063] X00=00000000 X06=00000003 X28=00000002 bltu    t1,t3,96
PC=00000234 [FCC42E03] X28=00000002 X08=00500000 X12=00000000 lw      t3,-52(s0/fp)
PC=00000238 [00200313] X06=00000002 X00=00000000 X02=004FFFC0 addi    t1,zero,2
PC=00000264 [026E0463] X08=00500000 X28=00000002 X06=00000002 beq     t3,t1,40
PC=00000264 [FE842E03] X28=FD9BA901 X08=00500000 X08=00500000 lw      t3,-24(s0/fp)
PC=00000268 [FDC42303] X06=82348243 X08=00500000 X28=FD9BA901 lw      t1,-36(s0/fp)
PC=0000026C [406E0333] X06=7B6726BE X28=FD9BA901 X06=82348243 sub     t1,t3,t1
PC=00000270 [FE642423] X08=00500000 X08=00500000 X06=7B6726BE sw      t1,-24(s0/fp)
PC=00000274 [01C0006F] X00=00000000 X00=00000000 X28=FD9BA901 jal     zero,28
PC=00000290 [FE442303] X06=51F37359 X08=00500000 X04=00000000 lw      t1,-28(s0/fp)
PC=00000294 [00137313] X06=00000001 X06=51F37359 X01=000001C0 andi    t1,t1,1
PC=0000029C [00030863] X16=00000000 X06=00000001 X00=00000000 beq     t1,zero,16
PC=0000029C [00100313] X06=00000001 X00=00000000 X01=000001C0 addi    t1,zero,1
PC=000002A0 [FE642023] X00=00000000 X08=00500000 X06=00000001 sw      t1,-32(s0/fp)
PC=000002A4 [0080006F] X00=00000000 X00=00000000 X08=00500000 jal     zero,8
PC=000002AC [FE442303] X06=51F37359 X08=00500000 X04=00000000 lw      t1,-28(s0/fp)
PC=000002B0 [00135313] X06=28F9B9AC X06=51F37359 X01=000001C0 srli    t1,t1,1
PC=000002B4 [FE642223] X04=00000000 X08=00500000 X06=28F9B9AC sw      t1,-28(s0/fp)
PC=000002B8 [FE842303] X06=7B6726BE X08=00500000 X08=00500000 lw      t1,-24(s0/fp)
PC=000002BC [00137313] X06=00000000 X06=7B6726BE X01=000001C0 andi    t1,t1,1
PC=000002D8 [00030C63] X24=00000000 X06=00000000 X00=00000000 beq     t1,zero,24
PC=000002D8 [FE442E03] X28=28F9B9AC X08=00500000 X04=00000000 lw      t3,-28(s0/fp)
PC=000002DC [80000337] X06=80000000 X00=00000000 X00=00000000 lui     t1,2147483648
PC=000002E0 [FFF34313] X06=7FFFFFFF X06=80000000 X31=00000000 xori    t1,t1,-1
PC=000002E4 [006E7333] X06=28F9B9AC X28=28F9B9AC X06=7FFFFFFF and     t1,t3,t1
PC=000002E8 [FE642223] X04=00000000 X08=00500000 X06=28F9B9AC sw      t1,-28(s0/fp)
PC=000002EC [FE842303] X06=7B6726BE X08=00500000 X08=00500000 lw      t1,-24(s0/fp)
PC=000002F0 [00135313] X06=3DB3935F X06=7B6726BE X01=000001C0 srli    t1,t1,1
PC=000002F4 [FE642423] X08=00500000 X08=00500000 X06=3DB3935F sw      t1,-24(s0/fp)
PC=000002F8 [FE842E03] X28=3DB3935F X08=00500000 X08=00500000 lw      t3,-24(s0/fp)
PC=000002FC [40000337] X06=40000000 X00=00000000 X00=00000000 lui     t1,1073741824
PC=00000300 [006E7333] X06=00000000 X28=3DB3935F X06=40000000 and     t1,t3,t1
PC=00000318 [00030A63] X20=00000000 X06=00000000 X00=00000000 beq     t1,zero,20
PC=00000318 [FEF44303] X06=00000002 X08=00500000 X15=00000000 lbu     t1,-17(s0/fp)
PC=0000031C [FFF30313] X06=00000001 X06=00000002 X31=00000000 addi    t1,t1,-1
PC=00000320 [FE6407A3] X15=00000000 X08=00500000 X06=00000001 sb      t1,-17(s0/fp)
PC=00000324 [FEF44303] X06=00000001 X08=00500000 X15=00000000 lbu     t1,-17(s0/fp)
PC=00000200 [EC031CE3] X25=00000000 X06=00000001 X00=00000000 bne     t1,zero,-296
PC=00000200 [FE442303] X06=28F9B9AC X08=00500000 X04=00000000 lw      t1,-28(s0/fp)
PC=00000204 [00131313] X06=51F37358 X06=28F9B9AC X01=000001C0 slli    t1,t1,1
PC=00000208 [00237E13] X28=00000000 X06=51F37358 X02=004FFFC0 andi    t3,t1,2
PC=0000020C [FE042303] X06=00000001 X08=00500000 X00=00000000 lw      t1,-32(s0/fp)
PC=00000210 [00137313] X06=00000001 X06=00000001 X01=000001C0 andi    t1,t1,1
PC=00000214 [006E6333] X06=00000001 X28=00000000 X06=00000001 or      t1,t3,t1
PC=00000218 [FC642623] X12=00000000 X08=00500000 X06=00000001 sw      t1,-52(s0/fp)
PC=0000021C [FCC42E03] X28=00000001 X08=00500000 X12=00000000 lw      t3,-52(s0/fp)
PC=00000220 [00300313] X06=00000003 X00=00000000 X03=00000000 addi    t1,zero,3
PC=00000228 [066E0463] X08=00500000 X28=00000001 X06=00000003 beq     t3,t1,104
PC=00000228 [FCC42E03] X28=00000001 X08=00500000 X12=00000000 lw      t3,-52(s0/fp)
PC=0000022C [00300313] X06=00000003 X00=00000000 X03=00000000 addi    t1,zero,3
PC=00000234 [07C36063] X00=00000000 X06=00000003 X28=00000001 bltu    t1,t3,96
PC=00000234 [FCC42E03] X28=00000001 X08=00500000 X12=00000000 lw      t3,-52(s0/fp)
PC=00000238 [00200313] X06=00000002 X00=00000000 X02=004FFFC0 addi    t1,zero,2
PC=00000240 [026E0463] X08=00500000 X28=00000001 X06=00000002 beq     t3,t1,40
PC=00000240 [FCC42E03] X28=00000001 X08=00500000 X12=00000000 lw      t3,-52(s0/fp)
PC=00000244 [00200313] X06=00000002 X00=00000000 X02=004FFFC0 addi    t1,zero,2
PC=0000024C [05C36463] X08=00500000 X06=00000002 X28=00000001 bltu    t1,t3,72
PC=0000024C [FCC42303] X06=00000001 X08=00500000 X12=00000000 lw      t1,-52(s0/fp)
PC=00000254 [02030E63] X28=00000001 X06=00000001 X00=00000000 beq     t1,zero,60
PC=00000254 [FCC42E03] X28=00000001 X08=00500000 X12=00000000 lw      t3,-52(s0/fp)
PC=00000258 [00100313] X06=00000001 X00=00000000 X01=000001C0 addi    t1,zero,1
PC=00000278 [006E0E63] X28=00000001 X28=00000001 X06=00000001 beq     t3,t1,28
PC=00000278 [FE842E03] X28=3DB3935F X08=00500000 X08=00500000 lw      t3,-24(s0/fp)
PC=0000027C [FDC42303] X06=82348243 X08=00500000 X28=3DB3935F lw      t1,-36(s0/fp)
PC=00000280 [006E0333] X06=BFE815A2 X28=3DB3935F X06=82348243 add     t1,t3,t1
PC=00000284 [FE642423] X08=00500000 X08=00500000 X06=BFE815A2 sw      t1,-24(s0/fp)
PC=00000288 [0080006F] X00=00000000 X00=00000000 X08=00500000 jal     zero,8
PC=00000290 [FE442303] X06=28F9B9AC X08=00500000 X04=00000000 lw      t1,-28(s0/fp)
PC=00000294 [00137313] X06=00000000 X06=28F9B9AC X01=000001C0 andi    t1,t1,1
PC=000002A8 [00030863] X16=00000000 X06=00000000 X00=00000000 beq     t1,zero,16
PC=000002A8 [FE042023] X00=00000000 X08=00500000 X00=00000000 sw      zero,-32(s0/fp)
PC=000002AC [FE442303] X06=28F9B9AC X08=00500000 X04=00000000 lw      t1,-28(s0/fp)
PC=000002B0 [00135313] X06=147CDCD6 X06=28F9B9AC X01=000001C0 srli    t1,t1,1
PC=000002B4 [FE642223] X04=00000000 X08=00500000 X06=147CDCD6 sw      t1,-28(s0/fp)
PC=000002B8 [FE842303] X06=BFE815A2 X08=00500000 X08=00500000 lw      t1,-24(s0/fp)
PC=000002BC [00137313] X06=00000000 X06=BFE815A2 X01=000001C0 andi    t1,t1,1
PC=000002D8 [00030C63] X24=00000000 X06=00000000 X00=00000000 beq     t1,zero,24
PC=000002D8 [FE442E03] X28=147CDCD6 X08=00500000 X04=00000000 lw      t3,-28(s0/fp)
PC=000002DC [80000337] X06=80000000 X00=00000000 X00=00000000 lui     t1,2147483648
PC=000002E0 [FFF34313] X06=7FFFFFFF X06=80000000 X31=00000000 xori    t1,t1,-1
PC=000002E4 [006E7333] X06=147CDCD6 X28=147CDCD6 X06=7FFFFFFF and     t1,t3,t1
PC=000002E8 [FE642223] X04=00000000 X08=00500000 X06=147CDCD6 sw      t1,-28(s0/fp)
PC=000002EC [FE842303] X06=BFE815A2 X08=00500000 X08=00500000 lw      t1,-24(s0/fp)
PC=000002F0 [00135313] X06=5FF40AD1 X06=BFE815A2 X01=000001C0 srli    t1,t1,1
PC=000002F4 [FE642423] X08=00500000 X08=00500000 X06=5FF40AD1 sw      t1,-24(s0/fp)
PC=000002F8 [FE842E03] X28=5FF40AD1 X08=00500000 X08=00500000 lw      t3,-24(s0/fp)
PC=000002FC [40000337] X06=40000000 X00=00000000 X00=00000000 lui     t1,1073741824
PC=00000300 [006E7333] X06=40000000 X28=5FF40AD1 X06=40000000 and     t1,t3,t1
PC=00000308 [00030A63] X20=00000000 X06=40000000 X00=00000000 beq     t1,zero,20
PC=00000308 [FE842E03] X28=5FF40AD1 X08=00500000 X08=00500000 lw      t3,-24(s0/fp)
PC=0000030C [80000337] X06=80000000 X00=00000000 X00=00000000 lui     t1,2147483648
PC=00000310 [006E6333] X06=DFF40AD1 X28=5FF40AD1 X06=80000000 or      t1,t3,t1
PC=00000314 [FE642423] X08=00500000 X08=00500000 X06=DFF40AD1 sw      t1,-24(s0/fp)
PC=00000318 [FEF44303] X06=00000001 X08=00500000 X15=00000000 lbu     t1,-17(s0/fp)
PC=0000031C [FFF30313] X06=00000000 X06=00000001 X31=00000000 addi    t1,t1,-1
PC=00000320 [FE6407A3] X15=00000000 X08=00500000 X06=00000000 sb      t1,-17(s0/fp)
PC=00000324 [FEF44303] X06=00000000 X08=00500000 X15=00000000 lbu     t1,-17(s0/fp)
PC=0000032C [EC031CE3] X25=00000000 X06=00000000 X00=00000000 bne     t1,zero,-296
PC=0000032C [00000E13] X28=00000000 X00=00000000 X00=00000000 addi    t3,zero,0
PC=00000330 [00000E93] X29=00000000 X00=00000000 X00=00000000 addi    t4,zero,0
PC=00000334 [FDC42823] X16=00000000 X08=00500000 X28=00000000 sw      t3,-48(s0/fp)
PC=00000338 [FDD42A23] X20=00000000 X08=00500000 X29=00000000 sw      t4,-44(s0/fp)
PC=0000033C [FE842303] X06=DFF40AD1 X08=00500000 X08=00500000 lw      t1,-24(s0/fp)
PC=00000340 [00030813] X16=DFF40AD1 X06=DFF40AD1 X00=00000000 addi    a6,t1,0
PC=00000344 [00000893] X17=00000000 X00=00000000 X00=00000000 addi    a7,zero,0
PC=00000348 [00081793] X15=DFF40AD1 X16=DFF40AD1 X00=00000000 slli    a5,a6,0
PC=0000034C [00000713] X14=00000000 X00=00000000 X00=00000000 addi    a4,zero,0
PC=00000350 [FE442803] X16=147CDCD6 X08=00500000 X04=00000000 lw      a6,-28(s0/fp)
PC=00000354 [00080613] X12=147CDCD6 X16=147CDCD6 X00=00000000 addi    a2,a6,0
PC=00000358 [00000693] X13=00000000 X00=00000000 X00=00000000 addi    a3,zero,0
PC=0000035C [00C76533] X10=147CDCD6 X14=00000000 X12=147CDCD6 or      a0,a4,a2
PC=00000360 [00D7E5B3] X11=DFF40AD1 X15=DFF40AD1 X13=00000000 or      a1,a5,a3
PC=00000364 [FCA42823] X16=147CDCD6 X08=00500000 X10=147CDCD6 sw      a0,-48(s0/fp)
PC=00000368 [FCB42A23] X20=00000000 X08=00500000 X11=DFF40AD1 sw      a1,-44(s0/fp)
PC=0000036C [FDC42823] X16=147CDCD6 X08=00500000 X28=00000000 sw      t3,-48(s0/fp)
PC=00000370 [FDD42A23] X20=00000000 X08=00500000 X29=00000000 sw      t4,-44(s0/fp)
PC=00000374 [00000793] X15=00000000 X00=00000000 X00=00000000 addi    a5,zero,0
PC=00000378 [00078513] X10=00000000 X15=00000000 X00=00000000 addi    a0,a5,0
PC=0000037C [03C12403] X08=00000000 X02=004FFFC0 X28=00000000 lw      s0/fp,60(sp)
PC=00000380 [04010113] X02=00500000 X02=004FFFC0 X00=00000000 addi    sp,sp,64
PC=00000384 [00008067] X00=00000000 X01=000001C0 X00=00000000 jalr    zero,ra,0
PC=000001C0 [200002B7] X05=20000000 X00=00000000 X00=00000000 lui     t0,536870912
PC=000001C4 [00100073] X00=00000000 X00=00000000 X01=000001C0 ebreak  