PC=000001B8 [00500137] X02=00500000 X00=00000000 X05=00000000 lui     sp,5242880
PC=000001BC [00C000EF] X01=000001C0 X00=00000000 X12=00000000 jal     ra,12
PC=000001C8 [FC010113] X02=004FFFC0 X02=00500000 X00=00000000 addi    sp,sp,-64
PC=000001CC [02812E23] X28=00000000 X02=004FFFC0 X08=00000000 sw      s0/fp,60(sp)
PC=000001D0 [04010413] X08=00500000 X02=004FFFC0 X00=00000000 addi    s0/fp,sp,64
PC=000001D4 [01900513] X10=00000019 X00=00000000 X25=00000000 addi    a0,zero,25
PC=000001D8 [00000593] X11=00000000 X00=00000000 X00=00000000 addi    a1,zero,0
PC=000001DC [FCA42423] X08=00500000 X08=00500000 X10=00000019 sw      a0,-56(s0/fp)
PC=000001E0 [FCB42623] X12=00000000 X08=00500000 X11=00000000 sw      a1,-52(s0/fp)
PC=000001E4 [00100513] X10=00000001 X00=00000000 X01=000001C0 addi    a0,zero,1
PC=000001E8 [00000593] X11=00000000 X00=00000000 X00=00000000 addi    a1,zero,0
PC=000001EC [FEA42423] X08=00500000 X08=00500000 X10=00000001 sw      a0,-24(s0/fp)
PC=000001F0 [FEB42623] X12=00000000 X08=00500000 X11=00000000 sw      a1,-20(s0/fp)
PC=000001F4 [FC842503] X10=00000019 X08=00500000 X08=00500000 lw      a0,-56(s0/fp)
PC=000001F8 [FCC42583] X11=00000000 X08=00500000 X12=00000000 lw      a1,-52(s0/fp)
PC=000001FC [FEA42023] X00=00000000 X08=00500000 X10=00000019 sw      a0,-32(s0/fp)
PC=00000200 [FEB42223] X04=00000000 X08=00500000 X11=00000000 sw      a1,-28(s0/fp)
PC=00000204 [07C0006F] X00=00000000 X00=00000000 X28=00000000 jal     zero,124
PC=00000280 [FE442583] X11=00000000 X08=00500000 X04=00000000 lw      a1,-28(s0/fp)
PC=00000288 [F80592E3] X05=00000000 X11=00000000 X00=00000000 bne     a1,zero,-124
PC=00000288 [FE442583] X11=00000000 X08=00500000 X04=00000000 lw      a1,-28(s0/fp)
PC=00000290 [00059863] X16=00000000 X11=00000000 X00=00000000 bne     a1,zero,16
PC=00000290 [FE042503] X10=00000019 X08=00500000 X00=00000000 lw      a0,-32(s0/fp)
PC=00000294 [00100593] X11=00000001 X00=00000000 X01=000001C0 addi    a1,zero,1
PC=00000208 [F6A5E8E3] X17=00000000 X11=00000001 X10=00000019 bltu    a1,a0,-144
PC=00000208 [FEC42503] X10=00000000 X08=00500000 X12=00000000 lw      a0,-20(s0/fp)
PC=0000020C [FE042583] X11=00000019 X08=00500000 X00=00000000 lw      a1,-32(s0/fp)
PC=00000210 [02B50533] X10=00000000 X10=00000000 X11=00000019 mul     a0,a0,a1
PC=00000214 [FE442803] X16=00000000 X08=00500000 X04=00000000 lw      a6,-28(s0/fp)
PC=00000218 [FE842583] X11=00000001 X08=00500000 X08=00500000 lw      a1,-24(s0/fp)
PC=0000021C [02B805B3] X11=00000000 X16=00000000 X11=00000001 mul     a1,a6,a1
PC=00000220 [00B50833] X16=00000000 X10=00000000 X11=00000000 add     a6,a0,a1
PC=00000224 [FE842503] X10=00000001 X08=00500000 X08=00500000 lw      a0,-24(s0/fp)
PC=00000228 [FE042583] X11=00000019 X08=00500000 X00=00000000 lw      a1,-32(s0/fp)
PC=0000022C [02B508B3] X17=00000019 X10=00000001 X11=00000019 mul     a7,a0,a1
PC=00000230 [02B536B3] X13=00000019 X10=00000001 X11=00000019 mulhu   a3,a0,a1
PC=00000234 [00088613] X12=00000019 X17=00000019 X00=00000000 addi    a2,a7,0
PC=00000238 [00D805B3] X11=00000019 X16=00000000 X13=00000019 add     a1,a6,a3
PC=0000023C [00058693] X13=00000019 X11=00000019 X00=00000000 addi    a3,a1,0
PC=00000240 [FEC42423] X08=00500000 X08=00500000 X12=00000019 sw      a2,-24(s0/fp)
PC=00000244 [FED42623] X12=00000019 X08=00500000 X13=00000019 sw      a3,-20(s0/fp)
PC=00000248 [FEC42423] X08=00500000 X08=00500000 X12=00000019 sw      a2,-24(s0/fp)
PC=0000024C [FED42623] X12=00000019 X08=00500000 X13=00000019 sw      a3,-20(s0/fp)
PC=00000250 [FE042803] X16=00000019 X08=00500000 X00=00000000 lw      a6,-32(s0/fp)
PC=00000254 [FE442883] X17=00000000 X08=00500000 X04=00000000 lw      a7,-28(s0/fp)
PC=00000258 [FFF00313] X06=FFFFFFFF X00=00000000 X31=00000000 addi    t1,zero,-1
PC=0000025C [FFF00393] X07=FFFFFFFF X00=00000000 X31=00000000 addi    t2,zero,-1
PC=00000260 [00680533] X10=00000018 X16=00000019 X06=FFFFFFFF add     a0,a6,t1
PC=00000264 [00050E13] X28=00000018 X10=00000018 X00=00000000 addi    t3,a0,0
PC=00000268 [010E3E33] X28=00000001 X28=00000018 X16=00000019 sltu    t3,t3,a6
PC=0000026C [007885B3] X11=FFFFFFFF X17=00000000 X07=FFFFFFFF add     a1,a7,t2
PC=00000270 [00BE0833] X16=00000000 X28=00000001 X11=FFFFFFFF add     a6,t3,a1
PC=00000274 [00080593] X11=00000000 X16=00000000 X00=00000000 addi    a1,a6,0
PC=00000278 [FEA42023] X00=00000000 X08=00500000 X10=00000018 sw      a0,-32(s0/fp)
PC=0000027C [FEB42223] X04=00000000 X08=00500000 X11=00000000 sw      a1,-28(s0/fp)
PC=00000280 [FE442583] X11=00000000 X08=00500000 X04=00000000 lw      a1,-28(s0/fp)
PC=00000288 [F80592E3] X05=00000000 X11=00000000 X00=00000000 bne     a1,zero,-124
PC=00000288 [FE442583] X11=00000000 X08=00500000 X04=00000000 lw      a1,-28(s0/fp)
PC=00000290 [00059863] X16=00000000 X11=00000000 X00=00000000 bne     a1,zero,16
PC=00000290 [FE042503] X10=00000018 X08=00500000 X00=00000000 lw      a0,-32(s0/fp)
PC=00000294 [00100593] X11=00000001 X00=00000000 X01=000001C0 addi    a1,zero,1
PC=00000208 [F6A5E8E3] X17=00000000 X11=00000001 X10=00000018 bltu    a1,a0,-144
PC=00000208 [FEC42503] X10=00000019 X08=00500000 X12=00000019 lw      a0,-20(s0/fp)
PC=0000020C [FE042583] X11=00000018 X08=00500000 X00=00000000 lw      a1,-32(s0/fp)
PC=00000210 [02B50533] X10=00000258 X10=00000019 X11=00000018 mul     a0,a0,a1
PC=00000214 [FE442803] X16=00000000 X08=00500000 X04=00000000 lw      a6,-28(s0/fp)
PC=00000218 [FE842583] X11=00000019 X08=00500000 X08=00500000 lw      a1,-24(s0/fp)
PC=0000021C [02B805B3] X11=00000000 X16=00000000 X11=00000019 mul     a1,a6,a1
PC=00000220 [00B50833] X16=00000258 X10=00000258 X11=00000000 add     a6,a0,a1
PC=00000224 [FE842503] X10=00000019 X08=00500000 X08=00500000 lw      a0,-24(s0/fp)
PC=00000228 [FE042583] X11=00000018 X08=00500000 X00=00000000 lw      a1,-32(s0/fp)
PC=0000022C [02B508B3] X17=00000258 X10=00000019 X11=00000018 mul     a7,a0,a1
PC=00000230 [02B536B3] X13=00000258 X10=00000019 X11=00000018 mulhu   a3,a0,a1
PC=00000234 [00088613] X12=00000258 X17=00000258 X00=00000000 addi    a2,a7,0
PC=00000238 [00D805B3] X11=000004B0 X16=00000258 X13=00000258 add     a1,a6,a3
PC=0000023C [00058693] X13=000004B0 X11=000004B0 X00=00000000 addi    a3,a1,0
PC=00000240 [FEC42423] X08=00500000 X08=00500000 X12=00000258 sw      a2,-24(s0/fp)
PC=00000244 [FED42623] X12=00000258 X08=00500000 X13=000004B0 sw      a3,-20(s0/fp)
PC=00000248 [FEC42423] X08=00500000 X08=00500000 X12=00000258 sw      a2,-24(s0/fp)
PC=0000024C [FED42623] X12=00000258 X08=00500000 X13=000004B0 sw      a3,-20(s0/fp)
PC=00000250 [FE042803] X16=00000018 X08=00500000 X00=00000000 lw      a6,-32(s0/fp)
PC=00000254 [FE442883] X17=00000000 X08=00500000 X04=00000000 lw      a7,-28(s0/fp)
PC=00000258 [FFF00313] X06=FFFFFFFF X00=00000000 X31=00000000 addi    t1,zero,-1
PC=0000025C [FFF00393] X07=FFFFFFFF X00=00000000 X31=00000000 addi    t2,zero,-1
PC=00000260 [00680533] X10=00000017 X16=00000018 X06=FFFFFFFF add     a0,a6,t1
PC=00000264 [00050E13] X28=00000017 X10=00000017 X00=00000000 addi    t3,a0,0
PC=00000268 [010E3E33] X28=00000001 X28=00000017 X16=00000018 sltu    t3,t3,a6
PC=0000026C [007885B3] X11=FFFFFFFF X17=00000000 X07=FFFFFFFF add     a1,a7,t2
PC=00000270 [00BE0833] X16=00000000 X28=00000001 X11=FFFFFFFF add     a6,t3,a1
PC=00000274 [00080593] X11=00000000 X16=00000000 X00=00000000 addi    a1,a6,0
PC=00000278 [FEA42023] X00=00000000 X08=00500000 X10=00000017 sw      a0,-32(s0/fp)
PC=0000027C [FEB42223] X04=00000000 X08=00500000 X11=00000000 sw      a1,-28(s0/fp)
PC=00000280 [FE442583] X11=00000000 X08=00500000 X04=00000000 lw      a1,-28(s0/fp)
PC=00000288 [F80592E3] X05=00000000 X11=00000000 X00=00000000 bne     a1,zero,-124
PC=00000288 [FE442583] X11=00000000 X08=00500000 X04=00000000 lw      a1,-28(s0/fp)
PC=00000290 [00059863] X16=00000000 X11=00000000 X00=00000000 bne     a1,zero,16
PC=00000290 [FE042503] X10=00000017 X08=00500000 X00=00000000 lw      a0,-32(s0/fp)
PC=00000294 [00100593] X11=00000001 X00=00000000 X01=000001C0 addi    a1,zero,1
PC=00000208 [F6A5E8E3] X17=00000000 X11=00000001 X10=00000017 bltu    a1,a0,-144
PC=00000208 [FEC42503] X10=000004B0 X08=00500000 X12=00000258 lw      a0,-20(s0/fp)
PC=0000020C [FE042583] X11=00000017 X08=00500000 X00=00000000 lw      a1,-32(s0/fp)
PC=00000210 [02B50533] X10=00006BD0 X10=000004B0 X11=00000017 mul     a0,a0,a1
PC=00000214 [FE442803] X16=00000000 X08=00500000 X04=00000000 lw      a6,-28(s0/fp)
PC=00000218 [FE842583] X11=00000258 X08=00500000 X08=00500000 lw      a1,-24(s0/fp)
PC=0000021C [02B805B3] X11=00000000 X16=00000000 X11=00000258 mul     a1,a6,a1
PC=00000220 [00B50833] X16=00006BD0 X10=00006BD0 X11=00000000 add     a6,a0,a1
PC=00000224 [FE842503] X10=00000258 X08=00500000 X08=00500000 lw      a0,-24(s0/fp)
PC=00000228 [FE042583] X11=00000017 X08=00500000 X00=00000000 lw      a1,-32(s0/fp)
PC=0000022C [02B508B3] X17=000035E8 X10=00000258 X11=00000017 mul     a7,a0,a1
PC=00000230 [02B536B3] X13=000035E8 X10=00000258 X11=00000017 mulhu   a3,a0,a1
PC=00000234 [00088613] X12=000035E8 X17=000035E8 X00=00000000 addi    a2,a7,0
PC=00000238 [00D805B3] X11=0000A1B8 X16=00006BD0 X13=000035E8 add     a1,a6,a3
PC=0000023C [00058693] X13=0000A1B8 X11=0000A1B8 X00=00000000 addi    a3,a1,0
PC=00000240 [FEC42423] X08=00500000 X08=00500000 X12=000035E8 sw      a2,-24(s0/fp)
PC=00000244 [FED42623] X12=000035E8 X08=00500000 X13=0000A1B8 sw      a3,-20(s0/fp)
PC=00000248 [FEC42423] X08=00500000 X08=00500000 X12=000035E8 sw      a2,-24(s0/fp)
PC=0000024C [FED42623] X12=000035E8 X08=00500000 X13=0000A1B8 sw      a3,-20(s0/fp)
PC=00000250 [FE042803] X16=00000017 X08=00500000 X00=00000000 lw      a6,-32(s0/fp)
PC=00000254 [FE442883] X17=00000000 X08=00500000 X04=00000000 lw      a7,-28(s0/fp)
PC=00000258 [FFF00313] X06=FFFFFFFF X00=00000000 X31=00000000 addi    t1,zero,-1
PC=0000025C [FFF00393] X07=FFFFFFFF X00=00000000 X31=00000000 addi    t2,zero,-1
PC=00000260 [00680533] X10=00000016 X16=00000017 X06=FFFFFFFF add     a0,a6,t1
PC=00000264 [00050E13] X28=00000016 X10=00000016 X00=00000000 addi    t3,a0,0
PC=00000268 [010E3E33] X28=00000001 X28=00000016 X16=00000017 sltu    t3,t3,a6
PC=0000026C [007885B3] X11=FFFFFFFF X17=00000000 X07=FFFFFFFF add     a1,a7,t2
PC=00000270 [00BE0833] X16=00000000 X28=00000001 X11=FFFFFFFF add     a6,t3,a1
PC=00000274 [00080593] X11=00000000 X16=00000000 X00=00000000 addi    a1,a6,0
PC=00000278 [FEA42023] X00=00000000 X08=00500000 X10=00000016 sw      a0,-32(s0/fp)
PC=0000027C [FEB42223] X04=00000000 X08=00500000 X11=00000000 sw      a1,-28(s0/fp)
PC=00000280 [FE442583] X11=00000000 X08=00500000 X04=00000000 lw      a1,-28(s0/fp)
PC=00000288 [F80592E3] X05=00000000 X11=00000000 X00=00000000 bne     a1,zero,-124
PC=00000288 [FE442583] X11=00000000 X08=00500000 X04=00000000 lw      a1,-28(s0/fp)
PC=00000290 [00059863] X16=00000000 X11=00000000 X00=00000000 bne     a1,zero,16
PC=00000290 [FE042503] X10=00000016 X08=00500000 X00=00000000 lw      a0,-32(s0/fp)
PC=00000294 [00100593] X11=00000001 X00=00000000 X01=000001C0 addi    a1,zero,1
PC=00000208 [F6A5E8E3] X17=00000000 X11=00000001 X10=00000016 bltu    a1,a0,-144
PC=00000208 [FEC42503] X10=0000A1B8 X08=00500000 X12=000035E8 lw      a0,-20(s0/fp)
PC=0000020C [FE042583] X11=00000016 X08=00500000 X00=00000000 lw      a1,-32(s0/fp)
PC=00000210 [02B50533] X10=000DE5D0 X10=0000A1B8 X11=00000016 mul     a0,a0,a1
PC=00000214 [FE442803] X16=00000000 X08=00500000 X04=00000000 lw      a6,-28(s0/fp)
PC=00000218 [FE842583] X11=000035E8 X08=00500000 X08=00500000 lw      a1,-24(s0/fp)
PC=0000021C [02B805B3] X11=00000000 X16=00000000 X11=000035E8 mul     a1,a6,a1
PC=00000220 [00B50833] X16=000DE5D0 X10=000DE5D0 X11=00000000 add     a6,a0,a1
PC=00000224 [FE842503] X10=000035E8 X08=00500000 X08=00500000 lw      a0,-24(s0/fp)
PC=00000228 [FE042583] X11=00000016 X08=00500000 X00=00000000 lw      a1,-32(s0/fp)
PC=0000022C [02B508B3] X17=0004A1F0 X10=000035E8 X11=00000016 mul     a7,a0,a1
PC=00000230 [02B536B3] X13=0004A1F0 X10=000035E8 X11=00000016 mulhu   a3,a0,a1
PC=00000234 [00088613] X12=0004A1F0 X17=0004A1F0 X00=00000000 addi    a2,a7,0
PC=00000238 [00D805B3] X11=001287C0 X16=000DE5D0 X13=0004A1F0 add     a1,a6,a3
PC=0000023C [00058693] X13=001287C0 X11=001287C0 X00=00000000 addi    a3,a1,0
PC=00000240 [FEC42423] X08=00500000 X08=00500000 X12=0004A1F0 sw      a2,-24(s0/fp)
PC=00000244 [FED42623] X12=0004A1F0 X08=00500000 X13=001287C0 sw      a3,-20(s0/fp)
PC=00000248 [FEC42423] X08=00500000 X08=00500000 X12=0004A1F0 sw      a2,-24(s0/fp)
PC=0000024C [FED42623] X12=0004A1F0 X08=00500000 X13=001287C0 sw      a3,-20(s0/fp)
PC=00000250 [FE042803] X16=00000016 X08=00500000 X00=00000000 lw      a6,-32(s0/fp)
PC=00000254 [FE442883] X17=00000000 X08=00500000 X04=00000000 lw      a7,-28(s0/fp)
PC=00000258 [FFF00313] X06=FFFFFFFF X00=00000000 X31=00000000 addi    t1,zero,-1
PC=0000025C [FFF00393] X07=FFFFFFFF X00=00000000 X31=00000000 addi    t2,zero,-1
PC=00000260 [00680533] X10=00000015 X16=00000016 X06=FFFFFFFF add     a0,a6,t1
PC=00000264 [00050E13] X28=00000015 X10=00000015 X00=00000000 addi    t3,a0,0
PC=00000268 [010E3E33] X28=00000001 X28=00000015 X16=00000016 sltu    t3,t3,a6
PC=0000026C [007885B3] X11=FFFFFFFF X17=00000000 X07=FFFFFFFF add     a1,a7,t2
PC=00000270 [00BE0833] X16=00000000 X28=00000001 X11=FFFFFFFF add     a6,t3,a1
PC=00000274 [00080593] X11=00000000 X16=00000000 X00=00000000 addi    a1,a6,0
PC=00000278 [FEA42023] X00=00000000 X08=00500000 X10=00000015 sw      a0,-32(s0/fp)
PC=0000027C [FEB42223] X04=00000000 X08=00500000 X11=00000000 sw      a1,-28(s0/fp)
PC=00000280 [FE442583] X11=00000000 X08=00500000 X04=00000000 lw      a1,-28(s0/fp)
PC=00000288 [F80592E3] X05=00000000 X11=00000000 X00=00000000 bne     a1,zero,-124
PC=00000288 [FE442583] X11=00000000 X08=00500000 X04=00000000 lw      a1,-28(s0/fp)
PC=00000290 [00059863] X16=00000000 X11=00000000 X00=00000000 bne     a1,zero,16
PC=00000290 [FE042503] X10=00000015 X08=00500000 X00=00000000 lw      a0,-32(s0/fp)
PC=00000294 [00100593] X11=00000001 X00=00000000 X01=000001C0 addi    a1,zero,1
PC=00000208 [F6A5E8E3] X17=00000000 X11=00000001 X10=00000015 bltu    a1,a0,-144
PC=00000208 [FEC42503] X10=001287C0 X08=00500000 X12=0004A1F0 lw      a0,-20(s0/fp)
PC=0000020C [FE042583] X11=00000015 X08=00500000 X00=00000000 lw      a1,-32(s0/fp)
PC=00000210 [02B50533] X10=018522C0 X10=001287C0 X11=00000015 mul     a0,a0,a1
PC=00000214 [FE442803] X16=00000000 X08=00500000 X04=00000000 lw      a6,-28(s0/fp)
PC=00000218 [FE842583] X11=0004A1F0 X08=00500000 X08=00500000 lw      a1,-24(s0/fp)
PC=0000021C [02B805B3] X11=00000000 X16=00000000 X11=0004A1F0 mul     a1,a6,a1
PC=00000220 [00B50833] X16=018522C0 X10=018522C0 X11=00000000 add     a6,a0,a1
PC=00000224 [FE842503] X10=0004A1F0 X08=00500000 X08=00500000 lw      a0,-24(s0/fp)
PC=00000228 [FE042583] X11=00000015 X08=00500000 X00=00000000 lw      a1,-32(s0/fp)
PC=0000022C [02B508B3] X17=006148B0 X10=0004A1F0 X11=00000015 mul     a7,a0,a1
PC=00000230 [02B536B3] X13=006148B0 X10=0004A1F0 X11=00000015 mulhu   a3,a0,a1
PC=00000234 [00088613] X12=006148B0 X17=006148B0 X00=00000000 addi    a2,a7,0
PC=00000238 [00D805B3] X11=01E66B70 X16=018522C0 X13=006148B0 add     a1,a6,a3
PC=0000023C [00058693] X13=01E66B70 X11=01E66B70 X00=00000000 addi    a3,a1,0
PC=00000240 [FEC42423] X08=00500000 X08=00500000 X12=006148B0 sw      a2,-24(s0/fp)
PC=00000244 [FED42623] X12=006148B0 X08=00500000 X13=01E66B70 sw      a3,-20(s0/fp)
PC=00000248 [FEC42423] X08=00500000 X08=00500000 X12=006148B0 sw      a2,-24(s0/fp)
PC=0000024C [FED42623] X12=006148B0 X08=00500000 X13=01E66B70 sw      a3,-20(s0/fp)
PC=00000250 [FE042803] X16=00000015 X08=00500000 X00=00000000 lw      a6,-32(s0/fp)
PC=00000254 [FE442883] X17=00000000 X08=00500000 X04=00000000 lw      a7,-28(s0/fp)
PC=00000258 [FFF00313] X06=FFFFFFFF X00=00000000 X31=00000000 addi    t1,zero,-1
PC=0000025C [FFF00393] X07=FFFFFFFF X00=00000000 X31=00000000 addi    t2,zero,-1
PC=00000260 [00680533] X10=00000014 X16=00000015 X06=FFFFFFFF add     a0,a6,t1
PC=00000264 [00050E13] X28=00000014 X10=00000014 X00=00000000 addi    t3,a0,0
PC=00000268 [010E3E33] X28=00000001 X28=00000014 X16=00000015 sltu    t3,t3,a6
PC=0000026C [007885B3] X11=FFFFFFFF X17=00000000 X07=FFFFFFFF add     a1,a7,t2
PC=00000270 [00BE0833] X16=00000000 X28=00000001 X11=FFFFFFFF add     a6,t3,a1
PC=00000274 [00080593] X11=00000000 X16=00000000 X00=00000000 addi    a1,a6,0
PC=00000278 [FEA42023] X00=00000000 X08=00500000 X10=00000014 sw      a0,-32(s0/fp)
PC=0000027C [FEB42223] X04=00000000 X08=00500000 X11=00000000 sw      a1,-28(s0/fp)
PC=00000280 [FE442583] X11=00000000 X08=00500000 X04=00000000 lw      a1,-28(s0/fp)
PC=00000288 [F80592E3] X05=00000000 X11=00000000 X00=00000000 bne     a1,zero,-124
PC=00000288 [FE442583] X11=00000000 X08=00500000 X04=00000000 lw      a1,-28(s0/fp)
PC=00000290 [00059863] X16=00000000 X11=00000000 X00=00000000 bne     a1,zero,16
PC=00000290 [FE042503] X10=00000014 X08=00500000 X00=00000000 lw      a0,-32(s0/fp)
PC=00000294 [00100593] X11=00000001 X00=00000000 X01=000001C0 addi    a1,zero,1
PC=00000208 [F6A5E8E3] X17=00000000 X11=00000001 X10=00000014 bltu    a1,a0,-144
PC=00000208 [FEC42503] X10=01E66B70 X08=00500000 X12=006148B0 lw      a0,-20(s0/fp)
PC=0000020C [FE042583] X11=00000014 X08=00500000 X00=00000000 lw      a1,-32(s0/fp)
PC=00000210 [02B50533] X10=260064C0 X10=01E66B70 X11=00000014 mul     a0,a0,a1
PC=00000214 [FE442803] X16=00000000 X08=00500000 X04=00000000 lw      a6,-28(s0/fp)
PC=00000218 [FE842583] X11=006148B0 X08=00500000 X08=00500000 lw      a1,-24(s0/fp)
PC=0000021C [02B805B3] X11=00000000 X16=00000000 X11=006148B0 mul     a1,a6,a1
PC=00000220 [00B50833] X16=260064C0 X10=260064C0 X11=00000000 add     a6,a0,a1
PC=00000224 [FE842503] X10=006148B0 X08=00500000 X08=00500000 lw      a0,-24(s0/fp)
PC=00000228 [FE042583] X11=00000014 X08=00500000 X00=00000000 lw      a1,-32(s0/fp)
PC=0000022C [02B508B3] X17=0799ADC0 X10=006148B0 X11=00000014 mul     a7,a0,a1
PC=00000230 [02B536B3] X13=0799ADC0 X10=006148B0 X11=00000014 mulhu   a3,a0,a1
PC=00000234 [00088613] X12=0799ADC0 X17=0799ADC0 X00=00000000 addi    a2,a7,0
PC=00000238 [00D805B3] X11=2D9A1280 X16=260064C0 X13=0799ADC0 add     a1,a6,a3
PC=0000023C [00058693] X13=2D9A1280 X11=2D9A1280 X00=00000000 addi    a3,a1,0
PC=00000240 [FEC42423] X08=00500000 X08=00500000 X12=0799ADC0 sw      a2,-24(s0/fp)
PC=00000244 [FED42623] X12=0799ADC0 X08=00500000 X13=2D9A1280 sw      a3,-20(s0/fp)
PC=00000248 [FEC42423] X08=00500000 X08=00500000 X12=0799ADC0 sw      a2,-24(s0/fp)
PC=0000024C [FED42623] X12=0799ADC0 X08=00500000 X13=2D9A1280 sw      a3,-20(s0/fp)
PC=00000250 [FE042803] X16=00000014 X08=00500000 X00=00000000 lw      a6,-32(s0/fp)
PC=00000254 [FE442883] X17=00000000 X08=00500000 X04=00000000 lw      a7,-28(s0/fp)
PC=00000258 [FFF00313] X06=FFFFFFFF X00=00000000 X31=00000000 addi    t1,zero,-1
PC=0000025C [FFF00393] X07=FFFFFFFF X00=00000000 X31=00000000 addi    t2,zero,-1
PC=00000260 [00680533] X10=00000013 X16=00000014 X06=FFFFFFFF add     a0,a6,t1
PC=00000264 [00050E13] X28=00000013 X10=00000013 X00=00000000 addi    t3,a0,0
PC=00000268 [010E3E33] X28=00000001 X28=00000013 X16=00000014 sltu    t3,t3,a6
PC=0000026C [007885B3] X11=FFFFFFFF X17=00000000 X07=FFFFFFFF add     a1,a7,t2
PC=00000270 [00BE0833] X16=00000000 X28=00000001 X11=FFFFFFFF add     a6,t3,a1
PC=00000274 [00080593] X11=00000000 X16=00000000 X00=00000000 addi    a1,a6,0
PC=00000278 [FEA42023] X00=00000000 X08=00500000 X10=00000013 sw      a0,-32(s0/fp)
PC=0000027C [FEB42223] X04=00000000 X08=00500000 X11=00000000 sw      a1,-28(s0/fp)
PC=00000280 [FE442583] X11=00000000 X08=00500000 X04=00000000 lw      a1,-28(s0/fp)
PC=00000288 [F80592E3] X05=00000000 X11=00000000 X00=00000000 bne     a1,zero,-124
PC=00000288 [FE442583] X11=00000000 X08=00500000 X04=00000000 lw      a1,-28(s0/fp)
PC=00000290 [00059863] X16=00000000 X11=00000000 X00=00000000 bne     a1,zero,16
PC=00000290 [FE042503] X10=00000013 X08=00500000 X00=00000000 lw      a0,-32(s0/fp)
PC=00000294 [00100593] X11=00000001 X00=00000000 X01=000001C0 addi    a1,zero,1
PC=00000208 [F6A5E8E3] X17=00000000 X11=00000001 X10=00000013 bltu    a1,a0,-144
PC=00000208 [FEC42503] X10=2D9A1280 X08=00500000 X12=0799ADC0 lw      a0,-20(s0/fp)
PC=0000020C [FE042583] X11=00000013 X08=00500000 X00=00000000 lw      a1,-32(s0/fp)
PC=00000210 [02B50533] X10=626F5F80 X10=2D9A1280 X11=00000013 mul     a0,a0,a1
PC=00000214 [FE442803] X16=00000000 X08=00500000 X04=00000000 lw      a6,-28(s0/fp)
PC=00000218 [FE842583] X11=0799ADC0 X08=00500000 X08=00500000 lw      a1,-24(s0/fp)
PC=0000021C [02B805B3] X11=00000000 X16=00000000 X11=0799ADC0 mul     a1,a6,a1
PC=00000220 [00B50833] X16=626F5F80 X10=626F5F80 X11=00000000 add     a6,a0,a1
PC=00000224 [FE842503] X10=0799ADC0 X08=00500000 X08=00500000 lw      a0,-24(s0/fp)
PC=00000228 [FE042583] X11=00000013 X08=00500000 X00=00000000 lw      a1,-32(s0/fp)
PC=0000022C [02B508B3] X17=9067E540 X10=0799ADC0 X11=00000013 mul     a7,a0,a1
PC=00000230 [02B536B3] X13=9067E540 X10=0799ADC0 X11=00000013 mulhu   a3,a0,a1
PC=00000234 [00088613] X12=9067E540 X17=9067E540 X00=00000000 addi    a2,a7,0
PC=00000238 [00D805B3] X11=F2D744C0 X16=626F5F80 X13=9067E540 add     a1,a6,a3
PC=0000023C [00058693] X13=F2D744C0 X11=F2D744C0 X00=00000000 addi    a3,a1,0
PC=00000240 [FEC42423] X08=00500000 X08=00500000 X12=9067E540 sw      a2,-24(s0/fp)
PC=00000244 [FED42623] X12=9067E540 X08=00500000 X13=F2D744C0 sw      a3,-20(s0/fp)
PC=00000248 [FEC42423] X08=00500000 X08=00500000 X12=9067E540 sw      a2,-24(s0/fp)
PC=0000024C [FED42623] X12=9067E540 X08=00500000 X13=F2D744C0 sw      a3,-20(s0/fp)
PC=00000250 [FE042803] X16=00000013 X08=00500000 X00=00000000 lw      a6,-32(s0/fp)
PC=00000254 [FE442883] X17=00000000 X08=00500000 X04=00000000 lw      a7,-28(s0/fp)
PC=00000258 [FFF00313] X06=FFFFFFFF X00=00000000 X31=00000000 addi    t1,zero,-1
PC=0000025C [FFF00393] X07=FFFFFFFF X00=00000000 X31=00000000 addi    t2,zero,-1
PC=00000260 [00680533] X10=00000012 X16=00000013 X06=FFFFFFFF add     a0,a6,t1
PC=00000264 [00050E13] X28=00000012 X10=00000012 X00=00000000 addi    t3,a0,0
PC=00000268 [010E3E33] X28=00000001 X28=00000012 X16=00000013 sltu    t3,t3,a6
PC=0000026C [007885B3] X11=FFFFFFFF X17=00000000 X07=FFFFFFFF add     a1,a7,t2
PC=00000270 [00BE0833] X16=00000000 X28=00000001 X11=FFFFFFFF add     a6,t3,a1
PC=00000274 [00080593] X11=00000000 X16=00000000 X00=00000000 addi    a1,a6,0
PC=00000278 [FEA42023] X00=00000000 X08=00500000 X10=00000012 sw      a0,-32(s0/fp)
PC=0000027C [FEB42223] X04=00000000 X08=00500000 X11=00000000 sw      a1,-28(s0/fp)
PC=00000280 [FE442583] X11=00000000 X08=00500000 X04=00000000 lw      a1,-28(s0/fp)
PC=00000288 [F80592E3] X05=00000000 X11=00000000 X00=00000000 bne     a1,zero,-124
PC=00000288 [FE442583] X11=00000000 X08=00500000 X04=00000000 lw      a1,-28(s0/fp)
PC=00000290 [00059863] X16=00000000 X11=00000000 X00=00000000 bne     a1,zero,16
PC=00000290 [FE042503] X10=00000012 X08=00500000 X00=00000000 lw      a0,-32(s0/fp)
PC=00000294 [00100593] X11=00000001 X00=00000000 X01=000001C0 addi    a1,zero,1
PC=00000208 [F6A5E8E3] X17=00000000 X11=00000001 X10=00000012 bltu    a1,a0,-144
PC=00000208 [FEC42503] X10=F2D744C0 X08=00500000 X12=9067E540 lw      a0,-20(s0/fp)
PC=0000020C [FE042583] X11=00000012 X08=00500000 X00=00000000 lw      a1,-32(s0/fp)
PC=00000210 [02B50533] X10=1322D580 X10=F2D744C0 X11=00000012 mul     a0,a0,a1
PC=00000214 [FE442803] X16=00000000 X08=00500000 X04=00000000 lw      a6,-28(s0/fp)
PC=00000218 [FE842583] X11=9067E540 X08=00500000 X08=00500000 lw      a1,-24(s0/fp)
PC=0000021C [02B805B3] X11=00000000 X16=00000000 X11=9067E540 mul     a1,a6,a1
PC=00000220 [00B50833] X16=1322D580 X10=1322D580 X11=00000000 add     a6,a0,a1
PC=00000224 [FE842503] X10=9067E540 X08=00500000 X08=00500000 lw      a0,-24(s0/fp)
PC=00000228 [FE042583] X11=00000012 X08=00500000 X00=00000000 lw      a1,-32(s0/fp)
PC=0000022C [02B508B3] X17=274E1E80 X10=9067E540 X11=00000012 mul     a7,a0,a1
PC=00000230 [02B536B3] X13=A274E1E8 X10=9067E540 X11=00000012 mulhu   a3,a0,a1
PC=00000234 [00088613] X12=274E1E80 X17=274E1E80 X00=00000000 addi    a2,a7,0
PC=00000238 [00D805B3] X11=B597B768 X16=1322D580 X13=A274E1E8 add     a1,a6,a3
PC=0000023C [00058693] X13=B597B768 X11=B597B768 X00=00000000 addi    a3,a1,0
PC=00000240 [FEC42423] X08=00500000 X08=00500000 X12=274E1E80 sw      a2,-24(s0/fp)
PC=00000244 [FED42623] X12=274E1E80 X08=00500000 X13=B597B768 sw      a3,-20(s0/fp)
PC=00000248 [FEC42423] X08=00500000 X08=00500000 X12=274E1E80 sw      a2,-24(s0/fp)
PC=0000024C [FED42623] X12=274E1E80 X08=00500000 X13=B597B768 sw      a3,-20(s0/fp)
PC=00000250 [FE042803] X16=00000012 X08=00500000 X00=00000000 lw      a6,-32(s0/fp)
PC=00000254 [FE442883] X17=00000000 X08=00500000 X04=00000000 lw      a7,-28(s0/fp)
PC=00000258 [FFF00313] X06=FFFFFFFF X00=00000000 X31=00000000 addi    t1,zero,-1
PC=0000025C [FFF00393] X07=FFFFFFFF X00=00000000 X31=00000000 addi    t2,zero,-1
PC=00000260 [00680533] X10=00000011 X16=00000012 X06=FFFFFFFF add     a0,a6,t1
PC=00000264 [00050E13] X28=00000011 X10=00000011 X00=00000000 addi    t3,a0,0
PC=00000268 [010E3E33] X28=00000001 X28=00000011 X16=00000012 sltu    t3,t3,a6
PC=0000026C [007885B3] X11=FFFFFFFF X17=00000000 X07=FFFFFFFF add     a1,a7,t2
PC=00000270 [00BE0833] X16=00000000 X28=00000001 X11=FFFFFFFF add     a6,t3,a1
PC=00000274 [00080593] X11=00000000 X16=00000000 X00=00000000 addi    a1,a6,0
PC=00000278 [FEA42023] X00=00000000 X08=00500000 X10=00000011 sw      a0,-32(s0/fp)
PC=0000027C [FEB42223] X04=00000000 X08=00500000 X11=00000000 sw      a1,-28(s0/fp)
PC=00000280 [FE442583] X11=00000000 X08=00500000 X04=00000000 lw      a1,-28(s0/fp)
PC=00000288 [F80592E3] X05=00000000 X11=00000000 X00=00000000 bne     a1,zero,-124
PC=00000288 [FE442583] X11=00000000 X08=00500000 X04=00000000 lw      a1,-28(s0/fp)
PC=00000290 [00059863] X16=00000000 X11=00000000 X00=00000000 bne     a1,zero,16
PC=00000290 [FE042503] X10=00000011 X08=00500000 X00=00000000 lw      a0,-32(s0/fp)
PC=00000294 [00100593] X11=00000001 X00=00000000 X01=000001C0 addi    a1,zero,1
PC=00000208 [F6A5E8E3] X17=00000000 X11=00000001 X10=00000011 bltu    a1,a0,-144
PC=00000208 [FEC42503] X10=B597B768 X08=00500000 X12=274E1E80 lw      a0,-20(s0/fp)
PC=0000020C [FE042583] X11=00000011 X08=00500000 X00=00000000 lw      a1,-32(s0/fp)
PC=00000210 [02B50533] X10=0F132DE8 X10=B597B768 X11=00000011 mul     a0,a0,a1
PC=00000214 [FE442803] X16=00000000 X08=00500000 X04=00000000 lw      a6,-28(s0/fp)
PC=00000218 [FE842583] X11=274E1E80 X08=00500000 X08=00500000 lw      a1,-24(s0/fp)
PC=0000021C [02B805B3] X11=00000000 X16=00000000 X11=274E1E80 mul     a1,a6,a1
PC=00000220 [00B50833] X16=0F132DE8 X10=0F132DE8 X11=00000000 add     a6,a0,a1
PC=00000224 [FE842503] X10=274E1E80 X08=00500000 X08=00500000 lw      a0,-24(s0/fp)
PC=00000228 [FE042583] X11=00000011 X08=00500000 X00=00000000 lw      a1,-32(s0/fp)
PC=0000022C [02B508B3] X17=9C300680 X10=274E1E80 X11=00000011 mul     a7,a0,a1
PC=00000230 [02B536B3] X13=29C30068 X10=274E1E80 X11=00000011 mulhu   a3,a0,a1
PC=00000234 [00088613] X12=9C300680 X17=9C300680 X00=00000000 addi    a2,a7,0
PC=00000238 [00D805B3] X11=38D62E50 X16=0F132DE8 X13=29C30068 add     a1,a6,a3
PC=0000023C [00058693] X13=38D62E50 X11=38D62E50 X00=00000000 addi    a3,a1,0
PC=00000240 [FEC42423] X08=00500000 X08=00500000 X12=9C300680 sw      a2,-24(s0/fp)
PC=00000244 [FED42623] X12=9C300680 X08=00500000 X13=38D62E50 sw      a3,-20(s0/fp)
PC=00000248 [FEC42423] X08=00500000 X08=00500000 X12=9C300680 sw      a2,-24(s0/fp)
PC=0000024C [FED42623] X12=9C300680 X08=00500000 X13=38D62E50 sw      a3,-20(s0/fp)
PC=00000250 [FE042803] X16=00000011 X08=00500000 X00=00000000 lw      a6,-32(s0/fp)
PC=00000254 [FE442883] X17=00000000 X08=00500000 X04=00000000 lw      a7,-28(s0/fp)
PC=00000258 [FFF00313] X06=FFFFFFFF X00=00000000 X31=00000000 addi    t1,zero,-1
PC=0000025C [FFF00393] X07=FFFFFFFF X00=00000000 X31=00000000 addi    t2,zero,-1
PC=00000260 [00680533] X10=00000010 X16=00000011 X06=FFFFFFFF add     a0,a6,t1
PC=00000264 [00050E13] X28=00000010 X10=00000010 X00=00000000 addi    t3,a0,0
PC=00000268 [010E3E33] X28=00000001 X28=00000010 X16=00000011 sltu    t3,t3,a6
PC=0000026C [007885B3] X11=FFFFFFFF X17=00000000 X07=FFFFFFFF add     a1,a7,t2
PC=00000270 [00BE0833] X16=00000000 X28=00000001 X11=FFFFFFFF add     a6,t3,a1
PC=00000274 [00080593] X11=00000000 X16=00000000 X00=00000000 addi    a1,a6,0
PC=00000278 [FEA42023] X00=00000000 X08=00500000 X10=00000010 sw      a0,-32(s0/fp)
PC=0000027C [FEB42223] X04=00000000 X08=00500000 X11=00000000 sw      a1,-28(s0/fp)
PC=00000280 [FE442583] X11=00000000 X08=00500000 X04=00000000 lw      a1,-28(s0/fp)
PC=00000288 [F80592E3] X05=00000000 X11=00000000 X00=00000000 bne     a1,zero,-124
PC=00000288 [FE442583] X11=00000000 X08=00500000 X04=00000000 lw      a1,-28(s0/fp)
PC=00000290 [00059863] X16=00000000 X11=00000000 X00=00000000 bne     a1,zero,16
PC=00000290 [FE042503] X10=00000010 X08=00500000 X00=00000000 lw      a0,-32(s0/fp)
PC=00000294 [00100593] X11=00000001 X00=00000000 X01=000001C0 addi    a1,zero,1
PC=00000208 [F6A5E8E3] X17=00000000 X11=00000001 X10=00000010 bltu    a1,a0,-144
PC=00000208 [FEC42503] X10=38D62E50 X08=00500000 X12=9C300680 lw      a0,-20(s0/fp)
PC=0000020C [FE042583] X11=00000010 X08=00500000 X00=00000000 lw      a1,-32(s0/fp)
PC=00000210 [02B50533] X10=8D62E500 X10=38D62E50 X11=00000010 mul     a0,a0,a1
PC=00000214 [FE442803] X16=00000000 X08=00500000 X04=00000000 lw      a6,-28(s0/fp)
PC=00000218 [FE842583] X11=9C300680 X08=00500000 X08=00500000 lw      a1,-24(s0/fp)
PC=0000021C [02B805B3] X11=00000000 X16=00000000 X11=9C300680 mul     a1,a6,a1
PC=00000220 [00B50833] X16=8D62E500 X10=8D62E500 X11=00000000 add     a6,a0,a1
PC=00000224 [FE842503] X10=9C300680 X08=00500000 X08=00500000 lw      a0,-24(s0/fp)
PC=00000228 [FE042583] X11=00000010 X08=00500000 X00=00000000 lw      a1,-32(s0/fp)
PC=0000022C [02B508B3] X17=C3006800 X10=9C300680 X11=00000010 mul     a7,a0,a1
PC=00000230 [02B536B3] X13=9C300680 X10=9C300680 X11=00000010 mulhu   a3,a0,a1
PC=00000234 [00088613] X12=C3006800 X17=C3006800 X00=00000000 addi    a2,a7,0
PC=00000238 [00D805B3] X11=2992EB80 X16=8D62E500 X13=9C300680 add     a1,a6,a3
PC=0000023C [00058693] X13=2992EB80 X11=2992EB80 X00=00000000 addi    a3,a1,0
PC=00000240 [FEC42423] X08=00500000 X08=00500000 X12=C3006800 sw      a2,-24(s0/fp)
PC=00000244 [FED42623] X12=C3006800 X08=00500000 X13=2992EB80 sw      a3,-20(s0/fp)
PC=00000248 [FEC42423] X08=00500000 X08=00500000 X12=C3006800 sw      a2,-24(s0/fp)
PC=0000024C [FED42623] X12=C3006800 X08=00500000 X13=2992EB80 sw      a3,-20(s0/fp)
PC=00000250 [FE042803] X16=00000010 X08=00500000 X00=00000000 lw      a6,-32(s0/fp)
PC=00000254 [FE442883] X17=00000000 X08=00500000 X04=00000000 lw      a7,-28(s0/fp)
PC=00000258 [FFF00313] X06=FFFFFFFF X00=00000000 X31=00000000 addi    t1,zero,-1
PC=0000025C [FFF00393] X07=FFFFFFFF X00=00000000 X31=00000000 addi    t2,zero,-1
PC=00000260 [00680533] X10=0000000F X16=00000010 X06=FFFFFFFF add     a0,a6,t1
PC=00000264 [00050E13] X28=0000000F X10=0000000F X00=00000000 addi    t3,a0,0
PC=00000268 [010E3E33] X28=00000001 X28=0000000F X16=00000010 sltu    t3,t3,a6
PC=0000026C [007885B3] X11=FFFFFFFF X17=00000000 X07=FFFFFFFF add     a1,a7,t2
PC=00000270 [00BE0833] X16=00000000 X28=00000001 X11=FFFFFFFF add     a6,t3,a1
PC=00000274 [00080593] X11=00000000 X16=00000000 X00=00000000 addi    a1,a6,0
PC=00000278 [FEA42023] X00=00000000 X08=00500000 X10=0000000F sw      a0,-32(s0/fp)
PC=0000027C [FEB42223] X04=00000000 X08=00500000 X11=00000000 sw      a1,-28(s0/fp)
PC=00000280 [FE442583] X11=00000000 X08=00500000 X04=00000000 lw      a1,-28(s0/fp)
PC=00000288 [F80592E3] X05=00000000 X11=00000000 X00=00000000 bne     a1,zero,-124
PC=00000288 [FE442583] X11=00000000 X08=00500000 X04=00000000 lw      a1,-28(s0/fp)
PC=00000290 [00059863] X16=00000000 X11=00000000 X00=00000000 bne     a1,zero,16
PC=00000290 [FE042503] X10=0000000F X08=00500000 X00=00000000 lw      a0,-32(s0/fp)
PC=00000294 [00100593] X11=00000001 X00=00000000 X01=000001C0 addi    a1,zero,1
PC=00000208 [F6A5E8E3] X17=00000000 X11=00000001 X10=0000000F bltu    a1,a0,-144
PC=00000208 [FEC42503] X10=2992EB80 X08=00500000 X12=C3006800 lw      a0,-20(s0/fp)
PC=0000020C [FE042583] X11=0000000F X08=00500000 X00=00000000 lw      a1,-32(s0/fp)
PC=00000210 [02B50533] X10=6F9BCC80 X10=2992EB80 X11=0000000F mul     a0,a0,a1
PC=00000214 [FE442803] X16=00000000 X08=00500000 X04=00000000 lw      a6,-28(s0/fp)
PC=00000218 [FE842583] X11=C3006800 X08=00500000 X08=00500000 lw      a1,-24(s0/fp)
PC=0000021C [02B805B3] X11=00000000 X16=00000000 X11=C3006800 mul     a1,a6,a1
PC=00000220 [00B50833] X16=6F9BCC80 X10=6F9BCC80 X11=00000000 add     a6,a0,a1
PC=00000224 [FE842503] X10=C3006800 X08=00500000 X08=00500000 lw      a0,-24(s0/fp)
PC=00000228 [FE042583] X11=0000000F X08=00500000 X00=00000000 lw      a1,-32(s0/fp)
PC=0000022C [02B508B3] X17=6D061800 X10=C3006800 X11=0000000F mul     a7,a0,a1
PC=00000230 [02B536B3] X13=B6D06180 X10=C3006800 X11=0000000F mulhu   a3,a0,a1
PC=00000234 [00088613] X12=6D061800 X17=6D061800 X00=00000000 addi    a2,a7,0
PC=00000238 [00D805B3] X11=266C2E00 X16=6F9BCC80 X13=B6D06180 add     a1,a6,a3
PC=0000023C [00058693] X13=266C2E00 X11=266C2E00 X00=00000000 addi    a3,a1,0
PC=00000240 [FEC42423] X08=00500000 X08=00500000 X12=6D061800 sw      a2,-24(s0/fp)
PC=00000244 [FED42623] X12=6D061800 X08=00500000 X13=266C2E00 sw      a3,-20(s0/fp)
PC=00000248 [FEC42423] X08=00500000 X08=00500000 X12=6D061800 sw      a2,-24(s0/fp)
PC=0000024C [FED42623] X12=6D061800 X08=00500000 X13=266C2E00 sw      a3,-20(s0/fp)
PC=00000250 [FE042803] X16=0000000F X08=00500000 X00=00000000 lw      a6,-32(s0/fp)
PC=00000254 [FE442883] X17=00000000 X08=00500000 X04=00000000 lw      a7,-28(s0/fp)
PC=00000258 [FFF00313] X06=FFFFFFFF X00=00000000 X31=00000000 addi    t1,zero,-1
PC=0000025C [FFF00393] X07=FFFFFFFF X00=00000000 X31=00000000 addi    t2,zero,-1
PC=00000260 [00680533] X10=0000000E X16=0000000F X06=FFFFFFFF add     a0,a6,t1
PC=00000264 [00050E13] X28=0000000E X10=0000000E X00=00000000 addi    t3,a0,0
PC=00000268 [010E3E33] X28=00000001 X28=0000000E X16=0000000F sltu    t3,t3,a6
PC=0000026C [007885B3] X11=FFFFFFFF X17=00000000 X07=FFFFFFFF add     a1,a7,t2
PC=00000270 [00BE0833] X16=00000000 X28=00000001 X11=FFFFFFFF add     a6,t3,a1
PC=00000274 [00080593] X11=00000000 X16=00000000 X00=00000000 addi    a1,a6,0
PC=00000278 [FEA42023] X00=00000000 X08=00500000 X10=0000000E sw      a0,-32(s0/fp)
PC=0000027C [FEB42223] X04=00000000 X08=00500000 X11=00000000 sw      a1,-28(s0/fp)
PC=00000280 [FE442583] X11=00000000 X08=00500000 X04=00000000 lw      a1,-28(s0/fp)
PC=00000288 [F80592E3] X05=00000000 X11=00000000 X00=00000000 bne     a1,zero,-124
PC=00000288 [FE442583] X11=00000000 X08=00500000 X04=00000000 lw      a1,-28(s0/fp)
PC=00000290 [00059863] X16=00000000 X11=00000000 X00=00000000 bne     a1,zero,16
PC=00000290 [FE042503] X10=0000000E X08=00500000 X00=00000000 lw      a0,-32(s0/fp)
PC=00000294 [00100593] X11=00000001 X00=00000000 X01=000001C0 addi    a1,zero,1
PC=00000208 [F6A5E8E3] X17=00000000 X11=00000001 X10=0000000E bltu    a1,a0,-144
PC=00000208 [FEC42503] X10=266C2E00 X08=00500000 X12=6D061800 lw      a0,-20(s0/fp)
PC=0000020C [FE042583] X11=0000000E X08=00500000 X00=00000000 lw      a1,-32(s0/fp)
PC=00000210 [02B50533] X10=19EA8400 X10=266C2E00 X11=0000000E mul     a0,a0,a1
PC=00000214 [FE442803] X16=00000000 X08=00500000 X04=00000000 lw      a6,-28(s0/fp)
PC=00000218 [FE842583] X11=6D061800 X08=00500000 X08=00500000 lw      a1,-24(s0/fp)
PC=0000021C [02B805B3] X11=00000000 X16=00000000 X11=6D061800 mul     a1,a6,a1
PC=00000220 [00B50833] X16=19EA8400 X10=19EA8400 X11=00000000 add     a6,a0,a1
PC=00000224 [FE842503] X10=6D061800 X08=00500000 X08=00500000 lw      a0,-24(s0/fp)
PC=00000228 [FE042583] X11=0000000E X08=00500000 X00=00000000 lw      a1,-32(s0/fp)
PC=0000022C [02B508B3] X17=F6555000 X10=6D061800 X11=0000000E mul     a7,a0,a1
PC=00000230 [02B536B3] X13=5F655500 X10=6D061800 X11=0000000E mulhu   a3,a0,a1
PC=00000234 [00088613] X12=F6555000 X17=F6555000 X00=00000000 addi    a2,a7,0
PC=00000238 [00D805B3] X11=794FD900 X16=19EA8400 X13=5F655500 add     a1,a6,a3
PC=0000023C [00058693] X13=794FD900 X11=794FD900 X00=00000000 addi    a3,a1,0
PC=00000240 [FEC42423] X08=00500000 X08=00500000 X12=F6555000 sw      a2,-24(s0/fp)
PC=00000244 [FED42623] X12=F6555000 X08=00500000 X13=794FD900 sw      a3,-20(s0/fp)
PC=00000248 [FEC42423] X08=00500000 X08=00500000 X12=F6555000 sw      a2,-24(s0/fp)
PC=0000024C [FED42623] X12=F6555000 X08=00500000 X13=794FD900 sw      a3,-20(s0/fp)
PC=00000250 [FE042803] X16=0000000E X08=00500000 X00=00000000 lw      a6,-32(s0/fp)
PC=00000254 [FE442883] X17=00000000 X08=00500000 X04=00000000 lw      a7,-28(s0/fp)
PC=00000258 [FFF00313] X06=FFFFFFFF X00=00000000 X31=00000000 addi    t1,zero,-1
PC=0000025C [FFF00393] X07=FFFFFFFF X00=00000000 X31=00000000 addi    t2,zero,-1
PC=00000260 [00680533] X10=0000000D X16=0000000E X06=FFFFFFFF add     a0,a6,t1
PC=00000264 [00050E13] X28=0000000D X10=0000000D X00=00000000 addi    t3,a0,0
PC=00000268 [010E3E33] X28=00000001 X28=0000000D X16=0000000E sltu    t3,t3,a6
PC=0000026C [007885B3] X11=FFFFFFFF X17=00000000 X07=FFFFFFFF add     a1,a7,t2
PC=00000270 [00BE0833] X16=00000000 X28=00000001 X11=FFFFFFFF add     a6,t3,a1
PC=00000274 [00080593] X11=00000000 X16=00000000 X00=00000000 addi    a1,a6,0
PC=00000278 [FEA42023] X00=00000000 X08=00500000 X10=0000000D sw      a0,-32(s0/fp)
PC=0000027C [FEB42223] X04=00000000 X08=00500000 X11=00000000 sw      a1,-28(s0/fp)
PC=00000280 [FE442583] X11=00000000 X08=00500000 X04=00000000 lw      a1,-28(s0/fp)
PC=00000288 [F80592E3] X05=00000000 X11=00000000 X00=00000000 bne     a1,zero,-124
PC=00000288 [FE442583] X11=00000000 X08=00500000 X04=00000000 lw      a1,-28(s0/fp)
PC=00000290 [00059863] X16=00000000 X11=00000000 X00=00000000 bne     a1,zero,16
PC=00000290 [FE042503] X10=0000000D X08=00500000 X00=00000000 lw      a0,-32(s0/fp)
PC=00000294 [00100593] X11=00000001 X00=00000000 X01=000001C0 addi    a1,zero,1
PC=00000208 [F6A5E8E3] X17=00000000 X11=00000001 X10=0000000D bltu    a1,a0,-144
PC=00000208 [FEC42503] X10=794FD900 X08=00500000 X12=F6555000 lw      a0,-20(s0/fp)
PC=0000020C [FE042583] X11=0000000D X08=00500000 X00=00000000 lw      a1,-32(s0/fp)
PC=00000210 [02B50533] X10=290E0500 X10=794FD900 X11=0000000D mul     a0,a0,a1
PC=00000214 [FE442803] X16=00000000 X08=00500000 X04=00000000 lw      a6,-28(s0/fp)
PC=00000218 [FE842583] X11=F6555000 X08=00500000 X08=00500000 lw      a1,-24(s0/fp)
PC=0000021C [02B805B3] X11=00000000 X16=00000000 X11=F6555000 mul     a1,a6,a1
PC=00000220 [00B50833] X16=290E0500 X10=290E0500 X11=00000000 add     a6,a0,a1
PC=00000224 [FE842503] X10=F6555000 X08=00500000 X08=00500000 lw      a0,-24(s0/fp)
PC=00000228 [FE042583] X11=0000000D X08=00500000 X00=00000000 lw      a1,-32(s0/fp)
PC=0000022C [02B508B3] X17=82551000 X10=F6555000 X11=0000000D mul     a7,a0,a1
PC=00000230 [02B536B3] X13=C8255100 X10=F6555000 X11=0000000D mulhu   a3,a0,a1
PC=00000234 [00088613] X12=82551000 X17=82551000 X00=00000000 addi    a2,a7,0
PC=00000238 [00D805B3] X11=F1335600 X16=290E0500 X13=C8255100 add     a1,a6,a3
PC=0000023C [00058693] X13=F1335600 X11=F1335600 X00=00000000 addi    a3,a1,0
PC=00000240 [FEC42423] X08=00500000 X08=00500000 X12=82551000 sw      a2,-24(s0/fp)
PC=00000244 [FED42623] X12=82551000 X08=00500000 X13=F1335600 sw      a3,-20(s0/fp)
PC=00000248 [FEC42423] X08=00500000 X08=00500000 X12=82551000 sw      a2,-24(s0/fp)
PC=0000024C [FED42623] X12=82551000 X08=00500000 X13=F1335600 sw      a3,-20(s0/fp)
PC=00000250 [FE042803] X16=0000000D X08=00500000 X00=00000000 lw      a6,-32(s0/fp)
PC=00000254 [FE442883] X17=00000000 X08=00500000 X04=00000000 lw      a7,-28(s0/fp)
PC=00000258 [FFF00313] X06=FFFFFFFF X00=00000000 X31=00000000 addi    t1,zero,-1
PC=0000025C [FFF00393] X07=FFFFFFFF X00=00000000 X31=00000000 addi    t2,zero,-1
PC=00000260 [00680533] X10=0000000C X16=0000000D X06=FFFFFFFF add     a0,a6,t1
PC=00000264 [00050E13] X28=0000000C X10=0000000C X00=00000000 addi    t3,a0,0
PC=00000268 [010E3E33] X28=00000001 X28=0000000C X16=0000000D sltu    t3,t3,a6
PC=0000026C [007885B3] X11=FFFFFFFF X17=00000000 X07=FFFFFFFF add     a1,a7,t2
PC=00000270 [00BE0833] X16=00000000 X28=00000001 X11=FFFFFFFF add     a6,t3,a1
PC=00000274 [00080593] X11=00000000 X16=00000000 X00=00000000 addi    a1,a6,0
PC=00000278 [FEA42023] X00=00000000 X08=00500000 X10=0000000C sw      a0,-32(s0/fp)
PC=0000027C [FEB42223] X04=00000000 X08=00500000 X11=00000000 sw      a1,-28(s0/fp)
PC=00000280 [FE442583] X11=00000000 X08=00500000 X04=00000000 lw      a1,-28(s0/fp)
PC=00000288 [F80592E3] X05=00000000 X11=00000000 X00=00000000 bne     a1,zero,-124
PC=00000288 [FE442583] X11=00000000 X08=00500000 X04=00000000 lw      a1,-28(s0/fp)
PC=00000290 [00059863] X16=00000000 X11=00000000 X00=00000000 bne     a1,zero,16
PC=00000290 [FE042503] X10=0000000C X08=00500000 X00=00000000 lw      a0,-32(s0/fp)
PC=00000294 [00100593] X11=00000001 X00=00000000 X01=000001C0 addi    a1,zero,1
PC=00000208 [F6A5E8E3] X17=00000000 X11=00000001 X10=0000000C bltu    a1,a0,-144
PC=00000208 [FEC42503] X10=F1335600 X08=00500000 X12=82551000 lw      a0,-20(s0/fp)
PC=0000020C [FE042583] X11=0000000C X08=00500000 X00=00000000 lw      a1,-32(s0/fp)
PC=00000210 [02B50533] X10=4E680800 X10=F1335600 X11=0000000C mul     a0,a0,a1
PC=00000214 [FE442803] X16=00000000 X08=00500000 X04=00000000 lw      a6,-28(s0/fp)
PC=00000218 [FE842583] X11=82551000 X08=00500000 X08=00500000 lw      a1,-24(s0/fp)
PC=0000021C [02B805B3] X11=00000000 X16=00000000 X11=82551000 mul     a1,a6,a1
PC=00000220 [00B50833] X16=4E680800 X10=4E680800 X11=00000000 add     a6,a0,a1
PC=00000224 [FE842503] X10=82551000 X08=00500000 X08=00500000 lw      a0,-24(s0/fp)
PC=00000228 [FE042583] X11=0000000C X08=00500000 X00=00000000 lw      a1,-32(s0/fp)
PC=0000022C [02B508B3] X17=1BFCC000 X10=82551000 X11=0000000C mul     a7,a0,a1
PC=00000230 [02B536B3] X13=61BFCC00 X10=82551000 X11=0000000C mulhu   a3,a0,a1
PC=00000234 [00088613] X12=1BFCC000 X17=1BFCC000 X00=00000000 addi    a2,a7,0
PC=00000238 [00D805B3] X11=B027D400 X16=4E680800 X13=61BFCC00 add     a1,a6,a3
PC=0000023C [00058693] X13=B027D400 X11=B027D400 X00=00000000 addi    a3,a1,0
PC=00000240 [FEC42423] X08=00500000 X08=00500000 X12=1BFCC000 sw      a2,-24(s0/fp)
PC=00000244 [FED42623] X12=1BFCC000 X08=00500000 X13=B027D400 sw      a3,-20(s0/fp)
PC=00000248 [FEC42423] X08=00500000 X08=00500000 X12=1BFCC000 sw      a2,-24(s0/fp)
PC=0000024C [FED42623] X12=1BFCC000 X08=00500000 X13=B027D400 sw      a3,-20(s0/fp)
PC=00000250 [FE042803] X16=0000000C X08=00500000 X00=00000000 lw      a6,-32(s0/fp)
PC=00000254 [FE442883] X17=00000000 X08=00500000 X04=00000000 lw      a7,-28(s0/fp)
PC=00000258 [FFF00313] X06=FFFFFFFF X00=00000000 X31=00000000 addi    t1,zero,-1
PC=0000025C [FFF00393] X07=FFFFFFFF X00=00000000 X31=00000000 addi    t2,zero,-1
PC=00000260 [00680533] X10=0000000B X16=0000000C X06=FFFFFFFF add     a0,a6,t1
PC=00000264 [00050E13] X28=0000000B X10=0000000B X00=00000000 addi    t3,a0,0
PC=00000268 [010E3E33] X28=00000001 X28=0000000B X16=0000000C sltu    t3,t3,a6
PC=0000026C [007885B3] X11=FFFFFFFF X17=00000000 X07=FFFFFFFF add     a1,a7,t2
PC=00000270 [00BE0833] X16=00000000 X28=00000001 X11=FFFFFFFF add     a6,t3,a1
PC=00000274 [00080593] X11=00000000 X16=00000000 X00=00000000 addi    a1,a6,0
PC=00000278 [FEA42023] X00=00000000 X08=00500000 X10=0000000B sw      a0,-32(s0/fp)
PC=0000027C [FEB42223] X04=00000000 X08=00500000 X11=00000000 sw      a1,-28(s0/fp)
PC=00000280 [FE442583] X11=00000000 X08=00500000 X04=00000000 lw      a1,-28(s0/fp)
PC=00000288 [F80592E3] X05=00000000 X11=00000000 X00=00000000 bne     a1,zero,-124
PC=00000288 [FE442583] X11=00000000 X08=00500000 X04=00000000 lw      a1,-28(s0/fp)
PC=00000290 [00059863] X16=00000000 X11=00000000 X00=00000000 bne     a1,zero,16
PC=00000290 [FE042503] X10=0000000B X08=00500000 X00=00000000 lw      a0,-32(s0/fp)
PC=00000294 [00100593] X11=00000001 X00=00000000 X01=000001C0 addi    a1,zero,1
PC=00000208 [F6A5E8E3] X17=00000000 X11=00000001 X10=0000000B bltu    a1,a0,-144
PC=00000208 [FEC42503] X10=B027D400 X08=00500000 X12=1BFCC000 lw      a0,-20(s0/fp)
PC=0000020C [FE042583] X11=0000000B X08=00500000 X00=00000000 lw      a1,-32(s0/fp)
PC=00000210 [02B50533] X10=91B61C00 X10=B027D400 X11=0000000B mul     a0,a0,a1
PC=00000214 [FE442803] X16=00000000 X08=00500000 X04=00000000 lw      a6,-28(s0/fp)
PC=00000218 [FE842583] X11=1BFCC000 X08=00500000 X08=00500000 lw      a1,-24(s0/fp)
PC=0000021C [02B805B3] X11=00000000 X16=00000000 X11=1BFCC000 mul     a1,a6,a1
PC=00000220 [00B50833] X16=91B61C00 X10=91B61C00 X11=00000000 add     a6,a0,a1
PC=00000224 [FE842503] X10=1BFCC000 X08=00500000 X08=00500000 lw      a0,-24(s0/fp)
PC=00000228 [FE042583] X11=0000000B X08=00500000 X00=00000000 lw      a1,-32(s0/fp)
PC=0000022C [02B508B3] X17=33DC4000 X10=1BFCC000 X11=0000000B mul     a7,a0,a1
PC=00000230 [02B536B3] X13=133DC400 X10=1BFCC000 X11=0000000B mulhu   a3,a0,a1
PC=00000234 [00088613] X12=33DC4000 X17=33DC4000 X00=00000000 addi    a2,a7,0
PC=00000238 [00D805B3] X11=A4F3E000 X16=91B61C00 X13=133DC400 add     a1,a6,a3
PC=0000023C [00058693] X13=A4F3E000 X11=A4F3E000 X00=00000000 addi    a3,a1,0
PC=00000240 [FEC42423] X08=00500000 X08=00500000 X12=33DC4000 sw      a2,-24(s0/fp)
PC=00000244 [FED42623] X12=33DC4000 X08=00500000 X13=A4F3E000 sw      a3,-20(s0/fp)
PC=00000248 [FEC42423] X08=00500000 X08=00500000 X12=33DC4000 sw      a2,-24(s0/fp)
PC=0000024C [FED42623] X12=33DC4000 X08=00500000 X13=A4F3E000 sw      a3,-20(s0/fp)
PC=00000250 [FE042803] X16=0000000B X08=00500000 X00=00000000 lw      a6,-32(s0/fp)
PC=00000254 [FE442883] X17=00000000 X08=00500000 X04=00000000 lw      a7,-28(s0/fp)
PC=00000258 [FFF00313] X06=FFFFFFFF X00=00000000 X31=00000000 addi    t1,zero,-1
PC=0000025C [FFF00393] X07=FFFFFFFF X00=00000000 X31=00000000 addi    t2,zero,-1
PC=00000260 [00680533] X10=0000000A X16=0000000B X06=FFFFFFFF add     a0,a6,t1
PC=00000264 [00050E13] X28=0000000A X10=0000000A X00=00000000 addi    t3,a0,0
PC=00000268 [010E3E33] X28=00000001 X28=0000000A X16=0000000B sltu    t3,t3,a6
PC=0000026C [007885B3] X11=FFFFFFFF X17=00000000 X07=FFFFFFFF add     a1,a7,t2
PC=00000270 [00BE0833] X16=00000000 X28=00000001 X11=FFFFFFFF add     a6,t3,a1
PC=00000274 [00080593] X11=00000000 X16=00000000 X00=00000000 addi    a1,a6,0
PC=00000278 [FEA42023] X00=00000000 X08=00500000 X10=0000000A sw      a0,-32(s0/fp)
PC=0000027C [FEB42223] X04=00000000 X08=00500000 X11=00000000 sw      a1,-28(s0/fp)
PC=00000280 [FE442583] X11=00000000 X08=00500000 X04=00000000 lw      a1,-28(s0/fp)
PC=00000288 [F80592E3] X05=00000000 X11=00000000 X00=00000000 bne     a1,zero,-124
PC=00000288 [FE442583] X11=00000000 X08=00500000 X04=00000000 lw      a1,-28(s0/fp)
PC=00000290 [00059863] X16=00000000 X11=00000000 X00=00000000 bne     a1,zero,16
PC=00000290 [FE042503] X10=0000000A X08=00500000 X00=00000000 lw      a0,-32(s0/fp)
PC=00000294 [00100593] X11=00000001 X00=00000000 X01=000001C0 addi    a1,zero,1
PC=00000208 [F6A5E8E3] X17=00000000 X11=00000001 X10=0000000A bltu    a1,a0,-144
PC=00000208 [FEC42503] X10=A4F3E000 X08=00500000 X12=33DC4000 lw      a0,-20(s0/fp)
PC=0000020C [FE042583] X11=0000000A X08=00500000 X00=00000000 lw      a1,-32(s0/fp)
PC=00000210 [02B50533] X10=7186C000 X10=A4F3E000 X11=0000000A mul     a0,a0,a1
PC=00000214 [FE442803] X16=00000000 X08=00500000 X04=00000000 lw      a6,-28(s0/fp)
PC=00000218 [FE842583] X11=33DC4000 X08=00500000 X08=00500000 lw      a1,-24(s0/fp)
PC=0000021C [02B805B3] X11=00000000 X16=00000000 X11=33DC4000 mul     a1,a6,a1
PC=00000220 [00B50833] X16=7186C000 X10=7186C000 X11=00000000 add     a6,a0,a1
PC=00000224 [FE842503] X10=33DC4000 X08=00500000 X08=00500000 lw      a0,-24(s0/fp)
PC=00000228 [FE042583] X11=0000000A X08=00500000 X00=00000000 lw      a1,-32(s0/fp)
PC=0000022C [02B508B3] X17=069A8000 X10=33DC4000 X11=0000000A mul     a7,a0,a1
PC=00000230 [02B536B3] X13=2069A800 X10=33DC4000 X11=0000000A mulhu   a3,a0,a1
PC=00000234 [00088613] X12=069A8000 X17=069A8000 X00=00000000 addi    a2,a7,0
PC=00000238 [00D805B3] X11=91F06800 X16=7186C000 X13=2069A800 add     a1,a6,a3
PC=0000023C [00058693] X13=91F06800 X11=91F06800 X00=00000000 addi    a3,a1,0
PC=00000240 [FEC42423] X08=00500000 X08=00500000 X12=069A8000 sw      a2,-24(s0/fp)
PC=00000244 [FED42623] X12=069A8000 X08=00500000 X13=91F06800 sw      a3,-20(s0/fp)
PC=00000248 [FEC42423] X08=00500000 X08=00500000 X12=069A8000 sw      a2,-24(s0/fp)
PC=0000024C [FED42623] X12=069A8000 X08=00500000 X13=91F06800 sw      a3,-20(s0/fp)
PC=00000250 [FE042803] X16=0000000A X08=00500000 X00=00000000 lw      a6,-32(s0/fp)
PC=00000254 [FE442883] X17=00000000 X08=00500000 X04=00000000 lw      a7,-28(s0/fp)
PC=00000258 [FFF00313] X06=FFFFFFFF X00=00000000 X31=00000000 addi    t1,zero,-1
PC=0000025C [FFF00393] X07=FFFFFFFF X00=00000000 X31=00000000 addi    t2,zero,-1
PC=00000260 [00680533] X10=00000009 X16=0000000A X06=FFFFFFFF add     a0,a6,t1
PC=00000264 [00050E13] X28=00000009 X10=00000009 X00=00000000 addi    t3,a0,0
PC=00000268 [010E3E33] X28=00000001 X28=00000009 X16=0000000A sltu    t3,t3,a6
PC=0000026C [007885B3] X11=FFFFFFFF X17=00000000 X07=FFFFFFFF add     a1,a7,t2
PC=00000270 [00BE0833] X16=00000000 X28=00000001 X11=FFFFFFFF add     a6,t3,a1
PC=00000274 [00080593] X11=00000000 X16=00000000 X00=00000000 addi    a1,a6,0
PC=00000278 [FEA42023] X00=00000000 X08=00500000 X10=00000009 sw      a0,-32(s0/fp)
PC=0000027C [FEB42223] X04=00000000 X08=00500000 X11=00000000 sw      a1,-28(s0/fp)
PC=00000280 [FE442583] X11=00000000 X08=00500000 X04=00000000 lw      a1,-28(s0/fp)
PC=00000288 [F80592E3] X05=00000000 X11=00000000 X00=00000000 bne     a1,zero,-124
PC=00000288 [FE442583] X11=00000000 X08=00500000 X04=00000000 lw      a1,-28(s0/fp)
PC=00000290 [00059863] X16=00000000 X11=00000000 X00=00000000 bne     a1,zero,16
PC=00000290 [FE042503] X10=00000009 X08=00500000 X00=00000000 lw      a0,-32(s0/fp)
PC=00000294 [00100593] X11=00000001 X00=00000000 X01=000001C0 addi    a1,zero,1
PC=00000208 [F6A5E8E3] X17=00000000 X11=00000001 X10=00000009 bltu    a1,a0,-144
PC=00000208 [FEC42503] X10=91F06800 X08=00500000 X12=069A8000 lw      a0,-20(s0/fp)
PC=0000020C [FE042583] X11=00000009 X08=00500000 X00=00000000 lw      a1,-32(s0/fp)
PC=00000210 [02B50533] X10=2173A800 X10=91F06800 X11=00000009 mul     a0,a0,a1
PC=00000214 [FE442803] X16=00000000 X08=00500000 X04=00000000 lw      a6,-28(s0/fp)
PC=00000218 [FE842583] X11=069A8000 X08=00500000 X08=00500000 lw      a1,-24(s0/fp)
PC=0000021C [02B805B3] X11=00000000 X16=00000000 X11=069A8000 mul     a1,a6,a1
PC=00000220 [00B50833] X16=2173A800 X10=2173A800 X11=00000000 add     a6,a0,a1
PC=00000224 [FE842503] X10=069A8000 X08=00500000 X08=00500000 lw      a0,-24(s0/fp)
PC=00000228 [FE042583] X11=00000009 X08=00500000 X00=00000000 lw      a1,-32(s0/fp)
PC=0000022C [02B508B3] X17=3B6E8000 X10=069A8000 X11=00000009 mul     a7,a0,a1
PC=00000230 [02B536B3] X13=3B6E8000 X10=069A8000 X11=00000009 mulhu   a3,a0,a1
PC=00000234 [00088613] X12=3B6E8000 X17=3B6E8000 X00=00000000 addi    a2,a7,0
PC=00000238 [00D805B3] X11=5CE22800 X16=2173A800 X13=3B6E8000 add     a1,a6,a3
PC=0000023C [00058693] X13=5CE22800 X11=5CE22800 X00=00000000 addi    a3,a1,0
PC=00000240 [FEC42423] X08=00500000 X08=00500000 X12=3B6E8000 sw      a2,-24(s0/fp)
PC=00000244 [FED42623] X12=3B6E8000 X08=00500000 X13=5CE22800 sw      a3,-20(s0/fp)
PC=00000248 [FEC42423] X08=00500000 X08=00500000 X12=3B6E8000 sw      a2,-24(s0/fp)
PC=0000024C [FED42623] X12=3B6E8000 X08=00500000 X13=5CE22800 sw      a3,-20(s0/fp)
PC=00000250 [FE042803] X16=00000009 X08=00500000 X00=00000000 lw      a6,-32(s0/fp)
PC=00000254 [FE442883] X17=00000000 X08=00500000 X04=00000000 lw      a7,-28(s0/fp)
PC=00000258 [FFF00313] X06=FFFFFFFF X00=00000000 X31=00000000 addi    t1,zero,-1
PC=0000025C [FFF00393] X07=FFFFFFFF X00=00000000 X31=00000000 addi    t2,zero,-1
PC=00000260 [00680533] X10=00000008 X16=00000009 X06=FFFFFFFF add     a0,a6,t1
PC=00000264 [00050E13] X28=00000008 X10=00000008 X00=00000000 addi    t3,a0,0
PC=00000268 [010E3E33] X28=00000001 X28=00000008 X16=00000009 sltu    t3,t3,a6
PC=0000026C [007885B3] X11=FFFFFFFF X17=00000000 X07=FFFFFFFF add     a1,a7,t2
PC=00000270 [00BE0833] X16=00000000 X28=00000001 X11=FFFFFFFF add     a6,t3,a1
PC=00000274 [00080593] X11=00000000 X16=00000000 X00=00000000 addi    a1,a6,0
PC=00000278 [FEA42023] X00=00000000 X08=00500000 X10=00000008 sw      a0,-32(s0/fp)
PC=0000027C [FEB42223] X04=00000000 X08=00500000 X11=00000000 sw      a1,-28(s0/fp)
PC=00000280 [FE442583] X11=00000000 X08=00500000 X04=00000000 lw      a1,-28(s0/fp)
PC=00000288 [F80592E3] X05=00000000 X11=00000000 X00=00000000 bne     a1,zero,-124
PC=00000288 [FE442583] X11=00000000 X08=00500000 X04=00000000 lw      a1,-28(s0/fp)
PC=00000290 [00059863] X16=00000000 X11=00000000 X00=00000000 bne     a1,zero,16
PC=00000290 [FE042503] X10=00000008 X08=00500000 X00=00000000 lw      a0,-32(s0/fp)
PC=00000294 [00100593] X11=00000001 X00=00000000 X01=000001C0 addi    a1,zero,1
PC=00000208 [F6A5E8E3] X17=00000000 X11=00000001 X10=00000008 bltu    a1,a0,-144
PC=00000208 [FEC42503] X10=5CE22800 X08=00500000 X12=3B6E8000 lw      a0,-20(s0/fp)
PC=0000020C [FE042583] X11=00000008 X08=00500000 X00=00000000 lw      a1,-32(s0/fp)
PC=00000210 [02B50533] X10=E7114000 X10=5CE22800 X11=00000008 mul     a0,a0,a1
PC=00000214 [FE442803] X16=00000000 X08=00500000 X04=00000000 lw      a6,-28(s0/fp)
PC=00000218 [FE842583] X11=3B6E8000 X08=00500000 X08=00500000 lw      a1,-24(s0/fp)
PC=0000021C [02B805B3] X11=00000000 X16=00000000 X11=3B6E8000 mul     a1,a6,a1
PC=00000220 [00B50833] X16=E7114000 X10=E7114000 X11=00000000 add     a6,a0,a1
PC=00000224 [FE842503] X10=3B6E8000 X08=00500000 X08=00500000 lw      a0,-24(s0/fp)
PC=00000228 [FE042583] X11=00000008 X08=00500000 X00=00000000 lw      a1,-32(s0/fp)
PC=0000022C [02B508B3] X17=DB740000 X10=3B6E8000 X11=00000008 mul     a7,a0,a1
PC=00000230 [02B536B3] X13=1DB74000 X10=3B6E8000 X11=00000008 mulhu   a3,a0,a1
PC=00000234 [00088613] X12=DB740000 X17=DB740000 X00=00000000 addi    a2,a7,0
PC=00000238 [00D805B3] X11=04C88000 X16=E7114000 X13=1DB74000 add     a1,a6,a3
PC=0000023C [00058693] X13=04C88000 X11=04C88000 X00=00000000 addi    a3,a1,0
PC=00000240 [FEC42423] X08=00500000 X08=00500000 X12=DB740000 sw      a2,-24(s0/fp)
PC=00000244 [FED42623] X12=DB740000 X08=00500000 X13=04C88000 sw      a3,-20(s0/fp)
PC=00000248 [FEC42423] X08=00500000 X08=00500000 X12=DB740000 sw      a2,-24(s0/fp)
PC=0000024C [FED42623] X12=DB740000 X08=00500000 X13=04C88000 sw      a3,-20(s0/fp)
PC=00000250 [FE042803] X16=00000008 X08=00500000 X00=00000000 lw      a6,-32(s0/fp)
PC=00000254 [FE442883] X17=00000000 X08=00500000 X04=00000000 lw      a7,-28(s0/fp)
PC=00000258 [FFF00313] X06=FFFFFFFF X00=00000000 X31=00000000 addi    t1,zero,-1
PC=0000025C [FFF00393] X07=FFFFFFFF X00=00000000 X31=00000000 addi    t2,zero,-1
PC=00000260 [00680533] X10=00000007 X16=00000008 X06=FFFFFFFF add     a0,a6,t1
PC=00000264 [00050E13] X28=00000007 X10=00000007 X00=00000000 addi    t3,a0,0
PC=00000268 [010E3E33] X28=00000001 X28=00000007 X16=00000008 sltu    t3,t3,a6
PC=0000026C [007885B3] X11=FFFFFFFF X17=00000000 X07=FFFFFFFF add     a1,a7,t2
PC=00000270 [00BE0833] X16=00000000 X28=00000001 X11=FFFFFFFF add     a6,t3,a1
PC=00000274 [00080593] X11=00000000 X16=00000000 X00=00000000 addi    a1,a6,0
PC=00000278 [FEA42023] X00=00000000 X08=00500000 X10=00000007 sw      a0,-32(s0/fp)
PC=0000027C [FEB42223] X04=00000000 X08=00500000 X11=00000000 sw      a1,-28(s0/fp)
PC=00000280 [FE442583] X11=00000000 X08=00500000 X04=00000000 lw      a1,-28(s0/fp)
PC=00000288 [F80592E3] X05=00000000 X11=00000000 X00=00000000 bne     a1,zero,-124
PC=00000288 [FE442583] X11=00000000 X08=00500000 X04=00000000 lw      a1,-28(s0/fp)
PC=00000290 [00059863] X16=00000000 X11=00000000 X00=00000000 bne     a1,zero,16
PC=00000290 [FE042503] X10=00000007 X08=00500000 X00=00000000 lw      a0,-32(s0/fp)
PC=00000294 [00100593] X11=00000001 X00=00000000 X01=000001C0 addi    a1,zero,1
PC=00000208 [F6A5E8E3] X17=00000000 X11=00000001 X10=00000007 bltu    a1,a0,-144
PC=00000208 [FEC42503] X10=04C88000 X08=00500000 X12=DB740000 lw      a0,-20(s0/fp)
PC=0000020C [FE042583] X11=00000007 X08=00500000 X00=00000000 lw      a1,-32(s0/fp)
PC=00000210 [02B50533] X10=217B8000 X10=04C88000 X11=00000007 mul     a0,a0,a1
PC=00000214 [FE442803] X16=00000000 X08=00500000 X04=00000000 lw      a6,-28(s0/fp)
PC=00000218 [FE842583] X11=DB740000 X08=00500000 X08=00500000 lw      a1,-24(s0/fp)
PC=0000021C [02B805B3] X11=00000000 X16=00000000 X11=DB740000 mul     a1,a6,a1
PC=00000220 [00B50833] X16=217B8000 X10=217B8000 X11=00000000 add     a6,a0,a1
PC=00000224 [FE842503] X10=DB740000 X08=00500000 X08=00500000 lw      a0,-24(s0/fp)
PC=00000228 [FE042583] X11=00000007 X08=00500000 X00=00000000 lw      a1,-32(s0/fp)
PC=0000022C [02B508B3] X17=002C0000 X10=DB740000 X11=00000007 mul     a7,a0,a1
PC=00000230 [02B536B3] X13=6002C000 X10=DB740000 X11=00000007 mulhu   a3,a0,a1
PC=00000234 [00088613] X12=002C0000 X17=002C0000 X00=00000000 addi    a2,a7,0
PC=00000238 [00D805B3] X11=817E4000 X16=217B8000 X13=6002C000 add     a1,a6,a3
PC=0000023C [00058693] X13=817E4000 X11=817E4000 X00=00000000 addi    a3,a1,0
PC=00000240 [FEC42423] X08=00500000 X08=00500000 X12=002C0000 sw      a2,-24(s0/fp)
PC=00000244 [FED42623] X12=002C0000 X08=00500000 X13=817E4000 sw      a3,-20(s0/fp)
PC=00000248 [FEC42423] X08=00500000 X08=00500000 X12=002C0000 sw      a2,-24(s0/fp)
PC=0000024C [FED42623] X12=002C0000 X08=00500000 X13=817E4000 sw      a3,-20(s0/fp)
PC=00000250 [FE042803] X16=00000007 X08=00500000 X00=00000000 lw      a6,-32(s0/fp)
PC=00000254 [FE442883] X17=00000000 X08=00500000 X04=00000000 lw      a7,-28(s0/fp)
PC=00000258 [FFF00313] X06=FFFFFFFF X00=00000000 X31=00000000 addi    t1,zero,-1
PC=0000025C [FFF00393] X07=FFFFFFFF X00=00000000 X31=00000000 addi    t2,zero,-1
PC=00000260 [00680533] X10=00000006 X16=00000007 X06=FFFFFFFF add     a0,a6,t1
PC=00000264 [00050E13] X28=00000006 X10=00000006 X00=00000000 addi    t3,a0,0
PC=00000268 [010E3E33] X28=00000001 X28=00000006 X16=00000007 sltu    t3,t3,a6
PC=0000026C [007885B3] X11=FFFFFFFF X17=00000000 X07=FFFFFFFF add     a1,a7,t2
PC=00000270 [00BE0833] X16=00000000 X28=00000001 X11=FFFFFFFF add     a6,t3,a1
PC=00000274 [00080593] X11=00000000 X16=00000000 X00=00000000 addi    a1,a6,0
PC=00000278 [FEA42023] X00=00000000 X08=00500000 X10=00000006 sw      a0,-32(s0/fp)
PC=0000027C [FEB42223] X04=00000000 X08=00500000 X11=00000000 sw      a1,-28(s0/fp)
PC=00000280 [FE442583] X11=00000000 X08=00500000 X04=00000000 lw      a1,-28(s0/fp)
PC=00000288 [F80592E3] X05=00000000 X11=00000000 X00=00000000 bne     a1,zero,-124
PC=00000288 [FE442583] X11=00000000 X08=00500000 X04=00000000 lw      a1,-28(s0/fp)
PC=00000290 [00059863] X16=00000000 X11=00000000 X00=00000000 bne     a1,zero,16
PC=00000290 [FE042503] X10=00000006 X08=00500000 X00=00000000 lw      a0,-32(s0/fp)
PC=00000294 [00100593] X11=00000001 X00=00000000 X01=000001C0 addi    a1,zero,1
PC=00000208 [F6A5E8E3] X17=00000000 X11=00000001 X10=00000006 bltu    a1,a0,-144
PC=00000208 [FEC42503] X10=817E4000 X08=00500000 X12=002C0000 lw      a0,-20(s0/fp)
PC=0000020C [FE042583] X11=00000006 X08=00500000 X00=00000000 lw      a1,-32(s0/fp)
PC=00000210 [02B50533] X10=08F58000 X10=817E4000 X11=00000006 mul     a0,a0,a1
PC=00000214 [FE442803] X16=00000000 X08=00500000 X04=00000000 lw      a6,-28(s0/fp)
PC=00000218 [FE842583] X11=002C0000 X08=00500000 X08=00500000 lw      a1,-24(s0/fp)
PC=0000021C [02B805B3] X11=00000000 X16=00000000 X11=002C0000 mul     a1,a6,a1
PC=00000220 [00B50833] X16=08F58000 X10=08F58000 X11=00000000 add     a6,a0,a1
PC=00000224 [FE842503] X10=002C0000 X08=00500000 X08=00500000 lw      a0,-24(s0/fp)
PC=00000228 [FE042583] X11=00000006 X08=00500000 X00=00000000 lw      a1,-32(s0/fp)
PC=0000022C [02B508B3] X17=01080000 X10=002C0000 X11=00000006 mul     a7,a0,a1
PC=00000230 [02B536B3] X13=01080000 X10=002C0000 X11=00000006 mulhu   a3,a0,a1
PC=00000234 [00088613] X12=01080000 X17=01080000 X00=00000000 addi    a2,a7,0
PC=00000238 [00D805B3] X11=09FD8000 X16=08F58000 X13=01080000 add     a1,a6,a3
PC=0000023C [00058693] X13=09FD8000 X11=09FD8000 X00=00000000 addi    a3,a1,0
PC=00000240 [FEC42423] X08=00500000 X08=00500000 X12=01080000 sw      a2,-24(s0/fp)
PC=00000244 [FED42623] X12=01080000 X08=00500000 X13=09FD8000 sw      a3,-20(s0/fp)
PC=00000248 [FEC42423] X08=00500000 X08=00500000 X12=01080000 sw      a2,-24(s0/fp)
PC=0000024C [FED42623] X12=01080000 X08=00500000 X13=09FD8000 sw      a3,-20(s0/fp)
PC=00000250 [FE042803] X16=00000006 X08=00500000 X00=00000000 lw      a6,-32(s0/fp)
PC=00000254 [FE442883] X17=00000000 X08=00500000 X04=00000000 lw      a7,-28(s0/fp)
PC=00000258 [FFF00313] X06=FFFFFFFF X00=00000000 X31=00000000 addi    t1,zero,-1
PC=0000025C [FFF00393] X07=FFFFFFFF X00=00000000 X31=00000000 addi    t2,zero,-1
PC=00000260 [00680533] X10=00000005 X16=00000006 X06=FFFFFFFF add     a0,a6,t1
PC=00000264 [00050E13] X28=00000005 X10=00000005 X00=00000000 addi    t3,a0,0
PC=00000268 [010E3E33] X28=00000001 X28=00000005 X16=00000006 sltu    t3,t3,a6
PC=0000026C [007885B3] X11=FFFFFFFF X17=00000000 X07=FFFFFFFF add     a1,a7,t2
PC=00000270 [00BE0833] X16=00000000 X28=00000001 X11=FFFFFFFF add     a6,t3,a1
PC=00000274 [00080593] X11=00000000 X16=00000000 X00=00000000 addi    a1,a6,0
PC=00000278 [FEA42023] X00=00000000 X08=00500000 X10=00000005 sw      a0,-32(s0/fp)
PC=0000027C [FEB42223] X04=00000000 X08=00500000 X11=00000000 sw      a1,-28(s0/fp)
PC=00000280 [FE442583] X11=00000000 X08=00500000 X04=00000000 lw      a1,-28(s0/fp)
PC=00000288 [F80592E3] X05=00000000 X11=00000000 X00=00000000 bne     a1,zero,-124
PC=00000288 [FE442583] X11=00000000 X08=00500000 X04=00000000 lw      a1,-28(s0/fp)
PC=00000290 [00059863] X16=00000000 X11=00000000 X00=00000000 bne     a1,zero,16
PC=00000290 [FE042503] X10=00000005 X08=00500000 X00=00000000 lw      a0,-32(s0/fp)
PC=00000294 [00100593] X11=00000001 X00=00000000 X01=000001C0 addi    a1,zero,1
PC=00000208 [F6A5E8E3] X17=00000000 X11=00000001 X10=00000005 bltu    a1,a0,-144
PC=00000208 [FEC42503] X10=09FD8000 X08=00500000 X12=01080000 lw      a0,-20(s0/fp)
PC=0000020C [FE042583] X11=00000005 X08=00500000 X00=00000000 lw      a1,-32(s0/fp)
PC=00000210 [02B50533] X10=31F38000 X10=09FD8000 X11=00000005 mul     a0,a0,a1
PC=00000214 [FE442803] X16=00000000 X08=00500000 X04=00000000 lw      a6,-28(s0/fp)
PC=00000218 [FE842583] X11=01080000 X08=00500000 X08=00500000 lw      a1,-24(s0/fp)
PC=0000021C [02B805B3] X11=00000000 X16=00000000 X11=01080000 mul     a1,a6,a1
PC=00000220 [00B50833] X16=31F38000 X10=31F38000 X11=00000000 add     a6,a0,a1
PC=00000224 [FE842503] X10=01080000 X08=00500000 X08=00500000 lw      a0,-24(s0/fp)
PC=00000228 [FE042583] X11=00000005 X08=00500000 X00=00000000 lw      a1,-32(s0/fp)
PC=0000022C [02B508B3] X17=05280000 X10=01080000 X11=00000005 mul     a7,a0,a1
PC=00000230 [02B536B3] X13=05280000 X10=01080000 X11=00000005 mulhu   a3,a0,a1
PC=00000234 [00088613] X12=05280000 X17=05280000 X00=00000000 addi    a2,a7,0
PC=00000238 [00D805B3] X11=371B8000 X16=31F38000 X13=05280000 add     a1,a6,a3
PC=0000023C [00058693] X13=371B8000 X11=371B8000 X00=00000000 addi    a3,a1,0
PC=00000240 [FEC42423] X08=00500000 X08=00500000 X12=05280000 sw      a2,-24(s0/fp)
PC=00000244 [FED42623] X12=05280000 X08=00500000 X13=371B8000 sw      a3,-20(s0/fp)
PC=00000248 [FEC42423] X08=00500000 X08=00500000 X12=05280000 sw      a2,-24(s0/fp)
PC=0000024C [FED42623] X12=05280000 X08=00500000 X13=371B8000 sw      a3,-20(s0/fp)
PC=00000250 [FE042803] X16=00000005 X08=00500000 X00=00000000 lw      a6,-32(s0/fp)
PC=00000254 [FE442883] X17=00000000 X08=00500000 X04=00000000 lw      a7,-28(s0/fp)
PC=00000258 [FFF00313] X06=FFFFFFFF X00=00000000 X31=00000000 addi    t1,zero,-1
PC=0000025C [FFF00393] X07=FFFFFFFF X00=00000000 X31=00000000 addi    t2,zero,-1
PC=00000260 [00680533] X10=00000004 X16=00000005 X06=FFFFFFFF add     a0,a6,t1
PC=00000264 [00050E13] X28=00000004 X10=00000004 X00=00000000 addi    t3,a0,0
PC=00000268 [010E3E33] X28=00000001 X28=00000004 X16=00000005 sltu    t3,t3,a6
PC=0000026C [007885B3] X11=FFFFFFFF X17=00000000 X07=FFFFFFFF add     a1,a7,t2
PC=00000270 [00BE0833] X16=00000000 X28=00000001 X11=FFFFFFFF add     a6,t3,a1
PC=00000274 [00080593] X11=00000000 X16=00000000 X00=00000000 addi    a1,a6,0
PC=00000278 [FEA42023] X00=00000000 X08=00500000 X10=00000004 sw      a0,-32(s0/fp)
PC=0000027C [FEB42223] X04=00000000 X08=00500000 X11=00000000 sw      a1,-28(s0/fp)
PC=00000280 [FE442583] X11=00000000 X08=00500000 X04=00000000 lw      a1,-28(s0/fp)
PC=00000288 [F80592E3] X05=00000000 X11=00000000 X00=00000000 bne     a1,zero,-124
PC=00000288 [FE442583] X11=00000000 X08=00500000 X04=00000000 lw      a1,-28(s0/fp)
PC=00000290 [00059863] X16=00000000 X11=00000000 X00=00000000 bne     a1,zero,16
PC=00000290 [FE042503] X10=00000004 X08=00500000 X00=00000000 lw      a0,-32(s0/fp)
PC=00000294 [00100593] X11=00000001 X00=00000000 X01=000001C0 addi    a1,zero,1
PC=00000208 [F6A5E8E3] X17=00000000 X11=00000001 X10=00000004 bltu    a1,a0,-144
PC=00000208 [FEC42503] X10=371B8000 X08=00500000 X12=05280000 lw      a0,-20(s0/fp)
PC=0000020C [FE042583] X11=00000004 X08=00500000 X00=00000000 lw      a1,-32(s0/fp)
PC=00000210 [02B50533] X10=DC6E0000 X10=371B8000 X11=00000004 mul     a0,a0,a1
PC=00000214 [FE442803] X16=00000000 X08=00500000 X04=00000000 lw      a6,-28(s0/fp)
PC=00000218 [FE842583] X11=05280000 X08=00500000 X08=00500000 lw      a1,-24(s0/fp)
PC=0000021C [02B805B3] X11=00000000 X16=00000000 X11=05280000 mul     a1,a6,a1
PC=00000220 [00B50833] X16=DC6E0000 X10=DC6E0000 X11=00000000 add     a6,a0,a1
PC=00000224 [FE842503] X10=05280000 X08=00500000 X08=00500000 lw      a0,-24(s0/fp)
PC=00000228 [FE042583] X11=00000004 X08=00500000 X00=00000000 lw      a1,-32(s0/fp)
PC=0000022C [02B508B3] X17=14A00000 X10=05280000 X11=00000004 mul     a7,a0,a1
PC=00000230 [02B536B3] X13=14A00000 X10=05280000 X11=00000004 mulhu   a3,a0,a1
PC=00000234 [00088613] X12=14A00000 X17=14A00000 X00=00000000 addi    a2,a7,0
PC=00000238 [00D805B3] X11=F10E0000 X16=DC6E0000 X13=14A00000 add     a1,a6,a3
PC=0000023C [00058693] X13=F10E0000 X11=F10E0000 X00=00000000 addi    a3,a1,0
PC=00000240 [FEC42423] X08=00500000 X08=00500000 X12=14A00000 sw      a2,-24(s0/fp)
PC=00000244 [FED42623] X12=14A00000 X08=00500000 X13=F10E0000 sw      a3,-20(s0/fp)
PC=00000248 [FEC42423] X08=00500000 X08=00500000 X12=14A00000 sw      a2,-24(s0/fp)
PC=0000024C [FED42623] X12=14A00000 X08=00500000 X13=F10E0000 sw      a3,-20(s0/fp)
PC=00000250 [FE042803] X16=00000004 X08=00500000 X00=00000000 lw      a6,-32(s0/fp)
PC=00000254 [FE442883] X17=00000000 X08=00500000 X04=00000000 lw      a7,-28(s0/fp)
PC=00000258 [FFF00313] X06=FFFFFFFF X00=00000000 X31=00000000 addi    t1,zero,-1
PC=0000025C [FFF00393] X07=FFFFFFFF X00=00000000 X31=00000000 addi    t2,zero,-1
PC=00000260 [00680533] X10=00000003 X16=00000004 X06=FFFFFFFF add     a0,a6,t1
PC=00000264 [00050E13] X28=00000003 X10=00000003 X00=00000000 addi    t3,a0,0
PC=00000268 [010E3E33] X28=00000001 X28=00000003 X16=00000004 sltu    t3,t3,a6
PC=0000026C [007885B3] X11=FFFFFFFF X17=00000000 X07=FFFFFFFF add     a1,a7,t2
PC=00000270 [00BE0833] X16=00000000 X28=00000001 X11=FFFFFFFF add     a6,t3,a1
PC=00000274 [00080593] X11=00000000 X16=00000000 X00=00000000 addi    a1,a6,0
PC=00000278 [FEA42023] X00=00000000 X08=00500000 X10=00000003 sw      a0,-32(s0/fp)
PC=0000027C [FEB42223] X04=00000000 X08=00500000 X11=00000000 sw      a1,-28(s0/fp)
PC=00000280 [FE442583] X11=00000000 X08=00500000 X04=00000000 lw      a1,-28(s0/fp)
PC=00000288 [F80592E3] X05=00000000 X11=00000000 X00=00000000 bne     a1,zero,-124
PC=00000288 [FE442583] X11=00000000 X08=00500000 X04=00000000 lw      a1,-28(s0/fp)
PC=00000290 [00059863] X16=00000000 X11=00000000 X00=00000000 bne     a1,zero,16
PC=00000290 [FE042503] X10=00000003 X08=00500000 X00=00000000 lw      a0,-32(s0/fp)
PC=00000294 [00100593] X11=00000001 X00=00000000 X01=000001C0 addi    a1,zero,1
PC=00000208 [F6A5E8E3] X17=00000000 X11=00000001 X10=00000003 bltu    a1,a0,-144
PC=00000208 [FEC42503] X10=F10E0000 X08=00500000 X12=14A00000 lw      a0,-20(s0/fp)
PC=0000020C [FE042583] X11=00000003 X08=00500000 X00=00000000 lw      a1,-32(s0/fp)
PC=00000210 [02B50533] X10=D32A0000 X10=F10E0000 X11=00000003 mul     a0,a0,a1
PC=00000214 [FE442803] X16=00000000 X08=00500000 X04=00000000 lw      a6,-28(s0/fp)
PC=00000218 [FE842583] X11=14A00000 X08=00500000 X08=00500000 lw      a1,-24(s0/fp)
PC=0000021C [02B805B3] X11=00000000 X16=00000000 X11=14A00000 mul     a1,a6,a1
PC=00000220 [00B50833] X16=D32A0000 X10=D32A0000 X11=00000000 add     a6,a0,a1
PC=00000224 [FE842503] X10=14A00000 X08=00500000 X08=00500000 lw      a0,-24(s0/fp)
PC=00000228 [FE042583] X11=00000003 X08=00500000 X00=00000000 lw      a1,-32(s0/fp)
PC=0000022C [02B508B3] X17=3DE00000 X10=14A00000 X11=00000003 mul     a7,a0,a1
PC=00000230 [02B536B3] X13=3DE00000 X10=14A00000 X11=00000003 mulhu   a3,a0,a1
PC=00000234 [00088613] X12=3DE00000 X17=3DE00000 X00=00000000 addi    a2,a7,0
PC=00000238 [00D805B3] X11=110A0000 X16=D32A0000 X13=3DE00000 add     a1,a6,a3
PC=0000023C [00058693] X13=110A0000 X11=110A0000 X00=00000000 addi    a3,a1,0
PC=00000240 [FEC42423] X08=00500000 X08=00500000 X12=3DE00000 sw      a2,-24(s0/fp)
PC=00000244 [FED42623] X12=3DE00000 X08=00500000 X13=110A0000 sw      a3,-20(s0/fp)
PC=00000248 [FEC42423] X08=00500000 X08=00500000 X12=3DE00000 sw      a2,-24(s0/fp)
PC=0000024C [FED42623] X12=3DE00000 X08=00500000 X13=110A0000 sw      a3,-20(s0/fp)
PC=00000250 [FE042803] X16=00000003 X08=00500000 X00=00000000 lw      a6,-32(s0/fp)
PC=00000254 [FE442883] X17=00000000 X08=00500000 X04=00000000 lw      a7,-28(s0/fp)
PC=00000258 [FFF00313] X06=FFFFFFFF X00=00000000 X31=00000000 addi    t1,zero,-1
PC=0000025C [FFF00393] X07=FFFFFFFF X00=00000000 X31=00000000 addi    t2,zero,-1
PC=00000260 [00680533] X10=00000002 X16=00000003 X06=FFFFFFFF add     a0,a6,t1
PC=00000264 [00050E13] X28=00000002 X10=00000002 X00=00000000 addi    t3,a0,0
PC=00000268 [010E3E33] X28=00000001 X28=00000002 X16=00000003 sltu    t3,t3,a6
PC=0000026C [007885B3] X11=FFFFFFFF X17=00000000 X07=FFFFFFFF add     a1,a7,t2
PC=00000270 [00BE0833] X16=00000000 X28=00000001 X11=FFFFFFFF add     a6,t3,a1
PC=00000274 [00080593] X11=00000000 X16=00000000 X00=00000000 addi    a1,a6,0
PC=00000278 [FEA42023] X00=00000000 X08=00500000 X10=00000002 sw      a0,-32(s0/fp)
PC=0000027C [FEB42223] X04=00000000 X08=00500000 X11=00000000 sw      a1,-28(s0/fp)
PC=00000280 [FE442583] X11=00000000 X08=00500000 X04=00000000 lw      a1,-28(s0/fp)
PC=00000288 [F80592E3] X05=00000000 X11=00000000 X00=00000000 bne     a1,zero,-124
PC=00000288 [FE442583] X11=00000000 X08=00500000 X04=00000000 lw      a1,-28(s0/fp)
PC=00000290 [00059863] X16=00000000 X11=00000000 X00=00000000 bne     a1,zero,16
PC=00000290 [FE042503] X10=00000002 X08=00500000 X00=00000000 lw      a0,-32(s0/fp)
PC=00000294 [00100593] X11=00000001 X00=00000000 X01=000001C0 addi    a1,zero,1
PC=00000208 [F6A5E8E3] X17=00000000 X11=00000001 X10=00000002 bltu    a1,a0,-144
PC=00000208 [FEC42503] X10=110A0000 X08=00500000 X12=3DE00000 lw      a0,-20(s0/fp)
PC=0000020C [FE042583] X11=00000002 X08=00500000 X00=00000000 lw      a1,-32(s0/fp)
PC=00000210 [02B50533] X10=22140000 X10=110A0000 X11=00000002 mul     a0,a0,a1
PC=00000214 [FE442803] X16=00000000 X08=00500000 X04=00000000 lw      a6,-28(s0/fp)
PC=00000218 [FE842583] X11=3DE00000 X08=00500000 X08=00500000 lw      a1,-24(s0/fp)
PC=0000021C [02B805B3] X11=00000000 X16=00000000 X11=3DE00000 mul     a1,a6,a1
PC=00000220 [00B50833] X16=22140000 X10=22140000 X11=00000000 add     a6,a0,a1
PC=00000224 [FE842503] X10=3DE00000 X08=00500000 X08=00500000 lw      a0,-24(s0/fp)
PC=00000228 [FE042583] X11=00000002 X08=00500000 X00=00000000 lw      a1,-32(s0/fp)
PC=0000022C [02B508B3] X17=7BC00000 X10=3DE00000 X11=00000002 mul     a7,a0,a1
PC=00000230 [02B536B3] X13=7BC00000 X10=3DE00000 X11=00000002 mulhu   a3,a0,a1
PC=00000234 [00088613] X12=7BC00000 X17=7BC00000 X00=00000000 addi    a2,a7,0
PC=00000238 [00D805B3] X11=9DD40000 X16=22140000 X13=7BC00000 add     a1,a6,a3
PC=0000023C [00058693] X13=9DD40000 X11=9DD40000 X00=00000000 addi    a3,a1,0
PC=00000240 [FEC42423] X08=00500000 X08=00500000 X12=7BC00000 sw      a2,-24(s0/fp)
PC=00000244 [FED42623] X12=7BC00000 X08=00500000 X13=9DD40000 sw      a3,-20(s0/fp)
PC=00000248 [FEC42423] X08=00500000 X08=00500000 X12=7BC00000 sw      a2,-24(s0/fp)
PC=0000024C [FED42623] X12=7BC00000 X08=00500000 X13=9DD40000 sw      a3,-20(s0/fp)
PC=00000250 [FE042803] X16=00000002 X08=00500000 X00=00000000 lw      a6,-32(s0/fp)
PC=00000254 [FE442883] X17=00000000 X08=00500000 X04=00000000 lw      a7,-28(s0/fp)
PC=00000258 [FFF00313] X06=FFFFFFFF X00=00000000 X31=00000000 addi    t1,zero,-1
PC=0000025C [FFF00393] X07=FFFFFFFF X00=00000000 X31=00000000 addi    t2,zero,-1
PC=00000260 [00680533] X10=00000001 X16=00000002 X06=FFFFFFFF add     a0,a6,t1
PC=00000264 [00050E13] X28=00000001 X10=00000001 X00=00000000 addi    t3,a0,0
PC=00000268 [010E3E33] X28=00000001 X28=00000001 X16=00000002 sltu    t3,t3,a6
PC=0000026C [007885B3] X11=FFFFFFFF X17=00000000 X07=FFFFFFFF add     a1,a7,t2
PC=00000270 [00BE0833] X16=00000000 X28=00000001 X11=FFFFFFFF add     a6,t3,a1
PC=00000274 [00080593] X11=00000000 X16=00000000 X00=00000000 addi    a1,a6,0
PC=00000278 [FEA42023] X00=00000000 X08=00500000 X10=00000001 sw      a0,-32(s0/fp)
PC=0000027C [FEB42223] X04=00000000 X08=00500000 X11=00000000 sw      a1,-28(s0/fp)
PC=00000280 [FE442583] X11=00000000 X08=00500000 X04=00000000 lw      a1,-28(s0/fp)
PC=00000288 [F80592E3] X05=00000000 X11=00000000 X00=00000000 bne     a1,zero,-124
PC=00000288 [FE442583] X11=00000000 X08=00500000 X04=00000000 lw      a1,-28(s0/fp)
PC=00000290 [00059863] X16=00000000 X11=00000000 X00=00000000 bne     a1,zero,16
PC=00000290 [FE042503] X10=00000001 X08=00500000 X00=00000000 lw      a0,-32(s0/fp)
PC=00000294 [00100593] X11=00000001 X00=00000000 X01=000001C0 addi    a1,zero,1
PC=0000029C [F6A5E8E3] X17=00000000 X11=00000001 X10=00000001 bltu    a1,a0,-144
PC=0000029C [00000613] X12=00000000 X00=00000000 X00=00000000 addi    a2,zero,0
PC=000002A0 [00000693] X13=00000000 X00=00000000 X00=00000000 addi    a3,zero,0
PC=000002A4 [FEC42423] X08=00500000 X08=00500000 X12=00000000 sw      a2,-24(s0/fp)
PC=000002A8 [FED42623] X12=00000000 X08=00500000 X13=00000000 sw      a3,-20(s0/fp)
PC=000002AC [01900613] X12=00000019 X00=00000000 X25=00000000 addi    a2,zero,25
PC=000002B0 [00000693] X13=00000000 X00=00000000 X00=00000000 addi    a3,zero,0
PC=000002B4 [FCC42023] X00=00000000 X08=00500000 X12=00000019 sw      a2,-64(s0/fp)
PC=000002B8 [FCD42223] X04=00000000 X08=00500000 X13=00000000 sw      a3,-60(s0/fp)
PC=000002BC [00100613] X12=00000001 X00=00000000 X01=000001C0 addi    a2,zero,1
PC=000002C0 [00000693] X13=00000000 X00=00000000 X00=00000000 addi    a3,zero,0
PC=000002C4 [FCC42C23] X24=00000000 X08=00500000 X12=00000001 sw      a2,-40(s0/fp)
PC=000002C8 [FCD42E23] X28=00000001 X08=00500000 X13=00000000 sw      a3,-36(s0/fp)
PC=000002CC [FC042603] X12=00000019 X08=00500000 X00=00000000 lw      a2,-64(s0/fp)
PC=000002D0 [FC442683] X13=00000000 X08=00500000 X04=00000000 lw      a3,-60(s0/fp)
PC=000002D4 [FCC42823] X16=00000000 X08=00500000 X12=00000019 sw      a2,-48(s0/fp)
PC=000002D8 [FCD42A23] X20=00000000 X08=00500000 X13=00000000 sw      a3,-44(s0/fp)
PC=000002DC [07C0006F] X00=00000000 X00=00000000 X28=00000001 jal     zero,124
PC=00000358 [FD442683] X13=00000000 X08=00500000 X20=00000000 lw      a3,-44(s0/fp)
PC=00000360 [F8D042E3] X05=00000000 X00=00000000 X13=00000000 blt     zero,a3,-124
PC=00000360 [FD442683] X13=00000000 X08=00500000 X20=00000000 lw      a3,-44(s0/fp)
PC=00000368 [00069863] X16=00000000 X13=00000000 X00=00000000 bne     a3,zero,16
PC=00000368 [FD042603] X12=00000019 X08=00500000 X16=00000000 lw      a2,-48(s0/fp)
PC=0000036C [00100693] X13=00000001 X00=00000000 X01=000001C0 addi    a3,zero,1
PC=000002E0 [F6C6E8E3] X17=00000000 X13=00000001 X12=00000019 bltu    a3,a2,-144
PC=000002E0 [FDC42603] X12=00000000 X08=00500000 X28=00000001 lw      a2,-36(s0/fp)
PC=000002E4 [FD042683] X13=00000019 X08=00500000 X16=00000000 lw      a3,-48(s0/fp)
PC=000002E8 [02D60633] X12=00000000 X12=00000000 X13=00000019 mul     a2,a2,a3
PC=000002EC [FD442583] X11=00000000 X08=00500000 X20=00000000 lw      a1,-44(s0/fp)
PC=000002F0 [FD842683] X13=00000001 X08=00500000 X24=00000000 lw      a3,-40(s0/fp)
PC=000002F4 [02D586B3] X13=00000000 X11=00000000 X13=00000001 mul     a3,a1,a3
PC=000002F8 [00D605B3] X11=00000000 X12=00000000 X13=00000000 add     a1,a2,a3
PC=000002FC [FD842603] X12=00000001 X08=00500000 X24=00000000 lw      a2,-40(s0/fp)
PC=00000300 [FD042683] X13=00000019 X08=00500000 X16=00000000 lw      a3,-48(s0/fp)
PC=00000304 [02D60533] X10=00000019 X12=00000001 X13=00000019 mul     a0,a2,a3
PC=00000308 [02D637B3] X15=00000019 X12=00000001 X13=00000019 mulhu   a5,a2,a3
PC=0000030C [00050713] X14=00000019 X10=00000019 X00=00000000 addi    a4,a0,0
PC=00000310 [00F586B3] X13=00000019 X11=00000000 X15=00000019 add     a3,a1,a5
PC=00000314 [00068793] X15=00000019 X13=00000019 X00=00000000 addi    a5,a3,0
PC=00000318 [FCE42C23] X24=00000000 X08=00500000 X14=00000019 sw      a4,-40(s0/fp)
PC=0000031C [FCF42E23] X28=00000001 X08=00500000 X15=00000019 sw      a5,-36(s0/fp)
PC=00000320 [FCE42C23] X24=00000000 X08=00500000 X14=00000019 sw      a4,-40(s0/fp)
PC=00000324 [FCF42E23] X28=00000001 X08=00500000 X15=00000019 sw      a5,-36(s0/fp)
PC=00000328 [FD042503] X10=00000019 X08=00500000 X16=00000000 lw      a0,-48(s0/fp)
PC=0000032C [FD442583] X11=00000000 X08=00500000 X20=00000000 lw      a1,-44(s0/fp)
PC=00000330 [FFF00813] X16=FFFFFFFF X00=00000000 X31=00000000 addi    a6,zero,-1
PC=00000334 [FFF00893] X17=FFFFFFFF X00=00000000 X31=00000000 addi    a7,zero,-1
PC=00000338 [01050633] X12=00000018 X10=00000019 X16=FFFFFFFF add     a2,a0,a6
PC=0000033C [00060313] X06=00000018 X12=00000018 X00=00000000 addi    t1,a2,0
PC=00000340 [00A33333] X06=00000001 X06=00000018 X10=00000019 sltu    t1,t1,a0
PC=00000344 [011586B3] X13=FFFFFFFF X11=00000000 X17=FFFFFFFF add     a3,a1,a7
PC=00000348 [00D305B3] X11=00000000 X06=00000001 X13=FFFFFFFF add     a1,t1,a3
PC=0000034C [00058693] X13=00000000 X11=00000000 X00=00000000 addi    a3,a1,0
PC=00000350 [FCC42823] X16=FFFFFFFF X08=00500000 X12=00000018 sw      a2,-48(s0/fp)
PC=00000354 [FCD42A23] X20=00000000 X08=00500000 X13=00000000 sw      a3,-44(s0/fp)
PC=00000358 [FD442683] X13=00000000 X08=00500000 X20=00000000 lw      a3,-44(s0/fp)
PC=00000360 [F8D042E3] X05=00000000 X00=00000000 X13=00000000 blt     zero,a3,-124
PC=00000360 [FD442683] X13=00000000 X08=00500000 X20=00000000 lw      a3,-44(s0/fp)
PC=00000368 [00069863] X16=FFFFFFFF X13=00000000 X00=00000000 bne     a3,zero,16
PC=00000368 [FD042603] X12=00000018 X08=00500000 X16=FFFFFFFF lw      a2,-48(s0/fp)
PC=0000036C [00100693] X13=00000001 X00=00000000 X01=000001C0 addi    a3,zero,1
PC=000002E0 [F6C6E8E3] X17=FFFFFFFF X13=00000001 X12=00000018 bltu    a3,a2,-144
PC=000002E0 [FDC42603] X12=00000019 X08=00500000 X28=00000001 lw      a2,-36(s0/fp)
PC=000002E4 [FD042683] X13=00000018 X08=00500000 X16=FFFFFFFF lw      a3,-48(s0/fp)
PC=000002E8 [02D60633] X12=00000258 X12=00000019 X13=00000018 mul     a2,a2,a3
PC=000002EC [FD442583] X11=00000000 X08=00500000 X20=00000000 lw      a1,-44(s0/fp)
PC=000002F0 [FD842683] X13=00000019 X08=00500000 X24=00000000 lw      a3,-40(s0/fp)
PC=000002F4 [02D586B3] X13=00000000 X11=00000000 X13=00000019 mul     a3,a1,a3
PC=000002F8 [00D605B3] X11=00000258 X12=00000258 X13=00000000 add     a1,a2,a3
PC=000002FC [FD842603] X12=00000019 X08=00500000 X24=00000000 lw      a2,-40(s0/fp)
PC=00000300 [FD042683] X13=00000018 X08=00500000 X16=FFFFFFFF lw      a3,-48(s0/fp)
PC=00000304 [02D60533] X10=00000258 X12=00000019 X13=00000018 mul     a0,a2,a3
PC=00000308 [02D637B3] X15=00000258 X12=00000019 X13=00000018 mulhu   a5,a2,a3
PC=0000030C [00050713] X14=00000258 X10=00000258 X00=00000000 addi    a4,a0,0
PC=00000310 [00F586B3] X13=000004B0 X11=00000258 X15=00000258 add     a3,a1,a5
PC=00000314 [00068793] X15=000004B0 X13=000004B0 X00=00000000 addi    a5,a3,0
PC=00000318 [FCE42C23] X24=00000000 X08=00500000 X14=00000258 sw      a4,-40(s0/fp)
PC=0000031C [FCF42E23] X28=00000001 X08=00500000 X15=000004B0 sw      a5,-36(s0/fp)
PC=00000320 [FCE42C23] X24=00000000 X08=00500000 X14=00000258 sw      a4,-40(s0/fp)
PC=00000324 [FCF42E23] X28=00000001 X08=00500000 X15=000004B0 sw      a5,-36(s0/fp)
PC=00000328 [FD042503] X10=00000018 X08=00500000 X16=FFFFFFFF lw      a0,-48(s0/fp)
PC=0000032C [FD442583] X11=00000000 X08=00500000 X20=00000000 lw      a1,-44(s0/fp)
PC=00000330 [FFF00813] X16=FFFFFFFF X00=00000000 X31=00000000 addi    a6,zero,-1
PC=00000334 [FFF00893] X17=FFFFFFFF X00=00000000 X31=00000000 addi    a7,zero,-1
PC=00000338 [01050633] X12=00000017 X10=00000018 X16=FFFFFFFF add     a2,a0,a6
PC=0000033C [00060313] X06=00000017 X12=00000017 X00=00000000 addi    t1,a2,0
PC=00000340 [00A33333] X06=00000001 X06=00000017 X10=00000018 sltu    t1,t1,a0
PC=00000344 [011586B3] X13=FFFFFFFF X11=00000000 X17=FFFFFFFF add     a3,a1,a7
PC=00000348 [00D305B3] X11=00000000 X06=00000001 X13=FFFFFFFF add     a1,t1,a3
PC=0000034C [00058693] X13=00000000 X11=00000000 X00=00000000 addi    a3,a1,0
PC=00000350 [FCC42823] X16=FFFFFFFF X08=00500000 X12=00000017 sw      a2,-48(s0/fp)
PC=00000354 [FCD42A23] X20=00000000 X08=00500000 X13=00000000 sw      a3,-44(s0/fp)
PC=00000358 [FD442683] X13=00000000 X08=00500000 X20=00000000 lw      a3,-44(s0/fp)
PC=00000360 [F8D042E3] X05=00000000 X00=00000000 X13=00000000 blt     zero,a3,-124
PC=00000360 [FD442683] X13=00000000 X08=00500000 X20=00000000 lw      a3,-44(s0/fp)
PC=00000368 [00069863] X16=FFFFFFFF X13=00000000 X00=00000000 bne     a3,zero,16
PC=00000368 [FD042603] X12=00000017 X08=00500000 X16=FFFFFFFF lw      a2,-48(s0/fp)
PC=0000036C [00100693] X13=00000001 X00=00000000 X01=000001C0 addi    a3,zero,1
PC=000002E0 [F6C6E8E3] X17=FFFFFFFF X13=00000001 X12=00000017 bltu    a3,a2,-144
PC=000002E0 [FDC42603] X12=000004B0 X08=00500000 X28=00000001 lw      a2,-36(s0/fp)
PC=000002E4 [FD042683] X13=00000017 X08=00500000 X16=FFFFFFFF lw      a3,-48(s0/fp)
PC=000002E8 [02D60633] X12=00006BD0 X12=000004B0 X13=00000017 mul     a2,a2,a3
PC=000002EC [FD442583] X11=00000000 X08=00500000 X20=00000000 lw      a1,-44(s0/fp)
PC=000002F0 [FD842683] X13=00000258 X08=00500000 X24=00000000 lw      a3,-40(s0/fp)
PC=000002F4 [02D586B3] X13=00000000 X11=00000000 X13=00000258 mul     a3,a1,a3
PC=000002F8 [00D605B3] X11=00006BD0 X12=00006BD0 X13=00000000 add     a1,a2,a3
PC=000002FC [FD842603] X12=00000258 X08=00500000 X24=00000000 lw      a2,-40(s0/fp)
PC=00000300 [FD042683] X13=00000017 X08=00500000 X16=FFFFFFFF lw      a3,-48(s0/fp)
PC=00000304 [02D60533] X10=000035E8 X12=00000258 X13=00000017 mul     a0,a2,a3
PC=00000308 [02D637B3] X15=000035E8 X12=00000258 X13=00000017 mulhu   a5,a2,a3
PC=0000030C [00050713] X14=000035E8 X10=000035E8 X00=00000000 addi    a4,a0,0
PC=00000310 [00F586B3] X13=0000A1B8 X11=00006BD0 X15=000035E8 add     a3,a1,a5
PC=00000314 [00068793] X15=0000A1B8 X13=0000A1B8 X00=00000000 addi    a5,a3,0
PC=00000318 [FCE42C23] X24=00000000 X08=00500000 X14=000035E8 sw      a4,-40(s0/fp)
PC=0000031C [FCF42E23] X28=00000001 X08=00500000 X15=0000A1B8 sw      a5,-36(s0/fp)
PC=00000320 [FCE42C23] X24=00000000 X08=00500000 X14=000035E8 sw      a4,-40(s0/fp)
PC=00000324 [FCF42E23] X28=00000001 X08=00500000 X15=0000A1B8 sw      a5,-36(s0/fp)
PC=00000328 [FD042503] X10=00000017 X08=00500000 X16=FFFFFFFF lw      a0,-48(s0/fp)
PC=0000032C [FD442583] X11=00000000 X08=00500000 X20=00000000 lw      a1,-44(s0/fp)
PC=00000330 [FFF00813] X16=FFFFFFFF X00=00000000 X31=00000000 addi    a6,zero,-1
PC=00000334 [FFF00893] X17=FFFFFFFF X00=00000000 X31=00000000 addi    a7,zero,-1
PC=00000338 [01050633] X12=00000016 X10=00000017 X16=FFFFFFFF add     a2,a0,a6
PC=0000033C [00060313] X06=00000016 X12=00000016 X00=00000000 addi    t1,a2,0
PC=00000340 [00A33333] X06=00000001 X06=00000016 X10=00000017 sltu    t1,t1,a0
PC=00000344 [011586B3] X13=FFFFFFFF X11=00000000 X17=FFFFFFFF add     a3,a1,a7
PC=00000348 [00D305B3] X11=00000000 X06=00000001 X13=FFFFFFFF add     a1,t1,a3
PC=0000034C [00058693] X13=00000000 X11=00000000 X00=00000000 addi    a3,a1,0
PC=00000350 [FCC42823] X16=FFFFFFFF X08=00500000 X12=00000016 sw      a2,-48(s0/fp)
PC=00000354 [FCD42A23] X20=00000000 X08=00500000 X13=00000000 sw      a3,-44(s0/fp)
PC=00000358 [FD442683] X13=00000000 X08=00500000 X20=00000000 lw      a3,-44(s0/fp)
PC=00000360 [F8D042E3] X05=00000000 X00=00000000 X13=00000000 blt     zero,a3,-124
PC=00000360 [FD442683] X13=00000000 X08=00500000 X20=00000000 lw      a3,-44(s0/fp)
PC=00000368 [00069863] X16=FFFFFFFF X13=00000000 X00=00000000 bne     a3,zero,16
PC=00000368 [FD042603] X12=00000016 X08=00500000 X16=FFFFFFFF lw      a2,-48(s0/fp)
PC=0000036C [00100693] X13=00000001 X00=00000000 X01=000001C0 addi    a3,zero,1
PC=000002E0 [F6C6E8E3] X17=FFFFFFFF X13=00000001 X12=00000016 bltu    a3,a2,-144
PC=000002E0 [FDC42603] X12=0000A1B8 X08=00500000 X28=00000001 lw      a2,-36(s0/fp)
PC=000002E4 [FD042683] X13=00000016 X08=00500000 X16=FFFFFFFF lw      a3,-48(s0/fp)
PC=000002E8 [02D60633] X12=000DE5D0 X12=0000A1B8 X13=00000016 mul     a2,a2,a3
PC=000002EC [FD442583] X11=00000000 X08=00500000 X20=00000000 lw      a1,-44(s0/fp)
PC=000002F0 [FD842683] X13=000035E8 X08=00500000 X24=00000000 lw      a3,-40(s0/fp)
PC=000002F4 [02D586B3] X13=00000000 X11=00000000 X13=000035E8 mul     a3,a1,a3
PC=000002F8 [00D605B3] X11=000DE5D0 X12=000DE5D0 X13=00000000 add     a1,a2,a3
PC=000002FC [FD842603] X12=000035E8 X08=00500000 X24=00000000 lw      a2,-40(s0/fp)
PC=00000300 [FD042683] X13=00000016 X08=00500000 X16=FFFFFFFF lw      a3,-48(s0/fp)
PC=00000304 [02D60533] X10=0004A1F0 X12=000035E8 X13=00000016 mul     a0,a2,a3
PC=00000308 [02D637B3] X15=0004A1F0 X12=000035E8 X13=00000016 mulhu   a5,a2,a3
PC=0000030C [00050713] X14=0004A1F0 X10=0004A1F0 X00=00000000 addi    a4,a0,0
PC=00000310 [00F586B3] X13=001287C0 X11=000DE5D0 X15=0004A1F0 add     a3,a1,a5
PC=00000314 [00068793] X15=001287C0 X13=001287C0 X00=00000000 addi    a5,a3,0
PC=00000318 [FCE42C23] X24=00000000 X08=00500000 X14=0004A1F0 sw      a4,-40(s0/fp)
PC=0000031C [FCF42E23] X28=00000001 X08=00500000 X15=001287C0 sw      a5,-36(s0/fp)
PC=00000320 [FCE42C23] X24=00000000 X08=00500000 X14=0004A1F0 sw      a4,-40(s0/fp)
PC=00000324 [FCF42E23] X28=00000001 X08=00500000 X15=001287C0 sw      a5,-36(s0/fp)
PC=00000328 [FD042503] X10=00000016 X08=00500000 X16=FFFFFFFF lw      a0,-48(s0/fp)
PC=0000032C [FD442583] X11=00000000 X08=00500000 X20=00000000 lw      a1,-44(s0/fp)
PC=00000330 [FFF00813] X16=FFFFFFFF X00=00000000 X31=00000000 addi    a6,zero,-1
PC=00000334 [FFF00893] X17=FFFFFFFF X00=00000000 X31=00000000 addi    a7,zero,-1
PC=00000338 [01050633] X12=00000015 X10=00000016 X16=FFFFFFFF add     a2,a0,a6
PC=0000033C [00060313] X06=00000015 X12=00000015 X00=00000000 addi    t1,a2,0
PC=00000340 [00A33333] X06=00000001 X06=00000015 X10=00000016 sltu    t1,t1,a0
PC=00000344 [011586B3] X13=FFFFFFFF X11=00000000 X17=FFFFFFFF add     a3,a1,a7
PC=00000348 [00D305B3] X11=00000000 X06=00000001 X13=FFFFFFFF add     a1,t1,a3
PC=0000034C [00058693] X13=00000000 X11=00000000 X00=00000000 addi    a3,a1,0
PC=00000350 [FCC42823] X16=FFFFFFFF X08=00500000 X12=00000015 sw      a2,-48(s0/fp)
PC=00000354 [FCD42A23] X20=00000000 X08=00500000 X13=00000000 sw      a3,-44(s0/fp)
PC=00000358 [FD442683] X13=00000000 X08=00500000 X20=00000000 lw      a3,-44(s0/fp)
PC=00000360 [F8D042E3] X05=00000000 X00=00000000 X13=00000000 blt     zero,a3,-124
PC=00000360 [FD442683] X13=00000000 X08=00500000 X20=00000000 lw      a3,-44(s0/fp)
PC=00000368 [00069863] X16=FFFFFFFF X13=00000000 X00=00000000 bne     a3,zero,16
PC=00000368 [FD042603] X12=00000015 X08=00500000 X16=FFFFFFFF lw      a2,-48(s0/fp)
PC=0000036C [00100693] X13=00000001 X00=00000000 X01=000001C0 addi    a3,zero,1
PC=000002E0 [F6C6E8E3] X17=FFFFFFFF X13=00000001 X12=00000015 bltu    a3,a2,-144
PC=000002E0 [FDC42603] X12=001287C0 X08=00500000 X28=00000001 lw      a2,-36(s0/fp)
PC=000002E4 [FD042683] X13=00000015 X08=00500000 X16=FFFFFFFF lw      a3,-48(s0/fp)
PC=000002E8 [02D60633] X12=018522C0 X12=001287C0 X13=00000015 mul     a2,a2,a3
PC=000002EC [FD442583] X11=00000000 X08=00500000 X20=00000000 lw      a1,-44(s0/fp)
PC=000002F0 [FD842683] X13=0004A1F0 X08=00500000 X24=00000000 lw      a3,-40(s0/fp)
PC=000002F4 [02D586B3] X13=00000000 X11=00000000 X13=0004A1F0 mul     a3,a1,a3
PC=000002F8 [00D605B3] X11=018522C0 X12=018522C0 X13=00000000 add     a1,a2,a3
PC=000002FC [FD842603] X12=0004A1F0 X08=00500000 X24=00000000 lw      a2,-40(s0/fp)
PC=00000300 [FD042683] X13=00000015 X08=00500000 X16=FFFFFFFF lw      a3,-48(s0/fp)
PC=00000304 [02D60533] X10=006148B0 X12=0004A1F0 X13=00000015 mul     a0,a2,a3
PC=00000308 [02D637B3] X15=006148B0 X12=0004A1F0 X13=00000015 mulhu   a5,a2,a3
PC=0000030C [00050713] X14=006148B0 X10=006148B0 X00=00000000 addi    a4,a0,0
PC=00000310 [00F586B3] X13=01E66B70 X11=018522C0 X15=006148B0 add     a3,a1,a5
PC=00000314 [00068793] X15=01E66B70 X13=01E66B70 X00=00000000 addi    a5,a3,0
PC=00000318 [FCE42C23] X24=00000000 X08=00500000 X14=006148B0 sw      a4,-40(s0/fp)
PC=0000031C [FCF42E23] X28=00000001 X08=00500000 X15=01E66B70 sw      a5,-36(s0/fp)
PC=00000320 [FCE42C23] X24=00000000 X08=00500000 X14=006148B0 sw      a4,-40(s0/fp)
PC=00000324 [FCF42E23] X28=00000001 X08=00500000 X15=01E66B70 sw      a5,-36(s0/fp)
PC=00000328 [FD042503] X10=00000015 X08=00500000 X16=FFFFFFFF lw      a0,-48(s0/fp)
PC=0000032C [FD442583] X11=00000000 X08=00500000 X20=00000000 lw      a1,-44(s0/fp)
PC=00000330 [FFF00813] X16=FFFFFFFF X00=00000000 X31=00000000 addi    a6,zero,-1
PC=00000334 [FFF00893] X17=FFFFFFFF X00=00000000 X31=00000000 addi    a7,zero,-1
PC=00000338 [01050633] X12=00000014 X10=00000015 X16=FFFFFFFF add     a2,a0,a6
PC=0000033C [00060313] X06=00000014 X12=00000014 X00=00000000 addi    t1,a2,0
PC=00000340 [00A33333] X06=00000001 X06=00000014 X10=00000015 sltu    t1,t1,a0
PC=00000344 [011586B3] X13=FFFFFFFF X11=00000000 X17=FFFFFFFF add     a3,a1,a7
PC=00000348 [00D305B3] X11=00000000 X06=00000001 X13=FFFFFFFF add     a1,t1,a3
PC=0000034C [00058693] X13=00000000 X11=00000000 X00=00000000 addi    a3,a1,0
PC=00000350 [FCC42823] X16=FFFFFFFF X08=00500000 X12=00000014 sw      a2,-48(s0/fp)
PC=00000354 [FCD42A23] X20=00000000 X08=00500000 X13=00000000 sw      a3,-44(s0/fp)
PC=00000358 [FD442683] X13=00000000 X08=00500000 X20=00000000 lw      a3,-44(s0/fp)
PC=00000360 [F8D042E3] X05=00000000 X00=00000000 X13=00000000 blt     zero,a3,-124
PC=00000360 [FD442683] X13=00000000 X08=00500000 X20=00000000 lw      a3,-44(s0/fp)
PC=00000368 [00069863] X16=FFFFFFFF X13=00000000 X00=00000000 bne     a3,zero,16
PC=00000368 [FD042603] X12=00000014 X08=00500000 X16=FFFFFFFF lw      a2,-48(s0/fp)
PC=0000036C [00100693] X13=00000001 X00=00000000 X01=000001C0 addi    a3,zero,1
PC=000002E0 [F6C6E8E3] X17=FFFFFFFF X13=00000001 X12=00000014 bltu    a3,a2,-144
PC=000002E0 [FDC42603] X12=01E66B70 X08=00500000 X28=00000001 lw      a2,-36(s0/fp)
PC=000002E4 [FD042683] X13=00000014 X08=00500000 X16=FFFFFFFF lw      a3,-48(s0/fp)
PC=000002E8 [02D60633] X12=260064C0 X12=01E66B70 X13=00000014 mul     a2,a2,a3
PC=000002EC [FD442583] X11=00000000 X08=00500000 X20=00000000 lw      a1,-44(s0/fp)
PC=000002F0 [FD842683] X13=006148B0 X08=00500000 X24=00000000 lw      a3,-40(s0/fp)
PC=000002F4 [02D586B3] X13=00000000 X11=00000000 X13=006148B0 mul     a3,a1,a3
PC=000002F8 [00D605B3] X11=260064C0 X12=260064C0 X13=00000000 add     a1,a2,a3
PC=000002FC [FD842603] X12=006148B0 X08=00500000 X24=00000000 lw      a2,-40(s0/fp)
PC=00000300 [FD042683] X13=00000014 X08=00500000 X16=FFFFFFFF lw      a3,-48(s0/fp)
PC=00000304 [02D60533] X10=0799ADC0 X12=006148B0 X13=00000014 mul     a0,a2,a3
PC=00000308 [02D637B3] X15=0799ADC0 X12=006148B0 X13=00000014 mulhu   a5,a2,a3
PC=0000030C [00050713] X14=0799ADC0 X10=0799ADC0 X00=00000000 addi    a4,a0,0
PC=00000310 [00F586B3] X13=2D9A1280 X11=260064C0 X15=0799ADC0 add     a3,a1,a5
PC=00000314 [00068793] X15=2D9A1280 X13=2D9A1280 X00=00000000 addi    a5,a3,0
PC=00000318 [FCE42C23] X24=00000000 X08=00500000 X14=0799ADC0 sw      a4,-40(s0/fp)
PC=0000031C [FCF42E23] X28=00000001 X08=00500000 X15=2D9A1280 sw      a5,-36(s0/fp)
PC=00000320 [FCE42C23] X24=00000000 X08=00500000 X14=0799ADC0 sw      a4,-40(s0/fp)
PC=00000324 [FCF42E23] X28=00000001 X08=00500000 X15=2D9A1280 sw      a5,-36(s0/fp)
PC=00000328 [FD042503] X10=00000014 X08=00500000 X16=FFFFFFFF lw      a0,-48(s0/fp)
PC=0000032C [FD442583] X11=00000000 X08=00500000 X20=00000000 lw      a1,-44(s0/fp)
PC=00000330 [FFF00813] X16=FFFFFFFF X00=00000000 X31=00000000 addi    a6,zero,-1
PC=00000334 [FFF00893] X17=FFFFFFFF X00=00000000 X31=00000000 addi    a7,zero,-1
PC=00000338 [01050633] X12=00000013 X10=00000014 X16=FFFFFFFF add     a2,a0,a6
PC=0000033C [00060313] X06=00000013 X12=00000013 X00=00000000 addi    t1,a2,0
PC=00000340 [00A33333] X06=00000001 X06=00000013 X10=00000014 sltu    t1,t1,a0
PC=00000344 [011586B3] X13=FFFFFFFF X11=00000000 X17=FFFFFFFF add     a3,a1,a7
PC=00000348 [00D305B3] X11=00000000 X06=00000001 X13=FFFFFFFF add     a1,t1,a3
PC=0000034C [00058693] X13=00000000 X11=00000000 X00=00000000 addi    a3,a1,0
PC=00000350 [FCC42823] X16=FFFFFFFF X08=00500000 X12=00000013 sw      a2,-48(s0/fp)
PC=00000354 [FCD42A23] X20=00000000 X08=00500000 X13=00000000 sw      a3,-44(s0/fp)
PC=00000358 [FD442683] X13=00000000 X08=00500000 X20=00000000 lw      a3,-44(s0/fp)
PC=00000360 [F8D042E3] X05=00000000 X00=00000000 X13=00000000 blt     zero,a3,-124
PC=00000360 [FD442683] X13=00000000 X08=00500000 X20=00000000 lw      a3,-44(s0/fp)
PC=00000368 [00069863] X16=FFFFFFFF X13=00000000 X00=00000000 bne     a3,zero,16
PC=00000368 [FD042603] X12=00000013 X08=00500000 X16=FFFFFFFF lw      a2,-48(s0/fp)
PC=0000036C [00100693] X13=00000001 X00=00000000 X01=000001C0 addi    a3,zero,1
PC=000002E0 [F6C6E8E3] X17=FFFFFFFF X13=00000001 X12=00000013 bltu    a3,a2,-144
PC=000002E0 [FDC42603] X12=2D9A1280 X08=00500000 X28=00000001 lw      a2,-36(s0/fp)
PC=000002E4 [FD042683] X13=00000013 X08=00500000 X16=FFFFFFFF lw      a3,-48(s0/fp)
PC=000002E8 [02D60633] X12=626F5F80 X12=2D9A1280 X13=00000013 mul     a2,a2,a3
PC=000002EC [FD442583] X11=00000000 X08=00500000 X20=00000000 lw      a1,-44(s0/fp)
PC=000002F0 [FD842683] X13=0799ADC0 X08=00500000 X24=00000000 lw      a3,-40(s0/fp)
PC=000002F4 [02D586B3] X13=00000000 X11=00000000 X13=0799ADC0 mul     a3,a1,a3
PC=000002F8 [00D605B3] X11=626F5F80 X12=626F5F80 X13=00000000 add     a1,a2,a3
PC=000002FC [FD842603] X12=0799ADC0 X08=00500000 X24=00000000 lw      a2,-40(s0/fp)
PC=00000300 [FD042683] X13=00000013 X08=00500000 X16=FFFFFFFF lw      a3,-48(s0/fp)
PC=00000304 [02D60533] X10=9067E540 X12=0799ADC0 X13=00000013 mul     a0,a2,a3
PC=00000308 [02D637B3] X15=9067E540 X12=0799ADC0 X13=00000013 mulhu   a5,a2,a3
PC=0000030C [00050713] X14=9067E540 X10=9067E540 X00=00000000 addi    a4,a0,0
PC=00000310 [00F586B3] X13=F2D744C0 X11=626F5F80 X15=9067E540 add     a3,a1,a5
PC=00000314 [00068793] X15=F2D744C0 X13=F2D744C0 X00=00000000 addi    a5,a3,0
PC=00000318 [FCE42C23] X24=00000000 X08=00500000 X14=9067E540 sw      a4,-40(s0/fp)
PC=0000031C [FCF42E23] X28=00000001 X08=00500000 X15=F2D744C0 sw      a5,-36(s0/fp)
PC=00000320 [FCE42C23] X24=00000000 X08=00500000 X14=9067E540 sw      a4,-40(s0/fp)
PC=00000324 [FCF42E23] X28=00000001 X08=00500000 X15=F2D744C0 sw      a5,-36(s0/fp)
PC=00000328 [FD042503] X10=00000013 X08=00500000 X16=FFFFFFFF lw      a0,-48(s0/fp)
PC=0000032C [FD442583] X11=00000000 X08=00500000 X20=00000000 lw      a1,-44(s0/fp)
PC=00000330 [FFF00813] X16=FFFFFFFF X00=00000000 X31=00000000 addi    a6,zero,-1
PC=00000334 [FFF00893] X17=FFFFFFFF X00=00000000 X31=00000000 addi    a7,zero,-1
PC=00000338 [01050633] X12=00000012 X10=00000013 X16=FFFFFFFF add     a2,a0,a6
PC=0000033C [00060313] X06=00000012 X12=00000012 X00=00000000 addi    t1,a2,0
PC=00000340 [00A33333] X06=00000001 X06=00000012 X10=00000013 sltu    t1,t1,a0
PC=00000344 [011586B3] X13=FFFFFFFF X11=00000000 X17=FFFFFFFF add     a3,a1,a7
PC=00000348 [00D305B3] X11=00000000 X06=00000001 X13=FFFFFFFF add     a1,t1,a3
PC=0000034C [00058693] X13=00000000 X11=00000000 X00=00000000 addi    a3,a1,0
PC=00000350 [FCC42823] X16=FFFFFFFF X08=00500000 X12=00000012 sw      a2,-48(s0/fp)
PC=00000354 [FCD42A23] X20=00000000 X08=00500000 X13=00000000 sw      a3,-44(s0/fp)
PC=00000358 [FD442683] X13=00000000 X08=00500000 X20=00000000 lw      a3,-44(s0/fp)
PC=00000360 [F8D042E3] X05=00000000 X00=00000000 X13=00000000 blt     zero,a3,-124
PC=00000360 [FD442683] X13=00000000 X08=00500000 X20=00000000 lw      a3,-44(s0/fp)
PC=00000368 [00069863] X16=FFFFFFFF X13=00000000 X00=00000000 bne     a3,zero,16
PC=00000368 [FD042603] X12=00000012 X08=00500000 X16=FFFFFFFF lw      a2,-48(s0/fp)
PC=0000036C [00100693] X13=00000001 X00=00000000 X01=000001C0 addi    a3,zero,1
PC=000002E0 [F6C6E8E3] X17=FFFFFFFF X13=00000001 X12=00000012 bltu    a3,a2,-144
PC=000002E0 [FDC42603] X12=F2D744C0 X08=00500000 X28=00000001 lw      a2,-36(s0/fp)
PC=000002E4 [FD042683] X13=00000012 X08=00500000 X16=FFFFFFFF lw      a3,-48(s0/fp)
PC=000002E8 [02D60633] X12=1322D580 X12=F2D744C0 X13=00000012 mul     a2,a2,a3
PC=000002EC [FD442583] X11=00000000 X08=00500000 X20=00000000 lw      a1,-44(s0/fp)
PC=000002F0 [FD842683] X13=9067E540 X08=00500000 X24=00000000 lw      a3,-40(s0/fp)
PC=000002F4 [02D586B3] X13=00000000 X11=00000000 X13=9067E540 mul     a3,a1,a3
PC=000002F8 [00D605B3] X11=1322D580 X12=1322D580 X13=00000000 add     a1,a2,a3
PC=000002FC [FD842603] X12=9067E540 X08=00500000 X24=00000000 lw      a2,-40(s0/fp)
PC=00000300 [FD042683] X13=00000012 X08=00500000 X16=FFFFFFFF lw      a3,-48(s0/fp)
PC=00000304 [02D60533] X10=274E1E80 X12=9067E540 X13=00000012 mul     a0,a2,a3
PC=00000308 [02D637B3] X15=A274E1E8 X12=9067E540 X13=00000012 mulhu   a5,a2,a3
PC=0000030C [00050713] X14=274E1E80 X10=274E1E80 X00=00000000 addi    a4,a0,0
PC=00000310 [00F586B3] X13=B597B768 X11=1322D580 X15=A274E1E8 add     a3,a1,a5
PC=00000314 [00068793] X15=B597B768 X13=B597B768 X00=00000000 addi    a5,a3,0
PC=00000318 [FCE42C23] X24=00000000 X08=00500000 X14=274E1E80 sw      a4,-40(s0/fp)
PC=0000031C [FCF42E23] X28=00000001 X08=00500000 X15=B597B768 sw      a5,-36(s0/fp)
PC=00000320 [FCE42C23] X24=00000000 X08=00500000 X14=274E1E80 sw      a4,-40(s0/fp)
PC=00000324 [FCF42E23] X28=00000001 X08=00500000 X15=B597B768 sw      a5,-36(s0/fp)
PC=00000328 [FD042503] X10=00000012 X08=00500000 X16=FFFFFFFF lw      a0,-48(s0/fp)
PC=0000032C [FD442583] X11=00000000 X08=00500000 X20=00000000 lw      a1,-44(s0/fp)
PC=00000330 [FFF00813] X16=FFFFFFFF X00=00000000 X31=00000000 addi    a6,zero,-1
PC=00000334 [FFF00893] X17=FFFFFFFF X00=00000000 X31=00000000 addi    a7,zero,-1
PC=00000338 [01050633] X12=00000011 X10=00000012 X16=FFFFFFFF add     a2,a0,a6
PC=0000033C [00060313] X06=00000011 X12=00000011 X00=00000000 addi    t1,a2,0
PC=00000340 [00A33333] X06=00000001 X06=00000011 X10=00000012 sltu    t1,t1,a0
PC=00000344 [011586B3] X13=FFFFFFFF X11=00000000 X17=FFFFFFFF add     a3,a1,a7
PC=00000348 [00D305B3] X11=00000000 X06=00000001 X13=FFFFFFFF add     a1,t1,a3
PC=0000034C [00058693] X13=00000000 X11=00000000 X00=00000000 addi    a3,a1,0
PC=00000350 [FCC42823] X16=FFFFFFFF X08=00500000 X12=00000011 sw      a2,-48(s0/fp)
PC=00000354 [FCD42A23] X20=00000000 X08=00500000 X13=00000000 sw      a3,-44(s0/fp)
PC=00000358 [FD442683] X13=00000000 X08=00500000 X20=00000000 lw      a3,-44(s0/fp)
PC=00000360 [F8D042E3] X05=00000000 X00=00000000 X13=00000000 blt     zero,a3,-124
PC=00000360 [FD442683] X13=00000000 X08=00500000 X20=00000000 lw      a3,-44(s0/fp)
PC=00000368 [00069863] X16=FFFFFFFF X13=00000000 X00=00000000 bne     a3,zero,16
PC=00000368 [FD042603] X12=00000011 X08=00500000 X16=FFFFFFFF lw      a2,-48(s0/fp)
PC=0000036C [00100693] X13=00000001 X00=00000000 X01=000001C0 addi    a3,zero,1
PC=000002E0 [F6C6E8E3] X17=FFFFFFFF X13=00000001 X12=00000011 bltu    a3,a2,-144
PC=000002E0 [FDC42603] X12=B597B768 X08=00500000 X28=00000001 lw      a2,-36(s0/fp)
PC=000002E4 [FD042683] X13=00000011 X08=00500000 X16=FFFFFFFF lw      a3,-48(s0/fp)
PC=000002E8 [02D60633] X12=0F132DE8 X12=B597B768 X13=00000011 mul     a2,a2,a3
PC=000002EC [FD442583] X11=00000000 X08=00500000 X20=00000000 lw      a1,-44(s0/fp)
PC=000002F0 [FD842683] X13=274E1E80 X08=00500000 X24=00000000 lw      a3,-40(s0/fp)
PC=000002F4 [02D586B3] X13=00000000 X11=00000000 X13=274E1E80 mul     a3,a1,a3
PC=000002F8 [00D605B3] X11=0F132DE8 X12=0F132DE8 X13=00000000 add     a1,a2,a3
PC=000002FC [FD842603] X12=274E1E80 X08=00500000 X24=00000000 lw      a2,-40(s0/fp)
PC=00000300 [FD042683] X13=00000011 X08=00500000 X16=FFFFFFFF lw      a3,-48(s0/fp)
PC=00000304 [02D60533] X10=9C300680 X12=274E1E80 X13=00000011 mul     a0,a2,a3
PC=00000308 [02D637B3] X15=29C30068 X12=274E1E80 X13=00000011 mulhu   a5,a2,a3
PC=0000030C [00050713] X14=9C300680 X10=9C300680 X00=00000000 addi    a4,a0,0
PC=00000310 [00F586B3] X13=38D62E50 X11=0F132DE8 X15=29C30068 add     a3,a1,a5
PC=00000314 [00068793] X15=38D62E50 X13=38D62E50 X00=00000000 addi    a5,a3,0
PC=00000318 [FCE42C23] X24=00000000 X08=00500000 X14=9C300680 sw      a4,-40(s0/fp)
PC=0000031C [FCF42E23] X28=00000001 X08=00500000 X15=38D62E50 sw      a5,-36(s0/fp)
PC=00000320 [FCE42C23] X24=00000000 X08=00500000 X14=9C300680 sw      a4,-40(s0/fp)
PC=00000324 [FCF42E23] X28=00000001 X08=00500000 X15=38D62E50 sw      a5,-36(s0/fp)
PC=00000328 [FD042503] X10=00000011 X08=00500000 X16=FFFFFFFF lw      a0,-48(s0/fp)
PC=0000032C [FD442583] X11=00000000 X08=00500000 X20=00000000 lw      a1,-44(s0/fp)
PC=00000330 [FFF00813] X16=FFFFFFFF X00=00000000 X31=00000000 addi    a6,zero,-1
PC=00000334 [FFF00893] X17=FFFFFFFF X00=00000000 X31=00000000 addi    a7,zero,-1
PC=00000338 [01050633] X12=00000010 X10=00000011 X16=FFFFFFFF add     a2,a0,a6
PC=0000033C [00060313] X06=00000010 X12=00000010 X00=00000000 addi    t1,a2,0
PC=00000340 [00A33333] X06=00000001 X06=00000010 X10=00000011 sltu    t1,t1,a0
PC=00000344 [011586B3] X13=FFFFFFFF X11=00000000 X17=FFFFFFFF add     a3,a1,a7
PC=00000348 [00D305B3] X11=00000000 X06=00000001 X13=FFFFFFFF add     a1,t1,a3
PC=0000034C [00058693] X13=00000000 X11=00000000 X00=00000000 addi    a3,a1,0
PC=00000350 [FCC42823] X16=FFFFFFFF X08=00500000 X12=00000010 sw      a2,-48(s0/fp)
PC=00000354 [FCD42A23] X20=00000000 X08=00500000 X13=00000000 sw      a3,-44(s0/fp)
PC=00000358 [FD442683] X13=00000000 X08=00500000 X20=00000000 lw      a3,-44(s0/fp)
PC=00000360 [F8D042E3] X05=00000000 X00=00000000 X13=00000000 blt     zero,a3,-124
PC=00000360 [FD442683] X13=00000000 X08=00500000 X20=00000000 lw      a3,-44(s0/fp)
PC=00000368 [00069863] X16=FFFFFFFF X13=00000000 X00=00000000 bne     a3,zero,16
PC=00000368 [FD042603] X12=00000010 X08=00500000 X16=FFFFFFFF lw      a2,-48(s0/fp)
PC=0000036C [00100693] X13=00000001 X00=00000000 X01=000001C0 addi    a3,zero,1
PC=000002E0 [F6C6E8E3] X17=FFFFFFFF X13=00000001 X12=00000010 bltu    a3,a2,-144
PC=000002E0 [FDC42603] X12=38D62E50 X08=00500000 X28=00000001 lw      a2,-36(s0/fp)
PC=000002E4 [FD042683] X13=00000010 X08=00500000 X16=FFFFFFFF lw      a3,-48(s0/fp)
PC=000002E8 [02D60633] X12=8D62E500 X12=38D62E50 X13=00000010 mul     a2,a2,a3
PC=000002EC [FD442583] X11=00000000 X08=00500000 X20=00000000 lw      a1,-44(s0/fp)
PC=000002F0 [FD842683] X13=9C300680 X08=00500000 X24=00000000 lw      a3,-40(s0/fp)
PC=000002F4 [02D586B3] X13=00000000 X11=00000000 X13=9C300680 mul     a3,a1,a3
PC=000002F8 [00D605B3] X11=8D62E500 X12=8D62E500 X13=00000000 add     a1,a2,a3
PC=000002FC [FD842603] X12=9C300680 X08=00500000 X24=00000000 lw      a2,-40(s0/fp)
PC=00000300 [FD042683] X13=00000010 X08=00500000 X16=FFFFFFFF lw      a3,-48(s0/fp)
PC=00000304 [02D60533] X10=C3006800 X12=9C300680 X13=00000010 mul     a0,a2,a3
PC=00000308 [02D637B3] X15=9C300680 X12=9C300680 X13=00000010 mulhu   a5,a2,a3
PC=0000030C [00050713] X14=C3006800 X10=C3006800 X00=00000000 addi    a4,a0,0
PC=00000310 [00F586B3] X13=2992EB80 X11=8D62E500 X15=9C300680 add     a3,a1,a5
PC=00000314 [00068793] X15=2992EB80 X13=2992EB80 X00=00000000 addi    a5,a3,0
PC=00000318 [FCE42C23] X24=00000000 X08=00500000 X14=C3006800 sw      a4,-40(s0/fp)
PC=0000031C [FCF42E23] X28=00000001 X08=00500000 X15=2992EB80 sw      a5,-36(s0/fp)
PC=00000320 [FCE42C23] X24=00000000 X08=00500000 X14=C3006800 sw      a4,-40(s0/fp)
PC=00000324 [FCF42E23] X28=00000001 X08=00500000 X15=2992EB80 sw      a5,-36(s0/fp)
PC=00000328 [FD042503] X10=00000010 X08=00500000 X16=FFFFFFFF lw      a0,-48(s0/fp)
PC=0000032C [FD442583] X11=00000000 X08=00500000 X20=00000000 lw      a1,-44(s0/fp)
PC=00000330 [FFF00813] X16=FFFFFFFF X00=00000000 X31=00000000 addi    a6,zero,-1
PC=00000334 [FFF00893] X17=FFFFFFFF X00=00000000 X31=00000000 addi    a7,zero,-1
PC=00000338 [01050633] X12=0000000F X10=00000010 X16=FFFFFFFF add     a2,a0,a6
PC=0000033C [00060313] X06=0000000F X12=0000000F X00=00000000 addi    t1,a2,0
PC=00000340 [00A33333] X06=00000001 X06=0000000F X10=00000010 sltu    t1,t1,a0
PC=00000344 [011586B3] X13=FFFFFFFF X11=00000000 X17=FFFFFFFF add     a3,a1,a7
PC=00000348 [00D305B3] X11=00000000 X06=00000001 X13=FFFFFFFF add     a1,t1,a3
PC=0000034C [00058693] X13=00000000 X11=00000000 X00=00000000 addi    a3,a1,0
PC=00000350 [FCC42823] X16=FFFFFFFF X08=00500000 X12=0000000F sw      a2,-48(s0/fp)
PC=00000354 [FCD42A23] X20=00000000 X08=00500000 X13=00000000 sw      a3,-44(s0/fp)
PC=00000358 [FD442683] X13=00000000 X08=00500000 X20=00000000 lw      a3,-44(s0/fp)
PC=00000360 [F8D042E3] X05=00000000 X00=00000000 X13=00000000 blt     zero,a3,-124
PC=00000360 [FD442683] X13=00000000 X08=00500000 X20=00000000 lw      a3,-44(s0/fp)
PC=00000368 [00069863] X16=FFFFFFFF X13=00000000 X00=00000000 bne     a3,zero,16
PC=00000368 [FD042603] X12=0000000F X08=00500000 X16=FFFFFFFF lw      a2,-48(s0/fp)
PC=0000036C [00100693] X13=00000001 X00=00000000 X01=000001C0 addi    a3,zero,1
PC=000002E0 [F6C6E8E3] X17=FFFFFFFF X13=00000001 X12=0000000F bltu    a3,a2,-144
PC=000002E0 [FDC42603] X12=2992EB80 X08=00500000 X28=00000001 lw      a2,-36(s0/fp)
PC=000002E4 [FD042683] X13=0000000F X08=00500000 X16=FFFFFFFF lw      a3,-48(s0/fp)
PC=000002E8 [02D60633] X12=6F9BCC80 X12=2992EB80 X13=0000000F mul     a2,a2,a3
PC=000002EC [FD442583] X11=00000000 X08=00500000 X20=00000000 lw      a1,-44(s0/fp)
PC=000002F0 [FD842683] X13=C3006800 X08=00500000 X24=00000000 lw      a3,-40(s0/fp)
PC=000002F4 [02D586B3] X13=00000000 X11=00000000 X13=C3006800 mul     a3,a1,a3
PC=000002F8 [00D605B3] X11=6F9BCC80 X12=6F9BCC80 X13=00000000 add     a1,a2,a3
PC=000002FC [FD842603] X12=C3006800 X08=00500000 X24=00000000 lw      a2,-40(s0/fp)
PC=00000300 [FD042683] X13=0000000F X08=00500000 X16=FFFFFFFF lw      a3,-48(s0/fp)
PC=00000304 [02D60533] X10=6D061800 X12=C3006800 X13=0000000F mul     a0,a2,a3
PC=00000308 [02D637B3] X15=B6D06180 X12=C3006800 X13=0000000F mulhu   a5,a2,a3
PC=0000030C [00050713] X14=6D061800 X10=6D061800 X00=00000000 addi    a4,a0,0
PC=00000310 [00F586B3] X13=266C2E00 X11=6F9BCC80 X15=B6D06180 add     a3,a1,a5
PC=00000314 [00068793] X15=266C2E00 X13=266C2E00 X00=00000000 addi    a5,a3,0
PC=00000318 [FCE42C23] X24=00000000 X08=00500000 X14=6D061800 sw      a4,-40(s0/fp)
PC=0000031C [FCF42E23] X28=00000001 X08=00500000 X15=266C2E00 sw      a5,-36(s0/fp)
PC=00000320 [FCE42C23] X24=00000000 X08=00500000 X14=6D061800 sw      a4,-40(s0/fp)
PC=00000324 [FCF42E23] X28=00000001 X08=00500000 X15=266C2E00 sw      a5,-36(s0/fp)
PC=00000328 [FD042503] X10=0000000F X08=00500000 X16=FFFFFFFF lw      a0,-48(s0/fp)
PC=0000032C [FD442583] X11=00000000 X08=00500000 X20=00000000 lw      a1,-44(s0/fp)
PC=00000330 [FFF00813] X16=FFFFFFFF X00=00000000 X31=00000000 addi    a6,zero,-1
PC=00000334 [FFF00893] X17=FFFFFFFF X00=00000000 X31=00000000 addi    a7,zero,-1
PC=00000338 [01050633] X12=0000000E X10=0000000F X16=FFFFFFFF add     a2,a0,a6
PC=0000033C [00060313] X06=0000000E X12=0000000E X00=00000000 addi    t1,a2,0
PC=00000340 [00A33333] X06=00000001 X06=0000000E X10=0000000F sltu    t1,t1,a0
PC=00000344 [011586B3] X13=FFFFFFFF X11=00000000 X17=FFFFFFFF add     a3,a1,a7
PC=00000348 [00D305B3] X11=00000000 X06=00000001 X13=FFFFFFFF add     a1,t1,a3
PC=0000034C [00058693] X13=00000000 X11=00000000 X00=00000000 addi    a3,a1,0
PC=00000350 [FCC42823] X16=FFFFFFFF X08=00500000 X12=0000000E sw      a2,-48(s0/fp)
PC=00000354 [FCD42A23] X20=00000000 X08=00500000 X13=00000000 sw      a3,-44(s0/fp)
PC=00000358 [FD442683] X13=00000000 X08=00500000 X20=00000000 lw      a3,-44(s0/fp)
PC=00000360 [F8D042E3] X05=00000000 X00=00000000 X13=00000000 blt     zero,a3,-124
PC=00000360 [FD442683] X13=00000000 X08=00500000 X20=00000000 lw      a3,-44(s0/fp)
PC=00000368 [00069863] X16=FFFFFFFF X13=00000000 X00=00000000 bne     a3,zero,16
PC=00000368 [FD042603] X12=0000000E X08=00500000 X16=FFFFFFFF lw      a2,-48(s0/fp)
PC=0000036C [00100693] X13=00000001 X00=00000000 X01=000001C0 addi    a3,zero,1
PC=000002E0 [F6C6E8E3] X17=FFFFFFFF X13=00000001 X12=0000000E bltu    a3,a2,-144
PC=000002E0 [FDC42603] X12=266C2E00 X08=00500000 X28=00000001 lw      a2,-36(s0/fp)
PC=000002E4 [FD042683] X13=0000000E X08=00500000 X16=FFFFFFFF lw      a3,-48(s0/fp)
PC=000002E8 [02D60633] X12=19EA8400 X12=266C2E00 X13=0000000E mul     a2,a2,a3
PC=000002EC [FD442583] X11=00000000 X08=00500000 X20=00000000 lw      a1,-44(s0/fp)
PC=000002F0 [FD842683] X13=6D061800 X08=00500000 X24=00000000 lw      a3,-40(s0/fp)
PC=000002F4 [02D586B3] X13=00000000 X11=00000000 X13=6D061800 mul     a3,a1,a3
PC=000002F8 [00D605B3] X11=19EA8400 X12=19EA8400 X13=00000000 add     a1,a2,a3
PC=000002FC [FD842603] X12=6D061800 X08=00500000 X24=00000000 lw      a2,-40(s0/fp)
PC=00000300 [FD042683] X13=0000000E X08=00500000 X16=FFFFFFFF lw      a3,-48(s0/fp)
PC=00000304 [02D60533] X10=F6555000 X12=6D061800 X13=0000000E mul     a0,a2,a3
PC=00000308 [02D637B3] X15=5F655500 X12=6D061800 X13=0000000E mulhu   a5,a2,a3
PC=0000030C [00050713] X14=F6555000 X10=F6555000 X00=00000000 addi    a4,a0,0
PC=00000310 [00F586B3] X13=794FD900 X11=19EA8400 X15=5F655500 add     a3,a1,a5
PC=00000314 [00068793] X15=794FD900 X13=794FD900 X00=00000000 addi    a5,a3,0
PC=00000318 [FCE42C23] X24=00000000 X08=00500000 X14=F6555000 sw      a4,-40(s0/fp)
PC=0000031C [FCF42E23] X28=00000001 X08=00500000 X15=794FD900 sw      a5,-36(s0/fp)
PC=00000320 [FCE42C23] X24=00000000 X08=00500000 X14=F6555000 sw      a4,-40(s0/fp)
PC=00000324 [FCF42E23] X28=00000001 X08=00500000 X15=794FD900 sw      a5,-36(s0/fp)
PC=00000328 [FD042503] X10=0000000E X08=00500000 X16=FFFFFFFF lw      a0,-48(s0/fp)
PC=0000032C [FD442583] X11=00000000 X08=00500000 X20=00000000 lw      a1,-44(s0/fp)
PC=00000330 [FFF00813] X16=FFFFFFFF X00=00000000 X31=00000000 addi    a6,zero,-1
PC=00000334 [FFF00893] X17=FFFFFFFF X00=00000000 X31=00000000 addi    a7,zero,-1
PC=00000338 [01050633] X12=0000000D X10=0000000E X16=FFFFFFFF add     a2,a0,a6
PC=0000033C [00060313] X06=0000000D X12=0000000D X00=00000000 addi    t1,a2,0
PC=00000340 [00A33333] X06=00000001 X06=0000000D X10=0000000E sltu    t1,t1,a0
PC=00000344 [011586B3] X13=FFFFFFFF X11=00000000 X17=FFFFFFFF add     a3,a1,a7
PC=00000348 [00D305B3] X11=00000000 X06=00000001 X13=FFFFFFFF add     a1,t1,a3
PC=0000034C [00058693] X13=00000000 X11=00000000 X00=00000000 addi    a3,a1,0
PC=00000350 [FCC42823] X16=FFFFFFFF X08=00500000 X12=0000000D sw      a2,-48(s0/fp)
PC=00000354 [FCD42A23] X20=00000000 X08=00500000 X13=00000000 sw      a3,-44(s0/fp)
PC=00000358 [FD442683] X13=00000000 X08=00500000 X20=00000000 lw      a3,-44(s0/fp)
PC=00000360 [F8D042E3] X05=00000000 X00=00000000 X13=00000000 blt     zero,a3,-124
PC=00000360 [FD442683] X13=00000000 X08=00500000 X20=00000000 lw      a3,-44(s0/fp)
PC=00000368 [00069863] X16=FFFFFFFF X13=00000000 X00=00000000 bne     a3,zero,16
PC=00000368 [FD042603] X12=0000000D X08=00500000 X16=FFFFFFFF lw      a2,-48(s0/fp)
PC=0000036C [00100693] X13=00000001 X00=00000000 X01=000001C0 addi    a3,zero,1
PC=000002E0 [F6C6E8E3] X17=FFFFFFFF X13=00000001 X12=0000000D bltu    a3,a2,-144
PC=000002E0 [FDC42603] X12=794FD900 X08=00500000 X28=00000001 lw      a2,-36(s0/fp)
PC=000002E4 [FD042683] X13=0000000D X08=00500000 X16=FFFFFFFF lw      a3,-48(s0/fp)
PC=000002E8 [02D60633] X12=290E0500 X12=794FD900 X13=0000000D mul     a2,a2,a3
PC=000002EC [FD442583] X11=00000000 X08=00500000 X20=00000000 lw      a1,-44(s0/fp)
PC=000002F0 [FD842683] X13=F6555000 X08=00500000 X24=00000000 lw      a3,-40(s0/fp)
PC=000002F4 [02D586B3] X13=00000000 X11=00000000 X13=F6555000 mul     a3,a1,a3
PC=000002F8 [00D605B3] X11=290E0500 X12=290E0500 X13=00000000 add     a1,a2,a3
PC=000002FC [FD842603] X12=F6555000 X08=00500000 X24=00000000 lw      a2,-40(s0/fp)
PC=00000300 [FD042683] X13=0000000D X08=00500000 X16=FFFFFFFF lw      a3,-48(s0/fp)
PC=00000304 [02D60533] X10=82551000 X12=F6555000 X13=0000000D mul     a0,a2,a3
PC=00000308 [02D637B3] X15=C8255100 X12=F6555000 X13=0000000D mulhu   a5,a2,a3
PC=0000030C [00050713] X14=82551000 X10=82551000 X00=00000000 addi    a4,a0,0
PC=00000310 [00F586B3] X13=F1335600 X11=290E0500 X15=C8255100 add     a3,a1,a5
PC=00000314 [00068793] X15=F1335600 X13=F1335600 X00=00000000 addi    a5,a3,0
PC=00000318 [FCE42C23] X24=00000000 X08=00500000 X14=82551000 sw      a4,-40(s0/fp)
PC=0000031C [FCF42E23] X28=00000001 X08=00500000 X15=F1335600 sw      a5,-36(s0/fp)
PC=00000320 [FCE42C23] X24=00000000 X08=00500000 X14=82551000 sw      a4,-40(s0/fp)
PC=00000324 [FCF42E23] X28=00000001 X08=00500000 X15=F1335600 sw      a5,-36(s0/fp)
PC=00000328 [FD042503] X10=0000000D X08=00500000 X16=FFFFFFFF lw      a0,-48(s0/fp)
PC=0000032C [FD442583] X11=00000000 X08=00500000 X20=00000000 lw      a1,-44(s0/fp)
PC=00000330 [FFF00813] X16=FFFFFFFF X00=00000000 X31=00000000 addi    a6,zero,-1
PC=00000334 [FFF00893] X17=FFFFFFFF X00=00000000 X31=00000000 addi    a7,zero,-1
PC=00000338 [01050633] X12=0000000C X10=0000000D X16=FFFFFFFF add     a2,a0,a6
PC=0000033C [00060313] X06=0000000C X12=0000000C X00=00000000 addi    t1,a2,0
PC=00000340 [00A33333] X06=00000001 X06=0000000C X10=0000000D sltu    t1,t1,a0
PC=00000344 [011586B3] X13=FFFFFFFF X11=00000000 X17=FFFFFFFF add     a3,a1,a7
PC=00000348 [00D305B3] X11=00000000 X06=00000001 X13=FFFFFFFF add     a1,t1,a3
PC=0000034C [00058693] X13=00000000 X11=00000000 X00=00000000 addi    a3,a1,0
PC=00000350 [FCC42823] X16=FFFFFFFF X08=00500000 X12=0000000C sw      a2,-48(s0/fp)
PC=00000354 [FCD42A23] X20=00000000 X08=00500000 X13=00000000 sw      a3,-44(s0/fp)
PC=00000358 [FD442683] X13=00000000 X08=00500000 X20=00000000 lw      a3,-44(s0/fp)
PC=00000360 [F8D042E3] X05=00000000 X00=00000000 X13=00000000 blt     zero,a3,-124
PC=00000360 [FD442683] X13=00000000 X08=00500000 X20=00000000 lw      a3,-44(s0/fp)
PC=00000368 [00069863] X16=FFFFFFFF X13=00000000 X00=00000000 bne     a3,zero,16
PC=00000368 [FD042603] X12=0000000C X08=00500000 X16=FFFFFFFF lw      a2,-48(s0/fp)
PC=0000036C [00100693] X13=00000001 X00=00000000 X01=000001C0 addi    a3,zero,1
PC=000002E0 [F6C6E8E3] X17=FFFFFFFF X13=00000001 X12=0000000C bltu    a3,a2,-144
PC=000002E0 [FDC42603] X12=F1335600 X08=00500000 X28=00000001 lw      a2,-36(s0/fp)
PC=000002E4 [FD042683] X13=0000000C X08=00500000 X16=FFFFFFFF lw      a3,-48(s0/fp)
PC=000002E8 [02D60633] X12=4E680800 X12=F1335600 X13=0000000C mul     a2,a2,a3
PC=000002EC [FD442583] X11=00000000 X08=00500000 X20=00000000 lw      a1,-44(s0/fp)
PC=000002F0 [FD842683] X13=82551000 X08=00500000 X24=00000000 lw      a3,-40(s0/fp)
PC=000002F4 [02D586B3] X13=00000000 X11=00000000 X13=82551000 mul     a3,a1,a3
PC=000002F8 [00D605B3] X11=4E680800 X12=4E680800 X13=00000000 add     a1,a2,a3
PC=000002FC [FD842603] X12=82551000 X08=00500000 X24=00000000 lw      a2,-40(s0/fp)
PC=00000300 [FD042683] X13=0000000C X08=00500000 X16=FFFFFFFF lw      a3,-48(s0/fp)
PC=00000304 [02D60533] X10=1BFCC000 X12=82551000 X13=0000000C mul     a0,a2,a3
PC=00000308 [02D637B3] X15=61BFCC00 X12=82551000 X13=0000000C mulhu   a5,a2,a3
PC=0000030C [00050713] X14=1BFCC000 X10=1BFCC000 X00=00000000 addi    a4,a0,0
PC=00000310 [00F586B3] X13=B027D400 X11=4E680800 X15=61BFCC00 add     a3,a1,a5
PC=00000314 [00068793] X15=B027D400 X13=B027D400 X00=00000000 addi    a5,a3,0
PC=00000318 [FCE42C23] X24=00000000 X08=00500000 X14=1BFCC000 sw      a4,-40(s0/fp)
PC=0000031C [FCF42E23] X28=00000001 X08=00500000 X15=B027D400 sw      a5,-36(s0/fp)
PC=00000320 [FCE42C23] X24=00000000 X08=00500000 X14=1BFCC000 sw      a4,-40(s0/fp)
PC=00000324 [FCF42E23] X28=00000001 X08=00500000 X15=B027D400 sw      a5,-36(s0/fp)
PC=00000328 [FD042503] X10=0000000C X08=00500000 X16=FFFFFFFF lw      a0,-48(s0/fp)
PC=0000032C [FD442583] X11=00000000 X08=00500000 X20=00000000 lw      a1,-44(s0/fp)
PC=00000330 [FFF00813] X16=FFFFFFFF X00=00000000 X31=00000000 addi    a6,zero,-1
PC=00000334 [FFF00893] X17=FFFFFFFF X00=00000000 X31=00000000 addi    a7,zero,-1
PC=00000338 [01050633] X12=0000000B X10=0000000C X16=FFFFFFFF add     a2,a0,a6
PC=0000033C [00060313] X06=0000000B X12=0000000B X00=00000000 addi    t1,a2,0
PC=00000340 [00A33333] X06=00000001 X06=0000000B X10=0000000C sltu    t1,t1,a0
PC=00000344 [011586B3] X13=FFFFFFFF X11=00000000 X17=FFFFFFFF add     a3,a1,a7
PC=00000348 [00D305B3] X11=00000000 X06=00000001 X13=FFFFFFFF add     a1,t1,a3
PC=0000034C [00058693] X13=00000000 X11=00000000 X00=00000000 addi    a3,a1,0
PC=00000350 [FCC42823] X16=FFFFFFFF X08=00500000 X12=0000000B sw      a2,-48(s0/fp)
PC=00000354 [FCD42A23] X20=00000000 X08=00500000 X13=00000000 sw      a3,-44(s0/fp)
PC=00000358 [FD442683] X13=00000000 X08=00500000 X20=00000000 lw      a3,-44(s0/fp)
PC=00000360 [F8D042E3] X05=00000000 X00=00000000 X13=00000000 blt     zero,a3,-124
PC=00000360 [FD442683] X13=00000000 X08=00500000 X20=00000000 lw      a3,-44(s0/fp)
PC=00000368 [00069863] X16=FFFFFFFF X13=00000000 X00=00000000 bne     a3,zero,16
PC=00000368 [FD042603] X12=0000000B X08=00500000 X16=FFFFFFFF lw      a2,-48(s0/fp)
PC=0000036C [00100693] X13=00000001 X00=00000000 X01=000001C0 addi    a3,zero,1
PC=000002E0 [F6C6E8E3] X17=FFFFFFFF X13=00000001 X12=0000000B bltu    a3,a2,-144
PC=000002E0 [FDC42603] X12=B027D400 X08=00500000 X28=00000001 lw      a2,-36(s0/fp)
PC=000002E4 [FD042683] X13=0000000B X08=00500000 X16=FFFFFFFF lw      a3,-48(s0/fp)
PC=000002E8 [02D60633] X12=91B61C00 X12=B027D400 X13=0000000B mul     a2,a2,a3
PC=000002EC [FD442583] X11=00000000 X08=00500000 X20=00000000 lw      a1,-44(s0/fp)
PC=000002F0 [FD842683] X13=1BFCC000 X08=00500000 X24=00000000 lw      a3,-40(s0/fp)
PC=000002F4 [02D586B3] X13=00000000 X11=00000000 X13=1BFCC000 mul     a3,a1,a3
PC=000002F8 [00D605B3] X11=91B61C00 X12=91B61C00 X13=00000000 add     a1,a2,a3
PC=000002FC [FD842603] X12=1BFCC000 X08=00500000 X24=00000000 lw      a2,-40(s0/fp)
PC=00000300 [FD042683] X13=0000000B X08=00500000 X16=FFFFFFFF lw      a3,-48(s0/fp)
PC=00000304 [02D60533] X10=33DC4000 X12=1BFCC000 X13=0000000B mul     a0,a2,a3
PC=00000308 [02D637B3] X15=133DC400 X12=1BFCC000 X13=0000000B mulhu   a5,a2,a3
PC=0000030C [00050713] X14=33DC4000 X10=33DC4000 X00=00000000 addi    a4,a0,0
PC=00000310 [00F586B3] X13=A4F3E000 X11=91B61C00 X15=133DC400 add     a3,a1,a5
PC=00000314 [00068793] X15=A4F3E000 X13=A4F3E000 X00=00000000 addi    a5,a3,0
PC=00000318 [FCE42C23] X24=00000000 X08=00500000 X14=33DC4000 sw      a4,-40(s0/fp)
PC=0000031C [FCF42E23] X28=00000001 X08=00500000 X15=A4F3E000 sw      a5,-36(s0/fp)
PC=00000320 [FCE42C23] X24=00000000 X08=00500000 X14=33DC4000 sw      a4,-40(s0/fp)
PC=00000324 [FCF42E23] X28=00000001 X08=00500000 X15=A4F3E000 sw      a5,-36(s0/fp)
PC=00000328 [FD042503] X10=0000000B X08=00500000 X16=FFFFFFFF lw      a0,-48(s0/fp)
PC=0000032C [FD442583] X11=00000000 X08=00500000 X20=00000000 lw      a1,-44(s0/fp)
PC=00000330 [FFF00813] X16=FFFFFFFF X00=00000000 X31=00000000 addi    a6,zero,-1
PC=00000334 [FFF00893] X17=FFFFFFFF X00=00000000 X31=00000000 addi    a7,zero,-1
PC=00000338 [01050633] X12=0000000A X10=0000000B X16=FFFFFFFF add     a2,a0,a6
PC=0000033C [00060313] X06=0000000A X12=0000000A X00=00000000 addi    t1,a2,0
PC=00000340 [00A33333] X06=00000001 X06=0000000A X10=0000000B sltu    t1,t1,a0
PC=00000344 [011586B3] X13=FFFFFFFF X11=00000000 X17=FFFFFFFF add     a3,a1,a7
PC=00000348 [00D305B3] X11=00000000 X06=00000001 X13=FFFFFFFF add     a1,t1,a3
PC=0000034C [00058693] X13=00000000 X11=00000000 X00=00000000 addi    a3,a1,0
PC=00000350 [FCC42823] X16=FFFFFFFF X08=00500000 X12=0000000A sw      a2,-48(s0/fp)
PC=00000354 [FCD42A23] X20=00000000 X08=00500000 X13=00000000 sw      a3,-44(s0/fp)
PC=00000358 [FD442683] X13=00000000 X08=00500000 X20=00000000 lw      a3,-44(s0/fp)
PC=00000360 [F8D042E3] X05=00000000 X00=00000000 X13=00000000 blt     zero,a3,-124
PC=00000360 [FD442683] X13=00000000 X08=00500000 X20=00000000 lw      a3,-44(s0/fp)
PC=00000368 [00069863] X16=FFFFFFFF X13=00000000 X00=00000000 bne     a3,zero,16
PC=00000368 [FD042603] X12=0000000A X08=00500000 X16=FFFFFFFF lw      a2,-48(s0/fp)
PC=0000036C [00100693] X13=00000001 X00=00000000 X01=000001C0 addi    a3,zero,1
PC=000002E0 [F6C6E8E3] X17=FFFFFFFF X13=00000001 X12=0000000A bltu    a3,a2,-144
PC=000002E0 [FDC42603] X12=A4F3E000 X08=00500000 X28=00000001 lw      a2,-36(s0/fp)
PC=000002E4 [FD042683] X13=0000000A X08=00500000 X16=FFFFFFFF lw      a3,-48(s0/fp)
PC=000002E8 [02D60633] X12=7186C000 X12=A4F3E000 X13=0000000A mul     a2,a2,a3
PC=000002EC [FD442583] X11=00000000 X08=00500000 X20=00000000 lw      a1,-44(s0/fp)
PC=000002F0 [FD842683] X13=33DC4000 X08=00500000 X24=00000000 lw      a3,-40(s0/fp)
PC=000002F4 [02D586B3] X13=00000000 X11=00000000 X13=33DC4000 mul     a3,a1,a3
PC=000002F8 [00D605B3] X11=7186C000 X12=7186C000 X13=00000000 add     a1,a2,a3
PC=000002FC [FD842603] X12=33DC4000 X08=00500000 X24=00000000 lw      a2,-40(s0/fp)
PC=00000300 [FD042683] X13=0000000A X08=00500000 X16=FFFFFFFF lw      a3,-48(s0/fp)
PC=00000304 [02D60533] X10=069A8000 X12=33DC4000 X13=0000000A mul     a0,a2,a3
PC=00000308 [02D637B3] X15=2069A800 X12=33DC4000 X13=0000000A mulhu   a5,a2,a3
PC=0000030C [00050713] X14=069A8000 X10=069A8000 X00=00000000 addi    a4,a0,0
PC=00000310 [00F586B3] X13=91F06800 X11=7186C000 X15=2069A800 add     a3,a1,a5
PC=00000314 [00068793] X15=91F06800 X13=91F06800 X00=00000000 addi    a5,a3,0
PC=00000318 [FCE42C23] X24=00000000 X08=00500000 X14=069A8000 sw      a4,-40(s0/fp)
PC=0000031C [FCF42E23] X28=00000001 X08=00500000 X15=91F06800 sw      a5,-36(s0/fp)
PC=00000320 [FCE42C23] X24=00000000 X08=00500000 X14=069A8000 sw      a4,-40(s0/fp)
PC=00000324 [FCF42E23] X28=00000001 X08=00500000 X15=91F06800 sw      a5,-36(s0/fp)
PC=00000328 [FD042503] X10=0000000A X08=00500000 X16=FFFFFFFF lw      a0,-48(s0/fp)
PC=0000032C [FD442583] X11=00000000 X08=00500000 X20=00000000 lw      a1,-44(s0/fp)
PC=00000330 [FFF00813] X16=FFFFFFFF X00=00000000 X31=00000000 addi    a6,zero,-1
PC=00000334 [FFF00893] X17=FFFFFFFF X00=00000000 X31=00000000 addi    a7,zero,-1
PC=00000338 [01050633] X12=00000009 X10=0000000A X16=FFFFFFFF add     a2,a0,a6
PC=0000033C [00060313] X06=00000009 X12=00000009 X00=00000000 addi    t1,a2,0
PC=00000340 [00A33333] X06=00000001 X06=00000009 X10=0000000A sltu    t1,t1,a0
PC=00000344 [011586B3] X13=FFFFFFFF X11=00000000 X17=FFFFFFFF add     a3,a1,a7
PC=00000348 [00D305B3] X11=00000000 X06=00000001 X13=FFFFFFFF add     a1,t1,a3
PC=0000034C [00058693] X13=00000000 X11=00000000 X00=00000000 addi    a3,a1,0
PC=00000350 [FCC42823] X16=FFFFFFFF X08=00500000 X12=00000009 sw      a2,-48(s0/fp)
PC=00000354 [FCD42A23] X20=00000000 X08=00500000 X13=00000000 sw      a3,-44(s0/fp)
PC=00000358 [FD442683] X13=00000000 X08=00500000 X20=00000000 lw      a3,-44(s0/fp)
PC=00000360 [F8D042E3] X05=00000000 X00=00000000 X13=00000000 blt     zero,a3,-124
PC=00000360 [FD442683] X13=00000000 X08=00500000 X20=00000000 lw      a3,-44(s0/fp)
PC=00000368 [00069863] X16=FFFFFFFF X13=00000000 X00=00000000 bne     a3,zero,16
PC=00000368 [FD042603] X12=00000009 X08=00500000 X16=FFFFFFFF lw      a2,-48(s0/fp)
PC=0000036C [00100693] X13=00000001 X00=00000000 X01=000001C0 addi    a3,zero,1
PC=000002E0 [F6C6E8E3] X17=FFFFFFFF X13=00000001 X12=00000009 bltu    a3,a2,-144
PC=000002E0 [FDC42603] X12=91F06800 X08=00500000 X28=00000001 lw      a2,-36(s0/fp)
PC=000002E4 [FD042683] X13=00000009 X08=00500000 X16=FFFFFFFF lw      a3,-48(s0/fp)
PC=000002E8 [02D60633] X12=2173A800 X12=91F06800 X13=00000009 mul     a2,a2,a3
PC=000002EC [FD442583] X11=00000000 X08=00500000 X20=00000000 lw      a1,-44(s0/fp)
PC=000002F0 [FD842683] X13=069A8000 X08=00500000 X24=00000000 lw      a3,-40(s0/fp)
PC=000002F4 [02D586B3] X13=00000000 X11=00000000 X13=069A8000 mul     a3,a1,a3
PC=000002F8 [00D605B3] X11=2173A800 X12=2173A800 X13=00000000 add     a1,a2,a3
PC=000002FC [FD842603] X12=069A8000 X08=00500000 X24=00000000 lw      a2,-40(s0/fp)
PC=00000300 [FD042683] X13=00000009 X08=00500000 X16=FFFFFFFF lw      a3,-48(s0/fp)
PC=00000304 [02D60533] X10=3B6E8000 X12=069A8000 X13=00000009 mul     a0,a2,a3
PC=00000308 [02D637B3] X15=3B6E8000 X12=069A8000 X13=00000009 mulhu   a5,a2,a3
PC=0000030C [00050713] X14=3B6E8000 X10=3B6E8000 X00=00000000 addi    a4,a0,0
PC=00000310 [00F586B3] X13=5CE22800 X11=2173A800 X15=3B6E8000 add     a3,a1,a5
PC=00000314 [00068793] X15=5CE22800 X13=5CE22800 X00=00000000 addi    a5,a3,0
PC=00000318 [FCE42C23] X24=00000000 X08=00500000 X14=3B6E8000 sw      a4,-40(s0/fp)
PC=0000031C [FCF42E23] X28=00000001 X08=00500000 X15=5CE22800 sw      a5,-36(s0/fp)
PC=00000320 [FCE42C23] X24=00000000 X08=00500000 X14=3B6E8000 sw      a4,-40(s0/fp)
PC=00000324 [FCF42E23] X28=00000001 X08=00500000 X15=5CE22800 sw      a5,-36(s0/fp)
PC=00000328 [FD042503] X10=00000009 X08=00500000 X16=FFFFFFFF lw      a0,-48(s0/fp)
PC=0000032C [FD442583] X11=00000000 X08=00500000 X20=00000000 lw      a1,-44(s0/fp)
PC=00000330 [FFF00813] X16=FFFFFFFF X00=00000000 X31=00000000 addi    a6,zero,-1
PC=00000334 [FFF00893] X17=FFFFFFFF X00=00000000 X31=00000000 addi    a7,zero,-1
PC=00000338 [01050633] X12=00000008 X10=00000009 X16=FFFFFFFF add     a2,a0,a6
PC=0000033C [00060313] X06=00000008 X12=00000008 X00=00000000 addi    t1,a2,0
PC=00000340 [00A33333] X06=00000001 X06=00000008 X10=00000009 sltu    t1,t1,a0
PC=00000344 [011586B3] X13=FFFFFFFF X11=00000000 X17=FFFFFFFF add     a3,a1,a7
PC=00000348 [00D305B3] X11=00000000 X06=00000001 X13=FFFFFFFF add     a1,t1,a3
PC=0000034C [00058693] X13=00000000 X11=00000000 X00=00000000 addi    a3,a1,0
PC=00000350 [FCC42823] X16=FFFFFFFF X08=00500000 X12=00000008 sw      a2,-48(s0/fp)
PC=00000354 [FCD42A23] X20=00000000 X08=00500000 X13=00000000 sw      a3,-44(s0/fp)
PC=00000358 [FD442683] X13=00000000 X08=00500000 X20=00000000 lw      a3,-44(s0/fp)
PC=00000360 [F8D042E3] X05=00000000 X00=00000000 X13=00000000 blt     zero,a3,-124
PC=00000360 [FD442683] X13=00000000 X08=00500000 X20=00000000 lw      a3,-44(s0/fp)
PC=00000368 [00069863] X16=FFFFFFFF X13=00000000 X00=00000000 bne     a3,zero,16
PC=00000368 [FD042603] X12=00000008 X08=00500000 X16=FFFFFFFF lw      a2,-48(s0/fp)
PC=0000036C [00100693] X13=00000001 X00=00000000 X01=000001C0 addi    a3,zero,1
PC=000002E0 [F6C6E8E3] X17=FFFFFFFF X13=00000001 X12=00000008 bltu    a3,a2,-144
PC=000002E0 [FDC42603] X12=5CE22800 X08=00500000 X28=00000001 lw      a2,-36(s0/fp)
PC=000002E4 [FD042683] X13=00000008 X08=00500000 X16=FFFFFFFF lw      a3,-48(s0/fp)
PC=000002E8 [02D60633] X12=E7114000 X12=5CE22800 X13=00000008 mul     a2,a2,a3
PC=000002EC [FD442583] X11=00000000 X08=00500000 X20=00000000 lw      a1,-44(s0/fp)
PC=000002F0 [FD842683] X13=3B6E8000 X08=00500000 X24=00000000 lw      a3,-40(s0/fp)
PC=000002F4 [02D586B3] X13=00000000 X11=00000000 X13=3B6E8000 mul     a3,a1,a3
PC=000002F8 [00D605B3] X11=E7114000 X12=E7114000 X13=00000000 add     a1,a2,a3
PC=000002FC [FD842603] X12=3B6E8000 X08=00500000 X24=00000000 lw      a2,-40(s0/fp)
PC=00000300 [FD042683] X13=00000008 X08=00500000 X16=FFFFFFFF lw      a3,-48(s0/fp)
PC=00000304 [02D60533] X10=DB740000 X12=3B6E8000 X13=00000008 mul     a0,a2,a3
PC=00000308 [02D637B3] X15=1DB74000 X12=3B6E8000 X13=00000008 mulhu   a5,a2,a3
PC=0000030C [00050713] X14=DB740000 X10=DB740000 X00=00000000 addi    a4,a0,0
PC=00000310 [00F586B3] X13=04C88000 X11=E7114000 X15=1DB74000 add     a3,a1,a5
PC=00000314 [00068793] X15=04C88000 X13=04C88000 X00=00000000 addi    a5,a3,0
PC=00000318 [FCE42C23] X24=00000000 X08=00500000 X14=DB740000 sw      a4,-40(s0/fp)
PC=0000031C [FCF42E23] X28=00000001 X08=00500000 X15=04C88000 sw      a5,-36(s0/fp)
PC=00000320 [FCE42C23] X24=00000000 X08=00500000 X14=DB740000 sw      a4,-40(s0/fp)
PC=00000324 [FCF42E23] X28=00000001 X08=00500000 X15=04C88000 sw      a5,-36(s0/fp)
PC=00000328 [FD042503] X10=00000008 X08=00500000 X16=FFFFFFFF lw      a0,-48(s0/fp)
PC=0000032C [FD442583] X11=00000000 X08=00500000 X20=00000000 lw      a1,-44(s0/fp)
PC=00000330 [FFF00813] X16=FFFFFFFF X00=00000000 X31=00000000 addi    a6,zero,-1
PC=00000334 [FFF00893] X17=FFFFFFFF X00=00000000 X31=00000000 addi    a7,zero,-1
PC=00000338 [01050633] X12=00000007 X10=00000008 X16=FFFFFFFF add     a2,a0,a6
PC=0000033C [00060313] X06=00000007 X12=00000007 X00=00000000 addi    t1,a2,0
PC=00000340 [00A33333] X06=00000001 X06=00000007 X10=00000008 sltu    t1,t1,a0
PC=00000344 [011586B3] X13=FFFFFFFF X11=00000000 X17=FFFFFFFF add     a3,a1,a7
PC=00000348 [00D305B3] X11=00000000 X06=00000001 X13=FFFFFFFF add     a1,t1,a3
PC=0000034C [00058693] X13=00000000 X11=00000000 X00=00000000 addi    a3,a1,0
PC=00000350 [FCC42823] X16=FFFFFFFF X08=00500000 X12=00000007 sw      a2,-48(s0/fp)
PC=00000354 [FCD42A23] X20=00000000 X08=00500000 X13=00000000 sw      a3,-44(s0/fp)
PC=00000358 [FD442683] X13=00000000 X08=00500000 X20=00000000 lw      a3,-44(s0/fp)
PC=00000360 [F8D042E3] X05=00000000 X00=00000000 X13=00000000 blt     zero,a3,-124
PC=00000360 [FD442683] X13=00000000 X08=00500000 X20=00000000 lw      a3,-44(s0/fp)
PC=00000368 [00069863] X16=FFFFFFFF X13=00000000 X00=00000000 bne     a3,zero,16
PC=00000368 [FD042603] X12=00000007 X08=00500000 X16=FFFFFFFF lw      a2,-48(s0/fp)
PC=0000036C [00100693] X13=00000001 X00=00000000 X01=000001C0 addi    a3,zero,1
PC=000002E0 [F6C6E8E3] X17=FFFFFFFF X13=00000001 X12=00000007 bltu    a3,a2,-144
PC=000002E0 [FDC42603] X12=04C88000 X08=00500000 X28=00000001 lw      a2,-36(s0/fp)
PC=000002E4 [FD042683] X13=00000007 X08=00500000 X16=FFFFFFFF lw      a3,-48(s0/fp)
PC=000002E8 [02D60633] X12=217B8000 X12=04C88000 X13=00000007 mul     a2,a2,a3
PC=000002EC [FD442583] X11=00000000 X08=00500000 X20=00000000 lw      a1,-44(s0/fp)
PC=000002F0 [FD842683] X13=DB740000 X08=00500000 X24=00000000 lw      a3,-40(s0/fp)
PC=000002F4 [02D586B3] X13=00000000 X11=00000000 X13=DB740000 mul     a3,a1,a3
PC=000002F8 [00D605B3] X11=217B8000 X12=217B8000 X13=00000000 add     a1,a2,a3
PC=000002FC [FD842603] X12=DB740000 X08=00500000 X24=00000000 lw      a2,-40(s0/fp)
PC=00000300 [FD042683] X13=00000007 X08=00500000 X16=FFFFFFFF lw      a3,-48(s0/fp)
PC=00000304 [02D60533] X10=002C0000 X12=DB740000 X13=00000007 mul     a0,a2,a3
PC=00000308 [02D637B3] X15=6002C000 X12=DB740000 X13=00000007 mulhu   a5,a2,a3
PC=0000030C [00050713] X14=002C0000 X10=002C0000 X00=00000000 addi    a4,a0,0
PC=00000310 [00F586B3] X13=817E4000 X11=217B8000 X15=6002C000 add     a3,a1,a5
PC=00000314 [00068793] X15=817E4000 X13=817E4000 X00=00000000 addi    a5,a3,0
PC=00000318 [FCE42C23] X24=00000000 X08=00500000 X14=002C0000 sw      a4,-40(s0/fp)
PC=0000031C [FCF42E23] X28=00000001 X08=00500000 X15=817E4000 sw      a5,-36(s0/fp)
PC=00000320 [FCE42C23] X24=00000000 X08=00500000 X14=002C0000 sw      a4,-40(s0/fp)
PC=00000324 [FCF42E23] X28=00000001 X08=00500000 X15=817E4000 sw      a5,-36(s0/fp)
PC=00000328 [FD042503] X10=00000007 X08=00500000 X16=FFFFFFFF lw      a0,-48(s0/fp)
PC=0000032C [FD442583] X11=00000000 X08=00500000 X20=00000000 lw      a1,-44(s0/fp)
PC=00000330 [FFF00813] X16=FFFFFFFF X00=00000000 X31=00000000 addi    a6,zero,-1
PC=00000334 [FFF00893] X17=FFFFFFFF X00=00000000 X31=00000000 addi    a7,zero,-1
PC=00000338 [01050633] X12=00000006 X10=00000007 X16=FFFFFFFF add     a2,a0,a6
PC=0000033C [00060313] X06=00000006 X12=00000006 X00=00000000 addi    t1,a2,0
PC=00000340 [00A33333] X06=00000001 X06=00000006 X10=00000007 sltu    t1,t1,a0
PC=00000344 [011586B3] X13=FFFFFFFF X11=00000000 X17=FFFFFFFF add     a3,a1,a7
PC=00000348 [00D305B3] X11=00000000 X06=00000001 X13=FFFFFFFF add     a1,t1,a3
PC=0000034C [00058693] X13=00000000 X11=00000000 X00=00000000 addi    a3,a1,0
PC=00000350 [FCC42823] X16=FFFFFFFF X08=00500000 X12=00000006 sw      a2,-48(s0/fp)
PC=00000354 [FCD42A23] X20=00000000 X08=00500000 X13=00000000 sw      a3,-44(s0/fp)
PC=00000358 [FD442683] X13=00000000 X08=00500000 X20=00000000 lw      a3,-44(s0/fp)
PC=00000360 [F8D042E3] X05=00000000 X00=00000000 X13=00000000 blt     zero,a3,-124
PC=00000360 [FD442683] X13=00000000 X08=00500000 X20=00000000 lw      a3,-44(s0/fp)
PC=00000368 [00069863] X16=FFFFFFFF X13=00000000 X00=00000000 bne     a3,zero,16
PC=00000368 [FD042603] X12=00000006 X08=00500000 X16=FFFFFFFF lw      a2,-48(s0/fp)
PC=0000036C [00100693] X13=00000001 X00=00000000 X01=000001C0 addi    a3,zero,1
PC=000002E0 [F6C6E8E3] X17=FFFFFFFF X13=00000001 X12=00000006 bltu    a3,a2,-144
PC=000002E0 [FDC42603] X12=817E4000 X08=00500000 X28=00000001 lw      a2,-36(s0/fp)
PC=000002E4 [FD042683] X13=00000006 X08=00500000 X16=FFFFFFFF lw      a3,-48(s0/fp)
PC=000002E8 [02D60633] X12=08F58000 X12=817E4000 X13=00000006 mul     a2,a2,a3
PC=000002EC [FD442583] X11=00000000 X08=00500000 X20=00000000 lw      a1,-44(s0/fp)
PC=000002F0 [FD842683] X13=002C0000 X08=00500000 X24=00000000 lw      a3,-40(s0/fp)
PC=000002F4 [02D586B3] X13=00000000 X11=00000000 X13=002C0000 mul     a3,a1,a3
PC=000002F8 [00D605B3] X11=08F58000 X12=08F58000 X13=00000000 add     a1,a2,a3
PC=000002FC [FD842603] X12=002C0000 X08=00500000 X24=00000000 lw      a2,-40(s0/fp)
PC=00000300 [FD042683] X13=00000006 X08=00500000 X16=FFFFFFFF lw      a3,-48(s0/fp)
PC=00000304 [02D60533] X10=01080000 X12=002C0000 X13=00000006 mul     a0,a2,a3
PC=00000308 [02D637B3] X15=01080000 X12=002C0000 X13=00000006 mulhu   a5,a2,a3
PC=0000030C [00050713] X14=01080000 X10=01080000 X00=00000000 addi    a4,a0,0
PC=00000310 [00F586B3] X13=09FD8000 X11=08F58000 X15=01080000 add     a3,a1,a5
PC=00000314 [00068793] X15=09FD8000 X13=09FD8000 X00=00000000 addi    a5,a3,0
PC=00000318 [FCE42C23] X24=00000000 X08=00500000 X14=01080000 sw      a4,-40(s0/fp)
PC=0000031C [FCF42E23] X28=00000001 X08=00500000 X15=09FD8000 sw      a5,-36(s0/fp)
PC=00000320 [FCE42C23] X24=00000000 X08=00500000 X14=01080000 sw      a4,-40(s0/fp)
PC=00000324 [FCF42E23] X28=00000001 X08=00500000 X15=09FD8000 sw      a5,-36(s0/fp)
PC=00000328 [FD042503] X10=00000006 X08=00500000 X16=FFFFFFFF lw      a0,-48(s0/fp)
PC=0000032C [FD442583] X11=00000000 X08=00500000 X20=00000000 lw      a1,-44(s0/fp)
PC=00000330 [FFF00813] X16=FFFFFFFF X00=00000000 X31=00000000 addi    a6,zero,-1
PC=00000334 [FFF00893] X17=FFFFFFFF X00=00000000 X31=00000000 addi    a7,zero,-1
PC=00000338 [01050633] X12=00000005 X10=00000006 X16=FFFFFFFF add     a2,a0,a6
PC=0000033C [00060313] X06=00000005 X12=00000005 X00=00000000 addi    t1,a2,0
PC=00000340 [00A33333] X06=00000001 X06=00000005 X10=00000006 sltu    t1,t1,a0
PC=00000344 [011586B3] X13=FFFFFFFF X11=00000000 X17=FFFFFFFF add     a3,a1,a7
PC=00000348 [00D305B3] X11=00000000 X06=00000001 X13=FFFFFFFF add     a1,t1,a3
PC=0000034C [00058693] X13=00000000 X11=00000000 X00=00000000 addi    a3,a1,0
PC=00000350 [FCC42823] X16=FFFFFFFF X08=00500000 X12=00000005 sw      a2,-48(s0/fp)
PC=00000354 [FCD42A23] X20=00000000 X08=00500000 X13=00000000 sw      a3,-44(s0/fp)
PC=00000358 [FD442683] X13=00000000 X08=00500000 X20=00000000 lw      a3,-44(s0/fp)
PC=00000360 [F8D042E3] X05=00000000 X00=00000000 X13=00000000 blt     zero,a3,-124
PC=00000360 [FD442683] X13=00000000 X08=00500000 X20=00000000 lw      a3,-44(s0/fp)
PC=00000368 [00069863] X16=FFFFFFFF X13=00000000 X00=00000000 bne     a3,zero,16
PC=00000368 [FD042603] X12=00000005 X08=00500000 X16=FFFFFFFF lw      a2,-48(s0/fp)
PC=0000036C [00100693] X13=00000001 X00=00000000 X01=000001C0 addi    a3,zero,1
PC=000002E0 [F6C6E8E3] X17=FFFFFFFF X13=00000001 X12=00000005 bltu    a3,a2,-144
PC=000002E0 [FDC42603] X12=09FD8000 X08=00500000 X28=00000001 lw      a2,-36(s0/fp)
PC=000002E4 [FD042683] X13=00000005 X08=00500000 X16=FFFFFFFF lw      a3,-48(s0/fp)
PC=000002E8 [02D60633] X12=31F38000 X12=09FD8000 X13=00000005 mul     a2,a2,a3
PC=000002EC [FD442583] X11=00000000 X08=00500000 X20=00000000 lw      a1,-44(s0/fp)
PC=000002F0 [FD842683] X13=01080000 X08=00500000 X24=00000000 lw      a3,-40(s0/fp)
PC=000002F4 [02D586B3] X13=00000000 X11=00000000 X13=01080000 mul     a3,a1,a3
PC=000002F8 [00D605B3] X11=31F38000 X12=31F38000 X13=00000000 add     a1,a2,a3
PC=000002FC [FD842603] X12=01080000 X08=00500000 X24=00000000 lw      a2,-40(s0/fp)
PC=00000300 [FD042683] X13=00000005 X08=00500000 X16=FFFFFFFF lw      a3,-48(s0/fp)
PC=00000304 [02D60533] X10=05280000 X12=01080000 X13=00000005 mul     a0,a2,a3
PC=00000308 [02D637B3] X15=05280000 X12=01080000 X13=00000005 mulhu   a5,a2,a3
PC=0000030C [00050713] X14=05280000 X10=05280000 X00=00000000 addi    a4,a0,0
PC=00000310 [00F586B3] X13=371B8000 X11=31F38000 X15=05280000 add     a3,a1,a5
PC=00000314 [00068793] X15=371B8000 X13=371B8000 X00=00000000 addi    a5,a3,0
PC=00000318 [FCE42C23] X24=00000000 X08=00500000 X14=05280000 sw      a4,-40(s0/fp)
PC=0000031C [FCF42E23] X28=00000001 X08=00500000 X15=371B8000 sw      a5,-36(s0/fp)
PC=00000320 [FCE42C23] X24=00000000 X08=00500000 X14=05280000 sw      a4,-40(s0/fp)
PC=00000324 [FCF42E23] X28=00000001 X08=00500000 X15=371B8000 sw      a5,-36(s0/fp)
PC=00000328 [FD042503] X10=00000005 X08=00500000 X16=FFFFFFFF lw      a0,-48(s0/fp)
PC=0000032C [FD442583] X11=00000000 X08=00500000 X20=00000000 lw      a1,-44(s0/fp)
PC=00000330 [FFF00813] X16=FFFFFFFF X00=00000000 X31=00000000 addi    a6,zero,-1
PC=00000334 [FFF00893] X17=FFFFFFFF X00=00000000 X31=00000000 addi    a7,zero,-1
PC=00000338 [01050633] X12=00000004 X10=00000005 X16=FFFFFFFF add     a2,a0,a6
PC=0000033C [00060313] X06=00000004 X12=00000004 X00=00000000 addi    t1,a2,0
PC=00000340 [00A33333] X06=00000001 X06=00000004 X10=00000005 sltu    t1,t1,a0
PC=00000344 [011586B3] X13=FFFFFFFF X11=00000000 X17=FFFFFFFF add     a3,a1,a7
PC=00000348 [00D305B3] X11=00000000 X06=00000001 X13=FFFFFFFF add     a1,t1,a3
PC=0000034C [00058693] X13=00000000 X11=00000000 X00=00000000 addi    a3,a1,0
PC=00000350 [FCC42823] X16=FFFFFFFF X08=00500000 X12=00000004 sw      a2,-48(s0/fp)
PC=00000354 [FCD42A23] X20=00000000 X08=00500000 X13=00000000 sw      a3,-44(s0/fp)
PC=00000358 [FD442683] X13=00000000 X08=00500000 X20=00000000 lw      a3,-44(s0/fp)
PC=00000360 [F8D042E3] X05=00000000 X00=00000000 X13=00000000 blt     zero,a3,-124
PC=00000360 [FD442683] X13=00000000 X08=00500000 X20=00000000 lw      a3,-44(s0/fp)
PC=00000368 [00069863] X16=FFFFFFFF X13=00000000 X00=00000000 bne     a3,zero,16
PC=00000368 [FD042603] X12=00000004 X08=00500000 X16=FFFFFFFF lw      a2,-48(s0/fp)
PC=0000036C [00100693] X13=00000001 X00=00000000 X01=000001C0 addi    a3,zero,1
PC=000002E0 [F6C6E8E3] X17=FFFFFFFF X13=00000001 X12=00000004 bltu    a3,a2,-144
PC=000002E0 [FDC42603] X12=371B8000 X08=00500000 X28=00000001 lw      a2,-36(s0/fp)
PC=000002E4 [FD042683] X13=00000004 X08=00500000 X16=FFFFFFFF lw      a3,-48(s0/fp)
PC=000002E8 [02D60633] X12=DC6E0000 X12=371B8000 X13=00000004 mul     a2,a2,a3
PC=000002EC [FD442583] X11=00000000 X08=00500000 X20=00000000 lw      a1,-44(s0/fp)
PC=000002F0 [FD842683] X13=05280000 X08=00500000 X24=00000000 lw      a3,-40(s0/fp)
PC=000002F4 [02D586B3] X13=00000000 X11=00000000 X13=05280000 mul     a3,a1,a3
PC=000002F8 [00D605B3] X11=DC6E0000 X12=DC6E0000 X13=00000000 add     a1,a2,a3
PC=000002FC [FD842603] X12=05280000 X08=00500000 X24=00000000 lw      a2,-40(s0/fp)
PC=00000300 [FD042683] X13=00000004 X08=00500000 X16=FFFFFFFF lw      a3,-48(s0/fp)
PC=00000304 [02D60533] X10=14A00000 X12=05280000 X13=00000004 mul     a0,a2,a3
PC=00000308 [02D637B3] X15=14A00000 X12=05280000 X13=00000004 mulhu   a5,a2,a3
PC=0000030C [00050713] X14=14A00000 X10=14A00000 X00=00000000 addi    a4,a0,0
PC=00000310 [00F586B3] X13=F10E0000 X11=DC6E0000 X15=14A00000 add     a3,a1,a5
PC=00000314 [00068793] X15=F10E0000 X13=F10E0000 X00=00000000 addi    a5,a3,0
PC=00000318 [FCE42C23] X24=00000000 X08=00500000 X14=14A00000 sw      a4,-40(s0/fp)
PC=0000031C [FCF42E23] X28=00000001 X08=00500000 X15=F10E0000 sw      a5,-36(s0/fp)
PC=00000320 [FCE42C23] X24=00000000 X08=00500000 X14=14A00000 sw      a4,-40(s0/fp)
PC=00000324 [FCF42E23] X28=00000001 X08=00500000 X15=F10E0000 sw      a5,-36(s0/fp)
PC=00000328 [FD042503] X10=00000004 X08=00500000 X16=FFFFFFFF lw      a0,-48(s0/fp)
PC=0000032C [FD442583] X11=00000000 X08=00500000 X20=00000000 lw      a1,-44(s0/fp)
PC=00000330 [FFF00813] X16=FFFFFFFF X00=00000000 X31=00000000 addi    a6,zero,-1
PC=00000334 [FFF00893] X17=FFFFFFFF X00=00000000 X31=00000000 addi    a7,zero,-1
PC=00000338 [01050633] X12=00000003 X10=00000004 X16=FFFFFFFF add     a2,a0,a6
PC=0000033C [00060313] X06=00000003 X12=00000003 X00=00000000 addi    t1,a2,0
PC=00000340 [00A33333] X06=00000001 X06=00000003 X10=00000004 sltu    t1,t1,a0
PC=00000344 [011586B3] X13=FFFFFFFF X11=00000000 X17=FFFFFFFF add     a3,a1,a7
PC=00000348 [00D305B3] X11=00000000 X06=00000001 X13=FFFFFFFF add     a1,t1,a3
PC=0000034C [00058693] X13=00000000 X11=00000000 X00=00000000 addi    a3,a1,0
PC=00000350 [FCC42823] X16=FFFFFFFF X08=00500000 X12=00000003 sw      a2,-48(s0/fp)
PC=00000354 [FCD42A23] X20=00000000 X08=00500000 X13=00000000 sw      a3,-44(s0/fp)
PC=00000358 [FD442683] X13=00000000 X08=00500000 X20=00000000 lw      a3,-44(s0/fp)
PC=00000360 [F8D042E3] X05=00000000 X00=00000000 X13=00000000 blt     zero,a3,-124
PC=00000360 [FD442683] X13=00000000 X08=00500000 X20=00000000 lw      a3,-44(s0/fp)
PC=00000368 [00069863] X16=FFFFFFFF X13=00000000 X00=00000000 bne     a3,zero,16
PC=00000368 [FD042603] X12=00000003 X08=00500000 X16=FFFFFFFF lw      a2,-48(s0/fp)
PC=0000036C [00100693] X13=00000001 X00=00000000 X01=000001C0 addi    a3,zero,1
PC=000002E0 [F6C6E8E3] X17=FFFFFFFF X13=00000001 X12=00000003 bltu    a3,a2,-144
PC=000002E0 [FDC42603] X12=F10E0000 X08=00500000 X28=00000001 lw      a2,-36(s0/fp)
PC=000002E4 [FD042683] X13=00000003 X08=00500000 X16=FFFFFFFF lw      a3,-48(s0/fp)
PC=000002E8 [02D60633] X12=D32A0000 X12=F10E0000 X13=00000003 mul     a2,a2,a3
PC=000002EC [FD442583] X11=00000000 X08=00500000 X20=00000000 lw      a1,-44(s0/fp)
PC=000002F0 [FD842683] X13=14A00000 X08=00500000 X24=00000000 lw      a3,-40(s0/fp)
PC=000002F4 [02D586B3] X13=00000000 X11=00000000 X13=14A00000 mul     a3,a1,a3
PC=000002F8 [00D605B3] X11=D32A0000 X12=D32A0000 X13=00000000 add     a1,a2,a3
PC=000002FC [FD842603] X12=14A00000 X08=00500000 X24=00000000 lw      a2,-40(s0/fp)
PC=00000300 [FD042683] X13=00000003 X08=00500000 X16=FFFFFFFF lw      a3,-48(s0/fp)
PC=00000304 [02D60533] X10=3DE00000 X12=14A00000 X13=00000003 mul     a0,a2,a3
PC=00000308 [02D637B3] X15=3DE00000 X12=14A00000 X13=00000003 mulhu   a5,a2,a3
PC=0000030C [00050713] X14=3DE00000 X10=3DE00000 X00=00000000 addi    a4,a0,0
PC=00000310 [00F586B3] X13=110A0000 X11=D32A0000 X15=3DE00000 add     a3,a1,a5
PC=00000314 [00068793] X15=110A0000 X13=110A0000 X00=00000000 addi    a5,a3,0
PC=00000318 [FCE42C23] X24=00000000 X08=00500000 X14=3DE00000 sw      a4,-40(s0/fp)
PC=0000031C [FCF42E23] X28=00000001 X08=00500000 X15=110A0000 sw      a5,-36(s0/fp)
PC=00000320 [FCE42C23] X24=00000000 X08=00500000 X14=3DE00000 sw      a4,-40(s0/fp)
PC=00000324 [FCF42E23] X28=00000001 X08=00500000 X15=110A0000 sw      a5,-36(s0/fp)
PC=00000328 [FD042503] X10=00000003 X08=00500000 X16=FFFFFFFF lw      a0,-48(s0/fp)
PC=0000032C [FD442583] X11=00000000 X08=00500000 X20=00000000 lw      a1,-44(s0/fp)
PC=00000330 [FFF00813] X16=FFFFFFFF X00=00000000 X31=00000000 addi    a6,zero,-1
PC=00000334 [FFF00893] X17=FFFFFFFF X00=00000000 X31=00000000 addi    a7,zero,-1
PC=00000338 [01050633] X12=00000002 X10=00000003 X16=FFFFFFFF add     a2,a0,a6
PC=0000033C [00060313] X06=00000002 X12=00000002 X00=00000000 addi    t1,a2,0
PC=00000340 [00A33333] X06=00000001 X06=00000002 X10=00000003 sltu    t1,t1,a0
PC=00000344 [011586B3] X13=FFFFFFFF X11=00000000 X17=FFFFFFFF add     a3,a1,a7
PC=00000348 [00D305B3] X11=00000000 X06=00000001 X13=FFFFFFFF add     a1,t1,a3
PC=0000034C [00058693] X13=00000000 X11=00000000 X00=00000000 addi    a3,a1,0
PC=00000350 [FCC42823] X16=FFFFFFFF X08=00500000 X12=00000002 sw      a2,-48(s0/fp)
PC=00000354 [FCD42A23] X20=00000000 X08=00500000 X13=00000000 sw      a3,-44(s0/fp)
PC=00000358 [FD442683] X13=00000000 X08=00500000 X20=00000000 lw      a3,-44(s0/fp)
PC=00000360 [F8D042E3] X05=00000000 X00=00000000 X13=00000000 blt     zero,a3,-124
PC=00000360 [FD442683] X13=00000000 X08=00500000 X20=00000000 lw      a3,-44(s0/fp)
PC=00000368 [00069863] X16=FFFFFFFF X13=00000000 X00=00000000 bne     a3,zero,16
PC=00000368 [FD042603] X12=00000002 X08=00500000 X16=FFFFFFFF lw      a2,-48(s0/fp)
PC=0000036C [00100693] X13=00000001 X00=00000000 X01=000001C0 addi    a3,zero,1
PC=000002E0 [F6C6E8E3] X17=FFFFFFFF X13=00000001 X12=00000002 bltu    a3,a2,-144
PC=000002E0 [FDC42603] X12=110A0000 X08=00500000 X28=00000001 lw      a2,-36(s0/fp)
PC=000002E4 [FD042683] X13=00000002 X08=00500000 X16=FFFFFFFF lw      a3,-48(s0/fp)
PC=000002E8 [02D60633] X12=22140000 X12=110A0000 X13=00000002 mul     a2,a2,a3
PC=000002EC [FD442583] X11=00000000 X08=00500000 X20=00000000 lw      a1,-44(s0/fp)
PC=000002F0 [FD842683] X13=3DE00000 X08=00500000 X24=00000000 lw      a3,-40(s0/fp)
PC=000002F4 [02D586B3] X13=00000000 X11=00000000 X13=3DE00000 mul     a3,a1,a3
PC=000002F8 [00D605B3] X11=22140000 X12=22140000 X13=00000000 add     a1,a2,a3
PC=000002FC [FD842603] X12=3DE00000 X08=00500000 X24=00000000 lw      a2,-40(s0/fp)
PC=00000300 [FD042683] X13=00000002 X08=00500000 X16=FFFFFFFF lw      a3,-48(s0/fp)
PC=00000304 [02D60533] X10=7BC00000 X12=3DE00000 X13=00000002 mul     a0,a2,a3
PC=00000308 [02D637B3] X15=7BC00000 X12=3DE00000 X13=00000002 mulhu   a5,a2,a3
PC=0000030C [00050713] X14=7BC00000 X10=7BC00000 X00=00000000 addi    a4,a0,0
PC=00000310 [00F586B3] X13=9DD40000 X11=22140000 X15=7BC00000 add     a3,a1,a5
PC=00000314 [00068793] X15=9DD40000 X13=9DD40000 X00=00000000 addi    a5,a3,0
PC=00000318 [FCE42C23] X24=00000000 X08=00500000 X14=7BC00000 sw      a4,-40(s0/fp)
PC=0000031C [FCF42E23] X28=00000001 X08=00500000 X15=9DD40000 sw      a5,-36(s0/fp)
PC=00000320 [FCE42C23] X24=00000000 X08=00500000 X14=7BC00000 sw      a4,-40(s0/fp)
PC=00000324 [FCF42E23] X28=00000001 X08=00500000 X15=9DD40000 sw      a5,-36(s0/fp)
PC=00000328 [FD042503] X10=00000002 X08=00500000 X16=FFFFFFFF lw      a0,-48(s0/fp)
PC=0000032C [FD442583] X11=00000000 X08=00500000 X20=00000000 lw      a1,-44(s0/fp)
PC=00000330 [FFF00813] X16=FFFFFFFF X00=00000000 X31=00000000 addi    a6,zero,-1
PC=00000334 [FFF00893] X17=FFFFFFFF X00=00000000 X31=00000000 addi    a7,zero,-1
PC=00000338 [01050633] X12=00000001 X10=00000002 X16=FFFFFFFF add     a2,a0,a6
PC=0000033C [00060313] X06=00000001 X12=00000001 X00=00000000 addi    t1,a2,0
PC=00000340 [00A33333] X06=00000001 X06=00000001 X10=00000002 sltu    t1,t1,a0
PC=00000344 [011586B3] X13=FFFFFFFF X11=00000000 X17=FFFFFFFF add     a3,a1,a7
PC=00000348 [00D305B3] X11=00000000 X06=00000001 X13=FFFFFFFF add     a1,t1,a3
PC=0000034C [00058693] X13=00000000 X11=00000000 X00=00000000 addi    a3,a1,0
PC=00000350 [FCC42823] X16=FFFFFFFF X08=00500000 X12=00000001 sw      a2,-48(s0/fp)
PC=00000354 [FCD42A23] X20=00000000 X08=00500000 X13=00000000 sw      a3,-44(s0/fp)
PC=00000358 [FD442683] X13=00000000 X08=00500000 X20=00000000 lw      a3,-44(s0/fp)
PC=00000360 [F8D042E3] X05=00000000 X00=00000000 X13=00000000 blt     zero,a3,-124
PC=00000360 [FD442683] X13=00000000 X08=00500000 X20=00000000 lw      a3,-44(s0/fp)
PC=00000368 [00069863] X16=FFFFFFFF X13=00000000 X00=00000000 bne     a3,zero,16
PC=00000368 [FD042603] X12=00000001 X08=00500000 X16=FFFFFFFF lw      a2,-48(s0/fp)
PC=0000036C [00100693] X13=00000001 X00=00000000 X01=000001C0 addi    a3,zero,1
PC=00000374 [F6C6E8E3] X17=FFFFFFFF X13=00000001 X12=00000001 bltu    a3,a2,-144
PC=00000374 [00000793] X15=00000000 X00=00000000 X00=00000000 addi    a5,zero,0
PC=00000378 [00000813] X16=00000000 X00=00000000 X00=00000000 addi    a6,zero,0
PC=0000037C [FCF42C23] X24=00000000 X08=00500000 X15=00000000 sw      a5,-40(s0/fp)
PC=00000380 [FD042E23] X28=00000001 X08=00500000 X16=00000000 sw      a6,-36(s0/fp)
PC=00000384 [00000793] X15=00000000 X00=00000000 X00=00000000 addi    a5,zero,0
PC=00000388 [00078513] X10=00000000 X15=00000000 X00=00000000 addi    a0,a5,0
PC=0000038C [03C12403] X08=00000000 X02=004FFFC0 X28=00000001 lw      s0/fp,60(sp)
PC=00000390 [04010113] X02=00500000 X02=004FFFC0 X00=00000000 addi    sp,sp,64
PC=00000394 [00008067] X00=00000000 X01=000001C0 X00=00000000 jalr    zero,ra,0
PC=000001C0 [200002B7] X05=20000000 X00=00000000 X00=00000000 lui     t0,536870912
PC=000001C4 [00100073] X00=00000000 X00=00000000 X01=000001C0 ebreak  