PC=000001B8 [00500137] X02=00500000 X00=00000000 X05=00000000 lui     sp,5242880
PC=000001BC [00C000EF] X01=000001C0 X00=00000000 X12=00000000 jal     ra,12
PC=000001C8 [FE010113] X02=004FFFE0 X02=00500000 X00=00000000 addi    sp,sp,-32
PC=000001CC [00112E23] X28=00000000 X02=004FFFE0 X01=000001C0 sw      ra,28(sp)
PC=000001D0 [00812C23] X24=00000000 X02=004FFFE0 X08=00000000 sw      s0/fp,24(sp)
PC=000001D4 [01212A23] X20=00000000 X02=004FFFE0 X18=00000000 sw      s2,20(sp)
PC=000001D8 [01312823] X16=00000000 X02=004FFFE0 X19=00000000 sw      s3,16(sp)
PC=000001DC [02010413] X08=00500000 X02=004FFFE0 X00=00000000 addi    s0/fp,sp,32
PC=000001E0 [01900513] X10=00000019 X00=00000000 X25=00000000 addi    a0,zero,25
PC=000001E4 [00000593] X11=00000000 X00=00000000 X00=00000000 addi    a1,zero,0
PC=000001E8 [068000EF] X01=000001EC X00=00000000 X08=00500000 jal     ra,104
PC=00000250 [FE010113] X02=004FFFC0 X02=004FFFE0 X00=00000000 addi    sp,sp,-32
PC=00000254 [00112E23] X28=00000000 X02=004FFFC0 X01=000001EC sw      ra,28(sp)
PC=00000258 [00812C23] X24=00000000 X02=004FFFC0 X08=00500000 sw      s0/fp,24(sp)
PC=0000025C [01212A23] X20=00000000 X02=004FFFC0 X18=00000000 sw      s2,20(sp)
PC=00000260 [01312823] X16=00000000 X02=004FFFC0 X19=00000000 sw      s3,16(sp)
PC=00000264 [02010413] X08=004FFFE0 X02=004FFFC0 X00=00000000 addi    s0/fp,sp,32
PC=00000268 [FEA42423] X08=004FFFE0 X08=004FFFE0 X10=00000019 sw      a0,-24(s0/fp)
PC=0000026C [FEB42623] X12=00000000 X08=004FFFE0 X11=00000000 sw      a1,-20(s0/fp)
PC=00000270 [FEC42783] X15=00000000 X08=004FFFE0 X12=00000000 lw      a5,-20(s0/fp)
PC=00000278 [00079C63] X24=00000000 X15=00000000 X00=00000000 bne     a5,zero,24
PC=00000278 [FEC42783] X15=00000000 X08=004FFFE0 X12=00000000 lw      a5,-20(s0/fp)
PC=00000280 [08079263] X04=00000000 X15=00000000 X00=00000000 bne     a5,zero,132
PC=00000280 [FE842703] X14=00000019 X08=004FFFE0 X08=004FFFE0 lw      a4,-24(s0/fp)
PC=00000284 [00100793] X15=00000001 X00=00000000 X01=000001EC addi    a5,zero,1
PC=0000028C [06E7FC63] X24=00000000 X15=00000001 X14=00000019 bgeu    a5,a4,120
PC=0000028C [FE842703] X14=00000019 X08=004FFFE0 X08=004FFFE0 lw      a4,-24(s0/fp)
PC=00000290 [FEC42783] X15=00000000 X08=004FFFE0 X12=00000000 lw      a5,-20(s0/fp)
PC=00000294 [FFF00513] X10=FFFFFFFF X00=00000000 X31=00000000 addi    a0,zero,-1
PC=00000298 [FFF00593] X11=FFFFFFFF X00=00000000 X31=00000000 addi    a1,zero,-1
PC=0000029C [00A70633] X12=00000018 X14=00000019 X10=FFFFFFFF add     a2,a4,a0
PC=000002A0 [00060813] X16=00000018 X12=00000018 X00=00000000 addi    a6,a2,0
PC=000002A4 [00E83833] X16=00000001 X16=00000018 X14=00000019 sltu    a6,a6,a4
PC=000002A8 [00B786B3] X13=FFFFFFFF X15=00000000 X11=FFFFFFFF add     a3,a5,a1
PC=000002AC [00D807B3] X15=00000000 X16=00000001 X13=FFFFFFFF add     a5,a6,a3
PC=000002B0 [00078693] X13=00000000 X15=00000000 X00=00000000 addi    a3,a5,0
PC=000002B4 [00060713] X14=00000018 X12=00000018 X00=00000000 addi    a4,a2,0
PC=000002B8 [00068793] X15=00000000 X13=00000000 X00=00000000 addi    a5,a3,0
PC=000002BC [00070513] X10=00000018 X14=00000018 X00=00000000 addi    a0,a4,0
PC=000002C0 [00078593] X11=00000000 X15=00000000 X00=00000000 addi    a1,a5,0
PC=000002C4 [F8DFF0EF] X01=000002C8 X31=00000000 X13=00000000 jal     ra,-116
PC=00000250 [FE010113] X02=004FFFA0 X02=004FFFC0 X00=00000000 addi    sp,sp,-32
PC=00000254 [00112E23] X28=00000000 X02=004FFFA0 X01=000002C8 sw      ra,28(sp)
PC=00000258 [00812C23] X24=00000000 X02=004FFFA0 X08=004FFFE0 sw      s0/fp,24(sp)
PC=0000025C [01212A23] X20=00000000 X02=004FFFA0 X18=00000000 sw      s2,20(sp)
PC=00000260 [01312823] X16=00000001 X02=004FFFA0 X19=00000000 sw      s3,16(sp)
PC=00000264 [02010413] X08=004FFFC0 X02=004FFFA0 X00=00000000 addi    s0/fp,sp,32
PC=00000268 [FEA42423] X08=004FFFC0 X08=004FFFC0 X10=00000018 sw      a0,-24(s0/fp)
PC=0000026C [FEB42623] X12=00000018 X08=004FFFC0 X11=00000000 sw      a1,-20(s0/fp)
PC=00000270 [FEC42783] X15=00000000 X08=004FFFC0 X12=00000018 lw      a5,-20(s0/fp)
PC=00000278 [00079C63] X24=00000000 X15=00000000 X00=00000000 bne     a5,zero,24
PC=00000278 [FEC42783] X15=00000000 X08=004FFFC0 X12=00000018 lw      a5,-20(s0/fp)
PC=00000280 [08079263] X04=00000000 X15=00000000 X00=00000000 bne     a5,zero,132
PC=00000280 [FE842703] X14=00000018 X08=004FFFC0 X08=004FFFC0 lw      a4,-24(s0/fp)
PC=00000284 [00100793] X15=00000001 X00=00000000 X01=000002C8 addi    a5,zero,1
PC=0000028C [06E7FC63] X24=00000000 X15=00000001 X14=00000018 bgeu    a5,a4,120
PC=0000028C [FE842703] X14=00000018 X08=004FFFC0 X08=004FFFC0 lw      a4,-24(s0/fp)
PC=00000290 [FEC42783] X15=00000000 X08=004FFFC0 X12=00000018 lw      a5,-20(s0/fp)
PC=00000294 [FFF00513] X10=FFFFFFFF X00=00000000 X31=00000000 addi    a0,zero,-1
PC=00000298 [FFF00593] X11=FFFFFFFF X00=00000000 X31=00000000 addi    a1,zero,-1
PC=0000029C [00A70633] X12=00000017 X14=00000018 X10=FFFFFFFF add     a2,a4,a0
PC=000002A0 [00060813] X16=00000017 X12=00000017 X00=00000000 addi    a6,a2,0
PC=000002A4 [00E83833] X16=00000001 X16=00000017 X14=00000018 sltu    a6,a6,a4
PC=000002A8 [00B786B3] X13=FFFFFFFF X15=00000000 X11=FFFFFFFF add     a3,a5,a1
PC=000002AC [00D807B3] X15=00000000 X16=00000001 X13=FFFFFFFF add     a5,a6,a3
PC=000002B0 [00078693] X13=00000000 X15=00000000 X00=00000000 addi    a3,a5,0
PC=000002B4 [00060713] X14=00000017 X12=00000017 X00=00000000 addi    a4,a2,0
PC=000002B8 [00068793] X15=00000000 X13=00000000 X00=00000000 addi    a5,a3,0
PC=000002BC [00070513] X10=00000017 X14=00000017 X00=00000000 addi    a0,a4,0
PC=000002C0 [00078593] X11=00000000 X15=00000000 X00=00000000 addi    a1,a5,0
PC=000002C4 [F8DFF0EF] X01=000002C8 X31=00000000 X13=00000000 jal     ra,-116
PC=00000250 [FE010113] X02=004FFF80 X02=004FFFA0 X00=00000000 addi    sp,sp,-32
PC=00000254 [00112E23] X28=00000000 X02=004FFF80 X01=000002C8 sw      ra,28(sp)
PC=00000258 [00812C23] X24=00000000 X02=004FFF80 X08=004FFFC0 sw      s0/fp,24(sp)
PC=0000025C [01212A23] X20=00000000 X02=004FFF80 X18=00000000 sw      s2,20(sp)
PC=00000260 [01312823] X16=00000001 X02=004FFF80 X19=00000000 sw      s3,16(sp)
PC=00000264 [02010413] X08=004FFFA0 X02=004FFF80 X00=00000000 addi    s0/fp,sp,32
PC=00000268 [FEA42423] X08=004FFFA0 X08=004FFFA0 X10=00000017 sw      a0,-24(s0/fp)
PC=0000026C [FEB42623] X12=00000017 X08=004FFFA0 X11=00000000 sw      a1,-20(s0/fp)
PC=00000270 [FEC42783] X15=00000000 X08=004FFFA0 X12=00000017 lw      a5,-20(s0/fp)
PC=00000278 [00079C63] X24=00000000 X15=00000000 X00=00000000 bne     a5,zero,24
PC=00000278 [FEC42783] X15=00000000 X08=004FFFA0 X12=00000017 lw      a5,-20(s0/fp)
PC=00000280 [08079263] X04=00000000 X15=00000000 X00=00000000 bne     a5,zero,132
PC=00000280 [FE842703] X14=00000017 X08=004FFFA0 X08=004FFFA0 lw      a4,-24(s0/fp)
PC=00000284 [00100793] X15=00000001 X00=00000000 X01=000002C8 addi    a5,zero,1
PC=0000028C [06E7FC63] X24=00000000 X15=00000001 X14=00000017 bgeu    a5,a4,120
PC=0000028C [FE842703] X14=00000017 X08=004FFFA0 X08=004FFFA0 lw      a4,-24(s0/fp)
PC=00000290 [FEC42783] X15=00000000 X08=004FFFA0 X12=00000017 lw      a5,-20(s0/fp)
PC=00000294 [FFF00513] X10=FFFFFFFF X00=00000000 X31=00000000 addi    a0,zero,-1
PC=00000298 [FFF00593] X11=FFFFFFFF X00=00000000 X31=00000000 addi    a1,zero,-1
PC=0000029C [00A70633] X12=00000016 X14=00000017 X10=FFFFFFFF add     a2,a4,a0
PC=000002A0 [00060813] X16=00000016 X12=00000016 X00=00000000 addi    a6,a2,0
PC=000002A4 [00E83833] X16=00000001 X16=00000016 X14=00000017 sltu    a6,a6,a4
PC=000002A8 [00B786B3] X13=FFFFFFFF X15=00000000 X11=FFFFFFFF add     a3,a5,a1
PC=000002AC [00D807B3] X15=00000000 X16=00000001 X13=FFFFFFFF add     a5,a6,a3
PC=000002B0 [00078693] X13=00000000 X15=00000000 X00=00000000 addi    a3,a5,0
PC=000002B4 [00060713] X14=00000016 X12=00000016 X00=00000000 addi    a4,a2,0
PC=000002B8 [00068793] X15=00000000 X13=00000000 X00=00000000 addi    a5,a3,0
PC=000002BC [00070513] X10=00000016 X14=00000016 X00=00000000 addi    a0,a4,0
PC=000002C0 [00078593] X11=00000000 X15=00000000 X00=00000000 addi    a1,a5,0
PC=000002C4 [F8DFF0EF] X01=000002C8 X31=00000000 X13=00000000 jal     ra,-116
PC=00000250 [FE010113] X02=004FFF60 X02=004FFF80 X00=00000000 addi    sp,sp,-32
PC=00000254 [00112E23] X28=00000000 X02=004FFF60 X01=000002C8 sw      ra,28(sp)
PC=00000258 [00812C23] X24=00000000 X02=004FFF60 X08=004FFFA0 sw      s0/fp,24(sp)
PC=0000025C [01212A23] X20=00000000 X02=004FFF60 X18=00000000 sw      s2,20(sp)
PC=00000260 [01312823] X16=00000001 X02=004FFF60 X19=00000000 sw      s3,16(sp)
PC=00000264 [02010413] X08=004FFF80 X02=004FFF60 X00=00000000 addi    s0/fp,sp,32
PC=00000268 [FEA42423] X08=004FFF80 X08=004FFF80 X10=00000016 sw      a0,-24(s0/fp)
PC=0000026C [FEB42623] X12=00000016 X08=004FFF80 X11=00000000 sw      a1,-20(s0/fp)
PC=00000270 [FEC42783] X15=00000000 X08=004FFF80 X12=00000016 lw      a5,-20(s0/fp)
PC=00000278 [00079C63] X24=00000000 X15=00000000 X00=00000000 bne     a5,zero,24
PC=00000278 [FEC42783] X15=00000000 X08=004FFF80 X12=00000016 lw      a5,-20(s0/fp)
PC=00000280 [08079263] X04=00000000 X15=00000000 X00=00000000 bne     a5,zero,132
PC=00000280 [FE842703] X14=00000016 X08=004FFF80 X08=004FFF80 lw      a4,-24(s0/fp)
PC=00000284 [00100793] X15=00000001 X00=00000000 X01=000002C8 addi    a5,zero,1
PC=0000028C [06E7FC63] X24=00000000 X15=00000001 X14=00000016 bgeu    a5,a4,120
PC=0000028C [FE842703] X14=00000016 X08=004FFF80 X08=004FFF80 lw      a4,-24(s0/fp)
PC=00000290 [FEC42783] X15=00000000 X08=004FFF80 X12=00000016 lw      a5,-20(s0/fp)
PC=00000294 [FFF00513] X10=FFFFFFFF X00=00000000 X31=00000000 addi    a0,zero,-1
PC=00000298 [FFF00593] X11=FFFFFFFF X00=00000000 X31=00000000 addi    a1,zero,-1
PC=0000029C [00A70633] X12=00000015 X14=00000016 X10=FFFFFFFF add     a2,a4,a0
PC=000002A0 [00060813] X16=00000015 X12=00000015 X00=00000000 addi    a6,a2,0
PC=000002A4 [00E83833] X16=00000001 X16=00000015 X14=00000016 sltu    a6,a6,a4
PC=000002A8 [00B786B3] X13=FFFFFFFF X15=00000000 X11=FFFFFFFF add     a3,a5,a1
PC=000002AC [00D807B3] X15=00000000 X16=00000001 X13=FFFFFFFF add     a5,a6,a3
PC=000002B0 [00078693] X13=00000000 X15=00000000 X00=00000000 addi    a3,a5,0
PC=000002B4 [00060713] X14=00000015 X12=00000015 X00=00000000 addi    a4,a2,0
PC=000002B8 [00068793] X15=00000000 X13=00000000 X00=00000000 addi    a5,a3,0
PC=000002BC [00070513] X10=00000015 X14=00000015 X00=00000000 addi    a0,a4,0
PC=000002C0 [00078593] X11=00000000 X15=00000000 X00=00000000 addi    a1,a5,0
PC=000002C4 [F8DFF0EF] X01=000002C8 X31=00000000 X13=00000000 jal     ra,-116
PC=00000250 [FE010113] X02=004FFF40 X02=004FFF60 X00=00000000 addi    sp,sp,-32
PC=00000254 [00112E23] X28=00000000 X02=004FFF40 X01=000002C8 sw      ra,28(sp)
PC=00000258 [00812C23] X24=00000000 X02=004FFF40 X08=004FFF80 sw      s0/fp,24(sp)
PC=0000025C [01212A23] X20=00000000 X02=004FFF40 X18=00000000 sw      s2,20(sp)
PC=00000260 [01312823] X16=00000001 X02=004FFF40 X19=00000000 sw      s3,16(sp)
PC=00000264 [02010413] X08=004FFF60 X02=004FFF40 X00=00000000 addi    s0/fp,sp,32
PC=00000268 [FEA42423] X08=004FFF60 X08=004FFF60 X10=00000015 sw      a0,-24(s0/fp)
PC=0000026C [FEB42623] X12=00000015 X08=004FFF60 X11=00000000 sw      a1,-20(s0/fp)
PC=00000270 [FEC42783] X15=00000000 X08=004FFF60 X12=00000015 lw      a5,-20(s0/fp)
PC=00000278 [00079C63] X24=00000000 X15=00000000 X00=00000000 bne     a5,zero,24
PC=00000278 [FEC42783] X15=00000000 X08=004FFF60 X12=00000015 lw      a5,-20(s0/fp)
PC=00000280 [08079263] X04=00000000 X15=00000000 X00=00000000 bne     a5,zero,132
PC=00000280 [FE842703] X14=00000015 X08=004FFF60 X08=004FFF60 lw      a4,-24(s0/fp)
PC=00000284 [00100793] X15=00000001 X00=00000000 X01=000002C8 addi    a5,zero,1
PC=0000028C [06E7FC63] X24=00000000 X15=00000001 X14=00000015 bgeu    a5,a4,120
PC=0000028C [FE842703] X14=00000015 X08=004FFF60 X08=004FFF60 lw      a4,-24(s0/fp)
PC=00000290 [FEC42783] X15=00000000 X08=004FFF60 X12=00000015 lw      a5,-20(s0/fp)
PC=00000294 [FFF00513] X10=FFFFFFFF X00=00000000 X31=00000000 addi    a0,zero,-1
PC=00000298 [FFF00593] X11=FFFFFFFF X00=00000000 X31=00000000 addi    a1,zero,-1
PC=0000029C [00A70633] X12=00000014 X14=00000015 X10=FFFFFFFF add     a2,a4,a0
PC=000002A0 [00060813] X16=00000014 X12=00000014 X00=00000000 addi    a6,a2,0
PC=000002A4 [00E83833] X16=00000001 X16=00000014 X14=00000015 sltu    a6,a6,a4
PC=000002A8 [00B786B3] X13=FFFFFFFF X15=00000000 X11=FFFFFFFF add     a3,a5,a1
PC=000002AC [00D807B3] X15=00000000 X16=00000001 X13=FFFFFFFF add     a5,a6,a3
PC=000002B0 [00078693] X13=00000000 X15=00000000 X00=00000000 addi    a3,a5,0
PC=000002B4 [00060713] X14=00000014 X12=00000014 X00=00000000 addi    a4,a2,0
PC=000002B8 [00068793] X15=00000000 X13=00000000 X00=00000000 addi    a5,a3,0
PC=000002BC [00070513] X10=00000014 X14=00000014 X00=00000000 addi    a0,a4,0
PC=000002C0 [00078593] X11=00000000 X15=00000000 X00=00000000 addi    a1,a5,0
PC=000002C4 [F8DFF0EF] X01=000002C8 X31=00000000 X13=00000000 jal     ra,-116
PC=00000250 [FE010113] X02=004FFF20 X02=004FFF40 X00=00000000 addi    sp,sp,-32
PC=00000254 [00112E23] X28=00000000 X02=004FFF20 X01=000002C8 sw      ra,28(sp)
PC=00000258 [00812C23] X24=00000000 X02=004FFF20 X08=004FFF60 sw      s0/fp,24(sp)
PC=0000025C [01212A23] X20=00000000 X02=004FFF20 X18=00000000 sw      s2,20(sp)
PC=00000260 [01312823] X16=00000001 X02=004FFF20 X19=00000000 sw      s3,16(sp)
PC=00000264 [02010413] X08=004FFF40 X02=004FFF20 X00=00000000 addi    s0/fp,sp,32
PC=00000268 [FEA42423] X08=004FFF40 X08=004FFF40 X10=00000014 sw      a0,-24(s0/fp)
PC=0000026C [FEB42623] X12=00000014 X08=004FFF40 X11=00000000 sw      a1,-20(s0/fp)
PC=00000270 [FEC42783] X15=00000000 X08=004FFF40 X12=00000014 lw      a5,-20(s0/fp)
PC=00000278 [00079C63] X24=00000000 X15=00000000 X00=00000000 bne     a5,zero,24
PC=00000278 [FEC42783] X15=00000000 X08=004FFF40 X12=00000014 lw      a5,-20(s0/fp)
PC=00000280 [08079263] X04=00000000 X15=00000000 X00=00000000 bne     a5,zero,132
PC=00000280 [FE842703] X14=00000014 X08=004FFF40 X08=004FFF40 lw      a4,-24(s0/fp)
PC=00000284 [00100793] X15=00000001 X00=00000000 X01=000002C8 addi    a5,zero,1
PC=0000028C [06E7FC63] X24=00000000 X15=00000001 X14=00000014 bgeu    a5,a4,120
PC=0000028C [FE842703] X14=00000014 X08=004FFF40 X08=004FFF40 lw      a4,-24(s0/fp)
PC=00000290 [FEC42783] X15=00000000 X08=004FFF40 X12=00000014 lw      a5,-20(s0/fp)
PC=00000294 [FFF00513] X10=FFFFFFFF X00=00000000 X31=00000000 addi    a0,zero,-1
PC=00000298 [FFF00593] X11=FFFFFFFF X00=00000000 X31=00000000 addi    a1,zero,-1
PC=0000029C [00A70633] X12=00000013 X14=00000014 X10=FFFFFFFF add     a2,a4,a0
PC=000002A0 [00060813] X16=00000013 X12=00000013 X00=00000000 addi    a6,a2,0
PC=000002A4 [00E83833] X16=00000001 X16=00000013 X14=00000014 sltu    a6,a6,a4
PC=000002A8 [00B786B3] X13=FFFFFFFF X15=00000000 X11=FFFFFFFF add     a3,a5,a1
PC=000002AC [00D807B3] X15=00000000 X16=00000001 X13=FFFFFFFF add     a5,a6,a3
PC=000002B0 [00078693] X13=00000000 X15=00000000 X00=00000000 addi    a3,a5,0
PC=000002B4 [00060713] X14=00000013 X12=00000013 X00=00000000 addi    a4,a2,0
PC=000002B8 [00068793] X15=00000000 X13=00000000 X00=00000000 addi    a5,a3,0
PC=000002BC [00070513] X10=00000013 X14=00000013 X00=00000000 addi    a0,a4,0
PC=000002C0 [00078593] X11=00000000 X15=00000000 X00=00000000 addi    a1,a5,0
PC=000002C4 [F8DFF0EF] X01=000002C8 X31=00000000 X13=00000000 jal     ra,-116
PC=00000250 [FE010113] X02=004FFF00 X02=004FFF20 X00=00000000 addi    sp,sp,-32
PC=00000254 [00112E23] X28=00000000 X02=004FFF00 X01=000002C8 sw      ra,28(sp)
PC=00000258 [00812C23] X24=00000000 X02=004FFF00 X08=004FFF40 sw      s0/fp,24(sp)
PC=0000025C [01212A23] X20=00000000 X02=004FFF00 X18=00000000 sw      s2,20(sp)
PC=00000260 [01312823] X16=00000001 X02=004FFF00 X19=00000000 sw      s3,16(sp)
PC=00000264 [02010413] X08=004FFF20 X02=004FFF00 X00=00000000 addi    s0/fp,sp,32
PC=00000268 [FEA42423] X08=004FFF20 X08=004FFF20 X10=00000013 sw      a0,-24(s0/fp)
PC=0000026C [FEB42623] X12=00000013 X08=004FFF20 X11=00000000 sw      a1,-20(s0/fp)
PC=00000270 [FEC42783] X15=00000000 X08=004FFF20 X12=00000013 lw      a5,-20(s0/fp)
PC=00000278 [00079C63] X24=00000000 X15=00000000 X00=00000000 bne     a5,zero,24
PC=00000278 [FEC42783] X15=00000000 X08=004FFF20 X12=00000013 lw      a5,-20(s0/fp)
PC=00000280 [08079263] X04=00000000 X15=00000000 X00=00000000 bne     a5,zero,132
PC=00000280 [FE842703] X14=00000013 X08=004FFF20 X08=004FFF20 lw      a4,-24(s0/fp)
PC=00000284 [00100793] X15=00000001 X00=00000000 X01=000002C8 addi    a5,zero,1
PC=0000028C [06E7FC63] X24=00000000 X15=00000001 X14=00000013 bgeu    a5,a4,120
PC=0000028C [FE842703] X14=00000013 X08=004FFF20 X08=004FFF20 lw      a4,-24(s0/fp)
PC=00000290 [FEC42783] X15=00000000 X08=004FFF20 X12=00000013 lw      a5,-20(s0/fp)
PC=00000294 [FFF00513] X10=FFFFFFFF X00=00000000 X31=00000000 addi    a0,zero,-1
PC=00000298 [FFF00593] X11=FFFFFFFF X00=00000000 X31=00000000 addi    a1,zero,-1
PC=0000029C [00A70633] X12=00000012 X14=00000013 X10=FFFFFFFF add     a2,a4,a0
PC=000002A0 [00060813] X16=00000012 X12=00000012 X00=00000000 addi    a6,a2,0
PC=000002A4 [00E83833] X16=00000001 X16=00000012 X14=00000013 sltu    a6,a6,a4
PC=000002A8 [00B786B3] X13=FFFFFFFF X15=00000000 X11=FFFFFFFF add     a3,a5,a1
PC=000002AC [00D807B3] X15=00000000 X16=00000001 X13=FFFFFFFF add     a5,a6,a3
PC=000002B0 [00078693] X13=00000000 X15=00000000 X00=00000000 addi    a3,a5,0
PC=000002B4 [00060713] X14=00000012 X12=00000012 X00=00000000 addi    a4,a2,0
PC=000002B8 [00068793] X15=00000000 X13=00000000 X00=00000000 addi    a5,a3,0
PC=000002BC [00070513] X10=00000012 X14=00000012 X00=00000000 addi    a0,a4,0
PC=000002C0 [00078593] X11=00000000 X15=00000000 X00=00000000 addi    a1,a5,0
PC=000002C4 [F8DFF0EF] X01=000002C8 X31=00000000 X13=00000000 jal     ra,-116
PC=00000250 [FE010113] X02=004FFEE0 X02=004FFF00 X00=00000000 addi    sp,sp,-32
PC=00000254 [00112E23] X28=00000000 X02=004FFEE0 X01=000002C8 sw      ra,28(sp)
PC=00000258 [00812C23] X24=00000000 X02=004FFEE0 X08=004FFF20 sw      s0/fp,24(sp)
PC=0000025C [01212A23] X20=00000000 X02=004FFEE0 X18=00000000 sw      s2,20(sp)
PC=00000260 [01312823] X16=00000001 X02=004FFEE0 X19=00000000 sw      s3,16(sp)
PC=00000264 [02010413] X08=004FFF00 X02=004FFEE0 X00=00000000 addi    s0/fp,sp,32
PC=00000268 [FEA42423] X08=004FFF00 X08=004FFF00 X10=00000012 sw      a0,-24(s0/fp)
PC=0000026C [FEB42623] X12=00000012 X08=004FFF00 X11=00000000 sw      a1,-20(s0/fp)
PC=00000270 [FEC42783] X15=00000000 X08=004FFF00 X12=00000012 lw      a5,-20(s0/fp)
PC=00000278 [00079C63] X24=00000000 X15=00000000 X00=00000000 bne     a5,zero,24
PC=00000278 [FEC42783] X15=00000000 X08=004FFF00 X12=00000012 lw      a5,-20(s0/fp)
PC=00000280 [08079263] X04=00000000 X15=00000000 X00=00000000 bne     a5,zero,132
PC=00000280 [FE842703] X14=00000012 X08=004FFF00 X08=004FFF00 lw      a4,-24(s0/fp)
PC=00000284 [00100793] X15=00000001 X00=00000000 X01=000002C8 addi    a5,zero,1
PC=0000028C [06E7FC63] X24=00000000 X15=00000001 X14=00000012 bgeu    a5,a4,120
PC=0000028C [FE842703] X14=00000012 X08=004FFF00 X08=004FFF00 lw      a4,-24(s0/fp)
PC=00000290 [FEC42783] X15=00000000 X08=004FFF00 X12=00000012 lw      a5,-20(s0/fp)
PC=00000294 [FFF00513] X10=FFFFFFFF X00=00000000 X31=00000000 addi    a0,zero,-1
PC=00000298 [FFF00593] X11=FFFFFFFF X00=00000000 X31=00000000 addi    a1,zero,-1
PC=0000029C [00A70633] X12=00000011 X14=00000012 X10=FFFFFFFF add     a2,a4,a0
PC=000002A0 [00060813] X16=00000011 X12=00000011 X00=00000000 addi    a6,a2,0
PC=000002A4 [00E83833] X16=00000001 X16=00000011 X14=00000012 sltu    a6,a6,a4
PC=000002A8 [00B786B3] X13=FFFFFFFF X15=00000000 X11=FFFFFFFF add     a3,a5,a1
PC=000002AC [00D807B3] X15=00000000 X16=00000001 X13=FFFFFFFF add     a5,a6,a3
PC=000002B0 [00078693] X13=00000000 X15=00000000 X00=00000000 addi    a3,a5,0
PC=000002B4 [00060713] X14=00000011 X12=00000011 X00=00000000 addi    a4,a2,0
PC=000002B8 [00068793] X15=00000000 X13=00000000 X00=00000000 addi    a5,a3,0
PC=000002BC [00070513] X10=00000011 X14=00000011 X00=00000000 addi    a0,a4,0
PC=000002C0 [00078593] X11=00000000 X15=00000000 X00=00000000 addi    a1,a5,0
PC=000002C4 [F8DFF0EF] X01=000002C8 X31=00000000 X13=00000000 jal     ra,-116
PC=00000250 [FE010113] X02=004FFEC0 X02=004FFEE0 X00=00000000 addi    sp,sp,-32
PC=00000254 [00112E23] X28=00000000 X02=004FFEC0 X01=000002C8 sw      ra,28(sp)
PC=00000258 [00812C23] X24=00000000 X02=004FFEC0 X08=004FFF00 sw      s0/fp,24(sp)
PC=0000025C [01212A23] X20=00000000 X02=004FFEC0 X18=00000000 sw      s2,20(sp)
PC=00000260 [01312823] X16=00000001 X02=004FFEC0 X19=00000000 sw      s3,16(sp)
PC=00000264 [02010413] X08=004FFEE0 X02=004FFEC0 X00=00000000 addi    s0/fp,sp,32
PC=00000268 [FEA42423] X08=004FFEE0 X08=004FFEE0 X10=00000011 sw      a0,-24(s0/fp)
PC=0000026C [FEB42623] X12=00000011 X08=004FFEE0 X11=00000000 sw      a1,-20(s0/fp)
PC=00000270 [FEC42783] X15=00000000 X08=004FFEE0 X12=00000011 lw      a5,-20(s0/fp)
PC=00000278 [00079C63] X24=00000000 X15=00000000 X00=00000000 bne     a5,zero,24
PC=00000278 [FEC42783] X15=00000000 X08=004FFEE0 X12=00000011 lw      a5,-20(s0/fp)
PC=00000280 [08079263] X04=00000000 X15=00000000 X00=00000000 bne     a5,zero,132
PC=00000280 [FE842703] X14=00000011 X08=004FFEE0 X08=004FFEE0 lw      a4,-24(s0/fp)
PC=00000284 [00100793] X15=00000001 X00=00000000 X01=000002C8 addi    a5,zero,1
PC=0000028C [06E7FC63] X24=00000000 X15=00000001 X14=00000011 bgeu    a5,a4,120
PC=0000028C [FE842703] X14=00000011 X08=004FFEE0 X08=004FFEE0 lw      a4,-24(s0/fp)
PC=00000290 [FEC42783] X15=00000000 X08=004FFEE0 X12=00000011 lw      a5,-20(s0/fp)
PC=00000294 [FFF00513] X10=FFFFFFFF X00=00000000 X31=00000000 addi    a0,zero,-1
PC=00000298 [FFF00593] X11=FFFFFFFF X00=00000000 X31=00000000 addi    a1,zero,-1
PC=0000029C [00A70633] X12=00000010 X14=00000011 X10=FFFFFFFF add     a2,a4,a0
PC=000002A0 [00060813] X16=00000010 X12=00000010 X00=00000000 addi    a6,a2,0
PC=000002A4 [00E83833] X16=00000001 X16=00000010 X14=00000011 sltu    a6,a6,a4
PC=000002A8 [00B786B3] X13=FFFFFFFF X15=00000000 X11=FFFFFFFF add     a3,a5,a1
PC=000002AC [00D807B3] X15=00000000 X16=00000001 X13=FFFFFFFF add     a5,a6,a3
PC=000002B0 [00078693] X13=00000000 X15=00000000 X00=00000000 addi    a3,a5,0
PC=000002B4 [00060713] X14=00000010 X12=00000010 X00=00000000 addi    a4,a2,0
PC=000002B8 [00068793] X15=00000000 X13=00000000 X00=00000000 addi    a5,a3,0
PC=000002BC [00070513] X10=00000010 X14=00000010 X00=00000000 addi    a0,a4,0
PC=000002C0 [00078593] X11=00000000 X15=00000000 X00=00000000 addi    a1,a5,0
PC=000002C4 [F8DFF0EF] X01=000002C8 X31=00000000 X13=00000000 jal     ra,-116
PC=00000250 [FE010113] X02=004FFEA0 X02=004FFEC0 X00=00000000 addi    sp,sp,-32
PC=00000254 [00112E23] X28=00000000 X02=004FFEA0 X01=000002C8 sw      ra,28(sp)
PC=00000258 [00812C23] X24=00000000 X02=004FFEA0 X08=004FFEE0 sw      s0/fp,24(sp)
PC=0000025C [01212A23] X20=00000000 X02=004FFEA0 X18=00000000 sw      s2,20(sp)
PC=00000260 [01312823] X16=00000001 X02=004FFEA0 X19=00000000 sw      s3,16(sp)
PC=00000264 [02010413] X08=004FFEC0 X02=004FFEA0 X00=00000000 addi    s0/fp,sp,32
PC=00000268 [FEA42423] X08=004FFEC0 X08=004FFEC0 X10=00000010 sw      a0,-24(s0/fp)
PC=0000026C [FEB42623] X12=00000010 X08=004FFEC0 X11=00000000 sw      a1,-20(s0/fp)
PC=00000270 [FEC42783] X15=00000000 X08=004FFEC0 X12=00000010 lw      a5,-20(s0/fp)
PC=00000278 [00079C63] X24=00000000 X15=00000000 X00=00000000 bne     a5,zero,24
PC=00000278 [FEC42783] X15=00000000 X08=004FFEC0 X12=00000010 lw      a5,-20(s0/fp)
PC=00000280 [08079263] X04=00000000 X15=00000000 X00=00000000 bne     a5,zero,132
PC=00000280 [FE842703] X14=00000010 X08=004FFEC0 X08=004FFEC0 lw      a4,-24(s0/fp)
PC=00000284 [00100793] X15=00000001 X00=00000000 X01=000002C8 addi    a5,zero,1
PC=0000028C [06E7FC63] X24=00000000 X15=00000001 X14=00000010 bgeu    a5,a4,120
PC=0000028C [FE842703] X14=00000010 X08=004FFEC0 X08=004FFEC0 lw      a4,-24(s0/fp)
PC=00000290 [FEC42783] X15=00000000 X08=004FFEC0 X12=00000010 lw      a5,-20(s0/fp)
PC=00000294 [FFF00513] X10=FFFFFFFF X00=00000000 X31=00000000 addi    a0,zero,-1
PC=00000298 [FFF00593] X11=FFFFFFFF X00=00000000 X31=00000000 addi    a1,zero,-1
PC=0000029C [00A70633] X12=0000000F X14=00000010 X10=FFFFFFFF add     a2,a4,a0
PC=000002A0 [00060813] X16=0000000F X12=0000000F X00=00000000 addi    a6,a2,0
PC=000002A4 [00E83833] X16=00000001 X16=0000000F X14=00000010 sltu    a6,a6,a4
PC=000002A8 [00B786B3] X13=FFFFFFFF X15=00000000 X11=FFFFFFFF add     a3,a5,a1
PC=000002AC [00D807B3] X15=00000000 X16=00000001 X13=FFFFFFFF add     a5,a6,a3
PC=000002B0 [00078693] X13=00000000 X15=00000000 X00=00000000 addi    a3,a5,0
PC=000002B4 [00060713] X14=0000000F X12=0000000F X00=00000000 addi    a4,a2,0
PC=000002B8 [00068793] X15=00000000 X13=00000000 X00=00000000 addi    a5,a3,0
PC=000002BC [00070513] X10=0000000F X14=0000000F X00=00000000 addi    a0,a4,0
PC=000002C0 [00078593] X11=00000000 X15=00000000 X00=00000000 addi    a1,a5,0
PC=000002C4 [F8DFF0EF] X01=000002C8 X31=00000000 X13=00000000 jal     ra,-116
PC=00000250 [FE010113] X02=004FFE80 X02=004FFEA0 X00=00000000 addi    sp,sp,-32
PC=00000254 [00112E23] X28=00000000 X02=004FFE80 X01=000002C8 sw      ra,28(sp)
PC=00000258 [00812C23] X24=00000000 X02=004FFE80 X08=004FFEC0 sw      s0/fp,24(sp)
PC=0000025C [01212A23] X20=00000000 X02=004FFE80 X18=00000000 sw      s2,20(sp)
PC=00000260 [01312823] X16=00000001 X02=004FFE80 X19=00000000 sw      s3,16(sp)
PC=00000264 [02010413] X08=004FFEA0 X02=004FFE80 X00=00000000 addi    s0/fp,sp,32
PC=00000268 [FEA42423] X08=004FFEA0 X08=004FFEA0 X10=0000000F sw      a0,-24(s0/fp)
PC=0000026C [FEB42623] X12=0000000F X08=004FFEA0 X11=00000000 sw      a1,-20(s0/fp)
PC=00000270 [FEC42783] X15=00000000 X08=004FFEA0 X12=0000000F lw      a5,-20(s0/fp)
PC=00000278 [00079C63] X24=00000000 X15=00000000 X00=00000000 bne     a5,zero,24
PC=00000278 [FEC42783] X15=00000000 X08=004FFEA0 X12=0000000F lw      a5,-20(s0/fp)
PC=00000280 [08079263] X04=00000000 X15=00000000 X00=00000000 bne     a5,zero,132
PC=00000280 [FE842703] X14=0000000F X08=004FFEA0 X08=004FFEA0 lw      a4,-24(s0/fp)
PC=00000284 [00100793] X15=00000001 X00=00000000 X01=000002C8 addi    a5,zero,1
PC=0000028C [06E7FC63] X24=00000000 X15=00000001 X14=0000000F bgeu    a5,a4,120
PC=0000028C [FE842703] X14=0000000F X08=004FFEA0 X08=004FFEA0 lw      a4,-24(s0/fp)
PC=00000290 [FEC42783] X15=00000000 X08=004FFEA0 X12=0000000F lw      a5,-20(s0/fp)
PC=00000294 [FFF00513] X10=FFFFFFFF X00=00000000 X31=00000000 addi    a0,zero,-1
PC=00000298 [FFF00593] X11=FFFFFFFF X00=00000000 X31=00000000 addi    a1,zero,-1
PC=0000029C [00A70633] X12=0000000E X14=0000000F X10=FFFFFFFF add     a2,a4,a0
PC=000002A0 [00060813] X16=0000000E X12=0000000E X00=00000000 addi    a6,a2,0
PC=000002A4 [00E83833] X16=00000001 X16=0000000E X14=0000000F sltu    a6,a6,a4
PC=000002A8 [00B786B3] X13=FFFFFFFF X15=00000000 X11=FFFFFFFF add     a3,a5,a1
PC=000002AC [00D807B3] X15=00000000 X16=00000001 X13=FFFFFFFF add     a5,a6,a3
PC=000002B0 [00078693] X13=00000000 X15=00000000 X00=00000000 addi    a3,a5,0
PC=000002B4 [00060713] X14=0000000E X12=0000000E X00=00000000 addi    a4,a2,0
PC=000002B8 [00068793] X15=00000000 X13=00000000 X00=00000000 addi    a5,a3,0
PC=000002BC [00070513] X10=0000000E X14=0000000E X00=00000000 addi    a0,a4,0
PC=000002C0 [00078593] X11=00000000 X15=00000000 X00=00000000 addi    a1,a5,0
PC=000002C4 [F8DFF0EF] X01=000002C8 X31=00000000 X13=00000000 jal     ra,-116
PC=00000250 [FE010113] X02=004FFE60 X02=004FFE80 X00=00000000 addi    sp,sp,-32
PC=00000254 [00112E23] X28=00000000 X02=004FFE60 X01=000002C8 sw      ra,28(sp)
PC=00000258 [00812C23] X24=00000000 X02=004FFE60 X08=004FFEA0 sw      s0/fp,24(sp)
PC=0000025C [01212A23] X20=00000000 X02=004FFE60 X18=00000000 sw      s2,20(sp)
PC=00000260 [01312823] X16=00000001 X02=004FFE60 X19=00000000 sw      s3,16(sp)
PC=00000264 [02010413] X08=004FFE80 X02=004FFE60 X00=00000000 addi    s0/fp,sp,32
PC=00000268 [FEA42423] X08=004FFE80 X08=004FFE80 X10=0000000E sw      a0,-24(s0/fp)
PC=0000026C [FEB42623] X12=0000000E X08=004FFE80 X11=00000000 sw      a1,-20(s0/fp)
PC=00000270 [FEC42783] X15=00000000 X08=004FFE80 X12=0000000E lw      a5,-20(s0/fp)
PC=00000278 [00079C63] X24=00000000 X15=00000000 X00=00000000 bne     a5,zero,24
PC=00000278 [FEC42783] X15=00000000 X08=004FFE80 X12=0000000E lw      a5,-20(s0/fp)
PC=00000280 [08079263] X04=00000000 X15=00000000 X00=00000000 bne     a5,zero,132
PC=00000280 [FE842703] X14=0000000E X08=004FFE80 X08=004FFE80 lw      a4,-24(s0/fp)
PC=00000284 [00100793] X15=00000001 X00=00000000 X01=000002C8 addi    a5,zero,1
PC=0000028C [06E7FC63] X24=00000000 X15=00000001 X14=0000000E bgeu    a5,a4,120
PC=0000028C [FE842703] X14=0000000E X08=004FFE80 X08=004FFE80 lw      a4,-24(s0/fp)
PC=00000290 [FEC42783] X15=00000000 X08=004FFE80 X12=0000000E lw      a5,-20(s0/fp)
PC=00000294 [FFF00513] X10=FFFFFFFF X00=00000000 X31=00000000 addi    a0,zero,-1
PC=00000298 [FFF00593] X11=FFFFFFFF X00=00000000 X31=00000000 addi    a1,zero,-1
PC=0000029C [00A70633] X12=0000000D X14=0000000E X10=FFFFFFFF add     a2,a4,a0
PC=000002A0 [00060813] X16=0000000D X12=0000000D X00=00000000 addi    a6,a2,0
PC=000002A4 [00E83833] X16=00000001 X16=0000000D X14=0000000E sltu    a6,a6,a4
PC=000002A8 [00B786B3] X13=FFFFFFFF X15=00000000 X11=FFFFFFFF add     a3,a5,a1
PC=000002AC [00D807B3] X15=00000000 X16=00000001 X13=FFFFFFFF add     a5,a6,a3
PC=000002B0 [00078693] X13=00000000 X15=00000000 X00=00000000 addi    a3,a5,0
PC=000002B4 [00060713] X14=0000000D X12=0000000D X00=00000000 addi    a4,a2,0
PC=000002B8 [00068793] X15=00000000 X13=00000000 X00=00000000 addi    a5,a3,0
PC=000002BC [00070513] X10=0000000D X14=0000000D X00=00000000 addi    a0,a4,0
PC=000002C0 [00078593] X11=00000000 X15=00000000 X00=00000000 addi    a1,a5,0
PC=000002C4 [F8DFF0EF] X01=000002C8 X31=00000000 X13=00000000 jal     ra,-116
PC=00000250 [FE010113] X02=004FFE40 X02=004FFE60 X00=00000000 addi    sp,sp,-32
PC=00000254 [00112E23] X28=00000000 X02=004FFE40 X01=000002C8 sw      ra,28(sp)
PC=00000258 [00812C23] X24=00000000 X02=004FFE40 X08=004FFE80 sw      s0/fp,24(sp)
PC=0000025C [01212A23] X20=00000000 X02=004FFE40 X18=00000000 sw      s2,20(sp)
PC=00000260 [01312823] X16=00000001 X02=004FFE40 X19=00000000 sw      s3,16(sp)
PC=00000264 [02010413] X08=004FFE60 X02=004FFE40 X00=00000000 addi    s0/fp,sp,32
PC=00000268 [FEA42423] X08=004FFE60 X08=004FFE60 X10=0000000D sw      a0,-24(s0/fp)
PC=0000026C [FEB42623] X12=0000000D X08=004FFE60 X11=00000000 sw      a1,-20(s0/fp)
PC=00000270 [FEC42783] X15=00000000 X08=004FFE60 X12=0000000D lw      a5,-20(s0/fp)
PC=00000278 [00079C63] X24=00000000 X15=00000000 X00=00000000 bne     a5,zero,24
PC=00000278 [FEC42783] X15=00000000 X08=004FFE60 X12=0000000D lw      a5,-20(s0/fp)
PC=00000280 [08079263] X04=00000000 X15=00000000 X00=00000000 bne     a5,zero,132
PC=00000280 [FE842703] X14=0000000D X08=004FFE60 X08=004FFE60 lw      a4,-24(s0/fp)
PC=00000284 [00100793] X15=00000001 X00=00000000 X01=000002C8 addi    a5,zero,1
PC=0000028C [06E7FC63] X24=00000000 X15=00000001 X14=0000000D bgeu    a5,a4,120
PC=0000028C [FE842703] X14=0000000D X08=004FFE60 X08=004FFE60 lw      a4,-24(s0/fp)
PC=00000290 [FEC42783] X15=00000000 X08=004FFE60 X12=0000000D lw      a5,-20(s0/fp)
PC=00000294 [FFF00513] X10=FFFFFFFF X00=00000000 X31=00000000 addi    a0,zero,-1
PC=00000298 [FFF00593] X11=FFFFFFFF X00=00000000 X31=00000000 addi    a1,zero,-1
PC=0000029C [00A70633] X12=0000000C X14=0000000D X10=FFFFFFFF add     a2,a4,a0
PC=000002A0 [00060813] X16=0000000C X12=0000000C X00=00000000 addi    a6,a2,0
PC=000002A4 [00E83833] X16=00000001 X16=0000000C X14=0000000D sltu    a6,a6,a4
PC=000002A8 [00B786B3] X13=FFFFFFFF X15=00000000 X11=FFFFFFFF add     a3,a5,a1
PC=000002AC [00D807B3] X15=00000000 X16=00000001 X13=FFFFFFFF add     a5,a6,a3
PC=000002B0 [00078693] X13=00000000 X15=00000000 X00=00000000 addi    a3,a5,0
PC=000002B4 [00060713] X14=0000000C X12=0000000C X00=00000000 addi    a4,a2,0
PC=000002B8 [00068793] X15=00000000 X13=00000000 X00=00000000 addi    a5,a3,0
PC=000002BC [00070513] X10=0000000C X14=0000000C X00=00000000 addi    a0,a4,0
PC=000002C0 [00078593] X11=00000000 X15=00000000 X00=00000000 addi    a1,a5,0
PC=000002C4 [F8DFF0EF] X01=000002C8 X31=00000000 X13=00000000 jal     ra,-116
PC=00000250 [FE010113] X02=004FFE20 X02=004FFE40 X00=00000000 addi    sp,sp,-32
PC=00000254 [00112E23] X28=00000000 X02=004FFE20 X01=000002C8 sw      ra,28(sp)
PC=00000258 [00812C23] X24=00000000 X02=004FFE20 X08=004FFE60 sw      s0/fp,24(sp)
PC=0000025C [01212A23] X20=00000000 X02=004FFE20 X18=00000000 sw      s2,20(sp)
PC=00000260 [01312823] X16=00000001 X02=004FFE20 X19=00000000 sw      s3,16(sp)
PC=00000264 [02010413] X08=004FFE40 X02=004FFE20 X00=00000000 addi    s0/fp,sp,32
PC=00000268 [FEA42423] X08=004FFE40 X08=004FFE40 X10=0000000C sw      a0,-24(s0/fp)
PC=0000026C [FEB42623] X12=0000000C X08=004FFE40 X11=00000000 sw      a1,-20(s0/fp)
PC=00000270 [FEC42783] X15=00000000 X08=004FFE40 X12=0000000C lw      a5,-20(s0/fp)
PC=00000278 [00079C63] X24=00000000 X15=00000000 X00=00000000 bne     a5,zero,24
PC=00000278 [FEC42783] X15=00000000 X08=004FFE40 X12=0000000C lw      a5,-20(s0/fp)
PC=00000280 [08079263] X04=00000000 X15=00000000 X00=00000000 bne     a5,zero,132
PC=00000280 [FE842703] X14=0000000C X08=004FFE40 X08=004FFE40 lw      a4,-24(s0/fp)
PC=00000284 [00100793] X15=00000001 X00=00000000 X01=000002C8 addi    a5,zero,1
PC=0000028C [06E7FC63] X24=00000000 X15=00000001 X14=0000000C bgeu    a5,a4,120
PC=0000028C [FE842703] X14=0000000C X08=004FFE40 X08=004FFE40 lw      a4,-24(s0/fp)
PC=00000290 [FEC42783] X15=00000000 X08=004FFE40 X12=0000000C lw      a5,-20(s0/fp)
PC=00000294 [FFF00513] X10=FFFFFFFF X00=00000000 X31=00000000 addi    a0,zero,-1
PC=00000298 [FFF00593] X11=FFFFFFFF X00=00000000 X31=00000000 addi    a1,zero,-1
PC=0000029C [00A70633] X12=0000000B X14=0000000C X10=FFFFFFFF add     a2,a4,a0
PC=000002A0 [00060813] X16=0000000B X12=0000000B X00=00000000 addi    a6,a2,0
PC=000002A4 [00E83833] X16=00000001 X16=0000000B X14=0000000C sltu    a6,a6,a4
PC=000002A8 [00B786B3] X13=FFFFFFFF X15=00000000 X11=FFFFFFFF add     a3,a5,a1
PC=000002AC [00D807B3] X15=00000000 X16=00000001 X13=FFFFFFFF add     a5,a6,a3
PC=000002B0 [00078693] X13=00000000 X15=00000000 X00=00000000 addi    a3,a5,0
PC=000002B4 [00060713] X14=0000000B X12=0000000B X00=00000000 addi    a4,a2,0
PC=000002B8 [00068793] X15=00000000 X13=00000000 X00=00000000 addi    a5,a3,0
PC=000002BC [00070513] X10=0000000B X14=0000000B X00=00000000 addi    a0,a4,0
PC=000002C0 [00078593] X11=00000000 X15=00000000 X00=00000000 addi    a1,a5,0
PC=000002C4 [F8DFF0EF] X01=000002C8 X31=00000000 X13=00000000 jal     ra,-116
PC=00000250 [FE010113] X02=004FFE00 X02=004FFE20 X00=00000000 addi    sp,sp,-32
PC=00000254 [00112E23] X28=00000000 X02=004FFE00 X01=000002C8 sw      ra,28(sp)
PC=00000258 [00812C23] X24=00000000 X02=004FFE00 X08=004FFE40 sw      s0/fp,24(sp)
PC=0000025C [01212A23] X20=00000000 X02=004FFE00 X18=00000000 sw      s2,20(sp)
PC=00000260 [01312823] X16=00000001 X02=004FFE00 X19=00000000 sw      s3,16(sp)
PC=00000264 [02010413] X08=004FFE20 X02=004FFE00 X00=00000000 addi    s0/fp,sp,32
PC=00000268 [FEA42423] X08=004FFE20 X08=004FFE20 X10=0000000B sw      a0,-24(s0/fp)
PC=0000026C [FEB42623] X12=0000000B X08=004FFE20 X11=00000000 sw      a1,-20(s0/fp)
PC=00000270 [FEC42783] X15=00000000 X08=004FFE20 X12=0000000B lw      a5,-20(s0/fp)
PC=00000278 [00079C63] X24=00000000 X15=00000000 X00=00000000 bne     a5,zero,24
PC=00000278 [FEC42783] X15=00000000 X08=004FFE20 X12=0000000B lw      a5,-20(s0/fp)
PC=00000280 [08079263] X04=00000000 X15=00000000 X00=00000000 bne     a5,zero,132
PC=00000280 [FE842703] X14=0000000B X08=004FFE20 X08=004FFE20 lw      a4,-24(s0/fp)
PC=00000284 [00100793] X15=00000001 X00=00000000 X01=000002C8 addi    a5,zero,1
PC=0000028C [06E7FC63] X24=00000000 X15=00000001 X14=0000000B bgeu    a5,a4,120
PC=0000028C [FE842703] X14=0000000B X08=004FFE20 X08=004FFE20 lw      a4,-24(s0/fp)
PC=00000290 [FEC42783] X15=00000000 X08=004FFE20 X12=0000000B lw      a5,-20(s0/fp)
PC=00000294 [FFF00513] X10=FFFFFFFF X00=00000000 X31=00000000 addi    a0,zero,-1
PC=00000298 [FFF00593] X11=FFFFFFFF X00=00000000 X31=00000000 addi    a1,zero,-1
PC=0000029C [00A70633] X12=0000000A X14=0000000B X10=FFFFFFFF add     a2,a4,a0
PC=000002A0 [00060813] X16=0000000A X12=0000000A X00=00000000 addi    a6,a2,0
PC=000002A4 [00E83833] X16=00000001 X16=0000000A X14=0000000B sltu    a6,a6,a4
PC=000002A8 [00B786B3] X13=FFFFFFFF X15=00000000 X11=FFFFFFFF add     a3,a5,a1
PC=000002AC [00D807B3] X15=00000000 X16=00000001 X13=FFFFFFFF add     a5,a6,a3
PC=000002B0 [00078693] X13=00000000 X15=00000000 X00=00000000 addi    a3,a5,0
PC=000002B4 [00060713] X14=0000000A X12=0000000A X00=00000000 addi    a4,a2,0
PC=000002B8 [00068793] X15=00000000 X13=00000000 X00=00000000 addi    a5,a3,0
PC=000002BC [00070513] X10=0000000A X14=0000000A X00=00000000 addi    a0,a4,0
PC=000002C0 [00078593] X11=00000000 X15=00000000 X00=00000000 addi    a1,a5,0
PC=000002C4 [F8DFF0EF] X01=000002C8 X31=00000000 X13=00000000 jal     ra,-116
PC=00000250 [FE010113] X02=004FFDE0 X02=004FFE00 X00=00000000 addi    sp,sp,-32
PC=00000254 [00112E23] X28=00000000 X02=004FFDE0 X01=000002C8 sw      ra,28(sp)
PC=00000258 [00812C23] X24=00000000 X02=004FFDE0 X08=004FFE20 sw      s0/fp,24(sp)
PC=0000025C [01212A23] X20=00000000 X02=004FFDE0 X18=00000000 sw      s2,20(sp)
PC=00000260 [01312823] X16=00000001 X02=004FFDE0 X19=00000000 sw      s3,16(sp)
PC=00000264 [02010413] X08=004FFE00 X02=004FFDE0 X00=00000000 addi    s0/fp,sp,32
PC=00000268 [FEA42423] X08=004FFE00 X08=004FFE00 X10=0000000A sw      a0,-24(s0/fp)
PC=0000026C [FEB42623] X12=0000000A X08=004FFE00 X11=00000000 sw      a1,-20(s0/fp)
PC=00000270 [FEC42783] X15=00000000 X08=004FFE00 X12=0000000A lw      a5,-20(s0/fp)
PC=00000278 [00079C63] X24=00000000 X15=00000000 X00=00000000 bne     a5,zero,24
PC=00000278 [FEC42783] X15=00000000 X08=004FFE00 X12=0000000A lw      a5,-20(s0/fp)
PC=00000280 [08079263] X04=00000000 X15=00000000 X00=00000000 bne     a5,zero,132
PC=00000280 [FE842703] X14=0000000A X08=004FFE00 X08=004FFE00 lw      a4,-24(s0/fp)
PC=00000284 [00100793] X15=00000001 X00=00000000 X01=000002C8 addi    a5,zero,1
PC=0000028C [06E7FC63] X24=00000000 X15=00000001 X14=0000000A bgeu    a5,a4,120
PC=0000028C [FE842703] X14=0000000A X08=004FFE00 X08=004FFE00 lw      a4,-24(s0/fp)
PC=00000290 [FEC42783] X15=00000000 X08=004FFE00 X12=0000000A lw      a5,-20(s0/fp)
PC=00000294 [FFF00513] X10=FFFFFFFF X00=00000000 X31=00000000 addi    a0,zero,-1
PC=00000298 [FFF00593] X11=FFFFFFFF X00=00000000 X31=00000000 addi    a1,zero,-1
PC=0000029C [00A70633] X12=00000009 X14=0000000A X10=FFFFFFFF add     a2,a4,a0
PC=000002A0 [00060813] X16=00000009 X12=00000009 X00=00000000 addi    a6,a2,0
PC=000002A4 [00E83833] X16=00000001 X16=00000009 X14=0000000A sltu    a6,a6,a4
PC=000002A8 [00B786B3] X13=FFFFFFFF X15=00000000 X11=FFFFFFFF add     a3,a5,a1
PC=000002AC [00D807B3] X15=00000000 X16=00000001 X13=FFFFFFFF add     a5,a6,a3
PC=000002B0 [00078693] X13=00000000 X15=00000000 X00=00000000 addi    a3,a5,0
PC=000002B4 [00060713] X14=00000009 X12=00000009 X00=00000000 addi    a4,a2,0
PC=000002B8 [00068793] X15=00000000 X13=00000000 X00=00000000 addi    a5,a3,0
PC=000002BC [00070513] X10=00000009 X14=00000009 X00=00000000 addi    a0,a4,0
PC=000002C0 [00078593] X11=00000000 X15=00000000 X00=00000000 addi    a1,a5,0
PC=000002C4 [F8DFF0EF] X01=000002C8 X31=00000000 X13=00000000 jal     ra,-116
PC=00000250 [FE010113] X02=004FFDC0 X02=004FFDE0 X00=00000000 addi    sp,sp,-32
PC=00000254 [00112E23] X28=00000000 X02=004FFDC0 X01=000002C8 sw      ra,28(sp)
PC=00000258 [00812C23] X24=00000000 X02=004FFDC0 X08=004FFE00 sw      s0/fp,24(sp)
PC=0000025C [01212A23] X20=00000000 X02=004FFDC0 X18=00000000 sw      s2,20(sp)
PC=00000260 [01312823] X16=00000001 X02=004FFDC0 X19=00000000 sw      s3,16(sp)
PC=00000264 [02010413] X08=004FFDE0 X02=004FFDC0 X00=00000000 addi    s0/fp,sp,32
PC=00000268 [FEA42423] X08=004FFDE0 X08=004FFDE0 X10=00000009 sw      a0,-24(s0/fp)
PC=0000026C [FEB42623] X12=00000009 X08=004FFDE0 X11=00000000 sw      a1,-20(s0/fp)
PC=00000270 [FEC42783] X15=00000000 X08=004FFDE0 X12=00000009 lw      a5,-20(s0/fp)
PC=00000278 [00079C63] X24=00000000 X15=00000000 X00=00000000 bne     a5,zero,24
PC=00000278 [FEC42783] X15=00000000 X08=004FFDE0 X12=00000009 lw      a5,-20(s0/fp)
PC=00000280 [08079263] X04=00000000 X15=00000000 X00=00000000 bne     a5,zero,132
PC=00000280 [FE842703] X14=00000009 X08=004FFDE0 X08=004FFDE0 lw      a4,-24(s0/fp)
PC=00000284 [00100793] X15=00000001 X00=00000000 X01=000002C8 addi    a5,zero,1
PC=0000028C [06E7FC63] X24=00000000 X15=00000001 X14=00000009 bgeu    a5,a4,120
PC=0000028C [FE842703] X14=00000009 X08=004FFDE0 X08=004FFDE0 lw      a4,-24(s0/fp)
PC=00000290 [FEC42783] X15=00000000 X08=004FFDE0 X12=00000009 lw      a5,-20(s0/fp)
PC=00000294 [FFF00513] X10=FFFFFFFF X00=00000000 X31=00000000 addi    a0,zero,-1
PC=00000298 [FFF00593] X11=FFFFFFFF X00=00000000 X31=00000000 addi    a1,zero,-1
PC=0000029C [00A70633] X12=00000008 X14=00000009 X10=FFFFFFFF add     a2,a4,a0
PC=000002A0 [00060813] X16=00000008 X12=00000008 X00=00000000 addi    a6,a2,0
PC=000002A4 [00E83833] X16=00000001 X16=00000008 X14=00000009 sltu    a6,a6,a4
PC=000002A8 [00B786B3] X13=FFFFFFFF X15=00000000 X11=FFFFFFFF add     a3,a5,a1
PC=000002AC [00D807B3] X15=00000000 X16=00000001 X13=FFFFFFFF add     a5,a6,a3
PC=000002B0 [00078693] X13=00000000 X15=00000000 X00=00000000 addi    a3,a5,0
PC=000002B4 [00060713] X14=00000008 X12=00000008 X00=00000000 addi    a4,a2,0
PC=000002B8 [00068793] X15=00000000 X13=00000000 X00=00000000 addi    a5,a3,0
PC=000002BC [00070513] X10=00000008 X14=00000008 X00=00000000 addi    a0,a4,0
PC=000002C0 [00078593] X11=00000000 X15=00000000 X00=00000000 addi    a1,a5,0
PC=000002C4 [F8DFF0EF] X01=000002C8 X31=00000000 X13=00000000 jal     ra,-116
PC=00000250 [FE010113] X02=004FFDA0 X02=004FFDC0 X00=00000000 addi    sp,sp,-32
PC=00000254 [00112E23] X28=00000000 X02=004FFDA0 X01=000002C8 sw      ra,28(sp)
PC=00000258 [00812C23] X24=00000000 X02=004FFDA0 X08=004FFDE0 sw      s0/fp,24(sp)
PC=0000025C [01212A23] X20=00000000 X02=004FFDA0 X18=00000000 sw      s2,20(sp)
PC=00000260 [01312823] X16=00000001 X02=004FFDA0 X19=00000000 sw      s3,16(sp)
PC=00000264 [02010413] X08=004FFDC0 X02=004FFDA0 X00=00000000 addi    s0/fp,sp,32
PC=00000268 [FEA42423] X08=004FFDC0 X08=004FFDC0 X10=00000008 sw      a0,-24(s0/fp)
PC=0000026C [FEB42623] X12=00000008 X08=004FFDC0 X11=00000000 sw      a1,-20(s0/fp)
PC=00000270 [FEC42783] X15=00000000 X08=004FFDC0 X12=00000008 lw      a5,-20(s0/fp)
PC=00000278 [00079C63] X24=00000000 X15=00000000 X00=00000000 bne     a5,zero,24
PC=00000278 [FEC42783] X15=00000000 X08=004FFDC0 X12=00000008 lw      a5,-20(s0/fp)
PC=00000280 [08079263] X04=00000000 X15=00000000 X00=00000000 bne     a5,zero,132
PC=00000280 [FE842703] X14=00000008 X08=004FFDC0 X08=004FFDC0 lw      a4,-24(s0/fp)
PC=00000284 [00100793] X15=00000001 X00=00000000 X01=000002C8 addi    a5,zero,1
PC=0000028C [06E7FC63] X24=00000000 X15=00000001 X14=00000008 bgeu    a5,a4,120
PC=0000028C [FE842703] X14=00000008 X08=004FFDC0 X08=004FFDC0 lw      a4,-24(s0/fp)
PC=00000290 [FEC42783] X15=00000000 X08=004FFDC0 X12=00000008 lw      a5,-20(s0/fp)
PC=00000294 [FFF00513] X10=FFFFFFFF X00=00000000 X31=00000000 addi    a0,zero,-1
PC=00000298 [FFF00593] X11=FFFFFFFF X00=00000000 X31=00000000 addi    a1,zero,-1
PC=0000029C [00A70633] X12=00000007 X14=00000008 X10=FFFFFFFF add     a2,a4,a0
PC=000002A0 [00060813] X16=00000007 X12=00000007 X00=00000000 addi    a6,a2,0
PC=000002A4 [00E83833] X16=00000001 X16=00000007 X14=00000008 sltu    a6,a6,a4
PC=000002A8 [00B786B3] X13=FFFFFFFF X15=00000000 X11=FFFFFFFF add     a3,a5,a1
PC=000002AC [00D807B3] X15=00000000 X16=00000001 X13=FFFFFFFF add     a5,a6,a3
PC=000002B0 [00078693] X13=00000000 X15=00000000 X00=00000000 addi    a3,a5,0
PC=000002B4 [00060713] X14=00000007 X12=00000007 X00=00000000 addi    a4,a2,0
PC=000002B8 [00068793] X15=00000000 X13=00000000 X00=00000000 addi    a5,a3,0
PC=000002BC [00070513] X10=00000007 X14=00000007 X00=00000000 addi    a0,a4,0
PC=000002C0 [00078593] X11=00000000 X15=00000000 X00=00000000 addi    a1,a5,0
PC=000002C4 [F8DFF0EF] X01=000002C8 X31=00000000 X13=00000000 jal     ra,-116
PC=00000250 [FE010113] X02=004FFD80 X02=004FFDA0 X00=00000000 addi    sp,sp,-32
PC=00000254 [00112E23] X28=00000000 X02=004FFD80 X01=000002C8 sw      ra,28(sp)
PC=00000258 [00812C23] X24=00000000 X02=004FFD80 X08=004FFDC0 sw      s0/fp,24(sp)
PC=0000025C [01212A23] X20=00000000 X02=004FFD80 X18=00000000 sw      s2,20(sp)
PC=00000260 [01312823] X16=00000001 X02=004FFD80 X19=00000000 sw      s3,16(sp)
PC=00000264 [02010413] X08=004FFDA0 X02=004FFD80 X00=00000000 addi    s0/fp,sp,32
PC=00000268 [FEA42423] X08=004FFDA0 X08=004FFDA0 X10=00000007 sw      a0,-24(s0/fp)
PC=0000026C [FEB42623] X12=00000007 X08=004FFDA0 X11=00000000 sw      a1,-20(s0/fp)
PC=00000270 [FEC42783] X15=00000000 X08=004FFDA0 X12=00000007 lw      a5,-20(s0/fp)
PC=00000278 [00079C63] X24=00000000 X15=00000000 X00=00000000 bne     a5,zero,24
PC=00000278 [FEC42783] X15=00000000 X08=004FFDA0 X12=00000007 lw      a5,-20(s0/fp)
PC=00000280 [08079263] X04=00000000 X15=00000000 X00=00000000 bne     a5,zero,132
PC=00000280 [FE842703] X14=00000007 X08=004FFDA0 X08=004FFDA0 lw      a4,-24(s0/fp)
PC=00000284 [00100793] X15=00000001 X00=00000000 X01=000002C8 addi    a5,zero,1
PC=0000028C [06E7FC63] X24=00000000 X15=00000001 X14=00000007 bgeu    a5,a4,120
PC=0000028C [FE842703] X14=00000007 X08=004FFDA0 X08=004FFDA0 lw      a4,-24(s0/fp)
PC=00000290 [FEC42783] X15=00000000 X08=004FFDA0 X12=00000007 lw      a5,-20(s0/fp)
PC=00000294 [FFF00513] X10=FFFFFFFF X00=00000000 X31=00000000 addi    a0,zero,-1
PC=00000298 [FFF00593] X11=FFFFFFFF X00=00000000 X31=00000000 addi    a1,zero,-1
PC=0000029C [00A70633] X12=00000006 X14=00000007 X10=FFFFFFFF add     a2,a4,a0
PC=000002A0 [00060813] X16=00000006 X12=00000006 X00=00000000 addi    a6,a2,0
PC=000002A4 [00E83833] X16=00000001 X16=00000006 X14=00000007 sltu    a6,a6,a4
PC=000002A8 [00B786B3] X13=FFFFFFFF X15=00000000 X11=FFFFFFFF add     a3,a5,a1
PC=000002AC [00D807B3] X15=00000000 X16=00000001 X13=FFFFFFFF add     a5,a6,a3
PC=000002B0 [00078693] X13=00000000 X15=00000000 X00=00000000 addi    a3,a5,0
PC=000002B4 [00060713] X14=00000006 X12=00000006 X00=00000000 addi    a4,a2,0
PC=000002B8 [00068793] X15=00000000 X13=00000000 X00=00000000 addi    a5,a3,0
PC=000002BC [00070513] X10=00000006 X14=00000006 X00=00000000 addi    a0,a4,0
PC=000002C0 [00078593] X11=00000000 X15=00000000 X00=00000000 addi    a1,a5,0
PC=000002C4 [F8DFF0EF] X01=000002C8 X31=00000000 X13=00000000 jal     ra,-116
PC=00000250 [FE010113] X02=004FFD60 X02=004FFD80 X00=00000000 addi    sp,sp,-32
PC=00000254 [00112E23] X28=00000000 X02=004FFD60 X01=000002C8 sw      ra,28(sp)
PC=00000258 [00812C23] X24=00000000 X02=004FFD60 X08=004FFDA0 sw      s0/fp,24(sp)
PC=0000025C [01212A23] X20=00000000 X02=004FFD60 X18=00000000 sw      s2,20(sp)
PC=00000260 [01312823] X16=00000001 X02=004FFD60 X19=00000000 sw      s3,16(sp)
PC=00000264 [02010413] X08=004FFD80 X02=004FFD60 X00=00000000 addi    s0/fp,sp,32
PC=00000268 [FEA42423] X08=004FFD80 X08=004FFD80 X10=00000006 sw      a0,-24(s0/fp)
PC=0000026C [FEB42623] X12=00000006 X08=004FFD80 X11=00000000 sw      a1,-20(s0/fp)
PC=00000270 [FEC42783] X15=00000000 X08=004FFD80 X12=00000006 lw      a5,-20(s0/fp)
PC=00000278 [00079C63] X24=00000000 X15=00000000 X00=00000000 bne     a5,zero,24
PC=00000278 [FEC42783] X15=00000000 X08=004FFD80 X12=00000006 lw      a5,-20(s0/fp)
PC=00000280 [08079263] X04=00000000 X15=00000000 X00=00000000 bne     a5,zero,132
PC=00000280 [FE842703] X14=00000006 X08=004FFD80 X08=004FFD80 lw      a4,-24(s0/fp)
PC=00000284 [00100793] X15=00000001 X00=00000000 X01=000002C8 addi    a5,zero,1
PC=0000028C [06E7FC63] X24=00000000 X15=00000001 X14=00000006 bgeu    a5,a4,120
PC=0000028C [FE842703] X14=00000006 X08=004FFD80 X08=004FFD80 lw      a4,-24(s0/fp)
PC=00000290 [FEC42783] X15=00000000 X08=004FFD80 X12=00000006 lw      a5,-20(s0/fp)
PC=00000294 [FFF00513] X10=FFFFFFFF X00=00000000 X31=00000000 addi    a0,zero,-1
PC=00000298 [FFF00593] X11=FFFFFFFF X00=00000000 X31=00000000 addi    a1,zero,-1
PC=0000029C [00A70633] X12=00000005 X14=00000006 X10=FFFFFFFF add     a2,a4,a0
PC=000002A0 [00060813] X16=00000005 X12=00000005 X00=00000000 addi    a6,a2,0
PC=000002A4 [00E83833] X16=00000001 X16=00000005 X14=00000006 sltu    a6,a6,a4
PC=000002A8 [00B786B3] X13=FFFFFFFF X15=00000000 X11=FFFFFFFF add     a3,a5,a1
PC=000002AC [00D807B3] X15=00000000 X16=00000001 X13=FFFFFFFF add     a5,a6,a3
PC=000002B0 [00078693] X13=00000000 X15=00000000 X00=00000000 addi    a3,a5,0
PC=000002B4 [00060713] X14=00000005 X12=00000005 X00=00000000 addi    a4,a2,0
PC=000002B8 [00068793] X15=00000000 X13=00000000 X00=00000000 addi    a5,a3,0
PC=000002BC [00070513] X10=00000005 X14=00000005 X00=00000000 addi    a0,a4,0
PC=000002C0 [00078593] X11=00000000 X15=00000000 X00=00000000 addi    a1,a5,0
PC=000002C4 [F8DFF0EF] X01=000002C8 X31=00000000 X13=00000000 jal     ra,-116
PC=00000250 [FE010113] X02=004FFD40 X02=004FFD60 X00=00000000 addi    sp,sp,-32
PC=00000254 [00112E23] X28=00000000 X02=004FFD40 X01=000002C8 sw      ra,28(sp)
PC=00000258 [00812C23] X24=00000000 X02=004FFD40 X08=004FFD80 sw      s0/fp,24(sp)
PC=0000025C [01212A23] X20=00000000 X02=004FFD40 X18=00000000 sw      s2,20(sp)
PC=00000260 [01312823] X16=00000001 X02=004FFD40 X19=00000000 sw      s3,16(sp)
PC=00000264 [02010413] X08=004FFD60 X02=004FFD40 X00=00000000 addi    s0/fp,sp,32
PC=00000268 [FEA42423] X08=004FFD60 X08=004FFD60 X10=00000005 sw      a0,-24(s0/fp)
PC=0000026C [FEB42623] X12=00000005 X08=004FFD60 X11=00000000 sw      a1,-20(s0/fp)
PC=00000270 [FEC42783] X15=00000000 X08=004FFD60 X12=00000005 lw      a5,-20(s0/fp)
PC=00000278 [00079C63] X24=00000000 X15=00000000 X00=00000000 bne     a5,zero,24
PC=00000278 [FEC42783] X15=00000000 X08=004FFD60 X12=00000005 lw      a5,-20(s0/fp)
PC=00000280 [08079263] X04=00000000 X15=00000000 X00=00000000 bne     a5,zero,132
PC=00000280 [FE842703] X14=00000005 X08=004FFD60 X08=004FFD60 lw      a4,-24(s0/fp)
PC=00000284 [00100793] X15=00000001 X00=00000000 X01=000002C8 addi    a5,zero,1
PC=0000028C [06E7FC63] X24=00000000 X15=00000001 X14=00000005 bgeu    a5,a4,120
PC=0000028C [FE842703] X14=00000005 X08=004FFD60 X08=004FFD60 lw      a4,-24(s0/fp)
PC=00000290 [FEC42783] X15=00000000 X08=004FFD60 X12=00000005 lw      a5,-20(s0/fp)
PC=00000294 [FFF00513] X10=FFFFFFFF X00=00000000 X31=00000000 addi    a0,zero,-1
PC=00000298 [FFF00593] X11=FFFFFFFF X00=00000000 X31=00000000 addi    a1,zero,-1
PC=0000029C [00A70633] X12=00000004 X14=00000005 X10=FFFFFFFF add     a2,a4,a0
PC=000002A0 [00060813] X16=00000004 X12=00000004 X00=00000000 addi    a6,a2,0
PC=000002A4 [00E83833] X16=00000001 X16=00000004 X14=00000005 sltu    a6,a6,a4
PC=000002A8 [00B786B3] X13=FFFFFFFF X15=00000000 X11=FFFFFFFF add     a3,a5,a1
PC=000002AC [00D807B3] X15=00000000 X16=00000001 X13=FFFFFFFF add     a5,a6,a3
PC=000002B0 [00078693] X13=00000000 X15=00000000 X00=00000000 addi    a3,a5,0
PC=000002B4 [00060713] X14=00000004 X12=00000004 X00=00000000 addi    a4,a2,0
PC=000002B8 [00068793] X15=00000000 X13=00000000 X00=00000000 addi    a5,a3,0
PC=000002BC [00070513] X10=00000004 X14=00000004 X00=00000000 addi    a0,a4,0
PC=000002C0 [00078593] X11=00000000 X15=00000000 X00=00000000 addi    a1,a5,0
PC=000002C4 [F8DFF0EF] X01=000002C8 X31=00000000 X13=00000000 jal     ra,-116
PC=00000250 [FE010113] X02=004FFD20 X02=004FFD40 X00=00000000 addi    sp,sp,-32
PC=00000254 [00112E23] X28=00000000 X02=004FFD20 X01=000002C8 sw      ra,28(sp)
PC=00000258 [00812C23] X24=00000000 X02=004FFD20 X08=004FFD60 sw      s0/fp,24(sp)
PC=0000025C [01212A23] X20=00000000 X02=004FFD20 X18=00000000 sw      s2,20(sp)
PC=00000260 [01312823] X16=00000001 X02=004FFD20 X19=00000000 sw      s3,16(sp)
PC=00000264 [02010413] X08=004FFD40 X02=004FFD20 X00=00000000 addi    s0/fp,sp,32
PC=00000268 [FEA42423] X08=004FFD40 X08=004FFD40 X10=00000004 sw      a0,-24(s0/fp)
PC=0000026C [FEB42623] X12=00000004 X08=004FFD40 X11=00000000 sw      a1,-20(s0/fp)
PC=00000270 [FEC42783] X15=00000000 X08=004FFD40 X12=00000004 lw      a5,-20(s0/fp)
PC=00000278 [00079C63] X24=00000000 X15=00000000 X00=00000000 bne     a5,zero,24
PC=00000278 [FEC42783] X15=00000000 X08=004FFD40 X12=00000004 lw      a5,-20(s0/fp)
PC=00000280 [08079263] X04=00000000 X15=00000000 X00=00000000 bne     a5,zero,132
PC=00000280 [FE842703] X14=00000004 X08=004FFD40 X08=004FFD40 lw      a4,-24(s0/fp)
PC=00000284 [00100793] X15=00000001 X00=00000000 X01=000002C8 addi    a5,zero,1
PC=0000028C [06E7FC63] X24=00000000 X15=00000001 X14=00000004 bgeu    a5,a4,120
PC=0000028C [FE842703] X14=00000004 X08=004FFD40 X08=004FFD40 lw      a4,-24(s0/fp)
PC=00000290 [FEC42783] X15=00000000 X08=004FFD40 X12=00000004 lw      a5,-20(s0/fp)
PC=00000294 [FFF00513] X10=FFFFFFFF X00=00000000 X31=00000000 addi    a0,zero,-1
PC=00000298 [FFF00593] X11=FFFFFFFF X00=00000000 X31=00000000 addi    a1,zero,-1
PC=0000029C [00A70633] X12=00000003 X14=00000004 X10=FFFFFFFF add     a2,a4,a0
PC=000002A0 [00060813] X16=00000003 X12=00000003 X00=00000000 addi    a6,a2,0
PC=000002A4 [00E83833] X16=00000001 X16=00000003 X14=00000004 sltu    a6,a6,a4
PC=000002A8 [00B786B3] X13=FFFFFFFF X15=00000000 X11=FFFFFFFF add     a3,a5,a1
PC=000002AC [00D807B3] X15=00000000 X16=00000001 X13=FFFFFFFF add     a5,a6,a3
PC=000002B0 [00078693] X13=00000000 X15=00000000 X00=00000000 addi    a3,a5,0
PC=000002B4 [00060713] X14=00000003 X12=00000003 X00=00000000 addi    a4,a2,0
PC=000002B8 [00068793] X15=00000000 X13=00000000 X00=00000000 addi    a5,a3,0
PC=000002BC [00070513] X10=00000003 X14=00000003 X00=00000000 addi    a0,a4,0
PC=000002C0 [00078593] X11=00000000 X15=00000000 X00=00000000 addi    a1,a5,0
PC=000002C4 [F8DFF0EF] X01=000002C8 X31=00000000 X13=00000000 jal     ra,-116
PC=00000250 [FE010113] X02=004FFD00 X02=004FFD20 X00=00000000 addi    sp,sp,-32
PC=00000254 [00112E23] X28=00000000 X02=004FFD00 X01=000002C8 sw      ra,28(sp)
PC=00000258 [00812C23] X24=00000000 X02=004FFD00 X08=004FFD40 sw      s0/fp,24(sp)
PC=0000025C [01212A23] X20=00000000 X02=004FFD00 X18=00000000 sw      s2,20(sp)
PC=00000260 [01312823] X16=00000001 X02=004FFD00 X19=00000000 sw      s3,16(sp)
PC=00000264 [02010413] X08=004FFD20 X02=004FFD00 X00=00000000 addi    s0/fp,sp,32
PC=00000268 [FEA42423] X08=004FFD20 X08=004FFD20 X10=00000003 sw      a0,-24(s0/fp)
PC=0000026C [FEB42623] X12=00000003 X08=004FFD20 X11=00000000 sw      a1,-20(s0/fp)
PC=00000270 [FEC42783] X15=00000000 X08=004FFD20 X12=00000003 lw      a5,-20(s0/fp)
PC=00000278 [00079C63] X24=00000000 X15=00000000 X00=00000000 bne     a5,zero,24
PC=00000278 [FEC42783] X15=00000000 X08=004FFD20 X12=00000003 lw      a5,-20(s0/fp)
PC=00000280 [08079263] X04=00000000 X15=00000000 X00=00000000 bne     a5,zero,132
PC=00000280 [FE842703] X14=00000003 X08=004FFD20 X08=004FFD20 lw      a4,-24(s0/fp)
PC=00000284 [00100793] X15=00000001 X00=00000000 X01=000002C8 addi    a5,zero,1
PC=0000028C [06E7FC63] X24=00000000 X15=00000001 X14=00000003 bgeu    a5,a4,120
PC=0000028C [FE842703] X14=00000003 X08=004FFD20 X08=004FFD20 lw      a4,-24(s0/fp)
PC=00000290 [FEC42783] X15=00000000 X08=004FFD20 X12=00000003 lw      a5,-20(s0/fp)
PC=00000294 [FFF00513] X10=FFFFFFFF X00=00000000 X31=00000000 addi    a0,zero,-1
PC=00000298 [FFF00593] X11=FFFFFFFF X00=00000000 X31=00000000 addi    a1,zero,-1
PC=0000029C [00A70633] X12=00000002 X14=00000003 X10=FFFFFFFF add     a2,a4,a0
PC=000002A0 [00060813] X16=00000002 X12=00000002 X00=00000000 addi    a6,a2,0
PC=000002A4 [00E83833] X16=00000001 X16=00000002 X14=00000003 sltu    a6,a6,a4
PC=000002A8 [00B786B3] X13=FFFFFFFF X15=00000000 X11=FFFFFFFF add     a3,a5,a1
PC=000002AC [00D807B3] X15=00000000 X16=00000001 X13=FFFFFFFF add     a5,a6,a3
PC=000002B0 [00078693] X13=00000000 X15=00000000 X00=00000000 addi    a3,a5,0
PC=000002B4 [00060713] X14=00000002 X12=00000002 X00=00000000 addi    a4,a2,0
PC=000002B8 [00068793] X15=00000000 X13=00000000 X00=00000000 addi    a5,a3,0
PC=000002BC [00070513] X10=00000002 X14=00000002 X00=00000000 addi    a0,a4,0
PC=000002C0 [00078593] X11=00000000 X15=00000000 X00=00000000 addi    a1,a5,0
PC=000002C4 [F8DFF0EF] X01=000002C8 X31=00000000 X13=00000000 jal     ra,-116
PC=00000250 [FE010113] X02=004FFCE0 X02=004FFD00 X00=00000000 addi    sp,sp,-32
PC=00000254 [00112E23] X28=00000000 X02=004FFCE0 X01=000002C8 sw      ra,28(sp)
PC=00000258 [00812C23] X24=00000000 X02=004FFCE0 X08=004FFD20 sw      s0/fp,24(sp)
PC=0000025C [01212A23] X20=00000000 X02=004FFCE0 X18=00000000 sw      s2,20(sp)
PC=00000260 [01312823] X16=00000001 X02=004FFCE0 X19=00000000 sw      s3,16(sp)
PC=00000264 [02010413] X08=004FFD00 X02=004FFCE0 X00=00000000 addi    s0/fp,sp,32
PC=00000268 [FEA42423] X08=004FFD00 X08=004FFD00 X10=00000002 sw      a0,-24(s0/fp)
PC=0000026C [FEB42623] X12=00000002 X08=004FFD00 X11=00000000 sw      a1,-20(s0/fp)
PC=00000270 [FEC42783] X15=00000000 X08=004FFD00 X12=00000002 lw      a5,-20(s0/fp)
PC=00000278 [00079C63] X24=00000000 X15=00000000 X00=00000000 bne     a5,zero,24
PC=00000278 [FEC42783] X15=00000000 X08=004FFD00 X12=00000002 lw      a5,-20(s0/fp)
PC=00000280 [08079263] X04=00000000 X15=00000000 X00=00000000 bne     a5,zero,132
PC=00000280 [FE842703] X14=00000002 X08=004FFD00 X08=004FFD00 lw      a4,-24(s0/fp)
PC=00000284 [00100793] X15=00000001 X00=00000000 X01=000002C8 addi    a5,zero,1
PC=0000028C [06E7FC63] X24=00000000 X15=00000001 X14=00000002 bgeu    a5,a4,120
PC=0000028C [FE842703] X14=00000002 X08=004FFD00 X08=004FFD00 lw      a4,-24(s0/fp)
PC=00000290 [FEC42783] X15=00000000 X08=004FFD00 X12=00000002 lw      a5,-20(s0/fp)
PC=00000294 [FFF00513] X10=FFFFFFFF X00=00000000 X31=00000000 addi    a0,zero,-1
PC=00000298 [FFF00593] X11=FFFFFFFF X00=00000000 X31=00000000 addi    a1,zero,-1
PC=0000029C [00A70633] X12=00000001 X14=00000002 X10=FFFFFFFF add     a2,a4,a0
PC=000002A0 [00060813] X16=00000001 X12=00000001 X00=00000000 addi    a6,a2,0
PC=000002A4 [00E83833] X16=00000001 X16=00000001 X14=00000002 sltu    a6,a6,a4
PC=000002A8 [00B786B3] X13=FFFFFFFF X15=00000000 X11=FFFFFFFF add     a3,a5,a1
PC=000002AC [00D807B3] X15=00000000 X16=00000001 X13=FFFFFFFF add     a5,a6,a3
PC=000002B0 [00078693] X13=00000000 X15=00000000 X00=00000000 addi    a3,a5,0
PC=000002B4 [00060713] X14=00000001 X12=00000001 X00=00000000 addi    a4,a2,0
PC=000002B8 [00068793] X15=00000000 X13=00000000 X00=00000000 addi    a5,a3,0
PC=000002BC [00070513] X10=00000001 X14=00000001 X00=00000000 addi    a0,a4,0
PC=000002C0 [00078593] X11=00000000 X15=00000000 X00=00000000 addi    a1,a5,0
PC=000002C4 [F8DFF0EF] X01=000002C8 X31=00000000 X13=00000000 jal     ra,-116
PC=00000250 [FE010113] X02=004FFCC0 X02=004FFCE0 X00=00000000 addi    sp,sp,-32
PC=00000254 [00112E23] X28=00000000 X02=004FFCC0 X01=000002C8 sw      ra,28(sp)
PC=00000258 [00812C23] X24=00000000 X02=004FFCC0 X08=004FFD00 sw      s0/fp,24(sp)
PC=0000025C [01212A23] X20=00000000 X02=004FFCC0 X18=00000000 sw      s2,20(sp)
PC=00000260 [01312823] X16=00000001 X02=004FFCC0 X19=00000000 sw      s3,16(sp)
PC=00000264 [02010413] X08=004FFCE0 X02=004FFCC0 X00=00000000 addi    s0/fp,sp,32
PC=00000268 [FEA42423] X08=004FFCE0 X08=004FFCE0 X10=00000001 sw      a0,-24(s0/fp)
PC=0000026C [FEB42623] X12=00000001 X08=004FFCE0 X11=00000000 sw      a1,-20(s0/fp)
PC=00000270 [FEC42783] X15=00000000 X08=004FFCE0 X12=00000001 lw      a5,-20(s0/fp)
PC=00000278 [00079C63] X24=00000000 X15=00000000 X00=00000000 bne     a5,zero,24
PC=00000278 [FEC42783] X15=00000000 X08=004FFCE0 X12=00000001 lw      a5,-20(s0/fp)
PC=00000280 [08079263] X04=00000000 X15=00000000 X00=00000000 bne     a5,zero,132
PC=00000280 [FE842703] X14=00000001 X08=004FFCE0 X08=004FFCE0 lw      a4,-24(s0/fp)
PC=00000284 [00100793] X15=00000001 X00=00000000 X01=000002C8 addi    a5,zero,1
PC=00000300 [06E7FC63] X24=00000000 X15=00000001 X14=00000001 bgeu    a5,a4,120
PC=00000300 [00100913] X18=00000001 X00=00000000 X01=000002C8 addi    s2,zero,1
PC=00000304 [00000993] X19=00000000 X00=00000000 X00=00000000 addi    s3,zero,0
PC=00000308 [00090713] X14=00000001 X18=00000001 X00=00000000 addi    a4,s2,0
PC=0000030C [00098793] X15=00000000 X19=00000000 X00=00000000 addi    a5,s3,0
PC=00000310 [00070513] X10=00000001 X14=00000001 X00=00000000 addi    a0,a4,0
PC=00000314 [00078593] X11=00000000 X15=00000000 X00=00000000 addi    a1,a5,0
PC=00000318 [01C12083] X01=000002C8 X02=004FFCC0 X28=00000000 lw      ra,28(sp)
PC=0000031C [01812403] X08=004FFD00 X02=004FFCC0 X24=00000000 lw      s0/fp,24(sp)
PC=00000320 [01412903] X18=00000000 X02=004FFCC0 X20=00000000 lw      s2,20(sp)
PC=00000324 [01012983] X19=00000000 X02=004FFCC0 X16=00000001 lw      s3,16(sp)
PC=00000328 [02010113] X02=004FFCE0 X02=004FFCC0 X00=00000000 addi    sp,sp,32
PC=0000032C [00008067] X00=00000000 X01=000002C8 X00=00000000 jalr    zero,ra,0
PC=000002C8 [00050713] X14=00000001 X10=00000001 X00=00000000 addi    a4,a0,0
PC=000002CC [00058793] X15=00000000 X11=00000000 X00=00000000 addi    a5,a1,0
PC=000002D0 [FE842683] X13=00000002 X08=004FFD00 X08=004FFD00 lw      a3,-24(s0/fp)
PC=000002D4 [02F68633] X12=00000000 X13=00000002 X15=00000000 mul     a2,a3,a5
PC=000002D8 [FEC42683] X13=00000000 X08=004FFD00 X12=00000000 lw      a3,-20(s0/fp)
PC=000002DC [02E686B3] X13=00000000 X13=00000000 X14=00000001 mul     a3,a3,a4
PC=000002E0 [00D60633] X12=00000000 X12=00000000 X13=00000000 add     a2,a2,a3
PC=000002E4 [FE842683] X13=00000002 X08=004FFD00 X08=004FFD00 lw      a3,-24(s0/fp)
PC=000002E8 [02E685B3] X11=00000002 X13=00000002 X14=00000001 mul     a1,a3,a4
PC=000002EC [02E6B9B3] X19=00000002 X13=00000002 X14=00000001 mulhu   s3,a3,a4
PC=000002F0 [00058913] X18=00000002 X11=00000002 X00=00000000 addi    s2,a1,0
PC=000002F4 [013607B3] X15=00000002 X12=00000000 X19=00000002 add     a5,a2,s3
PC=000002F8 [00078993] X19=00000002 X15=00000002 X00=00000000 addi    s3,a5,0
PC=000002FC [00C0006F] X00=00000000 X00=00000000 X12=00000000 jal     zero,12
PC=00000308 [00090713] X14=00000002 X18=00000002 X00=00000000 addi    a4,s2,0
PC=0000030C [00098793] X15=00000002 X19=00000002 X00=00000000 addi    a5,s3,0
PC=00000310 [00070513] X10=00000002 X14=00000002 X00=00000000 addi    a0,a4,0
PC=00000314 [00078593] X11=00000002 X15=00000002 X00=00000000 addi    a1,a5,0
PC=00000318 [01C12083] X01=000002C8 X02=004FFCE0 X28=00000000 lw      ra,28(sp)
PC=0000031C [01812403] X08=004FFD20 X02=004FFCE0 X24=00000000 lw      s0/fp,24(sp)
PC=00000320 [01412903] X18=00000000 X02=004FFCE0 X20=00000000 lw      s2,20(sp)
PC=00000324 [01012983] X19=00000000 X02=004FFCE0 X16=00000001 lw      s3,16(sp)
PC=00000328 [02010113] X02=004FFD00 X02=004FFCE0 X00=00000000 addi    sp,sp,32
PC=0000032C [00008067] X00=00000000 X01=000002C8 X00=00000000 jalr    zero,ra,0
PC=000002C8 [00050713] X14=00000002 X10=00000002 X00=00000000 addi    a4,a0,0
PC=000002CC [00058793] X15=00000002 X11=00000002 X00=00000000 addi    a5,a1,0
PC=000002D0 [FE842683] X13=00000003 X08=004FFD20 X08=004FFD20 lw      a3,-24(s0/fp)
PC=000002D4 [02F68633] X12=00000006 X13=00000003 X15=00000002 mul     a2,a3,a5
PC=000002D8 [FEC42683] X13=00000000 X08=004FFD20 X12=00000006 lw      a3,-20(s0/fp)
PC=000002DC [02E686B3] X13=00000000 X13=00000000 X14=00000002 mul     a3,a3,a4
PC=000002E0 [00D60633] X12=00000006 X12=00000006 X13=00000000 add     a2,a2,a3
PC=000002E4 [FE842683] X13=00000003 X08=004FFD20 X08=004FFD20 lw      a3,-24(s0/fp)
PC=000002E8 [02E685B3] X11=00000006 X13=00000003 X14=00000002 mul     a1,a3,a4
PC=000002EC [02E6B9B3] X19=00000006 X13=00000003 X14=00000002 mulhu   s3,a3,a4
PC=000002F0 [00058913] X18=00000006 X11=00000006 X00=00000000 addi    s2,a1,0
PC=000002F4 [013607B3] X15=0000000C X12=00000006 X19=00000006 add     a5,a2,s3
PC=000002F8 [00078993] X19=0000000C X15=0000000C X00=00000000 addi    s3,a5,0
PC=000002FC [00C0006F] X00=00000000 X00=00000000 X12=00000006 jal     zero,12
PC=00000308 [00090713] X14=00000006 X18=00000006 X00=00000000 addi    a4,s2,0
PC=0000030C [00098793] X15=0000000C X19=0000000C X00=00000000 addi    a5,s3,0
PC=00000310 [00070513] X10=00000006 X14=00000006 X00=00000000 addi    a0,a4,0
PC=00000314 [00078593] X11=0000000C X15=0000000C X00=00000000 addi    a1,a5,0
PC=00000318 [01C12083] X01=000002C8 X02=004FFD00 X28=00000000 lw      ra,28(sp)
PC=0000031C [01812403] X08=004FFD40 X02=004FFD00 X24=00000000 lw      s0/fp,24(sp)
PC=00000320 [01412903] X18=00000000 X02=004FFD00 X20=00000000 lw      s2,20(sp)
PC=00000324 [01012983] X19=00000000 X02=004FFD00 X16=00000001 lw      s3,16(sp)
PC=00000328 [02010113] X02=004FFD20 X02=004FFD00 X00=00000000 addi    sp,sp,32
PC=0000032C [00008067] X00=00000000 X01=000002C8 X00=00000000 jalr    zero,ra,0
PC=000002C8 [00050713] X14=00000006 X10=00000006 X00=00000000 addi    a4,a0,0
PC=000002CC [00058793] X15=0000000C X11=0000000C X00=00000000 addi    a5,a1,0
PC=000002D0 [FE842683] X13=00000004 X08=004FFD40 X08=004FFD40 lw      a3,-24(s0/fp)
PC=000002D4 [02F68633] X12=00000030 X13=00000004 X15=0000000C mul     a2,a3,a5
PC=000002D8 [FEC42683] X13=00000000 X08=004FFD40 X12=00000030 lw      a3,-20(s0/fp)
PC=000002DC [02E686B3] X13=00000000 X13=00000000 X14=00000006 mul     a3,a3,a4
PC=000002E0 [00D60633] X12=00000030 X12=00000030 X13=00000000 add     a2,a2,a3
PC=000002E4 [FE842683] X13=00000004 X08=004FFD40 X08=004FFD40 lw      a3,-24(s0/fp)
PC=000002E8 [02E685B3] X11=00000018 X13=00000004 X14=00000006 mul     a1,a3,a4
PC=000002EC [02E6B9B3] X19=00000018 X13=00000004 X14=00000006 mulhu   s3,a3,a4
PC=000002F0 [00058913] X18=00000018 X11=00000018 X00=00000000 addi    s2,a1,0
PC=000002F4 [013607B3] X15=00000048 X12=00000030 X19=00000018 add     a5,a2,s3
PC=000002F8 [00078993] X19=00000048 X15=00000048 X00=00000000 addi    s3,a5,0
PC=000002FC [00C0006F] X00=00000000 X00=00000000 X12=00000030 jal     zero,12
PC=00000308 [00090713] X14=00000018 X18=00000018 X00=00000000 addi    a4,s2,0
PC=0000030C [00098793] X15=00000048 X19=00000048 X00=00000000 addi    a5,s3,0
PC=00000310 [00070513] X10=00000018 X14=00000018 X00=00000000 addi    a0,a4,0
PC=00000314 [00078593] X11=00000048 X15=00000048 X00=00000000 addi    a1,a5,0
PC=00000318 [01C12083] X01=000002C8 X02=004FFD20 X28=00000000 lw      ra,28(sp)
PC=0000031C [01812403] X08=004FFD60 X02=004FFD20 X24=00000000 lw      s0/fp,24(sp)
PC=00000320 [01412903] X18=00000000 X02=004FFD20 X20=00000000 lw      s2,20(sp)
PC=00000324 [01012983] X19=00000000 X02=004FFD20 X16=00000001 lw      s3,16(sp)
PC=00000328 [02010113] X02=004FFD40 X02=004FFD20 X00=00000000 addi    sp,sp,32
PC=0000032C [00008067] X00=00000000 X01=000002C8 X00=00000000 jalr    zero,ra,0
PC=000002C8 [00050713] X14=00000018 X10=00000018 X00=00000000 addi    a4,a0,0
PC=000002CC [00058793] X15=00000048 X11=00000048 X00=00000000 addi    a5,a1,0
PC=000002D0 [FE842683] X13=00000005 X08=004FFD60 X08=004FFD60 lw      a3,-24(s0/fp)
PC=000002D4 [02F68633] X12=00000168 X13=00000005 X15=00000048 mul     a2,a3,a5
PC=000002D8 [FEC42683] X13=00000000 X08=004FFD60 X12=00000168 lw      a3,-20(s0/fp)
PC=000002DC [02E686B3] X13=00000000 X13=00000000 X14=00000018 mul     a3,a3,a4
PC=000002E0 [00D60633] X12=00000168 X12=00000168 X13=00000000 add     a2,a2,a3
PC=000002E4 [FE842683] X13=00000005 X08=004FFD60 X08=004FFD60 lw      a3,-24(s0/fp)
PC=000002E8 [02E685B3] X11=00000078 X13=00000005 X14=00000018 mul     a1,a3,a4
PC=000002EC [02E6B9B3] X19=00000078 X13=00000005 X14=00000018 mulhu   s3,a3,a4
PC=000002F0 [00058913] X18=00000078 X11=00000078 X00=00000000 addi    s2,a1,0
PC=000002F4 [013607B3] X15=000001E0 X12=00000168 X19=00000078 add     a5,a2,s3
PC=000002F8 [00078993] X19=000001E0 X15=000001E0 X00=00000000 addi    s3,a5,0
PC=000002FC [00C0006F] X00=00000000 X00=00000000 X12=00000168 jal     zero,12
PC=00000308 [00090713] X14=00000078 X18=00000078 X00=00000000 addi    a4,s2,0
PC=0000030C [00098793] X15=000001E0 X19=000001E0 X00=00000000 addi    a5,s3,0
PC=00000310 [00070513] X10=00000078 X14=00000078 X00=00000000 addi    a0,a4,0
PC=00000314 [00078593] X11=000001E0 X15=000001E0 X00=00000000 addi    a1,a5,0
PC=00000318 [01C12083] X01=000002C8 X02=004FFD40 X28=00000000 lw      ra,28(sp)
PC=0000031C [01812403] X08=004FFD80 X02=004FFD40 X24=00000000 lw      s0/fp,24(sp)
PC=00000320 [01412903] X18=00000000 X02=004FFD40 X20=00000000 lw      s2,20(sp)
PC=00000324 [01012983] X19=00000000 X02=004FFD40 X16=00000001 lw      s3,16(sp)
PC=00000328 [02010113] X02=004FFD60 X02=004FFD40 X00=00000000 addi    sp,sp,32
PC=0000032C [00008067] X00=00000000 X01=000002C8 X00=00000000 jalr    zero,ra,0
PC=000002C8 [00050713] X14=00000078 X10=00000078 X00=00000000 addi    a4,a0,0
PC=000002CC [00058793] X15=000001E0 X11=000001E0 X00=00000000 addi    a5,a1,0
PC=000002D0 [FE842683] X13=00000006 X08=004FFD80 X08=004FFD80 lw      a3,-24(s0/fp)
PC=000002D4 [02F68633] X12=00000B40 X13=00000006 X15=000001E0 mul     a2,a3,a5
PC=000002D8 [FEC42683] X13=00000000 X08=004FFD80 X12=00000B40 lw      a3,-20(s0/fp)
PC=000002DC [02E686B3] X13=00000000 X13=00000000 X14=00000078 mul     a3,a3,a4
PC=000002E0 [00D60633] X12=00000B40 X12=00000B40 X13=00000000 add     a2,a2,a3
PC=000002E4 [FE842683] X13=00000006 X08=004FFD80 X08=004FFD80 lw      a3,-24(s0/fp)
PC=000002E8 [02E685B3] X11=000002D0 X13=00000006 X14=00000078 mul     a1,a3,a4
PC=000002EC [02E6B9B3] X19=000002D0 X13=00000006 X14=00000078 mulhu   s3,a3,a4
PC=000002F0 [00058913] X18=000002D0 X11=000002D0 X00=00000000 addi    s2,a1,0
PC=000002F4 [013607B3] X15=00000E10 X12=00000B40 X19=000002D0 add     a5,a2,s3
PC=000002F8 [00078993] X19=00000E10 X15=00000E10 X00=00000000 addi    s3,a5,0
PC=000002FC [00C0006F] X00=00000000 X00=00000000 X12=00000B40 jal     zero,12
PC=00000308 [00090713] X14=000002D0 X18=000002D0 X00=00000000 addi    a4,s2,0
PC=0000030C [00098793] X15=00000E10 X19=00000E10 X00=00000000 addi    a5,s3,0
PC=00000310 [00070513] X10=000002D0 X14=000002D0 X00=00000000 addi    a0,a4,0
PC=00000314 [00078593] X11=00000E10 X15=00000E10 X00=00000000 addi    a1,a5,0
PC=00000318 [01C12083] X01=000002C8 X02=004FFD60 X28=00000000 lw      ra,28(sp)
PC=0000031C [01812403] X08=004FFDA0 X02=004FFD60 X24=00000000 lw      s0/fp,24(sp)
PC=00000320 [01412903] X18=00000000 X02=004FFD60 X20=00000000 lw      s2,20(sp)
PC=00000324 [01012983] X19=00000000 X02=004FFD60 X16=00000001 lw      s3,16(sp)
PC=00000328 [02010113] X02=004FFD80 X02=004FFD60 X00=00000000 addi    sp,sp,32
PC=0000032C [00008067] X00=00000000 X01=000002C8 X00=00000000 jalr    zero,ra,0
PC=000002C8 [00050713] X14=000002D0 X10=000002D0 X00=00000000 addi    a4,a0,0
PC=000002CC [00058793] X15=00000E10 X11=00000E10 X00=00000000 addi    a5,a1,0
PC=000002D0 [FE842683] X13=00000007 X08=004FFDA0 X08=004FFDA0 lw      a3,-24(s0/fp)
PC=000002D4 [02F68633] X12=00006270 X13=00000007 X15=00000E10 mul     a2,a3,a5
PC=000002D8 [FEC42683] X13=00000000 X08=004FFDA0 X12=00006270 lw      a3,-20(s0/fp)
PC=000002DC [02E686B3] X13=00000000 X13=00000000 X14=000002D0 mul     a3,a3,a4
PC=000002E0 [00D60633] X12=00006270 X12=00006270 X13=00000000 add     a2,a2,a3
PC=000002E4 [FE842683] X13=00000007 X08=004FFDA0 X08=004FFDA0 lw      a3,-24(s0/fp)
PC=000002E8 [02E685B3] X11=000013B0 X13=00000007 X14=000002D0 mul     a1,a3,a4
PC=000002EC [02E6B9B3] X19=000013B0 X13=00000007 X14=000002D0 mulhu   s3,a3,a4
PC=000002F0 [00058913] X18=000013B0 X11=000013B0 X00=00000000 addi    s2,a1,0
PC=000002F4 [013607B3] X15=00007620 X12=00006270 X19=000013B0 add     a5,a2,s3
PC=000002F8 [00078993] X19=00007620 X15=00007620 X00=00000000 addi    s3,a5,0
PC=000002FC [00C0006F] X00=00000000 X00=00000000 X12=00006270 jal     zero,12
PC=00000308 [00090713] X14=000013B0 X18=000013B0 X00=00000000 addi    a4,s2,0
PC=0000030C [00098793] X15=00007620 X19=00007620 X00=00000000 addi    a5,s3,0
PC=00000310 [00070513] X10=000013B0 X14=000013B0 X00=00000000 addi    a0,a4,0
PC=00000314 [00078593] X11=00007620 X15=00007620 X00=00000000 addi    a1,a5,0
PC=00000318 [01C12083] X01=000002C8 X02=004FFD80 X28=00000000 lw      ra,28(sp)
PC=0000031C [01812403] X08=004FFDC0 X02=004FFD80 X24=00000000 lw      s0/fp,24(sp)
PC=00000320 [01412903] X18=00000000 X02=004FFD80 X20=00000000 lw      s2,20(sp)
PC=00000324 [01012983] X19=00000000 X02=004FFD80 X16=00000001 lw      s3,16(sp)
PC=00000328 [02010113] X02=004FFDA0 X02=004FFD80 X00=00000000 addi    sp,sp,32
PC=0000032C [00008067] X00=00000000 X01=000002C8 X00=00000000 jalr    zero,ra,0
PC=000002C8 [00050713] X14=000013B0 X10=000013B0 X00=00000000 addi    a4,a0,0
PC=000002CC [00058793] X15=00007620 X11=00007620 X00=00000000 addi    a5,a1,0
PC=000002D0 [FE842683] X13=00000008 X08=004FFDC0 X08=004FFDC0 lw      a3,-24(s0/fp)
PC=000002D4 [02F68633] X12=0003B100 X13=00000008 X15=00007620 mul     a2,a3,a5
PC=000002D8 [FEC42683] X13=00000000 X08=004FFDC0 X12=0003B100 lw      a3,-20(s0/fp)
PC=000002DC [02E686B3] X13=00000000 X13=00000000 X14=000013B0 mul     a3,a3,a4
PC=000002E0 [00D60633] X12=0003B100 X12=0003B100 X13=00000000 add     a2,a2,a3
PC=000002E4 [FE842683] X13=00000008 X08=004FFDC0 X08=004FFDC0 lw      a3,-24(s0/fp)
PC=000002E8 [02E685B3] X11=00009D80 X13=00000008 X14=000013B0 mul     a1,a3,a4
PC=000002EC [02E6B9B3] X19=00009D80 X13=00000008 X14=000013B0 mulhu   s3,a3,a4
PC=000002F0 [00058913] X18=00009D80 X11=00009D80 X00=00000000 addi    s2,a1,0
PC=000002F4 [013607B3] X15=00044E80 X12=0003B100 X19=00009D80 add     a5,a2,s3
PC=000002F8 [00078993] X19=00044E80 X15=00044E80 X00=00000000 addi    s3,a5,0
PC=000002FC [00C0006F] X00=00000000 X00=00000000 X12=0003B100 jal     zero,12
PC=00000308 [00090713] X14=00009D80 X18=00009D80 X00=00000000 addi    a4,s2,0
PC=0000030C [00098793] X15=00044E80 X19=00044E80 X00=00000000 addi    a5,s3,0
PC=00000310 [00070513] X10=00009D80 X14=00009D80 X00=00000000 addi    a0,a4,0
PC=00000314 [00078593] X11=00044E80 X15=00044E80 X00=00000000 addi    a1,a5,0
PC=00000318 [01C12083] X01=000002C8 X02=004FFDA0 X28=00000000 lw      ra,28(sp)
PC=0000031C [01812403] X08=004FFDE0 X02=004FFDA0 X24=00000000 lw      s0/fp,24(sp)
PC=00000320 [01412903] X18=00000000 X02=004FFDA0 X20=00000000 lw      s2,20(sp)
PC=00000324 [01012983] X19=00000000 X02=004FFDA0 X16=00000001 lw      s3,16(sp)
PC=00000328 [02010113] X02=004FFDC0 X02=004FFDA0 X00=00000000 addi    sp,sp,32
PC=0000032C [00008067] X00=00000000 X01=000002C8 X00=00000000 jalr    zero,ra,0
PC=000002C8 [00050713] X14=00009D80 X10=00009D80 X00=00000000 addi    a4,a0,0
PC=000002CC [00058793] X15=00044E80 X11=00044E80 X00=00000000 addi    a5,a1,0
PC=000002D0 [FE842683] X13=00000009 X08=004FFDE0 X08=004FFDE0 lw      a3,-24(s0/fp)
PC=000002D4 [02F68633] X12=0026C280 X13=00000009 X15=00044E80 mul     a2,a3,a5
PC=000002D8 [FEC42683] X13=00000000 X08=004FFDE0 X12=0026C280 lw      a3,-20(s0/fp)
PC=000002DC [02E686B3] X13=00000000 X13=00000000 X14=00009D80 mul     a3,a3,a4
PC=000002E0 [00D60633] X12=0026C280 X12=0026C280 X13=00000000 add     a2,a2,a3
PC=000002E4 [FE842683] X13=00000009 X08=004FFDE0 X08=004FFDE0 lw      a3,-24(s0/fp)
PC=000002E8 [02E685B3] X11=00058980 X13=00000009 X14=00009D80 mul     a1,a3,a4
PC=000002EC [02E6B9B3] X19=00058980 X13=00000009 X14=00009D80 mulhu   s3,a3,a4
PC=000002F0 [00058913] X18=00058980 X11=00058980 X00=00000000 addi    s2,a1,0
PC=000002F4 [013607B3] X15=002C4C00 X12=0026C280 X19=00058980 add     a5,a2,s3
PC=000002F8 [00078993] X19=002C4C00 X15=002C4C00 X00=00000000 addi    s3,a5,0
PC=000002FC [00C0006F] X00=00000000 X00=00000000 X12=0026C280 jal     zero,12
PC=00000308 [00090713] X14=00058980 X18=00058980 X00=00000000 addi    a4,s2,0
PC=0000030C [00098793] X15=002C4C00 X19=002C4C00 X00=00000000 addi    a5,s3,0
PC=00000310 [00070513] X10=00058980 X14=00058980 X00=00000000 addi    a0,a4,0
PC=00000314 [00078593] X11=002C4C00 X15=002C4C00 X00=00000000 addi    a1,a5,0
PC=00000318 [01C12083] X01=000002C8 X02=004FFDC0 X28=00000000 lw      ra,28(sp)
PC=0000031C [01812403] X08=004FFE00 X02=004FFDC0 X24=00000000 lw      s0/fp,24(sp)
PC=00000320 [01412903] X18=00000000 X02=004FFDC0 X20=00000000 lw      s2,20(sp)
PC=00000324 [01012983] X19=00000000 X02=004FFDC0 X16=00000001 lw      s3,16(sp)
PC=00000328 [02010113] X02=004FFDE0 X02=004FFDC0 X00=00000000 addi    sp,sp,32
PC=0000032C [00008067] X00=00000000 X01=000002C8 X00=00000000 jalr    zero,ra,0
PC=000002C8 [00050713] X14=00058980 X10=00058980 X00=00000000 addi    a4,a0,0
PC=000002CC [00058793] X15=002C4C00 X11=002C4C00 X00=00000000 addi    a5,a1,0
PC=000002D0 [FE842683] X13=0000000A X08=004FFE00 X08=004FFE00 lw      a3,-24(s0/fp)
PC=000002D4 [02F68633] X12=01BAF800 X13=0000000A X15=002C4C00 mul     a2,a3,a5
PC=000002D8 [FEC42683] X13=00000000 X08=004FFE00 X12=01BAF800 lw      a3,-20(s0/fp)
PC=000002DC [02E686B3] X13=00000000 X13=00000000 X14=00058980 mul     a3,a3,a4
PC=000002E0 [00D60633] X12=01BAF800 X12=01BAF800 X13=00000000 add     a2,a2,a3
PC=000002E4 [FE842683] X13=0000000A X08=004FFE00 X08=004FFE00 lw      a3,-24(s0/fp)
PC=000002E8 [02E685B3] X11=00375F00 X13=0000000A X14=00058980 mul     a1,a3,a4
PC=000002EC [02E6B9B3] X19=00375F00 X13=0000000A X14=00058980 mulhu   s3,a3,a4
PC=000002F0 [00058913] X18=00375F00 X11=00375F00 X00=00000000 addi    s2,a1,0
PC=000002F4 [013607B3] X15=01F25700 X12=01BAF800 X19=00375F00 add     a5,a2,s3
PC=000002F8 [00078993] X19=01F25700 X15=01F25700 X00=00000000 addi    s3,a5,0
PC=000002FC [00C0006F] X00=00000000 X00=00000000 X12=01BAF800 jal     zero,12
PC=00000308 [00090713] X14=00375F00 X18=00375F00 X00=00000000 addi    a4,s2,0
PC=0000030C [00098793] X15=01F25700 X19=01F25700 X00=00000000 addi    a5,s3,0
PC=00000310 [00070513] X10=00375F00 X14=00375F00 X00=00000000 addi    a0,a4,0
PC=00000314 [00078593] X11=01F25700 X15=01F25700 X00=00000000 addi    a1,a5,0
PC=00000318 [01C12083] X01=000002C8 X02=004FFDE0 X28=00000000 lw      ra,28(sp)
PC=0000031C [01812403] X08=004FFE20 X02=004FFDE0 X24=00000000 lw      s0/fp,24(sp)
PC=00000320 [01412903] X18=00000000 X02=004FFDE0 X20=00000000 lw      s2,20(sp)
PC=00000324 [01012983] X19=00000000 X02=004FFDE0 X16=00000001 lw      s3,16(sp)
PC=00000328 [02010113] X02=004FFE00 X02=004FFDE0 X00=00000000 addi    sp,sp,32
PC=0000032C [00008067] X00=00000000 X01=000002C8 X00=00000000 jalr    zero,ra,0
PC=000002C8 [00050713] X14=00375F00 X10=00375F00 X00=00000000 addi    a4,a0,0
PC=000002CC [00058793] X15=01F25700 X11=01F25700 X00=00000000 addi    a5,a1,0
PC=000002D0 [FE842683] X13=0000000B X08=004FFE20 X08=004FFE20 lw      a3,-24(s0/fp)
PC=000002D4 [02F68633] X12=1569BD00 X13=0000000B X15=01F25700 mul     a2,a3,a5
PC=000002D8 [FEC42683] X13=00000000 X08=004FFE20 X12=1569BD00 lw      a3,-20(s0/fp)
PC=000002DC [02E686B3] X13=00000000 X13=00000000 X14=00375F00 mul     a3,a3,a4
PC=000002E0 [00D60633] X12=1569BD00 X12=1569BD00 X13=00000000 add     a2,a2,a3
PC=000002E4 [FE842683] X13=0000000B X08=004FFE20 X08=004FFE20 lw      a3,-24(s0/fp)
PC=000002E8 [02E685B3] X11=02611500 X13=0000000B X14=00375F00 mul     a1,a3,a4
PC=000002EC [02E6B9B3] X19=02611500 X13=0000000B X14=00375F00 mulhu   s3,a3,a4
PC=000002F0 [00058913] X18=02611500 X11=02611500 X00=00000000 addi    s2,a1,0
PC=000002F4 [013607B3] X15=17CAD200 X12=1569BD00 X19=02611500 add     a5,a2,s3
PC=000002F8 [00078993] X19=17CAD200 X15=17CAD200 X00=00000000 addi    s3,a5,0
PC=000002FC [00C0006F] X00=00000000 X00=00000000 X12=1569BD00 jal     zero,12
PC=00000308 [00090713] X14=02611500 X18=02611500 X00=00000000 addi    a4,s2,0
PC=0000030C [00098793] X15=17CAD200 X19=17CAD200 X00=00000000 addi    a5,s3,0
PC=00000310 [00070513] X10=02611500 X14=02611500 X00=00000000 addi    a0,a4,0
PC=00000314 [00078593] X11=17CAD200 X15=17CAD200 X00=00000000 addi    a1,a5,0
PC=00000318 [01C12083] X01=000002C8 X02=004FFE00 X28=00000000 lw      ra,28(sp)
PC=0000031C [01812403] X08=004FFE40 X02=004FFE00 X24=00000000 lw      s0/fp,24(sp)
PC=00000320 [01412903] X18=00000000 X02=004FFE00 X20=00000000 lw      s2,20(sp)
PC=00000324 [01012983] X19=00000000 X02=004FFE00 X16=00000001 lw      s3,16(sp)
PC=00000328 [02010113] X02=004FFE20 X02=004FFE00 X00=00000000 addi    sp,sp,32
PC=0000032C [00008067] X00=00000000 X01=000002C8 X00=00000000 jalr    zero,ra,0
PC=000002C8 [00050713] X14=02611500 X10=02611500 X00=00000000 addi    a4,a0,0
PC=000002CC [00058793] X15=17CAD200 X11=17CAD200 X00=00000000 addi    a5,a1,0
PC=000002D0 [FE842683] X13=0000000C X08=004FFE40 X08=004FFE40 lw      a3,-24(s0/fp)
PC=000002D4 [02F68633] X12=1D81D800 X13=0000000C X15=17CAD200 mul     a2,a3,a5
PC=000002D8 [FEC42683] X13=00000000 X08=004FFE40 X12=1D81D800 lw      a3,-20(s0/fp)
PC=000002DC [02E686B3] X13=00000000 X13=00000000 X14=02611500 mul     a3,a3,a4
PC=000002E0 [00D60633] X12=1D81D800 X12=1D81D800 X13=00000000 add     a2,a2,a3
PC=000002E4 [FE842683] X13=0000000C X08=004FFE40 X08=004FFE40 lw      a3,-24(s0/fp)
PC=000002E8 [02E685B3] X11=1C8CFC00 X13=0000000C X14=02611500 mul     a1,a3,a4
PC=000002EC [02E6B9B3] X19=1C8CFC00 X13=0000000C X14=02611500 mulhu   s3,a3,a4
PC=000002F0 [00058913] X18=1C8CFC00 X11=1C8CFC00 X00=00000000 addi    s2,a1,0
PC=000002F4 [013607B3] X15=3A0ED400 X12=1D81D800 X19=1C8CFC00 add     a5,a2,s3
PC=000002F8 [00078993] X19=3A0ED400 X15=3A0ED400 X00=00000000 addi    s3,a5,0
PC=000002FC [00C0006F] X00=00000000 X00=00000000 X12=1D81D800 jal     zero,12
PC=00000308 [00090713] X14=1C8CFC00 X18=1C8CFC00 X00=00000000 addi    a4,s2,0
PC=0000030C [00098793] X15=3A0ED400 X19=3A0ED400 X00=00000000 addi    a5,s3,0
PC=00000310 [00070513] X10=1C8CFC00 X14=1C8CFC00 X00=00000000 addi    a0,a4,0
PC=00000314 [00078593] X11=3A0ED400 X15=3A0ED400 X00=00000000 addi    a1,a5,0
PC=00000318 [01C12083] X01=000002C8 X02=004FFE20 X28=00000000 lw      ra,28(sp)
PC=0000031C [01812403] X08=004FFE60 X02=004FFE20 X24=00000000 lw      s0/fp,24(sp)
PC=00000320 [01412903] X18=00000000 X02=004FFE20 X20=00000000 lw      s2,20(sp)
PC=00000324 [01012983] X19=00000000 X02=004FFE20 X16=00000001 lw      s3,16(sp)
PC=00000328 [02010113] X02=004FFE40 X02=004FFE20 X00=00000000 addi    sp,sp,32
PC=0000032C [00008067] X00=00000000 X01=000002C8 X00=00000000 jalr    zero,ra,0
PC=000002C8 [00050713] X14=1C8CFC00 X10=1C8CFC00 X00=00000000 addi    a4,a0,0
PC=000002CC [00058793] X15=3A0ED400 X11=3A0ED400 X00=00000000 addi    a5,a1,0
PC=000002D0 [FE842683] X13=0000000D X08=004FFE60 X08=004FFE60 lw      a3,-24(s0/fp)
PC=000002D4 [02F68633] X12=F2C0C400 X13=0000000D X15=3A0ED400 mul     a2,a3,a5
PC=000002D8 [FEC42683] X13=00000000 X08=004FFE60 X12=F2C0C400 lw      a3,-20(s0/fp)
PC=000002DC [02E686B3] X13=00000000 X13=00000000 X14=1C8CFC00 mul     a3,a3,a4
PC=000002E0 [00D60633] X12=F2C0C400 X12=F2C0C400 X13=00000000 add     a2,a2,a3
PC=000002E4 [FE842683] X13=0000000D X08=004FFE60 X08=004FFE60 lw      a3,-24(s0/fp)
PC=000002E8 [02E685B3] X11=7328CC00 X13=0000000D X14=1C8CFC00 mul     a1,a3,a4
PC=000002EC [02E6B9B3] X19=17328CC0 X13=0000000D X14=1C8CFC00 mulhu   s3,a3,a4
PC=000002F0 [00058913] X18=7328CC00 X11=7328CC00 X00=00000000 addi    s2,a1,0
PC=000002F4 [013607B3] X15=09F350C0 X12=F2C0C400 X19=17328CC0 add     a5,a2,s3
PC=000002F8 [00078993] X19=09F350C0 X15=09F350C0 X00=00000000 addi    s3,a5,0
PC=000002FC [00C0006F] X00=00000000 X00=00000000 X12=F2C0C400 jal     zero,12
PC=00000308 [00090713] X14=7328CC00 X18=7328CC00 X00=00000000 addi    a4,s2,0
PC=0000030C [00098793] X15=09F350C0 X19=09F350C0 X00=00000000 addi    a5,s3,0
PC=00000310 [00070513] X10=7328CC00 X14=7328CC00 X00=00000000 addi    a0,a4,0
PC=00000314 [00078593] X11=09F350C0 X15=09F350C0 X00=00000000 addi    a1,a5,0
PC=00000318 [01C12083] X01=000002C8 X02=004FFE40 X28=00000000 lw      ra,28(sp)
PC=0000031C [01812403] X08=004FFE80 X02=004FFE40 X24=00000000 lw      s0/fp,24(sp)
PC=00000320 [01412903] X18=00000000 X02=004FFE40 X20=00000000 lw      s2,20(sp)
PC=00000324 [01012983] X19=00000000 X02=004FFE40 X16=00000001 lw      s3,16(sp)
PC=00000328 [02010113] X02=004FFE60 X02=004FFE40 X00=00000000 addi    sp,sp,32
PC=0000032C [00008067] X00=00000000 X01=000002C8 X00=00000000 jalr    zero,ra,0
PC=000002C8 [00050713] X14=7328CC00 X10=7328CC00 X00=00000000 addi    a4,a0,0
PC=000002CC [00058793] X15=09F350C0 X11=09F350C0 X00=00000000 addi    a5,a1,0
PC=000002D0 [FE842683] X13=0000000E X08=004FFE80 X08=004FFE80 lw      a3,-24(s0/fp)
PC=000002D4 [02F68633] X12=8B4E6A80 X13=0000000E X15=09F350C0 mul     a2,a3,a5
PC=000002D8 [FEC42683] X13=00000000 X08=004FFE80 X12=8B4E6A80 lw      a3,-20(s0/fp)
PC=000002DC [02E686B3] X13=00000000 X13=00000000 X14=7328CC00 mul     a3,a3,a4
PC=000002E0 [00D60633] X12=8B4E6A80 X12=8B4E6A80 X13=00000000 add     a2,a2,a3
PC=000002E4 [FE842683] X13=0000000E X08=004FFE80 X08=004FFE80 lw      a3,-24(s0/fp)
PC=000002E8 [02E685B3] X11=4C3B2800 X13=0000000E X14=7328CC00 mul     a1,a3,a4
PC=000002EC [02E6B9B3] X19=64C3B280 X13=0000000E X14=7328CC00 mulhu   s3,a3,a4
PC=000002F0 [00058913] X18=4C3B2800 X11=4C3B2800 X00=00000000 addi    s2,a1,0
PC=000002F4 [013607B3] X15=F0121D00 X12=8B4E6A80 X19=64C3B280 add     a5,a2,s3
PC=000002F8 [00078993] X19=F0121D00 X15=F0121D00 X00=00000000 addi    s3,a5,0
PC=000002FC [00C0006F] X00=00000000 X00=00000000 X12=8B4E6A80 jal     zero,12
PC=00000308 [00090713] X14=4C3B2800 X18=4C3B2800 X00=00000000 addi    a4,s2,0
PC=0000030C [00098793] X15=F0121D00 X19=F0121D00 X00=00000000 addi    a5,s3,0
PC=00000310 [00070513] X10=4C3B2800 X14=4C3B2800 X00=00000000 addi    a0,a4,0
PC=00000314 [00078593] X11=F0121D00 X15=F0121D00 X00=00000000 addi    a1,a5,0
PC=00000318 [01C12083] X01=000002C8 X02=004FFE60 X28=00000000 lw      ra,28(sp)
PC=0000031C [01812403] X08=004FFEA0 X02=004FFE60 X24=00000000 lw      s0/fp,24(sp)
PC=00000320 [01412903] X18=00000000 X02=004FFE60 X20=00000000 lw      s2,20(sp)
PC=00000324 [01012983] X19=00000000 X02=004FFE60 X16=00000001 lw      s3,16(sp)
PC=00000328 [02010113] X02=004FFE80 X02=004FFE60 X00=00000000 addi    sp,sp,32
PC=0000032C [00008067] X00=00000000 X01=000002C8 X00=00000000 jalr    zero,ra,0
PC=000002C8 [00050713] X14=4C3B2800 X10=4C3B2800 X00=00000000 addi    a4,a0,0
PC=000002CC [00058793] X15=F0121D00 X11=F0121D00 X00=00000000 addi    a5,a1,0
PC=000002D0 [FE842683] X13=0000000F X08=004FFEA0 X08=004FFEA0 lw      a3,-24(s0/fp)
PC=000002D4 [02F68633] X12=110FB300 X13=0000000F X15=F0121D00 mul     a2,a3,a5
PC=000002D8 [FEC42683] X13=00000000 X08=004FFEA0 X12=110FB300 lw      a3,-20(s0/fp)
PC=000002DC [02E686B3] X13=00000000 X13=00000000 X14=4C3B2800 mul     a3,a3,a4
PC=000002E0 [00D60633] X12=110FB300 X12=110FB300 X13=00000000 add     a2,a2,a3
PC=000002E4 [FE842683] X13=0000000F X08=004FFEA0 X08=004FFEA0 lw      a3,-24(s0/fp)
PC=000002E8 [02E685B3] X11=77775800 X13=0000000F X14=4C3B2800 mul     a1,a3,a4
PC=000002EC [02E6B9B3] X19=47777580 X13=0000000F X14=4C3B2800 mulhu   s3,a3,a4
PC=000002F0 [00058913] X18=77775800 X11=77775800 X00=00000000 addi    s2,a1,0
PC=000002F4 [013607B3] X15=58872880 X12=110FB300 X19=47777580 add     a5,a2,s3
PC=000002F8 [00078993] X19=58872880 X15=58872880 X00=00000000 addi    s3,a5,0
PC=000002FC [00C0006F] X00=00000000 X00=00000000 X12=110FB300 jal     zero,12
PC=00000308 [00090713] X14=77775800 X18=77775800 X00=00000000 addi    a4,s2,0
PC=0000030C [00098793] X15=58872880 X19=58872880 X00=00000000 addi    a5,s3,0
PC=00000310 [00070513] X10=77775800 X14=77775800 X00=00000000 addi    a0,a4,0
PC=00000314 [00078593] X11=58872880 X15=58872880 X00=00000000 addi    a1,a5,0
PC=00000318 [01C12083] X01=000002C8 X02=004FFE80 X28=00000000 lw      ra,28(sp)
PC=0000031C [01812403] X08=004FFEC0 X02=004FFE80 X24=00000000 lw      s0/fp,24(sp)
PC=00000320 [01412903] X18=00000000 X02=004FFE80 X20=00000000 lw      s2,20(sp)
PC=00000324 [01012983] X19=00000000 X02=004FFE80 X16=00000001 lw      s3,16(sp)
PC=00000328 [02010113] X02=004FFEA0 X02=004FFE80 X00=00000000 addi    sp,sp,32
PC=0000032C [00008067] X00=00000000 X01=000002C8 X00=00000000 jalr    zero,ra,0
PC=000002C8 [00050713] X14=77775800 X10=77775800 X00=00000000 addi    a4,a0,0
PC=000002CC [00058793] X15=58872880 X11=58872880 X00=00000000 addi    a5,a1,0
PC=000002D0 [FE842683] X13=00000010 X08=004FFEC0 X08=004FFEC0 lw      a3,-24(s0/fp)
PC=000002D4 [02F68633] X12=88728800 X13=00000010 X15=58872880 mul     a2,a3,a5
PC=000002D8 [FEC42683] X13=00000000 X08=004FFEC0 X12=88728800 lw      a3,-20(s0/fp)
PC=000002DC [02E686B3] X13=00000000 X13=00000000 X14=77775800 mul     a3,a3,a4
PC=000002E0 [00D60633] X12=88728800 X12=88728800 X13=00000000 add     a2,a2,a3
PC=000002E4 [FE842683] X13=00000010 X08=004FFEC0 X08=004FFEC0 lw      a3,-24(s0/fp)
PC=000002E8 [02E685B3] X11=77758000 X13=00000010 X14=77775800 mul     a1,a3,a4
PC=000002EC [02E6B9B3] X19=77775800 X13=00000010 X14=77775800 mulhu   s3,a3,a4
PC=000002F0 [00058913] X18=77758000 X11=77758000 X00=00000000 addi    s2,a1,0
PC=000002F4 [013607B3] X15=FFE9E000 X12=88728800 X19=77775800 add     a5,a2,s3
PC=000002F8 [00078993] X19=FFE9E000 X15=FFE9E000 X00=00000000 addi    s3,a5,0
PC=000002FC [00C0006F] X00=00000000 X00=00000000 X12=88728800 jal     zero,12
PC=00000308 [00090713] X14=77758000 X18=77758000 X00=00000000 addi    a4,s2,0
PC=0000030C [00098793] X15=FFE9E000 X19=FFE9E000 X00=00000000 addi    a5,s3,0
PC=00000310 [00070513] X10=77758000 X14=77758000 X00=00000000 addi    a0,a4,0
PC=00000314 [00078593] X11=FFE9E000 X15=FFE9E000 X00=00000000 addi    a1,a5,0
PC=00000318 [01C12083] X01=000002C8 X02=004FFEA0 X28=00000000 lw      ra,28(sp)
PC=0000031C [01812403] X08=004FFEE0 X02=004FFEA0 X24=00000000 lw      s0/fp,24(sp)
PC=00000320 [01412903] X18=00000000 X02=004FFEA0 X20=00000000 lw      s2,20(sp)
PC=00000324 [01012983] X19=00000000 X02=004FFEA0 X16=00000001 lw      s3,16(sp)
PC=00000328 [02010113] X02=004FFEC0 X02=004FFEA0 X00=00000000 addi    sp,sp,32
PC=0000032C [00008067] X00=00000000 X01=000002C8 X00=00000000 jalr    zero,ra,0
PC=000002C8 [00050713] X14=77758000 X10=77758000 X00=00000000 addi    a4,a0,0
PC=000002CC [00058793] X15=FFE9E000 X11=FFE9E000 X00=00000000 addi    a5,a1,0
PC=000002D0 [FE842683] X13=00000011 X08=004FFEE0 X08=004FFEE0 lw      a3,-24(s0/fp)
PC=000002D4 [02F68633] X12=FE87E000 X13=00000011 X15=FFE9E000 mul     a2,a3,a5
PC=000002D8 [FEC42683] X13=00000000 X08=004FFEE0 X12=FE87E000 lw      a3,-20(s0/fp)
PC=000002DC [02E686B3] X13=00000000 X13=00000000 X14=77758000 mul     a3,a3,a4
PC=000002E0 [00D60633] X12=FE87E000 X12=FE87E000 X13=00000000 add     a2,a2,a3
PC=000002E4 [FE842683] X13=00000011 X08=004FFEE0 X08=004FFEE0 lw      a3,-24(s0/fp)
PC=000002E8 [02E685B3] X11=EECD8000 X13=00000011 X14=77758000 mul     a1,a3,a4
PC=000002EC [02E6B9B3] X19=7EECD800 X13=00000011 X14=77758000 mulhu   s3,a3,a4
PC=000002F0 [00058913] X18=EECD8000 X11=EECD8000 X00=00000000 addi    s2,a1,0
PC=000002F4 [013607B3] X15=7D74B800 X12=FE87E000 X19=7EECD800 add     a5,a2,s3
PC=000002F8 [00078993] X19=7D74B800 X15=7D74B800 X00=00000000 addi    s3,a5,0
PC=000002FC [00C0006F] X00=00000000 X00=00000000 X12=FE87E000 jal     zero,12
PC=00000308 [00090713] X14=EECD8000 X18=EECD8000 X00=00000000 addi    a4,s2,0
PC=0000030C [00098793] X15=7D74B800 X19=7D74B800 X00=00000000 addi    a5,s3,0
PC=00000310 [00070513] X10=EECD8000 X14=EECD8000 X00=00000000 addi    a0,a4,0
PC=00000314 [00078593] X11=7D74B800 X15=7D74B800 X00=00000000 addi    a1,a5,0
PC=00000318 [01C12083] X01=000002C8 X02=004FFEC0 X28=00000000 lw      ra,28(sp)
PC=0000031C [01812403] X08=004FFF00 X02=004FFEC0 X24=00000000 lw      s0/fp,24(sp)
PC=00000320 [01412903] X18=00000000 X02=004FFEC0 X20=00000000 lw      s2,20(sp)
PC=00000324 [01012983] X19=00000000 X02=004FFEC0 X16=00000001 lw      s3,16(sp)
PC=00000328 [02010113] X02=004FFEE0 X02=004FFEC0 X00=00000000 addi    sp,sp,32
PC=0000032C [00008067] X00=00000000 X01=000002C8 X00=00000000 jalr    zero,ra,0
PC=000002C8 [00050713] X14=EECD8000 X10=EECD8000 X00=00000000 addi    a4,a0,0
PC=000002CC [00058793] X15=7D74B800 X11=7D74B800 X00=00000000 addi    a5,a1,0
PC=000002D0 [FE842683] X13=00000012 X08=004FFF00 X08=004FFF00 lw      a3,-24(s0/fp)
PC=000002D4 [02F68633] X12=D234F000 X13=00000012 X15=7D74B800 mul     a2,a3,a5
PC=000002D8 [FEC42683] X13=00000000 X08=004FFF00 X12=D234F000 lw      a3,-20(s0/fp)
PC=000002DC [02E686B3] X13=00000000 X13=00000000 X14=EECD8000 mul     a3,a3,a4
PC=000002E0 [00D60633] X12=D234F000 X12=D234F000 X13=00000000 add     a2,a2,a3
PC=000002E4 [FE842683] X13=00000012 X08=004FFF00 X08=004FFF00 lw      a3,-24(s0/fp)
PC=000002E8 [02E685B3] X11=CA730000 X13=00000012 X14=EECD8000 mul     a1,a3,a4
PC=000002EC [02E6B9B3] X19=10CA7300 X13=00000012 X14=EECD8000 mulhu   s3,a3,a4
PC=000002F0 [00058913] X18=CA730000 X11=CA730000 X00=00000000 addi    s2,a1,0
PC=000002F4 [013607B3] X15=E2FF6300 X12=D234F000 X19=10CA7300 add     a5,a2,s3
PC=000002F8 [00078993] X19=E2FF6300 X15=E2FF6300 X00=00000000 addi    s3,a5,0
PC=000002FC [00C0006F] X00=00000000 X00=00000000 X12=D234F000 jal     zero,12
PC=00000308 [00090713] X14=CA730000 X18=CA730000 X00=00000000 addi    a4,s2,0
PC=0000030C [00098793] X15=E2FF6300 X19=E2FF6300 X00=00000000 addi    a5,s3,0
PC=00000310 [00070513] X10=CA730000 X14=CA730000 X00=00000000 addi    a0,a4,0
PC=00000314 [00078593] X11=E2FF6300 X15=E2FF6300 X00=00000000 addi    a1,a5,0
PC=00000318 [01C12083] X01=000002C8 X02=004FFEE0 X28=00000000 lw      ra,28(sp)
PC=0000031C [01812403] X08=004FFF20 X02=004FFEE0 X24=00000000 lw      s0/fp,24(sp)
PC=00000320 [01412903] X18=00000000 X02=004FFEE0 X20=00000000 lw      s2,20(sp)
PC=00000324 [01012983] X19=00000000 X02=004FFEE0 X16=00000001 lw      s3,16(sp)
PC=00000328 [02010113] X02=004FFF00 X02=004FFEE0 X00=00000000 addi    sp,sp,32
PC=0000032C [00008067] X00=00000000 X01=000002C8 X00=00000000 jalr    zero,ra,0
PC=000002C8 [00050713] X14=CA730000 X10=CA730000 X00=00000000 addi    a4,a0,0
PC=000002CC [00058793] X15=E2FF6300 X11=E2FF6300 X00=00000000 addi    a5,a1,0
PC=000002D0 [FE842683] X13=00000013 X08=004FFF20 X08=004FFF20 lw      a3,-24(s0/fp)
PC=000002D4 [02F68633] X12=D8F45900 X13=00000013 X15=E2FF6300 mul     a2,a3,a5
PC=000002D8 [FEC42683] X13=00000000 X08=004FFF20 X12=D8F45900 lw      a3,-20(s0/fp)
PC=000002DC [02E686B3] X13=00000000 X13=00000000 X14=CA730000 mul     a3,a3,a4
PC=000002E0 [00D60633] X12=D8F45900 X12=D8F45900 X13=00000000 add     a2,a2,a3
PC=000002E4 [FE842683] X13=00000013 X08=004FFF20 X08=004FFF20 lw      a3,-24(s0/fp)
PC=000002E8 [02E685B3] X11=06890000 X13=00000013 X14=CA730000 mul     a1,a3,a4
PC=000002EC [02E6B9B3] X19=F0689000 X13=00000013 X14=CA730000 mulhu   s3,a3,a4
PC=000002F0 [00058913] X18=06890000 X11=06890000 X00=00000000 addi    s2,a1,0
PC=000002F4 [013607B3] X15=C95CE900 X12=D8F45900 X19=F0689000 add     a5,a2,s3
PC=000002F8 [00078993] X19=C95CE900 X15=C95CE900 X00=00000000 addi    s3,a5,0
PC=000002FC [00C0006F] X00=00000000 X00=00000000 X12=D8F45900 jal     zero,12
PC=00000308 [00090713] X14=06890000 X18=06890000 X00=00000000 addi    a4,s2,0
PC=0000030C [00098793] X15=C95CE900 X19=C95CE900 X00=00000000 addi    a5,s3,0
PC=00000310 [00070513] X10=06890000 X14=06890000 X00=00000000 addi    a0,a4,0
PC=00000314 [00078593] X11=C95CE900 X15=C95CE900 X00=00000000 addi    a1,a5,0
PC=00000318 [01C12083] X01=000002C8 X02=004FFF00 X28=00000000 lw      ra,28(sp)
PC=0000031C [01812403] X08=004FFF40 X02=004FFF00 X24=00000000 lw      s0/fp,24(sp)
PC=00000320 [01412903] X18=00000000 X02=004FFF00 X20=00000000 lw      s2,20(sp)
PC=00000324 [01012983] X19=00000000 X02=004FFF00 X16=00000001 lw      s3,16(sp)
PC=00000328 [02010113] X02=004FFF20 X02=004FFF00 X00=00000000 addi    sp,sp,32
PC=0000032C [00008067] X00=00000000 X01=000002C8 X00=00000000 jalr    zero,ra,0
PC=000002C8 [00050713] X14=06890000 X10=06890000 X00=00000000 addi    a4,a0,0
PC=000002CC [00058793] X15=C95CE900 X11=C95CE900 X00=00000000 addi    a5,a1,0
PC=000002D0 [FE842683] X13=00000014 X08=004FFF40 X08=004FFF40 lw      a3,-24(s0/fp)
PC=000002D4 [02F68633] X12=BB423400 X13=00000014 X15=C95CE900 mul     a2,a3,a5
PC=000002D8 [FEC42683] X13=00000000 X08=004FFF40 X12=BB423400 lw      a3,-20(s0/fp)
PC=000002DC [02E686B3] X13=00000000 X13=00000000 X14=06890000 mul     a3,a3,a4
PC=000002E0 [00D60633] X12=BB423400 X12=BB423400 X13=00000000 add     a2,a2,a3
PC=000002E4 [FE842683] X13=00000014 X08=004FFF40 X08=004FFF40 lw      a3,-24(s0/fp)
PC=000002E8 [02E685B3] X11=82B40000 X13=00000014 X14=06890000 mul     a1,a3,a4
PC=000002EC [02E6B9B3] X19=82B40000 X13=00000014 X14=06890000 mulhu   s3,a3,a4
PC=000002F0 [00058913] X18=82B40000 X11=82B40000 X00=00000000 addi    s2,a1,0
PC=000002F4 [013607B3] X15=3DF63400 X12=BB423400 X19=82B40000 add     a5,a2,s3
PC=000002F8 [00078993] X19=3DF63400 X15=3DF63400 X00=00000000 addi    s3,a5,0
PC=000002FC [00C0006F] X00=00000000 X00=00000000 X12=BB423400 jal     zero,12
PC=00000308 [00090713] X14=82B40000 X18=82B40000 X00=00000000 addi    a4,s2,0
PC=0000030C [00098793] X15=3DF63400 X19=3DF63400 X00=00000000 addi    a5,s3,0
PC=00000310 [00070513] X10=82B40000 X14=82B40000 X00=00000000 addi    a0,a4,0
PC=00000314 [00078593] X11=3DF63400 X15=3DF63400 X00=00000000 addi    a1,a5,0
PC=00000318 [01C12083] X01=000002C8 X02=004FFF20 X28=00000000 lw      ra,28(sp)
PC=0000031C [01812403] X08=004FFF60 X02=004FFF20 X24=00000000 lw      s0/fp,24(sp)
PC=00000320 [01412903] X18=00000000 X02=004FFF20 X20=00000000 lw      s2,20(sp)
PC=00000324 [01012983] X19=00000000 X02=004FFF20 X16=00000001 lw      s3,16(sp)
PC=00000328 [02010113] X02=004FFF40 X02=004FFF20 X00=00000000 addi    sp,sp,32
PC=0000032C [00008067] X00=00000000 X01=000002C8 X00=00000000 jalr    zero,ra,0
PC=000002C8 [00050713] X14=82B40000 X10=82B40000 X00=00000000 addi    a4,a0,0
PC=000002CC [00058793] X15=3DF63400 X11=3DF63400 X00=00000000 addi    a5,a1,0
PC=000002D0 [FE842683] X13=00000015 X08=004FFF60 X08=004FFF60 lw      a3,-24(s0/fp)
PC=000002D4 [02F68633] X12=15324400 X13=00000015 X15=3DF63400 mul     a2,a3,a5
PC=000002D8 [FEC42683] X13=00000000 X08=004FFF60 X12=15324400 lw      a3,-20(s0/fp)
PC=000002DC [02E686B3] X13=00000000 X13=00000000 X14=82B40000 mul     a3,a3,a4
PC=000002E0 [00D60633] X12=15324400 X12=15324400 X13=00000000 add     a2,a2,a3
PC=000002E4 [FE842683] X13=00000015 X08=004FFF60 X08=004FFF60 lw      a3,-24(s0/fp)
PC=000002E8 [02E685B3] X11=B8C40000 X13=00000015 X14=82B40000 mul     a1,a3,a4
PC=000002EC [02E6B9B3] X19=AB8C4000 X13=00000015 X14=82B40000 mulhu   s3,a3,a4
PC=000002F0 [00058913] X18=B8C40000 X11=B8C40000 X00=00000000 addi    s2,a1,0
PC=000002F4 [013607B3] X15=C0BE8400 X12=15324400 X19=AB8C4000 add     a5,a2,s3
PC=000002F8 [00078993] X19=C0BE8400 X15=C0BE8400 X00=00000000 addi    s3,a5,0
PC=000002FC [00C0006F] X00=00000000 X00=00000000 X12=15324400 jal     zero,12
PC=00000308 [00090713] X14=B8C40000 X18=B8C40000 X00=00000000 addi    a4,s2,0
PC=0000030C [00098793] X15=C0BE8400 X19=C0BE8400 X00=00000000 addi    a5,s3,0
PC=00000310 [00070513] X10=B8C40000 X14=B8C40000 X00=00000000 addi    a0,a4,0
PC=00000314 [00078593] X11=C0BE8400 X15=C0BE8400 X00=00000000 addi    a1,a5,0
PC=00000318 [01C12083] X01=000002C8 X02=004FFF40 X28=00000000 lw      ra,28(sp)
PC=0000031C [01812403] X08=004FFF80 X02=004FFF40 X24=00000000 lw      s0/fp,24(sp)
PC=00000320 [01412903] X18=00000000 X02=004FFF40 X20=00000000 lw      s2,20(sp)
PC=00000324 [01012983] X19=00000000 X02=004FFF40 X16=00000001 lw      s3,16(sp)
PC=00000328 [02010113] X02=004FFF60 X02=004FFF40 X00=00000000 addi    sp,sp,32
PC=0000032C [00008067] X00=00000000 X01=000002C8 X00=00000000 jalr    zero,ra,0
PC=000002C8 [00050713] X14=B8C40000 X10=B8C40000 X00=00000000 addi    a4,a0,0
PC=000002CC [00058793] X15=C0BE8400 X11=C0BE8400 X00=00000000 addi    a5,a1,0
PC=000002D0 [FE842683] X13=00000016 X08=004FFF80 X08=004FFF80 lw      a3,-24(s0/fp)
PC=000002D4 [02F68633] X12=905F5800 X13=00000016 X15=C0BE8400 mul     a2,a3,a5
PC=000002D8 [FEC42683] X13=00000000 X08=004FFF80 X12=905F5800 lw      a3,-20(s0/fp)
PC=000002DC [02E686B3] X13=00000000 X13=00000000 X14=B8C40000 mul     a3,a3,a4
PC=000002E0 [00D60633] X12=905F5800 X12=905F5800 X13=00000000 add     a2,a2,a3
PC=000002E4 [FE842683] X13=00000016 X08=004FFF80 X08=004FFF80 lw      a3,-24(s0/fp)
PC=000002E8 [02E685B3] X11=E0D80000 X13=00000016 X14=B8C40000 mul     a1,a3,a4
PC=000002EC [02E6B9B3] X19=FE0D8000 X13=00000016 X14=B8C40000 mulhu   s3,a3,a4
PC=000002F0 [00058913] X18=E0D80000 X11=E0D80000 X00=00000000 addi    s2,a1,0
PC=000002F4 [013607B3] X15=8E6CD800 X12=905F5800 X19=FE0D8000 add     a5,a2,s3
PC=000002F8 [00078993] X19=8E6CD800 X15=8E6CD800 X00=00000000 addi    s3,a5,0
PC=000002FC [00C0006F] X00=00000000 X00=00000000 X12=905F5800 jal     zero,12
PC=00000308 [00090713] X14=E0D80000 X18=E0D80000 X00=00000000 addi    a4,s2,0
PC=0000030C [00098793] X15=8E6CD800 X19=8E6CD800 X00=00000000 addi    a5,s3,0
PC=00000310 [00070513] X10=E0D80000 X14=E0D80000 X00=00000000 addi    a0,a4,0
PC=00000314 [00078593] X11=8E6CD800 X15=8E6CD800 X00=00000000 addi    a1,a5,0
PC=00000318 [01C12083] X01=000002C8 X02=004FFF60 X28=00000000 lw      ra,28(sp)
PC=0000031C [01812403] X08=004FFFA0 X02=004FFF60 X24=00000000 lw      s0/fp,24(sp)
PC=00000320 [01412903] X18=00000000 X02=004FFF60 X20=00000000 lw      s2,20(sp)
PC=00000324 [01012983] X19=00000000 X02=004FFF60 X16=00000001 lw      s3,16(sp)
PC=00000328 [02010113] X02=004FFF80 X02=004FFF60 X00=00000000 addi    sp,sp,32
PC=0000032C [00008067] X00=00000000 X01=000002C8 X00=00000000 jalr    zero,ra,0
PC=000002C8 [00050713] X14=E0D80000 X10=E0D80000 X00=00000000 addi    a4,a0,0
PC=000002CC [00058793] X15=8E6CD800 X11=8E6CD800 X00=00000000 addi    a5,a1,0
PC=000002D0 [FE842683] X13=00000017 X08=004FFFA0 X08=004FFFA0 lw      a3,-24(s0/fp)
PC=000002D4 [02F68633] X12=CBC76800 X13=00000017 X15=8E6CD800 mul     a2,a3,a5
PC=000002D8 [FEC42683] X13=00000000 X08=004FFFA0 X12=CBC76800 lw      a3,-20(s0/fp)
PC=000002DC [02E686B3] X13=00000000 X13=00000000 X14=E0D80000 mul     a3,a3,a4
PC=000002E0 [00D60633] X12=CBC76800 X12=CBC76800 X13=00000000 add     a2,a2,a3
PC=000002E4 [FE842683] X13=00000017 X08=004FFFA0 X08=004FFFA0 lw      a3,-24(s0/fp)
PC=000002E8 [02E685B3] X11=33680000 X13=00000017 X14=E0D80000 mul     a1,a3,a4
PC=000002EC [02E6B9B3] X19=14336800 X13=00000017 X14=E0D80000 mulhu   s3,a3,a4
PC=000002F0 [00058913] X18=33680000 X11=33680000 X00=00000000 addi    s2,a1,0
PC=000002F4 [013607B3] X15=DFFAD000 X12=CBC76800 X19=14336800 add     a5,a2,s3
PC=000002F8 [00078993] X19=DFFAD000 X15=DFFAD000 X00=00000000 addi    s3,a5,0
PC=000002FC [00C0006F] X00=00000000 X00=00000000 X12=CBC76800 jal     zero,12
PC=00000308 [00090713] X14=33680000 X18=33680000 X00=00000000 addi    a4,s2,0
PC=0000030C [00098793] X15=DFFAD000 X19=DFFAD000 X00=00000000 addi    a5,s3,0
PC=00000310 [00070513] X10=33680000 X14=33680000 X00=00000000 addi    a0,a4,0
PC=00000314 [00078593] X11=DFFAD000 X15=DFFAD000 X00=00000000 addi    a1,a5,0
PC=00000318 [01C12083] X01=000002C8 X02=004FFF80 X28=00000000 lw      ra,28(sp)
PC=0000031C [01812403] X08=004FFFC0 X02=004FFF80 X24=00000000 lw      s0/fp,24(sp)
PC=00000320 [01412903] X18=00000000 X02=004FFF80 X20=00000000 lw      s2,20(sp)
PC=00000324 [01012983] X19=00000000 X02=004FFF80 X16=00000001 lw      s3,16(sp)
PC=00000328 [02010113] X02=004FFFA0 X02=004FFF80 X00=00000000 addi    sp,sp,32
PC=0000032C [00008067] X00=00000000 X01=000002C8 X00=00000000 jalr    zero,ra,0
PC=000002C8 [00050713] X14=33680000 X10=33680000 X00=00000000 addi    a4,a0,0
PC=000002CC [00058793] X15=DFFAD000 X11=DFFAD000 X00=00000000 addi    a5,a1,0
PC=000002D0 [FE842683] X13=00000018 X08=004FFFC0 X08=004FFFC0 lw      a3,-24(s0/fp)
PC=000002D4 [02F68633] X12=FF838000 X13=00000018 X15=DFFAD000 mul     a2,a3,a5
PC=000002D8 [FEC42683] X13=00000000 X08=004FFFC0 X12=FF838000 lw      a3,-20(s0/fp)
PC=000002DC [02E686B3] X13=00000000 X13=00000000 X14=33680000 mul     a3,a3,a4
PC=000002E0 [00D60633] X12=FF838000 X12=FF838000 X13=00000000 add     a2,a2,a3
PC=000002E4 [FE842683] X13=00000018 X08=004FFFC0 X08=004FFFC0 lw      a3,-24(s0/fp)
PC=000002E8 [02E685B3] X11=D1C00000 X13=00000018 X14=33680000 mul     a1,a3,a4
PC=000002EC [02E6B9B3] X19=4D1C0000 X13=00000018 X14=33680000 mulhu   s3,a3,a4
PC=000002F0 [00058913] X18=D1C00000 X11=D1C00000 X00=00000000 addi    s2,a1,0
PC=000002F4 [013607B3] X15=4C9F8000 X12=FF838000 X19=4D1C0000 add     a5,a2,s3
PC=000002F8 [00078993] X19=4C9F8000 X15=4C9F8000 X00=00000000 addi    s3,a5,0
PC=000002FC [00C0006F] X00=00000000 X00=00000000 X12=FF838000 jal     zero,12
PC=00000308 [00090713] X14=D1C00000 X18=D1C00000 X00=00000000 addi    a4,s2,0
PC=0000030C [00098793] X15=4C9F8000 X19=4C9F8000 X00=00000000 addi    a5,s3,0
PC=00000310 [00070513] X10=D1C00000 X14=D1C00000 X00=00000000 addi    a0,a4,0
PC=00000314 [00078593] X11=4C9F8000 X15=4C9F8000 X00=00000000 addi    a1,a5,0
PC=00000318 [01C12083] X01=000002C8 X02=004FFFA0 X28=00000000 lw      ra,28(sp)
PC=0000031C [01812403] X08=004FFFE0 X02=004FFFA0 X24=00000000 lw      s0/fp,24(sp)
PC=00000320 [01412903] X18=00000000 X02=004FFFA0 X20=00000000 lw      s2,20(sp)
PC=00000324 [01012983] X19=00000000 X02=004FFFA0 X16=00000001 lw      s3,16(sp)
PC=00000328 [02010113] X02=004FFFC0 X02=004FFFA0 X00=00000000 addi    sp,sp,32
PC=0000032C [00008067] X00=00000000 X01=000002C8 X00=00000000 jalr    zero,ra,0
PC=000002C8 [00050713] X14=D1C00000 X10=D1C00000 X00=00000000 addi    a4,a0,0
PC=000002CC [00058793] X15=4C9F8000 X11=4C9F8000 X00=00000000 addi    a5,a1,0
PC=000002D0 [FE842683] X13=00000019 X08=004FFFE0 X08=004FFFE0 lw      a3,-24(s0/fp)
PC=000002D4 [02F68633] X12=7B938000 X13=00000019 X15=4C9F8000 mul     a2,a3,a5
PC=000002D8 [FEC42683] X13=00000000 X08=004FFFE0 X12=7B938000 lw      a3,-20(s0/fp)
PC=000002DC [02E686B3] X13=00000000 X13=00000000 X14=D1C00000 mul     a3,a3,a4
PC=000002E0 [00D60633] X12=7B938000 X12=7B938000 X13=00000000 add     a2,a2,a3
PC=000002E4 [FE842683] X13=00000019 X08=004FFFE0 X08=004FFFE0 lw      a3,-24(s0/fp)
PC=000002E8 [02E685B3] X11=7BC00000 X13=00000019 X14=D1C00000 mul     a1,a3,a4
PC=000002EC [02E6B9B3] X19=147BC000 X13=00000019 X14=D1C00000 mulhu   s3,a3,a4
PC=000002F0 [00058913] X18=7BC00000 X11=7BC00000 X00=00000000 addi    s2,a1,0
PC=000002F4 [013607B3] X15=900F4000 X12=7B938000 X19=147BC000 add     a5,a2,s3
PC=000002F8 [00078993] X19=900F4000 X15=900F4000 X00=00000000 addi    s3,a5,0
PC=000002FC [00C0006F] X00=00000000 X00=00000000 X12=7B938000 jal     zero,12
PC=00000308 [00090713] X14=7BC00000 X18=7BC00000 X00=00000000 addi    a4,s2,0
PC=0000030C [00098793] X15=900F4000 X19=900F4000 X00=00000000 addi    a5,s3,0
PC=00000310 [00070513] X10=7BC00000 X14=7BC00000 X00=00000000 addi    a0,a4,0
PC=00000314 [00078593] X11=900F4000 X15=900F4000 X00=00000000 addi    a1,a5,0
PC=00000318 [01C12083] X01=000001EC X02=004FFFC0 X28=00000000 lw      ra,28(sp)
PC=0000031C [01812403] X08=00500000 X02=004FFFC0 X24=00000000 lw      s0/fp,24(sp)
PC=00000320 [01412903] X18=00000000 X02=004FFFC0 X20=00000000 lw      s2,20(sp)
PC=00000324 [01012983] X19=00000000 X02=004FFFC0 X16=00000001 lw      s3,16(sp)
PC=00000328 [02010113] X02=004FFFE0 X02=004FFFC0 X00=00000000 addi    sp,sp,32
PC=0000032C [00008067] X00=00000000 X01=000001EC X00=00000000 jalr    zero,ra,0
PC=000001EC [FEA42423] X08=00500000 X08=00500000 X10=7BC00000 sw      a0,-24(s0/fp)
PC=000001F0 [FEB42623] X12=7B938000 X08=00500000 X11=900F4000 sw      a1,-20(s0/fp)
PC=000001F4 [00000793] X15=00000000 X00=00000000 X00=00000000 addi    a5,zero,0
PC=000001F8 [00000813] X16=00000000 X00=00000000 X00=00000000 addi    a6,zero,0
PC=000001FC [00078913] X18=00000000 X15=00000000 X00=00000000 addi    s2,a5,0
PC=00000200 [00080993] X19=00000000 X16=00000000 X00=00000000 addi    s3,a6,0
PC=00000204 [FEF42423] X08=00500000 X08=00500000 X15=00000000 sw      a5,-24(s0/fp)
PC=00000208 [FF042623] X12=7B938000 X08=00500000 X16=00000000 sw      a6,-20(s0/fp)
PC=0000020C [01900513] X10=00000019 X00=00000000 X25=00000000 addi    a0,zero,25
PC=00000210 [00000593] X11=00000000 X00=00000000 X00=00000000 addi    a1,zero,0
PC=00000214 [11C000EF] X01=00000218 X00=00000000 X28=00000000 jal     ra,284
PC=00000330 [FE010113] X02=004FFFC0 X02=004FFFE0 X00=00000000 addi    sp,sp,-32
PC=00000334 [00112E23] X28=00000000 X02=004FFFC0 X01=00000218 sw      ra,28(sp)
PC=00000338 [00812C23] X24=00000000 X02=004FFFC0 X08=00500000 sw      s0/fp,24(sp)
PC=0000033C [01212A23] X20=00000000 X02=004FFFC0 X18=00000000 sw      s2,20(sp)
PC=00000340 [01312823] X16=00000000 X02=004FFFC0 X19=00000000 sw      s3,16(sp)
PC=00000344 [02010413] X08=004FFFE0 X02=004FFFC0 X00=00000000 addi    s0/fp,sp,32
PC=00000348 [FEA42423] X08=004FFFE0 X08=004FFFE0 X10=00000019 sw      a0,-24(s0/fp)
PC=0000034C [FEB42623] X12=7B938000 X08=004FFFE0 X11=00000000 sw      a1,-20(s0/fp)
PC=00000350 [FEC42783] X15=00000000 X08=004FFFE0 X12=7B938000 lw      a5,-20(s0/fp)
PC=00000358 [00F04C63] X24=00000000 X00=00000000 X15=00000000 blt     zero,a5,24
PC=00000358 [FEC42783] X15=00000000 X08=004FFFE0 X12=7B938000 lw      a5,-20(s0/fp)
PC=00000360 [08079263] X04=00000000 X15=00000000 X00=00000000 bne     a5,zero,132
PC=00000360 [FE842703] X14=00000019 X08=004FFFE0 X08=004FFFE0 lw      a4,-24(s0/fp)
PC=00000364 [00100793] X15=00000001 X00=00000000 X01=00000218 addi    a5,zero,1
PC=0000036C [06E7FC63] X24=00000000 X15=00000001 X14=00000019 bgeu    a5,a4,120
PC=0000036C [FE842703] X14=00000019 X08=004FFFE0 X08=004FFFE0 lw      a4,-24(s0/fp)
PC=00000370 [FEC42783] X15=00000000 X08=004FFFE0 X12=7B938000 lw      a5,-20(s0/fp)
PC=00000374 [FFF00513] X10=FFFFFFFF X00=00000000 X31=00000000 addi    a0,zero,-1
PC=00000378 [FFF00593] X11=FFFFFFFF X00=00000000 X31=00000000 addi    a1,zero,-1
PC=0000037C [00A70633] X12=00000018 X14=00000019 X10=FFFFFFFF add     a2,a4,a0
PC=00000380 [00060813] X16=00000018 X12=00000018 X00=00000000 addi    a6,a2,0
PC=00000384 [00E83833] X16=00000001 X16=00000018 X14=00000019 sltu    a6,a6,a4
PC=00000388 [00B786B3] X13=FFFFFFFF X15=00000000 X11=FFFFFFFF add     a3,a5,a1
PC=0000038C [00D807B3] X15=00000000 X16=00000001 X13=FFFFFFFF add     a5,a6,a3
PC=00000390 [00078693] X13=00000000 X15=00000000 X00=00000000 addi    a3,a5,0
PC=00000394 [00060713] X14=00000018 X12=00000018 X00=00000000 addi    a4,a2,0
PC=00000398 [00068793] X15=00000000 X13=00000000 X00=00000000 addi    a5,a3,0
PC=0000039C [00070513] X10=00000018 X14=00000018 X00=00000000 addi    a0,a4,0
PC=000003A0 [00078593] X11=00000000 X15=00000000 X00=00000000 addi    a1,a5,0
PC=000003A4 [F8DFF0EF] X01=000003A8 X31=00000000 X13=00000000 jal     ra,-116
PC=00000330 [FE010113] X02=004FFFA0 X02=004FFFC0 X00=00000000 addi    sp,sp,-32
PC=00000334 [00112E23] X28=00000000 X02=004FFFA0 X01=000003A8 sw      ra,28(sp)
PC=00000338 [00812C23] X24=00000000 X02=004FFFA0 X08=004FFFE0 sw      s0/fp,24(sp)
PC=0000033C [01212A23] X20=00000000 X02=004FFFA0 X18=00000000 sw      s2,20(sp)
PC=00000340 [01312823] X16=00000001 X02=004FFFA0 X19=00000000 sw      s3,16(sp)
PC=00000344 [02010413] X08=004FFFC0 X02=004FFFA0 X00=00000000 addi    s0/fp,sp,32
PC=00000348 [FEA42423] X08=004FFFC0 X08=004FFFC0 X10=00000018 sw      a0,-24(s0/fp)
PC=0000034C [FEB42623] X12=00000018 X08=004FFFC0 X11=00000000 sw      a1,-20(s0/fp)
PC=00000350 [FEC42783] X15=00000000 X08=004FFFC0 X12=00000018 lw      a5,-20(s0/fp)
PC=00000358 [00F04C63] X24=00000000 X00=00000000 X15=00000000 blt     zero,a5,24
PC=00000358 [FEC42783] X15=00000000 X08=004FFFC0 X12=00000018 lw      a5,-20(s0/fp)
PC=00000360 [08079263] X04=00000000 X15=00000000 X00=00000000 bne     a5,zero,132
PC=00000360 [FE842703] X14=00000018 X08=004FFFC0 X08=004FFFC0 lw      a4,-24(s0/fp)
PC=00000364 [00100793] X15=00000001 X00=00000000 X01=000003A8 addi    a5,zero,1
PC=0000036C [06E7FC63] X24=00000000 X15=00000001 X14=00000018 bgeu    a5,a4,120
PC=0000036C [FE842703] X14=00000018 X08=004FFFC0 X08=004FFFC0 lw      a4,-24(s0/fp)
PC=00000370 [FEC42783] X15=00000000 X08=004FFFC0 X12=00000018 lw      a5,-20(s0/fp)
PC=00000374 [FFF00513] X10=FFFFFFFF X00=00000000 X31=00000000 addi    a0,zero,-1
PC=00000378 [FFF00593] X11=FFFFFFFF X00=00000000 X31=00000000 addi    a1,zero,-1
PC=0000037C [00A70633] X12=00000017 X14=00000018 X10=FFFFFFFF add     a2,a4,a0
PC=00000380 [00060813] X16=00000017 X12=00000017 X00=00000000 addi    a6,a2,0
PC=00000384 [00E83833] X16=00000001 X16=00000017 X14=00000018 sltu    a6,a6,a4
PC=00000388 [00B786B3] X13=FFFFFFFF X15=00000000 X11=FFFFFFFF add     a3,a5,a1
PC=0000038C [00D807B3] X15=00000000 X16=00000001 X13=FFFFFFFF add     a5,a6,a3
PC=00000390 [00078693] X13=00000000 X15=00000000 X00=00000000 addi    a3,a5,0
PC=00000394 [00060713] X14=00000017 X12=00000017 X00=00000000 addi    a4,a2,0
PC=00000398 [00068793] X15=00000000 X13=00000000 X00=00000000 addi    a5,a3,0
PC=0000039C [00070513] X10=00000017 X14=00000017 X00=00000000 addi    a0,a4,0
PC=000003A0 [00078593] X11=00000000 X15=00000000 X00=00000000 addi    a1,a5,0
PC=000003A4 [F8DFF0EF] X01=000003A8 X31=00000000 X13=00000000 jal     ra,-116
PC=00000330 [FE010113] X02=004FFF80 X02=004FFFA0 X00=00000000 addi    sp,sp,-32
PC=00000334 [00112E23] X28=00000000 X02=004FFF80 X01=000003A8 sw      ra,28(sp)
PC=00000338 [00812C23] X24=00000000 X02=004FFF80 X08=004FFFC0 sw      s0/fp,24(sp)
PC=0000033C [01212A23] X20=00000000 X02=004FFF80 X18=00000000 sw      s2,20(sp)
PC=00000340 [01312823] X16=00000001 X02=004FFF80 X19=00000000 sw      s3,16(sp)
PC=00000344 [02010413] X08=004FFFA0 X02=004FFF80 X00=00000000 addi    s0/fp,sp,32
PC=00000348 [FEA42423] X08=004FFFA0 X08=004FFFA0 X10=00000017 sw      a0,-24(s0/fp)
PC=0000034C [FEB42623] X12=00000017 X08=004FFFA0 X11=00000000 sw      a1,-20(s0/fp)
PC=00000350 [FEC42783] X15=00000000 X08=004FFFA0 X12=00000017 lw      a5,-20(s0/fp)
PC=00000358 [00F04C63] X24=00000000 X00=00000000 X15=00000000 blt     zero,a5,24
PC=00000358 [FEC42783] X15=00000000 X08=004FFFA0 X12=00000017 lw      a5,-20(s0/fp)
PC=00000360 [08079263] X04=00000000 X15=00000000 X00=00000000 bne     a5,zero,132
PC=00000360 [FE842703] X14=00000017 X08=004FFFA0 X08=004FFFA0 lw      a4,-24(s0/fp)
PC=00000364 [00100793] X15=00000001 X00=00000000 X01=000003A8 addi    a5,zero,1
PC=0000036C [06E7FC63] X24=00000000 X15=00000001 X14=00000017 bgeu    a5,a4,120
PC=0000036C [FE842703] X14=00000017 X08=004FFFA0 X08=004FFFA0 lw      a4,-24(s0/fp)
PC=00000370 [FEC42783] X15=00000000 X08=004FFFA0 X12=00000017 lw      a5,-20(s0/fp)
PC=00000374 [FFF00513] X10=FFFFFFFF X00=00000000 X31=00000000 addi    a0,zero,-1
PC=00000378 [FFF00593] X11=FFFFFFFF X00=00000000 X31=00000000 addi    a1,zero,-1
PC=0000037C [00A70633] X12=00000016 X14=00000017 X10=FFFFFFFF add     a2,a4,a0
PC=00000380 [00060813] X16=00000016 X12=00000016 X00=00000000 addi    a6,a2,0
PC=00000384 [00E83833] X16=00000001 X16=00000016 X14=00000017 sltu    a6,a6,a4
PC=00000388 [00B786B3] X13=FFFFFFFF X15=00000000 X11=FFFFFFFF add     a3,a5,a1
PC=0000038C [00D807B3] X15=00000000 X16=00000001 X13=FFFFFFFF add     a5,a6,a3
PC=00000390 [00078693] X13=00000000 X15=00000000 X00=00000000 addi    a3,a5,0
PC=00000394 [00060713] X14=00000016 X12=00000016 X00=00000000 addi    a4,a2,0
PC=00000398 [00068793] X15=00000000 X13=00000000 X00=00000000 addi    a5,a3,0
PC=0000039C [00070513] X10=00000016 X14=00000016 X00=00000000 addi    a0,a4,0
PC=000003A0 [00078593] X11=00000000 X15=00000000 X00=00000000 addi    a1,a5,0
PC=000003A4 [F8DFF0EF] X01=000003A8 X31=00000000 X13=00000000 jal     ra,-116
PC=00000330 [FE010113] X02=004FFF60 X02=004FFF80 X00=00000000 addi    sp,sp,-32
PC=00000334 [00112E23] X28=00000000 X02=004FFF60 X01=000003A8 sw      ra,28(sp)
PC=00000338 [00812C23] X24=00000000 X02=004FFF60 X08=004FFFA0 sw      s0/fp,24(sp)
PC=0000033C [01212A23] X20=00000000 X02=004FFF60 X18=00000000 sw      s2,20(sp)
PC=00000340 [01312823] X16=00000001 X02=004FFF60 X19=00000000 sw      s3,16(sp)
PC=00000344 [02010413] X08=004FFF80 X02=004FFF60 X00=00000000 addi    s0/fp,sp,32
PC=00000348 [FEA42423] X08=004FFF80 X08=004FFF80 X10=00000016 sw      a0,-24(s0/fp)
PC=0000034C [FEB42623] X12=00000016 X08=004FFF80 X11=00000000 sw      a1,-20(s0/fp)
PC=00000350 [FEC42783] X15=00000000 X08=004FFF80 X12=00000016 lw      a5,-20(s0/fp)
PC=00000358 [00F04C63] X24=00000000 X00=00000000 X15=00000000 blt     zero,a5,24
PC=00000358 [FEC42783] X15=00000000 X08=004FFF80 X12=00000016 lw      a5,-20(s0/fp)
PC=00000360 [08079263] X04=00000000 X15=00000000 X00=00000000 bne     a5,zero,132
PC=00000360 [FE842703] X14=00000016 X08=004FFF80 X08=004FFF80 lw      a4,-24(s0/fp)
PC=00000364 [00100793] X15=00000001 X00=00000000 X01=000003A8 addi    a5,zero,1
PC=0000036C [06E7FC63] X24=00000000 X15=00000001 X14=00000016 bgeu    a5,a4,120
PC=0000036C [FE842703] X14=00000016 X08=004FFF80 X08=004FFF80 lw      a4,-24(s0/fp)
PC=00000370 [FEC42783] X15=00000000 X08=004FFF80 X12=00000016 lw      a5,-20(s0/fp)
PC=00000374 [FFF00513] X10=FFFFFFFF X00=00000000 X31=00000000 addi    a0,zero,-1
PC=00000378 [FFF00593] X11=FFFFFFFF X00=00000000 X31=00000000 addi    a1,zero,-1
PC=0000037C [00A70633] X12=00000015 X14=00000016 X10=FFFFFFFF add     a2,a4,a0
PC=00000380 [00060813] X16=00000015 X12=00000015 X00=00000000 addi    a6,a2,0
PC=00000384 [00E83833] X16=00000001 X16=00000015 X14=00000016 sltu    a6,a6,a4
PC=00000388 [00B786B3] X13=FFFFFFFF X15=00000000 X11=FFFFFFFF add     a3,a5,a1
PC=0000038C [00D807B3] X15=00000000 X16=00000001 X13=FFFFFFFF add     a5,a6,a3
PC=00000390 [00078693] X13=00000000 X15=00000000 X00=00000000 addi    a3,a5,0
PC=00000394 [00060713] X14=00000015 X12=00000015 X00=00000000 addi    a4,a2,0
PC=00000398 [00068793] X15=00000000 X13=00000000 X00=00000000 addi    a5,a3,0
PC=0000039C [00070513] X10=00000015 X14=00000015 X00=00000000 addi    a0,a4,0
PC=000003A0 [00078593] X11=00000000 X15=00000000 X00=00000000 addi    a1,a5,0
PC=000003A4 [F8DFF0EF] X01=000003A8 X31=00000000 X13=00000000 jal     ra,-116
PC=00000330 [FE010113] X02=004FFF40 X02=004FFF60 X00=00000000 addi    sp,sp,-32
PC=00000334 [00112E23] X28=00000000 X02=004FFF40 X01=000003A8 sw      ra,28(sp)
PC=00000338 [00812C23] X24=00000000 X02=004FFF40 X08=004FFF80 sw      s0/fp,24(sp)
PC=0000033C [01212A23] X20=00000000 X02=004FFF40 X18=00000000 sw      s2,20(sp)
PC=00000340 [01312823] X16=00000001 X02=004FFF40 X19=00000000 sw      s3,16(sp)
PC=00000344 [02010413] X08=004FFF60 X02=004FFF40 X00=00000000 addi    s0/fp,sp,32
PC=00000348 [FEA42423] X08=004FFF60 X08=004FFF60 X10=00000015 sw      a0,-24(s0/fp)
PC=0000034C [FEB42623] X12=00000015 X08=004FFF60 X11=00000000 sw      a1,-20(s0/fp)
PC=00000350 [FEC42783] X15=00000000 X08=004FFF60 X12=00000015 lw      a5,-20(s0/fp)
PC=00000358 [00F04C63] X24=00000000 X00=00000000 X15=00000000 blt     zero,a5,24
PC=00000358 [FEC42783] X15=00000000 X08=004FFF60 X12=00000015 lw      a5,-20(s0/fp)
PC=00000360 [08079263] X04=00000000 X15=00000000 X00=00000000 bne     a5,zero,132
PC=00000360 [FE842703] X14=00000015 X08=004FFF60 X08=004FFF60 lw      a4,-24(s0/fp)
PC=00000364 [00100793] X15=00000001 X00=00000000 X01=000003A8 addi    a5,zero,1
PC=0000036C [06E7FC63] X24=00000000 X15=00000001 X14=00000015 bgeu    a5,a4,120
PC=0000036C [FE842703] X14=00000015 X08=004FFF60 X08=004FFF60 lw      a4,-24(s0/fp)
PC=00000370 [FEC42783] X15=00000000 X08=004FFF60 X12=00000015 lw      a5,-20(s0/fp)
PC=00000374 [FFF00513] X10=FFFFFFFF X00=00000000 X31=00000000 addi    a0,zero,-1
PC=00000378 [FFF00593] X11=FFFFFFFF X00=00000000 X31=00000000 addi    a1,zero,-1
PC=0000037C [00A70633] X12=00000014 X14=00000015 X10=FFFFFFFF add     a2,a4,a0
PC=00000380 [00060813] X16=00000014 X12=00000014 X00=00000000 addi    a6,a2,0
PC=00000384 [00E83833] X16=00000001 X16=00000014 X14=00000015 sltu    a6,a6,a4
PC=00000388 [00B786B3] X13=FFFFFFFF X15=00000000 X11=FFFFFFFF add     a3,a5,a1
PC=0000038C [00D807B3] X15=00000000 X16=00000001 X13=FFFFFFFF add     a5,a6,a3
PC=00000390 [00078693] X13=00000000 X15=00000000 X00=00000000 addi    a3,a5,0
PC=00000394 [00060713] X14=00000014 X12=00000014 X00=00000000 addi    a4,a2,0
PC=00000398 [00068793] X15=00000000 X13=00000000 X00=00000000 addi    a5,a3,0
PC=0000039C [00070513] X10=00000014 X14=00000014 X00=00000000 addi    a0,a4,0
PC=000003A0 [00078593] X11=00000000 X15=00000000 X00=00000000 addi    a1,a5,0
PC=000003A4 [F8DFF0EF] X01=000003A8 X31=00000000 X13=00000000 jal     ra,-116
PC=00000330 [FE010113] X02=004FFF20 X02=004FFF40 X00=00000000 addi    sp,sp,-32
PC=00000334 [00112E23] X28=00000000 X02=004FFF20 X01=000003A8 sw      ra,28(sp)
PC=00000338 [00812C23] X24=00000000 X02=004FFF20 X08=004FFF60 sw      s0/fp,24(sp)
PC=0000033C [01212A23] X20=00000000 X02=004FFF20 X18=00000000 sw      s2,20(sp)
PC=00000340 [01312823] X16=00000001 X02=004FFF20 X19=00000000 sw      s3,16(sp)
PC=00000344 [02010413] X08=004FFF40 X02=004FFF20 X00=00000000 addi    s0/fp,sp,32
PC=00000348 [FEA42423] X08=004FFF40 X08=004FFF40 X10=00000014 sw      a0,-24(s0/fp)
PC=0000034C [FEB42623] X12=00000014 X08=004FFF40 X11=00000000 sw      a1,-20(s0/fp)
PC=00000350 [FEC42783] X15=00000000 X08=004FFF40 X12=00000014 lw      a5,-20(s0/fp)
PC=00000358 [00F04C63] X24=00000000 X00=00000000 X15=00000000 blt     zero,a5,24
PC=00000358 [FEC42783] X15=00000000 X08=004FFF40 X12=00000014 lw      a5,-20(s0/fp)
PC=00000360 [08079263] X04=00000000 X15=00000000 X00=00000000 bne     a5,zero,132
PC=00000360 [FE842703] X14=00000014 X08=004FFF40 X08=004FFF40 lw      a4,-24(s0/fp)
PC=00000364 [00100793] X15=00000001 X00=00000000 X01=000003A8 addi    a5,zero,1
PC=0000036C [06E7FC63] X24=00000000 X15=00000001 X14=00000014 bgeu    a5,a4,120
PC=0000036C [FE842703] X14=00000014 X08=004FFF40 X08=004FFF40 lw      a4,-24(s0/fp)
PC=00000370 [FEC42783] X15=00000000 X08=004FFF40 X12=00000014 lw      a5,-20(s0/fp)
PC=00000374 [FFF00513] X10=FFFFFFFF X00=00000000 X31=00000000 addi    a0,zero,-1
PC=00000378 [FFF00593] X11=FFFFFFFF X00=00000000 X31=00000000 addi    a1,zero,-1
PC=0000037C [00A70633] X12=00000013 X14=00000014 X10=FFFFFFFF add     a2,a4,a0
PC=00000380 [00060813] X16=00000013 X12=00000013 X00=00000000 addi    a6,a2,0
PC=00000384 [00E83833] X16=00000001 X16=00000013 X14=00000014 sltu    a6,a6,a4
PC=00000388 [00B786B3] X13=FFFFFFFF X15=00000000 X11=FFFFFFFF add     a3,a5,a1
PC=0000038C [00D807B3] X15=00000000 X16=00000001 X13=FFFFFFFF add     a5,a6,a3
PC=00000390 [00078693] X13=00000000 X15=00000000 X00=00000000 addi    a3,a5,0
PC=00000394 [00060713] X14=00000013 X12=00000013 X00=00000000 addi    a4,a2,0
PC=00000398 [00068793] X15=00000000 X13=00000000 X00=00000000 addi    a5,a3,0
PC=0000039C [00070513] X10=00000013 X14=00000013 X00=00000000 addi    a0,a4,0
PC=000003A0 [00078593] X11=00000000 X15=00000000 X00=00000000 addi    a1,a5,0
PC=000003A4 [F8DFF0EF] X01=000003A8 X31=00000000 X13=00000000 jal     ra,-116
PC=00000330 [FE010113] X02=004FFF00 X02=004FFF20 X00=00000000 addi    sp,sp,-32
PC=00000334 [00112E23] X28=00000000 X02=004FFF00 X01=000003A8 sw      ra,28(sp)
PC=00000338 [00812C23] X24=00000000 X02=004FFF00 X08=004FFF40 sw      s0/fp,24(sp)
PC=0000033C [01212A23] X20=00000000 X02=004FFF00 X18=00000000 sw      s2,20(sp)
PC=00000340 [01312823] X16=00000001 X02=004FFF00 X19=00000000 sw      s3,16(sp)
PC=00000344 [02010413] X08=004FFF20 X02=004FFF00 X00=00000000 addi    s0/fp,sp,32
PC=00000348 [FEA42423] X08=004FFF20 X08=004FFF20 X10=00000013 sw      a0,-24(s0/fp)
PC=0000034C [FEB42623] X12=00000013 X08=004FFF20 X11=00000000 sw      a1,-20(s0/fp)
PC=00000350 [FEC42783] X15=00000000 X08=004FFF20 X12=00000013 lw      a5,-20(s0/fp)
PC=00000358 [00F04C63] X24=00000000 X00=00000000 X15=00000000 blt     zero,a5,24
PC=00000358 [FEC42783] X15=00000000 X08=004FFF20 X12=00000013 lw      a5,-20(s0/fp)
PC=00000360 [08079263] X04=00000000 X15=00000000 X00=00000000 bne     a5,zero,132
PC=00000360 [FE842703] X14=00000013 X08=004FFF20 X08=004FFF20 lw      a4,-24(s0/fp)
PC=00000364 [00100793] X15=00000001 X00=00000000 X01=000003A8 addi    a5,zero,1
PC=0000036C [06E7FC63] X24=00000000 X15=00000001 X14=00000013 bgeu    a5,a4,120
PC=0000036C [FE842703] X14=00000013 X08=004FFF20 X08=004FFF20 lw      a4,-24(s0/fp)
PC=00000370 [FEC42783] X15=00000000 X08=004FFF20 X12=00000013 lw      a5,-20(s0/fp)
PC=00000374 [FFF00513] X10=FFFFFFFF X00=00000000 X31=00000000 addi    a0,zero,-1
PC=00000378 [FFF00593] X11=FFFFFFFF X00=00000000 X31=00000000 addi    a1,zero,-1
PC=0000037C [00A70633] X12=00000012 X14=00000013 X10=FFFFFFFF add     a2,a4,a0
PC=00000380 [00060813] X16=00000012 X12=00000012 X00=00000000 addi    a6,a2,0
PC=00000384 [00E83833] X16=00000001 X16=00000012 X14=00000013 sltu    a6,a6,a4
PC=00000388 [00B786B3] X13=FFFFFFFF X15=00000000 X11=FFFFFFFF add     a3,a5,a1
PC=0000038C [00D807B3] X15=00000000 X16=00000001 X13=FFFFFFFF add     a5,a6,a3
PC=00000390 [00078693] X13=00000000 X15=00000000 X00=00000000 addi    a3,a5,0
PC=00000394 [00060713] X14=00000012 X12=00000012 X00=00000000 addi    a4,a2,0
PC=00000398 [00068793] X15=00000000 X13=00000000 X00=00000000 addi    a5,a3,0
PC=0000039C [00070513] X10=00000012 X14=00000012 X00=00000000 addi    a0,a4,0
PC=000003A0 [00078593] X11=00000000 X15=00000000 X00=00000000 addi    a1,a5,0
PC=000003A4 [F8DFF0EF] X01=000003A8 X31=00000000 X13=00000000 jal     ra,-116
PC=00000330 [FE010113] X02=004FFEE0 X02=004FFF00 X00=00000000 addi    sp,sp,-32
PC=00000334 [00112E23] X28=00000000 X02=004FFEE0 X01=000003A8 sw      ra,28(sp)
PC=00000338 [00812C23] X24=00000000 X02=004FFEE0 X08=004FFF20 sw      s0/fp,24(sp)
PC=0000033C [01212A23] X20=00000000 X02=004FFEE0 X18=00000000 sw      s2,20(sp)
PC=00000340 [01312823] X16=00000001 X02=004FFEE0 X19=00000000 sw      s3,16(sp)
PC=00000344 [02010413] X08=004FFF00 X02=004FFEE0 X00=00000000 addi    s0/fp,sp,32
PC=00000348 [FEA42423] X08=004FFF00 X08=004FFF00 X10=00000012 sw      a0,-24(s0/fp)
PC=0000034C [FEB42623] X12=00000012 X08=004FFF00 X11=00000000 sw      a1,-20(s0/fp)
PC=00000350 [FEC42783] X15=00000000 X08=004FFF00 X12=00000012 lw      a5,-20(s0/fp)
PC=00000358 [00F04C63] X24=00000000 X00=00000000 X15=00000000 blt     zero,a5,24
PC=00000358 [FEC42783] X15=00000000 X08=004FFF00 X12=00000012 lw      a5,-20(s0/fp)
PC=00000360 [08079263] X04=00000000 X15=00000000 X00=00000000 bne     a5,zero,132
PC=00000360 [FE842703] X14=00000012 X08=004FFF00 X08=004FFF00 lw      a4,-24(s0/fp)
PC=00000364 [00100793] X15=00000001 X00=00000000 X01=000003A8 addi    a5,zero,1
PC=0000036C [06E7FC63] X24=00000000 X15=00000001 X14=00000012 bgeu    a5,a4,120
PC=0000036C [FE842703] X14=00000012 X08=004FFF00 X08=004FFF00 lw      a4,-24(s0/fp)
PC=00000370 [FEC42783] X15=00000000 X08=004FFF00 X12=00000012 lw      a5,-20(s0/fp)
PC=00000374 [FFF00513] X10=FFFFFFFF X00=00000000 X31=00000000 addi    a0,zero,-1
PC=00000378 [FFF00593] X11=FFFFFFFF X00=00000000 X31=00000000 addi    a1,zero,-1
PC=0000037C [00A70633] X12=00000011 X14=00000012 X10=FFFFFFFF add     a2,a4,a0
PC=00000380 [00060813] X16=00000011 X12=00000011 X00=00000000 addi    a6,a2,0
PC=00000384 [00E83833] X16=00000001 X16=00000011 X14=00000012 sltu    a6,a6,a4
PC=00000388 [00B786B3] X13=FFFFFFFF X15=00000000 X11=FFFFFFFF add     a3,a5,a1
PC=0000038C [00D807B3] X15=00000000 X16=00000001 X13=FFFFFFFF add     a5,a6,a3
PC=00000390 [00078693] X13=00000000 X15=00000000 X00=00000000 addi    a3,a5,0
PC=00000394 [00060713] X14=00000011 X12=00000011 X00=00000000 addi    a4,a2,0
PC=00000398 [00068793] X15=00000000 X13=00000000 X00=00000000 addi    a5,a3,0
PC=0000039C [00070513] X10=00000011 X14=00000011 X00=00000000 addi    a0,a4,0
PC=000003A0 [00078593] X11=00000000 X15=00000000 X00=00000000 addi    a1,a5,0
PC=000003A4 [F8DFF0EF] X01=000003A8 X31=00000000 X13=00000000 jal     ra,-116
PC=00000330 [FE010113] X02=004FFEC0 X02=004FFEE0 X00=00000000 addi    sp,sp,-32
PC=00000334 [00112E23] X28=00000000 X02=004FFEC0 X01=000003A8 sw      ra,28(sp)
PC=00000338 [00812C23] X24=00000000 X02=004FFEC0 X08=004FFF00 sw      s0/fp,24(sp)
PC=0000033C [01212A23] X20=00000000 X02=004FFEC0 X18=00000000 sw      s2,20(sp)
PC=00000340 [01312823] X16=00000001 X02=004FFEC0 X19=00000000 sw      s3,16(sp)
PC=00000344 [02010413] X08=004FFEE0 X02=004FFEC0 X00=00000000 addi    s0/fp,sp,32
PC=00000348 [FEA42423] X08=004FFEE0 X08=004FFEE0 X10=00000011 sw      a0,-24(s0/fp)
PC=0000034C [FEB42623] X12=00000011 X08=004FFEE0 X11=00000000 sw      a1,-20(s0/fp)
PC=00000350 [FEC42783] X15=00000000 X08=004FFEE0 X12=00000011 lw      a5,-20(s0/fp)
PC=00000358 [00F04C63] X24=00000000 X00=00000000 X15=00000000 blt     zero,a5,24
PC=00000358 [FEC42783] X15=00000000 X08=004FFEE0 X12=00000011 lw      a5,-20(s0/fp)
PC=00000360 [08079263] X04=00000000 X15=00000000 X00=00000000 bne     a5,zero,132
PC=00000360 [FE842703] X14=00000011 X08=004FFEE0 X08=004FFEE0 lw      a4,-24(s0/fp)
PC=00000364 [00100793] X15=00000001 X00=00000000 X01=000003A8 addi    a5,zero,1
PC=0000036C [06E7FC63] X24=00000000 X15=00000001 X14=00000011 bgeu    a5,a4,120
PC=0000036C [FE842703] X14=00000011 X08=004FFEE0 X08=004FFEE0 lw      a4,-24(s0/fp)
PC=00000370 [FEC42783] X15=00000000 X08=004FFEE0 X12=00000011 lw      a5,-20(s0/fp)
PC=00000374 [FFF00513] X10=FFFFFFFF X00=00000000 X31=00000000 addi    a0,zero,-1
PC=00000378 [FFF00593] X11=FFFFFFFF X00=00000000 X31=00000000 addi    a1,zero,-1
PC=0000037C [00A70633] X12=00000010 X14=00000011 X10=FFFFFFFF add     a2,a4,a0
PC=00000380 [00060813] X16=00000010 X12=00000010 X00=00000000 addi    a6,a2,0
PC=00000384 [00E83833] X16=00000001 X16=00000010 X14=00000011 sltu    a6,a6,a4
PC=00000388 [00B786B3] X13=FFFFFFFF X15=00000000 X11=FFFFFFFF add     a3,a5,a1
PC=0000038C [00D807B3] X15=00000000 X16=00000001 X13=FFFFFFFF add     a5,a6,a3
PC=00000390 [00078693] X13=00000000 X15=00000000 X00=00000000 addi    a3,a5,0
PC=00000394 [00060713] X14=00000010 X12=00000010 X00=00000000 addi    a4,a2,0
PC=00000398 [00068793] X15=00000000 X13=00000000 X00=00000000 addi    a5,a3,0
PC=0000039C [00070513] X10=00000010 X14=00000010 X00=00000000 addi    a0,a4,0
PC=000003A0 [00078593] X11=00000000 X15=00000000 X00=00000000 addi    a1,a5,0
PC=000003A4 [F8DFF0EF] X01=000003A8 X31=00000000 X13=00000000 jal     ra,-116
PC=00000330 [FE010113] X02=004FFEA0 X02=004FFEC0 X00=00000000 addi    sp,sp,-32
PC=00000334 [00112E23] X28=00000000 X02=004FFEA0 X01=000003A8 sw      ra,28(sp)
PC=00000338 [00812C23] X24=00000000 X02=004FFEA0 X08=004FFEE0 sw      s0/fp,24(sp)
PC=0000033C [01212A23] X20=00000000 X02=004FFEA0 X18=00000000 sw      s2,20(sp)
PC=00000340 [01312823] X16=00000001 X02=004FFEA0 X19=00000000 sw      s3,16(sp)
PC=00000344 [02010413] X08=004FFEC0 X02=004FFEA0 X00=00000000 addi    s0/fp,sp,32
PC=00000348 [FEA42423] X08=004FFEC0 X08=004FFEC0 X10=00000010 sw      a0,-24(s0/fp)
PC=0000034C [FEB42623] X12=00000010 X08=004FFEC0 X11=00000000 sw      a1,-20(s0/fp)
PC=00000350 [FEC42783] X15=00000000 X08=004FFEC0 X12=00000010 lw      a5,-20(s0/fp)
PC=00000358 [00F04C63] X24=00000000 X00=00000000 X15=00000000 blt     zero,a5,24
PC=00000358 [FEC42783] X15=00000000 X08=004FFEC0 X12=00000010 lw      a5,-20(s0/fp)
PC=00000360 [08079263] X04=00000000 X15=00000000 X00=00000000 bne     a5,zero,132
PC=00000360 [FE842703] X14=00000010 X08=004FFEC0 X08=004FFEC0 lw      a4,-24(s0/fp)
PC=00000364 [00100793] X15=00000001 X00=00000000 X01=000003A8 addi    a5,zero,1
PC=0000036C [06E7FC63] X24=00000000 X15=00000001 X14=00000010 bgeu    a5,a4,120
PC=0000036C [FE842703] X14=00000010 X08=004FFEC0 X08=004FFEC0 lw      a4,-24(s0/fp)
PC=00000370 [FEC42783] X15=00000000 X08=004FFEC0 X12=00000010 lw      a5,-20(s0/fp)
PC=00000374 [FFF00513] X10=FFFFFFFF X00=00000000 X31=00000000 addi    a0,zero,-1
PC=00000378 [FFF00593] X11=FFFFFFFF X00=00000000 X31=00000000 addi    a1,zero,-1
PC=0000037C [00A70633] X12=0000000F X14=00000010 X10=FFFFFFFF add     a2,a4,a0
PC=00000380 [00060813] X16=0000000F X12=0000000F X00=00000000 addi    a6,a2,0
PC=00000384 [00E83833] X16=00000001 X16=0000000F X14=00000010 sltu    a6,a6,a4
PC=00000388 [00B786B3] X13=FFFFFFFF X15=00000000 X11=FFFFFFFF add     a3,a5,a1
PC=0000038C [00D807B3] X15=00000000 X16=00000001 X13=FFFFFFFF add     a5,a6,a3
PC=00000390 [00078693] X13=00000000 X15=00000000 X00=00000000 addi    a3,a5,0
PC=00000394 [00060713] X14=0000000F X12=0000000F X00=00000000 addi    a4,a2,0
PC=00000398 [00068793] X15=00000000 X13=00000000 X00=00000000 addi    a5,a3,0
PC=0000039C [00070513] X10=0000000F X14=0000000F X00=00000000 addi    a0,a4,0
PC=000003A0 [00078593] X11=00000000 X15=00000000 X00=00000000 addi    a1,a5,0
PC=000003A4 [F8DFF0EF] X01=000003A8 X31=00000000 X13=00000000 jal     ra,-116
PC=00000330 [FE010113] X02=004FFE80 X02=004FFEA0 X00=00000000 addi    sp,sp,-32
PC=00000334 [00112E23] X28=00000000 X02=004FFE80 X01=000003A8 sw      ra,28(sp)
PC=00000338 [00812C23] X24=00000000 X02=004FFE80 X08=004FFEC0 sw      s0/fp,24(sp)
PC=0000033C [01212A23] X20=00000000 X02=004FFE80 X18=00000000 sw      s2,20(sp)
PC=00000340 [01312823] X16=00000001 X02=004FFE80 X19=00000000 sw      s3,16(sp)
PC=00000344 [02010413] X08=004FFEA0 X02=004FFE80 X00=00000000 addi    s0/fp,sp,32
PC=00000348 [FEA42423] X08=004FFEA0 X08=004FFEA0 X10=0000000F sw      a0,-24(s0/fp)
PC=0000034C [FEB42623] X12=0000000F X08=004FFEA0 X11=00000000 sw      a1,-20(s0/fp)
PC=00000350 [FEC42783] X15=00000000 X08=004FFEA0 X12=0000000F lw      a5,-20(s0/fp)
PC=00000358 [00F04C63] X24=00000000 X00=00000000 X15=00000000 blt     zero,a5,24
PC=00000358 [FEC42783] X15=00000000 X08=004FFEA0 X12=0000000F lw      a5,-20(s0/fp)
PC=00000360 [08079263] X04=00000000 X15=00000000 X00=00000000 bne     a5,zero,132
PC=00000360 [FE842703] X14=0000000F X08=004FFEA0 X08=004FFEA0 lw      a4,-24(s0/fp)
PC=00000364 [00100793] X15=00000001 X00=00000000 X01=000003A8 addi    a5,zero,1
PC=0000036C [06E7FC63] X24=00000000 X15=00000001 X14=0000000F bgeu    a5,a4,120
PC=0000036C [FE842703] X14=0000000F X08=004FFEA0 X08=004FFEA0 lw      a4,-24(s0/fp)
PC=00000370 [FEC42783] X15=00000000 X08=004FFEA0 X12=0000000F lw      a5,-20(s0/fp)
PC=00000374 [FFF00513] X10=FFFFFFFF X00=00000000 X31=00000000 addi    a0,zero,-1
PC=00000378 [FFF00593] X11=FFFFFFFF X00=00000000 X31=00000000 addi    a1,zero,-1
PC=0000037C [00A70633] X12=0000000E X14=0000000F X10=FFFFFFFF add     a2,a4,a0
PC=00000380 [00060813] X16=0000000E X12=0000000E X00=00000000 addi    a6,a2,0
PC=00000384 [00E83833] X16=00000001 X16=0000000E X14=0000000F sltu    a6,a6,a4
PC=00000388 [00B786B3] X13=FFFFFFFF X15=00000000 X11=FFFFFFFF add     a3,a5,a1
PC=0000038C [00D807B3] X15=00000000 X16=00000001 X13=FFFFFFFF add     a5,a6,a3
PC=00000390 [00078693] X13=00000000 X15=00000000 X00=00000000 addi    a3,a5,0
PC=00000394 [00060713] X14=0000000E X12=0000000E X00=00000000 addi    a4,a2,0
PC=00000398 [00068793] X15=00000000 X13=00000000 X00=00000000 addi    a5,a3,0
PC=0000039C [00070513] X10=0000000E X14=0000000E X00=00000000 addi    a0,a4,0
PC=000003A0 [00078593] X11=00000000 X15=00000000 X00=00000000 addi    a1,a5,0
PC=000003A4 [F8DFF0EF] X01=000003A8 X31=00000000 X13=00000000 jal     ra,-116
PC=00000330 [FE010113] X02=004FFE60 X02=004FFE80 X00=00000000 addi    sp,sp,-32
PC=00000334 [00112E23] X28=00000000 X02=004FFE60 X01=000003A8 sw      ra,28(sp)
PC=00000338 [00812C23] X24=00000000 X02=004FFE60 X08=004FFEA0 sw      s0/fp,24(sp)
PC=0000033C [01212A23] X20=00000000 X02=004FFE60 X18=00000000 sw      s2,20(sp)
PC=00000340 [01312823] X16=00000001 X02=004FFE60 X19=00000000 sw      s3,16(sp)
PC=00000344 [02010413] X08=004FFE80 X02=004FFE60 X00=00000000 addi    s0/fp,sp,32
PC=00000348 [FEA42423] X08=004FFE80 X08=004FFE80 X10=0000000E sw      a0,-24(s0/fp)
PC=0000034C [FEB42623] X12=0000000E X08=004FFE80 X11=00000000 sw      a1,-20(s0/fp)
PC=00000350 [FEC42783] X15=00000000 X08=004FFE80 X12=0000000E lw      a5,-20(s0/fp)
PC=00000358 [00F04C63] X24=00000000 X00=00000000 X15=00000000 blt     zero,a5,24
PC=00000358 [FEC42783] X15=00000000 X08=004FFE80 X12=0000000E lw      a5,-20(s0/fp)
PC=00000360 [08079263] X04=00000000 X15=00000000 X00=00000000 bne     a5,zero,132
PC=00000360 [FE842703] X14=0000000E X08=004FFE80 X08=004FFE80 lw      a4,-24(s0/fp)
PC=00000364 [00100793] X15=00000001 X00=00000000 X01=000003A8 addi    a5,zero,1
PC=0000036C [06E7FC63] X24=00000000 X15=00000001 X14=0000000E bgeu    a5,a4,120
PC=0000036C [FE842703] X14=0000000E X08=004FFE80 X08=004FFE80 lw      a4,-24(s0/fp)
PC=00000370 [FEC42783] X15=00000000 X08=004FFE80 X12=0000000E lw      a5,-20(s0/fp)
PC=00000374 [FFF00513] X10=FFFFFFFF X00=00000000 X31=00000000 addi    a0,zero,-1
PC=00000378 [FFF00593] X11=FFFFFFFF X00=00000000 X31=00000000 addi    a1,zero,-1
PC=0000037C [00A70633] X12=0000000D X14=0000000E X10=FFFFFFFF add     a2,a4,a0
PC=00000380 [00060813] X16=0000000D X12=0000000D X00=00000000 addi    a6,a2,0
PC=00000384 [00E83833] X16=00000001 X16=0000000D X14=0000000E sltu    a6,a6,a4
PC=00000388 [00B786B3] X13=FFFFFFFF X15=00000000 X11=FFFFFFFF add     a3,a5,a1
PC=0000038C [00D807B3] X15=00000000 X16=00000001 X13=FFFFFFFF add     a5,a6,a3
PC=00000390 [00078693] X13=00000000 X15=00000000 X00=00000000 addi    a3,a5,0
PC=00000394 [00060713] X14=0000000D X12=0000000D X00=00000000 addi    a4,a2,0
PC=00000398 [00068793] X15=00000000 X13=00000000 X00=00000000 addi    a5,a3,0
PC=0000039C [00070513] X10=0000000D X14=0000000D X00=00000000 addi    a0,a4,0
PC=000003A0 [00078593] X11=00000000 X15=00000000 X00=00000000 addi    a1,a5,0
PC=000003A4 [F8DFF0EF] X01=000003A8 X31=00000000 X13=00000000 jal     ra,-116
PC=00000330 [FE010113] X02=004FFE40 X02=004FFE60 X00=00000000 addi    sp,sp,-32
PC=00000334 [00112E23] X28=00000000 X02=004FFE40 X01=000003A8 sw      ra,28(sp)
PC=00000338 [00812C23] X24=00000000 X02=004FFE40 X08=004FFE80 sw      s0/fp,24(sp)
PC=0000033C [01212A23] X20=00000000 X02=004FFE40 X18=00000000 sw      s2,20(sp)
PC=00000340 [01312823] X16=00000001 X02=004FFE40 X19=00000000 sw      s3,16(sp)
PC=00000344 [02010413] X08=004FFE60 X02=004FFE40 X00=00000000 addi    s0/fp,sp,32
PC=00000348 [FEA42423] X08=004FFE60 X08=004FFE60 X10=0000000D sw      a0,-24(s0/fp)
PC=0000034C [FEB42623] X12=0000000D X08=004FFE60 X11=00000000 sw      a1,-20(s0/fp)
PC=00000350 [FEC42783] X15=00000000 X08=004FFE60 X12=0000000D lw      a5,-20(s0/fp)
PC=00000358 [00F04C63] X24=00000000 X00=00000000 X15=00000000 blt     zero,a5,24
PC=00000358 [FEC42783] X15=00000000 X08=004FFE60 X12=0000000D lw      a5,-20(s0/fp)
PC=00000360 [08079263] X04=00000000 X15=00000000 X00=00000000 bne     a5,zero,132
PC=00000360 [FE842703] X14=0000000D X08=004FFE60 X08=004FFE60 lw      a4,-24(s0/fp)
PC=00000364 [00100793] X15=00000001 X00=00000000 X01=000003A8 addi    a5,zero,1
PC=0000036C [06E7FC63] X24=00000000 X15=00000001 X14=0000000D bgeu    a5,a4,120
PC=0000036C [FE842703] X14=0000000D X08=004FFE60 X08=004FFE60 lw      a4,-24(s0/fp)
PC=00000370 [FEC42783] X15=00000000 X08=004FFE60 X12=0000000D lw      a5,-20(s0/fp)
PC=00000374 [FFF00513] X10=FFFFFFFF X00=00000000 X31=00000000 addi    a0,zero,-1
PC=00000378 [FFF00593] X11=FFFFFFFF X00=00000000 X31=00000000 addi    a1,zero,-1
PC=0000037C [00A70633] X12=0000000C X14=0000000D X10=FFFFFFFF add     a2,a4,a0
PC=00000380 [00060813] X16=0000000C X12=0000000C X00=00000000 addi    a6,a2,0
PC=00000384 [00E83833] X16=00000001 X16=0000000C X14=0000000D sltu    a6,a6,a4
PC=00000388 [00B786B3] X13=FFFFFFFF X15=00000000 X11=FFFFFFFF add     a3,a5,a1
PC=0000038C [00D807B3] X15=00000000 X16=00000001 X13=FFFFFFFF add     a5,a6,a3
PC=00000390 [00078693] X13=00000000 X15=00000000 X00=00000000 addi    a3,a5,0
PC=00000394 [00060713] X14=0000000C X12=0000000C X00=00000000 addi    a4,a2,0
PC=00000398 [00068793] X15=00000000 X13=00000000 X00=00000000 addi    a5,a3,0
PC=0000039C [00070513] X10=0000000C X14=0000000C X00=00000000 addi    a0,a4,0
PC=000003A0 [00078593] X11=00000000 X15=00000000 X00=00000000 addi    a1,a5,0
PC=000003A4 [F8DFF0EF] X01=000003A8 X31=00000000 X13=00000000 jal     ra,-116
PC=00000330 [FE010113] X02=004FFE20 X02=004FFE40 X00=00000000 addi    sp,sp,-32
PC=00000334 [00112E23] X28=00000000 X02=004FFE20 X01=000003A8 sw      ra,28(sp)
PC=00000338 [00812C23] X24=00000000 X02=004FFE20 X08=004FFE60 sw      s0/fp,24(sp)
PC=0000033C [01212A23] X20=00000000 X02=004FFE20 X18=00000000 sw      s2,20(sp)
PC=00000340 [01312823] X16=00000001 X02=004FFE20 X19=00000000 sw      s3,16(sp)
PC=00000344 [02010413] X08=004FFE40 X02=004FFE20 X00=00000000 addi    s0/fp,sp,32
PC=00000348 [FEA42423] X08=004FFE40 X08=004FFE40 X10=0000000C sw      a0,-24(s0/fp)
PC=0000034C [FEB42623] X12=0000000C X08=004FFE40 X11=00000000 sw      a1,-20(s0/fp)
PC=00000350 [FEC42783] X15=00000000 X08=004FFE40 X12=0000000C lw      a5,-20(s0/fp)
PC=00000358 [00F04C63] X24=00000000 X00=00000000 X15=00000000 blt     zero,a5,24
PC=00000358 [FEC42783] X15=00000000 X08=004FFE40 X12=0000000C lw      a5,-20(s0/fp)
PC=00000360 [08079263] X04=00000000 X15=00000000 X00=00000000 bne     a5,zero,132
PC=00000360 [FE842703] X14=0000000C X08=004FFE40 X08=004FFE40 lw      a4,-24(s0/fp)
PC=00000364 [00100793] X15=00000001 X00=00000000 X01=000003A8 addi    a5,zero,1
PC=0000036C [06E7FC63] X24=00000000 X15=00000001 X14=0000000C bgeu    a5,a4,120
PC=0000036C [FE842703] X14=0000000C X08=004FFE40 X08=004FFE40 lw      a4,-24(s0/fp)
PC=00000370 [FEC42783] X15=00000000 X08=004FFE40 X12=0000000C lw      a5,-20(s0/fp)
PC=00000374 [FFF00513] X10=FFFFFFFF X00=00000000 X31=00000000 addi    a0,zero,-1
PC=00000378 [FFF00593] X11=FFFFFFFF X00=00000000 X31=00000000 addi    a1,zero,-1
PC=0000037C [00A70633] X12=0000000B X14=0000000C X10=FFFFFFFF add     a2,a4,a0
PC=00000380 [00060813] X16=0000000B X12=0000000B X00=00000000 addi    a6,a2,0
PC=00000384 [00E83833] X16=00000001 X16=0000000B X14=0000000C sltu    a6,a6,a4
PC=00000388 [00B786B3] X13=FFFFFFFF X15=00000000 X11=FFFFFFFF add     a3,a5,a1
PC=0000038C [00D807B3] X15=00000000 X16=00000001 X13=FFFFFFFF add     a5,a6,a3
PC=00000390 [00078693] X13=00000000 X15=00000000 X00=00000000 addi    a3,a5,0
PC=00000394 [00060713] X14=0000000B X12=0000000B X00=00000000 addi    a4,a2,0
PC=00000398 [00068793] X15=00000000 X13=00000000 X00=00000000 addi    a5,a3,0
PC=0000039C [00070513] X10=0000000B X14=0000000B X00=00000000 addi    a0,a4,0
PC=000003A0 [00078593] X11=00000000 X15=00000000 X00=00000000 addi    a1,a5,0
PC=000003A4 [F8DFF0EF] X01=000003A8 X31=00000000 X13=00000000 jal     ra,-116
PC=00000330 [FE010113] X02=004FFE00 X02=004FFE20 X00=00000000 addi    sp,sp,-32
PC=00000334 [00112E23] X28=00000000 X02=004FFE00 X01=000003A8 sw      ra,28(sp)
PC=00000338 [00812C23] X24=00000000 X02=004FFE00 X08=004FFE40 sw      s0/fp,24(sp)
PC=0000033C [01212A23] X20=00000000 X02=004FFE00 X18=00000000 sw      s2,20(sp)
PC=00000340 [01312823] X16=00000001 X02=004FFE00 X19=00000000 sw      s3,16(sp)
PC=00000344 [02010413] X08=004FFE20 X02=004FFE00 X00=00000000 addi    s0/fp,sp,32
PC=00000348 [FEA42423] X08=004FFE20 X08=004FFE20 X10=0000000B sw      a0,-24(s0/fp)
PC=0000034C [FEB42623] X12=0000000B X08=004FFE20 X11=00000000 sw      a1,-20(s0/fp)
PC=00000350 [FEC42783] X15=00000000 X08=004FFE20 X12=0000000B lw      a5,-20(s0/fp)
PC=00000358 [00F04C63] X24=00000000 X00=00000000 X15=00000000 blt     zero,a5,24
PC=00000358 [FEC42783] X15=00000000 X08=004FFE20 X12=0000000B lw      a5,-20(s0/fp)
PC=00000360 [08079263] X04=00000000 X15=00000000 X00=00000000 bne     a5,zero,132
PC=00000360 [FE842703] X14=0000000B X08=004FFE20 X08=004FFE20 lw      a4,-24(s0/fp)
PC=00000364 [00100793] X15=00000001 X00=00000000 X01=000003A8 addi    a5,zero,1
PC=0000036C [06E7FC63] X24=00000000 X15=00000001 X14=0000000B bgeu    a5,a4,120
PC=0000036C [FE842703] X14=0000000B X08=004FFE20 X08=004FFE20 lw      a4,-24(s0/fp)
PC=00000370 [FEC42783] X15=00000000 X08=004FFE20 X12=0000000B lw      a5,-20(s0/fp)
PC=00000374 [FFF00513] X10=FFFFFFFF X00=00000000 X31=00000000 addi    a0,zero,-1
PC=00000378 [FFF00593] X11=FFFFFFFF X00=00000000 X31=00000000 addi    a1,zero,-1
PC=0000037C [00A70633] X12=0000000A X14=0000000B X10=FFFFFFFF add     a2,a4,a0
PC=00000380 [00060813] X16=0000000A X12=0000000A X00=00000000 addi    a6,a2,0
PC=00000384 [00E83833] X16=00000001 X16=0000000A X14=0000000B sltu    a6,a6,a4
PC=00000388 [00B786B3] X13=FFFFFFFF X15=00000000 X11=FFFFFFFF add     a3,a5,a1
PC=0000038C [00D807B3] X15=00000000 X16=00000001 X13=FFFFFFFF add     a5,a6,a3
PC=00000390 [00078693] X13=00000000 X15=00000000 X00=00000000 addi    a3,a5,0
PC=00000394 [00060713] X14=0000000A X12=0000000A X00=00000000 addi    a4,a2,0
PC=00000398 [00068793] X15=00000000 X13=00000000 X00=00000000 addi    a5,a3,0
PC=0000039C [00070513] X10=0000000A X14=0000000A X00=00000000 addi    a0,a4,0
PC=000003A0 [00078593] X11=00000000 X15=00000000 X00=00000000 addi    a1,a5,0
PC=000003A4 [F8DFF0EF] X01=000003A8 X31=00000000 X13=00000000 jal     ra,-116
PC=00000330 [FE010113] X02=004FFDE0 X02=004FFE00 X00=00000000 addi    sp,sp,-32
PC=00000334 [00112E23] X28=00000000 X02=004FFDE0 X01=000003A8 sw      ra,28(sp)
PC=00000338 [00812C23] X24=00000000 X02=004FFDE0 X08=004FFE20 sw      s0/fp,24(sp)
PC=0000033C [01212A23] X20=00000000 X02=004FFDE0 X18=00000000 sw      s2,20(sp)
PC=00000340 [01312823] X16=00000001 X02=004FFDE0 X19=00000000 sw      s3,16(sp)
PC=00000344 [02010413] X08=004FFE00 X02=004FFDE0 X00=00000000 addi    s0/fp,sp,32
PC=00000348 [FEA42423] X08=004FFE00 X08=004FFE00 X10=0000000A sw      a0,-24(s0/fp)
PC=0000034C [FEB42623] X12=0000000A X08=004FFE00 X11=00000000 sw      a1,-20(s0/fp)
PC=00000350 [FEC42783] X15=00000000 X08=004FFE00 X12=0000000A lw      a5,-20(s0/fp)
PC=00000358 [00F04C63] X24=00000000 X00=00000000 X15=00000000 blt     zero,a5,24
PC=00000358 [FEC42783] X15=00000000 X08=004FFE00 X12=0000000A lw      a5,-20(s0/fp)
PC=00000360 [08079263] X04=00000000 X15=00000000 X00=00000000 bne     a5,zero,132
PC=00000360 [FE842703] X14=0000000A X08=004FFE00 X08=004FFE00 lw      a4,-24(s0/fp)
PC=00000364 [00100793] X15=00000001 X00=00000000 X01=000003A8 addi    a5,zero,1
PC=0000036C [06E7FC63] X24=00000000 X15=00000001 X14=0000000A bgeu    a5,a4,120
PC=0000036C [FE842703] X14=0000000A X08=004FFE00 X08=004FFE00 lw      a4,-24(s0/fp)
PC=00000370 [FEC42783] X15=00000000 X08=004FFE00 X12=0000000A lw      a5,-20(s0/fp)
PC=00000374 [FFF00513] X10=FFFFFFFF X00=00000000 X31=00000000 addi    a0,zero,-1
PC=00000378 [FFF00593] X11=FFFFFFFF X00=00000000 X31=00000000 addi    a1,zero,-1
PC=0000037C [00A70633] X12=00000009 X14=0000000A X10=FFFFFFFF add     a2,a4,a0
PC=00000380 [00060813] X16=00000009 X12=00000009 X00=00000000 addi    a6,a2,0
PC=00000384 [00E83833] X16=00000001 X16=00000009 X14=0000000A sltu    a6,a6,a4
PC=00000388 [00B786B3] X13=FFFFFFFF X15=00000000 X11=FFFFFFFF add     a3,a5,a1
PC=0000038C [00D807B3] X15=00000000 X16=00000001 X13=FFFFFFFF add     a5,a6,a3
PC=00000390 [00078693] X13=00000000 X15=00000000 X00=00000000 addi    a3,a5,0
PC=00000394 [00060713] X14=00000009 X12=00000009 X00=00000000 addi    a4,a2,0
PC=00000398 [00068793] X15=00000000 X13=00000000 X00=00000000 addi    a5,a3,0
PC=0000039C [00070513] X10=00000009 X14=00000009 X00=00000000 addi    a0,a4,0
PC=000003A0 [00078593] X11=00000000 X15=00000000 X00=00000000 addi    a1,a5,0
PC=000003A4 [F8DFF0EF] X01=000003A8 X31=00000000 X13=00000000 jal     ra,-116
PC=00000330 [FE010113] X02=004FFDC0 X02=004FFDE0 X00=00000000 addi    sp,sp,-32
PC=00000334 [00112E23] X28=00000000 X02=004FFDC0 X01=000003A8 sw      ra,28(sp)
PC=00000338 [00812C23] X24=00000000 X02=004FFDC0 X08=004FFE00 sw      s0/fp,24(sp)
PC=0000033C [01212A23] X20=00000000 X02=004FFDC0 X18=00000000 sw      s2,20(sp)
PC=00000340 [01312823] X16=00000001 X02=004FFDC0 X19=00000000 sw      s3,16(sp)
PC=00000344 [02010413] X08=004FFDE0 X02=004FFDC0 X00=00000000 addi    s0/fp,sp,32
PC=00000348 [FEA42423] X08=004FFDE0 X08=004FFDE0 X10=00000009 sw      a0,-24(s0/fp)
PC=0000034C [FEB42623] X12=00000009 X08=004FFDE0 X11=00000000 sw      a1,-20(s0/fp)
PC=00000350 [FEC42783] X15=00000000 X08=004FFDE0 X12=00000009 lw      a5,-20(s0/fp)
PC=00000358 [00F04C63] X24=00000000 X00=00000000 X15=00000000 blt     zero,a5,24
PC=00000358 [FEC42783] X15=00000000 X08=004FFDE0 X12=00000009 lw      a5,-20(s0/fp)
PC=00000360 [08079263] X04=00000000 X15=00000000 X00=00000000 bne     a5,zero,132
PC=00000360 [FE842703] X14=00000009 X08=004FFDE0 X08=004FFDE0 lw      a4,-24(s0/fp)
PC=00000364 [00100793] X15=00000001 X00=00000000 X01=000003A8 addi    a5,zero,1
PC=0000036C [06E7FC63] X24=00000000 X15=00000001 X14=00000009 bgeu    a5,a4,120
PC=0000036C [FE842703] X14=00000009 X08=004FFDE0 X08=004FFDE0 lw      a4,-24(s0/fp)
PC=00000370 [FEC42783] X15=00000000 X08=004FFDE0 X12=00000009 lw      a5,-20(s0/fp)
PC=00000374 [FFF00513] X10=FFFFFFFF X00=00000000 X31=00000000 addi    a0,zero,-1
PC=00000378 [FFF00593] X11=FFFFFFFF X00=00000000 X31=00000000 addi    a1,zero,-1
PC=0000037C [00A70633] X12=00000008 X14=00000009 X10=FFFFFFFF add     a2,a4,a0
PC=00000380 [00060813] X16=00000008 X12=00000008 X00=00000000 addi    a6,a2,0
PC=00000384 [00E83833] X16=00000001 X16=00000008 X14=00000009 sltu    a6,a6,a4
PC=00000388 [00B786B3] X13=FFFFFFFF X15=00000000 X11=FFFFFFFF add     a3,a5,a1
PC=0000038C [00D807B3] X15=00000000 X16=00000001 X13=FFFFFFFF add     a5,a6,a3
PC=00000390 [00078693] X13=00000000 X15=00000000 X00=00000000 addi    a3,a5,0
PC=00000394 [00060713] X14=00000008 X12=00000008 X00=00000000 addi    a4,a2,0
PC=00000398 [00068793] X15=00000000 X13=00000000 X00=00000000 addi    a5,a3,0
PC=0000039C [00070513] X10=00000008 X14=00000008 X00=00000000 addi    a0,a4,0
PC=000003A0 [00078593] X11=00000000 X15=00000000 X00=00000000 addi    a1,a5,0
PC=000003A4 [F8DFF0EF] X01=000003A8 X31=00000000 X13=00000000 jal     ra,-116
PC=00000330 [FE010113] X02=004FFDA0 X02=004FFDC0 X00=00000000 addi    sp,sp,-32
PC=00000334 [00112E23] X28=00000000 X02=004FFDA0 X01=000003A8 sw      ra,28(sp)
PC=00000338 [00812C23] X24=00000000 X02=004FFDA0 X08=004FFDE0 sw      s0/fp,24(sp)
PC=0000033C [01212A23] X20=00000000 X02=004FFDA0 X18=00000000 sw      s2,20(sp)
PC=00000340 [01312823] X16=00000001 X02=004FFDA0 X19=00000000 sw      s3,16(sp)
PC=00000344 [02010413] X08=004FFDC0 X02=004FFDA0 X00=00000000 addi    s0/fp,sp,32
PC=00000348 [FEA42423] X08=004FFDC0 X08=004FFDC0 X10=00000008 sw      a0,-24(s0/fp)
PC=0000034C [FEB42623] X12=00000008 X08=004FFDC0 X11=00000000 sw      a1,-20(s0/fp)
PC=00000350 [FEC42783] X15=00000000 X08=004FFDC0 X12=00000008 lw      a5,-20(s0/fp)
PC=00000358 [00F04C63] X24=00000000 X00=00000000 X15=00000000 blt     zero,a5,24
PC=00000358 [FEC42783] X15=00000000 X08=004FFDC0 X12=00000008 lw      a5,-20(s0/fp)
PC=00000360 [08079263] X04=00000000 X15=00000000 X00=00000000 bne     a5,zero,132
PC=00000360 [FE842703] X14=00000008 X08=004FFDC0 X08=004FFDC0 lw      a4,-24(s0/fp)
PC=00000364 [00100793] X15=00000001 X00=00000000 X01=000003A8 addi    a5,zero,1
PC=0000036C [06E7FC63] X24=00000000 X15=00000001 X14=00000008 bgeu    a5,a4,120
PC=0000036C [FE842703] X14=00000008 X08=004FFDC0 X08=004FFDC0 lw      a4,-24(s0/fp)
PC=00000370 [FEC42783] X15=00000000 X08=004FFDC0 X12=00000008 lw      a5,-20(s0/fp)
PC=00000374 [FFF00513] X10=FFFFFFFF X00=00000000 X31=00000000 addi    a0,zero,-1
PC=00000378 [FFF00593] X11=FFFFFFFF X00=00000000 X31=00000000 addi    a1,zero,-1
PC=0000037C [00A70633] X12=00000007 X14=00000008 X10=FFFFFFFF add     a2,a4,a0
PC=00000380 [00060813] X16=00000007 X12=00000007 X00=00000000 addi    a6,a2,0
PC=00000384 [00E83833] X16=00000001 X16=00000007 X14=00000008 sltu    a6,a6,a4
PC=00000388 [00B786B3] X13=FFFFFFFF X15=00000000 X11=FFFFFFFF add     a3,a5,a1
PC=0000038C [00D807B3] X15=00000000 X16=00000001 X13=FFFFFFFF add     a5,a6,a3
PC=00000390 [00078693] X13=00000000 X15=00000000 X00=00000000 addi    a3,a5,0
PC=00000394 [00060713] X14=00000007 X12=00000007 X00=00000000 addi    a4,a2,0
PC=00000398 [00068793] X15=00000000 X13=00000000 X00=00000000 addi    a5,a3,0
PC=0000039C [00070513] X10=00000007 X14=00000007 X00=00000000 addi    a0,a4,0
PC=000003A0 [00078593] X11=00000000 X15=00000000 X00=00000000 addi    a1,a5,0
PC=000003A4 [F8DFF0EF] X01=000003A8 X31=00000000 X13=00000000 jal     ra,-116
PC=00000330 [FE010113] X02=004FFD80 X02=004FFDA0 X00=00000000 addi    sp,sp,-32
PC=00000334 [00112E23] X28=00000000 X02=004FFD80 X01=000003A8 sw      ra,28(sp)
PC=00000338 [00812C23] X24=00000000 X02=004FFD80 X08=004FFDC0 sw      s0/fp,24(sp)
PC=0000033C [01212A23] X20=00000000 X02=004FFD80 X18=00000000 sw      s2,20(sp)
PC=00000340 [01312823] X16=00000001 X02=004FFD80 X19=00000000 sw      s3,16(sp)
PC=00000344 [02010413] X08=004FFDA0 X02=004FFD80 X00=00000000 addi    s0/fp,sp,32
PC=00000348 [FEA42423] X08=004FFDA0 X08=004FFDA0 X10=00000007 sw      a0,-24(s0/fp)
PC=0000034C [FEB42623] X12=00000007 X08=004FFDA0 X11=00000000 sw      a1,-20(s0/fp)
PC=00000350 [FEC42783] X15=00000000 X08=004FFDA0 X12=00000007 lw      a5,-20(s0/fp)
PC=00000358 [00F04C63] X24=00000000 X00=00000000 X15=00000000 blt     zero,a5,24
PC=00000358 [FEC42783] X15=00000000 X08=004FFDA0 X12=00000007 lw      a5,-20(s0/fp)
PC=00000360 [08079263] X04=00000000 X15=00000000 X00=00000000 bne     a5,zero,132
PC=00000360 [FE842703] X14=00000007 X08=004FFDA0 X08=004FFDA0 lw      a4,-24(s0/fp)
PC=00000364 [00100793] X15=00000001 X00=00000000 X01=000003A8 addi    a5,zero,1
PC=0000036C [06E7FC63] X24=00000000 X15=00000001 X14=00000007 bgeu    a5,a4,120
PC=0000036C [FE842703] X14=00000007 X08=004FFDA0 X08=004FFDA0 lw      a4,-24(s0/fp)
PC=00000370 [FEC42783] X15=00000000 X08=004FFDA0 X12=00000007 lw      a5,-20(s0/fp)
PC=00000374 [FFF00513] X10=FFFFFFFF X00=00000000 X31=00000000 addi    a0,zero,-1
PC=00000378 [FFF00593] X11=FFFFFFFF X00=00000000 X31=00000000 addi    a1,zero,-1
PC=0000037C [00A70633] X12=00000006 X14=00000007 X10=FFFFFFFF add     a2,a4,a0
PC=00000380 [00060813] X16=00000006 X12=00000006 X00=00000000 addi    a6,a2,0
PC=00000384 [00E83833] X16=00000001 X16=00000006 X14=00000007 sltu    a6,a6,a4
PC=00000388 [00B786B3] X13=FFFFFFFF X15=00000000 X11=FFFFFFFF add     a3,a5,a1
PC=0000038C [00D807B3] X15=00000000 X16=00000001 X13=FFFFFFFF add     a5,a6,a3
PC=00000390 [00078693] X13=00000000 X15=00000000 X00=00000000 addi    a3,a5,0
PC=00000394 [00060713] X14=00000006 X12=00000006 X00=00000000 addi    a4,a2,0
PC=00000398 [00068793] X15=00000000 X13=00000000 X00=00000000 addi    a5,a3,0
PC=0000039C [00070513] X10=00000006 X14=00000006 X00=00000000 addi    a0,a4,0
PC=000003A0 [00078593] X11=00000000 X15=00000000 X00=00000000 addi    a1,a5,0
PC=000003A4 [F8DFF0EF] X01=000003A8 X31=00000000 X13=00000000 jal     ra,-116
PC=00000330 [FE010113] X02=004FFD60 X02=004FFD80 X00=00000000 addi    sp,sp,-32
PC=00000334 [00112E23] X28=00000000 X02=004FFD60 X01=000003A8 sw      ra,28(sp)
PC=00000338 [00812C23] X24=00000000 X02=004FFD60 X08=004FFDA0 sw      s0/fp,24(sp)
PC=0000033C [01212A23] X20=00000000 X02=004FFD60 X18=00000000 sw      s2,20(sp)
PC=00000340 [01312823] X16=00000001 X02=004FFD60 X19=00000000 sw      s3,16(sp)
PC=00000344 [02010413] X08=004FFD80 X02=004FFD60 X00=00000000 addi    s0/fp,sp,32
PC=00000348 [FEA42423] X08=004FFD80 X08=004FFD80 X10=00000006 sw      a0,-24(s0/fp)
PC=0000034C [FEB42623] X12=00000006 X08=004FFD80 X11=00000000 sw      a1,-20(s0/fp)
PC=00000350 [FEC42783] X15=00000000 X08=004FFD80 X12=00000006 lw      a5,-20(s0/fp)
PC=00000358 [00F04C63] X24=00000000 X00=00000000 X15=00000000 blt     zero,a5,24
PC=00000358 [FEC42783] X15=00000000 X08=004FFD80 X12=00000006 lw      a5,-20(s0/fp)
PC=00000360 [08079263] X04=00000000 X15=00000000 X00=00000000 bne     a5,zero,132
PC=00000360 [FE842703] X14=00000006 X08=004FFD80 X08=004FFD80 lw      a4,-24(s0/fp)
PC=00000364 [00100793] X15=00000001 X00=00000000 X01=000003A8 addi    a5,zero,1
PC=0000036C [06E7FC63] X24=00000000 X15=00000001 X14=00000006 bgeu    a5,a4,120
PC=0000036C [FE842703] X14=00000006 X08=004FFD80 X08=004FFD80 lw      a4,-24(s0/fp)
PC=00000370 [FEC42783] X15=00000000 X08=004FFD80 X12=00000006 lw      a5,-20(s0/fp)
PC=00000374 [FFF00513] X10=FFFFFFFF X00=00000000 X31=00000000 addi    a0,zero,-1
PC=00000378 [FFF00593] X11=FFFFFFFF X00=00000000 X31=00000000 addi    a1,zero,-1
PC=0000037C [00A70633] X12=00000005 X14=00000006 X10=FFFFFFFF add     a2,a4,a0
PC=00000380 [00060813] X16=00000005 X12=00000005 X00=00000000 addi    a6,a2,0
PC=00000384 [00E83833] X16=00000001 X16=00000005 X14=00000006 sltu    a6,a6,a4
PC=00000388 [00B786B3] X13=FFFFFFFF X15=00000000 X11=FFFFFFFF add     a3,a5,a1
PC=0000038C [00D807B3] X15=00000000 X16=00000001 X13=FFFFFFFF add     a5,a6,a3
PC=00000390 [00078693] X13=00000000 X15=00000000 X00=00000000 addi    a3,a5,0
PC=00000394 [00060713] X14=00000005 X12=00000005 X00=00000000 addi    a4,a2,0
PC=00000398 [00068793] X15=00000000 X13=00000000 X00=00000000 addi    a5,a3,0
PC=0000039C [00070513] X10=00000005 X14=00000005 X00=00000000 addi    a0,a4,0
PC=000003A0 [00078593] X11=00000000 X15=00000000 X00=00000000 addi    a1,a5,0
PC=000003A4 [F8DFF0EF] X01=000003A8 X31=00000000 X13=00000000 jal     ra,-116
PC=00000330 [FE010113] X02=004FFD40 X02=004FFD60 X00=00000000 addi    sp,sp,-32
PC=00000334 [00112E23] X28=00000000 X02=004FFD40 X01=000003A8 sw      ra,28(sp)
PC=00000338 [00812C23] X24=00000000 X02=004FFD40 X08=004FFD80 sw      s0/fp,24(sp)
PC=0000033C [01212A23] X20=00000000 X02=004FFD40 X18=00000000 sw      s2,20(sp)
PC=00000340 [01312823] X16=00000001 X02=004FFD40 X19=00000000 sw      s3,16(sp)
PC=00000344 [02010413] X08=004FFD60 X02=004FFD40 X00=00000000 addi    s0/fp,sp,32
PC=00000348 [FEA42423] X08=004FFD60 X08=004FFD60 X10=00000005 sw      a0,-24(s0/fp)
PC=0000034C [FEB42623] X12=00000005 X08=004FFD60 X11=00000000 sw      a1,-20(s0/fp)
PC=00000350 [FEC42783] X15=00000000 X08=004FFD60 X12=00000005 lw      a5,-20(s0/fp)
PC=00000358 [00F04C63] X24=00000000 X00=00000000 X15=00000000 blt     zero,a5,24
PC=00000358 [FEC42783] X15=00000000 X08=004FFD60 X12=00000005 lw      a5,-20(s0/fp)
PC=00000360 [08079263] X04=00000000 X15=00000000 X00=00000000 bne     a5,zero,132
PC=00000360 [FE842703] X14=00000005 X08=004FFD60 X08=004FFD60 lw      a4,-24(s0/fp)
PC=00000364 [00100793] X15=00000001 X00=00000000 X01=000003A8 addi    a5,zero,1
PC=0000036C [06E7FC63] X24=00000000 X15=00000001 X14=00000005 bgeu    a5,a4,120
PC=0000036C [FE842703] X14=00000005 X08=004FFD60 X08=004FFD60 lw      a4,-24(s0/fp)
PC=00000370 [FEC42783] X15=00000000 X08=004FFD60 X12=00000005 lw      a5,-20(s0/fp)
PC=00000374 [FFF00513] X10=FFFFFFFF X00=00000000 X31=00000000 addi    a0,zero,-1
PC=00000378 [FFF00593] X11=FFFFFFFF X00=00000000 X31=00000000 addi    a1,zero,-1
PC=0000037C [00A70633] X12=00000004 X14=00000005 X10=FFFFFFFF add     a2,a4,a0
PC=00000380 [00060813] X16=00000004 X12=00000004 X00=00000000 addi    a6,a2,0
PC=00000384 [00E83833] X16=00000001 X16=00000004 X14=00000005 sltu    a6,a6,a4
PC=00000388 [00B786B3] X13=FFFFFFFF X15=00000000 X11=FFFFFFFF add     a3,a5,a1
PC=0000038C [00D807B3] X15=00000000 X16=00000001 X13=FFFFFFFF add     a5,a6,a3
PC=00000390 [00078693] X13=00000000 X15=00000000 X00=00000000 addi    a3,a5,0
PC=00000394 [00060713] X14=00000004 X12=00000004 X00=00000000 addi    a4,a2,0
PC=00000398 [00068793] X15=00000000 X13=00000000 X00=00000000 addi    a5,a3,0
PC=0000039C [00070513] X10=00000004 X14=00000004 X00=00000000 addi    a0,a4,0
PC=000003A0 [00078593] X11=00000000 X15=00000000 X00=00000000 addi    a1,a5,0
PC=000003A4 [F8DFF0EF] X01=000003A8 X31=00000000 X13=00000000 jal     ra,-116
PC=00000330 [FE010113] X02=004FFD20 X02=004FFD40 X00=00000000 addi    sp,sp,-32
PC=00000334 [00112E23] X28=00000000 X02=004FFD20 X01=000003A8 sw      ra,28(sp)
PC=00000338 [00812C23] X24=00000000 X02=004FFD20 X08=004FFD60 sw      s0/fp,24(sp)
PC=0000033C [01212A23] X20=00000000 X02=004FFD20 X18=00000000 sw      s2,20(sp)
PC=00000340 [01312823] X16=00000001 X02=004FFD20 X19=00000000 sw      s3,16(sp)
PC=00000344 [02010413] X08=004FFD40 X02=004FFD20 X00=00000000 addi    s0/fp,sp,32
PC=00000348 [FEA42423] X08=004FFD40 X08=004FFD40 X10=00000004 sw      a0,-24(s0/fp)
PC=0000034C [FEB42623] X12=00000004 X08=004FFD40 X11=00000000 sw      a1,-20(s0/fp)
PC=00000350 [FEC42783] X15=00000000 X08=004FFD40 X12=00000004 lw      a5,-20(s0/fp)
PC=00000358 [00F04C63] X24=00000000 X00=00000000 X15=00000000 blt     zero,a5,24
PC=00000358 [FEC42783] X15=00000000 X08=004FFD40 X12=00000004 lw      a5,-20(s0/fp)
PC=00000360 [08079263] X04=00000000 X15=00000000 X00=00000000 bne     a5,zero,132
PC=00000360 [FE842703] X14=00000004 X08=004FFD40 X08=004FFD40 lw      a4,-24(s0/fp)
PC=00000364 [00100793] X15=00000001 X00=00000000 X01=000003A8 addi    a5,zero,1
PC=0000036C [06E7FC63] X24=00000000 X15=00000001 X14=00000004 bgeu    a5,a4,120
PC=0000036C [FE842703] X14=00000004 X08=004FFD40 X08=004FFD40 lw      a4,-24(s0/fp)
PC=00000370 [FEC42783] X15=00000000 X08=004FFD40 X12=00000004 lw      a5,-20(s0/fp)
PC=00000374 [FFF00513] X10=FFFFFFFF X00=00000000 X31=00000000 addi    a0,zero,-1
PC=00000378 [FFF00593] X11=FFFFFFFF X00=00000000 X31=00000000 addi    a1,zero,-1
PC=0000037C [00A70633] X12=00000003 X14=00000004 X10=FFFFFFFF add     a2,a4,a0
PC=00000380 [00060813] X16=00000003 X12=00000003 X00=00000000 addi    a6,a2,0
PC=00000384 [00E83833] X16=00000001 X16=00000003 X14=00000004 sltu    a6,a6,a4
PC=00000388 [00B786B3] X13=FFFFFFFF X15=00000000 X11=FFFFFFFF add     a3,a5,a1
PC=0000038C [00D807B3] X15=00000000 X16=00000001 X13=FFFFFFFF add     a5,a6,a3
PC=00000390 [00078693] X13=00000000 X15=00000000 X00=00000000 addi    a3,a5,0
PC=00000394 [00060713] X14=00000003 X12=00000003 X00=00000000 addi    a4,a2,0
PC=00000398 [00068793] X15=00000000 X13=00000000 X00=00000000 addi    a5,a3,0
PC=0000039C [00070513] X10=00000003 X14=00000003 X00=00000000 addi    a0,a4,0
PC=000003A0 [00078593] X11=00000000 X15=00000000 X00=00000000 addi    a1,a5,0
PC=000003A4 [F8DFF0EF] X01=000003A8 X31=00000000 X13=00000000 jal     ra,-116
PC=00000330 [FE010113] X02=004FFD00 X02=004FFD20 X00=00000000 addi    sp,sp,-32
PC=00000334 [00112E23] X28=00000000 X02=004FFD00 X01=000003A8 sw      ra,28(sp)
PC=00000338 [00812C23] X24=00000000 X02=004FFD00 X08=004FFD40 sw      s0/fp,24(sp)
PC=0000033C [01212A23] X20=00000000 X02=004FFD00 X18=00000000 sw      s2,20(sp)
PC=00000340 [01312823] X16=00000001 X02=004FFD00 X19=00000000 sw      s3,16(sp)
PC=00000344 [02010413] X08=004FFD20 X02=004FFD00 X00=00000000 addi    s0/fp,sp,32
PC=00000348 [FEA42423] X08=004FFD20 X08=004FFD20 X10=00000003 sw      a0,-24(s0/fp)
PC=0000034C [FEB42623] X12=00000003 X08=004FFD20 X11=00000000 sw      a1,-20(s0/fp)
PC=00000350 [FEC42783] X15=00000000 X08=004FFD20 X12=00000003 lw      a5,-20(s0/fp)
PC=00000358 [00F04C63] X24=00000000 X00=00000000 X15=00000000 blt     zero,a5,24
PC=00000358 [FEC42783] X15=00000000 X08=004FFD20 X12=00000003 lw      a5,-20(s0/fp)
PC=00000360 [08079263] X04=00000000 X15=00000000 X00=00000000 bne     a5,zero,132
PC=00000360 [FE842703] X14=00000003 X08=004FFD20 X08=004FFD20 lw      a4,-24(s0/fp)
PC=00000364 [00100793] X15=00000001 X00=00000000 X01=000003A8 addi    a5,zero,1
PC=0000036C [06E7FC63] X24=00000000 X15=00000001 X14=00000003 bgeu    a5,a4,120
PC=0000036C [FE842703] X14=00000003 X08=004FFD20 X08=004FFD20 lw      a4,-24(s0/fp)
PC=00000370 [FEC42783] X15=00000000 X08=004FFD20 X12=00000003 lw      a5,-20(s0/fp)
PC=00000374 [FFF00513] X10=FFFFFFFF X00=00000000 X31=00000000 addi    a0,zero,-1
PC=00000378 [FFF00593] X11=FFFFFFFF X00=00000000 X31=00000000 addi    a1,zero,-1
PC=0000037C [00A70633] X12=00000002 X14=00000003 X10=FFFFFFFF add     a2,a4,a0
PC=00000380 [00060813] X16=00000002 X12=00000002 X00=00000000 addi    a6,a2,0
PC=00000384 [00E83833] X16=00000001 X16=00000002 X14=00000003 sltu    a6,a6,a4
PC=00000388 [00B786B3] X13=FFFFFFFF X15=00000000 X11=FFFFFFFF add     a3,a5,a1
PC=0000038C [00D807B3] X15=00000000 X16=00000001 X13=FFFFFFFF add     a5,a6,a3
PC=00000390 [00078693] X13=00000000 X15=00000000 X00=00000000 addi    a3,a5,0
PC=00000394 [00060713] X14=00000002 X12=00000002 X00=00000000 addi    a4,a2,0
PC=00000398 [00068793] X15=00000000 X13=00000000 X00=00000000 addi    a5,a3,0
PC=0000039C [00070513] X10=00000002 X14=00000002 X00=00000000 addi    a0,a4,0
PC=000003A0 [00078593] X11=00000000 X15=00000000 X00=00000000 addi    a1,a5,0
PC=000003A4 [F8DFF0EF] X01=000003A8 X31=00000000 X13=00000000 jal     ra,-116
PC=00000330 [FE010113] X02=004FFCE0 X02=004FFD00 X00=00000000 addi    sp,sp,-32
PC=00000334 [00112E23] X28=00000000 X02=004FFCE0 X01=000003A8 sw      ra,28(sp)
PC=00000338 [00812C23] X24=00000000 X02=004FFCE0 X08=004FFD20 sw      s0/fp,24(sp)
PC=0000033C [01212A23] X20=00000000 X02=004FFCE0 X18=00000000 sw      s2,20(sp)
PC=00000340 [01312823] X16=00000001 X02=004FFCE0 X19=00000000 sw      s3,16(sp)
PC=00000344 [02010413] X08=004FFD00 X02=004FFCE0 X00=00000000 addi    s0/fp,sp,32
PC=00000348 [FEA42423] X08=004FFD00 X08=004FFD00 X10=00000002 sw      a0,-24(s0/fp)
PC=0000034C [FEB42623] X12=00000002 X08=004FFD00 X11=00000000 sw      a1,-20(s0/fp)
PC=00000350 [FEC42783] X15=00000000 X08=004FFD00 X12=00000002 lw      a5,-20(s0/fp)
PC=00000358 [00F04C63] X24=00000000 X00=00000000 X15=00000000 blt     zero,a5,24
PC=00000358 [FEC42783] X15=00000000 X08=004FFD00 X12=00000002 lw      a5,-20(s0/fp)
PC=00000360 [08079263] X04=00000000 X15=00000000 X00=00000000 bne     a5,zero,132
PC=00000360 [FE842703] X14=00000002 X08=004FFD00 X08=004FFD00 lw      a4,-24(s0/fp)
PC=00000364 [00100793] X15=00000001 X00=00000000 X01=000003A8 addi    a5,zero,1
PC=0000036C [06E7FC63] X24=00000000 X15=00000001 X14=00000002 bgeu    a5,a4,120
PC=0000036C [FE842703] X14=00000002 X08=004FFD00 X08=004FFD00 lw      a4,-24(s0/fp)
PC=00000370 [FEC42783] X15=00000000 X08=004FFD00 X12=00000002 lw      a5,-20(s0/fp)
PC=00000374 [FFF00513] X10=FFFFFFFF X00=00000000 X31=00000000 addi    a0,zero,-1
PC=00000378 [FFF00593] X11=FFFFFFFF X00=00000000 X31=00000000 addi    a1,zero,-1
PC=0000037C [00A70633] X12=00000001 X14=00000002 X10=FFFFFFFF add     a2,a4,a0
PC=00000380 [00060813] X16=00000001 X12=00000001 X00=00000000 addi    a6,a2,0
PC=00000384 [00E83833] X16=00000001 X16=00000001 X14=00000002 sltu    a6,a6,a4
PC=00000388 [00B786B3] X13=FFFFFFFF X15=00000000 X11=FFFFFFFF add     a3,a5,a1
PC=0000038C [00D807B3] X15=00000000 X16=00000001 X13=FFFFFFFF add     a5,a6,a3
PC=00000390 [00078693] X13=00000000 X15=00000000 X00=00000000 addi    a3,a5,0
PC=00000394 [00060713] X14=00000001 X12=00000001 X00=00000000 addi    a4,a2,0
PC=00000398 [00068793] X15=00000000 X13=00000000 X00=00000000 addi    a5,a3,0
PC=0000039C [00070513] X10=00000001 X14=00000001 X00=00000000 addi    a0,a4,0
PC=000003A0 [00078593] X11=00000000 X15=00000000 X00=00000000 addi    a1,a5,0
PC=000003A4 [F8DFF0EF] X01=000003A8 X31=00000000 X13=00000000 jal     ra,-116
PC=00000330 [FE010113] X02=004FFCC0 X02=004FFCE0 X00=00000000 addi    sp,sp,-32
PC=00000334 [00112E23] X28=00000000 X02=004FFCC0 X01=000003A8 sw      ra,28(sp)
PC=00000338 [00812C23] X24=00000000 X02=004FFCC0 X08=004FFD00 sw      s0/fp,24(sp)
PC=0000033C [01212A23] X20=00000000 X02=004FFCC0 X18=00000000 sw      s2,20(sp)
PC=00000340 [01312823] X16=00000001 X02=004FFCC0 X19=00000000 sw      s3,16(sp)
PC=00000344 [02010413] X08=004FFCE0 X02=004FFCC0 X00=00000000 addi    s0/fp,sp,32
PC=00000348 [FEA42423] X08=004FFCE0 X08=004FFCE0 X10=00000001 sw      a0,-24(s0/fp)
PC=0000034C [FEB42623] X12=00000001 X08=004FFCE0 X11=00000000 sw      a1,-20(s0/fp)
PC=00000350 [FEC42783] X15=00000000 X08=004FFCE0 X12=00000001 lw      a5,-20(s0/fp)
PC=00000358 [00F04C63] X24=00000000 X00=00000000 X15=00000000 blt     zero,a5,24
PC=00000358 [FEC42783] X15=00000000 X08=004FFCE0 X12=00000001 lw      a5,-20(s0/fp)
PC=00000360 [08079263] X04=00000000 X15=00000000 X00=00000000 bne     a5,zero,132
PC=00000360 [FE842703] X14=00000001 X08=004FFCE0 X08=004FFCE0 lw      a4,-24(s0/fp)
PC=00000364 [00100793] X15=00000001 X00=00000000 X01=000003A8 addi    a5,zero,1
PC=000003E0 [06E7FC63] X24=00000000 X15=00000001 X14=00000001 bgeu    a5,a4,120
PC=000003E0 [00100913] X18=00000001 X00=00000000 X01=000003A8 addi    s2,zero,1
PC=000003E4 [00000993] X19=00000000 X00=00000000 X00=00000000 addi    s3,zero,0
PC=000003E8 [00090713] X14=00000001 X18=00000001 X00=00000000 addi    a4,s2,0
PC=000003EC [00098793] X15=00000000 X19=00000000 X00=00000000 addi    a5,s3,0
PC=000003F0 [00070513] X10=00000001 X14=00000001 X00=00000000 addi    a0,a4,0
PC=000003F4 [00078593] X11=00000000 X15=00000000 X00=00000000 addi    a1,a5,0
PC=000003F8 [01C12083] X01=000003A8 X02=004FFCC0 X28=00000000 lw      ra,28(sp)
PC=000003FC [01812403] X08=004FFD00 X02=004FFCC0 X24=00000000 lw      s0/fp,24(sp)
PC=00000400 [01412903] X18=00000000 X02=004FFCC0 X20=00000000 lw      s2,20(sp)
PC=00000404 [01012983] X19=00000000 X02=004FFCC0 X16=00000001 lw      s3,16(sp)
PC=00000408 [02010113] X02=004FFCE0 X02=004FFCC0 X00=00000000 addi    sp,sp,32
PC=0000040C [00008067] X00=00000000 X01=000003A8 X00=00000000 jalr    zero,ra,0
PC=000003A8 [00050713] X14=00000001 X10=00000001 X00=00000000 addi    a4,a0,0
PC=000003AC [00058793] X15=00000000 X11=00000000 X00=00000000 addi    a5,a1,0
PC=000003B0 [FE842683] X13=00000002 X08=004FFD00 X08=004FFD00 lw      a3,-24(s0/fp)
PC=000003B4 [02F68633] X12=00000000 X13=00000002 X15=00000000 mul     a2,a3,a5
PC=000003B8 [FEC42683] X13=00000000 X08=004FFD00 X12=00000000 lw      a3,-20(s0/fp)
PC=000003BC [02E686B3] X13=00000000 X13=00000000 X14=00000001 mul     a3,a3,a4
PC=000003C0 [00D60633] X12=00000000 X12=00000000 X13=00000000 add     a2,a2,a3
PC=000003C4 [FE842683] X13=00000002 X08=004FFD00 X08=004FFD00 lw      a3,-24(s0/fp)
PC=000003C8 [02E685B3] X11=00000002 X13=00000002 X14=00000001 mul     a1,a3,a4
PC=000003CC [02E6B9B3] X19=00000002 X13=00000002 X14=00000001 mulhu   s3,a3,a4
PC=000003D0 [00058913] X18=00000002 X11=00000002 X00=00000000 addi    s2,a1,0
PC=000003D4 [013607B3] X15=00000002 X12=00000000 X19=00000002 add     a5,a2,s3
PC=000003D8 [00078993] X19=00000002 X15=00000002 X00=00000000 addi    s3,a5,0
PC=000003DC [00C0006F] X00=00000000 X00=00000000 X12=00000000 jal     zero,12
PC=000003E8 [00090713] X14=00000002 X18=00000002 X00=00000000 addi    a4,s2,0
PC=000003EC [00098793] X15=00000002 X19=00000002 X00=00000000 addi    a5,s3,0
PC=000003F0 [00070513] X10=00000002 X14=00000002 X00=00000000 addi    a0,a4,0
PC=000003F4 [00078593] X11=00000002 X15=00000002 X00=00000000 addi    a1,a5,0
PC=000003F8 [01C12083] X01=000003A8 X02=004FFCE0 X28=00000000 lw      ra,28(sp)
PC=000003FC [01812403] X08=004FFD20 X02=004FFCE0 X24=00000000 lw      s0/fp,24(sp)
PC=00000400 [01412903] X18=00000000 X02=004FFCE0 X20=00000000 lw      s2,20(sp)
PC=00000404 [01012983] X19=00000000 X02=004FFCE0 X16=00000001 lw      s3,16(sp)
PC=00000408 [02010113] X02=004FFD00 X02=004FFCE0 X00=00000000 addi    sp,sp,32
PC=0000040C [00008067] X00=00000000 X01=000003A8 X00=00000000 jalr    zero,ra,0
PC=000003A8 [00050713] X14=00000002 X10=00000002 X00=00000000 addi    a4,a0,0
PC=000003AC [00058793] X15=00000002 X11=00000002 X00=00000000 addi    a5,a1,0
PC=000003B0 [FE842683] X13=00000003 X08=004FFD20 X08=004FFD20 lw      a3,-24(s0/fp)
PC=000003B4 [02F68633] X12=00000006 X13=00000003 X15=00000002 mul     a2,a3,a5
PC=000003B8 [FEC42683] X13=00000000 X08=004FFD20 X12=00000006 lw      a3,-20(s0/fp)
PC=000003BC [02E686B3] X13=00000000 X13=00000000 X14=00000002 mul     a3,a3,a4
PC=000003C0 [00D60633] X12=00000006 X12=00000006 X13=00000000 add     a2,a2,a3
PC=000003C4 [FE842683] X13=00000003 X08=004FFD20 X08=004FFD20 lw      a3,-24(s0/fp)
PC=000003C8 [02E685B3] X11=00000006 X13=00000003 X14=00000002 mul     a1,a3,a4
PC=000003CC [02E6B9B3] X19=00000006 X13=00000003 X14=00000002 mulhu   s3,a3,a4
PC=000003D0 [00058913] X18=00000006 X11=00000006 X00=00000000 addi    s2,a1,0
PC=000003D4 [013607B3] X15=0000000C X12=00000006 X19=00000006 add     a5,a2,s3
PC=000003D8 [00078993] X19=0000000C X15=0000000C X00=00000000 addi    s3,a5,0
PC=000003DC [00C0006F] X00=00000000 X00=00000000 X12=00000006 jal     zero,12
PC=000003E8 [00090713] X14=00000006 X18=00000006 X00=00000000 addi    a4,s2,0
PC=000003EC [00098793] X15=0000000C X19=0000000C X00=00000000 addi    a5,s3,0
PC=000003F0 [00070513] X10=00000006 X14=00000006 X00=00000000 addi    a0,a4,0
PC=000003F4 [00078593] X11=0000000C X15=0000000C X00=00000000 addi    a1,a5,0
PC=000003F8 [01C12083] X01=000003A8 X02=004FFD00 X28=00000000 lw      ra,28(sp)
PC=000003FC [01812403] X08=004FFD40 X02=004FFD00 X24=00000000 lw      s0/fp,24(sp)
PC=00000400 [01412903] X18=00000000 X02=004FFD00 X20=00000000 lw      s2,20(sp)
PC=00000404 [01012983] X19=00000000 X02=004FFD00 X16=00000001 lw      s3,16(sp)
PC=00000408 [02010113] X02=004FFD20 X02=004FFD00 X00=00000000 addi    sp,sp,32
PC=0000040C [00008067] X00=00000000 X01=000003A8 X00=00000000 jalr    zero,ra,0
PC=000003A8 [00050713] X14=00000006 X10=00000006 X00=00000000 addi    a4,a0,0
PC=000003AC [00058793] X15=0000000C X11=0000000C X00=00000000 addi    a5,a1,0
PC=000003B0 [FE842683] X13=00000004 X08=004FFD40 X08=004FFD40 lw      a3,-24(s0/fp)
PC=000003B4 [02F68633] X12=00000030 X13=00000004 X15=0000000C mul     a2,a3,a5
PC=000003B8 [FEC42683] X13=00000000 X08=004FFD40 X12=00000030 lw      a3,-20(s0/fp)
PC=000003BC [02E686B3] X13=00000000 X13=00000000 X14=00000006 mul     a3,a3,a4
PC=000003C0 [00D60633] X12=00000030 X12=00000030 X13=00000000 add     a2,a2,a3
PC=000003C4 [FE842683] X13=00000004 X08=004FFD40 X08=004FFD40 lw      a3,-24(s0/fp)
PC=000003C8 [02E685B3] X11=00000018 X13=00000004 X14=00000006 mul     a1,a3,a4
PC=000003CC [02E6B9B3] X19=00000018 X13=00000004 X14=00000006 mulhu   s3,a3,a4
PC=000003D0 [00058913] X18=00000018 X11=00000018 X00=00000000 addi    s2,a1,0
PC=000003D4 [013607B3] X15=00000048 X12=00000030 X19=00000018 add     a5,a2,s3
PC=000003D8 [00078993] X19=00000048 X15=00000048 X00=00000000 addi    s3,a5,0
PC=000003DC [00C0006F] X00=00000000 X00=00000000 X12=00000030 jal     zero,12
PC=000003E8 [00090713] X14=00000018 X18=00000018 X00=00000000 addi    a4,s2,0
PC=000003EC [00098793] X15=00000048 X19=00000048 X00=00000000 addi    a5,s3,0
PC=000003F0 [00070513] X10=00000018 X14=00000018 X00=00000000 addi    a0,a4,0
PC=000003F4 [00078593] X11=00000048 X15=00000048 X00=00000000 addi    a1,a5,0
PC=000003F8 [01C12083] X01=000003A8 X02=004FFD20 X28=00000000 lw      ra,28(sp)
PC=000003FC [01812403] X08=004FFD60 X02=004FFD20 X24=00000000 lw      s0/fp,24(sp)
PC=00000400 [01412903] X18=00000000 X02=004FFD20 X20=00000000 lw      s2,20(sp)
PC=00000404 [01012983] X19=00000000 X02=004FFD20 X16=00000001 lw      s3,16(sp)
PC=00000408 [02010113] X02=004FFD40 X02=004FFD20 X00=00000000 addi    sp,sp,32
PC=0000040C [00008067] X00=00000000 X01=000003A8 X00=00000000 jalr    zero,ra,0
PC=000003A8 [00050713] X14=00000018 X10=00000018 X00=00000000 addi    a4,a0,0
PC=000003AC [00058793] X15=00000048 X11=00000048 X00=00000000 addi    a5,a1,0
PC=000003B0 [FE842683] X13=00000005 X08=004FFD60 X08=004FFD60 lw      a3,-24(s0/fp)
PC=000003B4 [02F68633] X12=00000168 X13=00000005 X15=00000048 mul     a2,a3,a5
PC=000003B8 [FEC42683] X13=00000000 X08=004FFD60 X12=00000168 lw      a3,-20(s0/fp)
PC=000003BC [02E686B3] X13=00000000 X13=00000000 X14=00000018 mul     a3,a3,a4
PC=000003C0 [00D60633] X12=00000168 X12=00000168 X13=00000000 add     a2,a2,a3
PC=000003C4 [FE842683] X13=00000005 X08=004FFD60 X08=004FFD60 lw      a3,-24(s0/fp)
PC=000003C8 [02E685B3] X11=00000078 X13=00000005 X14=00000018 mul     a1,a3,a4
PC=000003CC [02E6B9B3] X19=00000078 X13=00000005 X14=00000018 mulhu   s3,a3,a4
PC=000003D0 [00058913] X18=00000078 X11=00000078 X00=00000000 addi    s2,a1,0
PC=000003D4 [013607B3] X15=000001E0 X12=00000168 X19=00000078 add     a5,a2,s3
PC=000003D8 [00078993] X19=000001E0 X15=000001E0 X00=00000000 addi    s3,a5,0
PC=000003DC [00C0006F] X00=00000000 X00=00000000 X12=00000168 jal     zero,12
PC=000003E8 [00090713] X14=00000078 X18=00000078 X00=00000000 addi    a4,s2,0
PC=000003EC [00098793] X15=000001E0 X19=000001E0 X00=00000000 addi    a5,s3,0
PC=000003F0 [00070513] X10=00000078 X14=00000078 X00=00000000 addi    a0,a4,0
PC=000003F4 [00078593] X11=000001E0 X15=000001E0 X00=00000000 addi    a1,a5,0
PC=000003F8 [01C12083] X01=000003A8 X02=004FFD40 X28=00000000 lw      ra,28(sp)
PC=000003FC [01812403] X08=004FFD80 X02=004FFD40 X24=00000000 lw      s0/fp,24(sp)
PC=00000400 [01412903] X18=00000000 X02=004FFD40 X20=00000000 lw      s2,20(sp)
PC=00000404 [01012983] X19=00000000 X02=004FFD40 X16=00000001 lw      s3,16(sp)
PC=00000408 [02010113] X02=004FFD60 X02=004FFD40 X00=00000000 addi    sp,sp,32
PC=0000040C [00008067] X00=00000000 X01=000003A8 X00=00000000 jalr    zero,ra,0
PC=000003A8 [00050713] X14=00000078 X10=00000078 X00=00000000 addi    a4,a0,0
PC=000003AC [00058793] X15=000001E0 X11=000001E0 X00=00000000 addi    a5,a1,0
PC=000003B0 [FE842683] X13=00000006 X08=004FFD80 X08=004FFD80 lw      a3,-24(s0/fp)
PC=000003B4 [02F68633] X12=00000B40 X13=00000006 X15=000001E0 mul     a2,a3,a5
PC=000003B8 [FEC42683] X13=00000000 X08=004FFD80 X12=00000B40 lw      a3,-20(s0/fp)
PC=000003BC [02E686B3] X13=00000000 X13=00000000 X14=00000078 mul     a3,a3,a4
PC=000003C0 [00D60633] X12=00000B40 X12=00000B40 X13=00000000 add     a2,a2,a3
PC=000003C4 [FE842683] X13=00000006 X08=004FFD80 X08=004FFD80 lw      a3,-24(s0/fp)
PC=000003C8 [02E685B3] X11=000002D0 X13=00000006 X14=00000078 mul     a1,a3,a4
PC=000003CC [02E6B9B3] X19=000002D0 X13=00000006 X14=00000078 mulhu   s3,a3,a4
PC=000003D0 [00058913] X18=000002D0 X11=000002D0 X00=00000000 addi    s2,a1,0
PC=000003D4 [013607B3] X15=00000E10 X12=00000B40 X19=000002D0 add     a5,a2,s3
PC=000003D8 [00078993] X19=00000E10 X15=00000E10 X00=00000000 addi    s3,a5,0
PC=000003DC [00C0006F] X00=00000000 X00=00000000 X12=00000B40 jal     zero,12
PC=000003E8 [00090713] X14=000002D0 X18=000002D0 X00=00000000 addi    a4,s2,0
PC=000003EC [00098793] X15=00000E10 X19=00000E10 X00=00000000 addi    a5,s3,0
PC=000003F0 [00070513] X10=000002D0 X14=000002D0 X00=00000000 addi    a0,a4,0
PC=000003F4 [00078593] X11=00000E10 X15=00000E10 X00=00000000 addi    a1,a5,0
PC=000003F8 [01C12083] X01=000003A8 X02=004FFD60 X28=00000000 lw      ra,28(sp)
PC=000003FC [01812403] X08=004FFDA0 X02=004FFD60 X24=00000000 lw      s0/fp,24(sp)
PC=00000400 [01412903] X18=00000000 X02=004FFD60 X20=00000000 lw      s2,20(sp)
PC=00000404 [01012983] X19=00000000 X02=004FFD60 X16=00000001 lw      s3,16(sp)
PC=00000408 [02010113] X02=004FFD80 X02=004FFD60 X00=00000000 addi    sp,sp,32
PC=0000040C [00008067] X00=00000000 X01=000003A8 X00=00000000 jalr    zero,ra,0
PC=000003A8 [00050713] X14=000002D0 X10=000002D0 X00=00000000 addi    a4,a0,0
PC=000003AC [00058793] X15=00000E10 X11=00000E10 X00=00000000 addi    a5,a1,0
PC=000003B0 [FE842683] X13=00000007 X08=004FFDA0 X08=004FFDA0 lw      a3,-24(s0/fp)
PC=000003B4 [02F68633] X12=00006270 X13=00000007 X15=00000E10 mul     a2,a3,a5
PC=000003B8 [FEC42683] X13=00000000 X08=004FFDA0 X12=00006270 lw      a3,-20(s0/fp)
PC=000003BC [02E686B3] X13=00000000 X13=00000000 X14=000002D0 mul     a3,a3,a4
PC=000003C0 [00D60633] X12=00006270 X12=00006270 X13=00000000 add     a2,a2,a3
PC=000003C4 [FE842683] X13=00000007 X08=004FFDA0 X08=004FFDA0 lw      a3,-24(s0/fp)
PC=000003C8 [02E685B3] X11=000013B0 X13=00000007 X14=000002D0 mul     a1,a3,a4
PC=000003CC [02E6B9B3] X19=000013B0 X13=00000007 X14=000002D0 mulhu   s3,a3,a4
PC=000003D0 [00058913] X18=000013B0 X11=000013B0 X00=00000000 addi    s2,a1,0
PC=000003D4 [013607B3] X15=00007620 X12=00006270 X19=000013B0 add     a5,a2,s3
PC=000003D8 [00078993] X19=00007620 X15=00007620 X00=00000000 addi    s3,a5,0
PC=000003DC [00C0006F] X00=00000000 X00=00000000 X12=00006270 jal     zero,12
PC=000003E8 [00090713] X14=000013B0 X18=000013B0 X00=00000000 addi    a4,s2,0
PC=000003EC [00098793] X15=00007620 X19=00007620 X00=00000000 addi    a5,s3,0
PC=000003F0 [00070513] X10=000013B0 X14=000013B0 X00=00000000 addi    a0,a4,0
PC=000003F4 [00078593] X11=00007620 X15=00007620 X00=00000000 addi    a1,a5,0
PC=000003F8 [01C12083] X01=000003A8 X02=004FFD80 X28=00000000 lw      ra,28(sp)
PC=000003FC [01812403] X08=004FFDC0 X02=004FFD80 X24=00000000 lw      s0/fp,24(sp)
PC=00000400 [01412903] X18=00000000 X02=004FFD80 X20=00000000 lw      s2,20(sp)
PC=00000404 [01012983] X19=00000000 X02=004FFD80 X16=00000001 lw      s3,16(sp)
PC=00000408 [02010113] X02=004FFDA0 X02=004FFD80 X00=00000000 addi    sp,sp,32
PC=0000040C [00008067] X00=00000000 X01=000003A8 X00=00000000 jalr    zero,ra,0
PC=000003A8 [00050713] X14=000013B0 X10=000013B0 X00=00000000 addi    a4,a0,0
PC=000003AC [00058793] X15=00007620 X11=00007620 X00=00000000 addi    a5,a1,0
PC=000003B0 [FE842683] X13=00000008 X08=004FFDC0 X08=004FFDC0 lw      a3,-24(s0/fp)
PC=000003B4 [02F68633] X12=0003B100 X13=00000008 X15=00007620 mul     a2,a3,a5
PC=000003B8 [FEC42683] X13=00000000 X08=004FFDC0 X12=0003B100 lw      a3,-20(s0/fp)
PC=000003BC [02E686B3] X13=00000000 X13=00000000 X14=000013B0 mul     a3,a3,a4
PC=000003C0 [00D60633] X12=0003B100 X12=0003B100 X13=00000000 add     a2,a2,a3
PC=000003C4 [FE842683] X13=00000008 X08=004FFDC0 X08=004FFDC0 lw      a3,-24(s0/fp)
PC=000003C8 [02E685B3] X11=00009D80 X13=00000008 X14=000013B0 mul     a1,a3,a4
PC=000003CC [02E6B9B3] X19=00009D80 X13=00000008 X14=000013B0 mulhu   s3,a3,a4
PC=000003D0 [00058913] X18=00009D80 X11=00009D80 X00=00000000 addi    s2,a1,0
PC=000003D4 [013607B3] X15=00044E80 X12=0003B100 X19=00009D80 add     a5,a2,s3
PC=000003D8 [00078993] X19=00044E80 X15=00044E80 X00=00000000 addi    s3,a5,0
PC=000003DC [00C0006F] X00=00000000 X00=00000000 X12=0003B100 jal     zero,12
PC=000003E8 [00090713] X14=00009D80 X18=00009D80 X00=00000000 addi    a4,s2,0
PC=000003EC [00098793] X15=00044E80 X19=00044E80 X00=00000000 addi    a5,s3,0
PC=000003F0 [00070513] X10=00009D80 X14=00009D80 X00=00000000 addi    a0,a4,0
PC=000003F4 [00078593] X11=00044E80 X15=00044E80 X00=00000000 addi    a1,a5,0
PC=000003F8 [01C12083] X01=000003A8 X02=004FFDA0 X28=00000000 lw      ra,28(sp)
PC=000003FC [01812403] X08=004FFDE0 X02=004FFDA0 X24=00000000 lw      s0/fp,24(sp)
PC=00000400 [01412903] X18=00000000 X02=004FFDA0 X20=00000000 lw      s2,20(sp)
PC=00000404 [01012983] X19=00000000 X02=004FFDA0 X16=00000001 lw      s3,16(sp)
PC=00000408 [02010113] X02=004FFDC0 X02=004FFDA0 X00=00000000 addi    sp,sp,32
PC=0000040C [00008067] X00=00000000 X01=000003A8 X00=00000000 jalr    zero,ra,0
PC=000003A8 [00050713] X14=00009D80 X10=00009D80 X00=00000000 addi    a4,a0,0
PC=000003AC [00058793] X15=00044E80 X11=00044E80 X00=00000000 addi    a5,a1,0
PC=000003B0 [FE842683] X13=00000009 X08=004FFDE0 X08=004FFDE0 lw      a3,-24(s0/fp)
PC=000003B4 [02F68633] X12=0026C280 X13=00000009 X15=00044E80 mul     a2,a3,a5
PC=000003B8 [FEC42683] X13=00000000 X08=004FFDE0 X12=0026C280 lw      a3,-20(s0/fp)
PC=000003BC [02E686B3] X13=00000000 X13=00000000 X14=00009D80 mul     a3,a3,a4
PC=000003C0 [00D60633] X12=0026C280 X12=0026C280 X13=00000000 add     a2,a2,a3
PC=000003C4 [FE842683] X13=00000009 X08=004FFDE0 X08=004FFDE0 lw      a3,-24(s0/fp)
PC=000003C8 [02E685B3] X11=00058980 X13=00000009 X14=00009D80 mul     a1,a3,a4
PC=000003CC [02E6B9B3] X19=00058980 X13=00000009 X14=00009D80 mulhu   s3,a3,a4
PC=000003D0 [00058913] X18=00058980 X11=00058980 X00=00000000 addi    s2,a1,0
PC=000003D4 [013607B3] X15=002C4C00 X12=0026C280 X19=00058980 add     a5,a2,s3
PC=000003D8 [00078993] X19=002C4C00 X15=002C4C00 X00=00000000 addi    s3,a5,0
PC=000003DC [00C0006F] X00=00000000 X00=00000000 X12=0026C280 jal     zero,12
PC=000003E8 [00090713] X14=00058980 X18=00058980 X00=00000000 addi    a4,s2,0
PC=000003EC [00098793] X15=002C4C00 X19=002C4C00 X00=00000000 addi    a5,s3,0
PC=000003F0 [00070513] X10=00058980 X14=00058980 X00=00000000 addi    a0,a4,0
PC=000003F4 [00078593] X11=002C4C00 X15=002C4C00 X00=00000000 addi    a1,a5,0
PC=000003F8 [01C12083] X01=000003A8 X02=004FFDC0 X28=00000000 lw      ra,28(sp)
PC=000003FC [01812403] X08=004FFE00 X02=004FFDC0 X24=00000000 lw      s0/fp,24(sp)
PC=00000400 [01412903] X18=00000000 X02=004FFDC0 X20=00000000 lw      s2,20(sp)
PC=00000404 [01012983] X19=00000000 X02=004FFDC0 X16=00000001 lw      s3,16(sp)
PC=00000408 [02010113] X02=004FFDE0 X02=004FFDC0 X00=00000000 addi    sp,sp,32
PC=0000040C [00008067] X00=00000000 X01=000003A8 X00=00000000 jalr    zero,ra,0
PC=000003A8 [00050713] X14=00058980 X10=00058980 X00=00000000 addi    a4,a0,0
PC=000003AC [00058793] X15=002C4C00 X11=002C4C00 X00=00000000 addi    a5,a1,0
PC=000003B0 [FE842683] X13=0000000A X08=004FFE00 X08=004FFE00 lw      a3,-24(s0/fp)
PC=000003B4 [02F68633] X12=01BAF800 X13=0000000A X15=002C4C00 mul     a2,a3,a5
PC=000003B8 [FEC42683] X13=00000000 X08=004FFE00 X12=01BAF800 lw      a3,-20(s0/fp)
PC=000003BC [02E686B3] X13=00000000 X13=00000000 X14=00058980 mul     a3,a3,a4
PC=000003C0 [00D60633] X12=01BAF800 X12=01BAF800 X13=00000000 add     a2,a2,a3
PC=000003C4 [FE842683] X13=0000000A X08=004FFE00 X08=004FFE00 lw      a3,-24(s0/fp)
PC=000003C8 [02E685B3] X11=00375F00 X13=0000000A X14=00058980 mul     a1,a3,a4
PC=000003CC [02E6B9B3] X19=00375F00 X13=0000000A X14=00058980 mulhu   s3,a3,a4
PC=000003D0 [00058913] X18=00375F00 X11=00375F00 X00=00000000 addi    s2,a1,0
PC=000003D4 [013607B3] X15=01F25700 X12=01BAF800 X19=00375F00 add     a5,a2,s3
PC=000003D8 [00078993] X19=01F25700 X15=01F25700 X00=00000000 addi    s3,a5,0
PC=000003DC [00C0006F] X00=00000000 X00=00000000 X12=01BAF800 jal     zero,12
PC=000003E8 [00090713] X14=00375F00 X18=00375F00 X00=00000000 addi    a4,s2,0
PC=000003EC [00098793] X15=01F25700 X19=01F25700 X00=00000000 addi    a5,s3,0
PC=000003F0 [00070513] X10=00375F00 X14=00375F00 X00=00000000 addi    a0,a4,0
PC=000003F4 [00078593] X11=01F25700 X15=01F25700 X00=00000000 addi    a1,a5,0
PC=000003F8 [01C12083] X01=000003A8 X02=004FFDE0 X28=00000000 lw      ra,28(sp)
PC=000003FC [01812403] X08=004FFE20 X02=004FFDE0 X24=00000000 lw      s0/fp,24(sp)
PC=00000400 [01412903] X18=00000000 X02=004FFDE0 X20=00000000 lw      s2,20(sp)
PC=00000404 [01012983] X19=00000000 X02=004FFDE0 X16=00000001 lw      s3,16(sp)
PC=00000408 [02010113] X02=004FFE00 X02=004FFDE0 X00=00000000 addi    sp,sp,32
PC=0000040C [00008067] X00=00000000 X01=000003A8 X00=00000000 jalr    zero,ra,0
PC=000003A8 [00050713] X14=00375F00 X10=00375F00 X00=00000000 addi    a4,a0,0
PC=000003AC [00058793] X15=01F25700 X11=01F25700 X00=00000000 addi    a5,a1,0
PC=000003B0 [FE842683] X13=0000000B X08=004FFE20 X08=004FFE20 lw      a3,-24(s0/fp)
PC=000003B4 [02F68633] X12=1569BD00 X13=0000000B X15=01F25700 mul     a2,a3,a5
PC=000003B8 [FEC42683] X13=00000000 X08=004FFE20 X12=1569BD00 lw      a3,-20(s0/fp)
PC=000003BC [02E686B3] X13=00000000 X13=00000000 X14=00375F00 mul     a3,a3,a4
PC=000003C0 [00D60633] X12=1569BD00 X12=1569BD00 X13=00000000 add     a2,a2,a3
PC=000003C4 [FE842683] X13=0000000B X08=004FFE20 X08=004FFE20 lw      a3,-24(s0/fp)
PC=000003C8 [02E685B3] X11=02611500 X13=0000000B X14=00375F00 mul     a1,a3,a4
PC=000003CC [02E6B9B3] X19=02611500 X13=0000000B X14=00375F00 mulhu   s3,a3,a4
PC=000003D0 [00058913] X18=02611500 X11=02611500 X00=00000000 addi    s2,a1,0
PC=000003D4 [013607B3] X15=17CAD200 X12=1569BD00 X19=02611500 add     a5,a2,s3
PC=000003D8 [00078993] X19=17CAD200 X15=17CAD200 X00=00000000 addi    s3,a5,0
PC=000003DC [00C0006F] X00=00000000 X00=00000000 X12=1569BD00 jal     zero,12
PC=000003E8 [00090713] X14=02611500 X18=02611500 X00=00000000 addi    a4,s2,0
PC=000003EC [00098793] X15=17CAD200 X19=17CAD200 X00=00000000 addi    a5,s3,0
PC=000003F0 [00070513] X10=02611500 X14=02611500 X00=00000000 addi    a0,a4,0
PC=000003F4 [00078593] X11=17CAD200 X15=17CAD200 X00=00000000 addi    a1,a5,0
PC=000003F8 [01C12083] X01=000003A8 X02=004FFE00 X28=00000000 lw      ra,28(sp)
PC=000003FC [01812403] X08=004FFE40 X02=004FFE00 X24=00000000 lw      s0/fp,24(sp)
PC=00000400 [01412903] X18=00000000 X02=004FFE00 X20=00000000 lw      s2,20(sp)
PC=00000404 [01012983] X19=00000000 X02=004FFE00 X16=00000001 lw      s3,16(sp)
PC=00000408 [02010113] X02=004FFE20 X02=004FFE00 X00=00000000 addi    sp,sp,32
PC=0000040C [00008067] X00=00000000 X01=000003A8 X00=00000000 jalr    zero,ra,0
PC=000003A8 [00050713] X14=02611500 X10=02611500 X00=00000000 addi    a4,a0,0
PC=000003AC [00058793] X15=17CAD200 X11=17CAD200 X00=00000000 addi    a5,a1,0
PC=000003B0 [FE842683] X13=0000000C X08=004FFE40 X08=004FFE40 lw      a3,-24(s0/fp)
PC=000003B4 [02F68633] X12=1D81D800 X13=0000000C X15=17CAD200 mul     a2,a3,a5
PC=000003B8 [FEC42683] X13=00000000 X08=004FFE40 X12=1D81D800 lw      a3,-20(s0/fp)
PC=000003BC [02E686B3] X13=00000000 X13=00000000 X14=02611500 mul     a3,a3,a4
PC=000003C0 [00D60633] X12=1D81D800 X12=1D81D800 X13=00000000 add     a2,a2,a3
PC=000003C4 [FE842683] X13=0000000C X08=004FFE40 X08=004FFE40 lw      a3,-24(s0/fp)
PC=000003C8 [02E685B3] X11=1C8CFC00 X13=0000000C X14=02611500 mul     a1,a3,a4
PC=000003CC [02E6B9B3] X19=1C8CFC00 X13=0000000C X14=02611500 mulhu   s3,a3,a4
PC=000003D0 [00058913] X18=1C8CFC00 X11=1C8CFC00 X00=00000000 addi    s2,a1,0
PC=000003D4 [013607B3] X15=3A0ED400 X12=1D81D800 X19=1C8CFC00 add     a5,a2,s3
PC=000003D8 [00078993] X19=3A0ED400 X15=3A0ED400 X00=00000000 addi    s3,a5,0
PC=000003DC [00C0006F] X00=00000000 X00=00000000 X12=1D81D800 jal     zero,12
PC=000003E8 [00090713] X14=1C8CFC00 X18=1C8CFC00 X00=00000000 addi    a4,s2,0
PC=000003EC [00098793] X15=3A0ED400 X19=3A0ED400 X00=00000000 addi    a5,s3,0
PC=000003F0 [00070513] X10=1C8CFC00 X14=1C8CFC00 X00=00000000 addi    a0,a4,0
PC=000003F4 [00078593] X11=3A0ED400 X15=3A0ED400 X00=00000000 addi    a1,a5,0
PC=000003F8 [01C12083] X01=000003A8 X02=004FFE20 X28=00000000 lw      ra,28(sp)
PC=000003FC [01812403] X08=004FFE60 X02=004FFE20 X24=00000000 lw      s0/fp,24(sp)
PC=00000400 [01412903] X18=00000000 X02=004FFE20 X20=00000000 lw      s2,20(sp)
PC=00000404 [01012983] X19=00000000 X02=004FFE20 X16=00000001 lw      s3,16(sp)
PC=00000408 [02010113] X02=004FFE40 X02=004FFE20 X00=00000000 addi    sp,sp,32
PC=0000040C [00008067] X00=00000000 X01=000003A8 X00=00000000 jalr    zero,ra,0
PC=000003A8 [00050713] X14=1C8CFC00 X10=1C8CFC00 X00=00000000 addi    a4,a0,0
PC=000003AC [00058793] X15=3A0ED400 X11=3A0ED400 X00=00000000 addi    a5,a1,0
PC=000003B0 [FE842683] X13=0000000D X08=004FFE60 X08=004FFE60 lw      a3,-24(s0/fp)
PC=000003B4 [02F68633] X12=F2C0C400 X13=0000000D X15=3A0ED400 mul     a2,a3,a5
PC=000003B8 [FEC42683] X13=00000000 X08=004FFE60 X12=F2C0C400 lw      a3,-20(s0/fp)
PC=000003BC [02E686B3] X13=00000000 X13=00000000 X14=1C8CFC00 mul     a3,a3,a4
PC=000003C0 [00D60633] X12=F2C0C400 X12=F2C0C400 X13=00000000 add     a2,a2,a3
PC=000003C4 [FE842683] X13=0000000D X08=004FFE60 X08=004FFE60 lw      a3,-24(s0/fp)
PC=000003C8 [02E685B3] X11=7328CC00 X13=0000000D X14=1C8CFC00 mul     a1,a3,a4
PC=000003CC [02E6B9B3] X19=17328CC0 X13=0000000D X14=1C8CFC00 mulhu   s3,a3,a4
PC=000003D0 [00058913] X18=7328CC00 X11=7328CC00 X00=00000000 addi    s2,a1,0
PC=000003D4 [013607B3] X15=09F350C0 X12=F2C0C400 X19=17328CC0 add     a5,a2,s3
PC=000003D8 [00078993] X19=09F350C0 X15=09F350C0 X00=00000000 addi    s3,a5,0
PC=000003DC [00C0006F] X00=00000000 X00=00000000 X12=F2C0C400 jal     zero,12
PC=000003E8 [00090713] X14=7328CC00 X18=7328CC00 X00=00000000 addi    a4,s2,0
PC=000003EC [00098793] X15=09F350C0 X19=09F350C0 X00=00000000 addi    a5,s3,0
PC=000003F0 [00070513] X10=7328CC00 X14=7328CC00 X00=00000000 addi    a0,a4,0
PC=000003F4 [00078593] X11=09F350C0 X15=09F350C0 X00=00000000 addi    a1,a5,0
PC=000003F8 [01C12083] X01=000003A8 X02=004FFE40 X28=00000000 lw      ra,28(sp)
PC=000003FC [01812403] X08=004FFE80 X02=004FFE40 X24=00000000 lw      s0/fp,24(sp)
PC=00000400 [01412903] X18=00000000 X02=004FFE40 X20=00000000 lw      s2,20(sp)
PC=00000404 [01012983] X19=00000000 X02=004FFE40 X16=00000001 lw      s3,16(sp)
PC=00000408 [02010113] X02=004FFE60 X02=004FFE40 X00=00000000 addi    sp,sp,32
PC=0000040C [00008067] X00=00000000 X01=000003A8 X00=00000000 jalr    zero,ra,0
PC=000003A8 [00050713] X14=7328CC00 X10=7328CC00 X00=00000000 addi    a4,a0,0
PC=000003AC [00058793] X15=09F350C0 X11=09F350C0 X00=00000000 addi    a5,a1,0
PC=000003B0 [FE842683] X13=0000000E X08=004FFE80 X08=004FFE80 lw      a3,-24(s0/fp)
PC=000003B4 [02F68633] X12=8B4E6A80 X13=0000000E X15=09F350C0 mul     a2,a3,a5
PC=000003B8 [FEC42683] X13=00000000 X08=004FFE80 X12=8B4E6A80 lw      a3,-20(s0/fp)
PC=000003BC [02E686B3] X13=00000000 X13=00000000 X14=7328CC00 mul     a3,a3,a4
PC=000003C0 [00D60633] X12=8B4E6A80 X12=8B4E6A80 X13=00000000 add     a2,a2,a3
PC=000003C4 [FE842683] X13=0000000E X08=004FFE80 X08=004FFE80 lw      a3,-24(s0/fp)
PC=000003C8 [02E685B3] X11=4C3B2800 X13=0000000E X14=7328CC00 mul     a1,a3,a4
PC=000003CC [02E6B9B3] X19=64C3B280 X13=0000000E X14=7328CC00 mulhu   s3,a3,a4
PC=000003D0 [00058913] X18=4C3B2800 X11=4C3B2800 X00=00000000 addi    s2,a1,0
PC=000003D4 [013607B3] X15=F0121D00 X12=8B4E6A80 X19=64C3B280 add     a5,a2,s3
PC=000003D8 [00078993] X19=F0121D00 X15=F0121D00 X00=00000000 addi    s3,a5,0
PC=000003DC [00C0006F] X00=00000000 X00=00000000 X12=8B4E6A80 jal     zero,12
PC=000003E8 [00090713] X14=4C3B2800 X18=4C3B2800 X00=00000000 addi    a4,s2,0
PC=000003EC [00098793] X15=F0121D00 X19=F0121D00 X00=00000000 addi    a5,s3,0
PC=000003F0 [00070513] X10=4C3B2800 X14=4C3B2800 X00=00000000 addi    a0,a4,0
PC=000003F4 [00078593] X11=F0121D00 X15=F0121D00 X00=00000000 addi    a1,a5,0
PC=000003F8 [01C12083] X01=000003A8 X02=004FFE60 X28=00000000 lw      ra,28(sp)
PC=000003FC [01812403] X08=004FFEA0 X02=004FFE60 X24=00000000 lw      s0/fp,24(sp)
PC=00000400 [01412903] X18=00000000 X02=004FFE60 X20=00000000 lw      s2,20(sp)
PC=00000404 [01012983] X19=00000000 X02=004FFE60 X16=00000001 lw      s3,16(sp)
PC=00000408 [02010113] X02=004FFE80 X02=004FFE60 X00=00000000 addi    sp,sp,32
PC=0000040C [00008067] X00=00000000 X01=000003A8 X00=00000000 jalr    zero,ra,0
PC=000003A8 [00050713] X14=4C3B2800 X10=4C3B2800 X00=00000000 addi    a4,a0,0
PC=000003AC [00058793] X15=F0121D00 X11=F0121D00 X00=00000000 addi    a5,a1,0
PC=000003B0 [FE842683] X13=0000000F X08=004FFEA0 X08=004FFEA0 lw      a3,-24(s0/fp)
PC=000003B4 [02F68633] X12=110FB300 X13=0000000F X15=F0121D00 mul     a2,a3,a5
PC=000003B8 [FEC42683] X13=00000000 X08=004FFEA0 X12=110FB300 lw      a3,-20(s0/fp)
PC=000003BC [02E686B3] X13=00000000 X13=00000000 X14=4C3B2800 mul     a3,a3,a4
PC=000003C0 [00D60633] X12=110FB300 X12=110FB300 X13=00000000 add     a2,a2,a3
PC=000003C4 [FE842683] X13=0000000F X08=004FFEA0 X08=004FFEA0 lw      a3,-24(s0/fp)
PC=000003C8 [02E685B3] X11=77775800 X13=0000000F X14=4C3B2800 mul     a1,a3,a4
PC=000003CC [02E6B9B3] X19=47777580 X13=0000000F X14=4C3B2800 mulhu   s3,a3,a4
PC=000003D0 [00058913] X18=77775800 X11=77775800 X00=00000000 addi    s2,a1,0
PC=000003D4 [013607B3] X15=58872880 X12=110FB300 X19=47777580 add     a5,a2,s3
PC=000003D8 [00078993] X19=58872880 X15=58872880 X00=00000000 addi    s3,a5,0
PC=000003DC [00C0006F] X00=00000000 X00=00000000 X12=110FB300 jal     zero,12
PC=000003E8 [00090713] X14=77775800 X18=77775800 X00=00000000 addi    a4,s2,0
PC=000003EC [00098793] X15=58872880 X19=58872880 X00=00000000 addi    a5,s3,0
PC=000003F0 [00070513] X10=77775800 X14=77775800 X00=00000000 addi    a0,a4,0
PC=000003F4 [00078593] X11=58872880 X15=58872880 X00=00000000 addi    a1,a5,0
PC=000003F8 [01C12083] X01=000003A8 X02=004FFE80 X28=00000000 lw      ra,28(sp)
PC=000003FC [01812403] X08=004FFEC0 X02=004FFE80 X24=00000000 lw      s0/fp,24(sp)
PC=00000400 [01412903] X18=00000000 X02=004FFE80 X20=00000000 lw      s2,20(sp)
PC=00000404 [01012983] X19=00000000 X02=004FFE80 X16=00000001 lw      s3,16(sp)
PC=00000408 [02010113] X02=004FFEA0 X02=004FFE80 X00=00000000 addi    sp,sp,32
PC=0000040C [00008067] X00=00000000 X01=000003A8 X00=00000000 jalr    zero,ra,0
PC=000003A8 [00050713] X14=77775800 X10=77775800 X00=00000000 addi    a4,a0,0
PC=000003AC [00058793] X15=58872880 X11=58872880 X00=00000000 addi    a5,a1,0
PC=000003B0 [FE842683] X13=00000010 X08=004FFEC0 X08=004FFEC0 lw      a3,-24(s0/fp)
PC=000003B4 [02F68633] X12=88728800 X13=00000010 X15=58872880 mul     a2,a3,a5
PC=000003B8 [FEC42683] X13=00000000 X08=004FFEC0 X12=88728800 lw      a3,-20(s0/fp)
PC=000003BC [02E686B3] X13=00000000 X13=00000000 X14=77775800 mul     a3,a3,a4
PC=000003C0 [00D60633] X12=88728800 X12=88728800 X13=00000000 add     a2,a2,a3
PC=000003C4 [FE842683] X13=00000010 X08=004FFEC0 X08=004FFEC0 lw      a3,-24(s0/fp)
PC=000003C8 [02E685B3] X11=77758000 X13=00000010 X14=77775800 mul     a1,a3,a4
PC=000003CC [02E6B9B3] X19=77775800 X13=00000010 X14=77775800 mulhu   s3,a3,a4
PC=000003D0 [00058913] X18=77758000 X11=77758000 X00=00000000 addi    s2,a1,0
PC=000003D4 [013607B3] X15=FFE9E000 X12=88728800 X19=77775800 add     a5,a2,s3
PC=000003D8 [00078993] X19=FFE9E000 X15=FFE9E000 X00=00000000 addi    s3,a5,0
PC=000003DC [00C0006F] X00=00000000 X00=00000000 X12=88728800 jal     zero,12
PC=000003E8 [00090713] X14=77758000 X18=77758000 X00=00000000 addi    a4,s2,0
PC=000003EC [00098793] X15=FFE9E000 X19=FFE9E000 X00=00000000 addi    a5,s3,0
PC=000003F0 [00070513] X10=77758000 X14=77758000 X00=00000000 addi    a0,a4,0
PC=000003F4 [00078593] X11=FFE9E000 X15=FFE9E000 X00=00000000 addi    a1,a5,0
PC=000003F8 [01C12083] X01=000003A8 X02=004FFEA0 X28=00000000 lw      ra,28(sp)
PC=000003FC [01812403] X08=004FFEE0 X02=004FFEA0 X24=00000000 lw      s0/fp,24(sp)
PC=00000400 [01412903] X18=00000000 X02=004FFEA0 X20=00000000 lw      s2,20(sp)
PC=00000404 [01012983] X19=00000000 X02=004FFEA0 X16=00000001 lw      s3,16(sp)
PC=00000408 [02010113] X02=004FFEC0 X02=004FFEA0 X00=00000000 addi    sp,sp,32
PC=0000040C [00008067] X00=00000000 X01=000003A8 X00=00000000 jalr    zero,ra,0
PC=000003A8 [00050713] X14=77758000 X10=77758000 X00=00000000 addi    a4,a0,0
PC=000003AC [00058793] X15=FFE9E000 X11=FFE9E000 X00=00000000 addi    a5,a1,0
PC=000003B0 [FE842683] X13=00000011 X08=004FFEE0 X08=004FFEE0 lw      a3,-24(s0/fp)
PC=000003B4 [02F68633] X12=FE87E000 X13=00000011 X15=FFE9E000 mul     a2,a3,a5
PC=000003B8 [FEC42683] X13=00000000 X08=004FFEE0 X12=FE87E000 lw      a3,-20(s0/fp)
PC=000003BC [02E686B3] X13=00000000 X13=00000000 X14=77758000 mul     a3,a3,a4
PC=000003C0 [00D60633] X12=FE87E000 X12=FE87E000 X13=00000000 add     a2,a2,a3
PC=000003C4 [FE842683] X13=00000011 X08=004FFEE0 X08=004FFEE0 lw      a3,-24(s0/fp)
PC=000003C8 [02E685B3] X11=EECD8000 X13=00000011 X14=77758000 mul     a1,a3,a4
PC=000003CC [02E6B9B3] X19=7EECD800 X13=00000011 X14=77758000 mulhu   s3,a3,a4
PC=000003D0 [00058913] X18=EECD8000 X11=EECD8000 X00=00000000 addi    s2,a1,0
PC=000003D4 [013607B3] X15=7D74B800 X12=FE87E000 X19=7EECD800 add     a5,a2,s3
PC=000003D8 [00078993] X19=7D74B800 X15=7D74B800 X00=00000000 addi    s3,a5,0
PC=000003DC [00C0006F] X00=00000000 X00=00000000 X12=FE87E000 jal     zero,12
PC=000003E8 [00090713] X14=EECD8000 X18=EECD8000 X00=00000000 addi    a4,s2,0
PC=000003EC [00098793] X15=7D74B800 X19=7D74B800 X00=00000000 addi    a5,s3,0
PC=000003F0 [00070513] X10=EECD8000 X14=EECD8000 X00=00000000 addi    a0,a4,0
PC=000003F4 [00078593] X11=7D74B800 X15=7D74B800 X00=00000000 addi    a1,a5,0
PC=000003F8 [01C12083] X01=000003A8 X02=004FFEC0 X28=00000000 lw      ra,28(sp)
PC=000003FC [01812403] X08=004FFF00 X02=004FFEC0 X24=00000000 lw      s0/fp,24(sp)
PC=00000400 [01412903] X18=00000000 X02=004FFEC0 X20=00000000 lw      s2,20(sp)
PC=00000404 [01012983] X19=00000000 X02=004FFEC0 X16=00000001 lw      s3,16(sp)
PC=00000408 [02010113] X02=004FFEE0 X02=004FFEC0 X00=00000000 addi    sp,sp,32
PC=0000040C [00008067] X00=00000000 X01=000003A8 X00=00000000 jalr    zero,ra,0
PC=000003A8 [00050713] X14=EECD8000 X10=EECD8000 X00=00000000 addi    a4,a0,0
PC=000003AC [00058793] X15=7D74B800 X11=7D74B800 X00=00000000 addi    a5,a1,0
PC=000003B0 [FE842683] X13=00000012 X08=004FFF00 X08=004FFF00 lw      a3,-24(s0/fp)
PC=000003B4 [02F68633] X12=D234F000 X13=00000012 X15=7D74B800 mul     a2,a3,a5
PC=000003B8 [FEC42683] X13=00000000 X08=004FFF00 X12=D234F000 lw      a3,-20(s0/fp)
PC=000003BC [02E686B3] X13=00000000 X13=00000000 X14=EECD8000 mul     a3,a3,a4
PC=000003C0 [00D60633] X12=D234F000 X12=D234F000 X13=00000000 add     a2,a2,a3
PC=000003C4 [FE842683] X13=00000012 X08=004FFF00 X08=004FFF00 lw      a3,-24(s0/fp)
PC=000003C8 [02E685B3] X11=CA730000 X13=00000012 X14=EECD8000 mul     a1,a3,a4
PC=000003CC [02E6B9B3] X19=10CA7300 X13=00000012 X14=EECD8000 mulhu   s3,a3,a4
PC=000003D0 [00058913] X18=CA730000 X11=CA730000 X00=00000000 addi    s2,a1,0
PC=000003D4 [013607B3] X15=E2FF6300 X12=D234F000 X19=10CA7300 add     a5,a2,s3
PC=000003D8 [00078993] X19=E2FF6300 X15=E2FF6300 X00=00000000 addi    s3,a5,0
PC=000003DC [00C0006F] X00=00000000 X00=00000000 X12=D234F000 jal     zero,12
PC=000003E8 [00090713] X14=CA730000 X18=CA730000 X00=00000000 addi    a4,s2,0
PC=000003EC [00098793] X15=E2FF6300 X19=E2FF6300 X00=00000000 addi    a5,s3,0
PC=000003F0 [00070513] X10=CA730000 X14=CA730000 X00=00000000 addi    a0,a4,0
PC=000003F4 [00078593] X11=E2FF6300 X15=E2FF6300 X00=00000000 addi    a1,a5,0
PC=000003F8 [01C12083] X01=000003A8 X02=004FFEE0 X28=00000000 lw      ra,28(sp)
PC=000003FC [01812403] X08=004FFF20 X02=004FFEE0 X24=00000000 lw      s0/fp,24(sp)
PC=00000400 [01412903] X18=00000000 X02=004FFEE0 X20=00000000 lw      s2,20(sp)
PC=00000404 [01012983] X19=00000000 X02=004FFEE0 X16=00000001 lw      s3,16(sp)
PC=00000408 [02010113] X02=004FFF00 X02=004FFEE0 X00=00000000 addi    sp,sp,32
PC=0000040C [00008067] X00=00000000 X01=000003A8 X00=00000000 jalr    zero,ra,0
PC=000003A8 [00050713] X14=CA730000 X10=CA730000 X00=00000000 addi    a4,a0,0
PC=000003AC [00058793] X15=E2FF6300 X11=E2FF6300 X00=00000000 addi    a5,a1,0
PC=000003B0 [FE842683] X13=00000013 X08=004FFF20 X08=004FFF20 lw      a3,-24(s0/fp)
PC=000003B4 [02F68633] X12=D8F45900 X13=00000013 X15=E2FF6300 mul     a2,a3,a5
PC=000003B8 [FEC42683] X13=00000000 X08=004FFF20 X12=D8F45900 lw      a3,-20(s0/fp)
PC=000003BC [02E686B3] X13=00000000 X13=00000000 X14=CA730000 mul     a3,a3,a4
PC=000003C0 [00D60633] X12=D8F45900 X12=D8F45900 X13=00000000 add     a2,a2,a3
PC=000003C4 [FE842683] X13=00000013 X08=004FFF20 X08=004FFF20 lw      a3,-24(s0/fp)
PC=000003C8 [02E685B3] X11=06890000 X13=00000013 X14=CA730000 mul     a1,a3,a4
PC=000003CC [02E6B9B3] X19=F0689000 X13=00000013 X14=CA730000 mulhu   s3,a3,a4
PC=000003D0 [00058913] X18=06890000 X11=06890000 X00=00000000 addi    s2,a1,0
PC=000003D4 [013607B3] X15=C95CE900 X12=D8F45900 X19=F0689000 add     a5,a2,s3
PC=000003D8 [00078993] X19=C95CE900 X15=C95CE900 X00=00000000 addi    s3,a5,0
PC=000003DC [00C0006F] X00=00000000 X00=00000000 X12=D8F45900 jal     zero,12
PC=000003E8 [00090713] X14=06890000 X18=06890000 X00=00000000 addi    a4,s2,0
PC=000003EC [00098793] X15=C95CE900 X19=C95CE900 X00=00000000 addi    a5,s3,0
PC=000003F0 [00070513] X10=06890000 X14=06890000 X00=00000000 addi    a0,a4,0
PC=000003F4 [00078593] X11=C95CE900 X15=C95CE900 X00=00000000 addi    a1,a5,0
PC=000003F8 [01C12083] X01=000003A8 X02=004FFF00 X28=00000000 lw      ra,28(sp)
PC=000003FC [01812403] X08=004FFF40 X02=004FFF00 X24=00000000 lw      s0/fp,24(sp)
PC=00000400 [01412903] X18=00000000 X02=004FFF00 X20=00000000 lw      s2,20(sp)
PC=00000404 [01012983] X19=00000000 X02=004FFF00 X16=00000001 lw      s3,16(sp)
PC=00000408 [02010113] X02=004FFF20 X02=004FFF00 X00=00000000 addi    sp,sp,32
PC=0000040C [00008067] X00=00000000 X01=000003A8 X00=00000000 jalr    zero,ra,0
PC=000003A8 [00050713] X14=06890000 X10=06890000 X00=00000000 addi    a4,a0,0
PC=000003AC [00058793] X15=C95CE900 X11=C95CE900 X00=00000000 addi    a5,a1,0
PC=000003B0 [FE842683] X13=00000014 X08=004FFF40 X08=004FFF40 lw      a3,-24(s0/fp)
PC=000003B4 [02F68633] X12=BB423400 X13=00000014 X15=C95CE900 mul     a2,a3,a5
PC=000003B8 [FEC42683] X13=00000000 X08=004FFF40 X12=BB423400 lw      a3,-20(s0/fp)
PC=000003BC [02E686B3] X13=00000000 X13=00000000 X14=06890000 mul     a3,a3,a4
PC=000003C0 [00D60633] X12=BB423400 X12=BB423400 X13=00000000 add     a2,a2,a3
PC=000003C4 [FE842683] X13=00000014 X08=004FFF40 X08=004FFF40 lw      a3,-24(s0/fp)
PC=000003C8 [02E685B3] X11=82B40000 X13=00000014 X14=06890000 mul     a1,a3,a4
PC=000003CC [02E6B9B3] X19=82B40000 X13=00000014 X14=06890000 mulhu   s3,a3,a4
PC=000003D0 [00058913] X18=82B40000 X11=82B40000 X00=00000000 addi    s2,a1,0
PC=000003D4 [013607B3] X15=3DF63400 X12=BB423400 X19=82B40000 add     a5,a2,s3
PC=000003D8 [00078993] X19=3DF63400 X15=3DF63400 X00=00000000 addi    s3,a5,0
PC=000003DC [00C0006F] X00=00000000 X00=00000000 X12=BB423400 jal     zero,12
PC=000003E8 [00090713] X14=82B40000 X18=82B40000 X00=00000000 addi    a4,s2,0
PC=000003EC [00098793] X15=3DF63400 X19=3DF63400 X00=00000000 addi    a5,s3,0
PC=000003F0 [00070513] X10=82B40000 X14=82B40000 X00=00000000 addi    a0,a4,0
PC=000003F4 [00078593] X11=3DF63400 X15=3DF63400 X00=00000000 addi    a1,a5,0
PC=000003F8 [01C12083] X01=000003A8 X02=004FFF20 X28=00000000 lw      ra,28(sp)
PC=000003FC [01812403] X08=004FFF60 X02=004FFF20 X24=00000000 lw      s0/fp,24(sp)
PC=00000400 [01412903] X18=00000000 X02=004FFF20 X20=00000000 lw      s2,20(sp)
PC=00000404 [01012983] X19=00000000 X02=004FFF20 X16=00000001 lw      s3,16(sp)
PC=00000408 [02010113] X02=004FFF40 X02=004FFF20 X00=00000000 addi    sp,sp,32
PC=0000040C [00008067] X00=00000000 X01=000003A8 X00=00000000 jalr    zero,ra,0
PC=000003A8 [00050713] X14=82B40000 X10=82B40000 X00=00000000 addi    a4,a0,0
PC=000003AC [00058793] X15=3DF63400 X11=3DF63400 X00=00000000 addi    a5,a1,0
PC=000003B0 [FE842683] X13=00000015 X08=004FFF60 X08=004FFF60 lw      a3,-24(s0/fp)
PC=000003B4 [02F68633] X12=15324400 X13=00000015 X15=3DF63400 mul     a2,a3,a5
PC=000003B8 [FEC42683] X13=00000000 X08=004FFF60 X12=15324400 lw      a3,-20(s0/fp)
PC=000003BC [02E686B3] X13=00000000 X13=00000000 X14=82B40000 mul     a3,a3,a4
PC=000003C0 [00D60633] X12=15324400 X12=15324400 X13=00000000 add     a2,a2,a3
PC=000003C4 [FE842683] X13=00000015 X08=004FFF60 X08=004FFF60 lw      a3,-24(s0/fp)
PC=000003C8 [02E685B3] X11=B8C40000 X13=00000015 X14=82B40000 mul     a1,a3,a4
PC=000003CC [02E6B9B3] X19=AB8C4000 X13=00000015 X14=82B40000 mulhu   s3,a3,a4
PC=000003D0 [00058913] X18=B8C40000 X11=B8C40000 X00=00000000 addi    s2,a1,0
PC=000003D4 [013607B3] X15=C0BE8400 X12=15324400 X19=AB8C4000 add     a5,a2,s3
PC=000003D8 [00078993] X19=C0BE8400 X15=C0BE8400 X00=00000000 addi    s3,a5,0
PC=000003DC [00C0006F] X00=00000000 X00=00000000 X12=15324400 jal     zero,12
PC=000003E8 [00090713] X14=B8C40000 X18=B8C40000 X00=00000000 addi    a4,s2,0
PC=000003EC [00098793] X15=C0BE8400 X19=C0BE8400 X00=00000000 addi    a5,s3,0
PC=000003F0 [00070513] X10=B8C40000 X14=B8C40000 X00=00000000 addi    a0,a4,0
PC=000003F4 [00078593] X11=C0BE8400 X15=C0BE8400 X00=00000000 addi    a1,a5,0
PC=000003F8 [01C12083] X01=000003A8 X02=004FFF40 X28=00000000 lw      ra,28(sp)
PC=000003FC [01812403] X08=004FFF80 X02=004FFF40 X24=00000000 lw      s0/fp,24(sp)
PC=00000400 [01412903] X18=00000000 X02=004FFF40 X20=00000000 lw      s2,20(sp)
PC=00000404 [01012983] X19=00000000 X02=004FFF40 X16=00000001 lw      s3,16(sp)
PC=00000408 [02010113] X02=004FFF60 X02=004FFF40 X00=00000000 addi    sp,sp,32
PC=0000040C [00008067] X00=00000000 X01=000003A8 X00=00000000 jalr    zero,ra,0
PC=000003A8 [00050713] X14=B8C40000 X10=B8C40000 X00=00000000 addi    a4,a0,0
PC=000003AC [00058793] X15=C0BE8400 X11=C0BE8400 X00=00000000 addi    a5,a1,0
PC=000003B0 [FE842683] X13=00000016 X08=004FFF80 X08=004FFF80 lw      a3,-24(s0/fp)
PC=000003B4 [02F68633] X12=905F5800 X13=00000016 X15=C0BE8400 mul     a2,a3,a5
PC=000003B8 [FEC42683] X13=00000000 X08=004FFF80 X12=905F5800 lw      a3,-20(s0/fp)
PC=000003BC [02E686B3] X13=00000000 X13=00000000 X14=B8C40000 mul     a3,a3,a4
PC=000003C0 [00D60633] X12=905F5800 X12=905F5800 X13=00000000 add     a2,a2,a3
PC=000003C4 [FE842683] X13=00000016 X08=004FFF80 X08=004FFF80 lw      a3,-24(s0/fp)
PC=000003C8 [02E685B3] X11=E0D80000 X13=00000016 X14=B8C40000 mul     a1,a3,a4
PC=000003CC [02E6B9B3] X19=FE0D8000 X13=00000016 X14=B8C40000 mulhu   s3,a3,a4
PC=000003D0 [00058913] X18=E0D80000 X11=E0D80000 X00=00000000 addi    s2,a1,0
PC=000003D4 [013607B3] X15=8E6CD800 X12=905F5800 X19=FE0D8000 add     a5,a2,s3
PC=000003D8 [00078993] X19=8E6CD800 X15=8E6CD800 X00=00000000 addi    s3,a5,0
PC=000003DC [00C0006F] X00=00000000 X00=00000000 X12=905F5800 jal     zero,12
PC=000003E8 [00090713] X14=E0D80000 X18=E0D80000 X00=00000000 addi    a4,s2,0
PC=000003EC [00098793] X15=8E6CD800 X19=8E6CD800 X00=00000000 addi    a5,s3,0
PC=000003F0 [00070513] X10=E0D80000 X14=E0D80000 X00=00000000 addi    a0,a4,0
PC=000003F4 [00078593] X11=8E6CD800 X15=8E6CD800 X00=00000000 addi    a1,a5,0
PC=000003F8 [01C12083] X01=000003A8 X02=004FFF60 X28=00000000 lw      ra,28(sp)
PC=000003FC [01812403] X08=004FFFA0 X02=004FFF60 X24=00000000 lw      s0/fp,24(sp)
PC=00000400 [01412903] X18=00000000 X02=004FFF60 X20=00000000 lw      s2,20(sp)
PC=00000404 [01012983] X19=00000000 X02=004FFF60 X16=00000001 lw      s3,16(sp)
PC=00000408 [02010113] X02=004FFF80 X02=004FFF60 X00=00000000 addi    sp,sp,32
PC=0000040C [00008067] X00=00000000 X01=000003A8 X00=00000000 jalr    zero,ra,0
PC=000003A8 [00050713] X14=E0D80000 X10=E0D80000 X00=00000000 addi    a4,a0,0
PC=000003AC [00058793] X15=8E6CD800 X11=8E6CD800 X00=00000000 addi    a5,a1,0
PC=000003B0 [FE842683] X13=00000017 X08=004FFFA0 X08=004FFFA0 lw      a3,-24(s0/fp)
PC=000003B4 [02F68633] X12=CBC76800 X13=00000017 X15=8E6CD800 mul     a2,a3,a5
PC=000003B8 [FEC42683] X13=00000000 X08=004FFFA0 X12=CBC76800 lw      a3,-20(s0/fp)
PC=000003BC [02E686B3] X13=00000000 X13=00000000 X14=E0D80000 mul     a3,a3,a4
PC=000003C0 [00D60633] X12=CBC76800 X12=CBC76800 X13=00000000 add     a2,a2,a3
PC=000003C4 [FE842683] X13=00000017 X08=004FFFA0 X08=004FFFA0 lw      a3,-24(s0/fp)
PC=000003C8 [02E685B3] X11=33680000 X13=00000017 X14=E0D80000 mul     a1,a3,a4
PC=000003CC [02E6B9B3] X19=14336800 X13=00000017 X14=E0D80000 mulhu   s3,a3,a4
PC=000003D0 [00058913] X18=33680000 X11=33680000 X00=00000000 addi    s2,a1,0
PC=000003D4 [013607B3] X15=DFFAD000 X12=CBC76800 X19=14336800 add     a5,a2,s3
PC=000003D8 [00078993] X19=DFFAD000 X15=DFFAD000 X00=00000000 addi    s3,a5,0
PC=000003DC [00C0006F] X00=00000000 X00=00000000 X12=CBC76800 jal     zero,12
PC=000003E8 [00090713] X14=33680000 X18=33680000 X00=00000000 addi    a4,s2,0
PC=000003EC [00098793] X15=DFFAD000 X19=DFFAD000 X00=00000000 addi    a5,s3,0
PC=000003F0 [00070513] X10=33680000 X14=33680000 X00=00000000 addi    a0,a4,0
PC=000003F4 [00078593] X11=DFFAD000 X15=DFFAD000 X00=00000000 addi    a1,a5,0
PC=000003F8 [01C12083] X01=000003A8 X02=004FFF80 X28=00000000 lw      ra,28(sp)
PC=000003FC [01812403] X08=004FFFC0 X02=004FFF80 X24=00000000 lw      s0/fp,24(sp)
PC=00000400 [01412903] X18=00000000 X02=004FFF80 X20=00000000 lw      s2,20(sp)
PC=00000404 [01012983] X19=00000000 X02=004FFF80 X16=00000001 lw      s3,16(sp)
PC=00000408 [02010113] X02=004FFFA0 X02=004FFF80 X00=00000000 addi    sp,sp,32
PC=0000040C [00008067] X00=00000000 X01=000003A8 X00=00000000 jalr    zero,ra,0
PC=000003A8 [00050713] X14=33680000 X10=33680000 X00=00000000 addi    a4,a0,0
PC=000003AC [00058793] X15=DFFAD000 X11=DFFAD000 X00=00000000 addi    a5,a1,0
PC=000003B0 [FE842683] X13=00000018 X08=004FFFC0 X08=004FFFC0 lw      a3,-24(s0/fp)
PC=000003B4 [02F68633] X12=FF838000 X13=00000018 X15=DFFAD000 mul     a2,a3,a5
PC=000003B8 [FEC42683] X13=00000000 X08=004FFFC0 X12=FF838000 lw      a3,-20(s0/fp)
PC=000003BC [02E686B3] X13=00000000 X13=00000000 X14=33680000 mul     a3,a3,a4
PC=000003C0 [00D60633] X12=FF838000 X12=FF838000 X13=00000000 add     a2,a2,a3
PC=000003C4 [FE842683] X13=00000018 X08=004FFFC0 X08=004FFFC0 lw      a3,-24(s0/fp)
PC=000003C8 [02E685B3] X11=D1C00000 X13=00000018 X14=33680000 mul     a1,a3,a4
PC=000003CC [02E6B9B3] X19=4D1C0000 X13=00000018 X14=33680000 mulhu   s3,a3,a4
PC=000003D0 [00058913] X18=D1C00000 X11=D1C00000 X00=00000000 addi    s2,a1,0
PC=000003D4 [013607B3] X15=4C9F8000 X12=FF838000 X19=4D1C0000 add     a5,a2,s3
PC=000003D8 [00078993] X19=4C9F8000 X15=4C9F8000 X00=00000000 addi    s3,a5,0
PC=000003DC [00C0006F] X00=00000000 X00=00000000 X12=FF838000 jal     zero,12
PC=000003E8 [00090713] X14=D1C00000 X18=D1C00000 X00=00000000 addi    a4,s2,0
PC=000003EC [00098793] X15=4C9F8000 X19=4C9F8000 X00=00000000 addi    a5,s3,0
PC=000003F0 [00070513] X10=D1C00000 X14=D1C00000 X00=00000000 addi    a0,a4,0
PC=000003F4 [00078593] X11=4C9F8000 X15=4C9F8000 X00=00000000 addi    a1,a5,0
PC=000003F8 [01C12083] X01=000003A8 X02=004FFFA0 X28=00000000 lw      ra,28(sp)
PC=000003FC [01812403] X08=004FFFE0 X02=004FFFA0 X24=00000000 lw      s0/fp,24(sp)
PC=00000400 [01412903] X18=00000000 X02=004FFFA0 X20=00000000 lw      s2,20(sp)
PC=00000404 [01012983] X19=00000000 X02=004FFFA0 X16=00000001 lw      s3,16(sp)
PC=00000408 [02010113] X02=004FFFC0 X02=004FFFA0 X00=00000000 addi    sp,sp,32
PC=0000040C [00008067] X00=00000000 X01=000003A8 X00=00000000 jalr    zero,ra,0
PC=000003A8 [00050713] X14=D1C00000 X10=D1C00000 X00=00000000 addi    a4,a0,0
PC=000003AC [00058793] X15=4C9F8000 X11=4C9F8000 X00=00000000 addi    a5,a1,0
PC=000003B0 [FE842683] X13=00000019 X08=004FFFE0 X08=004FFFE0 lw      a3,-24(s0/fp)
PC=000003B4 [02F68633] X12=7B938000 X13=00000019 X15=4C9F8000 mul     a2,a3,a5
PC=000003B8 [FEC42683] X13=00000000 X08=004FFFE0 X12=7B938000 lw      a3,-20(s0/fp)
PC=000003BC [02E686B3] X13=00000000 X13=00000000 X14=D1C00000 mul     a3,a3,a4
PC=000003C0 [00D60633] X12=7B938000 X12=7B938000 X13=00000000 add     a2,a2,a3
PC=000003C4 [FE842683] X13=00000019 X08=004FFFE0 X08=004FFFE0 lw      a3,-24(s0/fp)
PC=000003C8 [02E685B3] X11=7BC00000 X13=00000019 X14=D1C00000 mul     a1,a3,a4
PC=000003CC [02E6B9B3] X19=147BC000 X13=00000019 X14=D1C00000 mulhu   s3,a3,a4
PC=000003D0 [00058913] X18=7BC00000 X11=7BC00000 X00=00000000 addi    s2,a1,0
PC=000003D4 [013607B3] X15=900F4000 X12=7B938000 X19=147BC000 add     a5,a2,s3
PC=000003D8 [00078993] X19=900F4000 X15=900F4000 X00=00000000 addi    s3,a5,0
PC=000003DC [00C0006F] X00=00000000 X00=00000000 X12=7B938000 jal     zero,12
PC=000003E8 [00090713] X14=7BC00000 X18=7BC00000 X00=00000000 addi    a4,s2,0
PC=000003EC [00098793] X15=900F4000 X19=900F4000 X00=00000000 addi    a5,s3,0
PC=000003F0 [00070513] X10=7BC00000 X14=7BC00000 X00=00000000 addi    a0,a4,0
PC=000003F4 [00078593] X11=900F4000 X15=900F4000 X00=00000000 addi    a1,a5,0
PC=000003F8 [01C12083] X01=00000218 X02=004FFFC0 X28=00000000 lw      ra,28(sp)
PC=000003FC [01812403] X08=00500000 X02=004FFFC0 X24=00000000 lw      s0/fp,24(sp)
PC=00000400 [01412903] X18=00000000 X02=004FFFC0 X20=00000000 lw      s2,20(sp)
PC=00000404 [01012983] X19=00000000 X02=004FFFC0 X16=00000001 lw      s3,16(sp)
PC=00000408 [02010113] X02=004FFFE0 X02=004FFFC0 X00=00000000 addi    sp,sp,32
PC=0000040C [00008067] X00=00000000 X01=00000218 X00=00000000 jalr    zero,ra,0
PC=00000218 [FEA42023] X00=00000000 X08=00500000 X10=7BC00000 sw      a0,-32(s0/fp)
PC=0000021C [FEB42223] X04=00000000 X08=00500000 X11=900F4000 sw      a1,-28(s0/fp)
PC=00000220 [00090793] X15=00000000 X18=00000000 X00=00000000 addi    a5,s2,0
PC=00000224 [00098813] X16=00000000 X19=00000000 X00=00000000 addi    a6,s3,0
PC=00000228 [FEF42023] X00=00000000 X08=00500000 X15=00000000 sw      a5,-32(s0/fp)
PC=0000022C [FF042223] X04=00000000 X08=00500000 X16=00000000 sw      a6,-28(s0/fp)
PC=00000230 [00000793] X15=00000000 X00=00000000 X00=00000000 addi    a5,zero,0
PC=00000234 [00078513] X10=00000000 X15=00000000 X00=00000000 addi    a0,a5,0
PC=00000238 [01C12083] X01=000001C0 X02=004FFFE0 X28=00000000 lw      ra,28(sp)
PC=0000023C [01812403] X08=00000000 X02=004FFFE0 X24=00000000 lw      s0/fp,24(sp)
PC=00000240 [01412903] X18=00000000 X02=004FFFE0 X20=00000000 lw      s2,20(sp)
PC=00000244 [01012983] X19=00000000 X02=004FFFE0 X16=00000000 lw      s3,16(sp)
PC=00000248 [02010113] X02=00500000 X02=004FFFE0 X00=00000000 addi    sp,sp,32
PC=0000024C [00008067] X00=00000000 X01=000001C0 X00=00000000 jalr    zero,ra,0
PC=000001C0 [200002B7] X05=20000000 X00=00000000 X00=00000000 lui     t0,536870912
PC=000001C4 [00100073] X00=00000000 X00=00000000 X01=000001C0 ebreak  