PC=000001B8 [00500137] X02=00500000 X00=00000000 X05=00000000 lui     sp,5242880
PC=000001BC [00C000EF] X01=000001C0 X00=00000000 X12=00000000 jal     ra,12
PC=000001C8 [F1010113] X02=004FFF10 X02=00500000 X16=00000000 addi    sp,sp,-240
PC=000001CC [0E812623] X12=00000000 X02=004FFF10 X08=00000000 sw      s0/fp,236(sp)
PC=000001D0 [0F010413] X08=00500000 X02=004FFF10 X16=00000000 addi    s0/fp,sp,240
PC=000001D4 [00100793] X15=00000001 X00=00000000 X01=000001C0 addi    a5,zero,1
PC=000001D8 [FCF407A3] X15=00000001 X08=00500000 X15=00000001 sb      a5,-49(s0/fp)
PC=000001DC [0400006F] X00=00000000 X00=00000000 X00=00000000 jal     zero,64
PC=0000021C [FCF44703] X14=00000001 X08=00500000 X15=00000001 lbu     a4,-49(s0/fp)
PC=00000220 [00300793] X15=00000003 X00=00000000 X03=00000000 addi    a5,zero,3
PC=000001E0 [FAE7FEE3] X29=00000000 X15=00000003 X14=00000001 bgeu    a5,a4,-68
PC=000001E0 [FCF44783] X15=00000001 X08=00500000 X15=00000003 lbu     a5,-49(s0/fp)
PC=000001E4 [FFF78793] X15=00000000 X15=00000001 X31=00000000 addi    a5,a5,-1
PC=000001E8 [FF040713] X14=004FFFF0 X08=00500000 X16=00000000 addi    a4,s0/fp,-16
PC=000001EC [00F707B3] X15=004FFFF0 X14=004FFFF0 X15=00000000 add     a5,a4,a5
PC=000001F0 [FCF44703] X14=00000001 X08=00500000 X15=004FFFF0 lbu     a4,-49(s0/fp)
PC=000001F4 [FCE78E23] X28=00000000 X15=004FFFF0 X14=00000001 sb      a4,-36(a5)
PC=000001F8 [FCF44783] X15=00000001 X08=00500000 X15=004FFFF0 lbu     a5,-49(s0/fp)
PC=000001FC [FFF78793] X15=00000000 X15=00000001 X31=00000000 addi    a5,a5,-1
PC=00000200 [FF040713] X14=004FFFF0 X08=00500000 X16=00000000 addi    a4,s0/fp,-16
PC=00000204 [00F707B3] X15=004FFFF0 X14=004FFFF0 X15=00000000 add     a5,a4,a5
PC=00000208 [FCF44703] X14=00000001 X08=00500000 X15=004FFFF0 lbu     a4,-49(s0/fp)
PC=0000020C [FCE78C23] X24=00000000 X15=004FFFF0 X14=00000001 sb      a4,-40(a5)
PC=00000210 [FCF44783] X15=00000001 X08=00500000 X15=004FFFF0 lbu     a5,-49(s0/fp)
PC=00000214 [00178793] X15=00000002 X15=00000001 X01=000001C0 addi    a5,a5,1
PC=00000218 [FCF407A3] X15=00000002 X08=00500000 X15=00000002 sb      a5,-49(s0/fp)
PC=0000021C [FCF44703] X14=00000002 X08=00500000 X15=00000002 lbu     a4,-49(s0/fp)
PC=00000220 [00300793] X15=00000003 X00=00000000 X03=00000000 addi    a5,zero,3
PC=000001E0 [FAE7FEE3] X29=00000000 X15=00000003 X14=00000002 bgeu    a5,a4,-68
PC=000001E0 [FCF44783] X15=00000002 X08=00500000 X15=00000003 lbu     a5,-49(s0/fp)
PC=000001E4 [FFF78793] X15=00000001 X15=00000002 X31=00000000 addi    a5,a5,-1
PC=000001E8 [FF040713] X14=004FFFF0 X08=00500000 X16=00000000 addi    a4,s0/fp,-16
PC=000001EC [00F707B3] X15=004FFFF1 X14=004FFFF0 X15=00000001 add     a5,a4,a5
PC=000001F0 [FCF44703] X14=00000002 X08=00500000 X15=004FFFF1 lbu     a4,-49(s0/fp)
PC=000001F4 [FCE78E23] X28=00000000 X15=004FFFF1 X14=00000002 sb      a4,-36(a5)
PC=000001F8 [FCF44783] X15=00000002 X08=00500000 X15=004FFFF1 lbu     a5,-49(s0/fp)
PC=000001FC [FFF78793] X15=00000001 X15=00000002 X31=00000000 addi    a5,a5,-1
PC=00000200 [FF040713] X14=004FFFF0 X08=00500000 X16=00000000 addi    a4,s0/fp,-16
PC=00000204 [00F707B3] X15=004FFFF1 X14=004FFFF0 X15=00000001 add     a5,a4,a5
PC=00000208 [FCF44703] X14=00000002 X08=00500000 X15=004FFFF1 lbu     a4,-49(s0/fp)
PC=0000020C [FCE78C23] X24=00000000 X15=004FFFF1 X14=00000002 sb      a4,-40(a5)
PC=00000210 [FCF44783] X15=00000002 X08=00500000 X15=004FFFF1 lbu     a5,-49(s0/fp)
PC=00000214 [00178793] X15=00000003 X15=00000002 X01=000001C0 addi    a5,a5,1
PC=00000218 [FCF407A3] X15=00000003 X08=00500000 X15=00000003 sb      a5,-49(s0/fp)
PC=0000021C [FCF44703] X14=00000003 X08=00500000 X15=00000003 lbu     a4,-49(s0/fp)
PC=00000220 [00300793] X15=00000003 X00=00000000 X03=00000000 addi    a5,zero,3
PC=000001E0 [FAE7FEE3] X29=00000000 X15=00000003 X14=00000003 bgeu    a5,a4,-68
PC=000001E0 [FCF44783] X15=00000003 X08=00500000 X15=00000003 lbu     a5,-49(s0/fp)
PC=000001E4 [FFF78793] X15=00000002 X15=00000003 X31=00000000 addi    a5,a5,-1
PC=000001E8 [FF040713] X14=004FFFF0 X08=00500000 X16=00000000 addi    a4,s0/fp,-16
PC=000001EC [00F707B3] X15=004FFFF2 X14=004FFFF0 X15=00000002 add     a5,a4,a5
PC=000001F0 [FCF44703] X14=00000003 X08=00500000 X15=004FFFF2 lbu     a4,-49(s0/fp)
PC=000001F4 [FCE78E23] X28=00000000 X15=004FFFF2 X14=00000003 sb      a4,-36(a5)
PC=000001F8 [FCF44783] X15=00000003 X08=00500000 X15=004FFFF2 lbu     a5,-49(s0/fp)
PC=000001FC [FFF78793] X15=00000002 X15=00000003 X31=00000000 addi    a5,a5,-1
PC=00000200 [FF040713] X14=004FFFF0 X08=00500000 X16=00000000 addi    a4,s0/fp,-16
PC=00000204 [00F707B3] X15=004FFFF2 X14=004FFFF0 X15=00000002 add     a5,a4,a5
PC=00000208 [FCF44703] X14=00000003 X08=00500000 X15=004FFFF2 lbu     a4,-49(s0/fp)
PC=0000020C [FCE78C23] X24=00000000 X15=004FFFF2 X14=00000003 sb      a4,-40(a5)
PC=00000210 [FCF44783] X15=00000003 X08=00500000 X15=004FFFF2 lbu     a5,-49(s0/fp)
PC=00000214 [00178793] X15=00000004 X15=00000003 X01=000001C0 addi    a5,a5,1
PC=00000218 [FCF407A3] X15=00000004 X08=00500000 X15=00000004 sb      a5,-49(s0/fp)
PC=0000021C [FCF44703] X14=00000004 X08=00500000 X15=00000004 lbu     a4,-49(s0/fp)
PC=00000220 [00300793] X15=00000003 X00=00000000 X03=00000000 addi    a5,zero,3
PC=00000228 [FAE7FEE3] X29=00000000 X15=00000003 X14=00000004 bgeu    a5,a4,-68
PC=00000228 [00100793] X15=00000001 X00=00000000 X01=000001C0 addi    a5,zero,1
PC=0000022C [FCF407A3] X15=00000001 X08=00500000 X15=00000001 sb      a5,-49(s0/fp)
PC=00000230 [0580006F] X00=00000000 X00=00000000 X24=00000000 jal     zero,88
PC=00000288 [FCF44703] X14=00000001 X08=00500000 X15=00000001 lbu     a4,-49(s0/fp)
PC=0000028C [00300793] X15=00000003 X00=00000000 X03=00000000 addi    a5,zero,3
PC=00000234 [FAE7F2E3] X05=00000000 X15=00000003 X14=00000001 bgeu    a5,a4,-92
PC=00000234 [FCF44783] X15=00000001 X08=00500000 X15=00000003 lbu     a5,-49(s0/fp)
PC=00000238 [FFF78793] X15=00000000 X15=00000001 X31=00000000 addi    a5,a5,-1
PC=0000023C [FCF44703] X14=00000001 X08=00500000 X15=00000000 lbu     a4,-49(s0/fp)
PC=00000240 [01071713] X14=00010000 X14=00000001 X16=00000000 slli    a4,a4,16
PC=00000244 [01075713] X14=00000001 X14=00010000 X16=00000000 srli    a4,a4,16
PC=00000248 [00179793] X15=00000000 X15=00000000 X01=000001C0 slli    a5,a5,1
PC=0000024C [FF040293] X05=004FFFF0 X08=00500000 X16=00000000 addi    t0,s0/fp,-16
PC=00000250 [00F287B3] X15=004FFFF0 X05=004FFFF0 X15=00000000 add     a5,t0,a5
PC=00000254 [FCE79423] X08=00500000 X15=004FFFF0 X14=00000001 sh      a4,-56(a5)
PC=00000258 [FCF44783] X15=00000001 X08=00500000 X15=004FFFF0 lbu     a5,-49(s0/fp)
PC=0000025C [FFF78793] X15=00000000 X15=00000001 X31=00000000 addi    a5,a5,-1
PC=00000260 [FCF44703] X14=00000001 X08=00500000 X15=00000000 lbu     a4,-49(s0/fp)
PC=00000264 [01071713] X14=00010000 X14=00000001 X16=00000000 slli    a4,a4,16
PC=00000268 [01075713] X14=00000001 X14=00010000 X16=00000000 srli    a4,a4,16
PC=0000026C [00179793] X15=00000000 X15=00000000 X01=000001C0 slli    a5,a5,1
PC=00000270 [FF040293] X05=004FFFF0 X08=00500000 X16=00000000 addi    t0,s0/fp,-16
PC=00000274 [00F287B3] X15=004FFFF0 X05=004FFFF0 X15=00000000 add     a5,t0,a5
PC=00000278 [FCE79023] X00=00000000 X15=004FFFF0 X14=00000001 sh      a4,-64(a5)
PC=0000027C [FCF44783] X15=00000001 X08=00500000 X15=004FFFF0 lbu     a5,-49(s0/fp)
PC=00000280 [00178793] X15=00000002 X15=00000001 X01=000001C0 addi    a5,a5,1
PC=00000284 [FCF407A3] X15=00000002 X08=00500000 X15=00000002 sb      a5,-49(s0/fp)
PC=00000288 [FCF44703] X14=00000002 X08=00500000 X15=00000002 lbu     a4,-49(s0/fp)
PC=0000028C [00300793] X15=00000003 X00=00000000 X03=00000000 addi    a5,zero,3
PC=00000234 [FAE7F2E3] X05=004FFFF0 X15=00000003 X14=00000002 bgeu    a5,a4,-92
PC=00000234 [FCF44783] X15=00000002 X08=00500000 X15=00000003 lbu     a5,-49(s0/fp)
PC=00000238 [FFF78793] X15=00000001 X15=00000002 X31=00000000 addi    a5,a5,-1
PC=0000023C [FCF44703] X14=00000002 X08=00500000 X15=00000001 lbu     a4,-49(s0/fp)
PC=00000240 [01071713] X14=00020000 X14=00000002 X16=00000000 slli    a4,a4,16
PC=00000244 [01075713] X14=00000002 X14=00020000 X16=00000000 srli    a4,a4,16
PC=00000248 [00179793] X15=00000002 X15=00000001 X01=000001C0 slli    a5,a5,1
PC=0000024C [FF040293] X05=004FFFF0 X08=00500000 X16=00000000 addi    t0,s0/fp,-16
PC=00000250 [00F287B3] X15=004FFFF2 X05=004FFFF0 X15=00000002 add     a5,t0,a5
PC=00000254 [FCE79423] X08=00500000 X15=004FFFF2 X14=00000002 sh      a4,-56(a5)
PC=00000258 [FCF44783] X15=00000002 X08=00500000 X15=004FFFF2 lbu     a5,-49(s0/fp)
PC=0000025C [FFF78793] X15=00000001 X15=00000002 X31=00000000 addi    a5,a5,-1
PC=00000260 [FCF44703] X14=00000002 X08=00500000 X15=00000001 lbu     a4,-49(s0/fp)
PC=00000264 [01071713] X14=00020000 X14=00000002 X16=00000000 slli    a4,a4,16
PC=00000268 [01075713] X14=00000002 X14=00020000 X16=00000000 srli    a4,a4,16
PC=0000026C [00179793] X15=00000002 X15=00000001 X01=000001C0 slli    a5,a5,1
PC=00000270 [FF040293] X05=004FFFF0 X08=00500000 X16=00000000 addi    t0,s0/fp,-16
PC=00000274 [00F287B3] X15=004FFFF2 X05=004FFFF0 X15=00000002 add     a5,t0,a5
PC=00000278 [FCE79023] X00=00000000 X15=004FFFF2 X14=00000002 sh      a4,-64(a5)
PC=0000027C [FCF44783] X15=00000002 X08=00500000 X15=004FFFF2 lbu     a5,-49(s0/fp)
PC=00000280 [00178793] X15=00000003 X15=00000002 X01=000001C0 addi    a5,a5,1
PC=00000284 [FCF407A3] X15=00000003 X08=00500000 X15=00000003 sb      a5,-49(s0/fp)
PC=00000288 [FCF44703] X14=00000003 X08=00500000 X15=00000003 lbu     a4,-49(s0/fp)
PC=0000028C [00300793] X15=00000003 X00=00000000 X03=00000000 addi    a5,zero,3
PC=00000234 [FAE7F2E3] X05=004FFFF0 X15=00000003 X14=00000003 bgeu    a5,a4,-92
PC=00000234 [FCF44783] X15=00000003 X08=00500000 X15=00000003 lbu     a5,-49(s0/fp)
PC=00000238 [FFF78793] X15=00000002 X15=00000003 X31=00000000 addi    a5,a5,-1
PC=0000023C [FCF44703] X14=00000003 X08=00500000 X15=00000002 lbu     a4,-49(s0/fp)
PC=00000240 [01071713] X14=00030000 X14=00000003 X16=00000000 slli    a4,a4,16
PC=00000244 [01075713] X14=00000003 X14=00030000 X16=00000000 srli    a4,a4,16
PC=00000248 [00179793] X15=00000004 X15=00000002 X01=000001C0 slli    a5,a5,1
PC=0000024C [FF040293] X05=004FFFF0 X08=00500000 X16=00000000 addi    t0,s0/fp,-16
PC=00000250 [00F287B3] X15=004FFFF4 X05=004FFFF0 X15=00000004 add     a5,t0,a5
PC=00000254 [FCE79423] X08=00500000 X15=004FFFF4 X14=00000003 sh      a4,-56(a5)
PC=00000258 [FCF44783] X15=00000003 X08=00500000 X15=004FFFF4 lbu     a5,-49(s0/fp)
PC=0000025C [FFF78793] X15=00000002 X15=00000003 X31=00000000 addi    a5,a5,-1
PC=00000260 [FCF44703] X14=00000003 X08=00500000 X15=00000002 lbu     a4,-49(s0/fp)
PC=00000264 [01071713] X14=00030000 X14=00000003 X16=00000000 slli    a4,a4,16
PC=00000268 [01075713] X14=00000003 X14=00030000 X16=00000000 srli    a4,a4,16
PC=0000026C [00179793] X15=00000004 X15=00000002 X01=000001C0 slli    a5,a5,1
PC=00000270 [FF040293] X05=004FFFF0 X08=00500000 X16=00000000 addi    t0,s0/fp,-16
PC=00000274 [00F287B3] X15=004FFFF4 X05=004FFFF0 X15=00000004 add     a5,t0,a5
PC=00000278 [FCE79023] X00=00000000 X15=004FFFF4 X14=00000003 sh      a4,-64(a5)
PC=0000027C [FCF44783] X15=00000003 X08=00500000 X15=004FFFF4 lbu     a5,-49(s0/fp)
PC=00000280 [00178793] X15=00000004 X15=00000003 X01=000001C0 addi    a5,a5,1
PC=00000284 [FCF407A3] X15=00000004 X08=00500000 X15=00000004 sb      a5,-49(s0/fp)
PC=00000288 [FCF44703] X14=00000004 X08=00500000 X15=00000004 lbu     a4,-49(s0/fp)
PC=0000028C [00300793] X15=00000003 X00=00000000 X03=00000000 addi    a5,zero,3
PC=00000294 [FAE7F2E3] X05=004FFFF0 X15=00000003 X14=00000004 bgeu    a5,a4,-92
PC=00000294 [00100793] X15=00000001 X00=00000000 X01=000001C0 addi    a5,zero,1
PC=00000298 [FCF407A3] X15=00000001 X08=00500000 X15=00000001 sb      a5,-49(s0/fp)
PC=0000029C [0480006F] X00=00000000 X00=00000000 X08=00500000 jal     zero,72
PC=000002E4 [FCF44703] X14=00000001 X08=00500000 X15=00000001 lbu     a4,-49(s0/fp)
PC=000002E8 [00300793] X15=00000003 X00=00000000 X03=00000000 addi    a5,zero,3
PC=000002A0 [FAE7FAE3] X21=00000000 X15=00000003 X14=00000001 bgeu    a5,a4,-76
PC=000002A0 [FCF44783] X15=00000001 X08=00500000 X15=00000003 lbu     a5,-49(s0/fp)
PC=000002A4 [FFF78793] X15=00000000 X15=00000001 X31=00000000 addi    a5,a5,-1
PC=000002A8 [FCF44703] X14=00000001 X08=00500000 X15=00000000 lbu     a4,-49(s0/fp)
PC=000002AC [00279793] X15=00000000 X15=00000000 X02=004FFF10 slli    a5,a5,2
PC=000002B0 [FF040293] X05=004FFFF0 X08=00500000 X16=00000000 addi    t0,s0/fp,-16
PC=000002B4 [00F287B3] X15=004FFFF0 X05=004FFFF0 X15=00000000 add     a5,t0,a5
PC=000002B8 [FAE7A223] X04=00000000 X15=004FFFF0 X14=00000001 sw      a4,-92(a5)
PC=000002BC [FCF44783] X15=00000001 X08=00500000 X15=004FFFF0 lbu     a5,-49(s0/fp)
PC=000002C0 [FFF78793] X15=00000000 X15=00000001 X31=00000000 addi    a5,a5,-1
PC=000002C4 [FCF44703] X14=00000001 X08=00500000 X15=00000000 lbu     a4,-49(s0/fp)
PC=000002C8 [00279793] X15=00000000 X15=00000000 X02=004FFF10 slli    a5,a5,2
PC=000002CC [FF040293] X05=004FFFF0 X08=00500000 X16=00000000 addi    t0,s0/fp,-16
PC=000002D0 [00F287B3] X15=004FFFF0 X05=004FFFF0 X15=00000000 add     a5,t0,a5
PC=000002D4 [F8E7AC23] X24=00000000 X15=004FFFF0 X14=00000001 sw      a4,-104(a5)
PC=000002D8 [FCF44783] X15=00000001 X08=00500000 X15=004FFFF0 lbu     a5,-49(s0/fp)
PC=000002DC [00178793] X15=00000002 X15=00000001 X01=000001C0 addi    a5,a5,1
PC=000002E0 [FCF407A3] X15=00000002 X08=00500000 X15=00000002 sb      a5,-49(s0/fp)
PC=000002E4 [FCF44703] X14=00000002 X08=00500000 X15=00000002 lbu     a4,-49(s0/fp)
PC=000002E8 [00300793] X15=00000003 X00=00000000 X03=00000000 addi    a5,zero,3
PC=000002A0 [FAE7FAE3] X21=00000000 X15=00000003 X14=00000002 bgeu    a5,a4,-76
PC=000002A0 [FCF44783] X15=00000002 X08=00500000 X15=00000003 lbu     a5,-49(s0/fp)
PC=000002A4 [FFF78793] X15=00000001 X15=00000002 X31=00000000 addi    a5,a5,-1
PC=000002A8 [FCF44703] X14=00000002 X08=00500000 X15=00000001 lbu     a4,-49(s0/fp)
PC=000002AC [00279793] X15=00000004 X15=00000001 X02=004FFF10 slli    a5,a5,2
PC=000002B0 [FF040293] X05=004FFFF0 X08=00500000 X16=00000000 addi    t0,s0/fp,-16
PC=000002B4 [00F287B3] X15=004FFFF4 X05=004FFFF0 X15=00000004 add     a5,t0,a5
PC=000002B8 [FAE7A223] X04=00000000 X15=004FFFF4 X14=00000002 sw      a4,-92(a5)
PC=000002BC [FCF44783] X15=00000002 X08=00500000 X15=004FFFF4 lbu     a5,-49(s0/fp)
PC=000002C0 [FFF78793] X15=00000001 X15=00000002 X31=00000000 addi    a5,a5,-1
PC=000002C4 [FCF44703] X14=00000002 X08=00500000 X15=00000001 lbu     a4,-49(s0/fp)
PC=000002C8 [00279793] X15=00000004 X15=00000001 X02=004FFF10 slli    a5,a5,2
PC=000002CC [FF040293] X05=004FFFF0 X08=00500000 X16=00000000 addi    t0,s0/fp,-16
PC=000002D0 [00F287B3] X15=004FFFF4 X05=004FFFF0 X15=00000004 add     a5,t0,a5
PC=000002D4 [F8E7AC23] X24=00000000 X15=004FFFF4 X14=00000002 sw      a4,-104(a5)
PC=000002D8 [FCF44783] X15=00000002 X08=00500000 X15=004FFFF4 lbu     a5,-49(s0/fp)
PC=000002DC [00178793] X15=00000003 X15=00000002 X01=000001C0 addi    a5,a5,1
PC=000002E0 [FCF407A3] X15=00000003 X08=00500000 X15=00000003 sb      a5,-49(s0/fp)
PC=000002E4 [FCF44703] X14=00000003 X08=00500000 X15=00000003 lbu     a4,-49(s0/fp)
PC=000002E8 [00300793] X15=00000003 X00=00000000 X03=00000000 addi    a5,zero,3
PC=000002A0 [FAE7FAE3] X21=00000000 X15=00000003 X14=00000003 bgeu    a5,a4,-76
PC=000002A0 [FCF44783] X15=00000003 X08=00500000 X15=00000003 lbu     a5,-49(s0/fp)
PC=000002A4 [FFF78793] X15=00000002 X15=00000003 X31=00000000 addi    a5,a5,-1
PC=000002A8 [FCF44703] X14=00000003 X08=00500000 X15=00000002 lbu     a4,-49(s0/fp)
PC=000002AC [00279793] X15=00000008 X15=00000002 X02=004FFF10 slli    a5,a5,2
PC=000002B0 [FF040293] X05=004FFFF0 X08=00500000 X16=00000000 addi    t0,s0/fp,-16
PC=000002B4 [00F287B3] X15=004FFFF8 X05=004FFFF0 X15=00000008 add     a5,t0,a5
PC=000002B8 [FAE7A223] X04=00000000 X15=004FFFF8 X14=00000003 sw      a4,-92(a5)
PC=000002BC [FCF44783] X15=00000003 X08=00500000 X15=004FFFF8 lbu     a5,-49(s0/fp)
PC=000002C0 [FFF78793] X15=00000002 X15=00000003 X31=00000000 addi    a5,a5,-1
PC=000002C4 [FCF44703] X14=00000003 X08=00500000 X15=00000002 lbu     a4,-49(s0/fp)
PC=000002C8 [00279793] X15=00000008 X15=00000002 X02=004FFF10 slli    a5,a5,2
PC=000002CC [FF040293] X05=004FFFF0 X08=00500000 X16=00000000 addi    t0,s0/fp,-16
PC=000002D0 [00F287B3] X15=004FFFF8 X05=004FFFF0 X15=00000008 add     a5,t0,a5
PC=000002D4 [F8E7AC23] X24=00000000 X15=004FFFF8 X14=00000003 sw      a4,-104(a5)
PC=000002D8 [FCF44783] X15=00000003 X08=00500000 X15=004FFFF8 lbu     a5,-49(s0/fp)
PC=000002DC [00178793] X15=00000004 X15=00000003 X01=000001C0 addi    a5,a5,1
PC=000002E0 [FCF407A3] X15=00000004 X08=00500000 X15=00000004 sb      a5,-49(s0/fp)
PC=000002E4 [FCF44703] X14=00000004 X08=00500000 X15=00000004 lbu     a4,-49(s0/fp)
PC=000002E8 [00300793] X15=00000003 X00=00000000 X03=00000000 addi    a5,zero,3
PC=000002F0 [FAE7FAE3] X21=00000000 X15=00000003 X14=00000004 bgeu    a5,a4,-76
PC=000002F0 [00100793] X15=00000001 X00=00000000 X01=000001C0 addi    a5,zero,1
PC=000002F4 [FCF407A3] X15=00000001 X08=00500000 X15=00000001 sb      a5,-49(s0/fp)
PC=000002F8 [0680006F] X00=00000000 X00=00000000 X08=00500000 jal     zero,104
PC=00000360 [FCF44703] X14=00000001 X08=00500000 X15=00000001 lbu     a4,-49(s0/fp)
PC=00000364 [00300793] X15=00000003 X00=00000000 X03=00000000 addi    a5,zero,3
PC=000002FC [F8E7FAE3] X21=00000000 X15=00000003 X14=00000001 bgeu    a5,a4,-108
PC=000002FC [FCF44783] X15=00000001 X08=00500000 X15=00000003 lbu     a5,-49(s0/fp)
PC=00000300 [FFF78793] X15=00000000 X15=00000001 X31=00000000 addi    a5,a5,-1
PC=00000304 [FCF44703] X14=00000001 X08=00500000 X15=00000000 lbu     a4,-49(s0/fp)
PC=00000308 [0FF77713] X14=00000001 X14=00000001 X31=00000000 andi    a4,a4,255
PC=0000030C [00070E13] X28=00000001 X14=00000001 X00=00000000 addi    t3,a4,0
PC=00000310 [00000E93] X29=00000000 X00=00000000 X00=00000000 addi    t4,zero,0
PC=00000314 [00379793] X15=00000000 X15=00000000 X03=00000000 slli    a5,a5,3
PC=00000318 [FF040713] X14=004FFFF0 X08=00500000 X16=00000000 addi    a4,s0/fp,-16
PC=0000031C [00F707B3] X15=004FFFF0 X14=004FFFF0 X15=00000000 add     a5,a4,a5
PC=00000320 [F7C7A423] X08=00500000 X15=004FFFF0 X28=00000001 sw      t3,-152(a5)
PC=00000324 [F7D7A623] X12=00000000 X15=004FFFF0 X29=00000000 sw      t4,-148(a5)
PC=00000328 [FCF44783] X15=00000001 X08=00500000 X15=004FFFF0 lbu     a5,-49(s0/fp)
PC=0000032C [FFF78793] X15=00000000 X15=00000001 X31=00000000 addi    a5,a5,-1
PC=00000330 [FCF44703] X14=00000001 X08=00500000 X15=00000000 lbu     a4,-49(s0/fp)
PC=00000334 [0FF77713] X14=00000001 X14=00000001 X31=00000000 andi    a4,a4,255
PC=00000338 [00070F13] X30=00000001 X14=00000001 X00=00000000 addi    t5,a4,0
PC=0000033C [00000F93] X31=00000000 X00=00000000 X00=00000000 addi    t6,zero,0
PC=00000340 [00379793] X15=00000000 X15=00000000 X03=00000000 slli    a5,a5,3
PC=00000344 [FF040713] X14=004FFFF0 X08=00500000 X16=00000000 addi    a4,s0/fp,-16
PC=00000348 [00F707B3] X15=004FFFF0 X14=004FFFF0 X15=00000000 add     a5,a4,a5
PC=0000034C [F5E7A823] X16=00000000 X15=004FFFF0 X30=00000001 sw      t5,-176(a5)
PC=00000350 [F5F7AA23] X20=00000000 X15=004FFFF0 X31=00000000 sw      t6,-172(a5)
PC=00000354 [FCF44783] X15=00000001 X08=00500000 X15=004FFFF0 lbu     a5,-49(s0/fp)
PC=00000358 [00178793] X15=00000002 X15=00000001 X01=000001C0 addi    a5,a5,1
PC=0000035C [FCF407A3] X15=00000002 X08=00500000 X15=00000002 sb      a5,-49(s0/fp)
PC=00000360 [FCF44703] X14=00000002 X08=00500000 X15=00000002 lbu     a4,-49(s0/fp)
PC=00000364 [00300793] X15=00000003 X00=00000000 X03=00000000 addi    a5,zero,3
PC=000002FC [F8E7FAE3] X21=00000000 X15=00000003 X14=00000002 bgeu    a5,a4,-108
PC=000002FC [FCF44783] X15=00000002 X08=00500000 X15=00000003 lbu     a5,-49(s0/fp)
PC=00000300 [FFF78793] X15=00000001 X15=00000002 X31=00000000 addi    a5,a5,-1
PC=00000304 [FCF44703] X14=00000002 X08=00500000 X15=00000001 lbu     a4,-49(s0/fp)
PC=00000308 [0FF77713] X14=00000002 X14=00000002 X31=00000000 andi    a4,a4,255
PC=0000030C [00070E13] X28=00000002 X14=00000002 X00=00000000 addi    t3,a4,0
PC=00000310 [00000E93] X29=00000000 X00=00000000 X00=00000000 addi    t4,zero,0
PC=00000314 [00379793] X15=00000008 X15=00000001 X03=00000000 slli    a5,a5,3
PC=00000318 [FF040713] X14=004FFFF0 X08=00500000 X16=00000000 addi    a4,s0/fp,-16
PC=0000031C [00F707B3] X15=004FFFF8 X14=004FFFF0 X15=00000008 add     a5,a4,a5
PC=00000320 [F7C7A423] X08=00500000 X15=004FFFF8 X28=00000002 sw      t3,-152(a5)
PC=00000324 [F7D7A623] X12=00000000 X15=004FFFF8 X29=00000000 sw      t4,-148(a5)
PC=00000328 [FCF44783] X15=00000002 X08=00500000 X15=004FFFF8 lbu     a5,-49(s0/fp)
PC=0000032C [FFF78793] X15=00000001 X15=00000002 X31=00000000 addi    a5,a5,-1
PC=00000330 [FCF44703] X14=00000002 X08=00500000 X15=00000001 lbu     a4,-49(s0/fp)
PC=00000334 [0FF77713] X14=00000002 X14=00000002 X31=00000000 andi    a4,a4,255
PC=00000338 [00070F13] X30=00000002 X14=00000002 X00=00000000 addi    t5,a4,0
PC=0000033C [00000F93] X31=00000000 X00=00000000 X00=00000000 addi    t6,zero,0
PC=00000340 [00379793] X15=00000008 X15=00000001 X03=00000000 slli    a5,a5,3
PC=00000344 [FF040713] X14=004FFFF0 X08=00500000 X16=00000000 addi    a4,s0/fp,-16
PC=00000348 [00F707B3] X15=004FFFF8 X14=004FFFF0 X15=00000008 add     a5,a4,a5
PC=0000034C [F5E7A823] X16=00000000 X15=004FFFF8 X30=00000002 sw      t5,-176(a5)
PC=00000350 [F5F7AA23] X20=00000000 X15=004FFFF8 X31=00000000 sw      t6,-172(a5)
PC=00000354 [FCF44783] X15=00000002 X08=00500000 X15=004FFFF8 lbu     a5,-49(s0/fp)
PC=00000358 [00178793] X15=00000003 X15=00000002 X01=000001C0 addi    a5,a5,1
PC=0000035C [FCF407A3] X15=00000003 X08=00500000 X15=00000003 sb      a5,-49(s0/fp)
PC=00000360 [FCF44703] X14=00000003 X08=00500000 X15=00000003 lbu     a4,-49(s0/fp)
PC=00000364 [00300793] X15=00000003 X00=00000000 X03=00000000 addi    a5,zero,3
PC=000002FC [F8E7FAE3] X21=00000000 X15=00000003 X14=00000003 bgeu    a5,a4,-108
PC=000002FC [FCF44783] X15=00000003 X08=00500000 X15=00000003 lbu     a5,-49(s0/fp)
PC=00000300 [FFF78793] X15=00000002 X15=00000003 X31=00000000 addi    a5,a5,-1
PC=00000304 [FCF44703] X14=00000003 X08=00500000 X15=00000002 lbu     a4,-49(s0/fp)
PC=00000308 [0FF77713] X14=00000003 X14=00000003 X31=00000000 andi    a4,a4,255
PC=0000030C [00070E13] X28=00000003 X14=00000003 X00=00000000 addi    t3,a4,0
PC=00000310 [00000E93] X29=00000000 X00=00000000 X00=00000000 addi    t4,zero,0
PC=00000314 [00379793] X15=00000010 X15=00000002 X03=00000000 slli    a5,a5,3
PC=00000318 [FF040713] X14=004FFFF0 X08=00500000 X16=00000000 addi    a4,s0/fp,-16
PC=0000031C [00F707B3] X15=00500000 X14=004FFFF0 X15=00000010 add     a5,a4,a5
PC=00000320 [F7C7A423] X08=00500000 X15=00500000 X28=00000003 sw      t3,-152(a5)
PC=00000324 [F7D7A623] X12=00000000 X15=00500000 X29=00000000 sw      t4,-148(a5)
PC=00000328 [FCF44783] X15=00000003 X08=00500000 X15=00500000 lbu     a5,-49(s0/fp)
PC=0000032C [FFF78793] X15=00000002 X15=00000003 X31=00000000 addi    a5,a5,-1
PC=00000330 [FCF44703] X14=00000003 X08=00500000 X15=00000002 lbu     a4,-49(s0/fp)
PC=00000334 [0FF77713] X14=00000003 X14=00000003 X31=00000000 andi    a4,a4,255
PC=00000338 [00070F13] X30=00000003 X14=00000003 X00=00000000 addi    t5,a4,0
PC=0000033C [00000F93] X31=00000000 X00=00000000 X00=00000000 addi    t6,zero,0
PC=00000340 [00379793] X15=00000010 X15=00000002 X03=00000000 slli    a5,a5,3
PC=00000344 [FF040713] X14=004FFFF0 X08=00500000 X16=00000000 addi    a4,s0/fp,-16
PC=00000348 [00F707B3] X15=00500000 X14=004FFFF0 X15=00000010 add     a5,a4,a5
PC=0000034C [F5E7A823] X16=00000000 X15=00500000 X30=00000003 sw      t5,-176(a5)
PC=00000350 [F5F7AA23] X20=00000000 X15=00500000 X31=00000000 sw      t6,-172(a5)
PC=00000354 [FCF44783] X15=00000003 X08=00500000 X15=00500000 lbu     a5,-49(s0/fp)
PC=00000358 [00178793] X15=00000004 X15=00000003 X01=000001C0 addi    a5,a5,1
PC=0000035C [FCF407A3] X15=00000004 X08=00500000 X15=00000004 sb      a5,-49(s0/fp)
PC=00000360 [FCF44703] X14=00000004 X08=00500000 X15=00000004 lbu     a4,-49(s0/fp)
PC=00000364 [00300793] X15=00000003 X00=00000000 X03=00000000 addi    a5,zero,3
PC=0000036C [F8E7FAE3] X21=00000000 X15=00000003 X14=00000004 bgeu    a5,a4,-108
PC=0000036C [00100793] X15=00000001 X00=00000000 X01=000001C0 addi    a5,zero,1
PC=00000370 [FCF407A3] X15=00000001 X08=00500000 X15=00000001 sb      a5,-49(s0/fp)
PC=00000374 [0400006F] X00=00000000 X00=00000000 X00=00000000 jal     zero,64
PC=000003B4 [FCF44703] X14=00000001 X08=00500000 X15=00000001 lbu     a4,-49(s0/fp)
PC=000003B8 [00300793] X15=00000003 X00=00000000 X03=00000000 addi    a5,zero,3
PC=00000378 [FAE7FEE3] X29=00000000 X15=00000003 X14=00000001 bgeu    a5,a4,-68
PC=00000378 [FCF44783] X15=00000001 X08=00500000 X15=00000003 lbu     a5,-49(s0/fp)
PC=0000037C [FFF78793] X15=00000000 X15=00000001 X31=00000000 addi    a5,a5,-1
PC=00000380 [FCF40703] X14=00000001 X08=00500000 X15=00000000 lb      a4,-49(s0/fp)
PC=00000384 [FF040E13] X28=004FFFF0 X08=00500000 X16=00000000 addi    t3,s0/fp,-16
PC=00000388 [00FE07B3] X15=004FFFF0 X28=004FFFF0 X15=00000000 add     a5,t3,a5
PC=0000038C [FCE78A23] X20=00000000 X15=004FFFF0 X14=00000001 sb      a4,-44(a5)
PC=00000390 [FCF44783] X15=00000001 X08=00500000 X15=004FFFF0 lbu     a5,-49(s0/fp)
PC=00000394 [FFF78793] X15=00000000 X15=00000001 X31=00000000 addi    a5,a5,-1
PC=00000398 [FCF40703] X14=00000001 X08=00500000 X15=00000000 lb      a4,-49(s0/fp)
PC=0000039C [FF040E13] X28=004FFFF0 X08=00500000 X16=00000000 addi    t3,s0/fp,-16
PC=000003A0 [00FE07B3] X15=004FFFF0 X28=004FFFF0 X15=00000000 add     a5,t3,a5
PC=000003A4 [FCE78823] X16=00000000 X15=004FFFF0 X14=00000001 sb      a4,-48(a5)
PC=000003A8 [FCF44783] X15=00000001 X08=00500000 X15=004FFFF0 lbu     a5,-49(s0/fp)
PC=000003AC [00178793] X15=00000002 X15=00000001 X01=000001C0 addi    a5,a5,1
PC=000003B0 [FCF407A3] X15=00000002 X08=00500000 X15=00000002 sb      a5,-49(s0/fp)
PC=000003B4 [FCF44703] X14=00000002 X08=00500000 X15=00000002 lbu     a4,-49(s0/fp)
PC=000003B8 [00300793] X15=00000003 X00=00000000 X03=00000000 addi    a5,zero,3
PC=00000378 [FAE7FEE3] X29=00000000 X15=00000003 X14=00000002 bgeu    a5,a4,-68
PC=00000378 [FCF44783] X15=00000002 X08=00500000 X15=00000003 lbu     a5,-49(s0/fp)
PC=0000037C [FFF78793] X15=00000001 X15=00000002 X31=00000000 addi    a5,a5,-1
PC=00000380 [FCF40703] X14=00000002 X08=00500000 X15=00000001 lb      a4,-49(s0/fp)
PC=00000384 [FF040E13] X28=004FFFF0 X08=00500000 X16=00000000 addi    t3,s0/fp,-16
PC=00000388 [00FE07B3] X15=004FFFF1 X28=004FFFF0 X15=00000001 add     a5,t3,a5
PC=0000038C [FCE78A23] X20=00000000 X15=004FFFF1 X14=00000002 sb      a4,-44(a5)
PC=00000390 [FCF44783] X15=00000002 X08=00500000 X15=004FFFF1 lbu     a5,-49(s0/fp)
PC=00000394 [FFF78793] X15=00000001 X15=00000002 X31=00000000 addi    a5,a5,-1
PC=00000398 [FCF40703] X14=00000002 X08=00500000 X15=00000001 lb      a4,-49(s0/fp)
PC=0000039C [FF040E13] X28=004FFFF0 X08=00500000 X16=00000000 addi    t3,s0/fp,-16
PC=000003A0 [00FE07B3] X15=004FFFF1 X28=004FFFF0 X15=00000001 add     a5,t3,a5
PC=000003A4 [FCE78823] X16=00000000 X15=004FFFF1 X14=00000002 sb      a4,-48(a5)
PC=000003A8 [FCF44783] X15=00000002 X08=00500000 X15=004FFFF1 lbu     a5,-49(s0/fp)
PC=000003AC [00178793] X15=00000003 X15=00000002 X01=000001C0 addi    a5,a5,1
PC=000003B0 [FCF407A3] X15=00000003 X08=00500000 X15=00000003 sb      a5,-49(s0/fp)
PC=000003B4 [FCF44703] X14=00000003 X08=00500000 X15=00000003 lbu     a4,-49(s0/fp)
PC=000003B8 [00300793] X15=00000003 X00=00000000 X03=00000000 addi    a5,zero,3
PC=00000378 [FAE7FEE3] X29=00000000 X15=00000003 X14=00000003 bgeu    a5,a4,-68
PC=00000378 [FCF44783] X15=00000003 X08=00500000 X15=00000003 lbu     a5,-49(s0/fp)
PC=0000037C [FFF78793] X15=00000002 X15=00000003 X31=00000000 addi    a5,a5,-1
PC=00000380 [FCF40703] X14=00000003 X08=00500000 X15=00000002 lb      a4,-49(s0/fp)
PC=00000384 [FF040E13] X28=004FFFF0 X08=00500000 X16=00000000 addi    t3,s0/fp,-16
PC=00000388 [00FE07B3] X15=004FFFF2 X28=004FFFF0 X15=00000002 add     a5,t3,a5
PC=0000038C [FCE78A23] X20=00000000 X15=004FFFF2 X14=00000003 sb      a4,-44(a5)
PC=00000390 [FCF44783] X15=00000003 X08=00500000 X15=004FFFF2 lbu     a5,-49(s0/fp)
PC=00000394 [FFF78793] X15=00000002 X15=00000003 X31=00000000 addi    a5,a5,-1
PC=00000398 [FCF40703] X14=00000003 X08=00500000 X15=00000002 lb      a4,-49(s0/fp)
PC=0000039C [FF040E13] X28=004FFFF0 X08=00500000 X16=00000000 addi    t3,s0/fp,-16
PC=000003A0 [00FE07B3] X15=004FFFF2 X28=004FFFF0 X15=00000002 add     a5,t3,a5
PC=000003A4 [FCE78823] X16=00000000 X15=004FFFF2 X14=00000003 sb      a4,-48(a5)
PC=000003A8 [FCF44783] X15=00000003 X08=00500000 X15=004FFFF2 lbu     a5,-49(s0/fp)
PC=000003AC [00178793] X15=00000004 X15=00000003 X01=000001C0 addi    a5,a5,1
PC=000003B0 [FCF407A3] X15=00000004 X08=00500000 X15=00000004 sb      a5,-49(s0/fp)
PC=000003B4 [FCF44703] X14=00000004 X08=00500000 X15=00000004 lbu     a4,-49(s0/fp)
PC=000003B8 [00300793] X15=00000003 X00=00000000 X03=00000000 addi    a5,zero,3
PC=000003C0 [FAE7FEE3] X29=00000000 X15=00000003 X14=00000004 bgeu    a5,a4,-68
PC=000003C0 [00100793] X15=00000001 X00=00000000 X01=000001C0 addi    a5,zero,1
PC=000003C4 [FCF407A3] X15=00000001 X08=00500000 X15=00000001 sb      a5,-49(s0/fp)
PC=000003C8 [0580006F] X00=00000000 X00=00000000 X24=00000000 jal     zero,88
PC=00000420 [FCF44703] X14=00000001 X08=00500000 X15=00000001 lbu     a4,-49(s0/fp)
PC=00000424 [00300793] X15=00000003 X00=00000000 X03=00000000 addi    a5,zero,3
PC=000003CC [FAE7F2E3] X05=004FFFF0 X15=00000003 X14=00000001 bgeu    a5,a4,-92
PC=000003CC [FCF44783] X15=00000001 X08=00500000 X15=00000003 lbu     a5,-49(s0/fp)
PC=000003D0 [FFF78793] X15=00000000 X15=00000001 X31=00000000 addi    a5,a5,-1
PC=000003D4 [FCF44703] X14=00000001 X08=00500000 X15=00000000 lbu     a4,-49(s0/fp)
PC=000003D8 [01071713] X14=00010000 X14=00000001 X16=00000000 slli    a4,a4,16
PC=000003DC [41075713] X14=00000001 X14=00010000 X16=00000000 srai    a4,a4,16
PC=000003E0 [00179793] X15=00000000 X15=00000000 X01=000001C0 slli    a5,a5,1
PC=000003E4 [FF040E13] X28=004FFFF0 X08=00500000 X16=00000000 addi    t3,s0/fp,-16
PC=000003E8 [00FE07B3] X15=004FFFF0 X28=004FFFF0 X15=00000000 add     a5,t3,a5
PC=000003EC [FAE79C23] X24=00000000 X15=004FFFF0 X14=00000001 sh      a4,-72(a5)
PC=000003F0 [FCF44783] X15=00000001 X08=00500000 X15=004FFFF0 lbu     a5,-49(s0/fp)
PC=000003F4 [FFF78793] X15=00000000 X15=00000001 X31=00000000 addi    a5,a5,-1
PC=000003F8 [FCF44703] X14=00000001 X08=00500000 X15=00000000 lbu     a4,-49(s0/fp)
PC=000003FC [01071713] X14=00010000 X14=00000001 X16=00000000 slli    a4,a4,16
PC=00000400 [41075713] X14=00000001 X14=00010000 X16=00000000 srai    a4,a4,16
PC=00000404 [00179793] X15=00000000 X15=00000000 X01=000001C0 slli    a5,a5,1
PC=00000408 [FF040E13] X28=004FFFF0 X08=00500000 X16=00000000 addi    t3,s0/fp,-16
PC=0000040C [00FE07B3] X15=004FFFF0 X28=004FFFF0 X15=00000000 add     a5,t3,a5
PC=00000410 [FAE79823] X16=00000000 X15=004FFFF0 X14=00000001 sh      a4,-80(a5)
PC=00000414 [FCF44783] X15=00000001 X08=00500000 X15=004FFFF0 lbu     a5,-49(s0/fp)
PC=00000418 [00178793] X15=00000002 X15=00000001 X01=000001C0 addi    a5,a5,1
PC=0000041C [FCF407A3] X15=00000002 X08=00500000 X15=00000002 sb      a5,-49(s0/fp)
PC=00000420 [FCF44703] X14=00000002 X08=00500000 X15=00000002 lbu     a4,-49(s0/fp)
PC=00000424 [00300793] X15=00000003 X00=00000000 X03=00000000 addi    a5,zero,3
PC=000003CC [FAE7F2E3] X05=004FFFF0 X15=00000003 X14=00000002 bgeu    a5,a4,-92
PC=000003CC [FCF44783] X15=00000002 X08=00500000 X15=00000003 lbu     a5,-49(s0/fp)
PC=000003D0 [FFF78793] X15=00000001 X15=00000002 X31=00000000 addi    a5,a5,-1
PC=000003D4 [FCF44703] X14=00000002 X08=00500000 X15=00000001 lbu     a4,-49(s0/fp)
PC=000003D8 [01071713] X14=00020000 X14=00000002 X16=00000000 slli    a4,a4,16
PC=000003DC [41075713] X14=00000002 X14=00020000 X16=00000000 srai    a4,a4,16
PC=000003E0 [00179793] X15=00000002 X15=00000001 X01=000001C0 slli    a5,a5,1
PC=000003E4 [FF040E13] X28=004FFFF0 X08=00500000 X16=00000000 addi    t3,s0/fp,-16
PC=000003E8 [00FE07B3] X15=004FFFF2 X28=004FFFF0 X15=00000002 add     a5,t3,a5
PC=000003EC [FAE79C23] X24=00000000 X15=004FFFF2 X14=00000002 sh      a4,-72(a5)
PC=000003F0 [FCF44783] X15=00000002 X08=00500000 X15=004FFFF2 lbu     a5,-49(s0/fp)
PC=000003F4 [FFF78793] X15=00000001 X15=00000002 X31=00000000 addi    a5,a5,-1
PC=000003F8 [FCF44703] X14=00000002 X08=00500000 X15=00000001 lbu     a4,-49(s0/fp)
PC=000003FC [01071713] X14=00020000 X14=00000002 X16=00000000 slli    a4,a4,16
PC=00000400 [41075713] X14=00000002 X14=00020000 X16=00000000 srai    a4,a4,16
PC=00000404 [00179793] X15=00000002 X15=00000001 X01=000001C0 slli    a5,a5,1
PC=00000408 [FF040E13] X28=004FFFF0 X08=00500000 X16=00000000 addi    t3,s0/fp,-16
PC=0000040C [00FE07B3] X15=004FFFF2 X28=004FFFF0 X15=00000002 add     a5,t3,a5
PC=00000410 [FAE79823] X16=00000000 X15=004FFFF2 X14=00000002 sh      a4,-80(a5)
PC=00000414 [FCF44783] X15=00000002 X08=00500000 X15=004FFFF2 lbu     a5,-49(s0/fp)
PC=00000418 [00178793] X15=00000003 X15=00000002 X01=000001C0 addi    a5,a5,1
PC=0000041C [FCF407A3] X15=00000003 X08=00500000 X15=00000003 sb      a5,-49(s0/fp)
PC=00000420 [FCF44703] X14=00000003 X08=00500000 X15=00000003 lbu     a4,-49(s0/fp)
PC=00000424 [00300793] X15=00000003 X00=00000000 X03=00000000 addi    a5,zero,3
PC=000003CC [FAE7F2E3] X05=004FFFF0 X15=00000003 X14=00000003 bgeu    a5,a4,-92
PC=000003CC [FCF44783] X15=00000003 X08=00500000 X15=00000003 lbu     a5,-49(s0/fp)
PC=000003D0 [FFF78793] X15=00000002 X15=00000003 X31=00000000 addi    a5,a5,-1
PC=000003D4 [FCF44703] X14=00000003 X08=00500000 X15=00000002 lbu     a4,-49(s0/fp)
PC=000003D8 [01071713] X14=00030000 X14=00000003 X16=00000000 slli    a4,a4,16
PC=000003DC [41075713] X14=00000003 X14=00030000 X16=00000000 srai    a4,a4,16
PC=000003E0 [00179793] X15=00000004 X15=00000002 X01=000001C0 slli    a5,a5,1
PC=000003E4 [FF040E13] X28=004FFFF0 X08=00500000 X16=00000000 addi    t3,s0/fp,-16
PC=000003E8 [00FE07B3] X15=004FFFF4 X28=004FFFF0 X15=00000004 add     a5,t3,a5
PC=000003EC [FAE79C23] X24=00000000 X15=004FFFF4 X14=00000003 sh      a4,-72(a5)
PC=000003F0 [FCF44783] X15=00000003 X08=00500000 X15=004FFFF4 lbu     a5,-49(s0/fp)
PC=000003F4 [FFF78793] X15=00000002 X15=00000003 X31=00000000 addi    a5,a5,-1
PC=000003F8 [FCF44703] X14=00000003 X08=00500000 X15=00000002 lbu     a4,-49(s0/fp)
PC=000003FC [01071713] X14=00030000 X14=00000003 X16=00000000 slli    a4,a4,16
PC=00000400 [41075713] X14=00000003 X14=00030000 X16=00000000 srai    a4,a4,16
PC=00000404 [00179793] X15=00000004 X15=00000002 X01=000001C0 slli    a5,a5,1
PC=00000408 [FF040E13] X28=004FFFF0 X08=00500000 X16=00000000 addi    t3,s0/fp,-16
PC=0000040C [00FE07B3] X15=004FFFF4 X28=004FFFF0 X15=00000004 add     a5,t3,a5
PC=00000410 [FAE79823] X16=00000000 X15=004FFFF4 X14=00000003 sh      a4,-80(a5)
PC=00000414 [FCF44783] X15=00000003 X08=00500000 X15=004FFFF4 lbu     a5,-49(s0/fp)
PC=00000418 [00178793] X15=00000004 X15=00000003 X01=000001C0 addi    a5,a5,1
PC=0000041C [FCF407A3] X15=00000004 X08=00500000 X15=00000004 sb      a5,-49(s0/fp)
PC=00000420 [FCF44703] X14=00000004 X08=00500000 X15=00000004 lbu     a4,-49(s0/fp)
PC=00000424 [00300793] X15=00000003 X00=00000000 X03=00000000 addi    a5,zero,3
PC=0000042C [FAE7F2E3] X05=004FFFF0 X15=00000003 X14=00000004 bgeu    a5,a4,-92
PC=0000042C [00100793] X15=00000001 X00=00000000 X01=000001C0 addi    a5,zero,1
PC=00000430 [FCF407A3] X15=00000001 X08=00500000 X15=00000001 sb      a5,-49(s0/fp)
PC=00000434 [0480006F] X00=00000000 X00=00000000 X08=00500000 jal     zero,72
PC=0000047C [FCF44703] X14=00000001 X08=00500000 X15=00000001 lbu     a4,-49(s0/fp)
PC=00000480 [00300793] X15=00000003 X00=00000000 X03=00000000 addi    a5,zero,3
PC=00000438 [FAE7FAE3] X21=00000000 X15=00000003 X14=00000001 bgeu    a5,a4,-76
PC=00000438 [FCF44783] X15=00000001 X08=00500000 X15=00000003 lbu     a5,-49(s0/fp)
PC=0000043C [FFF78793] X15=00000000 X15=00000001 X31=00000000 addi    a5,a5,-1
PC=00000440 [FCF44703] X14=00000001 X08=00500000 X15=00000000 lbu     a4,-49(s0/fp)
PC=00000444 [00279793] X15=00000000 X15=00000000 X02=004FFF10 slli    a5,a5,2
PC=00000448 [FF040E13] X28=004FFFF0 X08=00500000 X16=00000000 addi    t3,s0/fp,-16
PC=0000044C [00FE07B3] X15=004FFFF0 X28=004FFFF0 X15=00000000 add     a5,t3,a5
PC=00000450 [F8E7A623] X12=00000000 X15=004FFFF0 X14=00000001 sw      a4,-116(a5)
PC=00000454 [FCF44783] X15=00000001 X08=00500000 X15=004FFFF0 lbu     a5,-49(s0/fp)
PC=00000458 [FFF78793] X15=00000000 X15=00000001 X31=00000000 addi    a5,a5,-1
PC=0000045C [FCF44703] X14=00000001 X08=00500000 X15=00000000 lbu     a4,-49(s0/fp)
PC=00000460 [00279793] X15=00000000 X15=00000000 X02=004FFF10 slli    a5,a5,2
PC=00000464 [FF040E13] X28=004FFFF0 X08=00500000 X16=00000000 addi    t3,s0/fp,-16
PC=00000468 [00FE07B3] X15=004FFFF0 X28=004FFFF0 X15=00000000 add     a5,t3,a5
PC=0000046C [F8E7A023] X00=00000000 X15=004FFFF0 X14=00000001 sw      a4,-128(a5)
PC=00000470 [FCF44783] X15=00000001 X08=00500000 X15=004FFFF0 lbu     a5,-49(s0/fp)
PC=00000474 [00178793] X15=00000002 X15=00000001 X01=000001C0 addi    a5,a5,1
PC=00000478 [FCF407A3] X15=00000002 X08=00500000 X15=00000002 sb      a5,-49(s0/fp)
PC=0000047C [FCF44703] X14=00000002 X08=00500000 X15=00000002 lbu     a4,-49(s0/fp)
PC=00000480 [00300793] X15=00000003 X00=00000000 X03=00000000 addi    a5,zero,3
PC=00000438 [FAE7FAE3] X21=00000000 X15=00000003 X14=00000002 bgeu    a5,a4,-76
PC=00000438 [FCF44783] X15=00000002 X08=00500000 X15=00000003 lbu     a5,-49(s0/fp)
PC=0000043C [FFF78793] X15=00000001 X15=00000002 X31=00000000 addi    a5,a5,-1
PC=00000440 [FCF44703] X14=00000002 X08=00500000 X15=00000001 lbu     a4,-49(s0/fp)
PC=00000444 [00279793] X15=00000004 X15=00000001 X02=004FFF10 slli    a5,a5,2
PC=00000448 [FF040E13] X28=004FFFF0 X08=00500000 X16=00000000 addi    t3,s0/fp,-16
PC=0000044C [00FE07B3] X15=004FFFF4 X28=004FFFF0 X15=00000004 add     a5,t3,a5
PC=00000450 [F8E7A623] X12=00000000 X15=004FFFF4 X14=00000002 sw      a4,-116(a5)
PC=00000454 [FCF44783] X15=00000002 X08=00500000 X15=004FFFF4 lbu     a5,-49(s0/fp)
PC=00000458 [FFF78793] X15=00000001 X15=00000002 X31=00000000 addi    a5,a5,-1
PC=0000045C [FCF44703] X14=00000002 X08=00500000 X15=00000001 lbu     a4,-49(s0/fp)
PC=00000460 [00279793] X15=00000004 X15=00000001 X02=004FFF10 slli    a5,a5,2
PC=00000464 [FF040E13] X28=004FFFF0 X08=00500000 X16=00000000 addi    t3,s0/fp,-16
PC=00000468 [00FE07B3] X15=004FFFF4 X28=004FFFF0 X15=00000004 add     a5,t3,a5
PC=0000046C [F8E7A023] X00=00000000 X15=004FFFF4 X14=00000002 sw      a4,-128(a5)
PC=00000470 [FCF44783] X15=00000002 X08=00500000 X15=004FFFF4 lbu     a5,-49(s0/fp)
PC=00000474 [00178793] X15=00000003 X15=00000002 X01=000001C0 addi    a5,a5,1
PC=00000478 [FCF407A3] X15=00000003 X08=00500000 X15=00000003 sb      a5,-49(s0/fp)
PC=0000047C [FCF44703] X14=00000003 X08=00500000 X15=00000003 lbu     a4,-49(s0/fp)
PC=00000480 [00300793] X15=00000003 X00=00000000 X03=00000000 addi    a5,zero,3
PC=00000438 [FAE7FAE3] X21=00000000 X15=00000003 X14=00000003 bgeu    a5,a4,-76
PC=00000438 [FCF44783] X15=00000003 X08=00500000 X15=00000003 lbu     a5,-49(s0/fp)
PC=0000043C [FFF78793] X15=00000002 X15=00000003 X31=00000000 addi    a5,a5,-1
PC=00000440 [FCF44703] X14=00000003 X08=00500000 X15=00000002 lbu     a4,-49(s0/fp)
PC=00000444 [00279793] X15=00000008 X15=00000002 X02=004FFF10 slli    a5,a5,2
PC=00000448 [FF040E13] X28=004FFFF0 X08=00500000 X16=00000000 addi    t3,s0/fp,-16
PC=0000044C [00FE07B3] X15=004FFFF8 X28=004FFFF0 X15=00000008 add     a5,t3,a5
PC=00000450 [F8E7A623] X12=00000000 X15=004FFFF8 X14=00000003 sw      a4,-116(a5)
PC=00000454 [FCF44783] X15=00000003 X08=00500000 X15=004FFFF8 lbu     a5,-49(s0/fp)
PC=00000458 [FFF78793] X15=00000002 X15=00000003 X31=00000000 addi    a5,a5,-1
PC=0000045C [FCF44703] X14=00000003 X08=00500000 X15=00000002 lbu     a4,-49(s0/fp)
PC=00000460 [00279793] X15=00000008 X15=00000002 X02=004FFF10 slli    a5,a5,2
PC=00000464 [FF040E13] X28=004FFFF0 X08=00500000 X16=00000000 addi    t3,s0/fp,-16
PC=00000468 [00FE07B3] X15=004FFFF8 X28=004FFFF0 X15=00000008 add     a5,t3,a5
PC=0000046C [F8E7A023] X00=00000000 X15=004FFFF8 X14=00000003 sw      a4,-128(a5)
PC=00000470 [FCF44783] X15=00000003 X08=00500000 X15=004FFFF8 lbu     a5,-49(s0/fp)
PC=00000474 [00178793] X15=00000004 X15=00000003 X01=000001C0 addi    a5,a5,1
PC=00000478 [FCF407A3] X15=00000004 X08=00500000 X15=00000004 sb      a5,-49(s0/fp)
PC=0000047C [FCF44703] X14=00000004 X08=00500000 X15=00000004 lbu     a4,-49(s0/fp)
PC=00000480 [00300793] X15=00000003 X00=00000000 X03=00000000 addi    a5,zero,3
PC=00000488 [FAE7FAE3] X21=00000000 X15=00000003 X14=00000004 bgeu    a5,a4,-76
PC=00000488 [00100793] X15=00000001 X00=00000000 X01=000001C0 addi    a5,zero,1
PC=0000048C [FCF407A3] X15=00000001 X08=00500000 X15=00000001 sb      a5,-49(s0/fp)
PC=00000490 [0680006F] X00=00000000 X00=00000000 X08=00500000 jal     zero,104
PC=000004F8 [FCF44703] X14=00000001 X08=00500000 X15=00000001 lbu     a4,-49(s0/fp)
PC=000004FC [00300793] X15=00000003 X00=00000000 X03=00000000 addi    a5,zero,3
PC=00000494 [F8E7FAE3] X21=00000000 X15=00000003 X14=00000001 bgeu    a5,a4,-108
PC=00000494 [FCF44783] X15=00000001 X08=00500000 X15=00000003 lbu     a5,-49(s0/fp)
PC=00000498 [FFF78793] X15=00000000 X15=00000001 X31=00000000 addi    a5,a5,-1
PC=0000049C [FCF44703] X14=00000001 X08=00500000 X15=00000000 lbu     a4,-49(s0/fp)
PC=000004A0 [0FF77713] X14=00000001 X14=00000001 X31=00000000 andi    a4,a4,255
PC=000004A4 [00070613] X12=00000001 X14=00000001 X00=00000000 addi    a2,a4,0
PC=000004A8 [00000693] X13=00000000 X00=00000000 X00=00000000 addi    a3,zero,0
PC=000004AC [00379793] X15=00000000 X15=00000000 X03=00000000 slli    a5,a5,3
PC=000004B0 [FF040713] X14=004FFFF0 X08=00500000 X16=00000000 addi    a4,s0/fp,-16
PC=000004B4 [00F707B3] X15=004FFFF0 X14=004FFFF0 X15=00000000 add     a5,a4,a5
PC=000004B8 [F2C7AC23] X24=00000000 X15=004FFFF0 X12=00000001 sw      a2,-200(a5)
PC=000004BC [F2D7AE23] X28=004FFFF0 X15=004FFFF0 X13=00000000 sw      a3,-196(a5)
PC=000004C0 [FCF44783] X15=00000001 X08=00500000 X15=004FFFF0 lbu     a5,-49(s0/fp)
PC=000004C4 [FFF78793] X15=00000000 X15=00000001 X31=00000000 addi    a5,a5,-1
PC=000004C8 [FCF44703] X14=00000001 X08=00500000 X15=00000000 lbu     a4,-49(s0/fp)
PC=000004CC [0FF77713] X14=00000001 X14=00000001 X31=00000000 andi    a4,a4,255
PC=000004D0 [00070313] X06=00000001 X14=00000001 X00=00000000 addi    t1,a4,0
PC=000004D4 [00000393] X07=00000000 X00=00000000 X00=00000000 addi    t2,zero,0
PC=000004D8 [00379793] X15=00000000 X15=00000000 X03=00000000 slli    a5,a5,3
PC=000004DC [FF040713] X14=004FFFF0 X08=00500000 X16=00000000 addi    a4,s0/fp,-16
PC=000004E0 [00F707B3] X15=004FFFF0 X14=004FFFF0 X15=00000000 add     a5,a4,a5
PC=000004E4 [F267A023] X00=00000000 X15=004FFFF0 X06=00000001 sw      t1,-224(a5)
PC=000004E8 [F277A223] X04=00000000 X15=004FFFF0 X07=00000000 sw      t2,-220(a5)
PC=000004EC [FCF44783] X15=00000001 X08=00500000 X15=004FFFF0 lbu     a5,-49(s0/fp)
PC=000004F0 [00178793] X15=00000002 X15=00000001 X01=000001C0 addi    a5,a5,1
PC=000004F4 [FCF407A3] X15=00000002 X08=00500000 X15=00000002 sb      a5,-49(s0/fp)
PC=000004F8 [FCF44703] X14=00000002 X08=00500000 X15=00000002 lbu     a4,-49(s0/fp)
PC=000004FC [00300793] X15=00000003 X00=00000000 X03=00000000 addi    a5,zero,3
PC=00000494 [F8E7FAE3] X21=00000000 X15=00000003 X14=00000002 bgeu    a5,a4,-108
PC=00000494 [FCF44783] X15=00000002 X08=00500000 X15=00000003 lbu     a5,-49(s0/fp)
PC=00000498 [FFF78793] X15=00000001 X15=00000002 X31=00000000 addi    a5,a5,-1
PC=0000049C [FCF44703] X14=00000002 X08=00500000 X15=00000001 lbu     a4,-49(s0/fp)
PC=000004A0 [0FF77713] X14=00000002 X14=00000002 X31=00000000 andi    a4,a4,255
PC=000004A4 [00070613] X12=00000002 X14=00000002 X00=00000000 addi    a2,a4,0
PC=000004A8 [00000693] X13=00000000 X00=00000000 X00=00000000 addi    a3,zero,0
PC=000004AC [00379793] X15=00000008 X15=00000001 X03=00000000 slli    a5,a5,3
PC=000004B0 [FF040713] X14=004FFFF0 X08=00500000 X16=00000000 addi    a4,s0/fp,-16
PC=000004B4 [00F707B3] X15=004FFFF8 X14=004FFFF0 X15=00000008 add     a5,a4,a5
PC=000004B8 [F2C7AC23] X24=00000000 X15=004FFFF8 X12=00000002 sw      a2,-200(a5)
PC=000004BC [F2D7AE23] X28=004FFFF0 X15=004FFFF8 X13=00000000 sw      a3,-196(a5)
PC=000004C0 [FCF44783] X15=00000002 X08=00500000 X15=004FFFF8 lbu     a5,-49(s0/fp)
PC=000004C4 [FFF78793] X15=00000001 X15=00000002 X31=00000000 addi    a5,a5,-1
PC=000004C8 [FCF44703] X14=00000002 X08=00500000 X15=00000001 lbu     a4,-49(s0/fp)
PC=000004CC [0FF77713] X14=00000002 X14=00000002 X31=00000000 andi    a4,a4,255
PC=000004D0 [00070313] X06=00000002 X14=00000002 X00=00000000 addi    t1,a4,0
PC=000004D4 [00000393] X07=00000000 X00=00000000 X00=00000000 addi    t2,zero,0
PC=000004D8 [00379793] X15=00000008 X15=00000001 X03=00000000 slli    a5,a5,3
PC=000004DC [FF040713] X14=004FFFF0 X08=00500000 X16=00000000 addi    a4,s0/fp,-16
PC=000004E0 [00F707B3] X15=004FFFF8 X14=004FFFF0 X15=00000008 add     a5,a4,a5
PC=000004E4 [F267A023] X00=00000000 X15=004FFFF8 X06=00000002 sw      t1,-224(a5)
PC=000004E8 [F277A223] X04=00000000 X15=004FFFF8 X07=00000000 sw      t2,-220(a5)
PC=000004EC [FCF44783] X15=00000002 X08=00500000 X15=004FFFF8 lbu     a5,-49(s0/fp)
PC=000004F0 [00178793] X15=00000003 X15=00000002 X01=000001C0 addi    a5,a5,1
PC=000004F4 [FCF407A3] X15=00000003 X08=00500000 X15=00000003 sb      a5,-49(s0/fp)
PC=000004F8 [FCF44703] X14=00000003 X08=00500000 X15=00000003 lbu     a4,-49(s0/fp)
PC=000004FC [00300793] X15=00000003 X00=00000000 X03=00000000 addi    a5,zero,3
PC=00000494 [F8E7FAE3] X21=00000000 X15=00000003 X14=00000003 bgeu    a5,a4,-108
PC=00000494 [FCF44783] X15=00000003 X08=00500000 X15=00000003 lbu     a5,-49(s0/fp)
PC=00000498 [FFF78793] X15=00000002 X15=00000003 X31=00000000 addi    a5,a5,-1
PC=0000049C [FCF44703] X14=00000003 X08=00500000 X15=00000002 lbu     a4,-49(s0/fp)
PC=000004A0 [0FF77713] X14=00000003 X14=00000003 X31=00000000 andi    a4,a4,255
PC=000004A4 [00070613] X12=00000003 X14=00000003 X00=00000000 addi    a2,a4,0
PC=000004A8 [00000693] X13=00000000 X00=00000000 X00=00000000 addi    a3,zero,0
PC=000004AC [00379793] X15=00000010 X15=00000002 X03=00000000 slli    a5,a5,3
PC=000004B0 [FF040713] X14=004FFFF0 X08=00500000 X16=00000000 addi    a4,s0/fp,-16
PC=000004B4 [00F707B3] X15=00500000 X14=004FFFF0 X15=00000010 add     a5,a4,a5
PC=000004B8 [F2C7AC23] X24=00000000 X15=00500000 X12=00000003 sw      a2,-200(a5)
PC=000004BC [F2D7AE23] X28=004FFFF0 X15=00500000 X13=00000000 sw      a3,-196(a5)
PC=000004C0 [FCF44783] X15=00000003 X08=00500000 X15=00500000 lbu     a5,-49(s0/fp)
PC=000004C4 [FFF78793] X15=00000002 X15=00000003 X31=00000000 addi    a5,a5,-1
PC=000004C8 [FCF44703] X14=00000003 X08=00500000 X15=00000002 lbu     a4,-49(s0/fp)
PC=000004CC [0FF77713] X14=00000003 X14=00000003 X31=00000000 andi    a4,a4,255
PC=000004D0 [00070313] X06=00000003 X14=00000003 X00=00000000 addi    t1,a4,0
PC=000004D4 [00000393] X07=00000000 X00=00000000 X00=00000000 addi    t2,zero,0
PC=000004D8 [00379793] X15=00000010 X15=00000002 X03=00000000 slli    a5,a5,3
PC=000004DC [FF040713] X14=004FFFF0 X08=00500000 X16=00000000 addi    a4,s0/fp,-16
PC=000004E0 [00F707B3] X15=00500000 X14=004FFFF0 X15=00000010 add     a5,a4,a5
PC=000004E4 [F267A023] X00=00000000 X15=00500000 X06=00000003 sw      t1,-224(a5)
PC=000004E8 [F277A223] X04=00000000 X15=00500000 X07=00000000 sw      t2,-220(a5)
PC=000004EC [FCF44783] X15=00000003 X08=00500000 X15=00500000 lbu     a5,-49(s0/fp)
PC=000004F0 [00178793] X15=00000004 X15=00000003 X01=000001C0 addi    a5,a5,1
PC=000004F4 [FCF407A3] X15=00000004 X08=00500000 X15=00000004 sb      a5,-49(s0/fp)
PC=000004F8 [FCF44703] X14=00000004 X08=00500000 X15=00000004 lbu     a4,-49(s0/fp)
PC=000004FC [00300793] X15=00000003 X00=00000000 X03=00000000 addi    a5,zero,3
PC=00000504 [F8E7FAE3] X21=00000000 X15=00000003 X14=00000004 bgeu    a5,a4,-108
PC=00000504 [FE0407A3] X15=00000003 X08=00500000 X00=00000000 sb      zero,-17(s0/fp)
PC=00000508 [FC0407A3] X15=00000003 X08=00500000 X00=00000000 sb      zero,-49(s0/fp)
PC=0000050C [0440006F] X00=00000000 X00=00000000 X04=00000000 jal     zero,68
PC=00000550 [FCF44703] X14=00000000 X08=00500000 X15=00000003 lbu     a4,-49(s0/fp)
PC=00000554 [00200793] X15=00000002 X00=00000000 X02=004FFF10 addi    a5,zero,2
PC=00000510 [FAE7FCE3] X25=00000000 X15=00000002 X14=00000000 bgeu    a5,a4,-72
PC=00000510 [FCF44783] X15=00000000 X08=00500000 X15=00000002 lbu     a5,-49(s0/fp)
PC=00000514 [FF040713] X14=004FFFF0 X08=00500000 X16=00000000 addi    a4,s0/fp,-16
PC=00000518 [00F707B3] X15=004FFFF0 X14=004FFFF0 X15=00000000 add     a5,a4,a5
PC=0000051C [FDC7C703] X14=00000001 X15=004FFFF0 X28=004FFFF0 lbu     a4,-36(a5)
PC=00000520 [FCF44783] X15=00000000 X08=00500000 X15=004FFFF0 lbu     a5,-49(s0/fp)
PC=00000524 [FF040693] X13=004FFFF0 X08=00500000 X16=00000000 addi    a3,s0/fp,-16
PC=00000528 [00F687B3] X15=004FFFF0 X13=004FFFF0 X15=00000000 add     a5,a3,a5
PC=0000052C [FD87C783] X15=00000001 X15=004FFFF0 X24=00000000 lbu     a5,-40(a5)
PC=00000530 [02F707B3] X15=00000001 X14=00000001 X15=00000001 mul     a5,a4,a5
PC=00000534 [0FF7F713] X14=00000001 X15=00000001 X31=00000000 andi    a4,a5,255
PC=00000538 [FEF44783] X15=00000000 X08=00500000 X15=00000001 lbu     a5,-17(s0/fp)
PC=0000053C [00F707B3] X15=00000001 X14=00000001 X15=00000000 add     a5,a4,a5
PC=00000540 [FEF407A3] X15=00000001 X08=00500000 X15=00000001 sb      a5,-17(s0/fp)
PC=00000544 [FCF44783] X15=00000000 X08=00500000 X15=00000001 lbu     a5,-49(s0/fp)
PC=00000548 [00178793] X15=00000001 X15=00000000 X01=000001C0 addi    a5,a5,1
PC=0000054C [FCF407A3] X15=00000001 X08=00500000 X15=00000001 sb      a5,-49(s0/fp)
PC=00000550 [FCF44703] X14=00000001 X08=00500000 X15=00000001 lbu     a4,-49(s0/fp)
PC=00000554 [00200793] X15=00000002 X00=00000000 X02=004FFF10 addi    a5,zero,2
PC=00000510 [FAE7FCE3] X25=00000000 X15=00000002 X14=00000001 bgeu    a5,a4,-72
PC=00000510 [FCF44783] X15=00000001 X08=00500000 X15=00000002 lbu     a5,-49(s0/fp)
PC=00000514 [FF040713] X14=004FFFF0 X08=00500000 X16=00000000 addi    a4,s0/fp,-16
PC=00000518 [00F707B3] X15=004FFFF1 X14=004FFFF0 X15=00000001 add     a5,a4,a5
PC=0000051C [FDC7C703] X14=00000002 X15=004FFFF1 X28=004FFFF0 lbu     a4,-36(a5)
PC=00000520 [FCF44783] X15=00000001 X08=00500000 X15=004FFFF1 lbu     a5,-49(s0/fp)
PC=00000524 [FF040693] X13=004FFFF0 X08=00500000 X16=00000000 addi    a3,s0/fp,-16
PC=00000528 [00F687B3] X15=004FFFF1 X13=004FFFF0 X15=00000001 add     a5,a3,a5
PC=0000052C [FD87C783] X15=00000002 X15=004FFFF1 X24=00000000 lbu     a5,-40(a5)
PC=00000530 [02F707B3] X15=00000004 X14=00000002 X15=00000002 mul     a5,a4,a5
PC=00000534 [0FF7F713] X14=00000004 X15=00000004 X31=00000000 andi    a4,a5,255
PC=00000538 [FEF44783] X15=00000001 X08=00500000 X15=00000004 lbu     a5,-17(s0/fp)
PC=0000053C [00F707B3] X15=00000005 X14=00000004 X15=00000001 add     a5,a4,a5
PC=00000540 [FEF407A3] X15=00000005 X08=00500000 X15=00000005 sb      a5,-17(s0/fp)
PC=00000544 [FCF44783] X15=00000001 X08=00500000 X15=00000005 lbu     a5,-49(s0/fp)
PC=00000548 [00178793] X15=00000002 X15=00000001 X01=000001C0 addi    a5,a5,1
PC=0000054C [FCF407A3] X15=00000002 X08=00500000 X15=00000002 sb      a5,-49(s0/fp)
PC=00000550 [FCF44703] X14=00000002 X08=00500000 X15=00000002 lbu     a4,-49(s0/fp)
PC=00000554 [00200793] X15=00000002 X00=00000000 X02=004FFF10 addi    a5,zero,2
PC=00000510 [FAE7FCE3] X25=00000000 X15=00000002 X14=00000002 bgeu    a5,a4,-72
PC=00000510 [FCF44783] X15=00000002 X08=00500000 X15=00000002 lbu     a5,-49(s0/fp)
PC=00000514 [FF040713] X14=004FFFF0 X08=00500000 X16=00000000 addi    a4,s0/fp,-16
PC=00000518 [00F707B3] X15=004FFFF2 X14=004FFFF0 X15=00000002 add     a5,a4,a5
PC=0000051C [FDC7C703] X14=00000003 X15=004FFFF2 X28=004FFFF0 lbu     a4,-36(a5)
PC=00000520 [FCF44783] X15=00000002 X08=00500000 X15=004FFFF2 lbu     a5,-49(s0/fp)
PC=00000524 [FF040693] X13=004FFFF0 X08=00500000 X16=00000000 addi    a3,s0/fp,-16
PC=00000528 [00F687B3] X15=004FFFF2 X13=004FFFF0 X15=00000002 add     a5,a3,a5
PC=0000052C [FD87C783] X15=00000003 X15=004FFFF2 X24=00000000 lbu     a5,-40(a5)
PC=00000530 [02F707B3] X15=00000009 X14=00000003 X15=00000003 mul     a5,a4,a5
PC=00000534 [0FF7F713] X14=00000009 X15=00000009 X31=00000000 andi    a4,a5,255
PC=00000538 [FEF44783] X15=00000005 X08=00500000 X15=00000009 lbu     a5,-17(s0/fp)
PC=0000053C [00F707B3] X15=0000000E X14=00000009 X15=00000005 add     a5,a4,a5
PC=00000540 [FEF407A3] X15=0000000E X08=00500000 X15=0000000E sb      a5,-17(s0/fp)
PC=00000544 [FCF44783] X15=00000002 X08=00500000 X15=0000000E lbu     a5,-49(s0/fp)
PC=00000548 [00178793] X15=00000003 X15=00000002 X01=000001C0 addi    a5,a5,1
PC=0000054C [FCF407A3] X15=00000003 X08=00500000 X15=00000003 sb      a5,-49(s0/fp)
PC=00000550 [FCF44703] X14=00000003 X08=00500000 X15=00000003 lbu     a4,-49(s0/fp)
PC=00000554 [00200793] X15=00000002 X00=00000000 X02=004FFF10 addi    a5,zero,2
PC=0000055C [FAE7FCE3] X25=00000000 X15=00000002 X14=00000003 bgeu    a5,a4,-72
PC=0000055C [FE0407A3] X15=00000002 X08=00500000 X00=00000000 sb      zero,-17(s0/fp)
PC=00000560 [FE040723] X14=00000003 X08=00500000 X00=00000000 sb      zero,-18(s0/fp)
PC=00000564 [FC0407A3] X15=00000002 X08=00500000 X00=00000000 sb      zero,-49(s0/fp)
PC=00000568 [0500006F] X00=00000000 X00=00000000 X16=00000000 jal     zero,80
PC=000005B8 [FCF44703] X14=00000000 X08=00500000 X15=00000002 lbu     a4,-49(s0/fp)
PC=000005BC [00200793] X15=00000002 X00=00000000 X02=004FFF10 addi    a5,zero,2
PC=0000056C [FAE7F6E3] X13=004FFFF0 X15=00000002 X14=00000000 bgeu    a5,a4,-84
PC=0000056C [FCF44783] X15=00000000 X08=00500000 X15=00000002 lbu     a5,-49(s0/fp)
PC=00000570 [FF040713] X14=004FFFF0 X08=00500000 X16=00000000 addi    a4,s0/fp,-16
PC=00000574 [00F707B3] X15=004FFFF0 X14=004FFFF0 X15=00000000 add     a5,a4,a5
PC=00000578 [FD478783] X15=00000001 X15=004FFFF0 X20=00000000 lb      a5,-44(a5)
PC=0000057C [0FF7F713] X14=00000001 X15=00000001 X31=00000000 andi    a4,a5,255
PC=00000580 [FCF44783] X15=00000000 X08=00500000 X15=00000001 lbu     a5,-49(s0/fp)
PC=00000584 [FF040693] X13=004FFFF0 X08=00500000 X16=00000000 addi    a3,s0/fp,-16
PC=00000588 [00F687B3] X15=004FFFF0 X13=004FFFF0 X15=00000000 add     a5,a3,a5
PC=0000058C [FD078783] X15=00000001 X15=004FFFF0 X16=00000000 lb      a5,-48(a5)
PC=00000590 [0FF7F793] X15=00000001 X15=00000001 X31=00000000 andi    a5,a5,255
PC=00000594 [02F707B3] X15=00000001 X14=00000001 X15=00000001 mul     a5,a4,a5
PC=00000598 [0FF7F713] X14=00000001 X15=00000001 X31=00000000 andi    a4,a5,255
PC=0000059C [FEE44783] X15=00000000 X08=00500000 X14=00000001 lbu     a5,-18(s0/fp)
PC=000005A0 [00F707B3] X15=00000001 X14=00000001 X15=00000000 add     a5,a4,a5
PC=000005A4 [0FF7F793] X15=00000001 X15=00000001 X31=00000000 andi    a5,a5,255
PC=000005A8 [FEF40723] X14=00000001 X08=00500000 X15=00000001 sb      a5,-18(s0/fp)
PC=000005AC [FCF44783] X15=00000000 X08=00500000 X15=00000001 lbu     a5,-49(s0/fp)
PC=000005B0 [00178793] X15=00000001 X15=00000000 X01=000001C0 addi    a5,a5,1
PC=000005B4 [FCF407A3] X15=00000001 X08=00500000 X15=00000001 sb      a5,-49(s0/fp)
PC=000005B8 [FCF44703] X14=00000001 X08=00500000 X15=00000001 lbu     a4,-49(s0/fp)
PC=000005BC [00200793] X15=00000002 X00=00000000 X02=004FFF10 addi    a5,zero,2
PC=0000056C [FAE7F6E3] X13=004FFFF0 X15=00000002 X14=00000001 bgeu    a5,a4,-84
PC=0000056C [FCF44783] X15=00000001 X08=00500000 X15=00000002 lbu     a5,-49(s0/fp)
PC=00000570 [FF040713] X14=004FFFF0 X08=00500000 X16=00000000 addi    a4,s0/fp,-16
PC=00000574 [00F707B3] X15=004FFFF1 X14=004FFFF0 X15=00000001 add     a5,a4,a5
PC=00000578 [FD478783] X15=00000002 X15=004FFFF1 X20=00000000 lb      a5,-44(a5)
PC=0000057C [0FF7F713] X14=00000002 X15=00000002 X31=00000000 andi    a4,a5,255
PC=00000580 [FCF44783] X15=00000001 X08=00500000 X15=00000002 lbu     a5,-49(s0/fp)
PC=00000584 [FF040693] X13=004FFFF0 X08=00500000 X16=00000000 addi    a3,s0/fp,-16
PC=00000588 [00F687B3] X15=004FFFF1 X13=004FFFF0 X15=00000001 add     a5,a3,a5
PC=0000058C [FD078783] X15=00000002 X15=004FFFF1 X16=00000000 lb      a5,-48(a5)
PC=00000590 [0FF7F793] X15=00000002 X15=00000002 X31=00000000 andi    a5,a5,255
PC=00000594 [02F707B3] X15=00000004 X14=00000002 X15=00000002 mul     a5,a4,a5
PC=00000598 [0FF7F713] X14=00000004 X15=00000004 X31=00000000 andi    a4,a5,255
PC=0000059C [FEE44783] X15=00000001 X08=00500000 X14=00000004 lbu     a5,-18(s0/fp)
PC=000005A0 [00F707B3] X15=00000005 X14=00000004 X15=00000001 add     a5,a4,a5
PC=000005A4 [0FF7F793] X15=00000005 X15=00000005 X31=00000000 andi    a5,a5,255
PC=000005A8 [FEF40723] X14=00000004 X08=00500000 X15=00000005 sb      a5,-18(s0/fp)
PC=000005AC [FCF44783] X15=00000001 X08=00500000 X15=00000005 lbu     a5,-49(s0/fp)
PC=000005B0 [00178793] X15=00000002 X15=00000001 X01=000001C0 addi    a5,a5,1
PC=000005B4 [FCF407A3] X15=00000002 X08=00500000 X15=00000002 sb      a5,-49(s0/fp)
PC=000005B8 [FCF44703] X14=00000002 X08=00500000 X15=00000002 lbu     a4,-49(s0/fp)
PC=000005BC [00200793] X15=00000002 X00=00000000 X02=004FFF10 addi    a5,zero,2
PC=0000056C [FAE7F6E3] X13=004FFFF0 X15=00000002 X14=00000002 bgeu    a5,a4,-84
PC=0000056C [FCF44783] X15=00000002 X08=00500000 X15=00000002 lbu     a5,-49(s0/fp)
PC=00000570 [FF040713] X14=004FFFF0 X08=00500000 X16=00000000 addi    a4,s0/fp,-16
PC=00000574 [00F707B3] X15=004FFFF2 X14=004FFFF0 X15=00000002 add     a5,a4,a5
PC=00000578 [FD478783] X15=00000003 X15=004FFFF2 X20=00000000 lb      a5,-44(a5)
PC=0000057C [0FF7F713] X14=00000003 X15=00000003 X31=00000000 andi    a4,a5,255
PC=00000580 [FCF44783] X15=00000002 X08=00500000 X15=00000003 lbu     a5,-49(s0/fp)
PC=00000584 [FF040693] X13=004FFFF0 X08=00500000 X16=00000000 addi    a3,s0/fp,-16
PC=00000588 [00F687B3] X15=004FFFF2 X13=004FFFF0 X15=00000002 add     a5,a3,a5
PC=0000058C [FD078783] X15=00000003 X15=004FFFF2 X16=00000000 lb      a5,-48(a5)
PC=00000590 [0FF7F793] X15=00000003 X15=00000003 X31=00000000 andi    a5,a5,255
PC=00000594 [02F707B3] X15=00000009 X14=00000003 X15=00000003 mul     a5,a4,a5
PC=00000598 [0FF7F713] X14=00000009 X15=00000009 X31=00000000 andi    a4,a5,255
PC=0000059C [FEE44783] X15=00000005 X08=00500000 X14=00000009 lbu     a5,-18(s0/fp)
PC=000005A0 [00F707B3] X15=0000000E X14=00000009 X15=00000005 add     a5,a4,a5
PC=000005A4 [0FF7F793] X15=0000000E X15=0000000E X31=00000000 andi    a5,a5,255
PC=000005A8 [FEF40723] X14=00000009 X08=00500000 X15=0000000E sb      a5,-18(s0/fp)
PC=000005AC [FCF44783] X15=00000002 X08=00500000 X15=0000000E lbu     a5,-49(s0/fp)
PC=000005B0 [00178793] X15=00000003 X15=00000002 X01=000001C0 addi    a5,a5,1
PC=000005B4 [FCF407A3] X15=00000003 X08=00500000 X15=00000003 sb      a5,-49(s0/fp)
PC=000005B8 [FCF44703] X14=00000003 X08=00500000 X15=00000003 lbu     a4,-49(s0/fp)
PC=000005BC [00200793] X15=00000002 X00=00000000 X02=004FFF10 addi    a5,zero,2
PC=000005C4 [FAE7F6E3] X13=004FFFF0 X15=00000002 X14=00000003 bgeu    a5,a4,-84
PC=000005C4 [FE040723] X14=00000003 X08=00500000 X00=00000000 sb      zero,-18(s0/fp)
PC=000005C8 [FE041623] X12=00000003 X08=00500000 X00=00000000 sh      zero,-20(s0/fp)
PC=000005CC [FC0407A3] X15=00000002 X08=00500000 X00=00000000 sb      zero,-49(s0/fp)
PC=000005D0 [0500006F] X00=00000000 X00=00000000 X16=00000000 jal     zero,80
PC=00000620 [FCF44703] X14=00000000 X08=00500000 X15=00000002 lbu     a4,-49(s0/fp)
PC=00000624 [00200793] X15=00000002 X00=00000000 X02=004FFF10 addi    a5,zero,2
PC=000005D4 [FAE7F6E3] X13=004FFFF0 X15=00000002 X14=00000000 bgeu    a5,a4,-84
PC=000005D4 [FCF44783] X15=00000000 X08=00500000 X15=00000002 lbu     a5,-49(s0/fp)
PC=000005D8 [00179793] X15=00000000 X15=00000000 X01=000001C0 slli    a5,a5,1
PC=000005DC [FF040713] X14=004FFFF0 X08=00500000 X16=00000000 addi    a4,s0/fp,-16
PC=000005E0 [00F707B3] X15=004FFFF0 X14=004FFFF0 X15=00000000 add     a5,a4,a5
PC=000005E4 [FC87D703] X14=00000001 X15=004FFFF0 X08=00500000 lhu     a4,-56(a5)
PC=000005E8 [FCF44783] X15=00000000 X08=00500000 X15=004FFFF0 lbu     a5,-49(s0/fp)
PC=000005EC [00179793] X15=00000000 X15=00000000 X01=000001C0 slli    a5,a5,1
PC=000005F0 [FF040693] X13=004FFFF0 X08=00500000 X16=00000000 addi    a3,s0/fp,-16
PC=000005F4 [00F687B3] X15=004FFFF0 X13=004FFFF0 X15=00000000 add     a5,a3,a5
PC=000005F8 [FC07D783] X15=00000001 X15=004FFFF0 X00=00000000 lhu     a5,-64(a5)
PC=000005FC [02F707B3] X15=00000001 X14=00000001 X15=00000001 mul     a5,a4,a5
PC=00000600 [01079713] X14=00010000 X15=00000001 X16=00000000 slli    a4,a5,16
PC=00000604 [01075713] X14=00000001 X14=00010000 X16=00000000 srli    a4,a4,16
PC=00000608 [FEC45783] X15=00000000 X08=00500000 X12=00000003 lhu     a5,-20(s0/fp)
PC=0000060C [00F707B3] X15=00000001 X14=00000001 X15=00000000 add     a5,a4,a5
PC=00000610 [FEF41623] X12=00000003 X08=00500000 X15=00000001 sh      a5,-20(s0/fp)
PC=00000614 [FCF44783] X15=00000000 X08=00500000 X15=00000001 lbu     a5,-49(s0/fp)
PC=00000618 [00178793] X15=00000001 X15=00000000 X01=000001C0 addi    a5,a5,1
PC=0000061C [FCF407A3] X15=00000001 X08=00500000 X15=00000001 sb      a5,-49(s0/fp)
PC=00000620 [FCF44703] X14=00000001 X08=00500000 X15=00000001 lbu     a4,-49(s0/fp)
PC=00000624 [00200793] X15=00000002 X00=00000000 X02=004FFF10 addi    a5,zero,2
PC=000005D4 [FAE7F6E3] X13=004FFFF0 X15=00000002 X14=00000001 bgeu    a5,a4,-84
PC=000005D4 [FCF44783] X15=00000001 X08=00500000 X15=00000002 lbu     a5,-49(s0/fp)
PC=000005D8 [00179793] X15=00000002 X15=00000001 X01=000001C0 slli    a5,a5,1
PC=000005DC [FF040713] X14=004FFFF0 X08=00500000 X16=00000000 addi    a4,s0/fp,-16
PC=000005E0 [00F707B3] X15=004FFFF2 X14=004FFFF0 X15=00000002 add     a5,a4,a5
PC=000005E4 [FC87D703] X14=00000002 X15=004FFFF2 X08=00500000 lhu     a4,-56(a5)
PC=000005E8 [FCF44783] X15=00000001 X08=00500000 X15=004FFFF2 lbu     a5,-49(s0/fp)
PC=000005EC [00179793] X15=00000002 X15=00000001 X01=000001C0 slli    a5,a5,1
PC=000005F0 [FF040693] X13=004FFFF0 X08=00500000 X16=00000000 addi    a3,s0/fp,-16
PC=000005F4 [00F687B3] X15=004FFFF2 X13=004FFFF0 X15=00000002 add     a5,a3,a5
PC=000005F8 [FC07D783] X15=00000002 X15=004FFFF2 X00=00000000 lhu     a5,-64(a5)
PC=000005FC [02F707B3] X15=00000004 X14=00000002 X15=00000002 mul     a5,a4,a5
PC=00000600 [01079713] X14=00040000 X15=00000004 X16=00000000 slli    a4,a5,16
PC=00000604 [01075713] X14=00000004 X14=00040000 X16=00000000 srli    a4,a4,16
PC=00000608 [FEC45783] X15=00000001 X08=00500000 X12=00000003 lhu     a5,-20(s0/fp)
PC=0000060C [00F707B3] X15=00000005 X14=00000004 X15=00000001 add     a5,a4,a5
PC=00000610 [FEF41623] X12=00000003 X08=00500000 X15=00000005 sh      a5,-20(s0/fp)
PC=00000614 [FCF44783] X15=00000001 X08=00500000 X15=00000005 lbu     a5,-49(s0/fp)
PC=00000618 [00178793] X15=00000002 X15=00000001 X01=000001C0 addi    a5,a5,1
PC=0000061C [FCF407A3] X15=00000002 X08=00500000 X15=00000002 sb      a5,-49(s0/fp)
PC=00000620 [FCF44703] X14=00000002 X08=00500000 X15=00000002 lbu     a4,-49(s0/fp)
PC=00000624 [00200793] X15=00000002 X00=00000000 X02=004FFF10 addi    a5,zero,2
PC=000005D4 [FAE7F6E3] X13=004FFFF0 X15=00000002 X14=00000002 bgeu    a5,a4,-84
PC=000005D4 [FCF44783] X15=00000002 X08=00500000 X15=00000002 lbu     a5,-49(s0/fp)
PC=000005D8 [00179793] X15=00000004 X15=00000002 X01=000001C0 slli    a5,a5,1
PC=000005DC [FF040713] X14=004FFFF0 X08=00500000 X16=00000000 addi    a4,s0/fp,-16
PC=000005E0 [00F707B3] X15=004FFFF4 X14=004FFFF0 X15=00000004 add     a5,a4,a5
PC=000005E4 [FC87D703] X14=00000003 X15=004FFFF4 X08=00500000 lhu     a4,-56(a5)
PC=000005E8 [FCF44783] X15=00000002 X08=00500000 X15=004FFFF4 lbu     a5,-49(s0/fp)
PC=000005EC [00179793] X15=00000004 X15=00000002 X01=000001C0 slli    a5,a5,1
PC=000005F0 [FF040693] X13=004FFFF0 X08=00500000 X16=00000000 addi    a3,s0/fp,-16
PC=000005F4 [00F687B3] X15=004FFFF4 X13=004FFFF0 X15=00000004 add     a5,a3,a5
PC=000005F8 [FC07D783] X15=00000003 X15=004FFFF4 X00=00000000 lhu     a5,-64(a5)
PC=000005FC [02F707B3] X15=00000009 X14=00000003 X15=00000003 mul     a5,a4,a5
PC=00000600 [01079713] X14=00090000 X15=00000009 X16=00000000 slli    a4,a5,16
PC=00000604 [01075713] X14=00000009 X14=00090000 X16=00000000 srli    a4,a4,16
PC=00000608 [FEC45783] X15=00000005 X08=00500000 X12=00000003 lhu     a5,-20(s0/fp)
PC=0000060C [00F707B3] X15=0000000E X14=00000009 X15=00000005 add     a5,a4,a5
PC=00000610 [FEF41623] X12=00000003 X08=00500000 X15=0000000E sh      a5,-20(s0/fp)
PC=00000614 [FCF44783] X15=00000002 X08=00500000 X15=0000000E lbu     a5,-49(s0/fp)
PC=00000618 [00178793] X15=00000003 X15=00000002 X01=000001C0 addi    a5,a5,1
PC=0000061C [FCF407A3] X15=00000003 X08=00500000 X15=00000003 sb      a5,-49(s0/fp)
PC=00000620 [FCF44703] X14=00000003 X08=00500000 X15=00000003 lbu     a4,-49(s0/fp)
PC=00000624 [00200793] X15=00000002 X00=00000000 X02=004FFF10 addi    a5,zero,2
PC=0000062C [FAE7F6E3] X13=004FFFF0 X15=00000002 X14=00000003 bgeu    a5,a4,-84
PC=0000062C [FE041623] X12=00000003 X08=00500000 X00=00000000 sh      zero,-20(s0/fp)
PC=00000630 [FE041523] X10=00000000 X08=00500000 X00=00000000 sh      zero,-22(s0/fp)
PC=00000634 [FC0407A3] X15=00000002 X08=00500000 X00=00000000 sb      zero,-49(s0/fp)
PC=00000638 [0680006F] X00=00000000 X00=00000000 X08=00500000 jal     zero,104
PC=000006A0 [FCF44703] X14=00000000 X08=00500000 X15=00000002 lbu     a4,-49(s0/fp)
PC=000006A4 [00200793] X15=00000002 X00=00000000 X02=004FFF10 addi    a5,zero,2
PC=0000063C [F8E7FAE3] X21=00000000 X15=00000002 X14=00000000 bgeu    a5,a4,-108
PC=0000063C [FCF44783] X15=00000000 X08=00500000 X15=00000002 lbu     a5,-49(s0/fp)
PC=00000640 [00179793] X15=00000000 X15=00000000 X01=000001C0 slli    a5,a5,1
PC=00000644 [FF040713] X14=004FFFF0 X08=00500000 X16=00000000 addi    a4,s0/fp,-16
PC=00000648 [00F707B3] X15=004FFFF0 X14=004FFFF0 X15=00000000 add     a5,a4,a5
PC=0000064C [FB879783] X15=00000001 X15=004FFFF0 X24=00000000 lh      a5,-72(a5)
PC=00000650 [01079713] X14=00010000 X15=00000001 X16=00000000 slli    a4,a5,16
PC=00000654 [01075713] X14=00000001 X14=00010000 X16=00000000 srli    a4,a4,16
PC=00000658 [FCF44783] X15=00000000 X08=00500000 X15=00000001 lbu     a5,-49(s0/fp)
PC=0000065C [00179793] X15=00000000 X15=00000000 X01=000001C0 slli    a5,a5,1
PC=00000660 [FF040693] X13=004FFFF0 X08=00500000 X16=00000000 addi    a3,s0/fp,-16
PC=00000664 [00F687B3] X15=004FFFF0 X13=004FFFF0 X15=00000000 add     a5,a3,a5
PC=00000668 [FB079783] X15=00000001 X15=004FFFF0 X16=00000000 lh      a5,-80(a5)
PC=0000066C [01079793] X15=00010000 X15=00000001 X16=00000000 slli    a5,a5,16
PC=00000670 [0107D793] X15=00000001 X15=00010000 X16=00000000 srli    a5,a5,16
PC=00000674 [02F707B3] X15=00000001 X14=00000001 X15=00000001 mul     a5,a4,a5
PC=00000678 [01079713] X14=00010000 X15=00000001 X16=00000000 slli    a4,a5,16
PC=0000067C [01075713] X14=00000001 X14=00010000 X16=00000000 srli    a4,a4,16
PC=00000680 [FEA45783] X15=00000000 X08=00500000 X10=00000000 lhu     a5,-22(s0/fp)
PC=00000684 [00F707B3] X15=00000001 X14=00000001 X15=00000000 add     a5,a4,a5
PC=00000688 [01079793] X15=00010000 X15=00000001 X16=00000000 slli    a5,a5,16
PC=0000068C [0107D793] X15=00000001 X15=00010000 X16=00000000 srli    a5,a5,16
PC=00000690 [FEF41523] X10=00000000 X08=00500000 X15=00000001 sh      a5,-22(s0/fp)
PC=00000694 [FCF44783] X15=00000000 X08=00500000 X15=00000001 lbu     a5,-49(s0/fp)
PC=00000698 [00178793] X15=00000001 X15=00000000 X01=000001C0 addi    a5,a5,1
PC=0000069C [FCF407A3] X15=00000001 X08=00500000 X15=00000001 sb      a5,-49(s0/fp)
PC=000006A0 [FCF44703] X14=00000001 X08=00500000 X15=00000001 lbu     a4,-49(s0/fp)
PC=000006A4 [00200793] X15=00000002 X00=00000000 X02=004FFF10 addi    a5,zero,2
PC=0000063C [F8E7FAE3] X21=00000000 X15=00000002 X14=00000001 bgeu    a5,a4,-108
PC=0000063C [FCF44783] X15=00000001 X08=00500000 X15=00000002 lbu     a5,-49(s0/fp)
PC=00000640 [00179793] X15=00000002 X15=00000001 X01=000001C0 slli    a5,a5,1
PC=00000644 [FF040713] X14=004FFFF0 X08=00500000 X16=00000000 addi    a4,s0/fp,-16
PC=00000648 [00F707B3] X15=004FFFF2 X14=004FFFF0 X15=00000002 add     a5,a4,a5
PC=0000064C [FB879783] X15=00000002 X15=004FFFF2 X24=00000000 lh      a5,-72(a5)
PC=00000650 [01079713] X14=00020000 X15=00000002 X16=00000000 slli    a4,a5,16
PC=00000654 [01075713] X14=00000002 X14=00020000 X16=00000000 srli    a4,a4,16
PC=00000658 [FCF44783] X15=00000001 X08=00500000 X15=00000002 lbu     a5,-49(s0/fp)
PC=0000065C [00179793] X15=00000002 X15=00000001 X01=000001C0 slli    a5,a5,1
PC=00000660 [FF040693] X13=004FFFF0 X08=00500000 X16=00000000 addi    a3,s0/fp,-16
PC=00000664 [00F687B3] X15=004FFFF2 X13=004FFFF0 X15=00000002 add     a5,a3,a5
PC=00000668 [FB079783] X15=00000002 X15=004FFFF2 X16=00000000 lh      a5,-80(a5)
PC=0000066C [01079793] X15=00020000 X15=00000002 X16=00000000 slli    a5,a5,16
PC=00000670 [0107D793] X15=00000002 X15=00020000 X16=00000000 srli    a5,a5,16
PC=00000674 [02F707B3] X15=00000004 X14=00000002 X15=00000002 mul     a5,a4,a5
PC=00000678 [01079713] X14=00040000 X15=00000004 X16=00000000 slli    a4,a5,16
PC=0000067C [01075713] X14=00000004 X14=00040000 X16=00000000 srli    a4,a4,16
PC=00000680 [FEA45783] X15=00000001 X08=00500000 X10=00000000 lhu     a5,-22(s0/fp)
PC=00000684 [00F707B3] X15=00000005 X14=00000004 X15=00000001 add     a5,a4,a5
PC=00000688 [01079793] X15=00050000 X15=00000005 X16=00000000 slli    a5,a5,16
PC=0000068C [0107D793] X15=00000005 X15=00050000 X16=00000000 srli    a5,a5,16
PC=00000690 [FEF41523] X10=00000000 X08=00500000 X15=00000005 sh      a5,-22(s0/fp)
PC=00000694 [FCF44783] X15=00000001 X08=00500000 X15=00000005 lbu     a5,-49(s0/fp)
PC=00000698 [00178793] X15=00000002 X15=00000001 X01=000001C0 addi    a5,a5,1
PC=0000069C [FCF407A3] X15=00000002 X08=00500000 X15=00000002 sb      a5,-49(s0/fp)
PC=000006A0 [FCF44703] X14=00000002 X08=00500000 X15=00000002 lbu     a4,-49(s0/fp)
PC=000006A4 [00200793] X15=00000002 X00=00000000 X02=004FFF10 addi    a5,zero,2
PC=0000063C [F8E7FAE3] X21=00000000 X15=00000002 X14=00000002 bgeu    a5,a4,-108
PC=0000063C [FCF44783] X15=00000002 X08=00500000 X15=00000002 lbu     a5,-49(s0/fp)
PC=00000640 [00179793] X15=00000004 X15=00000002 X01=000001C0 slli    a5,a5,1
PC=00000644 [FF040713] X14=004FFFF0 X08=00500000 X16=00000000 addi    a4,s0/fp,-16
PC=00000648 [00F707B3] X15=004FFFF4 X14=004FFFF0 X15=00000004 add     a5,a4,a5
PC=0000064C [FB879783] X15=00000003 X15=004FFFF4 X24=00000000 lh      a5,-72(a5)
PC=00000650 [01079713] X14=00030000 X15=00000003 X16=00000000 slli    a4,a5,16
PC=00000654 [01075713] X14=00000003 X14=00030000 X16=00000000 srli    a4,a4,16
PC=00000658 [FCF44783] X15=00000002 X08=00500000 X15=00000003 lbu     a5,-49(s0/fp)
PC=0000065C [00179793] X15=00000004 X15=00000002 X01=000001C0 slli    a5,a5,1
PC=00000660 [FF040693] X13=004FFFF0 X08=00500000 X16=00000000 addi    a3,s0/fp,-16
PC=00000664 [00F687B3] X15=004FFFF4 X13=004FFFF0 X15=00000004 add     a5,a3,a5
PC=00000668 [FB079783] X15=00000003 X15=004FFFF4 X16=00000000 lh      a5,-80(a5)
PC=0000066C [01079793] X15=00030000 X15=00000003 X16=00000000 slli    a5,a5,16
PC=00000670 [0107D793] X15=00000003 X15=00030000 X16=00000000 srli    a5,a5,16
PC=00000674 [02F707B3] X15=00000009 X14=00000003 X15=00000003 mul     a5,a4,a5
PC=00000678 [01079713] X14=00090000 X15=00000009 X16=00000000 slli    a4,a5,16
PC=0000067C [01075713] X14=00000009 X14=00090000 X16=00000000 srli    a4,a4,16
PC=00000680 [FEA45783] X15=00000005 X08=00500000 X10=00000000 lhu     a5,-22(s0/fp)
PC=00000684 [00F707B3] X15=0000000E X14=00000009 X15=00000005 add     a5,a4,a5
PC=00000688 [01079793] X15=000E0000 X15=0000000E X16=00000000 slli    a5,a5,16
PC=0000068C [0107D793] X15=0000000E X15=000E0000 X16=00000000 srli    a5,a5,16
PC=00000690 [FEF41523] X10=00000000 X08=00500000 X15=0000000E sh      a5,-22(s0/fp)
PC=00000694 [FCF44783] X15=00000002 X08=00500000 X15=0000000E lbu     a5,-49(s0/fp)
PC=00000698 [00178793] X15=00000003 X15=00000002 X01=000001C0 addi    a5,a5,1
PC=0000069C [FCF407A3] X15=00000003 X08=00500000 X15=00000003 sb      a5,-49(s0/fp)
PC=000006A0 [FCF44703] X14=00000003 X08=00500000 X15=00000003 lbu     a4,-49(s0/fp)
PC=000006A4 [00200793] X15=00000002 X00=00000000 X02=004FFF10 addi    a5,zero,2
PC=000006AC [F8E7FAE3] X21=00000000 X15=00000002 X14=00000003 bgeu    a5,a4,-108
PC=000006AC [FE041523] X10=00000000 X08=00500000 X00=00000000 sh      zero,-22(s0/fp)
PC=000006B0 [FE042223] X04=00000000 X08=00500000 X00=00000000 sw      zero,-28(s0/fp)
PC=000006B4 [FC0407A3] X15=00000002 X08=00500000 X00=00000000 sb      zero,-49(s0/fp)
PC=000006B8 [0480006F] X00=00000000 X00=00000000 X08=00500000 jal     zero,72
PC=00000700 [FCF44703] X14=00000000 X08=00500000 X15=00000002 lbu     a4,-49(s0/fp)
PC=00000704 [00200793] X15=00000002 X00=00000000 X02=004FFF10 addi    a5,zero,2
PC=000006BC [FAE7FAE3] X21=00000000 X15=00000002 X14=00000000 bgeu    a5,a4,-76
PC=000006BC [FCF44783] X15=00000000 X08=00500000 X15=00000002 lbu     a5,-49(s0/fp)
PC=000006C0 [00279793] X15=00000000 X15=00000000 X02=004FFF10 slli    a5,a5,2
PC=000006C4 [FF040713] X14=004FFFF0 X08=00500000 X16=00000000 addi    a4,s0/fp,-16
PC=000006C8 [00F707B3] X15=004FFFF0 X14=004FFFF0 X15=00000000 add     a5,a4,a5
PC=000006CC [FA47A703] X14=00000001 X15=004FFFF0 X04=00000000 lw      a4,-92(a5)
PC=000006D0 [FCF44783] X15=00000000 X08=00500000 X15=004FFFF0 lbu     a5,-49(s0/fp)
PC=000006D4 [00279793] X15=00000000 X15=00000000 X02=004FFF10 slli    a5,a5,2
PC=000006D8 [FF040693] X13=004FFFF0 X08=00500000 X16=00000000 addi    a3,s0/fp,-16
PC=000006DC [00F687B3] X15=004FFFF0 X13=004FFFF0 X15=00000000 add     a5,a3,a5
PC=000006E0 [F987A783] X15=00000001 X15=004FFFF0 X24=00000000 lw      a5,-104(a5)
PC=000006E4 [02F707B3] X15=00000001 X14=00000001 X15=00000001 mul     a5,a4,a5
PC=000006E8 [FE442703] X14=00000000 X08=00500000 X04=00000000 lw      a4,-28(s0/fp)
PC=000006EC [00F707B3] X15=00000001 X14=00000000 X15=00000001 add     a5,a4,a5
PC=000006F0 [FEF42223] X04=00000000 X08=00500000 X15=00000001 sw      a5,-28(s0/fp)
PC=000006F4 [FCF44783] X15=00000000 X08=00500000 X15=00000001 lbu     a5,-49(s0/fp)
PC=000006F8 [00178793] X15=00000001 X15=00000000 X01=000001C0 addi    a5,a5,1
PC=000006FC [FCF407A3] X15=00000001 X08=00500000 X15=00000001 sb      a5,-49(s0/fp)
PC=00000700 [FCF44703] X14=00000001 X08=00500000 X15=00000001 lbu     a4,-49(s0/fp)
PC=00000704 [00200793] X15=00000002 X00=00000000 X02=004FFF10 addi    a5,zero,2
PC=000006BC [FAE7FAE3] X21=00000000 X15=00000002 X14=00000001 bgeu    a5,a4,-76
PC=000006BC [FCF44783] X15=00000001 X08=00500000 X15=00000002 lbu     a5,-49(s0/fp)
PC=000006C0 [00279793] X15=00000004 X15=00000001 X02=004FFF10 slli    a5,a5,2
PC=000006C4 [FF040713] X14=004FFFF0 X08=00500000 X16=00000000 addi    a4,s0/fp,-16
PC=000006C8 [00F707B3] X15=004FFFF4 X14=004FFFF0 X15=00000004 add     a5,a4,a5
PC=000006CC [FA47A703] X14=00000002 X15=004FFFF4 X04=00000000 lw      a4,-92(a5)
PC=000006D0 [FCF44783] X15=00000001 X08=00500000 X15=004FFFF4 lbu     a5,-49(s0/fp)
PC=000006D4 [00279793] X15=00000004 X15=00000001 X02=004FFF10 slli    a5,a5,2
PC=000006D8 [FF040693] X13=004FFFF0 X08=00500000 X16=00000000 addi    a3,s0/fp,-16
PC=000006DC [00F687B3] X15=004FFFF4 X13=004FFFF0 X15=00000004 add     a5,a3,a5
PC=000006E0 [F987A783] X15=00000002 X15=004FFFF4 X24=00000000 lw      a5,-104(a5)
PC=000006E4 [02F707B3] X15=00000004 X14=00000002 X15=00000002 mul     a5,a4,a5
PC=000006E8 [FE442703] X14=00000001 X08=00500000 X04=00000000 lw      a4,-28(s0/fp)
PC=000006EC [00F707B3] X15=00000005 X14=00000001 X15=00000004 add     a5,a4,a5
PC=000006F0 [FEF42223] X04=00000000 X08=00500000 X15=00000005 sw      a5,-28(s0/fp)
PC=000006F4 [FCF44783] X15=00000001 X08=00500000 X15=00000005 lbu     a5,-49(s0/fp)
PC=000006F8 [00178793] X15=00000002 X15=00000001 X01=000001C0 addi    a5,a5,1
PC=000006FC [FCF407A3] X15=00000002 X08=00500000 X15=00000002 sb      a5,-49(s0/fp)
PC=00000700 [FCF44703] X14=00000002 X08=00500000 X15=00000002 lbu     a4,-49(s0/fp)
PC=00000704 [00200793] X15=00000002 X00=00000000 X02=004FFF10 addi    a5,zero,2
PC=000006BC [FAE7FAE3] X21=00000000 X15=00000002 X14=00000002 bgeu    a5,a4,-76
PC=000006BC [FCF44783] X15=00000002 X08=00500000 X15=00000002 lbu     a5,-49(s0/fp)
PC=000006C0 [00279793] X15=00000008 X15=00000002 X02=004FFF10 slli    a5,a5,2
PC=000006C4 [FF040713] X14=004FFFF0 X08=00500000 X16=00000000 addi    a4,s0/fp,-16
PC=000006C8 [00F707B3] X15=004FFFF8 X14=004FFFF0 X15=00000008 add     a5,a4,a5
PC=000006CC [FA47A703] X14=00000003 X15=004FFFF8 X04=00000000 lw      a4,-92(a5)
PC=000006D0 [FCF44783] X15=00000002 X08=00500000 X15=004FFFF8 lbu     a5,-49(s0/fp)
PC=000006D4 [00279793] X15=00000008 X15=00000002 X02=004FFF10 slli    a5,a5,2
PC=000006D8 [FF040693] X13=004FFFF0 X08=00500000 X16=00000000 addi    a3,s0/fp,-16
PC=000006DC [00F687B3] X15=004FFFF8 X13=004FFFF0 X15=00000008 add     a5,a3,a5
PC=000006E0 [F987A783] X15=00000003 X15=004FFFF8 X24=00000000 lw      a5,-104(a5)
PC=000006E4 [02F707B3] X15=00000009 X14=00000003 X15=00000003 mul     a5,a4,a5
PC=000006E8 [FE442703] X14=00000005 X08=00500000 X04=00000000 lw      a4,-28(s0/fp)
PC=000006EC [00F707B3] X15=0000000E X14=00000005 X15=00000009 add     a5,a4,a5
PC=000006F0 [FEF42223] X04=00000000 X08=00500000 X15=0000000E sw      a5,-28(s0/fp)
PC=000006F4 [FCF44783] X15=00000002 X08=00500000 X15=0000000E lbu     a5,-49(s0/fp)
PC=000006F8 [00178793] X15=00000003 X15=00000002 X01=000001C0 addi    a5,a5,1
PC=000006FC [FCF407A3] X15=00000003 X08=00500000 X15=00000003 sb      a5,-49(s0/fp)
PC=00000700 [FCF44703] X14=00000003 X08=00500000 X15=00000003 lbu     a4,-49(s0/fp)
PC=00000704 [00200793] X15=00000002 X00=00000000 X02=004FFF10 addi    a5,zero,2
PC=0000070C [FAE7FAE3] X21=00000000 X15=00000002 X14=00000003 bgeu    a5,a4,-76
PC=0000070C [FE042223] X04=00000000 X08=00500000 X00=00000000 sw      zero,-28(s0/fp)
PC=00000710 [FE042023] X00=00000000 X08=00500000 X00=00000000 sw      zero,-32(s0/fp)
PC=00000714 [FC0407A3] X15=00000002 X08=00500000 X00=00000000 sb      zero,-49(s0/fp)
PC=00000718 [0480006F] X00=00000000 X00=00000000 X08=00500000 jal     zero,72
PC=00000760 [FCF44703] X14=00000000 X08=00500000 X15=00000002 lbu     a4,-49(s0/fp)
PC=00000764 [00200793] X15=00000002 X00=00000000 X02=004FFF10 addi    a5,zero,2
PC=0000071C [FAE7FAE3] X21=00000000 X15=00000002 X14=00000000 bgeu    a5,a4,-76
PC=0000071C [FCF44783] X15=00000000 X08=00500000 X15=00000002 lbu     a5,-49(s0/fp)
PC=00000720 [00279793] X15=00000000 X15=00000000 X02=004FFF10 slli    a5,a5,2
PC=00000724 [FF040713] X14=004FFFF0 X08=00500000 X16=00000000 addi    a4,s0/fp,-16
PC=00000728 [00F707B3] X15=004FFFF0 X14=004FFFF0 X15=00000000 add     a5,a4,a5
PC=0000072C [F8C7A703] X14=00000001 X15=004FFFF0 X12=00000003 lw      a4,-116(a5)
PC=00000730 [FCF44783] X15=00000000 X08=00500000 X15=004FFFF0 lbu     a5,-49(s0/fp)
PC=00000734 [00279793] X15=00000000 X15=00000000 X02=004FFF10 slli    a5,a5,2
PC=00000738 [FF040693] X13=004FFFF0 X08=00500000 X16=00000000 addi    a3,s0/fp,-16
PC=0000073C [00F687B3] X15=004FFFF0 X13=004FFFF0 X15=00000000 add     a5,a3,a5
PC=00000740 [F807A783] X15=00000001 X15=004FFFF0 X00=00000000 lw      a5,-128(a5)
PC=00000744 [02F707B3] X15=00000001 X14=00000001 X15=00000001 mul     a5,a4,a5
PC=00000748 [FE042703] X14=00000000 X08=00500000 X00=00000000 lw      a4,-32(s0/fp)
PC=0000074C [00F707B3] X15=00000001 X14=00000000 X15=00000001 add     a5,a4,a5
PC=00000750 [FEF42023] X00=00000000 X08=00500000 X15=00000001 sw      a5,-32(s0/fp)
PC=00000754 [FCF44783] X15=00000000 X08=00500000 X15=00000001 lbu     a5,-49(s0/fp)
PC=00000758 [00178793] X15=00000001 X15=00000000 X01=000001C0 addi    a5,a5,1
PC=0000075C [FCF407A3] X15=00000001 X08=00500000 X15=00000001 sb      a5,-49(s0/fp)
PC=00000760 [FCF44703] X14=00000001 X08=00500000 X15=00000001 lbu     a4,-49(s0/fp)
PC=00000764 [00200793] X15=00000002 X00=00000000 X02=004FFF10 addi    a5,zero,2
PC=0000071C [FAE7FAE3] X21=00000000 X15=00000002 X14=00000001 bgeu    a5,a4,-76
PC=0000071C [FCF44783] X15=00000001 X08=00500000 X15=00000002 lbu     a5,-49(s0/fp)
PC=00000720 [00279793] X15=00000004 X15=00000001 X02=004FFF10 slli    a5,a5,2
PC=00000724 [FF040713] X14=004FFFF0 X08=00500000 X16=00000000 addi    a4,s0/fp,-16
PC=00000728 [00F707B3] X15=004FFFF4 X14=004FFFF0 X15=00000004 add     a5,a4,a5
PC=0000072C [F8C7A703] X14=00000002 X15=004FFFF4 X12=00000003 lw      a4,-116(a5)
PC=00000730 [FCF44783] X15=00000001 X08=00500000 X15=004FFFF4 lbu     a5,-49(s0/fp)
PC=00000734 [00279793] X15=00000004 X15=00000001 X02=004FFF10 slli    a5,a5,2
PC=00000738 [FF040693] X13=004FFFF0 X08=00500000 X16=00000000 addi    a3,s0/fp,-16
PC=0000073C [00F687B3] X15=004FFFF4 X13=004FFFF0 X15=00000004 add     a5,a3,a5
PC=00000740 [F807A783] X15=00000002 X15=004FFFF4 X00=00000000 lw      a5,-128(a5)
PC=00000744 [02F707B3] X15=00000004 X14=00000002 X15=00000002 mul     a5,a4,a5
PC=00000748 [FE042703] X14=00000001 X08=00500000 X00=00000000 lw      a4,-32(s0/fp)
PC=0000074C [00F707B3] X15=00000005 X14=00000001 X15=00000004 add     a5,a4,a5
PC=00000750 [FEF42023] X00=00000000 X08=00500000 X15=00000005 sw      a5,-32(s0/fp)
PC=00000754 [FCF44783] X15=00000001 X08=00500000 X15=00000005 lbu     a5,-49(s0/fp)
PC=00000758 [00178793] X15=00000002 X15=00000001 X01=000001C0 addi    a5,a5,1
PC=0000075C [FCF407A3] X15=00000002 X08=00500000 X15=00000002 sb      a5,-49(s0/fp)
PC=00000760 [FCF44703] X14=00000002 X08=00500000 X15=00000002 lbu     a4,-49(s0/fp)
PC=00000764 [00200793] X15=00000002 X00=00000000 X02=004FFF10 addi    a5,zero,2
PC=0000071C [FAE7FAE3] X21=00000000 X15=00000002 X14=00000002 bgeu    a5,a4,-76
PC=0000071C [FCF44783] X15=00000002 X08=00500000 X15=00000002 lbu     a5,-49(s0/fp)
PC=00000720 [00279793] X15=00000008 X15=00000002 X02=004FFF10 slli    a5,a5,2
PC=00000724 [FF040713] X14=004FFFF0 X08=00500000 X16=00000000 addi    a4,s0/fp,-16
PC=00000728 [00F707B3] X15=004FFFF8 X14=004FFFF0 X15=00000008 add     a5,a4,a5
PC=0000072C [F8C7A703] X14=00000003 X15=004FFFF8 X12=00000003 lw      a4,-116(a5)
PC=00000730 [FCF44783] X15=00000002 X08=00500000 X15=004FFFF8 lbu     a5,-49(s0/fp)
PC=00000734 [00279793] X15=00000008 X15=00000002 X02=004FFF10 slli    a5,a5,2
PC=00000738 [FF040693] X13=004FFFF0 X08=00500000 X16=00000000 addi    a3,s0/fp,-16
PC=0000073C [00F687B3] X15=004FFFF8 X13=004FFFF0 X15=00000008 add     a5,a3,a5
PC=00000740 [F807A783] X15=00000003 X15=004FFFF8 X00=00000000 lw      a5,-128(a5)
PC=00000744 [02F707B3] X15=00000009 X14=00000003 X15=00000003 mul     a5,a4,a5
PC=00000748 [FE042703] X14=00000005 X08=00500000 X00=00000000 lw      a4,-32(s0/fp)
PC=0000074C [00F707B3] X15=0000000E X14=00000005 X15=00000009 add     a5,a4,a5
PC=00000750 [FEF42023] X00=00000000 X08=00500000 X15=0000000E sw      a5,-32(s0/fp)
PC=00000754 [FCF44783] X15=00000002 X08=00500000 X15=0000000E lbu     a5,-49(s0/fp)
PC=00000758 [00178793] X15=00000003 X15=00000002 X01=000001C0 addi    a5,a5,1
PC=0000075C [FCF407A3] X15=00000003 X08=00500000 X15=00000003 sb      a5,-49(s0/fp)
PC=00000760 [FCF44703] X14=00000003 X08=00500000 X15=00000003 lbu     a4,-49(s0/fp)
PC=00000764 [00200793] X15=00000002 X00=00000000 X02=004FFF10 addi    a5,zero,2
PC=0000076C [FAE7FAE3] X21=00000000 X15=00000002 X14=00000003 bgeu    a5,a4,-76
PC=0000076C [FE042023] X00=00000000 X08=00500000 X00=00000000 sw      zero,-32(s0/fp)
PC=00000770 [00000713] X14=00000000 X00=00000000 X00=00000000 addi    a4,zero,0
PC=00000774 [00000793] X15=00000000 X00=00000000 X00=00000000 addi    a5,zero,0
PC=00000778 [FCE42C23] X24=00000000 X08=00500000 X14=00000000 sw      a4,-40(s0/fp)
PC=0000077C [FCF42E23] X28=004FFFF0 X08=00500000 X15=00000000 sw      a5,-36(s0/fp)
PC=00000780 [FC0407A3] X15=00000000 X08=00500000 X00=00000000 sb      zero,-49(s0/fp)
PC=00000784 [0880006F] X00=00000000 X00=00000000 X08=00500000 jal     zero,136
PC=0000080C [FCF44703] X14=00000000 X08=00500000 X15=00000000 lbu     a4,-49(s0/fp)
PC=00000810 [00200793] X15=00000002 X00=00000000 X02=004FFF10 addi    a5,zero,2
PC=00000788 [F6E7FAE3] X21=00000000 X15=00000002 X14=00000000 bgeu    a5,a4,-140
PC=00000788 [FCF44783] X15=00000000 X08=00500000 X15=00000002 lbu     a5,-49(s0/fp)
PC=0000078C [00379793] X15=00000000 X15=00000000 X03=00000000 slli    a5,a5,3
PC=00000790 [FF040713] X14=004FFFF0 X08=00500000 X16=00000000 addi    a4,s0/fp,-16
PC=00000794 [00F707B3] X15=004FFFF0 X14=004FFFF0 X15=00000000 add     a5,a4,a5
PC=00000798 [F687A603] X12=00000001 X15=004FFFF0 X08=00500000 lw      a2,-152(a5)
PC=0000079C [F6C7A683] X13=00000000 X15=004FFFF0 X12=00000001 lw      a3,-148(a5)
PC=000007A0 [FCF44783] X15=00000000 X08=00500000 X15=004FFFF0 lbu     a5,-49(s0/fp)
PC=000007A4 [00379793] X15=00000000 X15=00000000 X03=00000000 slli    a5,a5,3
PC=000007A8 [FF040713] X14=004FFFF0 X08=00500000 X16=00000000 addi    a4,s0/fp,-16
PC=000007AC [00F707B3] X15=004FFFF0 X14=004FFFF0 X15=00000000 add     a5,a4,a5
PC=000007B0 [F507A703] X14=00000001 X15=004FFFF0 X16=00000000 lw      a4,-176(a5)
PC=000007B4 [F547A783] X15=00000000 X15=004FFFF0 X20=00000000 lw      a5,-172(a5)
PC=000007B8 [02E68E33] X28=00000000 X13=00000000 X14=00000001 mul     t3,a3,a4
PC=000007BC [02C78333] X06=00000000 X15=00000000 X12=00000001 mul     t1,a5,a2
PC=000007C0 [006E0333] X06=00000000 X28=00000000 X06=00000000 add     t1,t3,t1
PC=000007C4 [02E60E33] X28=00000001 X12=00000001 X14=00000001 mul     t3,a2,a4
PC=000007C8 [02E638B3] X17=00000001 X12=00000001 X14=00000001 mulhu   a7,a2,a4
PC=000007CC [000E0813] X16=00000001 X28=00000001 X00=00000000 addi    a6,t3,0
PC=000007D0 [011307B3] X15=00000001 X06=00000000 X17=00000001 add     a5,t1,a7
PC=000007D4 [00078893] X17=00000001 X15=00000001 X00=00000000 addi    a7,a5,0
PC=000007D8 [FD842603] X12=00000000 X08=00500000 X24=00000000 lw      a2,-40(s0/fp)
PC=000007DC [FDC42683] X13=00000000 X08=00500000 X28=00000001 lw      a3,-36(s0/fp)
PC=000007E0 [01060733] X14=00000001 X12=00000000 X16=00000001 add     a4,a2,a6
PC=000007E4 [00070313] X06=00000001 X14=00000001 X00=00000000 addi    t1,a4,0
PC=000007E8 [00C33333] X06=00000000 X06=00000001 X12=00000000 sltu    t1,t1,a2
PC=000007EC [011687B3] X15=00000001 X13=00000000 X17=00000001 add     a5,a3,a7
PC=000007F0 [00F306B3] X13=00000001 X06=00000000 X15=00000001 add     a3,t1,a5
PC=000007F4 [00068793] X15=00000001 X13=00000001 X00=00000000 addi    a5,a3,0
PC=000007F8 [FCE42C23] X24=00000000 X08=00500000 X14=00000001 sw      a4,-40(s0/fp)
PC=000007FC [FCF42E23] X28=00000001 X08=00500000 X15=00000001 sw      a5,-36(s0/fp)
PC=00000800 [FCF44783] X15=00000000 X08=00500000 X15=00000001 lbu     a5,-49(s0/fp)
PC=00000804 [00178793] X15=00000001 X15=00000000 X01=000001C0 addi    a5,a5,1
PC=00000808 [FCF407A3] X15=00000001 X08=00500000 X15=00000001 sb      a5,-49(s0/fp)
PC=0000080C [FCF44703] X14=00000001 X08=00500000 X15=00000001 lbu     a4,-49(s0/fp)
PC=00000810 [00200793] X15=00000002 X00=00000000 X02=004FFF10 addi    a5,zero,2
PC=00000788 [F6E7FAE3] X21=00000000 X15=00000002 X14=00000001 bgeu    a5,a4,-140
PC=00000788 [FCF44783] X15=00000001 X08=00500000 X15=00000002 lbu     a5,-49(s0/fp)
PC=0000078C [00379793] X15=00000008 X15=00000001 X03=00000000 slli    a5,a5,3
PC=00000790 [FF040713] X14=004FFFF0 X08=00500000 X16=00000001 addi    a4,s0/fp,-16
PC=00000794 [00F707B3] X15=004FFFF8 X14=004FFFF0 X15=00000008 add     a5,a4,a5
PC=00000798 [F687A603] X12=00000002 X15=004FFFF8 X08=00500000 lw      a2,-152(a5)
PC=0000079C [F6C7A683] X13=00000000 X15=004FFFF8 X12=00000002 lw      a3,-148(a5)
PC=000007A0 [FCF44783] X15=00000001 X08=00500000 X15=004FFFF8 lbu     a5,-49(s0/fp)
PC=000007A4 [00379793] X15=00000008 X15=00000001 X03=00000000 slli    a5,a5,3
PC=000007A8 [FF040713] X14=004FFFF0 X08=00500000 X16=00000001 addi    a4,s0/fp,-16
PC=000007AC [00F707B3] X15=004FFFF8 X14=004FFFF0 X15=00000008 add     a5,a4,a5
PC=000007B0 [F507A703] X14=00000002 X15=004FFFF8 X16=00000001 lw      a4,-176(a5)
PC=000007B4 [F547A783] X15=00000000 X15=004FFFF8 X20=00000000 lw      a5,-172(a5)
PC=000007B8 [02E68E33] X28=00000000 X13=00000000 X14=00000002 mul     t3,a3,a4
PC=000007BC [02C78333] X06=00000000 X15=00000000 X12=00000002 mul     t1,a5,a2
PC=000007C0 [006E0333] X06=00000000 X28=00000000 X06=00000000 add     t1,t3,t1
PC=000007C4 [02E60E33] X28=00000004 X12=00000002 X14=00000002 mul     t3,a2,a4
PC=000007C8 [02E638B3] X17=00000004 X12=00000002 X14=00000002 mulhu   a7,a2,a4
PC=000007CC [000E0813] X16=00000004 X28=00000004 X00=00000000 addi    a6,t3,0
PC=000007D0 [011307B3] X15=00000004 X06=00000000 X17=00000004 add     a5,t1,a7
PC=000007D4 [00078893] X17=00000004 X15=00000004 X00=00000000 addi    a7,a5,0
PC=000007D8 [FD842603] X12=00000001 X08=00500000 X24=00000000 lw      a2,-40(s0/fp)
PC=000007DC [FDC42683] X13=00000001 X08=00500000 X28=00000004 lw      a3,-36(s0/fp)
PC=000007E0 [01060733] X14=00000005 X12=00000001 X16=00000004 add     a4,a2,a6
PC=000007E4 [00070313] X06=00000005 X14=00000005 X00=00000000 addi    t1,a4,0
PC=000007E8 [00C33333] X06=00000000 X06=00000005 X12=00000001 sltu    t1,t1,a2
PC=000007EC [011687B3] X15=00000005 X13=00000001 X17=00000004 add     a5,a3,a7
PC=000007F0 [00F306B3] X13=00000005 X06=00000000 X15=00000005 add     a3,t1,a5
PC=000007F4 [00068793] X15=00000005 X13=00000005 X00=00000000 addi    a5,a3,0
PC=000007F8 [FCE42C23] X24=00000000 X08=00500000 X14=00000005 sw      a4,-40(s0/fp)
PC=000007FC [FCF42E23] X28=00000004 X08=00500000 X15=00000005 sw      a5,-36(s0/fp)
PC=00000800 [FCF44783] X15=00000001 X08=00500000 X15=00000005 lbu     a5,-49(s0/fp)
PC=00000804 [00178793] X15=00000002 X15=00000001 X01=000001C0 addi    a5,a5,1
PC=00000808 [FCF407A3] X15=00000002 X08=00500000 X15=00000002 sb      a5,-49(s0/fp)
PC=0000080C [FCF44703] X14=00000002 X08=00500000 X15=00000002 lbu     a4,-49(s0/fp)
PC=00000810 [00200793] X15=00000002 X00=00000000 X02=004FFF10 addi    a5,zero,2
PC=00000788 [F6E7FAE3] X21=00000000 X15=00000002 X14=00000002 bgeu    a5,a4,-140
PC=00000788 [FCF44783] X15=00000002 X08=00500000 X15=00000002 lbu     a5,-49(s0/fp)
PC=0000078C [00379793] X15=00000010 X15=00000002 X03=00000000 slli    a5,a5,3
PC=00000790 [FF040713] X14=004FFFF0 X08=00500000 X16=00000004 addi    a4,s0/fp,-16
PC=00000794 [00F707B3] X15=00500000 X14=004FFFF0 X15=00000010 add     a5,a4,a5
PC=00000798 [F687A603] X12=00000003 X15=00500000 X08=00500000 lw      a2,-152(a5)
PC=0000079C [F6C7A683] X13=00000000 X15=00500000 X12=00000003 lw      a3,-148(a5)
PC=000007A0 [FCF44783] X15=00000002 X08=00500000 X15=00500000 lbu     a5,-49(s0/fp)
PC=000007A4 [00379793] X15=00000010 X15=00000002 X03=00000000 slli    a5,a5,3
PC=000007A8 [FF040713] X14=004FFFF0 X08=00500000 X16=00000004 addi    a4,s0/fp,-16
PC=000007AC [00F707B3] X15=00500000 X14=004FFFF0 X15=00000010 add     a5,a4,a5
PC=000007B0 [F507A703] X14=00000003 X15=00500000 X16=00000004 lw      a4,-176(a5)
PC=000007B4 [F547A783] X15=00000000 X15=00500000 X20=00000000 lw      a5,-172(a5)
PC=000007B8 [02E68E33] X28=00000000 X13=00000000 X14=00000003 mul     t3,a3,a4
PC=000007BC [02C78333] X06=00000000 X15=00000000 X12=00000003 mul     t1,a5,a2
PC=000007C0 [006E0333] X06=00000000 X28=00000000 X06=00000000 add     t1,t3,t1
PC=000007C4 [02E60E33] X28=00000009 X12=00000003 X14=00000003 mul     t3,a2,a4
PC=000007C8 [02E638B3] X17=00000009 X12=00000003 X14=00000003 mulhu   a7,a2,a4
PC=000007CC [000E0813] X16=00000009 X28=00000009 X00=00000000 addi    a6,t3,0
PC=000007D0 [011307B3] X15=00000009 X06=00000000 X17=00000009 add     a5,t1,a7
PC=000007D4 [00078893] X17=00000009 X15=00000009 X00=00000000 addi    a7,a5,0
PC=000007D8 [FD842603] X12=00000005 X08=00500000 X24=00000000 lw      a2,-40(s0/fp)
PC=000007DC [FDC42683] X13=00000005 X08=00500000 X28=00000009 lw      a3,-36(s0/fp)
PC=000007E0 [01060733] X14=0000000E X12=00000005 X16=00000009 add     a4,a2,a6
PC=000007E4 [00070313] X06=0000000E X14=0000000E X00=00000000 addi    t1,a4,0
PC=000007E8 [00C33333] X06=00000000 X06=0000000E X12=00000005 sltu    t1,t1,a2
PC=000007EC [011687B3] X15=0000000E X13=00000005 X17=00000009 add     a5,a3,a7
PC=000007F0 [00F306B3] X13=0000000E X06=00000000 X15=0000000E add     a3,t1,a5
PC=000007F4 [00068793] X15=0000000E X13=0000000E X00=00000000 addi    a5,a3,0
PC=000007F8 [FCE42C23] X24=00000000 X08=00500000 X14=0000000E sw      a4,-40(s0/fp)
PC=000007FC [FCF42E23] X28=00000009 X08=00500000 X15=0000000E sw      a5,-36(s0/fp)
PC=00000800 [FCF44783] X15=00000002 X08=00500000 X15=0000000E lbu     a5,-49(s0/fp)
PC=00000804 [00178793] X15=00000003 X15=00000002 X01=000001C0 addi    a5,a5,1
PC=00000808 [FCF407A3] X15=00000003 X08=00500000 X15=00000003 sb      a5,-49(s0/fp)
PC=0000080C [FCF44703] X14=00000003 X08=00500000 X15=00000003 lbu     a4,-49(s0/fp)
PC=00000810 [00200793] X15=00000002 X00=00000000 X02=004FFF10 addi    a5,zero,2
PC=00000818 [F6E7FAE3] X21=00000000 X15=00000002 X14=00000003 bgeu    a5,a4,-140
PC=00000818 [00000793] X15=00000000 X00=00000000 X00=00000000 addi    a5,zero,0
PC=0000081C [00000813] X16=00000000 X00=00000000 X00=00000000 addi    a6,zero,0
PC=00000820 [FCF42C23] X24=00000000 X08=00500000 X15=00000000 sw      a5,-40(s0/fp)
PC=00000824 [FD042E23] X28=00000009 X08=00500000 X16=00000000 sw      a6,-36(s0/fp)
PC=00000828 [FCF42823] X16=00000000 X08=00500000 X15=00000000 sw      a5,-48(s0/fp)
PC=0000082C [FD042A23] X20=00000000 X08=00500000 X16=00000000 sw      a6,-44(s0/fp)
PC=00000830 [FC0407A3] X15=00000000 X08=00500000 X00=00000000 sb      zero,-49(s0/fp)
PC=00000834 [0880006F] X00=00000000 X00=00000000 X08=00500000 jal     zero,136
PC=000008BC [FCF44703] X14=00000000 X08=00500000 X15=00000000 lbu     a4,-49(s0/fp)
PC=000008C0 [00200793] X15=00000002 X00=00000000 X02=004FFF10 addi    a5,zero,2
PC=00000838 [F6E7FAE3] X21=00000000 X15=00000002 X14=00000000 bgeu    a5,a4,-140
PC=00000838 [FCF44783] X15=00000000 X08=00500000 X15=00000002 lbu     a5,-49(s0/fp)
PC=0000083C [00379793] X15=00000000 X15=00000000 X03=00000000 slli    a5,a5,3
PC=00000840 [FF040713] X14=004FFFF0 X08=00500000 X16=00000000 addi    a4,s0/fp,-16
PC=00000844 [00F707B3] X15=004FFFF0 X14=004FFFF0 X15=00000000 add     a5,a4,a5
PC=00000848 [F387A603] X12=00000001 X15=004FFFF0 X24=00000000 lw      a2,-200(a5)
PC=0000084C [F3C7A683] X13=00000000 X15=004FFFF0 X28=00000009 lw      a3,-196(a5)
PC=00000850 [FCF44783] X15=00000000 X08=00500000 X15=004FFFF0 lbu     a5,-49(s0/fp)
PC=00000854 [00379793] X15=00000000 X15=00000000 X03=00000000 slli    a5,a5,3
PC=00000858 [FF040713] X14=004FFFF0 X08=00500000 X16=00000000 addi    a4,s0/fp,-16
PC=0000085C [00F707B3] X15=004FFFF0 X14=004FFFF0 X15=00000000 add     a5,a4,a5
PC=00000860 [F207A703] X14=00000001 X15=004FFFF0 X00=00000000 lw      a4,-224(a5)
PC=00000864 [F247A783] X15=00000000 X15=004FFFF0 X04=00000000 lw      a5,-220(a5)
PC=00000868 [02E688B3] X17=00000000 X13=00000000 X14=00000001 mul     a7,a3,a4
PC=0000086C [02C78833] X16=00000000 X15=00000000 X12=00000001 mul     a6,a5,a2
PC=00000870 [01088833] X16=00000000 X17=00000000 X16=00000000 add     a6,a7,a6
PC=00000874 [02E608B3] X17=00000001 X12=00000001 X14=00000001 mul     a7,a2,a4
PC=00000878 [02E635B3] X11=00000001 X12=00000001 X14=00000001 mulhu   a1,a2,a4
PC=0000087C [00088513] X10=00000001 X17=00000001 X00=00000000 addi    a0,a7,0
PC=00000880 [00B807B3] X15=00000001 X16=00000000 X11=00000001 add     a5,a6,a1
PC=00000884 [00078593] X11=00000001 X15=00000001 X00=00000000 addi    a1,a5,0
PC=00000888 [FD042603] X12=00000000 X08=00500000 X16=00000000 lw      a2,-48(s0/fp)
PC=0000088C [FD442683] X13=00000000 X08=00500000 X20=00000000 lw      a3,-44(s0/fp)
PC=00000890 [00A60733] X14=00000001 X12=00000000 X10=00000001 add     a4,a2,a0
PC=00000894 [00070813] X16=00000001 X14=00000001 X00=00000000 addi    a6,a4,0
PC=00000898 [00C83833] X16=00000000 X16=00000001 X12=00000000 sltu    a6,a6,a2
PC=0000089C [00B687B3] X15=00000001 X13=00000000 X11=00000001 add     a5,a3,a1
PC=000008A0 [00F806B3] X13=00000001 X16=00000000 X15=00000001 add     a3,a6,a5
PC=000008A4 [00068793] X15=00000001 X13=00000001 X00=00000000 addi    a5,a3,0
PC=000008A8 [FCE42823] X16=00000000 X08=00500000 X14=00000001 sw      a4,-48(s0/fp)
PC=000008AC [FCF42A23] X20=00000000 X08=00500000 X15=00000001 sw      a5,-44(s0/fp)
PC=000008B0 [FCF44783] X15=00000000 X08=00500000 X15=00000001 lbu     a5,-49(s0/fp)
PC=000008B4 [00178793] X15=00000001 X15=00000000 X01=000001C0 addi    a5,a5,1
PC=000008B8 [FCF407A3] X15=00000001 X08=00500000 X15=00000001 sb      a5,-49(s0/fp)
PC=000008BC [FCF44703] X14=00000001 X08=00500000 X15=00000001 lbu     a4,-49(s0/fp)
PC=000008C0 [00200793] X15=00000002 X00=00000000 X02=004FFF10 addi    a5,zero,2
PC=00000838 [F6E7FAE3] X21=00000000 X15=00000002 X14=00000001 bgeu    a5,a4,-140
PC=00000838 [FCF44783] X15=00000001 X08=00500000 X15=00000002 lbu     a5,-49(s0/fp)
PC=0000083C [00379793] X15=00000008 X15=00000001 X03=00000000 slli    a5,a5,3
PC=00000840 [FF040713] X14=004FFFF0 X08=00500000 X16=00000000 addi    a4,s0/fp,-16
PC=00000844 [00F707B3] X15=004FFFF8 X14=004FFFF0 X15=00000008 add     a5,a4,a5
PC=00000848 [F387A603] X12=00000002 X15=004FFFF8 X24=00000000 lw      a2,-200(a5)
PC=0000084C [F3C7A683] X13=00000000 X15=004FFFF8 X28=00000009 lw      a3,-196(a5)
PC=00000850 [FCF44783] X15=00000001 X08=00500000 X15=004FFFF8 lbu     a5,-49(s0/fp)
PC=00000854 [00379793] X15=00000008 X15=00000001 X03=00000000 slli    a5,a5,3
PC=00000858 [FF040713] X14=004FFFF0 X08=00500000 X16=00000000 addi    a4,s0/fp,-16
PC=0000085C [00F707B3] X15=004FFFF8 X14=004FFFF0 X15=00000008 add     a5,a4,a5
PC=00000860 [F207A703] X14=00000002 X15=004FFFF8 X00=00000000 lw      a4,-224(a5)
PC=00000864 [F247A783] X15=00000000 X15=004FFFF8 X04=00000000 lw      a5,-220(a5)
PC=00000868 [02E688B3] X17=00000000 X13=00000000 X14=00000002 mul     a7,a3,a4
PC=0000086C [02C78833] X16=00000000 X15=00000000 X12=00000002 mul     a6,a5,a2
PC=00000870 [01088833] X16=00000000 X17=00000000 X16=00000000 add     a6,a7,a6
PC=00000874 [02E608B3] X17=00000004 X12=00000002 X14=00000002 mul     a7,a2,a4
PC=00000878 [02E635B3] X11=00000004 X12=00000002 X14=00000002 mulhu   a1,a2,a4
PC=0000087C [00088513] X10=00000004 X17=00000004 X00=00000000 addi    a0,a7,0
PC=00000880 [00B807B3] X15=00000004 X16=00000000 X11=00000004 add     a5,a6,a1
PC=00000884 [00078593] X11=00000004 X15=00000004 X00=00000000 addi    a1,a5,0
PC=00000888 [FD042603] X12=00000001 X08=00500000 X16=00000000 lw      a2,-48(s0/fp)
PC=0000088C [FD442683] X13=00000001 X08=00500000 X20=00000000 lw      a3,-44(s0/fp)
PC=00000890 [00A60733] X14=00000005 X12=00000001 X10=00000004 add     a4,a2,a0
PC=00000894 [00070813] X16=00000005 X14=00000005 X00=00000000 addi    a6,a4,0
PC=00000898 [00C83833] X16=00000000 X16=00000005 X12=00000001 sltu    a6,a6,a2
PC=0000089C [00B687B3] X15=00000005 X13=00000001 X11=00000004 add     a5,a3,a1
PC=000008A0 [00F806B3] X13=00000005 X16=00000000 X15=00000005 add     a3,a6,a5
PC=000008A4 [00068793] X15=00000005 X13=00000005 X00=00000000 addi    a5,a3,0
PC=000008A8 [FCE42823] X16=00000000 X08=00500000 X14=00000005 sw      a4,-48(s0/fp)
PC=000008AC [FCF42A23] X20=00000000 X08=00500000 X15=00000005 sw      a5,-44(s0/fp)
PC=000008B0 [FCF44783] X15=00000001 X08=00500000 X15=00000005 lbu     a5,-49(s0/fp)
PC=000008B4 [00178793] X15=00000002 X15=00000001 X01=000001C0 addi    a5,a5,1
PC=000008B8 [FCF407A3] X15=00000002 X08=00500000 X15=00000002 sb      a5,-49(s0/fp)
PC=000008BC [FCF44703] X14=00000002 X08=00500000 X15=00000002 lbu     a4,-49(s0/fp)
PC=000008C0 [00200793] X15=00000002 X00=00000000 X02=004FFF10 addi    a5,zero,2
PC=00000838 [F6E7FAE3] X21=00000000 X15=00000002 X14=00000002 bgeu    a5,a4,-140
PC=00000838 [FCF44783] X15=00000002 X08=00500000 X15=00000002 lbu     a5,-49(s0/fp)
PC=0000083C [00379793] X15=00000010 X15=00000002 X03=00000000 slli    a5,a5,3
PC=00000840 [FF040713] X14=004FFFF0 X08=00500000 X16=00000000 addi    a4,s0/fp,-16
PC=00000844 [00F707B3] X15=00500000 X14=004FFFF0 X15=00000010 add     a5,a4,a5
PC=00000848 [F387A603] X12=00000003 X15=00500000 X24=00000000 lw      a2,-200(a5)
PC=0000084C [F3C7A683] X13=00000000 X15=00500000 X28=00000009 lw      a3,-196(a5)
PC=00000850 [FCF44783] X15=00000002 X08=00500000 X15=00500000 lbu     a5,-49(s0/fp)
PC=00000854 [00379793] X15=00000010 X15=00000002 X03=00000000 slli    a5,a5,3
PC=00000858 [FF040713] X14=004FFFF0 X08=00500000 X16=00000000 addi    a4,s0/fp,-16
PC=0000085C [00F707B3] X15=00500000 X14=004FFFF0 X15=00000010 add     a5,a4,a5
PC=00000860 [F207A703] X14=00000003 X15=00500000 X00=00000000 lw      a4,-224(a5)
PC=00000864 [F247A783] X15=00000000 X15=00500000 X04=00000000 lw      a5,-220(a5)
PC=00000868 [02E688B3] X17=00000000 X13=00000000 X14=00000003 mul     a7,a3,a4
PC=0000086C [02C78833] X16=00000000 X15=00000000 X12=00000003 mul     a6,a5,a2
PC=00000870 [01088833] X16=00000000 X17=00000000 X16=00000000 add     a6,a7,a6
PC=00000874 [02E608B3] X17=00000009 X12=00000003 X14=00000003 mul     a7,a2,a4
PC=00000878 [02E635B3] X11=00000009 X12=00000003 X14=00000003 mulhu   a1,a2,a4
PC=0000087C [00088513] X10=00000009 X17=00000009 X00=00000000 addi    a0,a7,0
PC=00000880 [00B807B3] X15=00000009 X16=00000000 X11=00000009 add     a5,a6,a1
PC=00000884 [00078593] X11=00000009 X15=00000009 X00=00000000 addi    a1,a5,0
PC=00000888 [FD042603] X12=00000005 X08=00500000 X16=00000000 lw      a2,-48(s0/fp)
PC=0000088C [FD442683] X13=00000005 X08=00500000 X20=00000000 lw      a3,-44(s0/fp)
PC=00000890 [00A60733] X14=0000000E X12=00000005 X10=00000009 add     a4,a2,a0
PC=00000894 [00070813] X16=0000000E X14=0000000E X00=00000000 addi    a6,a4,0
PC=00000898 [00C83833] X16=00000000 X16=0000000E X12=00000005 sltu    a6,a6,a2
PC=0000089C [00B687B3] X15=0000000E X13=00000005 X11=00000009 add     a5,a3,a1
PC=000008A0 [00F806B3] X13=0000000E X16=00000000 X15=0000000E add     a3,a6,a5
PC=000008A4 [00068793] X15=0000000E X13=0000000E X00=00000000 addi    a5,a3,0
PC=000008A8 [FCE42823] X16=00000000 X08=00500000 X14=0000000E sw      a4,-48(s0/fp)
PC=000008AC [FCF42A23] X20=00000000 X08=00500000 X15=0000000E sw      a5,-44(s0/fp)
PC=000008B0 [FCF44783] X15=00000002 X08=00500000 X15=0000000E lbu     a5,-49(s0/fp)
PC=000008B4 [00178793] X15=00000003 X15=00000002 X01=000001C0 addi    a5,a5,1
PC=000008B8 [FCF407A3] X15=00000003 X08=00500000 X15=00000003 sb      a5,-49(s0/fp)
PC=000008BC [FCF44703] X14=00000003 X08=00500000 X15=00000003 lbu     a4,-49(s0/fp)
PC=000008C0 [00200793] X15=00000002 X00=00000000 X02=004FFF10 addi    a5,zero,2
PC=000008C8 [F6E7FAE3] X21=00000000 X15=00000002 X14=00000003 bgeu    a5,a4,-140
PC=000008C8 [00000793] X15=00000000 X00=00000000 X00=00000000 addi    a5,zero,0
PC=000008CC [00000813] X16=00000000 X00=00000000 X00=00000000 addi    a6,zero,0
PC=000008D0 [FCF42823] X16=00000000 X08=00500000 X15=00000000 sw      a5,-48(s0/fp)
PC=000008D4 [FD042A23] X20=00000000 X08=00500000 X16=00000000 sw      a6,-44(s0/fp)
PC=000008D8 [00000793] X15=00000000 X00=00000000 X00=00000000 addi    a5,zero,0
PC=000008DC [00078513] X10=00000000 X15=00000000 X00=00000000 addi    a0,a5,0
PC=000008E0 [0EC12403] X08=00000000 X02=004FFF10 X12=00000005 lw      s0/fp,236(sp)
PC=000008E4 [0F010113] X02=00500000 X02=004FFF10 X16=00000000 addi    sp,sp,240
PC=000008E8 [00008067] X00=00000000 X01=000001C0 X00=00000000 jalr    zero,ra,0
PC=000001C0 [200002B7] X05=20000000 X00=00000000 X00=00000000 lui     t0,536870912
PC=000001C4 [00100073] X00=00000000 X00=00000000 X01=000001C0 ebreak  